
>>> TOOL NAME:  kex

>>> BENCHMARK:  TA4J-53

>>> RUN NUMBER: 1

>>> MODE: --only-compute-metrics
Creating directory ./temp
Creating directory ./temp/data
Creating directory ./temp/testcases
Executing /home/kex/./runtool
>> BENCHMARK
>> /var/benchmarks/projects/ta4j/ta4j-core/src/main/java
>> /var/benchmarks/projects/ta4j/ta4j-core/target/classes
>> 12
>> /var/benchmarks/projects/ta4j/ta4j-core/target/ta4j-core-0.15.jar
>> /var/benchmarks/projects/ta4j/ta4j-core/target/dependency/hamcrest-core-1.3.jar
>> /var/benchmarks/projects/ta4j/ta4j-core/target/dependency/commons-io-2.11.0.jar
>> /var/benchmarks/projects/ta4j/ta4j-core/target/dependency/logback-classic-1.2.3.jar
>> /var/benchmarks/projects/ta4j/ta4j-core/target/dependency/commons-math3-3.6.1.jar
>> /var/benchmarks/projects/ta4j/ta4j-core/target/dependency/SparseBitSet-1.2.jar
>> /var/benchmarks/projects/ta4j/ta4j-core/target/dependency/junit-4.13.1.jar
>> /var/benchmarks/projects/ta4j/ta4j-core/target/dependency/logback-core-1.2.3.jar
>> /var/benchmarks/projects/ta4j/ta4j-core/target/dependency/poi-5.2.2.jar
>> /var/benchmarks/projects/ta4j/ta4j-core/target/dependency/commons-codec-1.15.jar
>> /var/benchmarks/projects/ta4j/ta4j-core/target/dependency/commons-collections4-4.4.jar
>> /var/benchmarks/projects/ta4j/ta4j-core/target/dependency/slf4j-api-1.7.25.jar
>> 0
expecting CLASSPATH or READY
<< READY
>> 120


### COMPUTING METRICS ###: org.ta4j.core.criteria.SqnCriterion


Starting class org.ta4j.core.criteria.SqnCriterion


Ending class org.ta4j.core.criteria.SqnCriterion
Creating directory results_kex_120/TA4J-53_1/temp/testcases/bin
Creating dummy JUnit test file

---Compilation---

===
javac command line:
/usr/bin/javac -sourcepath /home/kex/results_kex_120/TA4J-53_1/temp/testcases -cp /var/benchmarks/projects/ta4j/ta4j-core/target/ta4j-core-0.15.jar:/var/benchmarks/projects/ta4j/ta4j-core/target/dependency/hamcrest-core-1.3.jar:/var/benchmarks/projects/ta4j/ta4j-core/target/dependency/commons-io-2.11.0.jar:/var/benchmarks/projects/ta4j/ta4j-core/target/dependency/logback-classic-1.2.3.jar:/var/benchmarks/projects/ta4j/ta4j-core/target/dependency/commons-math3-3.6.1.jar:/var/benchmarks/projects/ta4j/ta4j-core/target/dependency/SparseBitSet-1.2.jar:/var/benchmarks/projects/ta4j/ta4j-core/target/dependency/junit-4.13.1.jar:/var/benchmarks/projects/ta4j/ta4j-core/target/dependency/logback-core-1.2.3.jar:/var/benchmarks/projects/ta4j/ta4j-core/target/dependency/poi-5.2.2.jar:/var/benchmarks/projects/ta4j/ta4j-core/target/dependency/commons-codec-1.15.jar:/var/benchmarks/projects/ta4j/ta4j-core/target/dependency/commons-collections4-4.4.jar:/var/benchmarks/projects/ta4j/ta4j-core/target/dependency/slf4j-api-1.7.25.jar:/usr/local/bin/lib/junit.jar:/usr/local/bin/lib/hamcrest-core.jar -d results_kex_120/TA4J-53_1/temp/testcases/bin /home/kex/results_kex_120/TA4J-53_1/temp/testcases/SBSTDummyForCoverageAndMutationCalculation.java


===
javac command line:
/usr/bin/javac -sourcepath /home/kex/results_kex_120/TA4J-53_1/temp/testcases -cp /var/benchmarks/projects/ta4j/ta4j-core/target/ta4j-core-0.15.jar:/var/benchmarks/projects/ta4j/ta4j-core/target/dependency/hamcrest-core-1.3.jar:/var/benchmarks/projects/ta4j/ta4j-core/target/dependency/commons-io-2.11.0.jar:/var/benchmarks/projects/ta4j/ta4j-core/target/dependency/logback-classic-1.2.3.jar:/var/benchmarks/projects/ta4j/ta4j-core/target/dependency/commons-math3-3.6.1.jar:/var/benchmarks/projects/ta4j/ta4j-core/target/dependency/SparseBitSet-1.2.jar:/var/benchmarks/projects/ta4j/ta4j-core/target/dependency/junit-4.13.1.jar:/var/benchmarks/projects/ta4j/ta4j-core/target/dependency/logback-core-1.2.3.jar:/var/benchmarks/projects/ta4j/ta4j-core/target/dependency/poi-5.2.2.jar:/var/benchmarks/projects/ta4j/ta4j-core/target/dependency/commons-codec-1.15.jar:/var/benchmarks/projects/ta4j/ta4j-core/target/dependency/commons-collections4-4.4.jar:/var/benchmarks/projects/ta4j/ta4j-core/target/dependency/slf4j-api-1.7.25.jar:/usr/local/bin/lib/junit.jar:/usr/local/bin/lib/hamcrest-core.jar -d results_kex_120/TA4J-53_1/temp/testcases/bin /home/kex/results_kex_120/TA4J-53_1/temp/testcases/org/ta4j/core/criteria/EqualityUtils.java

Compiled 'org/ta4j/core/criteria/EqualityUtils.java'

===
javac command line:
/usr/bin/javac -sourcepath /home/kex/results_kex_120/TA4J-53_1/temp/testcases -cp /var/benchmarks/projects/ta4j/ta4j-core/target/ta4j-core-0.15.jar:/var/benchmarks/projects/ta4j/ta4j-core/target/dependency/hamcrest-core-1.3.jar:/var/benchmarks/projects/ta4j/ta4j-core/target/dependency/commons-io-2.11.0.jar:/var/benchmarks/projects/ta4j/ta4j-core/target/dependency/logback-classic-1.2.3.jar:/var/benchmarks/projects/ta4j/ta4j-core/target/dependency/commons-math3-3.6.1.jar:/var/benchmarks/projects/ta4j/ta4j-core/target/dependency/SparseBitSet-1.2.jar:/var/benchmarks/projects/ta4j/ta4j-core/target/dependency/junit-4.13.1.jar:/var/benchmarks/projects/ta4j/ta4j-core/target/dependency/logback-core-1.2.3.jar:/var/benchmarks/projects/ta4j/ta4j-core/target/dependency/poi-5.2.2.jar:/var/benchmarks/projects/ta4j/ta4j-core/target/dependency/commons-codec-1.15.jar:/var/benchmarks/projects/ta4j/ta4j-core/target/dependency/commons-collections4-4.4.jar:/var/benchmarks/projects/ta4j/ta4j-core/target/dependency/slf4j-api-1.7.25.jar:/usr/local/bin/lib/junit.jar:/usr/local/bin/lib/hamcrest-core.jar -d results_kex_120/TA4J-53_1/temp/testcases/bin /home/kex/results_kex_120/TA4J-53_1/temp/testcases/org/ta4j/core/criteria/ReflectionUtils.java

/home/kex/results_kex_120/TA4J-53_1/temp/testcases/org/ta4j/core/criteria/ReflectionUtils.java:9: warning: Unsafe is internal proprietary API and may be removed in a future release
import sun.misc.Unsafe;
               ^
/home/kex/results_kex_120/TA4J-53_1/temp/testcases/org/ta4j/core/criteria/ReflectionUtils.java:13: warning: Unsafe is internal proprietary API and may be removed in a future release
    public static final Unsafe UNSAFE;
                        ^
/home/kex/results_kex_120/TA4J-53_1/temp/testcases/org/ta4j/core/criteria/ReflectionUtils.java:17: warning: Unsafe is internal proprietary API and may be removed in a future release
            final Field uns = Unsafe.class.getDeclaredField("theUnsafe");
                              ^
/home/kex/results_kex_120/TA4J-53_1/temp/testcases/org/ta4j/core/criteria/ReflectionUtils.java:19: warning: Unsafe is internal proprietary API and may be removed in a future release
            UNSAFE = (Unsafe) uns.get(null);
                      ^
4 warnings
Compiled 'org/ta4j/core/criteria/ReflectionUtils.java'

===
javac command line:
/usr/bin/javac -sourcepath /home/kex/results_kex_120/TA4J-53_1/temp/testcases -cp /var/benchmarks/projects/ta4j/ta4j-core/target/ta4j-core-0.15.jar:/var/benchmarks/projects/ta4j/ta4j-core/target/dependency/hamcrest-core-1.3.jar:/var/benchmarks/projects/ta4j/ta4j-core/target/dependency/commons-io-2.11.0.jar:/var/benchmarks/projects/ta4j/ta4j-core/target/dependency/logback-classic-1.2.3.jar:/var/benchmarks/projects/ta4j/ta4j-core/target/dependency/commons-math3-3.6.1.jar:/var/benchmarks/projects/ta4j/ta4j-core/target/dependency/SparseBitSet-1.2.jar:/var/benchmarks/projects/ta4j/ta4j-core/target/dependency/junit-4.13.1.jar:/var/benchmarks/projects/ta4j/ta4j-core/target/dependency/logback-core-1.2.3.jar:/var/benchmarks/projects/ta4j/ta4j-core/target/dependency/poi-5.2.2.jar:/var/benchmarks/projects/ta4j/ta4j-core/target/dependency/commons-codec-1.15.jar:/var/benchmarks/projects/ta4j/ta4j-core/target/dependency/commons-collections4-4.4.jar:/var/benchmarks/projects/ta4j/ta4j-core/target/dependency/slf4j-api-1.7.25.jar:/usr/local/bin/lib/junit.jar:/usr/local/bin/lib/hamcrest-core.jar -d results_kex_120/TA4J-53_1/temp/testcases/bin /home/kex/results_kex_120/TA4J-53_1/temp/testcases/org/ta4j/core/criteria/SqnCriterion_betterThan_13907503980.java

/home/kex/results_kex_120/TA4J-53_1/temp/testcases/org/ta4j/core/criteria/ReflectionUtils.java:9: warning: Unsafe is internal proprietary API and may be removed in a future release
import sun.misc.Unsafe;
               ^
/home/kex/results_kex_120/TA4J-53_1/temp/testcases/org/ta4j/core/criteria/ReflectionUtils.java:13: warning: Unsafe is internal proprietary API and may be removed in a future release
    public static final Unsafe UNSAFE;
                        ^
/home/kex/results_kex_120/TA4J-53_1/temp/testcases/org/ta4j/core/criteria/ReflectionUtils.java:17: warning: Unsafe is internal proprietary API and may be removed in a future release
            final Field uns = Unsafe.class.getDeclaredField("theUnsafe");
                              ^
/home/kex/results_kex_120/TA4J-53_1/temp/testcases/org/ta4j/core/criteria/ReflectionUtils.java:19: warning: Unsafe is internal proprietary API and may be removed in a future release
            UNSAFE = (Unsafe) uns.get(null);
                      ^
4 warnings
Compiled 'org/ta4j/core/criteria/SqnCriterion_betterThan_13907503980.java'

===
javac command line:
/usr/bin/javac -sourcepath /home/kex/results_kex_120/TA4J-53_1/temp/testcases -cp /var/benchmarks/projects/ta4j/ta4j-core/target/ta4j-core-0.15.jar:/var/benchmarks/projects/ta4j/ta4j-core/target/dependency/hamcrest-core-1.3.jar:/var/benchmarks/projects/ta4j/ta4j-core/target/dependency/commons-io-2.11.0.jar:/var/benchmarks/projects/ta4j/ta4j-core/target/dependency/logback-classic-1.2.3.jar:/var/benchmarks/projects/ta4j/ta4j-core/target/dependency/commons-math3-3.6.1.jar:/var/benchmarks/projects/ta4j/ta4j-core/target/dependency/SparseBitSet-1.2.jar:/var/benchmarks/projects/ta4j/ta4j-core/target/dependency/junit-4.13.1.jar:/var/benchmarks/projects/ta4j/ta4j-core/target/dependency/logback-core-1.2.3.jar:/var/benchmarks/projects/ta4j/ta4j-core/target/dependency/poi-5.2.2.jar:/var/benchmarks/projects/ta4j/ta4j-core/target/dependency/commons-codec-1.15.jar:/var/benchmarks/projects/ta4j/ta4j-core/target/dependency/commons-collections4-4.4.jar:/var/benchmarks/projects/ta4j/ta4j-core/target/dependency/slf4j-api-1.7.25.jar:/usr/local/bin/lib/junit.jar:/usr/local/bin/lib/hamcrest-core.jar -d results_kex_120/TA4J-53_1/temp/testcases/bin /home/kex/results_kex_120/TA4J-53_1/temp/testcases/org/ta4j/core/criteria/SqnCriterion_betterThan_13907503981.java

/home/kex/results_kex_120/TA4J-53_1/temp/testcases/org/ta4j/core/criteria/ReflectionUtils.java:9: warning: Unsafe is internal proprietary API and may be removed in a future release
import sun.misc.Unsafe;
               ^
/home/kex/results_kex_120/TA4J-53_1/temp/testcases/org/ta4j/core/criteria/ReflectionUtils.java:13: warning: Unsafe is internal proprietary API and may be removed in a future release
    public static final Unsafe UNSAFE;
                        ^
/home/kex/results_kex_120/TA4J-53_1/temp/testcases/org/ta4j/core/criteria/ReflectionUtils.java:17: warning: Unsafe is internal proprietary API and may be removed in a future release
            final Field uns = Unsafe.class.getDeclaredField("theUnsafe");
                              ^
/home/kex/results_kex_120/TA4J-53_1/temp/testcases/org/ta4j/core/criteria/ReflectionUtils.java:19: warning: Unsafe is internal proprietary API and may be removed in a future release
            UNSAFE = (Unsafe) uns.get(null);
                      ^
4 warnings
Compiled 'org/ta4j/core/criteria/SqnCriterion_betterThan_13907503981.java'

===
javac command line:
/usr/bin/javac -sourcepath /home/kex/results_kex_120/TA4J-53_1/temp/testcases -cp /var/benchmarks/projects/ta4j/ta4j-core/target/ta4j-core-0.15.jar:/var/benchmarks/projects/ta4j/ta4j-core/target/dependency/hamcrest-core-1.3.jar:/var/benchmarks/projects/ta4j/ta4j-core/target/dependency/commons-io-2.11.0.jar:/var/benchmarks/projects/ta4j/ta4j-core/target/dependency/logback-classic-1.2.3.jar:/var/benchmarks/projects/ta4j/ta4j-core/target/dependency/commons-math3-3.6.1.jar:/var/benchmarks/projects/ta4j/ta4j-core/target/dependency/SparseBitSet-1.2.jar:/var/benchmarks/projects/ta4j/ta4j-core/target/dependency/junit-4.13.1.jar:/var/benchmarks/projects/ta4j/ta4j-core/target/dependency/logback-core-1.2.3.jar:/var/benchmarks/projects/ta4j/ta4j-core/target/dependency/poi-5.2.2.jar:/var/benchmarks/projects/ta4j/ta4j-core/target/dependency/commons-codec-1.15.jar:/var/benchmarks/projects/ta4j/ta4j-core/target/dependency/commons-collections4-4.4.jar:/var/benchmarks/projects/ta4j/ta4j-core/target/dependency/slf4j-api-1.7.25.jar:/usr/local/bin/lib/junit.jar:/usr/local/bin/lib/hamcrest-core.jar -d results_kex_120/TA4J-53_1/temp/testcases/bin /home/kex/results_kex_120/TA4J-53_1/temp/testcases/org/ta4j/core/criteria/SqnCriterion_calculate_10589977990.java

/home/kex/results_kex_120/TA4J-53_1/temp/testcases/org/ta4j/core/criteria/ReflectionUtils.java:9: warning: Unsafe is internal proprietary API and may be removed in a future release
import sun.misc.Unsafe;
               ^
/home/kex/results_kex_120/TA4J-53_1/temp/testcases/org/ta4j/core/criteria/ReflectionUtils.java:13: warning: Unsafe is internal proprietary API and may be removed in a future release
    public static final Unsafe UNSAFE;
                        ^
/home/kex/results_kex_120/TA4J-53_1/temp/testcases/org/ta4j/core/criteria/ReflectionUtils.java:17: warning: Unsafe is internal proprietary API and may be removed in a future release
            final Field uns = Unsafe.class.getDeclaredField("theUnsafe");
                              ^
/home/kex/results_kex_120/TA4J-53_1/temp/testcases/org/ta4j/core/criteria/ReflectionUtils.java:19: warning: Unsafe is internal proprietary API and may be removed in a future release
            UNSAFE = (Unsafe) uns.get(null);
                      ^
4 warnings
Compiled 'org/ta4j/core/criteria/SqnCriterion_calculate_10589977990.java'

===
javac command line:
/usr/bin/javac -sourcepath /home/kex/results_kex_120/TA4J-53_1/temp/testcases -cp /var/benchmarks/projects/ta4j/ta4j-core/target/ta4j-core-0.15.jar:/var/benchmarks/projects/ta4j/ta4j-core/target/dependency/hamcrest-core-1.3.jar:/var/benchmarks/projects/ta4j/ta4j-core/target/dependency/commons-io-2.11.0.jar:/var/benchmarks/projects/ta4j/ta4j-core/target/dependency/logback-classic-1.2.3.jar:/var/benchmarks/projects/ta4j/ta4j-core/target/dependency/commons-math3-3.6.1.jar:/var/benchmarks/projects/ta4j/ta4j-core/target/dependency/SparseBitSet-1.2.jar:/var/benchmarks/projects/ta4j/ta4j-core/target/dependency/junit-4.13.1.jar:/var/benchmarks/projects/ta4j/ta4j-core/target/dependency/logback-core-1.2.3.jar:/var/benchmarks/projects/ta4j/ta4j-core/target/dependency/poi-5.2.2.jar:/var/benchmarks/projects/ta4j/ta4j-core/target/dependency/commons-codec-1.15.jar:/var/benchmarks/projects/ta4j/ta4j-core/target/dependency/commons-collections4-4.4.jar:/var/benchmarks/projects/ta4j/ta4j-core/target/dependency/slf4j-api-1.7.25.jar:/usr/local/bin/lib/junit.jar:/usr/local/bin/lib/hamcrest-core.jar -d results_kex_120/TA4J-53_1/temp/testcases/bin /home/kex/results_kex_120/TA4J-53_1/temp/testcases/org/ta4j/core/criteria/SqnCriterion_calculate_10589977991.java

/home/kex/results_kex_120/TA4J-53_1/temp/testcases/org/ta4j/core/criteria/ReflectionUtils.java:9: warning: Unsafe is internal proprietary API and may be removed in a future release
import sun.misc.Unsafe;
               ^
/home/kex/results_kex_120/TA4J-53_1/temp/testcases/org/ta4j/core/criteria/ReflectionUtils.java:13: warning: Unsafe is internal proprietary API and may be removed in a future release
    public static final Unsafe UNSAFE;
                        ^
/home/kex/results_kex_120/TA4J-53_1/temp/testcases/org/ta4j/core/criteria/ReflectionUtils.java:17: warning: Unsafe is internal proprietary API and may be removed in a future release
            final Field uns = Unsafe.class.getDeclaredField("theUnsafe");
                              ^
/home/kex/results_kex_120/TA4J-53_1/temp/testcases/org/ta4j/core/criteria/ReflectionUtils.java:19: warning: Unsafe is internal proprietary API and may be removed in a future release
            UNSAFE = (Unsafe) uns.get(null);
                      ^
4 warnings
Compiled 'org/ta4j/core/criteria/SqnCriterion_calculate_10589977991.java'

===
javac command line:
/usr/bin/javac -sourcepath /home/kex/results_kex_120/TA4J-53_1/temp/testcases -cp /var/benchmarks/projects/ta4j/ta4j-core/target/ta4j-core-0.15.jar:/var/benchmarks/projects/ta4j/ta4j-core/target/dependency/hamcrest-core-1.3.jar:/var/benchmarks/projects/ta4j/ta4j-core/target/dependency/commons-io-2.11.0.jar:/var/benchmarks/projects/ta4j/ta4j-core/target/dependency/logback-classic-1.2.3.jar:/var/benchmarks/projects/ta4j/ta4j-core/target/dependency/commons-math3-3.6.1.jar:/var/benchmarks/projects/ta4j/ta4j-core/target/dependency/SparseBitSet-1.2.jar:/var/benchmarks/projects/ta4j/ta4j-core/target/dependency/junit-4.13.1.jar:/var/benchmarks/projects/ta4j/ta4j-core/target/dependency/logback-core-1.2.3.jar:/var/benchmarks/projects/ta4j/ta4j-core/target/dependency/poi-5.2.2.jar:/var/benchmarks/projects/ta4j/ta4j-core/target/dependency/commons-codec-1.15.jar:/var/benchmarks/projects/ta4j/ta4j-core/target/dependency/commons-collections4-4.4.jar:/var/benchmarks/projects/ta4j/ta4j-core/target/dependency/slf4j-api-1.7.25.jar:/usr/local/bin/lib/junit.jar:/usr/local/bin/lib/hamcrest-core.jar -d results_kex_120/TA4J-53_1/temp/testcases/bin /home/kex/results_kex_120/TA4J-53_1/temp/testcases/org/ta4j/core/criteria/SqnCriterion_calculate_9320927640.java

/home/kex/results_kex_120/TA4J-53_1/temp/testcases/org/ta4j/core/criteria/ReflectionUtils.java:9: warning: Unsafe is internal proprietary API and may be removed in a future release
import sun.misc.Unsafe;
               ^
/home/kex/results_kex_120/TA4J-53_1/temp/testcases/org/ta4j/core/criteria/ReflectionUtils.java:13: warning: Unsafe is internal proprietary API and may be removed in a future release
    public static final Unsafe UNSAFE;
                        ^
/home/kex/results_kex_120/TA4J-53_1/temp/testcases/org/ta4j/core/criteria/ReflectionUtils.java:17: warning: Unsafe is internal proprietary API and may be removed in a future release
            final Field uns = Unsafe.class.getDeclaredField("theUnsafe");
                              ^
/home/kex/results_kex_120/TA4J-53_1/temp/testcases/org/ta4j/core/criteria/ReflectionUtils.java:19: warning: Unsafe is internal proprietary API and may be removed in a future release
            UNSAFE = (Unsafe) uns.get(null);
                      ^
4 warnings
Compiled 'org/ta4j/core/criteria/SqnCriterion_calculate_9320927640.java'

===
javac command line:
/usr/bin/javac -sourcepath /home/kex/results_kex_120/TA4J-53_1/temp/testcases -cp /var/benchmarks/projects/ta4j/ta4j-core/target/ta4j-core-0.15.jar:/var/benchmarks/projects/ta4j/ta4j-core/target/dependency/hamcrest-core-1.3.jar:/var/benchmarks/projects/ta4j/ta4j-core/target/dependency/commons-io-2.11.0.jar:/var/benchmarks/projects/ta4j/ta4j-core/target/dependency/logback-classic-1.2.3.jar:/var/benchmarks/projects/ta4j/ta4j-core/target/dependency/commons-math3-3.6.1.jar:/var/benchmarks/projects/ta4j/ta4j-core/target/dependency/SparseBitSet-1.2.jar:/var/benchmarks/projects/ta4j/ta4j-core/target/dependency/junit-4.13.1.jar:/var/benchmarks/projects/ta4j/ta4j-core/target/dependency/logback-core-1.2.3.jar:/var/benchmarks/projects/ta4j/ta4j-core/target/dependency/poi-5.2.2.jar:/var/benchmarks/projects/ta4j/ta4j-core/target/dependency/commons-codec-1.15.jar:/var/benchmarks/projects/ta4j/ta4j-core/target/dependency/commons-collections4-4.4.jar:/var/benchmarks/projects/ta4j/ta4j-core/target/dependency/slf4j-api-1.7.25.jar:/usr/local/bin/lib/junit.jar:/usr/local/bin/lib/hamcrest-core.jar -d results_kex_120/TA4J-53_1/temp/testcases/bin /home/kex/results_kex_120/TA4J-53_1/temp/testcases/org/ta4j/core/criteria/SqnCriterion_calculate_9320927641.java

/home/kex/results_kex_120/TA4J-53_1/temp/testcases/org/ta4j/core/criteria/ReflectionUtils.java:9: warning: Unsafe is internal proprietary API and may be removed in a future release
import sun.misc.Unsafe;
               ^
/home/kex/results_kex_120/TA4J-53_1/temp/testcases/org/ta4j/core/criteria/ReflectionUtils.java:13: warning: Unsafe is internal proprietary API and may be removed in a future release
    public static final Unsafe UNSAFE;
                        ^
/home/kex/results_kex_120/TA4J-53_1/temp/testcases/org/ta4j/core/criteria/ReflectionUtils.java:17: warning: Unsafe is internal proprietary API and may be removed in a future release
            final Field uns = Unsafe.class.getDeclaredField("theUnsafe");
                              ^
/home/kex/results_kex_120/TA4J-53_1/temp/testcases/org/ta4j/core/criteria/ReflectionUtils.java:19: warning: Unsafe is internal proprietary API and may be removed in a future release
            UNSAFE = (Unsafe) uns.get(null);
                      ^
4 warnings
Compiled 'org/ta4j/core/criteria/SqnCriterion_calculate_9320927641.java'

===
javac command line:
/usr/bin/javac -sourcepath /home/kex/results_kex_120/TA4J-53_1/temp/testcases -cp /var/benchmarks/projects/ta4j/ta4j-core/target/ta4j-core-0.15.jar:/var/benchmarks/projects/ta4j/ta4j-core/target/dependency/hamcrest-core-1.3.jar:/var/benchmarks/projects/ta4j/ta4j-core/target/dependency/commons-io-2.11.0.jar:/var/benchmarks/projects/ta4j/ta4j-core/target/dependency/logback-classic-1.2.3.jar:/var/benchmarks/projects/ta4j/ta4j-core/target/dependency/commons-math3-3.6.1.jar:/var/benchmarks/projects/ta4j/ta4j-core/target/dependency/SparseBitSet-1.2.jar:/var/benchmarks/projects/ta4j/ta4j-core/target/dependency/junit-4.13.1.jar:/var/benchmarks/projects/ta4j/ta4j-core/target/dependency/logback-core-1.2.3.jar:/var/benchmarks/projects/ta4j/ta4j-core/target/dependency/poi-5.2.2.jar:/var/benchmarks/projects/ta4j/ta4j-core/target/dependency/commons-codec-1.15.jar:/var/benchmarks/projects/ta4j/ta4j-core/target/dependency/commons-collections4-4.4.jar:/var/benchmarks/projects/ta4j/ta4j-core/target/dependency/slf4j-api-1.7.25.jar:/usr/local/bin/lib/junit.jar:/usr/local/bin/lib/hamcrest-core.jar -d results_kex_120/TA4J-53_1/temp/testcases/bin /home/kex/results_kex_120/TA4J-53_1/temp/testcases/org/ta4j/core/criteria/SqnCriterion_init_11885355830.java

/home/kex/results_kex_120/TA4J-53_1/temp/testcases/org/ta4j/core/criteria/ReflectionUtils.java:9: warning: Unsafe is internal proprietary API and may be removed in a future release
import sun.misc.Unsafe;
               ^
/home/kex/results_kex_120/TA4J-53_1/temp/testcases/org/ta4j/core/criteria/ReflectionUtils.java:13: warning: Unsafe is internal proprietary API and may be removed in a future release
    public static final Unsafe UNSAFE;
                        ^
/home/kex/results_kex_120/TA4J-53_1/temp/testcases/org/ta4j/core/criteria/ReflectionUtils.java:17: warning: Unsafe is internal proprietary API and may be removed in a future release
            final Field uns = Unsafe.class.getDeclaredField("theUnsafe");
                              ^
/home/kex/results_kex_120/TA4J-53_1/temp/testcases/org/ta4j/core/criteria/ReflectionUtils.java:19: warning: Unsafe is internal proprietary API and may be removed in a future release
            UNSAFE = (Unsafe) uns.get(null);
                      ^
4 warnings
Compiled 'org/ta4j/core/criteria/SqnCriterion_init_11885355830.java'

===
javac command line:
/usr/bin/javac -sourcepath /home/kex/results_kex_120/TA4J-53_1/temp/testcases -cp /var/benchmarks/projects/ta4j/ta4j-core/target/ta4j-core-0.15.jar:/var/benchmarks/projects/ta4j/ta4j-core/target/dependency/hamcrest-core-1.3.jar:/var/benchmarks/projects/ta4j/ta4j-core/target/dependency/commons-io-2.11.0.jar:/var/benchmarks/projects/ta4j/ta4j-core/target/dependency/logback-classic-1.2.3.jar:/var/benchmarks/projects/ta4j/ta4j-core/target/dependency/commons-math3-3.6.1.jar:/var/benchmarks/projects/ta4j/ta4j-core/target/dependency/SparseBitSet-1.2.jar:/var/benchmarks/projects/ta4j/ta4j-core/target/dependency/junit-4.13.1.jar:/var/benchmarks/projects/ta4j/ta4j-core/target/dependency/logback-core-1.2.3.jar:/var/benchmarks/projects/ta4j/ta4j-core/target/dependency/poi-5.2.2.jar:/var/benchmarks/projects/ta4j/ta4j-core/target/dependency/commons-codec-1.15.jar:/var/benchmarks/projects/ta4j/ta4j-core/target/dependency/commons-collections4-4.4.jar:/var/benchmarks/projects/ta4j/ta4j-core/target/dependency/slf4j-api-1.7.25.jar:/usr/local/bin/lib/junit.jar:/usr/local/bin/lib/hamcrest-core.jar -d results_kex_120/TA4J-53_1/temp/testcases/bin /home/kex/results_kex_120/TA4J-53_1/temp/testcases/org/ta4j/core/criteria/SqnCriterion_init_11885355831.java

/home/kex/results_kex_120/TA4J-53_1/temp/testcases/org/ta4j/core/criteria/ReflectionUtils.java:9: warning: Unsafe is internal proprietary API and may be removed in a future release
import sun.misc.Unsafe;
               ^
/home/kex/results_kex_120/TA4J-53_1/temp/testcases/org/ta4j/core/criteria/ReflectionUtils.java:13: warning: Unsafe is internal proprietary API and may be removed in a future release
    public static final Unsafe UNSAFE;
                        ^
/home/kex/results_kex_120/TA4J-53_1/temp/testcases/org/ta4j/core/criteria/ReflectionUtils.java:17: warning: Unsafe is internal proprietary API and may be removed in a future release
            final Field uns = Unsafe.class.getDeclaredField("theUnsafe");
                              ^
/home/kex/results_kex_120/TA4J-53_1/temp/testcases/org/ta4j/core/criteria/ReflectionUtils.java:19: warning: Unsafe is internal proprietary API and may be removed in a future release
            UNSAFE = (Unsafe) uns.get(null);
                      ^
4 warnings
Compiled 'org/ta4j/core/criteria/SqnCriterion_init_11885355831.java'

===
javac command line:
/usr/bin/javac -sourcepath /home/kex/results_kex_120/TA4J-53_1/temp/testcases -cp /var/benchmarks/projects/ta4j/ta4j-core/target/ta4j-core-0.15.jar:/var/benchmarks/projects/ta4j/ta4j-core/target/dependency/hamcrest-core-1.3.jar:/var/benchmarks/projects/ta4j/ta4j-core/target/dependency/commons-io-2.11.0.jar:/var/benchmarks/projects/ta4j/ta4j-core/target/dependency/logback-classic-1.2.3.jar:/var/benchmarks/projects/ta4j/ta4j-core/target/dependency/commons-math3-3.6.1.jar:/var/benchmarks/projects/ta4j/ta4j-core/target/dependency/SparseBitSet-1.2.jar:/var/benchmarks/projects/ta4j/ta4j-core/target/dependency/junit-4.13.1.jar:/var/benchmarks/projects/ta4j/ta4j-core/target/dependency/logback-core-1.2.3.jar:/var/benchmarks/projects/ta4j/ta4j-core/target/dependency/poi-5.2.2.jar:/var/benchmarks/projects/ta4j/ta4j-core/target/dependency/commons-codec-1.15.jar:/var/benchmarks/projects/ta4j/ta4j-core/target/dependency/commons-collections4-4.4.jar:/var/benchmarks/projects/ta4j/ta4j-core/target/dependency/slf4j-api-1.7.25.jar:/usr/local/bin/lib/junit.jar:/usr/local/bin/lib/hamcrest-core.jar -d results_kex_120/TA4J-53_1/temp/testcases/bin /home/kex/results_kex_120/TA4J-53_1/temp/testcases/org/ta4j/core/criteria/SqnCriterion_init_2432480450.java

/home/kex/results_kex_120/TA4J-53_1/temp/testcases/org/ta4j/core/criteria/ReflectionUtils.java:9: warning: Unsafe is internal proprietary API and may be removed in a future release
import sun.misc.Unsafe;
               ^
/home/kex/results_kex_120/TA4J-53_1/temp/testcases/org/ta4j/core/criteria/ReflectionUtils.java:13: warning: Unsafe is internal proprietary API and may be removed in a future release
    public static final Unsafe UNSAFE;
                        ^
/home/kex/results_kex_120/TA4J-53_1/temp/testcases/org/ta4j/core/criteria/ReflectionUtils.java:17: warning: Unsafe is internal proprietary API and may be removed in a future release
            final Field uns = Unsafe.class.getDeclaredField("theUnsafe");
                              ^
/home/kex/results_kex_120/TA4J-53_1/temp/testcases/org/ta4j/core/criteria/ReflectionUtils.java:19: warning: Unsafe is internal proprietary API and may be removed in a future release
            UNSAFE = (Unsafe) uns.get(null);
                      ^
4 warnings
Compiled 'org/ta4j/core/criteria/SqnCriterion_init_2432480450.java'

===
javac command line:
/usr/bin/javac -sourcepath /home/kex/results_kex_120/TA4J-53_1/temp/testcases -cp /var/benchmarks/projects/ta4j/ta4j-core/target/ta4j-core-0.15.jar:/var/benchmarks/projects/ta4j/ta4j-core/target/dependency/hamcrest-core-1.3.jar:/var/benchmarks/projects/ta4j/ta4j-core/target/dependency/commons-io-2.11.0.jar:/var/benchmarks/projects/ta4j/ta4j-core/target/dependency/logback-classic-1.2.3.jar:/var/benchmarks/projects/ta4j/ta4j-core/target/dependency/commons-math3-3.6.1.jar:/var/benchmarks/projects/ta4j/ta4j-core/target/dependency/SparseBitSet-1.2.jar:/var/benchmarks/projects/ta4j/ta4j-core/target/dependency/junit-4.13.1.jar:/var/benchmarks/projects/ta4j/ta4j-core/target/dependency/logback-core-1.2.3.jar:/var/benchmarks/projects/ta4j/ta4j-core/target/dependency/poi-5.2.2.jar:/var/benchmarks/projects/ta4j/ta4j-core/target/dependency/commons-codec-1.15.jar:/var/benchmarks/projects/ta4j/ta4j-core/target/dependency/commons-collections4-4.4.jar:/var/benchmarks/projects/ta4j/ta4j-core/target/dependency/slf4j-api-1.7.25.jar:/usr/local/bin/lib/junit.jar:/usr/local/bin/lib/hamcrest-core.jar -d results_kex_120/TA4J-53_1/temp/testcases/bin /home/kex/results_kex_120/TA4J-53_1/temp/testcases/org/ta4j/core/criteria/SqnCriterion_init_2432480451.java

/home/kex/results_kex_120/TA4J-53_1/temp/testcases/org/ta4j/core/criteria/ReflectionUtils.java:9: warning: Unsafe is internal proprietary API and may be removed in a future release
import sun.misc.Unsafe;
               ^
/home/kex/results_kex_120/TA4J-53_1/temp/testcases/org/ta4j/core/criteria/ReflectionUtils.java:13: warning: Unsafe is internal proprietary API and may be removed in a future release
    public static final Unsafe UNSAFE;
                        ^
/home/kex/results_kex_120/TA4J-53_1/temp/testcases/org/ta4j/core/criteria/ReflectionUtils.java:17: warning: Unsafe is internal proprietary API and may be removed in a future release
            final Field uns = Unsafe.class.getDeclaredField("theUnsafe");
                              ^
/home/kex/results_kex_120/TA4J-53_1/temp/testcases/org/ta4j/core/criteria/ReflectionUtils.java:19: warning: Unsafe is internal proprietary API and may be removed in a future release
            UNSAFE = (Unsafe) uns.get(null);
                      ^
4 warnings
Compiled 'org/ta4j/core/criteria/SqnCriterion_init_2432480451.java'

===
javac command line:
/usr/bin/javac -sourcepath /home/kex/results_kex_120/TA4J-53_1/temp/testcases -cp /var/benchmarks/projects/ta4j/ta4j-core/target/ta4j-core-0.15.jar:/var/benchmarks/projects/ta4j/ta4j-core/target/dependency/hamcrest-core-1.3.jar:/var/benchmarks/projects/ta4j/ta4j-core/target/dependency/commons-io-2.11.0.jar:/var/benchmarks/projects/ta4j/ta4j-core/target/dependency/logback-classic-1.2.3.jar:/var/benchmarks/projects/ta4j/ta4j-core/target/dependency/commons-math3-3.6.1.jar:/var/benchmarks/projects/ta4j/ta4j-core/target/dependency/SparseBitSet-1.2.jar:/var/benchmarks/projects/ta4j/ta4j-core/target/dependency/junit-4.13.1.jar:/var/benchmarks/projects/ta4j/ta4j-core/target/dependency/logback-core-1.2.3.jar:/var/benchmarks/projects/ta4j/ta4j-core/target/dependency/poi-5.2.2.jar:/var/benchmarks/projects/ta4j/ta4j-core/target/dependency/commons-codec-1.15.jar:/var/benchmarks/projects/ta4j/ta4j-core/target/dependency/commons-collections4-4.4.jar:/var/benchmarks/projects/ta4j/ta4j-core/target/dependency/slf4j-api-1.7.25.jar:/usr/local/bin/lib/junit.jar:/usr/local/bin/lib/hamcrest-core.jar -d results_kex_120/TA4J-53_1/temp/testcases/bin /home/kex/results_kex_120/TA4J-53_1/temp/testcases/org/ta4j/core/criteria/SqnCriterion_init_4574676170.java

/home/kex/results_kex_120/TA4J-53_1/temp/testcases/org/ta4j/core/criteria/ReflectionUtils.java:9: warning: Unsafe is internal proprietary API and may be removed in a future release
import sun.misc.Unsafe;
               ^
/home/kex/results_kex_120/TA4J-53_1/temp/testcases/org/ta4j/core/criteria/ReflectionUtils.java:13: warning: Unsafe is internal proprietary API and may be removed in a future release
    public static final Unsafe UNSAFE;
                        ^
/home/kex/results_kex_120/TA4J-53_1/temp/testcases/org/ta4j/core/criteria/ReflectionUtils.java:17: warning: Unsafe is internal proprietary API and may be removed in a future release
            final Field uns = Unsafe.class.getDeclaredField("theUnsafe");
                              ^
/home/kex/results_kex_120/TA4J-53_1/temp/testcases/org/ta4j/core/criteria/ReflectionUtils.java:19: warning: Unsafe is internal proprietary API and may be removed in a future release
            UNSAFE = (Unsafe) uns.get(null);
                      ^
4 warnings
Compiled 'org/ta4j/core/criteria/SqnCriterion_init_4574676170.java'

===
javac command line:
/usr/bin/javac -sourcepath /home/kex/results_kex_120/TA4J-53_1/temp/testcases -cp /var/benchmarks/projects/ta4j/ta4j-core/target/ta4j-core-0.15.jar:/var/benchmarks/projects/ta4j/ta4j-core/target/dependency/hamcrest-core-1.3.jar:/var/benchmarks/projects/ta4j/ta4j-core/target/dependency/commons-io-2.11.0.jar:/var/benchmarks/projects/ta4j/ta4j-core/target/dependency/logback-classic-1.2.3.jar:/var/benchmarks/projects/ta4j/ta4j-core/target/dependency/commons-math3-3.6.1.jar:/var/benchmarks/projects/ta4j/ta4j-core/target/dependency/SparseBitSet-1.2.jar:/var/benchmarks/projects/ta4j/ta4j-core/target/dependency/junit-4.13.1.jar:/var/benchmarks/projects/ta4j/ta4j-core/target/dependency/logback-core-1.2.3.jar:/var/benchmarks/projects/ta4j/ta4j-core/target/dependency/poi-5.2.2.jar:/var/benchmarks/projects/ta4j/ta4j-core/target/dependency/commons-codec-1.15.jar:/var/benchmarks/projects/ta4j/ta4j-core/target/dependency/commons-collections4-4.4.jar:/var/benchmarks/projects/ta4j/ta4j-core/target/dependency/slf4j-api-1.7.25.jar:/usr/local/bin/lib/junit.jar:/usr/local/bin/lib/hamcrest-core.jar -d results_kex_120/TA4J-53_1/temp/testcases/bin /home/kex/results_kex_120/TA4J-53_1/temp/testcases/org/ta4j/core/criteria/SqnCriterion_init_4574676171.java

/home/kex/results_kex_120/TA4J-53_1/temp/testcases/org/ta4j/core/criteria/ReflectionUtils.java:9: warning: Unsafe is internal proprietary API and may be removed in a future release
import sun.misc.Unsafe;
               ^
/home/kex/results_kex_120/TA4J-53_1/temp/testcases/org/ta4j/core/criteria/ReflectionUtils.java:13: warning: Unsafe is internal proprietary API and may be removed in a future release
    public static final Unsafe UNSAFE;
                        ^
/home/kex/results_kex_120/TA4J-53_1/temp/testcases/org/ta4j/core/criteria/ReflectionUtils.java:17: warning: Unsafe is internal proprietary API and may be removed in a future release
            final Field uns = Unsafe.class.getDeclaredField("theUnsafe");
                              ^
/home/kex/results_kex_120/TA4J-53_1/temp/testcases/org/ta4j/core/criteria/ReflectionUtils.java:19: warning: Unsafe is internal proprietary API and may be removed in a future release
            UNSAFE = (Unsafe) uns.get(null);
                      ^
4 warnings
Compiled 'org/ta4j/core/criteria/SqnCriterion_init_4574676171.java'

---Timing Information---
Running tests with the following classpath: 
/var/benchmarks/projects/ta4j/ta4j-core/target/ta4j-core-0.15.jar:/var/benchmarks/projects/ta4j/ta4j-core/target/dependency/hamcrest-core-1.3.jar:/var/benchmarks/projects/ta4j/ta4j-core/target/dependency/commons-io-2.11.0.jar:/var/benchmarks/projects/ta4j/ta4j-core/target/dependency/logback-classic-1.2.3.jar:/var/benchmarks/projects/ta4j/ta4j-core/target/dependency/commons-math3-3.6.1.jar:/var/benchmarks/projects/ta4j/ta4j-core/target/dependency/SparseBitSet-1.2.jar:/var/benchmarks/projects/ta4j/ta4j-core/target/dependency/junit-4.13.1.jar:/var/benchmarks/projects/ta4j/ta4j-core/target/dependency/logback-core-1.2.3.jar:/var/benchmarks/projects/ta4j/ta4j-core/target/dependency/poi-5.2.2.jar:/var/benchmarks/projects/ta4j/ta4j-core/target/dependency/commons-codec-1.15.jar:/var/benchmarks/projects/ta4j/ta4j-core/target/dependency/commons-collections4-4.4.jar:/var/benchmarks/projects/ta4j/ta4j-core/target/dependency/slf4j-api-1.7.25.jar:/usr/local/bin/lib/junit.jar:/usr/local/bin/lib/hamcrest-core.jar:/home/kex/results_kex_120/TA4J-53_1/temp/testcases/bin
Running the tests: [SBSTDummyForCoverageAndMutationCalculation, org.ta4j.core.criteria.EqualityUtils, org.ta4j.core.criteria.ReflectionUtils, org.ta4j.core.criteria.SqnCriterion_betterThan_13907503980, org.ta4j.core.criteria.SqnCriterion_betterThan_13907503981, org.ta4j.core.criteria.SqnCriterion_calculate_10589977990, org.ta4j.core.criteria.SqnCriterion_calculate_10589977991, org.ta4j.core.criteria.SqnCriterion_calculate_9320927640, org.ta4j.core.criteria.SqnCriterion_calculate_9320927641, org.ta4j.core.criteria.SqnCriterion_init_11885355830, org.ta4j.core.criteria.SqnCriterion_init_11885355831, org.ta4j.core.criteria.SqnCriterion_init_2432480450, org.ta4j.core.criteria.SqnCriterion_init_2432480451, org.ta4j.core.criteria.SqnCriterion_init_4574676170, org.ta4j.core.criteria.SqnCriterion_init_4574676171]
Executions terminated
Failure: [initializationError(org.ta4j.core.criteria.EqualityUtils): No runnable methods]
Failing Tests: initializationError(org.ta4j.core.criteria.EqualityUtils)
java.lang.Exception: No runnable methods
	at org.junit.runners.BlockJUnit4ClassRunner.validateInstanceMethods(BlockJUnit4ClassRunner.java:169)
	at org.junit.runners.BlockJUnit4ClassRunner.collectInitializationErrors(BlockJUnit4ClassRunner.java:104)
	at org.junit.runners.ParentRunner.validate(ParentRunner.java:355)
	at org.junit.runners.ParentRunner.<init>(ParentRunner.java:76)
	at org.junit.runners.BlockJUnit4ClassRunner.<init>(BlockJUnit4ClassRunner.java:57)
	at org.junit.internal.builders.JUnit4Builder.runnerForClass(JUnit4Builder.java:10)
	at org.junit.runners.model.RunnerBuilder.safeRunnerForClass(RunnerBuilder.java:59)
	at org.junit.internal.builders.AllDefaultPossibilitiesBuilder.runnerForClass(AllDefaultPossibilitiesBuilder.java:26)
	at org.junit.runner.Computer.getRunner(Computer.java:40)
	at org.junit.runner.Computer$1.runnerForClass(Computer.java:31)
	at org.junit.runners.model.RunnerBuilder.safeRunnerForClass(RunnerBuilder.java:59)
	at org.junit.runners.model.RunnerBuilder.runners(RunnerBuilder.java:101)
	at org.junit.runners.model.RunnerBuilder.runners(RunnerBuilder.java:87)
	at org.junit.runners.Suite.<init>(Suite.java:80)
	at org.junit.runner.Computer.getSuite(Computer.java:28)
	at org.junit.runner.Request.classes(Request.java:75)
	at org.junit.runner.JUnitCore.run(JUnitCore.java:117)
	at sbst.benchmark.coverage.TestExecutionTask.call(TestExecutionTask.java:54)
	at sbst.benchmark.coverage.TestExecutionTask.call(TestExecutionTask.java:15)
	at java.util.concurrent.FutureTask.run(FutureTask.java:266)
	at java.util.concurrent.ThreadPoolExecutor.runWorker(ThreadPoolExecutor.java:1149)
	at java.util.concurrent.ThreadPoolExecutor$Worker.run(ThreadPoolExecutor.java:624)
	at java.lang.Thread.run(Thread.java:750)

Failure: [initializationError(org.ta4j.core.criteria.ReflectionUtils): No runnable methods]
Failing Tests: initializationError(org.ta4j.core.criteria.ReflectionUtils)
java.lang.Exception: No runnable methods
	at org.junit.runners.BlockJUnit4ClassRunner.validateInstanceMethods(BlockJUnit4ClassRunner.java:169)
	at org.junit.runners.BlockJUnit4ClassRunner.collectInitializationErrors(BlockJUnit4ClassRunner.java:104)
	at org.junit.runners.ParentRunner.validate(ParentRunner.java:355)
	at org.junit.runners.ParentRunner.<init>(ParentRunner.java:76)
	at org.junit.runners.BlockJUnit4ClassRunner.<init>(BlockJUnit4ClassRunner.java:57)
	at org.junit.internal.builders.JUnit4Builder.runnerForClass(JUnit4Builder.java:10)
	at org.junit.runners.model.RunnerBuilder.safeRunnerForClass(RunnerBuilder.java:59)
	at org.junit.internal.builders.AllDefaultPossibilitiesBuilder.runnerForClass(AllDefaultPossibilitiesBuilder.java:26)
	at org.junit.runner.Computer.getRunner(Computer.java:40)
	at org.junit.runner.Computer$1.runnerForClass(Computer.java:31)
	at org.junit.runners.model.RunnerBuilder.safeRunnerForClass(RunnerBuilder.java:59)
	at org.junit.runners.model.RunnerBuilder.runners(RunnerBuilder.java:101)
	at org.junit.runners.model.RunnerBuilder.runners(RunnerBuilder.java:87)
	at org.junit.runners.Suite.<init>(Suite.java:80)
	at org.junit.runner.Computer.getSuite(Computer.java:28)
	at org.junit.runner.Request.classes(Request.java:75)
	at org.junit.runner.JUnitCore.run(JUnitCore.java:117)
	at sbst.benchmark.coverage.TestExecutionTask.call(TestExecutionTask.java:54)
	at sbst.benchmark.coverage.TestExecutionTask.call(TestExecutionTask.java:15)
	at java.util.concurrent.FutureTask.run(FutureTask.java:266)
	at java.util.concurrent.ThreadPoolExecutor.runWorker(ThreadPoolExecutor.java:1149)
	at java.util.concurrent.ThreadPoolExecutor$Worker.run(ThreadPoolExecutor.java:624)
	at java.lang.Thread.run(Thread.java:750)

Failure: [test(org.ta4j.core.criteria.SqnCriterion_betterThan_13907503980): null]
Failing Tests: test(org.ta4j.core.criteria.SqnCriterion_betterThan_13907503980)
java.lang.NullPointerException
	at org.ta4j.core.criteria.SqnCriterion.betterThan(SqnCriterion.java:121)
	at sun.reflect.NativeMethodAccessorImpl.invoke0(Native Method)
	at sun.reflect.NativeMethodAccessorImpl.invoke(NativeMethodAccessorImpl.java:62)
	at sun.reflect.DelegatingMethodAccessorImpl.invoke(DelegatingMethodAccessorImpl.java:43)
	at java.lang.reflect.Method.invoke(Method.java:498)
	at org.ta4j.core.criteria.ReflectionUtils.callMethod(ReflectionUtils.java:238)
	at org.ta4j.core.criteria.SqnCriterion_betterThan_13907503980.test(SqnCriterion_betterThan_13907503980.java:55)
	at sun.reflect.NativeMethodAccessorImpl.invoke0(Native Method)
	at sun.reflect.NativeMethodAccessorImpl.invoke(NativeMethodAccessorImpl.java:62)
	at sun.reflect.DelegatingMethodAccessorImpl.invoke(DelegatingMethodAccessorImpl.java:43)
	at java.lang.reflect.Method.invoke(Method.java:498)
	at org.junit.runners.model.FrameworkMethod$1.runReflectiveCall(FrameworkMethod.java:47)
	at org.junit.internal.runners.model.ReflectiveCallable.run(ReflectiveCallable.java:12)
	at org.junit.runners.model.FrameworkMethod.invokeExplosively(FrameworkMethod.java:44)
	at org.junit.internal.runners.statements.InvokeMethod.evaluate(InvokeMethod.java:17)
	at org.junit.internal.runners.statements.RunBefores.evaluate(RunBefores.java:26)
	at org.junit.runners.ParentRunner.runLeaf(ParentRunner.java:271)
	at org.junit.runners.BlockJUnit4ClassRunner.runChild(BlockJUnit4ClassRunner.java:70)
	at org.junit.runners.BlockJUnit4ClassRunner.runChild(BlockJUnit4ClassRunner.java:50)
	at org.junit.runners.ParentRunner$3.run(ParentRunner.java:238)
	at org.junit.runners.ParentRunner$1.schedule(ParentRunner.java:63)
	at org.junit.runners.ParentRunner.runChildren(ParentRunner.java:236)
	at org.junit.runners.ParentRunner.access$000(ParentRunner.java:53)
	at org.junit.runners.ParentRunner$2.evaluate(ParentRunner.java:229)
	at org.junit.runners.ParentRunner.run(ParentRunner.java:309)
	at org.junit.runners.Suite.runChild(Suite.java:127)
	at org.junit.runners.Suite.runChild(Suite.java:26)
	at org.junit.runners.ParentRunner$3.run(ParentRunner.java:238)
	at org.junit.runners.ParentRunner$1.schedule(ParentRunner.java:63)
	at org.junit.runners.ParentRunner.runChildren(ParentRunner.java:236)
	at org.junit.runners.ParentRunner.access$000(ParentRunner.java:53)
	at org.junit.runners.ParentRunner$2.evaluate(ParentRunner.java:229)
	at org.junit.runners.ParentRunner.run(ParentRunner.java:309)
	at org.junit.runner.JUnitCore.run(JUnitCore.java:160)
	at org.junit.runner.JUnitCore.run(JUnitCore.java:138)
	at org.junit.runner.JUnitCore.run(JUnitCore.java:117)
	at sbst.benchmark.coverage.TestExecutionTask.call(TestExecutionTask.java:54)
	at sbst.benchmark.coverage.TestExecutionTask.call(TestExecutionTask.java:15)
	at java.util.concurrent.FutureTask.run(FutureTask.java:266)
	at java.util.concurrent.ThreadPoolExecutor.runWorker(ThreadPoolExecutor.java:1149)
	at java.util.concurrent.ThreadPoolExecutor$Worker.run(ThreadPoolExecutor.java:624)
	at java.lang.Thread.run(Thread.java:750)

Failure: [test(org.ta4j.core.criteria.SqnCriterion_betterThan_13907503981): null]
Failing Tests: test(org.ta4j.core.criteria.SqnCriterion_betterThan_13907503981)
java.lang.NullPointerException
	at org.ta4j.core.criteria.SqnCriterion.betterThan(SqnCriterion.java:121)
	at sun.reflect.NativeMethodAccessorImpl.invoke0(Native Method)
	at sun.reflect.NativeMethodAccessorImpl.invoke(NativeMethodAccessorImpl.java:62)
	at sun.reflect.DelegatingMethodAccessorImpl.invoke(DelegatingMethodAccessorImpl.java:43)
	at java.lang.reflect.Method.invoke(Method.java:498)
	at org.ta4j.core.criteria.ReflectionUtils.callMethod(ReflectionUtils.java:238)
	at org.ta4j.core.criteria.SqnCriterion_betterThan_13907503981.test(SqnCriterion_betterThan_13907503981.java:44)
	at sun.reflect.NativeMethodAccessorImpl.invoke0(Native Method)
	at sun.reflect.NativeMethodAccessorImpl.invoke(NativeMethodAccessorImpl.java:62)
	at sun.reflect.DelegatingMethodAccessorImpl.invoke(DelegatingMethodAccessorImpl.java:43)
	at java.lang.reflect.Method.invoke(Method.java:498)
	at org.junit.runners.model.FrameworkMethod$1.runReflectiveCall(FrameworkMethod.java:47)
	at org.junit.internal.runners.model.ReflectiveCallable.run(ReflectiveCallable.java:12)
	at org.junit.runners.model.FrameworkMethod.invokeExplosively(FrameworkMethod.java:44)
	at org.junit.internal.runners.statements.InvokeMethod.evaluate(InvokeMethod.java:17)
	at org.junit.internal.runners.statements.RunBefores.evaluate(RunBefores.java:26)
	at org.junit.runners.ParentRunner.runLeaf(ParentRunner.java:271)
	at org.junit.runners.BlockJUnit4ClassRunner.runChild(BlockJUnit4ClassRunner.java:70)
	at org.junit.runners.BlockJUnit4ClassRunner.runChild(BlockJUnit4ClassRunner.java:50)
	at org.junit.runners.ParentRunner$3.run(ParentRunner.java:238)
	at org.junit.runners.ParentRunner$1.schedule(ParentRunner.java:63)
	at org.junit.runners.ParentRunner.runChildren(ParentRunner.java:236)
	at org.junit.runners.ParentRunner.access$000(ParentRunner.java:53)
	at org.junit.runners.ParentRunner$2.evaluate(ParentRunner.java:229)
	at org.junit.runners.ParentRunner.run(ParentRunner.java:309)
	at org.junit.runners.Suite.runChild(Suite.java:127)
	at org.junit.runners.Suite.runChild(Suite.java:26)
	at org.junit.runners.ParentRunner$3.run(ParentRunner.java:238)
	at org.junit.runners.ParentRunner$1.schedule(ParentRunner.java:63)
	at org.junit.runners.ParentRunner.runChildren(ParentRunner.java:236)
	at org.junit.runners.ParentRunner.access$000(ParentRunner.java:53)
	at org.junit.runners.ParentRunner$2.evaluate(ParentRunner.java:229)
	at org.junit.runners.ParentRunner.run(ParentRunner.java:309)
	at org.junit.runner.JUnitCore.run(JUnitCore.java:160)
	at org.junit.runner.JUnitCore.run(JUnitCore.java:138)
	at org.junit.runner.JUnitCore.run(JUnitCore.java:117)
	at sbst.benchmark.coverage.TestExecutionTask.call(TestExecutionTask.java:54)
	at sbst.benchmark.coverage.TestExecutionTask.call(TestExecutionTask.java:15)
	at java.util.concurrent.FutureTask.run(FutureTask.java:266)
	at java.util.concurrent.ThreadPoolExecutor.runWorker(ThreadPoolExecutor.java:1149)
	at java.util.concurrent.ThreadPoolExecutor$Worker.run(ThreadPoolExecutor.java:624)
	at java.lang.Thread.run(Thread.java:750)

Failure: [test(org.ta4j.core.criteria.SqnCriterion_calculate_10589977990): null]
Failing Tests: test(org.ta4j.core.criteria.SqnCriterion_calculate_10589977990)
java.lang.NullPointerException
	at org.ta4j.core.criteria.SqnCriterion.calculate(SqnCriterion.java:102)
	at sun.reflect.NativeMethodAccessorImpl.invoke0(Native Method)
	at sun.reflect.NativeMethodAccessorImpl.invoke(NativeMethodAccessorImpl.java:62)
	at sun.reflect.DelegatingMethodAccessorImpl.invoke(DelegatingMethodAccessorImpl.java:43)
	at java.lang.reflect.Method.invoke(Method.java:498)
	at org.ta4j.core.criteria.ReflectionUtils.callMethod(ReflectionUtils.java:238)
	at org.ta4j.core.criteria.SqnCriterion_calculate_10589977990.test(SqnCriterion_calculate_10589977990.java:55)
	at sun.reflect.NativeMethodAccessorImpl.invoke0(Native Method)
	at sun.reflect.NativeMethodAccessorImpl.invoke(NativeMethodAccessorImpl.java:62)
	at sun.reflect.DelegatingMethodAccessorImpl.invoke(DelegatingMethodAccessorImpl.java:43)
	at java.lang.reflect.Method.invoke(Method.java:498)
	at org.junit.runners.model.FrameworkMethod$1.runReflectiveCall(FrameworkMethod.java:47)
	at org.junit.internal.runners.model.ReflectiveCallable.run(ReflectiveCallable.java:12)
	at org.junit.runners.model.FrameworkMethod.invokeExplosively(FrameworkMethod.java:44)
	at org.junit.internal.runners.statements.InvokeMethod.evaluate(InvokeMethod.java:17)
	at org.junit.internal.runners.statements.RunBefores.evaluate(RunBefores.java:26)
	at org.junit.runners.ParentRunner.runLeaf(ParentRunner.java:271)
	at org.junit.runners.BlockJUnit4ClassRunner.runChild(BlockJUnit4ClassRunner.java:70)
	at org.junit.runners.BlockJUnit4ClassRunner.runChild(BlockJUnit4ClassRunner.java:50)
	at org.junit.runners.ParentRunner$3.run(ParentRunner.java:238)
	at org.junit.runners.ParentRunner$1.schedule(ParentRunner.java:63)
	at org.junit.runners.ParentRunner.runChildren(ParentRunner.java:236)
	at org.junit.runners.ParentRunner.access$000(ParentRunner.java:53)
	at org.junit.runners.ParentRunner$2.evaluate(ParentRunner.java:229)
	at org.junit.runners.ParentRunner.run(ParentRunner.java:309)
	at org.junit.runners.Suite.runChild(Suite.java:127)
	at org.junit.runners.Suite.runChild(Suite.java:26)
	at org.junit.runners.ParentRunner$3.run(ParentRunner.java:238)
	at org.junit.runners.ParentRunner$1.schedule(ParentRunner.java:63)
	at org.junit.runners.ParentRunner.runChildren(ParentRunner.java:236)
	at org.junit.runners.ParentRunner.access$000(ParentRunner.java:53)
	at org.junit.runners.ParentRunner$2.evaluate(ParentRunner.java:229)
	at org.junit.runners.ParentRunner.run(ParentRunner.java:309)
	at org.junit.runner.JUnitCore.run(JUnitCore.java:160)
	at org.junit.runner.JUnitCore.run(JUnitCore.java:138)
	at org.junit.runner.JUnitCore.run(JUnitCore.java:117)
	at sbst.benchmark.coverage.TestExecutionTask.call(TestExecutionTask.java:54)
	at sbst.benchmark.coverage.TestExecutionTask.call(TestExecutionTask.java:15)
	at java.util.concurrent.FutureTask.run(FutureTask.java:266)
	at java.util.concurrent.ThreadPoolExecutor.runWorker(ThreadPoolExecutor.java:1149)
	at java.util.concurrent.ThreadPoolExecutor$Worker.run(ThreadPoolExecutor.java:624)
	at java.lang.Thread.run(Thread.java:750)

Failure: [test(org.ta4j.core.criteria.SqnCriterion_calculate_10589977991): null]
Failing Tests: test(org.ta4j.core.criteria.SqnCriterion_calculate_10589977991)
java.lang.NullPointerException
	at org.ta4j.core.criteria.SqnCriterion.calculate(SqnCriterion.java:102)
	at sun.reflect.NativeMethodAccessorImpl.invoke0(Native Method)
	at sun.reflect.NativeMethodAccessorImpl.invoke(NativeMethodAccessorImpl.java:62)
	at sun.reflect.DelegatingMethodAccessorImpl.invoke(DelegatingMethodAccessorImpl.java:43)
	at java.lang.reflect.Method.invoke(Method.java:498)
	at org.ta4j.core.criteria.ReflectionUtils.callMethod(ReflectionUtils.java:238)
	at org.ta4j.core.criteria.SqnCriterion_calculate_10589977991.test(SqnCriterion_calculate_10589977991.java:44)
	at sun.reflect.NativeMethodAccessorImpl.invoke0(Native Method)
	at sun.reflect.NativeMethodAccessorImpl.invoke(NativeMethodAccessorImpl.java:62)
	at sun.reflect.DelegatingMethodAccessorImpl.invoke(DelegatingMethodAccessorImpl.java:43)
	at java.lang.reflect.Method.invoke(Method.java:498)
	at org.junit.runners.model.FrameworkMethod$1.runReflectiveCall(FrameworkMethod.java:47)
	at org.junit.internal.runners.model.ReflectiveCallable.run(ReflectiveCallable.java:12)
	at org.junit.runners.model.FrameworkMethod.invokeExplosively(FrameworkMethod.java:44)
	at org.junit.internal.runners.statements.InvokeMethod.evaluate(InvokeMethod.java:17)
	at org.junit.internal.runners.statements.RunBefores.evaluate(RunBefores.java:26)
	at org.junit.runners.ParentRunner.runLeaf(ParentRunner.java:271)
	at org.junit.runners.BlockJUnit4ClassRunner.runChild(BlockJUnit4ClassRunner.java:70)
	at org.junit.runners.BlockJUnit4ClassRunner.runChild(BlockJUnit4ClassRunner.java:50)
	at org.junit.runners.ParentRunner$3.run(ParentRunner.java:238)
	at org.junit.runners.ParentRunner$1.schedule(ParentRunner.java:63)
	at org.junit.runners.ParentRunner.runChildren(ParentRunner.java:236)
	at org.junit.runners.ParentRunner.access$000(ParentRunner.java:53)
	at org.junit.runners.ParentRunner$2.evaluate(ParentRunner.java:229)
	at org.junit.runners.ParentRunner.run(ParentRunner.java:309)
	at org.junit.runners.Suite.runChild(Suite.java:127)
	at org.junit.runners.Suite.runChild(Suite.java:26)
	at org.junit.runners.ParentRunner$3.run(ParentRunner.java:238)
	at org.junit.runners.ParentRunner$1.schedule(ParentRunner.java:63)
	at org.junit.runners.ParentRunner.runChildren(ParentRunner.java:236)
	at org.junit.runners.ParentRunner.access$000(ParentRunner.java:53)
	at org.junit.runners.ParentRunner$2.evaluate(ParentRunner.java:229)
	at org.junit.runners.ParentRunner.run(ParentRunner.java:309)
	at org.junit.runner.JUnitCore.run(JUnitCore.java:160)
	at org.junit.runner.JUnitCore.run(JUnitCore.java:138)
	at org.junit.runner.JUnitCore.run(JUnitCore.java:117)
	at sbst.benchmark.coverage.TestExecutionTask.call(TestExecutionTask.java:54)
	at sbst.benchmark.coverage.TestExecutionTask.call(TestExecutionTask.java:15)
	at java.util.concurrent.FutureTask.run(FutureTask.java:266)
	at java.util.concurrent.ThreadPoolExecutor.runWorker(ThreadPoolExecutor.java:1149)
	at java.util.concurrent.ThreadPoolExecutor$Worker.run(ThreadPoolExecutor.java:624)
	at java.lang.Thread.run(Thread.java:750)

Failure: [test(org.ta4j.core.criteria.SqnCriterion_calculate_9320927640): null]
Failing Tests: test(org.ta4j.core.criteria.SqnCriterion_calculate_9320927640)
java.lang.NullPointerException
	at org.ta4j.core.criteria.NumberOfPositionsCriterion.calculate(NumberOfPositionsCriterion.java:38)
	at org.ta4j.core.criteria.SqnCriterion.calculate(SqnCriterion.java:89)
	at sun.reflect.NativeMethodAccessorImpl.invoke0(Native Method)
	at sun.reflect.NativeMethodAccessorImpl.invoke(NativeMethodAccessorImpl.java:62)
	at sun.reflect.DelegatingMethodAccessorImpl.invoke(DelegatingMethodAccessorImpl.java:43)
	at java.lang.reflect.Method.invoke(Method.java:498)
	at org.ta4j.core.criteria.ReflectionUtils.callMethod(ReflectionUtils.java:238)
	at org.ta4j.core.criteria.SqnCriterion_calculate_9320927640.test(SqnCriterion_calculate_9320927640.java:87)
	at sun.reflect.NativeMethodAccessorImpl.invoke0(Native Method)
	at sun.reflect.NativeMethodAccessorImpl.invoke(NativeMethodAccessorImpl.java:62)
	at sun.reflect.DelegatingMethodAccessorImpl.invoke(DelegatingMethodAccessorImpl.java:43)
	at java.lang.reflect.Method.invoke(Method.java:498)
	at org.junit.runners.model.FrameworkMethod$1.runReflectiveCall(FrameworkMethod.java:47)
	at org.junit.internal.runners.model.ReflectiveCallable.run(ReflectiveCallable.java:12)
	at org.junit.runners.model.FrameworkMethod.invokeExplosively(FrameworkMethod.java:44)
	at org.junit.internal.runners.statements.InvokeMethod.evaluate(InvokeMethod.java:17)
	at org.junit.internal.runners.statements.RunBefores.evaluate(RunBefores.java:26)
	at org.junit.runners.ParentRunner.runLeaf(ParentRunner.java:271)
	at org.junit.runners.BlockJUnit4ClassRunner.runChild(BlockJUnit4ClassRunner.java:70)
	at org.junit.runners.BlockJUnit4ClassRunner.runChild(BlockJUnit4ClassRunner.java:50)
	at org.junit.runners.ParentRunner$3.run(ParentRunner.java:238)
	at org.junit.runners.ParentRunner$1.schedule(ParentRunner.java:63)
	at org.junit.runners.ParentRunner.runChildren(ParentRunner.java:236)
	at org.junit.runners.ParentRunner.access$000(ParentRunner.java:53)
	at org.junit.runners.ParentRunner$2.evaluate(ParentRunner.java:229)
	at org.junit.runners.ParentRunner.run(ParentRunner.java:309)
	at org.junit.runners.Suite.runChild(Suite.java:127)
	at org.junit.runners.Suite.runChild(Suite.java:26)
	at org.junit.runners.ParentRunner$3.run(ParentRunner.java:238)
	at org.junit.runners.ParentRunner$1.schedule(ParentRunner.java:63)
	at org.junit.runners.ParentRunner.runChildren(ParentRunner.java:236)
	at org.junit.runners.ParentRunner.access$000(ParentRunner.java:53)
	at org.junit.runners.ParentRunner$2.evaluate(ParentRunner.java:229)
	at org.junit.runners.ParentRunner.run(ParentRunner.java:309)
	at org.junit.runner.JUnitCore.run(JUnitCore.java:160)
	at org.junit.runner.JUnitCore.run(JUnitCore.java:138)
	at org.junit.runner.JUnitCore.run(JUnitCore.java:117)
	at sbst.benchmark.coverage.TestExecutionTask.call(TestExecutionTask.java:54)
	at sbst.benchmark.coverage.TestExecutionTask.call(TestExecutionTask.java:15)
	at java.util.concurrent.FutureTask.run(FutureTask.java:266)
	at java.util.concurrent.ThreadPoolExecutor.runWorker(ThreadPoolExecutor.java:1149)
	at java.util.concurrent.ThreadPoolExecutor$Worker.run(ThreadPoolExecutor.java:624)
	at java.lang.Thread.run(Thread.java:750)

Failure: [test(org.ta4j.core.criteria.SqnCriterion_calculate_9320927641): null]
Failing Tests: test(org.ta4j.core.criteria.SqnCriterion_calculate_9320927641)
java.lang.NullPointerException
	at org.ta4j.core.criteria.SqnCriterion.calculate(SqnCriterion.java:89)
	at sun.reflect.NativeMethodAccessorImpl.invoke0(Native Method)
	at sun.reflect.NativeMethodAccessorImpl.invoke(NativeMethodAccessorImpl.java:62)
	at sun.reflect.DelegatingMethodAccessorImpl.invoke(DelegatingMethodAccessorImpl.java:43)
	at java.lang.reflect.Method.invoke(Method.java:498)
	at org.ta4j.core.criteria.ReflectionUtils.callMethod(ReflectionUtils.java:238)
	at org.ta4j.core.criteria.SqnCriterion_calculate_9320927641.test(SqnCriterion_calculate_9320927641.java:44)
	at sun.reflect.NativeMethodAccessorImpl.invoke0(Native Method)
	at sun.reflect.NativeMethodAccessorImpl.invoke(NativeMethodAccessorImpl.java:62)
	at sun.reflect.DelegatingMethodAccessorImpl.invoke(DelegatingMethodAccessorImpl.java:43)
	at java.lang.reflect.Method.invoke(Method.java:498)
	at org.junit.runners.model.FrameworkMethod$1.runReflectiveCall(FrameworkMethod.java:47)
	at org.junit.internal.runners.model.ReflectiveCallable.run(ReflectiveCallable.java:12)
	at org.junit.runners.model.FrameworkMethod.invokeExplosively(FrameworkMethod.java:44)
	at org.junit.internal.runners.statements.InvokeMethod.evaluate(InvokeMethod.java:17)
	at org.junit.internal.runners.statements.RunBefores.evaluate(RunBefores.java:26)
	at org.junit.runners.ParentRunner.runLeaf(ParentRunner.java:271)
	at org.junit.runners.BlockJUnit4ClassRunner.runChild(BlockJUnit4ClassRunner.java:70)
	at org.junit.runners.BlockJUnit4ClassRunner.runChild(BlockJUnit4ClassRunner.java:50)
	at org.junit.runners.ParentRunner$3.run(ParentRunner.java:238)
	at org.junit.runners.ParentRunner$1.schedule(ParentRunner.java:63)
	at org.junit.runners.ParentRunner.runChildren(ParentRunner.java:236)
	at org.junit.runners.ParentRunner.access$000(ParentRunner.java:53)
	at org.junit.runners.ParentRunner$2.evaluate(ParentRunner.java:229)
	at org.junit.runners.ParentRunner.run(ParentRunner.java:309)
	at org.junit.runners.Suite.runChild(Suite.java:127)
	at org.junit.runners.Suite.runChild(Suite.java:26)
	at org.junit.runners.ParentRunner$3.run(ParentRunner.java:238)
	at org.junit.runners.ParentRunner$1.schedule(ParentRunner.java:63)
	at org.junit.runners.ParentRunner.runChildren(ParentRunner.java:236)
	at org.junit.runners.ParentRunner.access$000(ParentRunner.java:53)
	at org.junit.runners.ParentRunner$2.evaluate(ParentRunner.java:229)
	at org.junit.runners.ParentRunner.run(ParentRunner.java:309)
	at org.junit.runner.JUnitCore.run(JUnitCore.java:160)
	at org.junit.runner.JUnitCore.run(JUnitCore.java:138)
	at org.junit.runner.JUnitCore.run(JUnitCore.java:117)
	at sbst.benchmark.coverage.TestExecutionTask.call(TestExecutionTask.java:54)
	at sbst.benchmark.coverage.TestExecutionTask.call(TestExecutionTask.java:15)
	at java.util.concurrent.FutureTask.run(FutureTask.java:266)
	at java.util.concurrent.ThreadPoolExecutor.runWorker(ThreadPoolExecutor.java:1149)
	at java.util.concurrent.ThreadPoolExecutor$Worker.run(ThreadPoolExecutor.java:624)
	at java.lang.Thread.run(Thread.java:750)


---The tests are re-executed other four times to find the flaky ones---
Running the tests: [SBSTDummyForCoverageAndMutationCalculation, org.ta4j.core.criteria.EqualityUtils, org.ta4j.core.criteria.ReflectionUtils, org.ta4j.core.criteria.SqnCriterion_betterThan_13907503980, org.ta4j.core.criteria.SqnCriterion_betterThan_13907503981, org.ta4j.core.criteria.SqnCriterion_calculate_10589977990, org.ta4j.core.criteria.SqnCriterion_calculate_10589977991, org.ta4j.core.criteria.SqnCriterion_calculate_9320927640, org.ta4j.core.criteria.SqnCriterion_calculate_9320927641, org.ta4j.core.criteria.SqnCriterion_init_11885355830, org.ta4j.core.criteria.SqnCriterion_init_11885355831, org.ta4j.core.criteria.SqnCriterion_init_2432480450, org.ta4j.core.criteria.SqnCriterion_init_2432480451, org.ta4j.core.criteria.SqnCriterion_init_4574676170, org.ta4j.core.criteria.SqnCriterion_init_4574676171]
Executions terminated
Running the tests: [SBSTDummyForCoverageAndMutationCalculation, org.ta4j.core.criteria.EqualityUtils, org.ta4j.core.criteria.ReflectionUtils, org.ta4j.core.criteria.SqnCriterion_betterThan_13907503980, org.ta4j.core.criteria.SqnCriterion_betterThan_13907503981, org.ta4j.core.criteria.SqnCriterion_calculate_10589977990, org.ta4j.core.criteria.SqnCriterion_calculate_10589977991, org.ta4j.core.criteria.SqnCriterion_calculate_9320927640, org.ta4j.core.criteria.SqnCriterion_calculate_9320927641, org.ta4j.core.criteria.SqnCriterion_init_11885355830, org.ta4j.core.criteria.SqnCriterion_init_11885355831, org.ta4j.core.criteria.SqnCriterion_init_2432480450, org.ta4j.core.criteria.SqnCriterion_init_2432480451, org.ta4j.core.criteria.SqnCriterion_init_4574676170, org.ta4j.core.criteria.SqnCriterion_init_4574676171]
Failure: [initializationError(org.ta4j.core.criteria.EqualityUtils): No runnable methods]
Failing Tests: initializationError(org.ta4j.core.criteria.EqualityUtils)
java.lang.Exception: No runnable methods
	at org.junit.runners.BlockJUnit4ClassRunner.validateInstanceMethods(BlockJUnit4ClassRunner.java:169)
	at org.junit.runners.BlockJUnit4ClassRunner.collectInitializationErrors(BlockJUnit4ClassRunner.java:104)
	at org.junit.runners.ParentRunner.validate(ParentRunner.java:355)
	at org.junit.runners.ParentRunner.<init>(ParentRunner.java:76)
	at org.junit.runners.BlockJUnit4ClassRunner.<init>(BlockJUnit4ClassRunner.java:57)
	at org.junit.internal.builders.JUnit4Builder.runnerForClass(JUnit4Builder.java:10)
	at org.junit.runners.model.RunnerBuilder.safeRunnerForClass(RunnerBuilder.java:59)
	at org.junit.internal.builders.AllDefaultPossibilitiesBuilder.runnerForClass(AllDefaultPossibilitiesBuilder.java:26)
	at org.junit.runner.Computer.getRunner(Computer.java:40)
	at org.junit.runner.Computer$1.runnerForClass(Computer.java:31)
	at org.junit.runners.model.RunnerBuilder.safeRunnerForClass(RunnerBuilder.java:59)
	at org.junit.runners.model.RunnerBuilder.runners(RunnerBuilder.java:101)
	at org.junit.runners.model.RunnerBuilder.runners(RunnerBuilder.java:87)
	at org.junit.runners.Suite.<init>(Suite.java:80)
	at org.junit.runner.Computer.getSuite(Computer.java:28)
	at org.junit.runner.Request.classes(Request.java:75)
	at org.junit.runner.JUnitCore.run(JUnitCore.java:117)
	at sbst.benchmark.coverage.TestExecutionTask.call(TestExecutionTask.java:54)
	at sbst.benchmark.coverage.TestExecutionTask.call(TestExecutionTask.java:15)
	at java.util.concurrent.FutureTask.run(FutureTask.java:266)
	at java.util.concurrent.ThreadPoolExecutor.runWorker(ThreadPoolExecutor.java:1149)
	at java.util.concurrent.ThreadPoolExecutor$Worker.run(ThreadPoolExecutor.java:624)
	at java.lang.Thread.run(Thread.java:750)

Failure: [initializationError(org.ta4j.core.criteria.ReflectionUtils): No runnable methods]
Failing Tests: initializationError(org.ta4j.core.criteria.ReflectionUtils)
java.lang.Exception: No runnable methods
	at org.junit.runners.BlockJUnit4ClassRunner.validateInstanceMethods(BlockJUnit4ClassRunner.java:169)
	at org.junit.runners.BlockJUnit4ClassRunner.collectInitializationErrors(BlockJUnit4ClassRunner.java:104)
	at org.junit.runners.ParentRunner.validate(ParentRunner.java:355)
	at org.junit.runners.ParentRunner.<init>(ParentRunner.java:76)
	at org.junit.runners.BlockJUnit4ClassRunner.<init>(BlockJUnit4ClassRunner.java:57)
	at org.junit.internal.builders.JUnit4Builder.runnerForClass(JUnit4Builder.java:10)
	at org.junit.runners.model.RunnerBuilder.safeRunnerForClass(RunnerBuilder.java:59)
	at org.junit.internal.builders.AllDefaultPossibilitiesBuilder.runnerForClass(AllDefaultPossibilitiesBuilder.java:26)
	at org.junit.runner.Computer.getRunner(Computer.java:40)
	at org.junit.runner.Computer$1.runnerForClass(Computer.java:31)
	at org.junit.runners.model.RunnerBuilder.safeRunnerForClass(RunnerBuilder.java:59)
	at org.junit.runners.model.RunnerBuilder.runners(RunnerBuilder.java:101)
	at org.junit.runners.model.RunnerBuilder.runners(RunnerBuilder.java:87)
	at org.junit.runners.Suite.<init>(Suite.java:80)
	at org.junit.runner.Computer.getSuite(Computer.java:28)
	at org.junit.runner.Request.classes(Request.java:75)
	at org.junit.runner.JUnitCore.run(JUnitCore.java:117)
	at sbst.benchmark.coverage.TestExecutionTask.call(TestExecutionTask.java:54)
	at sbst.benchmark.coverage.TestExecutionTask.call(TestExecutionTask.java:15)
	at java.util.concurrent.FutureTask.run(FutureTask.java:266)
	at java.util.concurrent.ThreadPoolExecutor.runWorker(ThreadPoolExecutor.java:1149)
	at java.util.concurrent.ThreadPoolExecutor$Worker.run(ThreadPoolExecutor.java:624)
	at java.lang.Thread.run(Thread.java:750)

Failure: [test(org.ta4j.core.criteria.SqnCriterion_betterThan_13907503980): null]
Failing Tests: test(org.ta4j.core.criteria.SqnCriterion_betterThan_13907503980)
java.lang.NullPointerException
	at org.ta4j.core.criteria.SqnCriterion.betterThan(SqnCriterion.java:121)
	at sun.reflect.NativeMethodAccessorImpl.invoke0(Native Method)
	at sun.reflect.NativeMethodAccessorImpl.invoke(NativeMethodAccessorImpl.java:62)
	at sun.reflect.DelegatingMethodAccessorImpl.invoke(DelegatingMethodAccessorImpl.java:43)
	at java.lang.reflect.Method.invoke(Method.java:498)
	at org.ta4j.core.criteria.ReflectionUtils.callMethod(ReflectionUtils.java:238)
	at org.ta4j.core.criteria.SqnCriterion_betterThan_13907503980.test(SqnCriterion_betterThan_13907503980.java:55)
	at sun.reflect.NativeMethodAccessorImpl.invoke0(Native Method)
	at sun.reflect.NativeMethodAccessorImpl.invoke(NativeMethodAccessorImpl.java:62)
	at sun.reflect.DelegatingMethodAccessorImpl.invoke(DelegatingMethodAccessorImpl.java:43)
	at java.lang.reflect.Method.invoke(Method.java:498)
	at org.junit.runners.model.FrameworkMethod$1.runReflectiveCall(FrameworkMethod.java:47)
	at org.junit.internal.runners.model.ReflectiveCallable.run(ReflectiveCallable.java:12)
	at org.junit.runners.model.FrameworkMethod.invokeExplosively(FrameworkMethod.java:44)
	at org.junit.internal.runners.statements.InvokeMethod.evaluate(InvokeMethod.java:17)
	at org.junit.internal.runners.statements.RunBefores.evaluate(RunBefores.java:26)
	at org.junit.runners.ParentRunner.runLeaf(ParentRunner.java:271)
	at org.junit.runners.BlockJUnit4ClassRunner.runChild(BlockJUnit4ClassRunner.java:70)
	at org.junit.runners.BlockJUnit4ClassRunner.runChild(BlockJUnit4ClassRunner.java:50)
	at org.junit.runners.ParentRunner$3.run(ParentRunner.java:238)
	at org.junit.runners.ParentRunner$1.schedule(ParentRunner.java:63)
	at org.junit.runners.ParentRunner.runChildren(ParentRunner.java:236)
	at org.junit.runners.ParentRunner.access$000(ParentRunner.java:53)
	at org.junit.runners.ParentRunner$2.evaluate(ParentRunner.java:229)
	at org.junit.runners.ParentRunner.run(ParentRunner.java:309)
	at org.junit.runners.Suite.runChild(Suite.java:127)
	at org.junit.runners.Suite.runChild(Suite.java:26)
	at org.junit.runners.ParentRunner$3.run(ParentRunner.java:238)
	at org.junit.runners.ParentRunner$1.schedule(ParentRunner.java:63)
	at org.junit.runners.ParentRunner.runChildren(ParentRunner.java:236)
	at org.junit.runners.ParentRunner.access$000(ParentRunner.java:53)
	at org.junit.runners.ParentRunner$2.evaluate(ParentRunner.java:229)
	at org.junit.runners.ParentRunner.run(ParentRunner.java:309)
	at org.junit.runner.JUnitCore.run(JUnitCore.java:160)
	at org.junit.runner.JUnitCore.run(JUnitCore.java:138)
	at org.junit.runner.JUnitCore.run(JUnitCore.java:117)
	at sbst.benchmark.coverage.TestExecutionTask.call(TestExecutionTask.java:54)
	at sbst.benchmark.coverage.TestExecutionTask.call(TestExecutionTask.java:15)
	at java.util.concurrent.FutureTask.run(FutureTask.java:266)
	at java.util.concurrent.ThreadPoolExecutor.runWorker(ThreadPoolExecutor.java:1149)
	at java.util.concurrent.ThreadPoolExecutor$Worker.run(ThreadPoolExecutor.java:624)
	at java.lang.Thread.run(Thread.java:750)

Failure: [test(org.ta4j.core.criteria.SqnCriterion_betterThan_13907503981): null]
Failing Tests: test(org.ta4j.core.criteria.SqnCriterion_betterThan_13907503981)
java.lang.NullPointerException
	at org.ta4j.core.criteria.SqnCriterion.betterThan(SqnCriterion.java:121)
	at sun.reflect.NativeMethodAccessorImpl.invoke0(Native Method)
	at sun.reflect.NativeMethodAccessorImpl.invoke(NativeMethodAccessorImpl.java:62)
	at sun.reflect.DelegatingMethodAccessorImpl.invoke(DelegatingMethodAccessorImpl.java:43)
	at java.lang.reflect.Method.invoke(Method.java:498)
	at org.ta4j.core.criteria.ReflectionUtils.callMethod(ReflectionUtils.java:238)
	at org.ta4j.core.criteria.SqnCriterion_betterThan_13907503981.test(SqnCriterion_betterThan_13907503981.java:44)
	at sun.reflect.NativeMethodAccessorImpl.invoke0(Native Method)
	at sun.reflect.NativeMethodAccessorImpl.invoke(NativeMethodAccessorImpl.java:62)
	at sun.reflect.DelegatingMethodAccessorImpl.invoke(DelegatingMethodAccessorImpl.java:43)
	at java.lang.reflect.Method.invoke(Method.java:498)
	at org.junit.runners.model.FrameworkMethod$1.runReflectiveCall(FrameworkMethod.java:47)
	at org.junit.internal.runners.model.ReflectiveCallable.run(ReflectiveCallable.java:12)
	at org.junit.runners.model.FrameworkMethod.invokeExplosively(FrameworkMethod.java:44)
	at org.junit.internal.runners.statements.InvokeMethod.evaluate(InvokeMethod.java:17)
	at org.junit.internal.runners.statements.RunBefores.evaluate(RunBefores.java:26)
	at org.junit.runners.ParentRunner.runLeaf(ParentRunner.java:271)
	at org.junit.runners.BlockJUnit4ClassRunner.runChild(BlockJUnit4ClassRunner.java:70)
	at org.junit.runners.BlockJUnit4ClassRunner.runChild(BlockJUnit4ClassRunner.java:50)
	at org.junit.runners.ParentRunner$3.run(ParentRunner.java:238)
	at org.junit.runners.ParentRunner$1.schedule(ParentRunner.java:63)
	at org.junit.runners.ParentRunner.runChildren(ParentRunner.java:236)
	at org.junit.runners.ParentRunner.access$000(ParentRunner.java:53)
	at org.junit.runners.ParentRunner$2.evaluate(ParentRunner.java:229)
	at org.junit.runners.ParentRunner.run(ParentRunner.java:309)
	at org.junit.runners.Suite.runChild(Suite.java:127)
	at org.junit.runners.Suite.runChild(Suite.java:26)
	at org.junit.runners.ParentRunner$3.run(ParentRunner.java:238)
	at org.junit.runners.ParentRunner$1.schedule(ParentRunner.java:63)
	at org.junit.runners.ParentRunner.runChildren(ParentRunner.java:236)
	at org.junit.runners.ParentRunner.access$000(ParentRunner.java:53)
	at org.junit.runners.ParentRunner$2.evaluate(ParentRunner.java:229)
	at org.junit.runners.ParentRunner.run(ParentRunner.java:309)
	at org.junit.runner.JUnitCore.run(JUnitCore.java:160)
	at org.junit.runner.JUnitCore.run(JUnitCore.java:138)
	at org.junit.runner.JUnitCore.run(JUnitCore.java:117)
	at sbst.benchmark.coverage.TestExecutionTask.call(TestExecutionTask.java:54)
	at sbst.benchmark.coverage.TestExecutionTask.call(TestExecutionTask.java:15)
	at java.util.concurrent.FutureTask.run(FutureTask.java:266)
	at java.util.concurrent.ThreadPoolExecutor.runWorker(ThreadPoolExecutor.java:1149)
	at java.util.concurrent.ThreadPoolExecutor$Worker.run(ThreadPoolExecutor.java:624)
	at java.lang.Thread.run(Thread.java:750)

Failure: [test(org.ta4j.core.criteria.SqnCriterion_calculate_10589977990): null]
Failing Tests: test(org.ta4j.core.criteria.SqnCriterion_calculate_10589977990)
java.lang.NullPointerException
	at org.ta4j.core.criteria.SqnCriterion.calculate(SqnCriterion.java:102)
	at sun.reflect.NativeMethodAccessorImpl.invoke0(Native Method)
	at sun.reflect.NativeMethodAccessorImpl.invoke(NativeMethodAccessorImpl.java:62)
	at sun.reflect.DelegatingMethodAccessorImpl.invoke(DelegatingMethodAccessorImpl.java:43)
	at java.lang.reflect.Method.invoke(Method.java:498)
	at org.ta4j.core.criteria.ReflectionUtils.callMethod(ReflectionUtils.java:238)
	at org.ta4j.core.criteria.SqnCriterion_calculate_10589977990.test(SqnCriterion_calculate_10589977990.java:55)
	at sun.reflect.NativeMethodAccessorImpl.invoke0(Native Method)
	at sun.reflect.NativeMethodAccessorImpl.invoke(NativeMethodAccessorImpl.java:62)
	at sun.reflect.DelegatingMethodAccessorImpl.invoke(DelegatingMethodAccessorImpl.java:43)
	at java.lang.reflect.Method.invoke(Method.java:498)
	at org.junit.runners.model.FrameworkMethod$1.runReflectiveCall(FrameworkMethod.java:47)
	at org.junit.internal.runners.model.ReflectiveCallable.run(ReflectiveCallable.java:12)
	at org.junit.runners.model.FrameworkMethod.invokeExplosively(FrameworkMethod.java:44)
	at org.junit.internal.runners.statements.InvokeMethod.evaluate(InvokeMethod.java:17)
	at org.junit.internal.runners.statements.RunBefores.evaluate(RunBefores.java:26)
	at org.junit.runners.ParentRunner.runLeaf(ParentRunner.java:271)
	at org.junit.runners.BlockJUnit4ClassRunner.runChild(BlockJUnit4ClassRunner.java:70)
	at org.junit.runners.BlockJUnit4ClassRunner.runChild(BlockJUnit4ClassRunner.java:50)
	at org.junit.runners.ParentRunner$3.run(ParentRunner.java:238)
	at org.junit.runners.ParentRunner$1.schedule(ParentRunner.java:63)
	at org.junit.runners.ParentRunner.runChildren(ParentRunner.java:236)
	at org.junit.runners.ParentRunner.access$000(ParentRunner.java:53)
	at org.junit.runners.ParentRunner$2.evaluate(ParentRunner.java:229)
	at org.junit.runners.ParentRunner.run(ParentRunner.java:309)
	at org.junit.runners.Suite.runChild(Suite.java:127)
	at org.junit.runners.Suite.runChild(Suite.java:26)
	at org.junit.runners.ParentRunner$3.run(ParentRunner.java:238)
	at org.junit.runners.ParentRunner$1.schedule(ParentRunner.java:63)
	at org.junit.runners.ParentRunner.runChildren(ParentRunner.java:236)
	at org.junit.runners.ParentRunner.access$000(ParentRunner.java:53)
	at org.junit.runners.ParentRunner$2.evaluate(ParentRunner.java:229)
	at org.junit.runners.ParentRunner.run(ParentRunner.java:309)
	at org.junit.runner.JUnitCore.run(JUnitCore.java:160)
	at org.junit.runner.JUnitCore.run(JUnitCore.java:138)
	at org.junit.runner.JUnitCore.run(JUnitCore.java:117)
	at sbst.benchmark.coverage.TestExecutionTask.call(TestExecutionTask.java:54)
	at sbst.benchmark.coverage.TestExecutionTask.call(TestExecutionTask.java:15)
	at java.util.concurrent.FutureTask.run(FutureTask.java:266)
	at java.util.concurrent.ThreadPoolExecutor.runWorker(ThreadPoolExecutor.java:1149)
	at java.util.concurrent.ThreadPoolExecutor$Worker.run(ThreadPoolExecutor.java:624)
	at java.lang.Thread.run(Thread.java:750)

Failure: [test(org.ta4j.core.criteria.SqnCriterion_calculate_10589977991): null]
Failing Tests: test(org.ta4j.core.criteria.SqnCriterion_calculate_10589977991)
java.lang.NullPointerException
	at org.ta4j.core.criteria.SqnCriterion.calculate(SqnCriterion.java:102)
	at sun.reflect.NativeMethodAccessorImpl.invoke0(Native Method)
	at sun.reflect.NativeMethodAccessorImpl.invoke(NativeMethodAccessorImpl.java:62)
	at sun.reflect.DelegatingMethodAccessorImpl.invoke(DelegatingMethodAccessorImpl.java:43)
	at java.lang.reflect.Method.invoke(Method.java:498)
	at org.ta4j.core.criteria.ReflectionUtils.callMethod(ReflectionUtils.java:238)
	at org.ta4j.core.criteria.SqnCriterion_calculate_10589977991.test(SqnCriterion_calculate_10589977991.java:44)
	at sun.reflect.NativeMethodAccessorImpl.invoke0(Native Method)
	at sun.reflect.NativeMethodAccessorImpl.invoke(NativeMethodAccessorImpl.java:62)
	at sun.reflect.DelegatingMethodAccessorImpl.invoke(DelegatingMethodAccessorImpl.java:43)
	at java.lang.reflect.Method.invoke(Method.java:498)
	at org.junit.runners.model.FrameworkMethod$1.runReflectiveCall(FrameworkMethod.java:47)
	at org.junit.internal.runners.model.ReflectiveCallable.run(ReflectiveCallable.java:12)
	at org.junit.runners.model.FrameworkMethod.invokeExplosively(FrameworkMethod.java:44)
	at org.junit.internal.runners.statements.InvokeMethod.evaluate(InvokeMethod.java:17)
	at org.junit.internal.runners.statements.RunBefores.evaluate(RunBefores.java:26)
	at org.junit.runners.ParentRunner.runLeaf(ParentRunner.java:271)
	at org.junit.runners.BlockJUnit4ClassRunner.runChild(BlockJUnit4ClassRunner.java:70)
	at org.junit.runners.BlockJUnit4ClassRunner.runChild(BlockJUnit4ClassRunner.java:50)
	at org.junit.runners.ParentRunner$3.run(ParentRunner.java:238)
	at org.junit.runners.ParentRunner$1.schedule(ParentRunner.java:63)
	at org.junit.runners.ParentRunner.runChildren(ParentRunner.java:236)
	at org.junit.runners.ParentRunner.access$000(ParentRunner.java:53)
	at org.junit.runners.ParentRunner$2.evaluate(ParentRunner.java:229)
	at org.junit.runners.ParentRunner.run(ParentRunner.java:309)
	at org.junit.runners.Suite.runChild(Suite.java:127)
	at org.junit.runners.Suite.runChild(Suite.java:26)
	at org.junit.runners.ParentRunner$3.run(ParentRunner.java:238)
	at org.junit.runners.ParentRunner$1.schedule(ParentRunner.java:63)
	at org.junit.runners.ParentRunner.runChildren(ParentRunner.java:236)
	at org.junit.runners.ParentRunner.access$000(ParentRunner.java:53)
	at org.junit.runners.ParentRunner$2.evaluate(ParentRunner.java:229)
	at org.junit.runners.ParentRunner.run(ParentRunner.java:309)
	at org.junit.runner.JUnitCore.run(JUnitCore.java:160)
	at org.junit.runner.JUnitCore.run(JUnitCore.java:138)
	at org.junit.runner.JUnitCore.run(JUnitCore.java:117)
	at sbst.benchmark.coverage.TestExecutionTask.call(TestExecutionTask.java:54)
	at sbst.benchmark.coverage.TestExecutionTask.call(TestExecutionTask.java:15)
	at java.util.concurrent.FutureTask.run(FutureTask.java:266)
	at java.util.concurrent.ThreadPoolExecutor.runWorker(ThreadPoolExecutor.java:1149)
	at java.util.concurrent.ThreadPoolExecutor$Worker.run(ThreadPoolExecutor.java:624)
	at java.lang.Thread.run(Thread.java:750)

Failure: [test(org.ta4j.core.criteria.SqnCriterion_calculate_9320927640): null]
Failing Tests: test(org.ta4j.core.criteria.SqnCriterion_calculate_9320927640)
java.lang.NullPointerException
	at org.ta4j.core.criteria.NumberOfPositionsCriterion.calculate(NumberOfPositionsCriterion.java:38)
	at org.ta4j.core.criteria.SqnCriterion.calculate(SqnCriterion.java:89)
	at sun.reflect.NativeMethodAccessorImpl.invoke0(Native Method)
	at sun.reflect.NativeMethodAccessorImpl.invoke(NativeMethodAccessorImpl.java:62)
	at sun.reflect.DelegatingMethodAccessorImpl.invoke(DelegatingMethodAccessorImpl.java:43)
	at java.lang.reflect.Method.invoke(Method.java:498)
	at org.ta4j.core.criteria.ReflectionUtils.callMethod(ReflectionUtils.java:238)
	at org.ta4j.core.criteria.SqnCriterion_calculate_9320927640.test(SqnCriterion_calculate_9320927640.java:87)
	at sun.reflect.NativeMethodAccessorImpl.invoke0(Native Method)
	at sun.reflect.NativeMethodAccessorImpl.invoke(NativeMethodAccessorImpl.java:62)
	at sun.reflect.DelegatingMethodAccessorImpl.invoke(DelegatingMethodAccessorImpl.java:43)
	at java.lang.reflect.Method.invoke(Method.java:498)
	at org.junit.runners.model.FrameworkMethod$1.runReflectiveCall(FrameworkMethod.java:47)
	at org.junit.internal.runners.model.ReflectiveCallable.run(ReflectiveCallable.java:12)
	at org.junit.runners.model.FrameworkMethod.invokeExplosively(FrameworkMethod.java:44)
	at org.junit.internal.runners.statements.InvokeMethod.evaluate(InvokeMethod.java:17)
	at org.junit.internal.runners.statements.RunBefores.evaluate(RunBefores.java:26)
	at org.junit.runners.ParentRunner.runLeaf(ParentRunner.java:271)
	at org.junit.runners.BlockJUnit4ClassRunner.runChild(BlockJUnit4ClassRunner.java:70)
	at org.junit.runners.BlockJUnit4ClassRunner.runChild(BlockJUnit4ClassRunner.java:50)
	at org.junit.runners.ParentRunner$3.run(ParentRunner.java:238)
	at org.junit.runners.ParentRunner$1.schedule(ParentRunner.java:63)
	at org.junit.runners.ParentRunner.runChildren(ParentRunner.java:236)
	at org.junit.runners.ParentRunner.access$000(ParentRunner.java:53)
	at org.junit.runners.ParentRunner$2.evaluate(ParentRunner.java:229)
	at org.junit.runners.ParentRunner.run(ParentRunner.java:309)
	at org.junit.runners.Suite.runChild(Suite.java:127)
	at org.junit.runners.Suite.runChild(Suite.java:26)
	at org.junit.runners.ParentRunner$3.run(ParentRunner.java:238)
	at org.junit.runners.ParentRunner$1.schedule(ParentRunner.java:63)
	at org.junit.runners.ParentRunner.runChildren(ParentRunner.java:236)
	at org.junit.runners.ParentRunner.access$000(ParentRunner.java:53)
	at org.junit.runners.ParentRunner$2.evaluate(ParentRunner.java:229)
	at org.junit.runners.ParentRunner.run(ParentRunner.java:309)
	at org.junit.runner.JUnitCore.run(JUnitCore.java:160)
	at org.junit.runner.JUnitCore.run(JUnitCore.java:138)
	at org.junit.runner.JUnitCore.run(JUnitCore.java:117)
	at sbst.benchmark.coverage.TestExecutionTask.call(TestExecutionTask.java:54)
	at sbst.benchmark.coverage.TestExecutionTask.call(TestExecutionTask.java:15)
	at java.util.concurrent.FutureTask.run(FutureTask.java:266)
	at java.util.concurrent.ThreadPoolExecutor.runWorker(ThreadPoolExecutor.java:1149)
	at java.util.concurrent.ThreadPoolExecutor$Worker.run(ThreadPoolExecutor.java:624)
	at java.lang.Thread.run(Thread.java:750)

Failure: [test(org.ta4j.core.criteria.SqnCriterion_calculate_9320927641): null]
Failing Tests: test(org.ta4j.core.criteria.SqnCriterion_calculate_9320927641)
java.lang.NullPointerException
	at org.ta4j.core.criteria.SqnCriterion.calculate(SqnCriterion.java:89)
	at sun.reflect.NativeMethodAccessorImpl.invoke0(Native Method)
	at sun.reflect.NativeMethodAccessorImpl.invoke(NativeMethodAccessorImpl.java:62)
	at sun.reflect.DelegatingMethodAccessorImpl.invoke(DelegatingMethodAccessorImpl.java:43)
	at java.lang.reflect.Method.invoke(Method.java:498)
	at org.ta4j.core.criteria.ReflectionUtils.callMethod(ReflectionUtils.java:238)
	at org.ta4j.core.criteria.SqnCriterion_calculate_9320927641.test(SqnCriterion_calculate_9320927641.java:44)
	at sun.reflect.NativeMethodAccessorImpl.invoke0(Native Method)
	at sun.reflect.NativeMethodAccessorImpl.invoke(NativeMethodAccessorImpl.java:62)
	at sun.reflect.DelegatingMethodAccessorImpl.invoke(DelegatingMethodAccessorImpl.java:43)
	at java.lang.reflect.Method.invoke(Method.java:498)
	at org.junit.runners.model.FrameworkMethod$1.runReflectiveCall(FrameworkMethod.java:47)
	at org.junit.internal.runners.model.ReflectiveCallable.run(ReflectiveCallable.java:12)
	at org.junit.runners.model.FrameworkMethod.invokeExplosively(FrameworkMethod.java:44)
	at org.junit.internal.runners.statements.InvokeMethod.evaluate(InvokeMethod.java:17)
	at org.junit.internal.runners.statements.RunBefores.evaluate(RunBefores.java:26)
	at org.junit.runners.ParentRunner.runLeaf(ParentRunner.java:271)
	at org.junit.runners.BlockJUnit4ClassRunner.runChild(BlockJUnit4ClassRunner.java:70)
	at org.junit.runners.BlockJUnit4ClassRunner.runChild(BlockJUnit4ClassRunner.java:50)
	at org.junit.runners.ParentRunner$3.run(ParentRunner.java:238)
	at org.junit.runners.ParentRunner$1.schedule(ParentRunner.java:63)
	at org.junit.runners.ParentRunner.runChildren(ParentRunner.java:236)
	at org.junit.runners.ParentRunner.access$000(ParentRunner.java:53)
	at org.junit.runners.ParentRunner$2.evaluate(ParentRunner.java:229)
	at org.junit.runners.ParentRunner.run(ParentRunner.java:309)
	at org.junit.runners.Suite.runChild(Suite.java:127)
	at org.junit.runners.Suite.runChild(Suite.java:26)
	at org.junit.runners.ParentRunner$3.run(ParentRunner.java:238)
	at org.junit.runners.ParentRunner$1.schedule(ParentRunner.java:63)
	at org.junit.runners.ParentRunner.runChildren(ParentRunner.java:236)
	at org.junit.runners.ParentRunner.access$000(ParentRunner.java:53)
	at org.junit.runners.ParentRunner$2.evaluate(ParentRunner.java:229)
	at org.junit.runners.ParentRunner.run(ParentRunner.java:309)
	at org.junit.runner.JUnitCore.run(JUnitCore.java:160)
	at org.junit.runner.JUnitCore.run(JUnitCore.java:138)
	at org.junit.runner.JUnitCore.run(JUnitCore.java:117)
	at sbst.benchmark.coverage.TestExecutionTask.call(TestExecutionTask.java:54)
	at sbst.benchmark.coverage.TestExecutionTask.call(TestExecutionTask.java:15)
	at java.util.concurrent.FutureTask.run(FutureTask.java:266)
	at java.util.concurrent.ThreadPoolExecutor.runWorker(ThreadPoolExecutor.java:1149)
	at java.util.concurrent.ThreadPoolExecutor$Worker.run(ThreadPoolExecutor.java:624)
	at java.lang.Thread.run(Thread.java:750)

Executions terminated
Failure: [initializationError(org.ta4j.core.criteria.EqualityUtils): No runnable methods]
Running the tests: [SBSTDummyForCoverageAndMutationCalculation, org.ta4j.core.criteria.EqualityUtils, org.ta4j.core.criteria.ReflectionUtils, org.ta4j.core.criteria.SqnCriterion_betterThan_13907503980, org.ta4j.core.criteria.SqnCriterion_betterThan_13907503981, org.ta4j.core.criteria.SqnCriterion_calculate_10589977990, org.ta4j.core.criteria.SqnCriterion_calculate_10589977991, org.ta4j.core.criteria.SqnCriterion_calculate_9320927640, org.ta4j.core.criteria.SqnCriterion_calculate_9320927641, org.ta4j.core.criteria.SqnCriterion_init_11885355830, org.ta4j.core.criteria.SqnCriterion_init_11885355831, org.ta4j.core.criteria.SqnCriterion_init_2432480450, org.ta4j.core.criteria.SqnCriterion_init_2432480451, org.ta4j.core.criteria.SqnCriterion_init_4574676170, org.ta4j.core.criteria.SqnCriterion_init_4574676171]
Failing Tests: initializationError(org.ta4j.core.criteria.EqualityUtils)
java.lang.Exception: No runnable methods
	at org.junit.runners.BlockJUnit4ClassRunner.validateInstanceMethods(BlockJUnit4ClassRunner.java:169)
	at org.junit.runners.BlockJUnit4ClassRunner.collectInitializationErrors(BlockJUnit4ClassRunner.java:104)
	at org.junit.runners.ParentRunner.validate(ParentRunner.java:355)
	at org.junit.runners.ParentRunner.<init>(ParentRunner.java:76)
	at org.junit.runners.BlockJUnit4ClassRunner.<init>(BlockJUnit4ClassRunner.java:57)
	at org.junit.internal.builders.JUnit4Builder.runnerForClass(JUnit4Builder.java:10)
	at org.junit.runners.model.RunnerBuilder.safeRunnerForClass(RunnerBuilder.java:59)
	at org.junit.internal.builders.AllDefaultPossibilitiesBuilder.runnerForClass(AllDefaultPossibilitiesBuilder.java:26)
	at org.junit.runner.Computer.getRunner(Computer.java:40)
	at org.junit.runner.Computer$1.runnerForClass(Computer.java:31)
	at org.junit.runners.model.RunnerBuilder.safeRunnerForClass(RunnerBuilder.java:59)
	at org.junit.runners.model.RunnerBuilder.runners(RunnerBuilder.java:101)
	at org.junit.runners.model.RunnerBuilder.runners(RunnerBuilder.java:87)
	at org.junit.runners.Suite.<init>(Suite.java:80)
	at org.junit.runner.Computer.getSuite(Computer.java:28)
	at org.junit.runner.Request.classes(Request.java:75)
	at org.junit.runner.JUnitCore.run(JUnitCore.java:117)
	at sbst.benchmark.coverage.TestExecutionTask.call(TestExecutionTask.java:54)
	at sbst.benchmark.coverage.TestExecutionTask.call(TestExecutionTask.java:15)
	at java.util.concurrent.FutureTask.run(FutureTask.java:266)
	at java.util.concurrent.ThreadPoolExecutor.runWorker(ThreadPoolExecutor.java:1149)
	at java.util.concurrent.ThreadPoolExecutor$Worker.run(ThreadPoolExecutor.java:624)
	at java.lang.Thread.run(Thread.java:750)

Failure: [initializationError(org.ta4j.core.criteria.ReflectionUtils): No runnable methods]
Failing Tests: initializationError(org.ta4j.core.criteria.ReflectionUtils)
java.lang.Exception: No runnable methods
	at org.junit.runners.BlockJUnit4ClassRunner.validateInstanceMethods(BlockJUnit4ClassRunner.java:169)
	at org.junit.runners.BlockJUnit4ClassRunner.collectInitializationErrors(BlockJUnit4ClassRunner.java:104)
	at org.junit.runners.ParentRunner.validate(ParentRunner.java:355)
	at org.junit.runners.ParentRunner.<init>(ParentRunner.java:76)
	at org.junit.runners.BlockJUnit4ClassRunner.<init>(BlockJUnit4ClassRunner.java:57)
	at org.junit.internal.builders.JUnit4Builder.runnerForClass(JUnit4Builder.java:10)
	at org.junit.runners.model.RunnerBuilder.safeRunnerForClass(RunnerBuilder.java:59)
	at org.junit.internal.builders.AllDefaultPossibilitiesBuilder.runnerForClass(AllDefaultPossibilitiesBuilder.java:26)
	at org.junit.runner.Computer.getRunner(Computer.java:40)
	at org.junit.runner.Computer$1.runnerForClass(Computer.java:31)
	at org.junit.runners.model.RunnerBuilder.safeRunnerForClass(RunnerBuilder.java:59)
	at org.junit.runners.model.RunnerBuilder.runners(RunnerBuilder.java:101)
	at org.junit.runners.model.RunnerBuilder.runners(RunnerBuilder.java:87)
	at org.junit.runners.Suite.<init>(Suite.java:80)
	at org.junit.runner.Computer.getSuite(Computer.java:28)
	at org.junit.runner.Request.classes(Request.java:75)
	at org.junit.runner.JUnitCore.run(JUnitCore.java:117)
	at sbst.benchmark.coverage.TestExecutionTask.call(TestExecutionTask.java:54)
	at sbst.benchmark.coverage.TestExecutionTask.call(TestExecutionTask.java:15)
	at java.util.concurrent.FutureTask.run(FutureTask.java:266)
	at java.util.concurrent.ThreadPoolExecutor.runWorker(ThreadPoolExecutor.java:1149)
	at java.util.concurrent.ThreadPoolExecutor$Worker.run(ThreadPoolExecutor.java:624)
	at java.lang.Thread.run(Thread.java:750)

Failure: [test(org.ta4j.core.criteria.SqnCriterion_betterThan_13907503980): null]
Failing Tests: test(org.ta4j.core.criteria.SqnCriterion_betterThan_13907503980)
java.lang.NullPointerException
	at org.ta4j.core.criteria.SqnCriterion.betterThan(SqnCriterion.java:121)
	at sun.reflect.NativeMethodAccessorImpl.invoke0(Native Method)
	at sun.reflect.NativeMethodAccessorImpl.invoke(NativeMethodAccessorImpl.java:62)
	at sun.reflect.DelegatingMethodAccessorImpl.invoke(DelegatingMethodAccessorImpl.java:43)
	at java.lang.reflect.Method.invoke(Method.java:498)
	at org.ta4j.core.criteria.ReflectionUtils.callMethod(ReflectionUtils.java:238)
	at org.ta4j.core.criteria.SqnCriterion_betterThan_13907503980.test(SqnCriterion_betterThan_13907503980.java:55)
	at sun.reflect.NativeMethodAccessorImpl.invoke0(Native Method)
	at sun.reflect.NativeMethodAccessorImpl.invoke(NativeMethodAccessorImpl.java:62)
	at sun.reflect.DelegatingMethodAccessorImpl.invoke(DelegatingMethodAccessorImpl.java:43)
	at java.lang.reflect.Method.invoke(Method.java:498)
	at org.junit.runners.model.FrameworkMethod$1.runReflectiveCall(FrameworkMethod.java:47)
	at org.junit.internal.runners.model.ReflectiveCallable.run(ReflectiveCallable.java:12)
	at org.junit.runners.model.FrameworkMethod.invokeExplosively(FrameworkMethod.java:44)
	at org.junit.internal.runners.statements.InvokeMethod.evaluate(InvokeMethod.java:17)
	at org.junit.internal.runners.statements.RunBefores.evaluate(RunBefores.java:26)
	at org.junit.runners.ParentRunner.runLeaf(ParentRunner.java:271)
	at org.junit.runners.BlockJUnit4ClassRunner.runChild(BlockJUnit4ClassRunner.java:70)
	at org.junit.runners.BlockJUnit4ClassRunner.runChild(BlockJUnit4ClassRunner.java:50)
	at org.junit.runners.ParentRunner$3.run(ParentRunner.java:238)
	at org.junit.runners.ParentRunner$1.schedule(ParentRunner.java:63)
	at org.junit.runners.ParentRunner.runChildren(ParentRunner.java:236)
	at org.junit.runners.ParentRunner.access$000(ParentRunner.java:53)
	at org.junit.runners.ParentRunner$2.evaluate(ParentRunner.java:229)
	at org.junit.runners.ParentRunner.run(ParentRunner.java:309)
	at org.junit.runners.Suite.runChild(Suite.java:127)
	at org.junit.runners.Suite.runChild(Suite.java:26)
	at org.junit.runners.ParentRunner$3.run(ParentRunner.java:238)
	at org.junit.runners.ParentRunner$1.schedule(ParentRunner.java:63)
	at org.junit.runners.ParentRunner.runChildren(ParentRunner.java:236)
	at org.junit.runners.ParentRunner.access$000(ParentRunner.java:53)
	at org.junit.runners.ParentRunner$2.evaluate(ParentRunner.java:229)
	at org.junit.runners.ParentRunner.run(ParentRunner.java:309)
	at org.junit.runner.JUnitCore.run(JUnitCore.java:160)
	at org.junit.runner.JUnitCore.run(JUnitCore.java:138)
	at org.junit.runner.JUnitCore.run(JUnitCore.java:117)
	at sbst.benchmark.coverage.TestExecutionTask.call(TestExecutionTask.java:54)
	at sbst.benchmark.coverage.TestExecutionTask.call(TestExecutionTask.java:15)
	at java.util.concurrent.FutureTask.run(FutureTask.java:266)
	at java.util.concurrent.ThreadPoolExecutor.runWorker(ThreadPoolExecutor.java:1149)
	at java.util.concurrent.ThreadPoolExecutor$Worker.run(ThreadPoolExecutor.java:624)
	at java.lang.Thread.run(Thread.java:750)

Failure: [test(org.ta4j.core.criteria.SqnCriterion_betterThan_13907503981): null]
Failing Tests: test(org.ta4j.core.criteria.SqnCriterion_betterThan_13907503981)
java.lang.NullPointerException
	at org.ta4j.core.criteria.SqnCriterion.betterThan(SqnCriterion.java:121)
	at sun.reflect.NativeMethodAccessorImpl.invoke0(Native Method)
	at sun.reflect.NativeMethodAccessorImpl.invoke(NativeMethodAccessorImpl.java:62)
	at sun.reflect.DelegatingMethodAccessorImpl.invoke(DelegatingMethodAccessorImpl.java:43)
	at java.lang.reflect.Method.invoke(Method.java:498)
	at org.ta4j.core.criteria.ReflectionUtils.callMethod(ReflectionUtils.java:238)
	at org.ta4j.core.criteria.SqnCriterion_betterThan_13907503981.test(SqnCriterion_betterThan_13907503981.java:44)
	at sun.reflect.NativeMethodAccessorImpl.invoke0(Native Method)
	at sun.reflect.NativeMethodAccessorImpl.invoke(NativeMethodAccessorImpl.java:62)
	at sun.reflect.DelegatingMethodAccessorImpl.invoke(DelegatingMethodAccessorImpl.java:43)
	at java.lang.reflect.Method.invoke(Method.java:498)
	at org.junit.runners.model.FrameworkMethod$1.runReflectiveCall(FrameworkMethod.java:47)
	at org.junit.internal.runners.model.ReflectiveCallable.run(ReflectiveCallable.java:12)
	at org.junit.runners.model.FrameworkMethod.invokeExplosively(FrameworkMethod.java:44)
	at org.junit.internal.runners.statements.InvokeMethod.evaluate(InvokeMethod.java:17)
	at org.junit.internal.runners.statements.RunBefores.evaluate(RunBefores.java:26)
	at org.junit.runners.ParentRunner.runLeaf(ParentRunner.java:271)
	at org.junit.runners.BlockJUnit4ClassRunner.runChild(BlockJUnit4ClassRunner.java:70)
	at org.junit.runners.BlockJUnit4ClassRunner.runChild(BlockJUnit4ClassRunner.java:50)
	at org.junit.runners.ParentRunner$3.run(ParentRunner.java:238)
	at org.junit.runners.ParentRunner$1.schedule(ParentRunner.java:63)
	at org.junit.runners.ParentRunner.runChildren(ParentRunner.java:236)
	at org.junit.runners.ParentRunner.access$000(ParentRunner.java:53)
	at org.junit.runners.ParentRunner$2.evaluate(ParentRunner.java:229)
	at org.junit.runners.ParentRunner.run(ParentRunner.java:309)
	at org.junit.runners.Suite.runChild(Suite.java:127)
	at org.junit.runners.Suite.runChild(Suite.java:26)
	at org.junit.runners.ParentRunner$3.run(ParentRunner.java:238)
	at org.junit.runners.ParentRunner$1.schedule(ParentRunner.java:63)
	at org.junit.runners.ParentRunner.runChildren(ParentRunner.java:236)
	at org.junit.runners.ParentRunner.access$000(ParentRunner.java:53)
	at org.junit.runners.ParentRunner$2.evaluate(ParentRunner.java:229)
	at org.junit.runners.ParentRunner.run(ParentRunner.java:309)
	at org.junit.runner.JUnitCore.run(JUnitCore.java:160)
	at org.junit.runner.JUnitCore.run(JUnitCore.java:138)
	at org.junit.runner.JUnitCore.run(JUnitCore.java:117)
	at sbst.benchmark.coverage.TestExecutionTask.call(TestExecutionTask.java:54)
	at sbst.benchmark.coverage.TestExecutionTask.call(TestExecutionTask.java:15)
	at java.util.concurrent.FutureTask.run(FutureTask.java:266)
	at java.util.concurrent.ThreadPoolExecutor.runWorker(ThreadPoolExecutor.java:1149)
	at java.util.concurrent.ThreadPoolExecutor$Worker.run(ThreadPoolExecutor.java:624)
	at java.lang.Thread.run(Thread.java:750)

Failure: [test(org.ta4j.core.criteria.SqnCriterion_calculate_10589977990): null]
Failing Tests: test(org.ta4j.core.criteria.SqnCriterion_calculate_10589977990)
java.lang.NullPointerException
	at org.ta4j.core.criteria.SqnCriterion.calculate(SqnCriterion.java:102)
	at sun.reflect.NativeMethodAccessorImpl.invoke0(Native Method)
	at sun.reflect.NativeMethodAccessorImpl.invoke(NativeMethodAccessorImpl.java:62)
	at sun.reflect.DelegatingMethodAccessorImpl.invoke(DelegatingMethodAccessorImpl.java:43)
	at java.lang.reflect.Method.invoke(Method.java:498)
	at org.ta4j.core.criteria.ReflectionUtils.callMethod(ReflectionUtils.java:238)
	at org.ta4j.core.criteria.SqnCriterion_calculate_10589977990.test(SqnCriterion_calculate_10589977990.java:55)
	at sun.reflect.NativeMethodAccessorImpl.invoke0(Native Method)
	at sun.reflect.NativeMethodAccessorImpl.invoke(NativeMethodAccessorImpl.java:62)
	at sun.reflect.DelegatingMethodAccessorImpl.invoke(DelegatingMethodAccessorImpl.java:43)
	at java.lang.reflect.Method.invoke(Method.java:498)
	at org.junit.runners.model.FrameworkMethod$1.runReflectiveCall(FrameworkMethod.java:47)
	at org.junit.internal.runners.model.ReflectiveCallable.run(ReflectiveCallable.java:12)
	at org.junit.runners.model.FrameworkMethod.invokeExplosively(FrameworkMethod.java:44)
	at org.junit.internal.runners.statements.InvokeMethod.evaluate(InvokeMethod.java:17)
	at org.junit.internal.runners.statements.RunBefores.evaluate(RunBefores.java:26)
	at org.junit.runners.ParentRunner.runLeaf(ParentRunner.java:271)
	at org.junit.runners.BlockJUnit4ClassRunner.runChild(BlockJUnit4ClassRunner.java:70)
	at org.junit.runners.BlockJUnit4ClassRunner.runChild(BlockJUnit4ClassRunner.java:50)
	at org.junit.runners.ParentRunner$3.run(ParentRunner.java:238)
	at org.junit.runners.ParentRunner$1.schedule(ParentRunner.java:63)
	at org.junit.runners.ParentRunner.runChildren(ParentRunner.java:236)
	at org.junit.runners.ParentRunner.access$000(ParentRunner.java:53)
	at org.junit.runners.ParentRunner$2.evaluate(ParentRunner.java:229)
	at org.junit.runners.ParentRunner.run(ParentRunner.java:309)
	at org.junit.runners.Suite.runChild(Suite.java:127)
	at org.junit.runners.Suite.runChild(Suite.java:26)
	at org.junit.runners.ParentRunner$3.run(ParentRunner.java:238)
	at org.junit.runners.ParentRunner$1.schedule(ParentRunner.java:63)
	at org.junit.runners.ParentRunner.runChildren(ParentRunner.java:236)
	at org.junit.runners.ParentRunner.access$000(ParentRunner.java:53)
	at org.junit.runners.ParentRunner$2.evaluate(ParentRunner.java:229)
	at org.junit.runners.ParentRunner.run(ParentRunner.java:309)
	at org.junit.runner.JUnitCore.run(JUnitCore.java:160)
	at org.junit.runner.JUnitCore.run(JUnitCore.java:138)
	at org.junit.runner.JUnitCore.run(JUnitCore.java:117)
	at sbst.benchmark.coverage.TestExecutionTask.call(TestExecutionTask.java:54)
	at sbst.benchmark.coverage.TestExecutionTask.call(TestExecutionTask.java:15)
	at java.util.concurrent.FutureTask.run(FutureTask.java:266)
	at java.util.concurrent.ThreadPoolExecutor.runWorker(ThreadPoolExecutor.java:1149)
	at java.util.concurrent.ThreadPoolExecutor$Worker.run(ThreadPoolExecutor.java:624)
	at java.lang.Thread.run(Thread.java:750)

Failure: [test(org.ta4j.core.criteria.SqnCriterion_calculate_10589977991): null]
Failing Tests: test(org.ta4j.core.criteria.SqnCriterion_calculate_10589977991)
java.lang.NullPointerException
	at org.ta4j.core.criteria.SqnCriterion.calculate(SqnCriterion.java:102)
	at sun.reflect.NativeMethodAccessorImpl.invoke0(Native Method)
	at sun.reflect.NativeMethodAccessorImpl.invoke(NativeMethodAccessorImpl.java:62)
	at sun.reflect.DelegatingMethodAccessorImpl.invoke(DelegatingMethodAccessorImpl.java:43)
	at java.lang.reflect.Method.invoke(Method.java:498)
	at org.ta4j.core.criteria.ReflectionUtils.callMethod(ReflectionUtils.java:238)
	at org.ta4j.core.criteria.SqnCriterion_calculate_10589977991.test(SqnCriterion_calculate_10589977991.java:44)
	at sun.reflect.NativeMethodAccessorImpl.invoke0(Native Method)
	at sun.reflect.NativeMethodAccessorImpl.invoke(NativeMethodAccessorImpl.java:62)
	at sun.reflect.DelegatingMethodAccessorImpl.invoke(DelegatingMethodAccessorImpl.java:43)
	at java.lang.reflect.Method.invoke(Method.java:498)
	at org.junit.runners.model.FrameworkMethod$1.runReflectiveCall(FrameworkMethod.java:47)
	at org.junit.internal.runners.model.ReflectiveCallable.run(ReflectiveCallable.java:12)
	at org.junit.runners.model.FrameworkMethod.invokeExplosively(FrameworkMethod.java:44)
	at org.junit.internal.runners.statements.InvokeMethod.evaluate(InvokeMethod.java:17)
	at org.junit.internal.runners.statements.RunBefores.evaluate(RunBefores.java:26)
	at org.junit.runners.ParentRunner.runLeaf(ParentRunner.java:271)
	at org.junit.runners.BlockJUnit4ClassRunner.runChild(BlockJUnit4ClassRunner.java:70)
	at org.junit.runners.BlockJUnit4ClassRunner.runChild(BlockJUnit4ClassRunner.java:50)
	at org.junit.runners.ParentRunner$3.run(ParentRunner.java:238)
	at org.junit.runners.ParentRunner$1.schedule(ParentRunner.java:63)
	at org.junit.runners.ParentRunner.runChildren(ParentRunner.java:236)
	at org.junit.runners.ParentRunner.access$000(ParentRunner.java:53)
	at org.junit.runners.ParentRunner$2.evaluate(ParentRunner.java:229)
	at org.junit.runners.ParentRunner.run(ParentRunner.java:309)
	at org.junit.runners.Suite.runChild(Suite.java:127)
	at org.junit.runners.Suite.runChild(Suite.java:26)
	at org.junit.runners.ParentRunner$3.run(ParentRunner.java:238)
	at org.junit.runners.ParentRunner$1.schedule(ParentRunner.java:63)
	at org.junit.runners.ParentRunner.runChildren(ParentRunner.java:236)
	at org.junit.runners.ParentRunner.access$000(ParentRunner.java:53)
	at org.junit.runners.ParentRunner$2.evaluate(ParentRunner.java:229)
	at org.junit.runners.ParentRunner.run(ParentRunner.java:309)
	at org.junit.runner.JUnitCore.run(JUnitCore.java:160)
	at org.junit.runner.JUnitCore.run(JUnitCore.java:138)
	at org.junit.runner.JUnitCore.run(JUnitCore.java:117)
	at sbst.benchmark.coverage.TestExecutionTask.call(TestExecutionTask.java:54)
	at sbst.benchmark.coverage.TestExecutionTask.call(TestExecutionTask.java:15)
	at java.util.concurrent.FutureTask.run(FutureTask.java:266)
	at java.util.concurrent.ThreadPoolExecutor.runWorker(ThreadPoolExecutor.java:1149)
	at java.util.concurrent.ThreadPoolExecutor$Worker.run(ThreadPoolExecutor.java:624)
	at java.lang.Thread.run(Thread.java:750)

Failure: [test(org.ta4j.core.criteria.SqnCriterion_calculate_9320927640): null]
Failing Tests: test(org.ta4j.core.criteria.SqnCriterion_calculate_9320927640)
java.lang.NullPointerException
	at org.ta4j.core.criteria.NumberOfPositionsCriterion.calculate(NumberOfPositionsCriterion.java:38)
	at org.ta4j.core.criteria.SqnCriterion.calculate(SqnCriterion.java:89)
	at sun.reflect.NativeMethodAccessorImpl.invoke0(Native Method)
	at sun.reflect.NativeMethodAccessorImpl.invoke(NativeMethodAccessorImpl.java:62)
	at sun.reflect.DelegatingMethodAccessorImpl.invoke(DelegatingMethodAccessorImpl.java:43)
	at java.lang.reflect.Method.invoke(Method.java:498)
	at org.ta4j.core.criteria.ReflectionUtils.callMethod(ReflectionUtils.java:238)
	at org.ta4j.core.criteria.SqnCriterion_calculate_9320927640.test(SqnCriterion_calculate_9320927640.java:87)
	at sun.reflect.NativeMethodAccessorImpl.invoke0(Native Method)
	at sun.reflect.NativeMethodAccessorImpl.invoke(NativeMethodAccessorImpl.java:62)
	at sun.reflect.DelegatingMethodAccessorImpl.invoke(DelegatingMethodAccessorImpl.java:43)
	at java.lang.reflect.Method.invoke(Method.java:498)
	at org.junit.runners.model.FrameworkMethod$1.runReflectiveCall(FrameworkMethod.java:47)
	at org.junit.internal.runners.model.ReflectiveCallable.run(ReflectiveCallable.java:12)
	at org.junit.runners.model.FrameworkMethod.invokeExplosively(FrameworkMethod.java:44)
	at org.junit.internal.runners.statements.InvokeMethod.evaluate(InvokeMethod.java:17)
	at org.junit.internal.runners.statements.RunBefores.evaluate(RunBefores.java:26)
	at org.junit.runners.ParentRunner.runLeaf(ParentRunner.java:271)
	at org.junit.runners.BlockJUnit4ClassRunner.runChild(BlockJUnit4ClassRunner.java:70)
	at org.junit.runners.BlockJUnit4ClassRunner.runChild(BlockJUnit4ClassRunner.java:50)
	at org.junit.runners.ParentRunner$3.run(ParentRunner.java:238)
	at org.junit.runners.ParentRunner$1.schedule(ParentRunner.java:63)
	at org.junit.runners.ParentRunner.runChildren(ParentRunner.java:236)
	at org.junit.runners.ParentRunner.access$000(ParentRunner.java:53)
	at org.junit.runners.ParentRunner$2.evaluate(ParentRunner.java:229)
	at org.junit.runners.ParentRunner.run(ParentRunner.java:309)
	at org.junit.runners.Suite.runChild(Suite.java:127)
	at org.junit.runners.Suite.runChild(Suite.java:26)
	at org.junit.runners.ParentRunner$3.run(ParentRunner.java:238)
	at org.junit.runners.ParentRunner$1.schedule(ParentRunner.java:63)
	at org.junit.runners.ParentRunner.runChildren(ParentRunner.java:236)
	at org.junit.runners.ParentRunner.access$000(ParentRunner.java:53)
	at org.junit.runners.ParentRunner$2.evaluate(ParentRunner.java:229)
	at org.junit.runners.ParentRunner.run(ParentRunner.java:309)
	at org.junit.runner.JUnitCore.run(JUnitCore.java:160)
	at org.junit.runner.JUnitCore.run(JUnitCore.java:138)
	at org.junit.runner.JUnitCore.run(JUnitCore.java:117)
	at sbst.benchmark.coverage.TestExecutionTask.call(TestExecutionTask.java:54)
	at sbst.benchmark.coverage.TestExecutionTask.call(TestExecutionTask.java:15)
	at java.util.concurrent.FutureTask.run(FutureTask.java:266)
	at java.util.concurrent.ThreadPoolExecutor.runWorker(ThreadPoolExecutor.java:1149)
	at java.util.concurrent.ThreadPoolExecutor$Worker.run(ThreadPoolExecutor.java:624)
	at java.lang.Thread.run(Thread.java:750)

Failure: [test(org.ta4j.core.criteria.SqnCriterion_calculate_9320927641): null]
Failing Tests: test(org.ta4j.core.criteria.SqnCriterion_calculate_9320927641)
java.lang.NullPointerException
	at org.ta4j.core.criteria.SqnCriterion.calculate(SqnCriterion.java:89)
	at sun.reflect.NativeMethodAccessorImpl.invoke0(Native Method)
	at sun.reflect.NativeMethodAccessorImpl.invoke(NativeMethodAccessorImpl.java:62)
	at sun.reflect.DelegatingMethodAccessorImpl.invoke(DelegatingMethodAccessorImpl.java:43)
	at java.lang.reflect.Method.invoke(Method.java:498)
	at org.ta4j.core.criteria.ReflectionUtils.callMethod(ReflectionUtils.java:238)
	at org.ta4j.core.criteria.SqnCriterion_calculate_9320927641.test(SqnCriterion_calculate_9320927641.java:44)
	at sun.reflect.NativeMethodAccessorImpl.invoke0(Native Method)
	at sun.reflect.NativeMethodAccessorImpl.invoke(NativeMethodAccessorImpl.java:62)
	at sun.reflect.DelegatingMethodAccessorImpl.invoke(DelegatingMethodAccessorImpl.java:43)
	at java.lang.reflect.Method.invoke(Method.java:498)
	at org.junit.runners.model.FrameworkMethod$1.runReflectiveCall(FrameworkMethod.java:47)
	at org.junit.internal.runners.model.ReflectiveCallable.run(ReflectiveCallable.java:12)
	at org.junit.runners.model.FrameworkMethod.invokeExplosively(FrameworkMethod.java:44)
	at org.junit.internal.runners.statements.InvokeMethod.evaluate(InvokeMethod.java:17)
	at org.junit.internal.runners.statements.RunBefores.evaluate(RunBefores.java:26)
	at org.junit.runners.ParentRunner.runLeaf(ParentRunner.java:271)
	at org.junit.runners.BlockJUnit4ClassRunner.runChild(BlockJUnit4ClassRunner.java:70)
	at org.junit.runners.BlockJUnit4ClassRunner.runChild(BlockJUnit4ClassRunner.java:50)
	at org.junit.runners.ParentRunner$3.run(ParentRunner.java:238)
	at org.junit.runners.ParentRunner$1.schedule(ParentRunner.java:63)
	at org.junit.runners.ParentRunner.runChildren(ParentRunner.java:236)
	at org.junit.runners.ParentRunner.access$000(ParentRunner.java:53)
	at org.junit.runners.ParentRunner$2.evaluate(ParentRunner.java:229)
	at org.junit.runners.ParentRunner.run(ParentRunner.java:309)
	at org.junit.runners.Suite.runChild(Suite.java:127)
	at org.junit.runners.Suite.runChild(Suite.java:26)
	at org.junit.runners.ParentRunner$3.run(ParentRunner.java:238)
	at org.junit.runners.ParentRunner$1.schedule(ParentRunner.java:63)
	at org.junit.runners.ParentRunner.runChildren(ParentRunner.java:236)
	at org.junit.runners.ParentRunner.access$000(ParentRunner.java:53)
	at org.junit.runners.ParentRunner$2.evaluate(ParentRunner.java:229)
	at org.junit.runners.ParentRunner.run(ParentRunner.java:309)
	at org.junit.runner.JUnitCore.run(JUnitCore.java:160)
	at org.junit.runner.JUnitCore.run(JUnitCore.java:138)
	at org.junit.runner.JUnitCore.run(JUnitCore.java:117)
	at sbst.benchmark.coverage.TestExecutionTask.call(TestExecutionTask.java:54)
	at sbst.benchmark.coverage.TestExecutionTask.call(TestExecutionTask.java:15)
	at java.util.concurrent.FutureTask.run(FutureTask.java:266)
	at java.util.concurrent.ThreadPoolExecutor.runWorker(ThreadPoolExecutor.java:1149)
	at java.util.concurrent.ThreadPoolExecutor$Worker.run(ThreadPoolExecutor.java:624)
	at java.lang.Thread.run(Thread.java:750)

Executions terminated
Failure: [initializationError(org.ta4j.core.criteria.EqualityUtils): No runnable methods]
Failing Tests: initializationError(org.ta4j.core.criteria.EqualityUtils)
java.lang.Exception: No runnable methods
	at org.junit.runners.BlockJUnit4ClassRunner.validateInstanceMethods(BlockJUnit4ClassRunner.java:169)
	at org.junit.runners.BlockJUnit4ClassRunner.collectInitializationErrors(BlockJUnit4ClassRunner.java:104)
	at org.junit.runners.ParentRunner.validate(ParentRunner.java:355)
	at org.junit.runners.ParentRunner.<init>(ParentRunner.java:76)
	at org.junit.runners.BlockJUnit4ClassRunner.<init>(BlockJUnit4ClassRunner.java:57)
	at org.junit.internal.builders.JUnit4Builder.runnerForClass(JUnit4Builder.java:10)
	at org.junit.runners.model.RunnerBuilder.safeRunnerForClass(RunnerBuilder.java:59)
	at org.junit.internal.builders.AllDefaultPossibilitiesBuilder.runnerForClass(AllDefaultPossibilitiesBuilder.java:26)
	at org.junit.runner.Computer.getRunner(Computer.java:40)
	at org.junit.runner.Computer$1.runnerForClass(Computer.java:31)
	at org.junit.runners.model.RunnerBuilder.safeRunnerForClass(RunnerBuilder.java:59)
	at org.junit.runners.model.RunnerBuilder.runners(RunnerBuilder.java:101)
	at org.junit.runners.model.RunnerBuilder.runners(RunnerBuilder.java:87)
	at org.junit.runners.Suite.<init>(Suite.java:80)
	at org.junit.runner.Computer.getSuite(Computer.java:28)
	at org.junit.runner.Request.classes(Request.java:75)
	at org.junit.runner.JUnitCore.run(JUnitCore.java:117)
	at sbst.benchmark.coverage.TestExecutionTask.call(TestExecutionTask.java:54)
	at sbst.benchmark.coverage.TestExecutionTask.call(TestExecutionTask.java:15)
	at java.util.concurrent.FutureTask.run(FutureTask.java:266)
	at java.util.concurrent.ThreadPoolExecutor.runWorker(ThreadPoolExecutor.java:1149)
	at java.util.concurrent.ThreadPoolExecutor$Worker.run(ThreadPoolExecutor.java:624)
	at java.lang.Thread.run(Thread.java:750)

Failure: [initializationError(org.ta4j.core.criteria.ReflectionUtils): No runnable methods]
Failing Tests: initializationError(org.ta4j.core.criteria.ReflectionUtils)
java.lang.Exception: No runnable methods
	at org.junit.runners.BlockJUnit4ClassRunner.validateInstanceMethods(BlockJUnit4ClassRunner.java:169)
	at org.junit.runners.BlockJUnit4ClassRunner.collectInitializationErrors(BlockJUnit4ClassRunner.java:104)
	at org.junit.runners.ParentRunner.validate(ParentRunner.java:355)
	at org.junit.runners.ParentRunner.<init>(ParentRunner.java:76)
	at org.junit.runners.BlockJUnit4ClassRunner.<init>(BlockJUnit4ClassRunner.java:57)
	at org.junit.internal.builders.JUnit4Builder.runnerForClass(JUnit4Builder.java:10)
	at org.junit.runners.model.RunnerBuilder.safeRunnerForClass(RunnerBuilder.java:59)
	at org.junit.internal.builders.AllDefaultPossibilitiesBuilder.runnerForClass(AllDefaultPossibilitiesBuilder.java:26)
	at org.junit.runner.Computer.getRunner(Computer.java:40)
	at org.junit.runner.Computer$1.runnerForClass(Computer.java:31)
	at org.junit.runners.model.RunnerBuilder.safeRunnerForClass(RunnerBuilder.java:59)
	at org.junit.runners.model.RunnerBuilder.runners(RunnerBuilder.java:101)
	at org.junit.runners.model.RunnerBuilder.runners(RunnerBuilder.java:87)
	at org.junit.runners.Suite.<init>(Suite.java:80)
	at org.junit.runner.Computer.getSuite(Computer.java:28)
	at org.junit.runner.Request.classes(Request.java:75)
	at org.junit.runner.JUnitCore.run(JUnitCore.java:117)
	at sbst.benchmark.coverage.TestExecutionTask.call(TestExecutionTask.java:54)
	at sbst.benchmark.coverage.TestExecutionTask.call(TestExecutionTask.java:15)
	at java.util.concurrent.FutureTask.run(FutureTask.java:266)
	at java.util.concurrent.ThreadPoolExecutor.runWorker(ThreadPoolExecutor.java:1149)
	at java.util.concurrent.ThreadPoolExecutor$Worker.run(ThreadPoolExecutor.java:624)
	at java.lang.Thread.run(Thread.java:750)

Failure: [test(org.ta4j.core.criteria.SqnCriterion_betterThan_13907503980): null]
Failing Tests: test(org.ta4j.core.criteria.SqnCriterion_betterThan_13907503980)
java.lang.NullPointerException
	at org.ta4j.core.criteria.SqnCriterion.betterThan(SqnCriterion.java:121)
	at sun.reflect.NativeMethodAccessorImpl.invoke0(Native Method)
	at sun.reflect.NativeMethodAccessorImpl.invoke(NativeMethodAccessorImpl.java:62)
	at sun.reflect.DelegatingMethodAccessorImpl.invoke(DelegatingMethodAccessorImpl.java:43)
	at java.lang.reflect.Method.invoke(Method.java:498)
	at org.ta4j.core.criteria.ReflectionUtils.callMethod(ReflectionUtils.java:238)
	at org.ta4j.core.criteria.SqnCriterion_betterThan_13907503980.test(SqnCriterion_betterThan_13907503980.java:55)
	at sun.reflect.NativeMethodAccessorImpl.invoke0(Native Method)
	at sun.reflect.NativeMethodAccessorImpl.invoke(NativeMethodAccessorImpl.java:62)
	at sun.reflect.DelegatingMethodAccessorImpl.invoke(DelegatingMethodAccessorImpl.java:43)
	at java.lang.reflect.Method.invoke(Method.java:498)
	at org.junit.runners.model.FrameworkMethod$1.runReflectiveCall(FrameworkMethod.java:47)
	at org.junit.internal.runners.model.ReflectiveCallable.run(ReflectiveCallable.java:12)
	at org.junit.runners.model.FrameworkMethod.invokeExplosively(FrameworkMethod.java:44)
	at org.junit.internal.runners.statements.InvokeMethod.evaluate(InvokeMethod.java:17)
	at org.junit.internal.runners.statements.RunBefores.evaluate(RunBefores.java:26)
	at org.junit.runners.ParentRunner.runLeaf(ParentRunner.java:271)
	at org.junit.runners.BlockJUnit4ClassRunner.runChild(BlockJUnit4ClassRunner.java:70)
	at org.junit.runners.BlockJUnit4ClassRunner.runChild(BlockJUnit4ClassRunner.java:50)
	at org.junit.runners.ParentRunner$3.run(ParentRunner.java:238)
	at org.junit.runners.ParentRunner$1.schedule(ParentRunner.java:63)
	at org.junit.runners.ParentRunner.runChildren(ParentRunner.java:236)
	at org.junit.runners.ParentRunner.access$000(ParentRunner.java:53)
	at org.junit.runners.ParentRunner$2.evaluate(ParentRunner.java:229)
	at org.junit.runners.ParentRunner.run(ParentRunner.java:309)
	at org.junit.runners.Suite.runChild(Suite.java:127)
	at org.junit.runners.Suite.runChild(Suite.java:26)
	at org.junit.runners.ParentRunner$3.run(ParentRunner.java:238)
	at org.junit.runners.ParentRunner$1.schedule(ParentRunner.java:63)
	at org.junit.runners.ParentRunner.runChildren(ParentRunner.java:236)
	at org.junit.runners.ParentRunner.access$000(ParentRunner.java:53)
	at org.junit.runners.ParentRunner$2.evaluate(ParentRunner.java:229)
	at org.junit.runners.ParentRunner.run(ParentRunner.java:309)
	at org.junit.runner.JUnitCore.run(JUnitCore.java:160)
	at org.junit.runner.JUnitCore.run(JUnitCore.java:138)
	at org.junit.runner.JUnitCore.run(JUnitCore.java:117)
	at sbst.benchmark.coverage.TestExecutionTask.call(TestExecutionTask.java:54)
	at sbst.benchmark.coverage.TestExecutionTask.call(TestExecutionTask.java:15)
	at java.util.concurrent.FutureTask.run(FutureTask.java:266)
	at java.util.concurrent.ThreadPoolExecutor.runWorker(ThreadPoolExecutor.java:1149)
	at java.util.concurrent.ThreadPoolExecutor$Worker.run(ThreadPoolExecutor.java:624)
	at java.lang.Thread.run(Thread.java:750)

Failure: [test(org.ta4j.core.criteria.SqnCriterion_betterThan_13907503981): null]
Running the tests: [SBSTDummyForCoverageAndMutationCalculation, org.ta4j.core.criteria.EqualityUtils, org.ta4j.core.criteria.ReflectionUtils, org.ta4j.core.criteria.SqnCriterion_betterThan_13907503980, org.ta4j.core.criteria.SqnCriterion_betterThan_13907503981, org.ta4j.core.criteria.SqnCriterion_calculate_10589977990, org.ta4j.core.criteria.SqnCriterion_calculate_10589977991, org.ta4j.core.criteria.SqnCriterion_calculate_9320927640, org.ta4j.core.criteria.SqnCriterion_calculate_9320927641, org.ta4j.core.criteria.SqnCriterion_init_11885355830, org.ta4j.core.criteria.SqnCriterion_init_11885355831, org.ta4j.core.criteria.SqnCriterion_init_2432480450, org.ta4j.core.criteria.SqnCriterion_init_2432480451, org.ta4j.core.criteria.SqnCriterion_init_4574676170, org.ta4j.core.criteria.SqnCriterion_init_4574676171]
Failing Tests: test(org.ta4j.core.criteria.SqnCriterion_betterThan_13907503981)
java.lang.NullPointerException
	at org.ta4j.core.criteria.SqnCriterion.betterThan(SqnCriterion.java:121)
	at sun.reflect.NativeMethodAccessorImpl.invoke0(Native Method)
	at sun.reflect.NativeMethodAccessorImpl.invoke(NativeMethodAccessorImpl.java:62)
	at sun.reflect.DelegatingMethodAccessorImpl.invoke(DelegatingMethodAccessorImpl.java:43)
	at java.lang.reflect.Method.invoke(Method.java:498)
	at org.ta4j.core.criteria.ReflectionUtils.callMethod(ReflectionUtils.java:238)
	at org.ta4j.core.criteria.SqnCriterion_betterThan_13907503981.test(SqnCriterion_betterThan_13907503981.java:44)
	at sun.reflect.NativeMethodAccessorImpl.invoke0(Native Method)
	at sun.reflect.NativeMethodAccessorImpl.invoke(NativeMethodAccessorImpl.java:62)
	at sun.reflect.DelegatingMethodAccessorImpl.invoke(DelegatingMethodAccessorImpl.java:43)
	at java.lang.reflect.Method.invoke(Method.java:498)
	at org.junit.runners.model.FrameworkMethod$1.runReflectiveCall(FrameworkMethod.java:47)
	at org.junit.internal.runners.model.ReflectiveCallable.run(ReflectiveCallable.java:12)
	at org.junit.runners.model.FrameworkMethod.invokeExplosively(FrameworkMethod.java:44)
	at org.junit.internal.runners.statements.InvokeMethod.evaluate(InvokeMethod.java:17)
	at org.junit.internal.runners.statements.RunBefores.evaluate(RunBefores.java:26)
	at org.junit.runners.ParentRunner.runLeaf(ParentRunner.java:271)
	at org.junit.runners.BlockJUnit4ClassRunner.runChild(BlockJUnit4ClassRunner.java:70)
	at org.junit.runners.BlockJUnit4ClassRunner.runChild(BlockJUnit4ClassRunner.java:50)
	at org.junit.runners.ParentRunner$3.run(ParentRunner.java:238)
	at org.junit.runners.ParentRunner$1.schedule(ParentRunner.java:63)
	at org.junit.runners.ParentRunner.runChildren(ParentRunner.java:236)
	at org.junit.runners.ParentRunner.access$000(ParentRunner.java:53)
	at org.junit.runners.ParentRunner$2.evaluate(ParentRunner.java:229)
	at org.junit.runners.ParentRunner.run(ParentRunner.java:309)
	at org.junit.runners.Suite.runChild(Suite.java:127)
	at org.junit.runners.Suite.runChild(Suite.java:26)
	at org.junit.runners.ParentRunner$3.run(ParentRunner.java:238)
	at org.junit.runners.ParentRunner$1.schedule(ParentRunner.java:63)
	at org.junit.runners.ParentRunner.runChildren(ParentRunner.java:236)
	at org.junit.runners.ParentRunner.access$000(ParentRunner.java:53)
	at org.junit.runners.ParentRunner$2.evaluate(ParentRunner.java:229)
	at org.junit.runners.ParentRunner.run(ParentRunner.java:309)
	at org.junit.runner.JUnitCore.run(JUnitCore.java:160)
	at org.junit.runner.JUnitCore.run(JUnitCore.java:138)
	at org.junit.runner.JUnitCore.run(JUnitCore.java:117)
	at sbst.benchmark.coverage.TestExecutionTask.call(TestExecutionTask.java:54)
	at sbst.benchmark.coverage.TestExecutionTask.call(TestExecutionTask.java:15)
	at java.util.concurrent.FutureTask.run(FutureTask.java:266)
	at java.util.concurrent.ThreadPoolExecutor.runWorker(ThreadPoolExecutor.java:1149)
	at java.util.concurrent.ThreadPoolExecutor$Worker.run(ThreadPoolExecutor.java:624)
	at java.lang.Thread.run(Thread.java:750)

Failure: [test(org.ta4j.core.criteria.SqnCriterion_calculate_10589977990): null]
Failing Tests: test(org.ta4j.core.criteria.SqnCriterion_calculate_10589977990)
java.lang.NullPointerException
	at org.ta4j.core.criteria.SqnCriterion.calculate(SqnCriterion.java:102)
	at sun.reflect.NativeMethodAccessorImpl.invoke0(Native Method)
	at sun.reflect.NativeMethodAccessorImpl.invoke(NativeMethodAccessorImpl.java:62)
	at sun.reflect.DelegatingMethodAccessorImpl.invoke(DelegatingMethodAccessorImpl.java:43)
	at java.lang.reflect.Method.invoke(Method.java:498)
	at org.ta4j.core.criteria.ReflectionUtils.callMethod(ReflectionUtils.java:238)
	at org.ta4j.core.criteria.SqnCriterion_calculate_10589977990.test(SqnCriterion_calculate_10589977990.java:55)
	at sun.reflect.NativeMethodAccessorImpl.invoke0(Native Method)
	at sun.reflect.NativeMethodAccessorImpl.invoke(NativeMethodAccessorImpl.java:62)
	at sun.reflect.DelegatingMethodAccessorImpl.invoke(DelegatingMethodAccessorImpl.java:43)
	at java.lang.reflect.Method.invoke(Method.java:498)
	at org.junit.runners.model.FrameworkMethod$1.runReflectiveCall(FrameworkMethod.java:47)
	at org.junit.internal.runners.model.ReflectiveCallable.run(ReflectiveCallable.java:12)
	at org.junit.runners.model.FrameworkMethod.invokeExplosively(FrameworkMethod.java:44)
	at org.junit.internal.runners.statements.InvokeMethod.evaluate(InvokeMethod.java:17)
	at org.junit.internal.runners.statements.RunBefores.evaluate(RunBefores.java:26)
	at org.junit.runners.ParentRunner.runLeaf(ParentRunner.java:271)
	at org.junit.runners.BlockJUnit4ClassRunner.runChild(BlockJUnit4ClassRunner.java:70)
	at org.junit.runners.BlockJUnit4ClassRunner.runChild(BlockJUnit4ClassRunner.java:50)
	at org.junit.runners.ParentRunner$3.run(ParentRunner.java:238)
	at org.junit.runners.ParentRunner$1.schedule(ParentRunner.java:63)
	at org.junit.runners.ParentRunner.runChildren(ParentRunner.java:236)
	at org.junit.runners.ParentRunner.access$000(ParentRunner.java:53)
	at org.junit.runners.ParentRunner$2.evaluate(ParentRunner.java:229)
	at org.junit.runners.ParentRunner.run(ParentRunner.java:309)
	at org.junit.runners.Suite.runChild(Suite.java:127)
	at org.junit.runners.Suite.runChild(Suite.java:26)
	at org.junit.runners.ParentRunner$3.run(ParentRunner.java:238)
	at org.junit.runners.ParentRunner$1.schedule(ParentRunner.java:63)
	at org.junit.runners.ParentRunner.runChildren(ParentRunner.java:236)
	at org.junit.runners.ParentRunner.access$000(ParentRunner.java:53)
	at org.junit.runners.ParentRunner$2.evaluate(ParentRunner.java:229)
	at org.junit.runners.ParentRunner.run(ParentRunner.java:309)
	at org.junit.runner.JUnitCore.run(JUnitCore.java:160)
	at org.junit.runner.JUnitCore.run(JUnitCore.java:138)
	at org.junit.runner.JUnitCore.run(JUnitCore.java:117)
	at sbst.benchmark.coverage.TestExecutionTask.call(TestExecutionTask.java:54)
	at sbst.benchmark.coverage.TestExecutionTask.call(TestExecutionTask.java:15)
	at java.util.concurrent.FutureTask.run(FutureTask.java:266)
	at java.util.concurrent.ThreadPoolExecutor.runWorker(ThreadPoolExecutor.java:1149)
	at java.util.concurrent.ThreadPoolExecutor$Worker.run(ThreadPoolExecutor.java:624)
	at java.lang.Thread.run(Thread.java:750)

Failure: [test(org.ta4j.core.criteria.SqnCriterion_calculate_10589977991): null]
Failing Tests: test(org.ta4j.core.criteria.SqnCriterion_calculate_10589977991)
java.lang.NullPointerException
	at org.ta4j.core.criteria.SqnCriterion.calculate(SqnCriterion.java:102)
	at sun.reflect.NativeMethodAccessorImpl.invoke0(Native Method)
	at sun.reflect.NativeMethodAccessorImpl.invoke(NativeMethodAccessorImpl.java:62)
	at sun.reflect.DelegatingMethodAccessorImpl.invoke(DelegatingMethodAccessorImpl.java:43)
	at java.lang.reflect.Method.invoke(Method.java:498)
	at org.ta4j.core.criteria.ReflectionUtils.callMethod(ReflectionUtils.java:238)
	at org.ta4j.core.criteria.SqnCriterion_calculate_10589977991.test(SqnCriterion_calculate_10589977991.java:44)
	at sun.reflect.NativeMethodAccessorImpl.invoke0(Native Method)
	at sun.reflect.NativeMethodAccessorImpl.invoke(NativeMethodAccessorImpl.java:62)
	at sun.reflect.DelegatingMethodAccessorImpl.invoke(DelegatingMethodAccessorImpl.java:43)
	at java.lang.reflect.Method.invoke(Method.java:498)
	at org.junit.runners.model.FrameworkMethod$1.runReflectiveCall(FrameworkMethod.java:47)
	at org.junit.internal.runners.model.ReflectiveCallable.run(ReflectiveCallable.java:12)
	at org.junit.runners.model.FrameworkMethod.invokeExplosively(FrameworkMethod.java:44)
	at org.junit.internal.runners.statements.InvokeMethod.evaluate(InvokeMethod.java:17)
	at org.junit.internal.runners.statements.RunBefores.evaluate(RunBefores.java:26)
	at org.junit.runners.ParentRunner.runLeaf(ParentRunner.java:271)
	at org.junit.runners.BlockJUnit4ClassRunner.runChild(BlockJUnit4ClassRunner.java:70)
	at org.junit.runners.BlockJUnit4ClassRunner.runChild(BlockJUnit4ClassRunner.java:50)
	at org.junit.runners.ParentRunner$3.run(ParentRunner.java:238)
	at org.junit.runners.ParentRunner$1.schedule(ParentRunner.java:63)
	at org.junit.runners.ParentRunner.runChildren(ParentRunner.java:236)
	at org.junit.runners.ParentRunner.access$000(ParentRunner.java:53)
	at org.junit.runners.ParentRunner$2.evaluate(ParentRunner.java:229)
	at org.junit.runners.ParentRunner.run(ParentRunner.java:309)
	at org.junit.runners.Suite.runChild(Suite.java:127)
	at org.junit.runners.Suite.runChild(Suite.java:26)
	at org.junit.runners.ParentRunner$3.run(ParentRunner.java:238)
	at org.junit.runners.ParentRunner$1.schedule(ParentRunner.java:63)
	at org.junit.runners.ParentRunner.runChildren(ParentRunner.java:236)
	at org.junit.runners.ParentRunner.access$000(ParentRunner.java:53)
	at org.junit.runners.ParentRunner$2.evaluate(ParentRunner.java:229)
	at org.junit.runners.ParentRunner.run(ParentRunner.java:309)
	at org.junit.runner.JUnitCore.run(JUnitCore.java:160)
	at org.junit.runner.JUnitCore.run(JUnitCore.java:138)
	at org.junit.runner.JUnitCore.run(JUnitCore.java:117)
	at sbst.benchmark.coverage.TestExecutionTask.call(TestExecutionTask.java:54)
	at sbst.benchmark.coverage.TestExecutionTask.call(TestExecutionTask.java:15)
	at java.util.concurrent.FutureTask.run(FutureTask.java:266)
	at java.util.concurrent.ThreadPoolExecutor.runWorker(ThreadPoolExecutor.java:1149)
	at java.util.concurrent.ThreadPoolExecutor$Worker.run(ThreadPoolExecutor.java:624)
	at java.lang.Thread.run(Thread.java:750)

Failure: [test(org.ta4j.core.criteria.SqnCriterion_calculate_9320927640): null]
Failing Tests: test(org.ta4j.core.criteria.SqnCriterion_calculate_9320927640)
java.lang.NullPointerException
	at org.ta4j.core.criteria.NumberOfPositionsCriterion.calculate(NumberOfPositionsCriterion.java:38)
	at org.ta4j.core.criteria.SqnCriterion.calculate(SqnCriterion.java:89)
	at sun.reflect.NativeMethodAccessorImpl.invoke0(Native Method)
	at sun.reflect.NativeMethodAccessorImpl.invoke(NativeMethodAccessorImpl.java:62)
	at sun.reflect.DelegatingMethodAccessorImpl.invoke(DelegatingMethodAccessorImpl.java:43)
	at java.lang.reflect.Method.invoke(Method.java:498)
	at org.ta4j.core.criteria.ReflectionUtils.callMethod(ReflectionUtils.java:238)
	at org.ta4j.core.criteria.SqnCriterion_calculate_9320927640.test(SqnCriterion_calculate_9320927640.java:87)
	at sun.reflect.NativeMethodAccessorImpl.invoke0(Native Method)
	at sun.reflect.NativeMethodAccessorImpl.invoke(NativeMethodAccessorImpl.java:62)
	at sun.reflect.DelegatingMethodAccessorImpl.invoke(DelegatingMethodAccessorImpl.java:43)
	at java.lang.reflect.Method.invoke(Method.java:498)
	at org.junit.runners.model.FrameworkMethod$1.runReflectiveCall(FrameworkMethod.java:47)
	at org.junit.internal.runners.model.ReflectiveCallable.run(ReflectiveCallable.java:12)
	at org.junit.runners.model.FrameworkMethod.invokeExplosively(FrameworkMethod.java:44)
	at org.junit.internal.runners.statements.InvokeMethod.evaluate(InvokeMethod.java:17)
	at org.junit.internal.runners.statements.RunBefores.evaluate(RunBefores.java:26)
	at org.junit.runners.ParentRunner.runLeaf(ParentRunner.java:271)
	at org.junit.runners.BlockJUnit4ClassRunner.runChild(BlockJUnit4ClassRunner.java:70)
	at org.junit.runners.BlockJUnit4ClassRunner.runChild(BlockJUnit4ClassRunner.java:50)
	at org.junit.runners.ParentRunner$3.run(ParentRunner.java:238)
	at org.junit.runners.ParentRunner$1.schedule(ParentRunner.java:63)
	at org.junit.runners.ParentRunner.runChildren(ParentRunner.java:236)
	at org.junit.runners.ParentRunner.access$000(ParentRunner.java:53)
	at org.junit.runners.ParentRunner$2.evaluate(ParentRunner.java:229)
	at org.junit.runners.ParentRunner.run(ParentRunner.java:309)
	at org.junit.runners.Suite.runChild(Suite.java:127)
	at org.junit.runners.Suite.runChild(Suite.java:26)
	at org.junit.runners.ParentRunner$3.run(ParentRunner.java:238)
	at org.junit.runners.ParentRunner$1.schedule(ParentRunner.java:63)
	at org.junit.runners.ParentRunner.runChildren(ParentRunner.java:236)
	at org.junit.runners.ParentRunner.access$000(ParentRunner.java:53)
	at org.junit.runners.ParentRunner$2.evaluate(ParentRunner.java:229)
	at org.junit.runners.ParentRunner.run(ParentRunner.java:309)
	at org.junit.runner.JUnitCore.run(JUnitCore.java:160)
	at org.junit.runner.JUnitCore.run(JUnitCore.java:138)
	at org.junit.runner.JUnitCore.run(JUnitCore.java:117)
	at sbst.benchmark.coverage.TestExecutionTask.call(TestExecutionTask.java:54)
	at sbst.benchmark.coverage.TestExecutionTask.call(TestExecutionTask.java:15)
	at java.util.concurrent.FutureTask.run(FutureTask.java:266)
	at java.util.concurrent.ThreadPoolExecutor.runWorker(ThreadPoolExecutor.java:1149)
	at java.util.concurrent.ThreadPoolExecutor$Worker.run(ThreadPoolExecutor.java:624)
	at java.lang.Thread.run(Thread.java:750)

Failure: [test(org.ta4j.core.criteria.SqnCriterion_calculate_9320927641): null]
Failing Tests: test(org.ta4j.core.criteria.SqnCriterion_calculate_9320927641)
java.lang.NullPointerException
	at org.ta4j.core.criteria.SqnCriterion.calculate(SqnCriterion.java:89)
	at sun.reflect.NativeMethodAccessorImpl.invoke0(Native Method)
	at sun.reflect.NativeMethodAccessorImpl.invoke(NativeMethodAccessorImpl.java:62)
	at sun.reflect.DelegatingMethodAccessorImpl.invoke(DelegatingMethodAccessorImpl.java:43)
	at java.lang.reflect.Method.invoke(Method.java:498)
	at org.ta4j.core.criteria.ReflectionUtils.callMethod(ReflectionUtils.java:238)
	at org.ta4j.core.criteria.SqnCriterion_calculate_9320927641.test(SqnCriterion_calculate_9320927641.java:44)
	at sun.reflect.NativeMethodAccessorImpl.invoke0(Native Method)
	at sun.reflect.NativeMethodAccessorImpl.invoke(NativeMethodAccessorImpl.java:62)
	at sun.reflect.DelegatingMethodAccessorImpl.invoke(DelegatingMethodAccessorImpl.java:43)
	at java.lang.reflect.Method.invoke(Method.java:498)
	at org.junit.runners.model.FrameworkMethod$1.runReflectiveCall(FrameworkMethod.java:47)
	at org.junit.internal.runners.model.ReflectiveCallable.run(ReflectiveCallable.java:12)
	at org.junit.runners.model.FrameworkMethod.invokeExplosively(FrameworkMethod.java:44)
	at org.junit.internal.runners.statements.InvokeMethod.evaluate(InvokeMethod.java:17)
	at org.junit.internal.runners.statements.RunBefores.evaluate(RunBefores.java:26)
	at org.junit.runners.ParentRunner.runLeaf(ParentRunner.java:271)
	at org.junit.runners.BlockJUnit4ClassRunner.runChild(BlockJUnit4ClassRunner.java:70)
	at org.junit.runners.BlockJUnit4ClassRunner.runChild(BlockJUnit4ClassRunner.java:50)
	at org.junit.runners.ParentRunner$3.run(ParentRunner.java:238)
	at org.junit.runners.ParentRunner$1.schedule(ParentRunner.java:63)
	at org.junit.runners.ParentRunner.runChildren(ParentRunner.java:236)
	at org.junit.runners.ParentRunner.access$000(ParentRunner.java:53)
	at org.junit.runners.ParentRunner$2.evaluate(ParentRunner.java:229)
	at org.junit.runners.ParentRunner.run(ParentRunner.java:309)
	at org.junit.runners.Suite.runChild(Suite.java:127)
	at org.junit.runners.Suite.runChild(Suite.java:26)
	at org.junit.runners.ParentRunner$3.run(ParentRunner.java:238)
	at org.junit.runners.ParentRunner$1.schedule(ParentRunner.java:63)
	at org.junit.runners.ParentRunner.runChildren(ParentRunner.java:236)
	at org.junit.runners.ParentRunner.access$000(ParentRunner.java:53)
	at org.junit.runners.ParentRunner$2.evaluate(ParentRunner.java:229)
	at org.junit.runners.ParentRunner.run(ParentRunner.java:309)
	at org.junit.runner.JUnitCore.run(JUnitCore.java:160)
	at org.junit.runner.JUnitCore.run(JUnitCore.java:138)
	at org.junit.runner.JUnitCore.run(JUnitCore.java:117)
	at sbst.benchmark.coverage.TestExecutionTask.call(TestExecutionTask.java:54)
	at sbst.benchmark.coverage.TestExecutionTask.call(TestExecutionTask.java:15)
	at java.util.concurrent.FutureTask.run(FutureTask.java:266)
	at java.util.concurrent.ThreadPoolExecutor.runWorker(ThreadPoolExecutor.java:1149)
	at java.util.concurrent.ThreadPoolExecutor$Worker.run(ThreadPoolExecutor.java:624)
	at java.lang.Thread.run(Thread.java:750)

Executions terminated
Failure: [initializationError(org.ta4j.core.criteria.EqualityUtils): No runnable methods]
Failing Tests: initializationError(org.ta4j.core.criteria.EqualityUtils)
java.lang.Exception: No runnable methods
	at org.junit.runners.BlockJUnit4ClassRunner.validateInstanceMethods(BlockJUnit4ClassRunner.java:169)
	at org.junit.runners.BlockJUnit4ClassRunner.collectInitializationErrors(BlockJUnit4ClassRunner.java:104)
	at org.junit.runners.ParentRunner.validate(ParentRunner.java:355)
	at org.junit.runners.ParentRunner.<init>(ParentRunner.java:76)
	at org.junit.runners.BlockJUnit4ClassRunner.<init>(BlockJUnit4ClassRunner.java:57)
	at org.junit.internal.builders.JUnit4Builder.runnerForClass(JUnit4Builder.java:10)
	at org.junit.runners.model.RunnerBuilder.safeRunnerForClass(RunnerBuilder.java:59)
	at org.junit.internal.builders.AllDefaultPossibilitiesBuilder.runnerForClass(AllDefaultPossibilitiesBuilder.java:26)
	at org.junit.runner.Computer.getRunner(Computer.java:40)
	at org.junit.runner.Computer$1.runnerForClass(Computer.java:31)
	at org.junit.runners.model.RunnerBuilder.safeRunnerForClass(RunnerBuilder.java:59)
	at org.junit.runners.model.RunnerBuilder.runners(RunnerBuilder.java:101)
	at org.junit.runners.model.RunnerBuilder.runners(RunnerBuilder.java:87)
	at org.junit.runners.Suite.<init>(Suite.java:80)
	at org.junit.runner.Computer.getSuite(Computer.java:28)
	at org.junit.runner.Request.classes(Request.java:75)
	at org.junit.runner.JUnitCore.run(JUnitCore.java:117)
	at sbst.benchmark.coverage.TestExecutionTask.call(TestExecutionTask.java:54)
	at sbst.benchmark.coverage.TestExecutionTask.call(TestExecutionTask.java:15)
	at java.util.concurrent.FutureTask.run(FutureTask.java:266)
	at java.util.concurrent.ThreadPoolExecutor.runWorker(ThreadPoolExecutor.java:1149)
	at java.util.concurrent.ThreadPoolExecutor$Worker.run(ThreadPoolExecutor.java:624)
	at java.lang.Thread.run(Thread.java:750)

Failure: [initializationError(org.ta4j.core.criteria.ReflectionUtils): No runnable methods]
Failing Tests: initializationError(org.ta4j.core.criteria.ReflectionUtils)
java.lang.Exception: No runnable methods
	at org.junit.runners.BlockJUnit4ClassRunner.validateInstanceMethods(BlockJUnit4ClassRunner.java:169)
	at org.junit.runners.BlockJUnit4ClassRunner.collectInitializationErrors(BlockJUnit4ClassRunner.java:104)
	at org.junit.runners.ParentRunner.validate(ParentRunner.java:355)
	at org.junit.runners.ParentRunner.<init>(ParentRunner.java:76)
	at org.junit.runners.BlockJUnit4ClassRunner.<init>(BlockJUnit4ClassRunner.java:57)
	at org.junit.internal.builders.JUnit4Builder.runnerForClass(JUnit4Builder.java:10)
	at org.junit.runners.model.RunnerBuilder.safeRunnerForClass(RunnerBuilder.java:59)
	at org.junit.internal.builders.AllDefaultPossibilitiesBuilder.runnerForClass(AllDefaultPossibilitiesBuilder.java:26)
	at org.junit.runner.Computer.getRunner(Computer.java:40)
	at org.junit.runner.Computer$1.runnerForClass(Computer.java:31)
	at org.junit.runners.model.RunnerBuilder.safeRunnerForClass(RunnerBuilder.java:59)
	at org.junit.runners.model.RunnerBuilder.runners(RunnerBuilder.java:101)
	at org.junit.runners.model.RunnerBuilder.runners(RunnerBuilder.java:87)
	at org.junit.runners.Suite.<init>(Suite.java:80)
	at org.junit.runner.Computer.getSuite(Computer.java:28)
	at org.junit.runner.Request.classes(Request.java:75)
	at org.junit.runner.JUnitCore.run(JUnitCore.java:117)
	at sbst.benchmark.coverage.TestExecutionTask.call(TestExecutionTask.java:54)
	at sbst.benchmark.coverage.TestExecutionTask.call(TestExecutionTask.java:15)
	at java.util.concurrent.FutureTask.run(FutureTask.java:266)
	at java.util.concurrent.ThreadPoolExecutor.runWorker(ThreadPoolExecutor.java:1149)
	at java.util.concurrent.ThreadPoolExecutor$Worker.run(ThreadPoolExecutor.java:624)
	at java.lang.Thread.run(Thread.java:750)

Failure: [test(org.ta4j.core.criteria.SqnCriterion_betterThan_13907503980): null]
Failing Tests: test(org.ta4j.core.criteria.SqnCriterion_betterThan_13907503980)
java.lang.NullPointerException
	at org.ta4j.core.criteria.SqnCriterion.betterThan(SqnCriterion.java:121)
	at sun.reflect.NativeMethodAccessorImpl.invoke0(Native Method)
	at sun.reflect.NativeMethodAccessorImpl.invoke(NativeMethodAccessorImpl.java:62)
	at sun.reflect.DelegatingMethodAccessorImpl.invoke(DelegatingMethodAccessorImpl.java:43)
	at java.lang.reflect.Method.invoke(Method.java:498)
	at org.ta4j.core.criteria.ReflectionUtils.callMethod(ReflectionUtils.java:238)
	at org.ta4j.core.criteria.SqnCriterion_betterThan_13907503980.test(SqnCriterion_betterThan_13907503980.java:55)
	at sun.reflect.NativeMethodAccessorImpl.invoke0(Native Method)
	at sun.reflect.NativeMethodAccessorImpl.invoke(NativeMethodAccessorImpl.java:62)
	at sun.reflect.DelegatingMethodAccessorImpl.invoke(DelegatingMethodAccessorImpl.java:43)
	at java.lang.reflect.Method.invoke(Method.java:498)
	at org.junit.runners.model.FrameworkMethod$1.runReflectiveCall(FrameworkMethod.java:47)
	at org.junit.internal.runners.model.ReflectiveCallable.run(ReflectiveCallable.java:12)
	at org.junit.runners.model.FrameworkMethod.invokeExplosively(FrameworkMethod.java:44)
	at org.junit.internal.runners.statements.InvokeMethod.evaluate(InvokeMethod.java:17)
	at org.junit.internal.runners.statements.RunBefores.evaluate(RunBefores.java:26)
	at org.junit.runners.ParentRunner.runLeaf(ParentRunner.java:271)
	at org.junit.runners.BlockJUnit4ClassRunner.runChild(BlockJUnit4ClassRunner.java:70)
	at org.junit.runners.BlockJUnit4ClassRunner.runChild(BlockJUnit4ClassRunner.java:50)
	at org.junit.runners.ParentRunner$3.run(ParentRunner.java:238)
	at org.junit.runners.ParentRunner$1.schedule(ParentRunner.java:63)
	at org.junit.runners.ParentRunner.runChildren(ParentRunner.java:236)
	at org.junit.runners.ParentRunner.access$000(ParentRunner.java:53)
	at org.junit.runners.ParentRunner$2.evaluate(ParentRunner.java:229)
	at org.junit.runners.ParentRunner.run(ParentRunner.java:309)
	at org.junit.runners.Suite.runChild(Suite.java:127)
	at org.junit.runners.Suite.runChild(Suite.java:26)
	at org.junit.runners.ParentRunner$3.run(ParentRunner.java:238)
	at org.junit.runners.ParentRunner$1.schedule(ParentRunner.java:63)
	at org.junit.runners.ParentRunner.runChildren(ParentRunner.java:236)
	at org.junit.runners.ParentRunner.access$000(ParentRunner.java:53)
	at org.junit.runners.ParentRunner$2.evaluate(ParentRunner.java:229)
	at org.junit.runners.ParentRunner.run(ParentRunner.java:309)
	at org.junit.runner.JUnitCore.run(JUnitCore.java:160)
	at org.junit.runner.JUnitCore.run(JUnitCore.java:138)
	at org.junit.runner.JUnitCore.run(JUnitCore.java:117)
	at sbst.benchmark.coverage.TestExecutionTask.call(TestExecutionTask.java:54)
	at sbst.benchmark.coverage.TestExecutionTask.call(TestExecutionTask.java:15)
	at java.util.concurrent.FutureTask.run(FutureTask.java:266)
	at java.util.concurrent.ThreadPoolExecutor.runWorker(ThreadPoolExecutor.java:1149)
	at java.util.concurrent.ThreadPoolExecutor$Worker.run(ThreadPoolExecutor.java:624)
	at java.lang.Thread.run(Thread.java:750)

Failure: [test(org.ta4j.core.criteria.SqnCriterion_betterThan_13907503981): null]
Failing Tests: test(org.ta4j.core.criteria.SqnCriterion_betterThan_13907503981)
java.lang.NullPointerException
	at org.ta4j.core.criteria.SqnCriterion.betterThan(SqnCriterion.java:121)
	at sun.reflect.NativeMethodAccessorImpl.invoke0(Native Method)
	at sun.reflect.NativeMethodAccessorImpl.invoke(NativeMethodAccessorImpl.java:62)
	at sun.reflect.DelegatingMethodAccessorImpl.invoke(DelegatingMethodAccessorImpl.java:43)
	at java.lang.reflect.Method.invoke(Method.java:498)
	at org.ta4j.core.criteria.ReflectionUtils.callMethod(ReflectionUtils.java:238)
	at org.ta4j.core.criteria.SqnCriterion_betterThan_13907503981.test(SqnCriterion_betterThan_13907503981.java:44)
	at sun.reflect.NativeMethodAccessorImpl.invoke0(Native Method)
	at sun.reflect.NativeMethodAccessorImpl.invoke(NativeMethodAccessorImpl.java:62)
	at sun.reflect.DelegatingMethodAccessorImpl.invoke(DelegatingMethodAccessorImpl.java:43)
	at java.lang.reflect.Method.invoke(Method.java:498)
	at org.junit.runners.model.FrameworkMethod$1.runReflectiveCall(FrameworkMethod.java:47)
	at org.junit.internal.runners.model.ReflectiveCallable.run(ReflectiveCallable.java:12)
	at org.junit.runners.model.FrameworkMethod.invokeExplosively(FrameworkMethod.java:44)
	at org.junit.internal.runners.statements.InvokeMethod.evaluate(InvokeMethod.java:17)
	at org.junit.internal.runners.statements.RunBefores.evaluate(RunBefores.java:26)
	at org.junit.runners.ParentRunner.runLeaf(ParentRunner.java:271)
	at org.junit.runners.BlockJUnit4ClassRunner.runChild(BlockJUnit4ClassRunner.java:70)
	at org.junit.runners.BlockJUnit4ClassRunner.runChild(BlockJUnit4ClassRunner.java:50)
	at org.junit.runners.ParentRunner$3.run(ParentRunner.java:238)
	at org.junit.runners.ParentRunner$1.schedule(ParentRunner.java:63)
	at org.junit.runners.ParentRunner.runChildren(ParentRunner.java:236)
	at org.junit.runners.ParentRunner.access$000(ParentRunner.java:53)
	at org.junit.runners.ParentRunner$2.evaluate(ParentRunner.java:229)
	at org.junit.runners.ParentRunner.run(ParentRunner.java:309)
	at org.junit.runners.Suite.runChild(Suite.java:127)
	at org.junit.runners.Suite.runChild(Suite.java:26)
	at org.junit.runners.ParentRunner$3.run(ParentRunner.java:238)
	at org.junit.runners.ParentRunner$1.schedule(ParentRunner.java:63)
	at org.junit.runners.ParentRunner.runChildren(ParentRunner.java:236)
	at org.junit.runners.ParentRunner.access$000(ParentRunner.java:53)
	at org.junit.runners.ParentRunner$2.evaluate(ParentRunner.java:229)
	at org.junit.runners.ParentRunner.run(ParentRunner.java:309)
	at org.junit.runner.JUnitCore.run(JUnitCore.java:160)
	at org.junit.runner.JUnitCore.run(JUnitCore.java:138)
	at org.junit.runner.JUnitCore.run(JUnitCore.java:117)
	at sbst.benchmark.coverage.TestExecutionTask.call(TestExecutionTask.java:54)
	at sbst.benchmark.coverage.TestExecutionTask.call(TestExecutionTask.java:15)
	at java.util.concurrent.FutureTask.run(FutureTask.java:266)
	at java.util.concurrent.ThreadPoolExecutor.runWorker(ThreadPoolExecutor.java:1149)
	at java.util.concurrent.ThreadPoolExecutor$Worker.run(ThreadPoolExecutor.java:624)
	at java.lang.Thread.run(Thread.java:750)

Failure: [test(org.ta4j.core.criteria.SqnCriterion_calculate_10589977990): null]
Failing Tests: test(org.ta4j.core.criteria.SqnCriterion_calculate_10589977990)
java.lang.NullPointerException
	at org.ta4j.core.criteria.SqnCriterion.calculate(SqnCriterion.java:102)
	at sun.reflect.NativeMethodAccessorImpl.invoke0(Native Method)
	at sun.reflect.NativeMethodAccessorImpl.invoke(NativeMethodAccessorImpl.java:62)
	at sun.reflect.DelegatingMethodAccessorImpl.invoke(DelegatingMethodAccessorImpl.java:43)
	at java.lang.reflect.Method.invoke(Method.java:498)
	at org.ta4j.core.criteria.ReflectionUtils.callMethod(ReflectionUtils.java:238)
	at org.ta4j.core.criteria.SqnCriterion_calculate_10589977990.test(SqnCriterion_calculate_10589977990.java:55)
	at sun.reflect.NativeMethodAccessorImpl.invoke0(Native Method)
	at sun.reflect.NativeMethodAccessorImpl.invoke(NativeMethodAccessorImpl.java:62)
	at sun.reflect.DelegatingMethodAccessorImpl.invoke(DelegatingMethodAccessorImpl.java:43)
	at java.lang.reflect.Method.invoke(Method.java:498)
	at org.junit.runners.model.FrameworkMethod$1.runReflectiveCall(FrameworkMethod.java:47)
	at org.junit.internal.runners.model.ReflectiveCallable.run(ReflectiveCallable.java:12)
	at org.junit.runners.model.FrameworkMethod.invokeExplosively(FrameworkMethod.java:44)
	at org.junit.internal.runners.statements.InvokeMethod.evaluate(InvokeMethod.java:17)
	at org.junit.internal.runners.statements.RunBefores.evaluate(RunBefores.java:26)
	at org.junit.runners.ParentRunner.runLeaf(ParentRunner.java:271)
	at org.junit.runners.BlockJUnit4ClassRunner.runChild(BlockJUnit4ClassRunner.java:70)
	at org.junit.runners.BlockJUnit4ClassRunner.runChild(BlockJUnit4ClassRunner.java:50)
	at org.junit.runners.ParentRunner$3.run(ParentRunner.java:238)
	at org.junit.runners.ParentRunner$1.schedule(ParentRunner.java:63)
	at org.junit.runners.ParentRunner.runChildren(ParentRunner.java:236)
	at org.junit.runners.ParentRunner.access$000(ParentRunner.java:53)
	at org.junit.runners.ParentRunner$2.evaluate(ParentRunner.java:229)
	at org.junit.runners.ParentRunner.run(ParentRunner.java:309)
	at org.junit.runners.Suite.runChild(Suite.java:127)
	at org.junit.runners.Suite.runChild(Suite.java:26)
	at org.junit.runners.ParentRunner$3.run(ParentRunner.java:238)
	at org.junit.runners.ParentRunner$1.schedule(ParentRunner.java:63)
	at org.junit.runners.ParentRunner.runChildren(ParentRunner.java:236)
	at org.junit.runners.ParentRunner.access$000(ParentRunner.java:53)
	at org.junit.runners.ParentRunner$2.evaluate(ParentRunner.java:229)
	at org.junit.runners.ParentRunner.run(ParentRunner.java:309)
	at org.junit.runner.JUnitCore.run(JUnitCore.java:160)
	at org.junit.runner.JUnitCore.run(JUnitCore.java:138)
	at org.junit.runner.JUnitCore.run(JUnitCore.java:117)
	at sbst.benchmark.coverage.TestExecutionTask.call(TestExecutionTask.java:54)
	at sbst.benchmark.coverage.TestExecutionTask.call(TestExecutionTask.java:15)
	at java.util.concurrent.FutureTask.run(FutureTask.java:266)
	at java.util.concurrent.ThreadPoolExecutor.runWorker(ThreadPoolExecutor.java:1149)
	at java.util.concurrent.ThreadPoolExecutor$Worker.run(ThreadPoolExecutor.java:624)
	at java.lang.Thread.run(Thread.java:750)

Failure: [test(org.ta4j.core.criteria.SqnCriterion_calculate_10589977991): null]
Failing Tests: test(org.ta4j.core.criteria.SqnCriterion_calculate_10589977991)
java.lang.NullPointerException
	at org.ta4j.core.criteria.SqnCriterion.calculate(SqnCriterion.java:102)
	at sun.reflect.NativeMethodAccessorImpl.invoke0(Native Method)
	at sun.reflect.NativeMethodAccessorImpl.invoke(NativeMethodAccessorImpl.java:62)
	at sun.reflect.DelegatingMethodAccessorImpl.invoke(DelegatingMethodAccessorImpl.java:43)
	at java.lang.reflect.Method.invoke(Method.java:498)
	at org.ta4j.core.criteria.ReflectionUtils.callMethod(ReflectionUtils.java:238)
	at org.ta4j.core.criteria.SqnCriterion_calculate_10589977991.test(SqnCriterion_calculate_10589977991.java:44)
	at sun.reflect.NativeMethodAccessorImpl.invoke0(Native Method)
	at sun.reflect.NativeMethodAccessorImpl.invoke(NativeMethodAccessorImpl.java:62)
	at sun.reflect.DelegatingMethodAccessorImpl.invoke(DelegatingMethodAccessorImpl.java:43)
	at java.lang.reflect.Method.invoke(Method.java:498)
	at org.junit.runners.model.FrameworkMethod$1.runReflectiveCall(FrameworkMethod.java:47)
	at org.junit.internal.runners.model.ReflectiveCallable.run(ReflectiveCallable.java:12)
	at org.junit.runners.model.FrameworkMethod.invokeExplosively(FrameworkMethod.java:44)
	at org.junit.internal.runners.statements.InvokeMethod.evaluate(InvokeMethod.java:17)
	at org.junit.internal.runners.statements.RunBefores.evaluate(RunBefores.java:26)
	at org.junit.runners.ParentRunner.runLeaf(ParentRunner.java:271)
	at org.junit.runners.BlockJUnit4ClassRunner.runChild(BlockJUnit4ClassRunner.java:70)
	at org.junit.runners.BlockJUnit4ClassRunner.runChild(BlockJUnit4ClassRunner.java:50)
	at org.junit.runners.ParentRunner$3.run(ParentRunner.java:238)
	at org.junit.runners.ParentRunner$1.schedule(ParentRunner.java:63)
	at org.junit.runners.ParentRunner.runChildren(ParentRunner.java:236)
	at org.junit.runners.ParentRunner.access$000(ParentRunner.java:53)
	at org.junit.runners.ParentRunner$2.evaluate(ParentRunner.java:229)
	at org.junit.runners.ParentRunner.run(ParentRunner.java:309)
	at org.junit.runners.Suite.runChild(Suite.java:127)
	at org.junit.runners.Suite.runChild(Suite.java:26)
	at org.junit.runners.ParentRunner$3.run(ParentRunner.java:238)
	at org.junit.runners.ParentRunner$1.schedule(ParentRunner.java:63)
	at org.junit.runners.ParentRunner.runChildren(ParentRunner.java:236)
	at org.junit.runners.ParentRunner.access$000(ParentRunner.java:53)
	at org.junit.runners.ParentRunner$2.evaluate(ParentRunner.java:229)
	at org.junit.runners.ParentRunner.run(ParentRunner.java:309)
	at org.junit.runner.JUnitCore.run(JUnitCore.java:160)
	at org.junit.runner.JUnitCore.run(JUnitCore.java:138)
	at org.junit.runner.JUnitCore.run(JUnitCore.java:117)
	at sbst.benchmark.coverage.TestExecutionTask.call(TestExecutionTask.java:54)
	at sbst.benchmark.coverage.TestExecutionTask.call(TestExecutionTask.java:15)
	at java.util.concurrent.FutureTask.run(FutureTask.java:266)
	at java.util.concurrent.ThreadPoolExecutor.runWorker(ThreadPoolExecutor.java:1149)
	at java.util.concurrent.ThreadPoolExecutor$Worker.run(ThreadPoolExecutor.java:624)
	at java.lang.Thread.run(Thread.java:750)

Failure: [test(org.ta4j.core.criteria.SqnCriterion_calculate_9320927640): null]
Failing Tests: test(org.ta4j.core.criteria.SqnCriterion_calculate_9320927640)
java.lang.NullPointerException
	at org.ta4j.core.criteria.NumberOfPositionsCriterion.calculate(NumberOfPositionsCriterion.java:38)
	at org.ta4j.core.criteria.SqnCriterion.calculate(SqnCriterion.java:89)
	at sun.reflect.NativeMethodAccessorImpl.invoke0(Native Method)
	at sun.reflect.NativeMethodAccessorImpl.invoke(NativeMethodAccessorImpl.java:62)
	at sun.reflect.DelegatingMethodAccessorImpl.invoke(DelegatingMethodAccessorImpl.java:43)
	at java.lang.reflect.Method.invoke(Method.java:498)
	at org.ta4j.core.criteria.ReflectionUtils.callMethod(ReflectionUtils.java:238)
	at org.ta4j.core.criteria.SqnCriterion_calculate_9320927640.test(SqnCriterion_calculate_9320927640.java:87)
	at sun.reflect.NativeMethodAccessorImpl.invoke0(Native Method)
	at sun.reflect.NativeMethodAccessorImpl.invoke(NativeMethodAccessorImpl.java:62)
	at sun.reflect.DelegatingMethodAccessorImpl.invoke(DelegatingMethodAccessorImpl.java:43)
	at java.lang.reflect.Method.invoke(Method.java:498)
	at org.junit.runners.model.FrameworkMethod$1.runReflectiveCall(FrameworkMethod.java:47)
	at org.junit.internal.runners.model.ReflectiveCallable.run(ReflectiveCallable.java:12)
	at org.junit.runners.model.FrameworkMethod.invokeExplosively(FrameworkMethod.java:44)
	at org.junit.internal.runners.statements.InvokeMethod.evaluate(InvokeMethod.java:17)
	at org.junit.internal.runners.statements.RunBefores.evaluate(RunBefores.java:26)
	at org.junit.runners.ParentRunner.runLeaf(ParentRunner.java:271)
	at org.junit.runners.BlockJUnit4ClassRunner.runChild(BlockJUnit4ClassRunner.java:70)
	at org.junit.runners.BlockJUnit4ClassRunner.runChild(BlockJUnit4ClassRunner.java:50)
	at org.junit.runners.ParentRunner$3.run(ParentRunner.java:238)
	at org.junit.runners.ParentRunner$1.schedule(ParentRunner.java:63)
	at org.junit.runners.ParentRunner.runChildren(ParentRunner.java:236)
	at org.junit.runners.ParentRunner.access$000(ParentRunner.java:53)
	at org.junit.runners.ParentRunner$2.evaluate(ParentRunner.java:229)
	at org.junit.runners.ParentRunner.run(ParentRunner.java:309)
	at org.junit.runners.Suite.runChild(Suite.java:127)
	at org.junit.runners.Suite.runChild(Suite.java:26)
	at org.junit.runners.ParentRunner$3.run(ParentRunner.java:238)
	at org.junit.runners.ParentRunner$1.schedule(ParentRunner.java:63)
	at org.junit.runners.ParentRunner.runChildren(ParentRunner.java:236)
	at org.junit.runners.ParentRunner.access$000(ParentRunner.java:53)
	at org.junit.runners.ParentRunner$2.evaluate(ParentRunner.java:229)
	at org.junit.runners.ParentRunner.run(ParentRunner.java:309)
	at org.junit.runner.JUnitCore.run(JUnitCore.java:160)
	at org.junit.runner.JUnitCore.run(JUnitCore.java:138)
	at org.junit.runner.JUnitCore.run(JUnitCore.java:117)
	at sbst.benchmark.coverage.TestExecutionTask.call(TestExecutionTask.java:54)
	at sbst.benchmark.coverage.TestExecutionTask.call(TestExecutionTask.java:15)
	at java.util.concurrent.FutureTask.run(FutureTask.java:266)
	at java.util.concurrent.ThreadPoolExecutor.runWorker(ThreadPoolExecutor.java:1149)
	at java.util.concurrent.ThreadPoolExecutor$Worker.run(ThreadPoolExecutor.java:624)
	at java.lang.Thread.run(Thread.java:750)

Failure: [test(org.ta4j.core.criteria.SqnCriterion_calculate_9320927641): null]
Failing Tests: test(org.ta4j.core.criteria.SqnCriterion_calculate_9320927641)
java.lang.NullPointerException
	at org.ta4j.core.criteria.SqnCriterion.calculate(SqnCriterion.java:89)
	at sun.reflect.NativeMethodAccessorImpl.invoke0(Native Method)
	at sun.reflect.NativeMethodAccessorImpl.invoke(NativeMethodAccessorImpl.java:62)
	at sun.reflect.DelegatingMethodAccessorImpl.invoke(DelegatingMethodAccessorImpl.java:43)
	at java.lang.reflect.Method.invoke(Method.java:498)
	at org.ta4j.core.criteria.ReflectionUtils.callMethod(ReflectionUtils.java:238)
	at org.ta4j.core.criteria.SqnCriterion_calculate_9320927641.test(SqnCriterion_calculate_9320927641.java:44)
	at sun.reflect.NativeMethodAccessorImpl.invoke0(Native Method)
	at sun.reflect.NativeMethodAccessorImpl.invoke(NativeMethodAccessorImpl.java:62)
	at sun.reflect.DelegatingMethodAccessorImpl.invoke(DelegatingMethodAccessorImpl.java:43)
	at java.lang.reflect.Method.invoke(Method.java:498)
	at org.junit.runners.model.FrameworkMethod$1.runReflectiveCall(FrameworkMethod.java:47)
	at org.junit.internal.runners.model.ReflectiveCallable.run(ReflectiveCallable.java:12)
	at org.junit.runners.model.FrameworkMethod.invokeExplosively(FrameworkMethod.java:44)
	at org.junit.internal.runners.statements.InvokeMethod.evaluate(InvokeMethod.java:17)
	at org.junit.internal.runners.statements.RunBefores.evaluate(RunBefores.java:26)
	at org.junit.runners.ParentRunner.runLeaf(ParentRunner.java:271)
	at org.junit.runners.BlockJUnit4ClassRunner.runChild(BlockJUnit4ClassRunner.java:70)
	at org.junit.runners.BlockJUnit4ClassRunner.runChild(BlockJUnit4ClassRunner.java:50)
	at org.junit.runners.ParentRunner$3.run(ParentRunner.java:238)
	at org.junit.runners.ParentRunner$1.schedule(ParentRunner.java:63)
	at org.junit.runners.ParentRunner.runChildren(ParentRunner.java:236)
	at org.junit.runners.ParentRunner.access$000(ParentRunner.java:53)
	at org.junit.runners.ParentRunner$2.evaluate(ParentRunner.java:229)
	at org.junit.runners.ParentRunner.run(ParentRunner.java:309)
	at org.junit.runners.Suite.runChild(Suite.java:127)
	at org.junit.runners.Suite.runChild(Suite.java:26)
	at org.junit.runners.ParentRunner$3.run(ParentRunner.java:238)
	at org.junit.runners.ParentRunner$1.schedule(ParentRunner.java:63)
	at org.junit.runners.ParentRunner.runChildren(ParentRunner.java:236)
	at org.junit.runners.ParentRunner.access$000(ParentRunner.java:53)
	at org.junit.runners.ParentRunner$2.evaluate(ParentRunner.java:229)
	at org.junit.runners.ParentRunner.run(ParentRunner.java:309)
	at org.junit.runner.JUnitCore.run(JUnitCore.java:160)
	at org.junit.runner.JUnitCore.run(JUnitCore.java:138)
	at org.junit.runner.JUnitCore.run(JUnitCore.java:117)
	at sbst.benchmark.coverage.TestExecutionTask.call(TestExecutionTask.java:54)
	at sbst.benchmark.coverage.TestExecutionTask.call(TestExecutionTask.java:15)
	at java.util.concurrent.FutureTask.run(FutureTask.java:266)
	at java.util.concurrent.ThreadPoolExecutor.runWorker(ThreadPoolExecutor.java:1149)
	at java.util.concurrent.ThreadPoolExecutor$Worker.run(ThreadPoolExecutor.java:624)
	at java.lang.Thread.run(Thread.java:750)


=== Run Jacoco for Coverage ===
Number of instrumented file = 5041
Running tests with the following classpath: 
/home/kex/results_kex_120/TA4J-53_1/temp/testcases/ta4j-core-0.15_instrumented.jar:/home/kex/results_kex_120/TA4J-53_1/temp/testcases/hamcrest-core-1.3_instrumented.jar:/home/kex/results_kex_120/TA4J-53_1/temp/testcases/commons-io-2.11.0_instrumented.jar:/home/kex/results_kex_120/TA4J-53_1/temp/testcases/logback-classic-1.2.3_instrumented.jar:/home/kex/results_kex_120/TA4J-53_1/temp/testcases/commons-math3-3.6.1_instrumented.jar:/home/kex/results_kex_120/TA4J-53_1/temp/testcases/SparseBitSet-1.2_instrumented.jar:/home/kex/results_kex_120/TA4J-53_1/temp/testcases/junit-4.13.1_instrumented.jar:/home/kex/results_kex_120/TA4J-53_1/temp/testcases/logback-core-1.2.3_instrumented.jar:/home/kex/results_kex_120/TA4J-53_1/temp/testcases/poi-5.2.2_instrumented.jar:/home/kex/results_kex_120/TA4J-53_1/temp/testcases/commons-codec-1.15_instrumented.jar:/home/kex/results_kex_120/TA4J-53_1/temp/testcases/commons-collections4-4.4_instrumented.jar:/home/kex/results_kex_120/TA4J-53_1/temp/testcases/slf4j-api-1.7.25_instrumented.jar:/usr/local/bin/lib/hamcrest-core.jar:/usr/local/bin/lib/junit.jar:/home/kex/results_kex_120/TA4J-53_1/temp/testcases/bin
Running the tests: [SBSTDummyForCoverageAndMutationCalculation, org.ta4j.core.criteria.EqualityUtils, org.ta4j.core.criteria.ReflectionUtils, org.ta4j.core.criteria.SqnCriterion_betterThan_13907503980, org.ta4j.core.criteria.SqnCriterion_betterThan_13907503981, org.ta4j.core.criteria.SqnCriterion_calculate_10589977990, org.ta4j.core.criteria.SqnCriterion_calculate_10589977991, org.ta4j.core.criteria.SqnCriterion_calculate_9320927640, org.ta4j.core.criteria.SqnCriterion_calculate_9320927641, org.ta4j.core.criteria.SqnCriterion_init_11885355830, org.ta4j.core.criteria.SqnCriterion_init_11885355831, org.ta4j.core.criteria.SqnCriterion_init_2432480450, org.ta4j.core.criteria.SqnCriterion_init_2432480451, org.ta4j.core.criteria.SqnCriterion_init_4574676170, org.ta4j.core.criteria.SqnCriterion_init_4574676171]
Executions terminated
Number of file with coverage information = 267
Extracted coverage data for the class org/ta4j/core/criteria/SqnCriterion
Number of file with coverage information = 45
Number of file with coverage information = 201
Number of file with coverage information = 175
Number of file with coverage information = 1301
Number of file with coverage information = 15
Number of file with coverage information = 348
Number of file with coverage information = 373
Number of file with coverage information = 1652
Number of file with coverage information = 106
Number of file with coverage information = 524
Number of file with coverage information = 34

=== Run PIT ===
Matching Jacoco with PIT: find covered mutations
Executing Mutation Analysis using 11 mutants 

>>> RESULTS:
	Tool name: kex
	Benchmark: TA4J-53
	Class Under Test: org.ta4j.core.criteria.SqnCriterion
	Run number: 1
	Tool preparation time (ms): 6759
	Tool test cases generation time (ms): 150575
	Test cases execution time (ms): 223
	Test case number: 12
	Uncompilable Test Classes: 0
	Broken tests number: 8
	Failing tests number: 0
	Lines total: 29
	Lines covered: 10
	Lines coverage ratio (%): 34.482758
	Conditions total: 10
	Conditions covered: 0
	Conditions coverage ratio (%): 0.0
	Mutants total: 11
	Mutants covered: 0
	Mutants coverage ratio (%): 0.0
	Mutants killed: 0
	Mutants killed ratio (%): 0.0
	Mutants alive: 11


Class org.ta4j.core.criteria.SqnCriterion ended.
Stopping process...
Tool subprocess is an instance of java.lang.UNIXProcess
Tool subprocess Id is 155245
Killing master process 155245
Executing command kill -9 155245
Execution of command kill -9 155245 finished.
Process was destroyed
