
>>> TOOL NAME:  kex

>>> BENCHMARK:  THREETEN-EXTRA-88

>>> RUN NUMBER: 1

>>> MODE: --only-compute-metrics
Creating directory ./temp
Creating directory ./temp/data
Creating directory ./temp/testcases
Executing /home/kex/./runtool
>> BENCHMARK
>> /var/benchmarks/projects/threeten-extra/src/main/java
>> /var/benchmarks/projects/threeten-extra/target/classes
>> 14
>> /var/benchmarks/projects/threeten-extra/target/threeten-extra-1.7.3-SNAPSHOT.jar
>> /var/benchmarks/projects/threeten-extra/target/dependency/junit-platform-engine-1.9.1.jar
>> /var/benchmarks/projects/threeten-extra/target/dependency/junit-jupiter-api-5.9.1.jar
>> /var/benchmarks/projects/threeten-extra/target/dependency/joda-convert-2.2.2.jar
>> /var/benchmarks/projects/threeten-extra/target/dependency/junit-jupiter-params-5.9.1.jar
>> /var/benchmarks/projects/threeten-extra/target/dependency/junit-platform-launcher-1.9.1.jar
>> /var/benchmarks/projects/threeten-extra/target/dependency/junit-pioneer-1.9.1.jar
>> /var/benchmarks/projects/threeten-extra/target/dependency/listenablefuture-9999.0-empty-to-avoid-conflict-with-guava.jar
>> /var/benchmarks/projects/threeten-extra/target/dependency/junit-jupiter-5.9.1.jar
>> /var/benchmarks/projects/threeten-extra/target/dependency/apiguardian-api-1.1.2.jar
>> /var/benchmarks/projects/threeten-extra/target/dependency/opentest4j-1.2.0.jar
>> /var/benchmarks/projects/threeten-extra/target/dependency/failureaccess-1.0.1.jar
>> /var/benchmarks/projects/threeten-extra/target/dependency/junit-jupiter-engine-5.9.1.jar
>> /var/benchmarks/projects/threeten-extra/target/dependency/guava-32.1.2-jre.jar
>> 0
expecting CLASSPATH or READY
<< READY
>> 120


### COMPUTING METRICS ###: org.threeten.extra.PackedFields


Starting class org.threeten.extra.PackedFields


Ending class org.threeten.extra.PackedFields
Creating directory results_kex_120/THREETEN-EXTRA-88_1/temp/testcases/bin
Creating dummy JUnit test file

---Compilation---

===
javac command line:
/usr/bin/javac -sourcepath /home/kex/results_kex_120/THREETEN-EXTRA-88_1/temp/testcases -cp /var/benchmarks/projects/threeten-extra/target/threeten-extra-1.7.3-SNAPSHOT.jar:/var/benchmarks/projects/threeten-extra/target/dependency/junit-platform-engine-1.9.1.jar:/var/benchmarks/projects/threeten-extra/target/dependency/junit-jupiter-api-5.9.1.jar:/var/benchmarks/projects/threeten-extra/target/dependency/joda-convert-2.2.2.jar:/var/benchmarks/projects/threeten-extra/target/dependency/junit-jupiter-params-5.9.1.jar:/var/benchmarks/projects/threeten-extra/target/dependency/junit-platform-launcher-1.9.1.jar:/var/benchmarks/projects/threeten-extra/target/dependency/junit-pioneer-1.9.1.jar:/var/benchmarks/projects/threeten-extra/target/dependency/listenablefuture-9999.0-empty-to-avoid-conflict-with-guava.jar:/var/benchmarks/projects/threeten-extra/target/dependency/junit-jupiter-5.9.1.jar:/var/benchmarks/projects/threeten-extra/target/dependency/apiguardian-api-1.1.2.jar:/var/benchmarks/projects/threeten-extra/target/dependency/opentest4j-1.2.0.jar:/var/benchmarks/projects/threeten-extra/target/dependency/failureaccess-1.0.1.jar:/var/benchmarks/projects/threeten-extra/target/dependency/junit-jupiter-engine-5.9.1.jar:/var/benchmarks/projects/threeten-extra/target/dependency/guava-32.1.2-jre.jar:/usr/local/bin/lib/junit.jar:/usr/local/bin/lib/hamcrest-core.jar -d results_kex_120/THREETEN-EXTRA-88_1/temp/testcases/bin /home/kex/results_kex_120/THREETEN-EXTRA-88_1/temp/testcases/SBSTDummyForCoverageAndMutationCalculation.java


===
javac command line:
/usr/bin/javac -sourcepath /home/kex/results_kex_120/THREETEN-EXTRA-88_1/temp/testcases -cp /var/benchmarks/projects/threeten-extra/target/threeten-extra-1.7.3-SNAPSHOT.jar:/var/benchmarks/projects/threeten-extra/target/dependency/junit-platform-engine-1.9.1.jar:/var/benchmarks/projects/threeten-extra/target/dependency/junit-jupiter-api-5.9.1.jar:/var/benchmarks/projects/threeten-extra/target/dependency/joda-convert-2.2.2.jar:/var/benchmarks/projects/threeten-extra/target/dependency/junit-jupiter-params-5.9.1.jar:/var/benchmarks/projects/threeten-extra/target/dependency/junit-platform-launcher-1.9.1.jar:/var/benchmarks/projects/threeten-extra/target/dependency/junit-pioneer-1.9.1.jar:/var/benchmarks/projects/threeten-extra/target/dependency/listenablefuture-9999.0-empty-to-avoid-conflict-with-guava.jar:/var/benchmarks/projects/threeten-extra/target/dependency/junit-jupiter-5.9.1.jar:/var/benchmarks/projects/threeten-extra/target/dependency/apiguardian-api-1.1.2.jar:/var/benchmarks/projects/threeten-extra/target/dependency/opentest4j-1.2.0.jar:/var/benchmarks/projects/threeten-extra/target/dependency/failureaccess-1.0.1.jar:/var/benchmarks/projects/threeten-extra/target/dependency/junit-jupiter-engine-5.9.1.jar:/var/benchmarks/projects/threeten-extra/target/dependency/guava-32.1.2-jre.jar:/usr/local/bin/lib/junit.jar:/usr/local/bin/lib/hamcrest-core.jar -d results_kex_120/THREETEN-EXTRA-88_1/temp/testcases/bin /home/kex/results_kex_120/THREETEN-EXTRA-88_1/temp/testcases/org/threeten/extra/EqualityUtils.java

Compiled 'org/threeten/extra/EqualityUtils.java'

===
javac command line:
/usr/bin/javac -sourcepath /home/kex/results_kex_120/THREETEN-EXTRA-88_1/temp/testcases -cp /var/benchmarks/projects/threeten-extra/target/threeten-extra-1.7.3-SNAPSHOT.jar:/var/benchmarks/projects/threeten-extra/target/dependency/junit-platform-engine-1.9.1.jar:/var/benchmarks/projects/threeten-extra/target/dependency/junit-jupiter-api-5.9.1.jar:/var/benchmarks/projects/threeten-extra/target/dependency/joda-convert-2.2.2.jar:/var/benchmarks/projects/threeten-extra/target/dependency/junit-jupiter-params-5.9.1.jar:/var/benchmarks/projects/threeten-extra/target/dependency/junit-platform-launcher-1.9.1.jar:/var/benchmarks/projects/threeten-extra/target/dependency/junit-pioneer-1.9.1.jar:/var/benchmarks/projects/threeten-extra/target/dependency/listenablefuture-9999.0-empty-to-avoid-conflict-with-guava.jar:/var/benchmarks/projects/threeten-extra/target/dependency/junit-jupiter-5.9.1.jar:/var/benchmarks/projects/threeten-extra/target/dependency/apiguardian-api-1.1.2.jar:/var/benchmarks/projects/threeten-extra/target/dependency/opentest4j-1.2.0.jar:/var/benchmarks/projects/threeten-extra/target/dependency/failureaccess-1.0.1.jar:/var/benchmarks/projects/threeten-extra/target/dependency/junit-jupiter-engine-5.9.1.jar:/var/benchmarks/projects/threeten-extra/target/dependency/guava-32.1.2-jre.jar:/usr/local/bin/lib/junit.jar:/usr/local/bin/lib/hamcrest-core.jar -d results_kex_120/THREETEN-EXTRA-88_1/temp/testcases/bin /home/kex/results_kex_120/THREETEN-EXTRA-88_1/temp/testcases/org/threeten/extra/PackedFields_init_15059651680.java

/home/kex/results_kex_120/THREETEN-EXTRA-88_1/temp/testcases/org/threeten/extra/ReflectionUtils.java:9: warning: Unsafe is internal proprietary API and may be removed in a future release
import sun.misc.Unsafe;
               ^
/home/kex/results_kex_120/THREETEN-EXTRA-88_1/temp/testcases/org/threeten/extra/ReflectionUtils.java:13: warning: Unsafe is internal proprietary API and may be removed in a future release
    public static final Unsafe UNSAFE;
                        ^
/home/kex/results_kex_120/THREETEN-EXTRA-88_1/temp/testcases/org/threeten/extra/ReflectionUtils.java:17: warning: Unsafe is internal proprietary API and may be removed in a future release
            final Field uns = Unsafe.class.getDeclaredField("theUnsafe");
                              ^
/home/kex/results_kex_120/THREETEN-EXTRA-88_1/temp/testcases/org/threeten/extra/ReflectionUtils.java:19: warning: Unsafe is internal proprietary API and may be removed in a future release
            UNSAFE = (Unsafe) uns.get(null);
                      ^
4 warnings
Compiled 'org/threeten/extra/PackedFields_init_15059651680.java'

===
javac command line:
/usr/bin/javac -sourcepath /home/kex/results_kex_120/THREETEN-EXTRA-88_1/temp/testcases -cp /var/benchmarks/projects/threeten-extra/target/threeten-extra-1.7.3-SNAPSHOT.jar:/var/benchmarks/projects/threeten-extra/target/dependency/junit-platform-engine-1.9.1.jar:/var/benchmarks/projects/threeten-extra/target/dependency/junit-jupiter-api-5.9.1.jar:/var/benchmarks/projects/threeten-extra/target/dependency/joda-convert-2.2.2.jar:/var/benchmarks/projects/threeten-extra/target/dependency/junit-jupiter-params-5.9.1.jar:/var/benchmarks/projects/threeten-extra/target/dependency/junit-platform-launcher-1.9.1.jar:/var/benchmarks/projects/threeten-extra/target/dependency/junit-pioneer-1.9.1.jar:/var/benchmarks/projects/threeten-extra/target/dependency/listenablefuture-9999.0-empty-to-avoid-conflict-with-guava.jar:/var/benchmarks/projects/threeten-extra/target/dependency/junit-jupiter-5.9.1.jar:/var/benchmarks/projects/threeten-extra/target/dependency/apiguardian-api-1.1.2.jar:/var/benchmarks/projects/threeten-extra/target/dependency/opentest4j-1.2.0.jar:/var/benchmarks/projects/threeten-extra/target/dependency/failureaccess-1.0.1.jar:/var/benchmarks/projects/threeten-extra/target/dependency/junit-jupiter-engine-5.9.1.jar:/var/benchmarks/projects/threeten-extra/target/dependency/guava-32.1.2-jre.jar:/usr/local/bin/lib/junit.jar:/usr/local/bin/lib/hamcrest-core.jar -d results_kex_120/THREETEN-EXTRA-88_1/temp/testcases/bin /home/kex/results_kex_120/THREETEN-EXTRA-88_1/temp/testcases/org/threeten/extra/PackedFields_init_15059651681.java

/home/kex/results_kex_120/THREETEN-EXTRA-88_1/temp/testcases/org/threeten/extra/ReflectionUtils.java:9: warning: Unsafe is internal proprietary API and may be removed in a future release
import sun.misc.Unsafe;
               ^
/home/kex/results_kex_120/THREETEN-EXTRA-88_1/temp/testcases/org/threeten/extra/ReflectionUtils.java:13: warning: Unsafe is internal proprietary API and may be removed in a future release
    public static final Unsafe UNSAFE;
                        ^
/home/kex/results_kex_120/THREETEN-EXTRA-88_1/temp/testcases/org/threeten/extra/ReflectionUtils.java:17: warning: Unsafe is internal proprietary API and may be removed in a future release
            final Field uns = Unsafe.class.getDeclaredField("theUnsafe");
                              ^
/home/kex/results_kex_120/THREETEN-EXTRA-88_1/temp/testcases/org/threeten/extra/ReflectionUtils.java:19: warning: Unsafe is internal proprietary API and may be removed in a future release
            UNSAFE = (Unsafe) uns.get(null);
                      ^
4 warnings
Compiled 'org/threeten/extra/PackedFields_init_15059651681.java'

===
javac command line:
/usr/bin/javac -sourcepath /home/kex/results_kex_120/THREETEN-EXTRA-88_1/temp/testcases -cp /var/benchmarks/projects/threeten-extra/target/threeten-extra-1.7.3-SNAPSHOT.jar:/var/benchmarks/projects/threeten-extra/target/dependency/junit-platform-engine-1.9.1.jar:/var/benchmarks/projects/threeten-extra/target/dependency/junit-jupiter-api-5.9.1.jar:/var/benchmarks/projects/threeten-extra/target/dependency/joda-convert-2.2.2.jar:/var/benchmarks/projects/threeten-extra/target/dependency/junit-jupiter-params-5.9.1.jar:/var/benchmarks/projects/threeten-extra/target/dependency/junit-platform-launcher-1.9.1.jar:/var/benchmarks/projects/threeten-extra/target/dependency/junit-pioneer-1.9.1.jar:/var/benchmarks/projects/threeten-extra/target/dependency/listenablefuture-9999.0-empty-to-avoid-conflict-with-guava.jar:/var/benchmarks/projects/threeten-extra/target/dependency/junit-jupiter-5.9.1.jar:/var/benchmarks/projects/threeten-extra/target/dependency/apiguardian-api-1.1.2.jar:/var/benchmarks/projects/threeten-extra/target/dependency/opentest4j-1.2.0.jar:/var/benchmarks/projects/threeten-extra/target/dependency/failureaccess-1.0.1.jar:/var/benchmarks/projects/threeten-extra/target/dependency/junit-jupiter-engine-5.9.1.jar:/var/benchmarks/projects/threeten-extra/target/dependency/guava-32.1.2-jre.jar:/usr/local/bin/lib/junit.jar:/usr/local/bin/lib/hamcrest-core.jar -d results_kex_120/THREETEN-EXTRA-88_1/temp/testcases/bin /home/kex/results_kex_120/THREETEN-EXTRA-88_1/temp/testcases/org/threeten/extra/PackedFields_updateCheckConflict_3527335150.java

/home/kex/results_kex_120/THREETEN-EXTRA-88_1/temp/testcases/org/threeten/extra/ReflectionUtils.java:9: warning: Unsafe is internal proprietary API and may be removed in a future release
import sun.misc.Unsafe;
               ^
/home/kex/results_kex_120/THREETEN-EXTRA-88_1/temp/testcases/org/threeten/extra/ReflectionUtils.java:13: warning: Unsafe is internal proprietary API and may be removed in a future release
    public static final Unsafe UNSAFE;
                        ^
/home/kex/results_kex_120/THREETEN-EXTRA-88_1/temp/testcases/org/threeten/extra/ReflectionUtils.java:17: warning: Unsafe is internal proprietary API and may be removed in a future release
            final Field uns = Unsafe.class.getDeclaredField("theUnsafe");
                              ^
/home/kex/results_kex_120/THREETEN-EXTRA-88_1/temp/testcases/org/threeten/extra/ReflectionUtils.java:19: warning: Unsafe is internal proprietary API and may be removed in a future release
            UNSAFE = (Unsafe) uns.get(null);
                      ^
4 warnings
Compiled 'org/threeten/extra/PackedFields_updateCheckConflict_3527335150.java'

===
javac command line:
/usr/bin/javac -sourcepath /home/kex/results_kex_120/THREETEN-EXTRA-88_1/temp/testcases -cp /var/benchmarks/projects/threeten-extra/target/threeten-extra-1.7.3-SNAPSHOT.jar:/var/benchmarks/projects/threeten-extra/target/dependency/junit-platform-engine-1.9.1.jar:/var/benchmarks/projects/threeten-extra/target/dependency/junit-jupiter-api-5.9.1.jar:/var/benchmarks/projects/threeten-extra/target/dependency/joda-convert-2.2.2.jar:/var/benchmarks/projects/threeten-extra/target/dependency/junit-jupiter-params-5.9.1.jar:/var/benchmarks/projects/threeten-extra/target/dependency/junit-platform-launcher-1.9.1.jar:/var/benchmarks/projects/threeten-extra/target/dependency/junit-pioneer-1.9.1.jar:/var/benchmarks/projects/threeten-extra/target/dependency/listenablefuture-9999.0-empty-to-avoid-conflict-with-guava.jar:/var/benchmarks/projects/threeten-extra/target/dependency/junit-jupiter-5.9.1.jar:/var/benchmarks/projects/threeten-extra/target/dependency/apiguardian-api-1.1.2.jar:/var/benchmarks/projects/threeten-extra/target/dependency/opentest4j-1.2.0.jar:/var/benchmarks/projects/threeten-extra/target/dependency/failureaccess-1.0.1.jar:/var/benchmarks/projects/threeten-extra/target/dependency/junit-jupiter-engine-5.9.1.jar:/var/benchmarks/projects/threeten-extra/target/dependency/guava-32.1.2-jre.jar:/usr/local/bin/lib/junit.jar:/usr/local/bin/lib/hamcrest-core.jar -d results_kex_120/THREETEN-EXTRA-88_1/temp/testcases/bin /home/kex/results_kex_120/THREETEN-EXTRA-88_1/temp/testcases/org/threeten/extra/PackedFields_updateCheckConflict_3527335151.java

/home/kex/results_kex_120/THREETEN-EXTRA-88_1/temp/testcases/org/threeten/extra/ReflectionUtils.java:9: warning: Unsafe is internal proprietary API and may be removed in a future release
import sun.misc.Unsafe;
               ^
/home/kex/results_kex_120/THREETEN-EXTRA-88_1/temp/testcases/org/threeten/extra/ReflectionUtils.java:13: warning: Unsafe is internal proprietary API and may be removed in a future release
    public static final Unsafe UNSAFE;
                        ^
/home/kex/results_kex_120/THREETEN-EXTRA-88_1/temp/testcases/org/threeten/extra/ReflectionUtils.java:17: warning: Unsafe is internal proprietary API and may be removed in a future release
            final Field uns = Unsafe.class.getDeclaredField("theUnsafe");
                              ^
/home/kex/results_kex_120/THREETEN-EXTRA-88_1/temp/testcases/org/threeten/extra/ReflectionUtils.java:19: warning: Unsafe is internal proprietary API and may be removed in a future release
            UNSAFE = (Unsafe) uns.get(null);
                      ^
4 warnings
Compiled 'org/threeten/extra/PackedFields_updateCheckConflict_3527335151.java'

===
javac command line:
/usr/bin/javac -sourcepath /home/kex/results_kex_120/THREETEN-EXTRA-88_1/temp/testcases -cp /var/benchmarks/projects/threeten-extra/target/threeten-extra-1.7.3-SNAPSHOT.jar:/var/benchmarks/projects/threeten-extra/target/dependency/junit-platform-engine-1.9.1.jar:/var/benchmarks/projects/threeten-extra/target/dependency/junit-jupiter-api-5.9.1.jar:/var/benchmarks/projects/threeten-extra/target/dependency/joda-convert-2.2.2.jar:/var/benchmarks/projects/threeten-extra/target/dependency/junit-jupiter-params-5.9.1.jar:/var/benchmarks/projects/threeten-extra/target/dependency/junit-platform-launcher-1.9.1.jar:/var/benchmarks/projects/threeten-extra/target/dependency/junit-pioneer-1.9.1.jar:/var/benchmarks/projects/threeten-extra/target/dependency/listenablefuture-9999.0-empty-to-avoid-conflict-with-guava.jar:/var/benchmarks/projects/threeten-extra/target/dependency/junit-jupiter-5.9.1.jar:/var/benchmarks/projects/threeten-extra/target/dependency/apiguardian-api-1.1.2.jar:/var/benchmarks/projects/threeten-extra/target/dependency/opentest4j-1.2.0.jar:/var/benchmarks/projects/threeten-extra/target/dependency/failureaccess-1.0.1.jar:/var/benchmarks/projects/threeten-extra/target/dependency/junit-jupiter-engine-5.9.1.jar:/var/benchmarks/projects/threeten-extra/target/dependency/guava-32.1.2-jre.jar:/usr/local/bin/lib/junit.jar:/usr/local/bin/lib/hamcrest-core.jar -d results_kex_120/THREETEN-EXTRA-88_1/temp/testcases/bin /home/kex/results_kex_120/THREETEN-EXTRA-88_1/temp/testcases/org/threeten/extra/ReflectionUtils.java

/home/kex/results_kex_120/THREETEN-EXTRA-88_1/temp/testcases/org/threeten/extra/ReflectionUtils.java:9: warning: Unsafe is internal proprietary API and may be removed in a future release
import sun.misc.Unsafe;
               ^
/home/kex/results_kex_120/THREETEN-EXTRA-88_1/temp/testcases/org/threeten/extra/ReflectionUtils.java:13: warning: Unsafe is internal proprietary API and may be removed in a future release
    public static final Unsafe UNSAFE;
                        ^
/home/kex/results_kex_120/THREETEN-EXTRA-88_1/temp/testcases/org/threeten/extra/ReflectionUtils.java:17: warning: Unsafe is internal proprietary API and may be removed in a future release
            final Field uns = Unsafe.class.getDeclaredField("theUnsafe");
                              ^
/home/kex/results_kex_120/THREETEN-EXTRA-88_1/temp/testcases/org/threeten/extra/ReflectionUtils.java:19: warning: Unsafe is internal proprietary API and may be removed in a future release
            UNSAFE = (Unsafe) uns.get(null);
                      ^
4 warnings
Compiled 'org/threeten/extra/ReflectionUtils.java'

---Timing Information---
Running tests with the following classpath: 
/var/benchmarks/projects/threeten-extra/target/threeten-extra-1.7.3-SNAPSHOT.jar:/var/benchmarks/projects/threeten-extra/target/dependency/junit-platform-engine-1.9.1.jar:/var/benchmarks/projects/threeten-extra/target/dependency/junit-jupiter-api-5.9.1.jar:/var/benchmarks/projects/threeten-extra/target/dependency/joda-convert-2.2.2.jar:/var/benchmarks/projects/threeten-extra/target/dependency/junit-jupiter-params-5.9.1.jar:/var/benchmarks/projects/threeten-extra/target/dependency/junit-platform-launcher-1.9.1.jar:/var/benchmarks/projects/threeten-extra/target/dependency/junit-pioneer-1.9.1.jar:/var/benchmarks/projects/threeten-extra/target/dependency/listenablefuture-9999.0-empty-to-avoid-conflict-with-guava.jar:/var/benchmarks/projects/threeten-extra/target/dependency/junit-jupiter-5.9.1.jar:/var/benchmarks/projects/threeten-extra/target/dependency/apiguardian-api-1.1.2.jar:/var/benchmarks/projects/threeten-extra/target/dependency/opentest4j-1.2.0.jar:/var/benchmarks/projects/threeten-extra/target/dependency/failureaccess-1.0.1.jar:/var/benchmarks/projects/threeten-extra/target/dependency/junit-jupiter-engine-5.9.1.jar:/var/benchmarks/projects/threeten-extra/target/dependency/guava-32.1.2-jre.jar:/usr/local/bin/lib/junit.jar:/usr/local/bin/lib/hamcrest-core.jar:/home/kex/results_kex_120/THREETEN-EXTRA-88_1/temp/testcases/bin
Running the tests: [SBSTDummyForCoverageAndMutationCalculation, org.threeten.extra.EqualityUtils, org.threeten.extra.PackedFields_init_15059651680, org.threeten.extra.PackedFields_init_15059651681, org.threeten.extra.PackedFields_updateCheckConflict_3527335150, org.threeten.extra.PackedFields_updateCheckConflict_3527335151, org.threeten.extra.ReflectionUtils]
Executions terminated
Failure: [initializationError(org.threeten.extra.EqualityUtils): No runnable methods]
Failing Tests: initializationError(org.threeten.extra.EqualityUtils)
java.lang.Exception: No runnable methods
	at org.junit.runners.BlockJUnit4ClassRunner.validateInstanceMethods(BlockJUnit4ClassRunner.java:169)
	at org.junit.runners.BlockJUnit4ClassRunner.collectInitializationErrors(BlockJUnit4ClassRunner.java:104)
	at org.junit.runners.ParentRunner.validate(ParentRunner.java:355)
	at org.junit.runners.ParentRunner.<init>(ParentRunner.java:76)
	at org.junit.runners.BlockJUnit4ClassRunner.<init>(BlockJUnit4ClassRunner.java:57)
	at org.junit.internal.builders.JUnit4Builder.runnerForClass(JUnit4Builder.java:10)
	at org.junit.runners.model.RunnerBuilder.safeRunnerForClass(RunnerBuilder.java:59)
	at org.junit.internal.builders.AllDefaultPossibilitiesBuilder.runnerForClass(AllDefaultPossibilitiesBuilder.java:26)
	at org.junit.runner.Computer.getRunner(Computer.java:40)
	at org.junit.runner.Computer$1.runnerForClass(Computer.java:31)
	at org.junit.runners.model.RunnerBuilder.safeRunnerForClass(RunnerBuilder.java:59)
	at org.junit.runners.model.RunnerBuilder.runners(RunnerBuilder.java:101)
	at org.junit.runners.model.RunnerBuilder.runners(RunnerBuilder.java:87)
	at org.junit.runners.Suite.<init>(Suite.java:80)
	at org.junit.runner.Computer.getSuite(Computer.java:28)
	at org.junit.runner.Request.classes(Request.java:75)
	at org.junit.runner.JUnitCore.run(JUnitCore.java:117)
	at sbst.benchmark.coverage.TestExecutionTask.call(TestExecutionTask.java:54)
	at sbst.benchmark.coverage.TestExecutionTask.call(TestExecutionTask.java:15)
	at java.util.concurrent.FutureTask.run(FutureTask.java:266)
	at java.util.concurrent.ThreadPoolExecutor.runWorker(ThreadPoolExecutor.java:1149)
	at java.util.concurrent.ThreadPoolExecutor$Worker.run(ThreadPoolExecutor.java:624)
	at java.lang.Thread.run(Thread.java:750)

Failure: [test(org.threeten.extra.PackedFields_updateCheckConflict_3527335150): Conflict found: null 5270370404989704783 differs from null 2442117782898005296 while resolving  null]
Failing Tests: test(org.threeten.extra.PackedFields_updateCheckConflict_3527335150)
java.time.DateTimeException: Conflict found: null 5270370404989704783 differs from null 2442117782898005296 while resolving  null
	at org.threeten.extra.PackedFields.updateCheckConflict(PackedFields.java:417)
	at sun.reflect.NativeMethodAccessorImpl.invoke0(Native Method)
	at sun.reflect.NativeMethodAccessorImpl.invoke(NativeMethodAccessorImpl.java:62)
	at sun.reflect.DelegatingMethodAccessorImpl.invoke(DelegatingMethodAccessorImpl.java:43)
	at java.lang.reflect.Method.invoke(Method.java:498)
	at org.threeten.extra.ReflectionUtils.callMethod(ReflectionUtils.java:238)
	at org.threeten.extra.PackedFields_updateCheckConflict_3527335150.test(PackedFields_updateCheckConflict_3527335150.java:70)
	at sun.reflect.NativeMethodAccessorImpl.invoke0(Native Method)
	at sun.reflect.NativeMethodAccessorImpl.invoke(NativeMethodAccessorImpl.java:62)
	at sun.reflect.DelegatingMethodAccessorImpl.invoke(DelegatingMethodAccessorImpl.java:43)
	at java.lang.reflect.Method.invoke(Method.java:498)
	at org.junit.runners.model.FrameworkMethod$1.runReflectiveCall(FrameworkMethod.java:47)
	at org.junit.internal.runners.model.ReflectiveCallable.run(ReflectiveCallable.java:12)
	at org.junit.runners.model.FrameworkMethod.invokeExplosively(FrameworkMethod.java:44)
	at org.junit.internal.runners.statements.InvokeMethod.evaluate(InvokeMethod.java:17)
	at org.junit.internal.runners.statements.RunBefores.evaluate(RunBefores.java:26)
	at org.junit.runners.ParentRunner.runLeaf(ParentRunner.java:271)
	at org.junit.runners.BlockJUnit4ClassRunner.runChild(BlockJUnit4ClassRunner.java:70)
	at org.junit.runners.BlockJUnit4ClassRunner.runChild(BlockJUnit4ClassRunner.java:50)
	at org.junit.runners.ParentRunner$3.run(ParentRunner.java:238)
	at org.junit.runners.ParentRunner$1.schedule(ParentRunner.java:63)
	at org.junit.runners.ParentRunner.runChildren(ParentRunner.java:236)
	at org.junit.runners.ParentRunner.access$000(ParentRunner.java:53)
	at org.junit.runners.ParentRunner$2.evaluate(ParentRunner.java:229)
	at org.junit.runners.ParentRunner.run(ParentRunner.java:309)
	at org.junit.runners.Suite.runChild(Suite.java:127)
	at org.junit.runners.Suite.runChild(Suite.java:26)
	at org.junit.runners.ParentRunner$3.run(ParentRunner.java:238)
	at org.junit.runners.ParentRunner$1.schedule(ParentRunner.java:63)
	at org.junit.runners.ParentRunner.runChildren(ParentRunner.java:236)
	at org.junit.runners.ParentRunner.access$000(ParentRunner.java:53)
	at org.junit.runners.ParentRunner$2.evaluate(ParentRunner.java:229)
	at org.junit.runners.ParentRunner.run(ParentRunner.java:309)
	at org.junit.runner.JUnitCore.run(JUnitCore.java:160)
	at org.junit.runner.JUnitCore.run(JUnitCore.java:138)
	at org.junit.runner.JUnitCore.run(JUnitCore.java:117)
	at sbst.benchmark.coverage.TestExecutionTask.call(TestExecutionTask.java:54)
	at sbst.benchmark.coverage.TestExecutionTask.call(TestExecutionTask.java:15)
	at java.util.concurrent.FutureTask.run(FutureTask.java:266)
	at java.util.concurrent.ThreadPoolExecutor.runWorker(ThreadPoolExecutor.java:1149)
	at java.util.concurrent.ThreadPoolExecutor$Worker.run(ThreadPoolExecutor.java:624)
	at java.lang.Thread.run(Thread.java:750)

Failure: [test(org.threeten.extra.PackedFields_updateCheckConflict_3527335151): null]
Failing Tests: test(org.threeten.extra.PackedFields_updateCheckConflict_3527335151)
java.lang.NullPointerException
	at org.threeten.extra.PackedFields.updateCheckConflict(PackedFields.java:415)
	at sun.reflect.NativeMethodAccessorImpl.invoke0(Native Method)
	at sun.reflect.NativeMethodAccessorImpl.invoke(NativeMethodAccessorImpl.java:62)
	at sun.reflect.DelegatingMethodAccessorImpl.invoke(DelegatingMethodAccessorImpl.java:43)
	at java.lang.reflect.Method.invoke(Method.java:498)
	at org.threeten.extra.ReflectionUtils.callMethod(ReflectionUtils.java:238)
	at org.threeten.extra.PackedFields_updateCheckConflict_3527335151.test(PackedFields_updateCheckConflict_3527335151.java:47)
	at sun.reflect.NativeMethodAccessorImpl.invoke0(Native Method)
	at sun.reflect.NativeMethodAccessorImpl.invoke(NativeMethodAccessorImpl.java:62)
	at sun.reflect.DelegatingMethodAccessorImpl.invoke(DelegatingMethodAccessorImpl.java:43)
	at java.lang.reflect.Method.invoke(Method.java:498)
	at org.junit.runners.model.FrameworkMethod$1.runReflectiveCall(FrameworkMethod.java:47)
	at org.junit.internal.runners.model.ReflectiveCallable.run(ReflectiveCallable.java:12)
	at org.junit.runners.model.FrameworkMethod.invokeExplosively(FrameworkMethod.java:44)
	at org.junit.internal.runners.statements.InvokeMethod.evaluate(InvokeMethod.java:17)
	at org.junit.internal.runners.statements.RunBefores.evaluate(RunBefores.java:26)
	at org.junit.runners.ParentRunner.runLeaf(ParentRunner.java:271)
	at org.junit.runners.BlockJUnit4ClassRunner.runChild(BlockJUnit4ClassRunner.java:70)
	at org.junit.runners.BlockJUnit4ClassRunner.runChild(BlockJUnit4ClassRunner.java:50)
	at org.junit.runners.ParentRunner$3.run(ParentRunner.java:238)
	at org.junit.runners.ParentRunner$1.schedule(ParentRunner.java:63)
	at org.junit.runners.ParentRunner.runChildren(ParentRunner.java:236)
	at org.junit.runners.ParentRunner.access$000(ParentRunner.java:53)
	at org.junit.runners.ParentRunner$2.evaluate(ParentRunner.java:229)
	at org.junit.runners.ParentRunner.run(ParentRunner.java:309)
	at org.junit.runners.Suite.runChild(Suite.java:127)
	at org.junit.runners.Suite.runChild(Suite.java:26)
	at org.junit.runners.ParentRunner$3.run(ParentRunner.java:238)
	at org.junit.runners.ParentRunner$1.schedule(ParentRunner.java:63)
	at org.junit.runners.ParentRunner.runChildren(ParentRunner.java:236)
	at org.junit.runners.ParentRunner.access$000(ParentRunner.java:53)
	at org.junit.runners.ParentRunner$2.evaluate(ParentRunner.java:229)
	at org.junit.runners.ParentRunner.run(ParentRunner.java:309)
	at org.junit.runner.JUnitCore.run(JUnitCore.java:160)
	at org.junit.runner.JUnitCore.run(JUnitCore.java:138)
	at org.junit.runner.JUnitCore.run(JUnitCore.java:117)
	at sbst.benchmark.coverage.TestExecutionTask.call(TestExecutionTask.java:54)
	at sbst.benchmark.coverage.TestExecutionTask.call(TestExecutionTask.java:15)
	at java.util.concurrent.FutureTask.run(FutureTask.java:266)
	at java.util.concurrent.ThreadPoolExecutor.runWorker(ThreadPoolExecutor.java:1149)
	at java.util.concurrent.ThreadPoolExecutor$Worker.run(ThreadPoolExecutor.java:624)
	at java.lang.Thread.run(Thread.java:750)

Failure: [initializationError(org.threeten.extra.ReflectionUtils): No runnable methods]
Failing Tests: initializationError(org.threeten.extra.ReflectionUtils)
java.lang.Exception: No runnable methods
	at org.junit.runners.BlockJUnit4ClassRunner.validateInstanceMethods(BlockJUnit4ClassRunner.java:169)
	at org.junit.runners.BlockJUnit4ClassRunner.collectInitializationErrors(BlockJUnit4ClassRunner.java:104)
	at org.junit.runners.ParentRunner.validate(ParentRunner.java:355)
	at org.junit.runners.ParentRunner.<init>(ParentRunner.java:76)
	at org.junit.runners.BlockJUnit4ClassRunner.<init>(BlockJUnit4ClassRunner.java:57)
	at org.junit.internal.builders.JUnit4Builder.runnerForClass(JUnit4Builder.java:10)
	at org.junit.runners.model.RunnerBuilder.safeRunnerForClass(RunnerBuilder.java:59)
	at org.junit.internal.builders.AllDefaultPossibilitiesBuilder.runnerForClass(AllDefaultPossibilitiesBuilder.java:26)
	at org.junit.runner.Computer.getRunner(Computer.java:40)
	at org.junit.runner.Computer$1.runnerForClass(Computer.java:31)
	at org.junit.runners.model.RunnerBuilder.safeRunnerForClass(RunnerBuilder.java:59)
	at org.junit.runners.model.RunnerBuilder.runners(RunnerBuilder.java:101)
	at org.junit.runners.model.RunnerBuilder.runners(RunnerBuilder.java:87)
	at org.junit.runners.Suite.<init>(Suite.java:80)
	at org.junit.runner.Computer.getSuite(Computer.java:28)
	at org.junit.runner.Request.classes(Request.java:75)
	at org.junit.runner.JUnitCore.run(JUnitCore.java:117)
	at sbst.benchmark.coverage.TestExecutionTask.call(TestExecutionTask.java:54)
	at sbst.benchmark.coverage.TestExecutionTask.call(TestExecutionTask.java:15)
	at java.util.concurrent.FutureTask.run(FutureTask.java:266)
	at java.util.concurrent.ThreadPoolExecutor.runWorker(ThreadPoolExecutor.java:1149)
	at java.util.concurrent.ThreadPoolExecutor$Worker.run(ThreadPoolExecutor.java:624)
	at java.lang.Thread.run(Thread.java:750)


---The tests are re-executed other four times to find the flaky ones---
Running the tests: [SBSTDummyForCoverageAndMutationCalculation, org.threeten.extra.EqualityUtils, org.threeten.extra.PackedFields_init_15059651680, org.threeten.extra.PackedFields_init_15059651681, org.threeten.extra.PackedFields_updateCheckConflict_3527335150, org.threeten.extra.PackedFields_updateCheckConflict_3527335151, org.threeten.extra.ReflectionUtils]
Executions terminated
Failure: [initializationError(org.threeten.extra.EqualityUtils): No runnable methods]
Failing Tests: initializationError(org.threeten.extra.EqualityUtils)
java.lang.Exception: No runnable methods
	at org.junit.runners.BlockJUnit4ClassRunner.validateInstanceMethods(BlockJUnit4ClassRunner.java:169)
	at org.junit.runners.BlockJUnit4ClassRunner.collectInitializationErrors(BlockJUnit4ClassRunner.java:104)
	at org.junit.runners.ParentRunner.validate(ParentRunner.java:355)
	at org.junit.runners.ParentRunner.<init>(ParentRunner.java:76)
	at org.junit.runners.BlockJUnit4ClassRunner.<init>(BlockJUnit4ClassRunner.java:57)
	at org.junit.internal.builders.JUnit4Builder.runnerForClass(JUnit4Builder.java:10)
	at org.junit.runners.model.RunnerBuilder.safeRunnerForClass(RunnerBuilder.java:59)
	at org.junit.internal.builders.AllDefaultPossibilitiesBuilder.runnerForClass(AllDefaultPossibilitiesBuilder.java:26)
	at org.junit.runner.Computer.getRunner(Computer.java:40)
	at org.junit.runner.Computer$1.runnerForClass(Computer.java:31)
	at org.junit.runners.model.RunnerBuilder.safeRunnerForClass(RunnerBuilder.java:59)
	at org.junit.runners.model.RunnerBuilder.runners(RunnerBuilder.java:101)
	at org.junit.runners.model.RunnerBuilder.runners(RunnerBuilder.java:87)
	at org.junit.runners.Suite.<init>(Suite.java:80)
	at org.junit.runner.Computer.getSuite(Computer.java:28)
	at org.junit.runner.Request.classes(Request.java:75)
	at org.junit.runner.JUnitCore.run(JUnitCore.java:117)
	at sbst.benchmark.coverage.TestExecutionTask.call(TestExecutionTask.java:54)
	at sbst.benchmark.coverage.TestExecutionTask.call(TestExecutionTask.java:15)
	at java.util.concurrent.FutureTask.run(FutureTask.java:266)
	at java.util.concurrent.ThreadPoolExecutor.runWorker(ThreadPoolExecutor.java:1149)
	at java.util.concurrent.ThreadPoolExecutor$Worker.run(ThreadPoolExecutor.java:624)
	at java.lang.Thread.run(Thread.java:750)

Failure: [test(org.threeten.extra.PackedFields_updateCheckConflict_3527335150): Conflict found: null 5270370404989704783 differs from null 2442117782898005296 while resolving  null]
Failing Tests: test(org.threeten.extra.PackedFields_updateCheckConflict_3527335150)
java.time.DateTimeException: Conflict found: null 5270370404989704783 differs from null 2442117782898005296 while resolving  null
	at org.threeten.extra.PackedFields.updateCheckConflict(PackedFields.java:417)
	at sun.reflect.NativeMethodAccessorImpl.invoke0(Native Method)
	at sun.reflect.NativeMethodAccessorImpl.invoke(NativeMethodAccessorImpl.java:62)
	at sun.reflect.DelegatingMethodAccessorImpl.invoke(DelegatingMethodAccessorImpl.java:43)
	at java.lang.reflect.Method.invoke(Method.java:498)
	at org.threeten.extra.ReflectionUtils.callMethod(ReflectionUtils.java:238)
	at org.threeten.extra.PackedFields_updateCheckConflict_3527335150.test(PackedFields_updateCheckConflict_3527335150.java:70)
	at sun.reflect.NativeMethodAccessorImpl.invoke0(Native Method)
	at sun.reflect.NativeMethodAccessorImpl.invoke(NativeMethodAccessorImpl.java:62)
	at sun.reflect.DelegatingMethodAccessorImpl.invoke(DelegatingMethodAccessorImpl.java:43)
	at java.lang.reflect.Method.invoke(Method.java:498)
	at org.junit.runners.model.FrameworkMethod$1.runReflectiveCall(FrameworkMethod.java:47)
	at org.junit.internal.runners.model.ReflectiveCallable.run(ReflectiveCallable.java:12)
	at org.junit.runners.model.FrameworkMethod.invokeExplosively(FrameworkMethod.java:44)
	at org.junit.internal.runners.statements.InvokeMethod.evaluate(InvokeMethod.java:17)
	at org.junit.internal.runners.statements.RunBefores.evaluate(RunBefores.java:26)
	at org.junit.runners.ParentRunner.runLeaf(ParentRunner.java:271)
	at org.junit.runners.BlockJUnit4ClassRunner.runChild(BlockJUnit4ClassRunner.java:70)
	at org.junit.runners.BlockJUnit4ClassRunner.runChild(BlockJUnit4ClassRunner.java:50)
	at org.junit.runners.ParentRunner$3.run(ParentRunner.java:238)
	at org.junit.runners.ParentRunner$1.schedule(ParentRunner.java:63)
	at org.junit.runners.ParentRunner.runChildren(ParentRunner.java:236)
	at org.junit.runners.ParentRunner.access$000(ParentRunner.java:53)
	at org.junit.runners.ParentRunner$2.evaluate(ParentRunner.java:229)
	at org.junit.runners.ParentRunner.run(ParentRunner.java:309)
	at org.junit.runners.Suite.runChild(Suite.java:127)
	at org.junit.runners.Suite.runChild(Suite.java:26)
	at org.junit.runners.ParentRunner$3.run(ParentRunner.java:238)
	at org.junit.runners.ParentRunner$1.schedule(ParentRunner.java:63)
	at org.junit.runners.ParentRunner.runChildren(ParentRunner.java:236)
	at org.junit.runners.ParentRunner.access$000(ParentRunner.java:53)
	at org.junit.runners.ParentRunner$2.evaluate(ParentRunner.java:229)
	at org.junit.runners.ParentRunner.run(ParentRunner.java:309)
	at org.junit.runner.JUnitCore.run(JUnitCore.java:160)
	at org.junit.runner.JUnitCore.run(JUnitCore.java:138)
	at org.junit.runner.JUnitCore.run(JUnitCore.java:117)
	at sbst.benchmark.coverage.TestExecutionTask.call(TestExecutionTask.java:54)
	at sbst.benchmark.coverage.TestExecutionTask.call(TestExecutionTask.java:15)
	at java.util.concurrent.FutureTask.run(FutureTask.java:266)
	at java.util.concurrent.ThreadPoolExecutor.runWorker(ThreadPoolExecutor.java:1149)
	at java.util.concurrent.ThreadPoolExecutor$Worker.run(ThreadPoolExecutor.java:624)
	at java.lang.Thread.run(Thread.java:750)

Running the tests: [SBSTDummyForCoverageAndMutationCalculation, org.threeten.extra.EqualityUtils, org.threeten.extra.PackedFields_init_15059651680, org.threeten.extra.PackedFields_init_15059651681, org.threeten.extra.PackedFields_updateCheckConflict_3527335150, org.threeten.extra.PackedFields_updateCheckConflict_3527335151, org.threeten.extra.ReflectionUtils]
Failure: [test(org.threeten.extra.PackedFields_updateCheckConflict_3527335151): null]
Failing Tests: test(org.threeten.extra.PackedFields_updateCheckConflict_3527335151)
java.lang.NullPointerException
	at org.threeten.extra.PackedFields.updateCheckConflict(PackedFields.java:415)
	at sun.reflect.NativeMethodAccessorImpl.invoke0(Native Method)
	at sun.reflect.NativeMethodAccessorImpl.invoke(NativeMethodAccessorImpl.java:62)
	at sun.reflect.DelegatingMethodAccessorImpl.invoke(DelegatingMethodAccessorImpl.java:43)
	at java.lang.reflect.Method.invoke(Method.java:498)
	at org.threeten.extra.ReflectionUtils.callMethod(ReflectionUtils.java:238)
	at org.threeten.extra.PackedFields_updateCheckConflict_3527335151.test(PackedFields_updateCheckConflict_3527335151.java:47)
	at sun.reflect.NativeMethodAccessorImpl.invoke0(Native Method)
	at sun.reflect.NativeMethodAccessorImpl.invoke(NativeMethodAccessorImpl.java:62)
	at sun.reflect.DelegatingMethodAccessorImpl.invoke(DelegatingMethodAccessorImpl.java:43)
	at java.lang.reflect.Method.invoke(Method.java:498)
	at org.junit.runners.model.FrameworkMethod$1.runReflectiveCall(FrameworkMethod.java:47)
	at org.junit.internal.runners.model.ReflectiveCallable.run(ReflectiveCallable.java:12)
	at org.junit.runners.model.FrameworkMethod.invokeExplosively(FrameworkMethod.java:44)
	at org.junit.internal.runners.statements.InvokeMethod.evaluate(InvokeMethod.java:17)
	at org.junit.internal.runners.statements.RunBefores.evaluate(RunBefores.java:26)
	at org.junit.runners.ParentRunner.runLeaf(ParentRunner.java:271)
	at org.junit.runners.BlockJUnit4ClassRunner.runChild(BlockJUnit4ClassRunner.java:70)
	at org.junit.runners.BlockJUnit4ClassRunner.runChild(BlockJUnit4ClassRunner.java:50)
	at org.junit.runners.ParentRunner$3.run(ParentRunner.java:238)
	at org.junit.runners.ParentRunner$1.schedule(ParentRunner.java:63)
	at org.junit.runners.ParentRunner.runChildren(ParentRunner.java:236)
	at org.junit.runners.ParentRunner.access$000(ParentRunner.java:53)
	at org.junit.runners.ParentRunner$2.evaluate(ParentRunner.java:229)
	at org.junit.runners.ParentRunner.run(ParentRunner.java:309)
	at org.junit.runners.Suite.runChild(Suite.java:127)
	at org.junit.runners.Suite.runChild(Suite.java:26)
	at org.junit.runners.ParentRunner$3.run(ParentRunner.java:238)
	at org.junit.runners.ParentRunner$1.schedule(ParentRunner.java:63)
	at org.junit.runners.ParentRunner.runChildren(ParentRunner.java:236)
	at org.junit.runners.ParentRunner.access$000(ParentRunner.java:53)
	at org.junit.runners.ParentRunner$2.evaluate(ParentRunner.java:229)
	at org.junit.runners.ParentRunner.run(ParentRunner.java:309)
	at org.junit.runner.JUnitCore.run(JUnitCore.java:160)
	at org.junit.runner.JUnitCore.run(JUnitCore.java:138)
	at org.junit.runner.JUnitCore.run(JUnitCore.java:117)
	at sbst.benchmark.coverage.TestExecutionTask.call(TestExecutionTask.java:54)
	at sbst.benchmark.coverage.TestExecutionTask.call(TestExecutionTask.java:15)
	at java.util.concurrent.FutureTask.run(FutureTask.java:266)
	at java.util.concurrent.ThreadPoolExecutor.runWorker(ThreadPoolExecutor.java:1149)
	at java.util.concurrent.ThreadPoolExecutor$Worker.run(ThreadPoolExecutor.java:624)
	at java.lang.Thread.run(Thread.java:750)

Failure: [initializationError(org.threeten.extra.ReflectionUtils): No runnable methods]
Failing Tests: initializationError(org.threeten.extra.ReflectionUtils)
java.lang.Exception: No runnable methods
	at org.junit.runners.BlockJUnit4ClassRunner.validateInstanceMethods(BlockJUnit4ClassRunner.java:169)
	at org.junit.runners.BlockJUnit4ClassRunner.collectInitializationErrors(BlockJUnit4ClassRunner.java:104)
	at org.junit.runners.ParentRunner.validate(ParentRunner.java:355)
	at org.junit.runners.ParentRunner.<init>(ParentRunner.java:76)
	at org.junit.runners.BlockJUnit4ClassRunner.<init>(BlockJUnit4ClassRunner.java:57)
	at org.junit.internal.builders.JUnit4Builder.runnerForClass(JUnit4Builder.java:10)
	at org.junit.runners.model.RunnerBuilder.safeRunnerForClass(RunnerBuilder.java:59)
	at org.junit.internal.builders.AllDefaultPossibilitiesBuilder.runnerForClass(AllDefaultPossibilitiesBuilder.java:26)
	at org.junit.runner.Computer.getRunner(Computer.java:40)
	at org.junit.runner.Computer$1.runnerForClass(Computer.java:31)
	at org.junit.runners.model.RunnerBuilder.safeRunnerForClass(RunnerBuilder.java:59)
	at org.junit.runners.model.RunnerBuilder.runners(RunnerBuilder.java:101)
	at org.junit.runners.model.RunnerBuilder.runners(RunnerBuilder.java:87)
	at org.junit.runners.Suite.<init>(Suite.java:80)
	at org.junit.runner.Computer.getSuite(Computer.java:28)
	at org.junit.runner.Request.classes(Request.java:75)
	at org.junit.runner.JUnitCore.run(JUnitCore.java:117)
	at sbst.benchmark.coverage.TestExecutionTask.call(TestExecutionTask.java:54)
	at sbst.benchmark.coverage.TestExecutionTask.call(TestExecutionTask.java:15)
	at java.util.concurrent.FutureTask.run(FutureTask.java:266)
	at java.util.concurrent.ThreadPoolExecutor.runWorker(ThreadPoolExecutor.java:1149)
	at java.util.concurrent.ThreadPoolExecutor$Worker.run(ThreadPoolExecutor.java:624)
	at java.lang.Thread.run(Thread.java:750)

Executions terminated
Failure: [initializationError(org.threeten.extra.EqualityUtils): No runnable methods]
Failing Tests: initializationError(org.threeten.extra.EqualityUtils)
java.lang.Exception: No runnable methods
	at org.junit.runners.BlockJUnit4ClassRunner.validateInstanceMethods(BlockJUnit4ClassRunner.java:169)
	at org.junit.runners.BlockJUnit4ClassRunner.collectInitializationErrors(BlockJUnit4ClassRunner.java:104)
	at org.junit.runners.ParentRunner.validate(ParentRunner.java:355)
	at org.junit.runners.ParentRunner.<init>(ParentRunner.java:76)
	at org.junit.runners.BlockJUnit4ClassRunner.<init>(BlockJUnit4ClassRunner.java:57)
	at org.junit.internal.builders.JUnit4Builder.runnerForClass(JUnit4Builder.java:10)
	at org.junit.runners.model.RunnerBuilder.safeRunnerForClass(RunnerBuilder.java:59)
	at org.junit.internal.builders.AllDefaultPossibilitiesBuilder.runnerForClass(AllDefaultPossibilitiesBuilder.java:26)
	at org.junit.runner.Computer.getRunner(Computer.java:40)
	at org.junit.runner.Computer$1.runnerForClass(Computer.java:31)
	at org.junit.runners.model.RunnerBuilder.safeRunnerForClass(RunnerBuilder.java:59)
	at org.junit.runners.model.RunnerBuilder.runners(RunnerBuilder.java:101)
	at org.junit.runners.model.RunnerBuilder.runners(RunnerBuilder.java:87)
	at org.junit.runners.Suite.<init>(Suite.java:80)
	at org.junit.runner.Computer.getSuite(Computer.java:28)
	at org.junit.runner.Request.classes(Request.java:75)
	at org.junit.runner.JUnitCore.run(JUnitCore.java:117)
	at sbst.benchmark.coverage.TestExecutionTask.call(TestExecutionTask.java:54)
	at sbst.benchmark.coverage.TestExecutionTask.call(TestExecutionTask.java:15)
	at java.util.concurrent.FutureTask.run(FutureTask.java:266)
	at java.util.concurrent.ThreadPoolExecutor.runWorker(ThreadPoolExecutor.java:1149)
	at java.util.concurrent.ThreadPoolExecutor$Worker.run(ThreadPoolExecutor.java:624)
	at java.lang.Thread.run(Thread.java:750)

Failure: [test(org.threeten.extra.PackedFields_updateCheckConflict_3527335150): Conflict found: null 5270370404989704783 differs from null 2442117782898005296 while resolving  null]
Failing Tests: test(org.threeten.extra.PackedFields_updateCheckConflict_3527335150)
java.time.DateTimeException: Conflict found: null 5270370404989704783 differs from null 2442117782898005296 while resolving  null
	at org.threeten.extra.PackedFields.updateCheckConflict(PackedFields.java:417)
	at sun.reflect.NativeMethodAccessorImpl.invoke0(Native Method)
	at sun.reflect.NativeMethodAccessorImpl.invoke(NativeMethodAccessorImpl.java:62)
	at sun.reflect.DelegatingMethodAccessorImpl.invoke(DelegatingMethodAccessorImpl.java:43)
	at java.lang.reflect.Method.invoke(Method.java:498)
	at org.threeten.extra.ReflectionUtils.callMethod(ReflectionUtils.java:238)
	at org.threeten.extra.PackedFields_updateCheckConflict_3527335150.test(PackedFields_updateCheckConflict_3527335150.java:70)
	at sun.reflect.NativeMethodAccessorImpl.invoke0(Native Method)
	at sun.reflect.NativeMethodAccessorImpl.invoke(NativeMethodAccessorImpl.java:62)
	at sun.reflect.DelegatingMethodAccessorImpl.invoke(DelegatingMethodAccessorImpl.java:43)
	at java.lang.reflect.Method.invoke(Method.java:498)
	at org.junit.runners.model.FrameworkMethod$1.runReflectiveCall(FrameworkMethod.java:47)
	at org.junit.internal.runners.model.ReflectiveCallable.run(ReflectiveCallable.java:12)
	at org.junit.runners.model.FrameworkMethod.invokeExplosively(FrameworkMethod.java:44)
	at org.junit.internal.runners.statements.InvokeMethod.evaluate(InvokeMethod.java:17)
	at org.junit.internal.runners.statements.RunBefores.evaluate(RunBefores.java:26)
	at org.junit.runners.ParentRunner.runLeaf(ParentRunner.java:271)
	at org.junit.runners.BlockJUnit4ClassRunner.runChild(BlockJUnit4ClassRunner.java:70)
	at org.junit.runners.BlockJUnit4ClassRunner.runChild(BlockJUnit4ClassRunner.java:50)
	at org.junit.runners.ParentRunner$3.run(ParentRunner.java:238)
	at org.junit.runners.ParentRunner$1.schedule(ParentRunner.java:63)
	at org.junit.runners.ParentRunner.runChildren(ParentRunner.java:236)
	at org.junit.runners.ParentRunner.access$000(ParentRunner.java:53)
	at org.junit.runners.ParentRunner$2.evaluate(ParentRunner.java:229)
	at org.junit.runners.ParentRunner.run(ParentRunner.java:309)
	at org.junit.runners.Suite.runChild(Suite.java:127)
	at org.junit.runners.Suite.runChild(Suite.java:26)
	at org.junit.runners.ParentRunner$3.run(ParentRunner.java:238)
	at org.junit.runners.ParentRunner$1.schedule(ParentRunner.java:63)
	at org.junit.runners.ParentRunner.runChildren(ParentRunner.java:236)
	at org.junit.runners.ParentRunner.access$000(ParentRunner.java:53)
	at org.junit.runners.ParentRunner$2.evaluate(ParentRunner.java:229)
	at org.junit.runners.ParentRunner.run(ParentRunner.java:309)
	at org.junit.runner.JUnitCore.run(JUnitCore.java:160)
	at org.junit.runner.JUnitCore.run(JUnitCore.java:138)
	at org.junit.runner.JUnitCore.run(JUnitCore.java:117)
	at sbst.benchmark.coverage.TestExecutionTask.call(TestExecutionTask.java:54)
	at sbst.benchmark.coverage.TestExecutionTask.call(TestExecutionTask.java:15)
	at java.util.concurrent.FutureTask.run(FutureTask.java:266)
	at java.util.concurrent.ThreadPoolExecutor.runWorker(ThreadPoolExecutor.java:1149)
	at java.util.concurrent.ThreadPoolExecutor$Worker.run(ThreadPoolExecutor.java:624)
	at java.lang.Thread.run(Thread.java:750)

Failure: [test(org.threeten.extra.PackedFields_updateCheckConflict_3527335151): null]
Failing Tests: test(org.threeten.extra.PackedFields_updateCheckConflict_3527335151)
java.lang.NullPointerException
	at org.threeten.extra.PackedFields.updateCheckConflict(PackedFields.java:415)
	at sun.reflect.NativeMethodAccessorImpl.invoke0(Native Method)
	at sun.reflect.NativeMethodAccessorImpl.invoke(NativeMethodAccessorImpl.java:62)
	at sun.reflect.DelegatingMethodAccessorImpl.invoke(DelegatingMethodAccessorImpl.java:43)
	at java.lang.reflect.Method.invoke(Method.java:498)
	at org.threeten.extra.ReflectionUtils.callMethod(ReflectionUtils.java:238)
	at org.threeten.extra.PackedFields_updateCheckConflict_3527335151.test(PackedFields_updateCheckConflict_3527335151.java:47)
	at sun.reflect.NativeMethodAccessorImpl.invoke0(Native Method)
	at sun.reflect.NativeMethodAccessorImpl.invoke(NativeMethodAccessorImpl.java:62)
	at sun.reflect.DelegatingMethodAccessorImpl.invoke(DelegatingMethodAccessorImpl.java:43)
	at java.lang.reflect.Method.invoke(Method.java:498)
	at org.junit.runners.model.FrameworkMethod$1.runReflectiveCall(FrameworkMethod.java:47)
	at org.junit.internal.runners.model.ReflectiveCallable.run(ReflectiveCallable.java:12)
	at org.junit.runners.model.FrameworkMethod.invokeExplosively(FrameworkMethod.java:44)
	at org.junit.internal.runners.statements.InvokeMethod.evaluate(InvokeMethod.java:17)
	at org.junit.internal.runners.statements.RunBefores.evaluate(RunBefores.java:26)
	at org.junit.runners.ParentRunner.runLeaf(ParentRunner.java:271)
	at org.junit.runners.BlockJUnit4ClassRunner.runChild(BlockJUnit4ClassRunner.java:70)
	at org.junit.runners.BlockJUnit4ClassRunner.runChild(BlockJUnit4ClassRunner.java:50)
	at org.junit.runners.ParentRunner$3.run(ParentRunner.java:238)
	at org.junit.runners.ParentRunner$1.schedule(ParentRunner.java:63)
	at org.junit.runners.ParentRunner.runChildren(ParentRunner.java:236)
	at org.junit.runners.ParentRunner.access$000(ParentRunner.java:53)
	at org.junit.runners.ParentRunner$2.evaluate(ParentRunner.java:229)
	at org.junit.runners.ParentRunner.run(ParentRunner.java:309)
	at org.junit.runners.Suite.runChild(Suite.java:127)
	at org.junit.runners.Suite.runChild(Suite.java:26)
	at org.junit.runners.ParentRunner$3.run(ParentRunner.java:238)
	at org.junit.runners.ParentRunner$1.schedule(ParentRunner.java:63)
	at org.junit.runners.ParentRunner.runChildren(ParentRunner.java:236)
	at org.junit.runners.ParentRunner.access$000(ParentRunner.java:53)
	at org.junit.runners.ParentRunner$2.evaluate(ParentRunner.java:229)
	at org.junit.runners.ParentRunner.run(ParentRunner.java:309)
	at org.junit.runner.JUnitCore.run(JUnitCore.java:160)
	at org.junit.runner.JUnitCore.run(JUnitCore.java:138)
	at org.junit.runner.JUnitCore.run(JUnitCore.java:117)
	at sbst.benchmark.coverage.TestExecutionTask.call(TestExecutionTask.java:54)
	at sbst.benchmark.coverage.TestExecutionTask.call(TestExecutionTask.java:15)
	at java.util.concurrent.FutureTask.run(FutureTask.java:266)
	at java.util.concurrent.ThreadPoolExecutor.runWorker(ThreadPoolExecutor.java:1149)
	at java.util.concurrent.ThreadPoolExecutor$Worker.run(ThreadPoolExecutor.java:624)
	at java.lang.Thread.run(Thread.java:750)

Failure: [initializationError(org.threeten.extra.ReflectionUtils): No runnable methods]
Running the tests: [SBSTDummyForCoverageAndMutationCalculation, org.threeten.extra.EqualityUtils, org.threeten.extra.PackedFields_init_15059651680, org.threeten.extra.PackedFields_init_15059651681, org.threeten.extra.PackedFields_updateCheckConflict_3527335150, org.threeten.extra.PackedFields_updateCheckConflict_3527335151, org.threeten.extra.ReflectionUtils]
Failing Tests: initializationError(org.threeten.extra.ReflectionUtils)
java.lang.Exception: No runnable methods
	at org.junit.runners.BlockJUnit4ClassRunner.validateInstanceMethods(BlockJUnit4ClassRunner.java:169)
	at org.junit.runners.BlockJUnit4ClassRunner.collectInitializationErrors(BlockJUnit4ClassRunner.java:104)
	at org.junit.runners.ParentRunner.validate(ParentRunner.java:355)
	at org.junit.runners.ParentRunner.<init>(ParentRunner.java:76)
	at org.junit.runners.BlockJUnit4ClassRunner.<init>(BlockJUnit4ClassRunner.java:57)
	at org.junit.internal.builders.JUnit4Builder.runnerForClass(JUnit4Builder.java:10)
	at org.junit.runners.model.RunnerBuilder.safeRunnerForClass(RunnerBuilder.java:59)
	at org.junit.internal.builders.AllDefaultPossibilitiesBuilder.runnerForClass(AllDefaultPossibilitiesBuilder.java:26)
	at org.junit.runner.Computer.getRunner(Computer.java:40)
	at org.junit.runner.Computer$1.runnerForClass(Computer.java:31)
	at org.junit.runners.model.RunnerBuilder.safeRunnerForClass(RunnerBuilder.java:59)
	at org.junit.runners.model.RunnerBuilder.runners(RunnerBuilder.java:101)
	at org.junit.runners.model.RunnerBuilder.runners(RunnerBuilder.java:87)
	at org.junit.runners.Suite.<init>(Suite.java:80)
	at org.junit.runner.Computer.getSuite(Computer.java:28)
	at org.junit.runner.Request.classes(Request.java:75)
	at org.junit.runner.JUnitCore.run(JUnitCore.java:117)
	at sbst.benchmark.coverage.TestExecutionTask.call(TestExecutionTask.java:54)
	at sbst.benchmark.coverage.TestExecutionTask.call(TestExecutionTask.java:15)
	at java.util.concurrent.FutureTask.run(FutureTask.java:266)
	at java.util.concurrent.ThreadPoolExecutor.runWorker(ThreadPoolExecutor.java:1149)
	at java.util.concurrent.ThreadPoolExecutor$Worker.run(ThreadPoolExecutor.java:624)
	at java.lang.Thread.run(Thread.java:750)

Executions terminated
Running the tests: [SBSTDummyForCoverageAndMutationCalculation, org.threeten.extra.EqualityUtils, org.threeten.extra.PackedFields_init_15059651680, org.threeten.extra.PackedFields_init_15059651681, org.threeten.extra.PackedFields_updateCheckConflict_3527335150, org.threeten.extra.PackedFields_updateCheckConflict_3527335151, org.threeten.extra.ReflectionUtils]
Failure: [initializationError(org.threeten.extra.EqualityUtils): No runnable methods]
Failing Tests: initializationError(org.threeten.extra.EqualityUtils)
java.lang.Exception: No runnable methods
	at org.junit.runners.BlockJUnit4ClassRunner.validateInstanceMethods(BlockJUnit4ClassRunner.java:169)
	at org.junit.runners.BlockJUnit4ClassRunner.collectInitializationErrors(BlockJUnit4ClassRunner.java:104)
	at org.junit.runners.ParentRunner.validate(ParentRunner.java:355)
	at org.junit.runners.ParentRunner.<init>(ParentRunner.java:76)
	at org.junit.runners.BlockJUnit4ClassRunner.<init>(BlockJUnit4ClassRunner.java:57)
	at org.junit.internal.builders.JUnit4Builder.runnerForClass(JUnit4Builder.java:10)
	at org.junit.runners.model.RunnerBuilder.safeRunnerForClass(RunnerBuilder.java:59)
	at org.junit.internal.builders.AllDefaultPossibilitiesBuilder.runnerForClass(AllDefaultPossibilitiesBuilder.java:26)
	at org.junit.runner.Computer.getRunner(Computer.java:40)
	at org.junit.runner.Computer$1.runnerForClass(Computer.java:31)
	at org.junit.runners.model.RunnerBuilder.safeRunnerForClass(RunnerBuilder.java:59)
	at org.junit.runners.model.RunnerBuilder.runners(RunnerBuilder.java:101)
	at org.junit.runners.model.RunnerBuilder.runners(RunnerBuilder.java:87)
	at org.junit.runners.Suite.<init>(Suite.java:80)
	at org.junit.runner.Computer.getSuite(Computer.java:28)
	at org.junit.runner.Request.classes(Request.java:75)
	at org.junit.runner.JUnitCore.run(JUnitCore.java:117)
	at sbst.benchmark.coverage.TestExecutionTask.call(TestExecutionTask.java:54)
	at sbst.benchmark.coverage.TestExecutionTask.call(TestExecutionTask.java:15)
	at java.util.concurrent.FutureTask.run(FutureTask.java:266)
	at java.util.concurrent.ThreadPoolExecutor.runWorker(ThreadPoolExecutor.java:1149)
	at java.util.concurrent.ThreadPoolExecutor$Worker.run(ThreadPoolExecutor.java:624)
	at java.lang.Thread.run(Thread.java:750)

Failure: [test(org.threeten.extra.PackedFields_updateCheckConflict_3527335150): Conflict found: null 5270370404989704783 differs from null 2442117782898005296 while resolving  null]
Failing Tests: test(org.threeten.extra.PackedFields_updateCheckConflict_3527335150)
java.time.DateTimeException: Conflict found: null 5270370404989704783 differs from null 2442117782898005296 while resolving  null
	at org.threeten.extra.PackedFields.updateCheckConflict(PackedFields.java:417)
	at sun.reflect.NativeMethodAccessorImpl.invoke0(Native Method)
	at sun.reflect.NativeMethodAccessorImpl.invoke(NativeMethodAccessorImpl.java:62)
	at sun.reflect.DelegatingMethodAccessorImpl.invoke(DelegatingMethodAccessorImpl.java:43)
	at java.lang.reflect.Method.invoke(Method.java:498)
	at org.threeten.extra.ReflectionUtils.callMethod(ReflectionUtils.java:238)
	at org.threeten.extra.PackedFields_updateCheckConflict_3527335150.test(PackedFields_updateCheckConflict_3527335150.java:70)
	at sun.reflect.NativeMethodAccessorImpl.invoke0(Native Method)
	at sun.reflect.NativeMethodAccessorImpl.invoke(NativeMethodAccessorImpl.java:62)
	at sun.reflect.DelegatingMethodAccessorImpl.invoke(DelegatingMethodAccessorImpl.java:43)
	at java.lang.reflect.Method.invoke(Method.java:498)
	at org.junit.runners.model.FrameworkMethod$1.runReflectiveCall(FrameworkMethod.java:47)
	at org.junit.internal.runners.model.ReflectiveCallable.run(ReflectiveCallable.java:12)
	at org.junit.runners.model.FrameworkMethod.invokeExplosively(FrameworkMethod.java:44)
	at org.junit.internal.runners.statements.InvokeMethod.evaluate(InvokeMethod.java:17)
	at org.junit.internal.runners.statements.RunBefores.evaluate(RunBefores.java:26)
	at org.junit.runners.ParentRunner.runLeaf(ParentRunner.java:271)
	at org.junit.runners.BlockJUnit4ClassRunner.runChild(BlockJUnit4ClassRunner.java:70)
	at org.junit.runners.BlockJUnit4ClassRunner.runChild(BlockJUnit4ClassRunner.java:50)
	at org.junit.runners.ParentRunner$3.run(ParentRunner.java:238)
	at org.junit.runners.ParentRunner$1.schedule(ParentRunner.java:63)
	at org.junit.runners.ParentRunner.runChildren(ParentRunner.java:236)
	at org.junit.runners.ParentRunner.access$000(ParentRunner.java:53)
	at org.junit.runners.ParentRunner$2.evaluate(ParentRunner.java:229)
	at org.junit.runners.ParentRunner.run(ParentRunner.java:309)
	at org.junit.runners.Suite.runChild(Suite.java:127)
	at org.junit.runners.Suite.runChild(Suite.java:26)
	at org.junit.runners.ParentRunner$3.run(ParentRunner.java:238)
	at org.junit.runners.ParentRunner$1.schedule(ParentRunner.java:63)
	at org.junit.runners.ParentRunner.runChildren(ParentRunner.java:236)
	at org.junit.runners.ParentRunner.access$000(ParentRunner.java:53)
	at org.junit.runners.ParentRunner$2.evaluate(ParentRunner.java:229)
	at org.junit.runners.ParentRunner.run(ParentRunner.java:309)
	at org.junit.runner.JUnitCore.run(JUnitCore.java:160)
	at org.junit.runner.JUnitCore.run(JUnitCore.java:138)
	at org.junit.runner.JUnitCore.run(JUnitCore.java:117)
	at sbst.benchmark.coverage.TestExecutionTask.call(TestExecutionTask.java:54)
	at sbst.benchmark.coverage.TestExecutionTask.call(TestExecutionTask.java:15)
	at java.util.concurrent.FutureTask.run(FutureTask.java:266)
	at java.util.concurrent.ThreadPoolExecutor.runWorker(ThreadPoolExecutor.java:1149)
	at java.util.concurrent.ThreadPoolExecutor$Worker.run(ThreadPoolExecutor.java:624)
	at java.lang.Thread.run(Thread.java:750)

Failure: [test(org.threeten.extra.PackedFields_updateCheckConflict_3527335151): null]
Failing Tests: test(org.threeten.extra.PackedFields_updateCheckConflict_3527335151)
java.lang.NullPointerException
	at org.threeten.extra.PackedFields.updateCheckConflict(PackedFields.java:415)
	at sun.reflect.NativeMethodAccessorImpl.invoke0(Native Method)
	at sun.reflect.NativeMethodAccessorImpl.invoke(NativeMethodAccessorImpl.java:62)
	at sun.reflect.DelegatingMethodAccessorImpl.invoke(DelegatingMethodAccessorImpl.java:43)
	at java.lang.reflect.Method.invoke(Method.java:498)
	at org.threeten.extra.ReflectionUtils.callMethod(ReflectionUtils.java:238)
	at org.threeten.extra.PackedFields_updateCheckConflict_3527335151.test(PackedFields_updateCheckConflict_3527335151.java:47)
	at sun.reflect.NativeMethodAccessorImpl.invoke0(Native Method)
	at sun.reflect.NativeMethodAccessorImpl.invoke(NativeMethodAccessorImpl.java:62)
	at sun.reflect.DelegatingMethodAccessorImpl.invoke(DelegatingMethodAccessorImpl.java:43)
	at java.lang.reflect.Method.invoke(Method.java:498)
	at org.junit.runners.model.FrameworkMethod$1.runReflectiveCall(FrameworkMethod.java:47)
	at org.junit.internal.runners.model.ReflectiveCallable.run(ReflectiveCallable.java:12)
	at org.junit.runners.model.FrameworkMethod.invokeExplosively(FrameworkMethod.java:44)
	at org.junit.internal.runners.statements.InvokeMethod.evaluate(InvokeMethod.java:17)
	at org.junit.internal.runners.statements.RunBefores.evaluate(RunBefores.java:26)
	at org.junit.runners.ParentRunner.runLeaf(ParentRunner.java:271)
	at org.junit.runners.BlockJUnit4ClassRunner.runChild(BlockJUnit4ClassRunner.java:70)
	at org.junit.runners.BlockJUnit4ClassRunner.runChild(BlockJUnit4ClassRunner.java:50)
	at org.junit.runners.ParentRunner$3.run(ParentRunner.java:238)
	at org.junit.runners.ParentRunner$1.schedule(ParentRunner.java:63)
	at org.junit.runners.ParentRunner.runChildren(ParentRunner.java:236)
	at org.junit.runners.ParentRunner.access$000(ParentRunner.java:53)
	at org.junit.runners.ParentRunner$2.evaluate(ParentRunner.java:229)
	at org.junit.runners.ParentRunner.run(ParentRunner.java:309)
	at org.junit.runners.Suite.runChild(Suite.java:127)
	at org.junit.runners.Suite.runChild(Suite.java:26)
	at org.junit.runners.ParentRunner$3.run(ParentRunner.java:238)
	at org.junit.runners.ParentRunner$1.schedule(ParentRunner.java:63)
	at org.junit.runners.ParentRunner.runChildren(ParentRunner.java:236)
	at org.junit.runners.ParentRunner.access$000(ParentRunner.java:53)
	at org.junit.runners.ParentRunner$2.evaluate(ParentRunner.java:229)
	at org.junit.runners.ParentRunner.run(ParentRunner.java:309)
	at org.junit.runner.JUnitCore.run(JUnitCore.java:160)
	at org.junit.runner.JUnitCore.run(JUnitCore.java:138)
	at org.junit.runner.JUnitCore.run(JUnitCore.java:117)
	at sbst.benchmark.coverage.TestExecutionTask.call(TestExecutionTask.java:54)
	at sbst.benchmark.coverage.TestExecutionTask.call(TestExecutionTask.java:15)
	at java.util.concurrent.FutureTask.run(FutureTask.java:266)
	at java.util.concurrent.ThreadPoolExecutor.runWorker(ThreadPoolExecutor.java:1149)
	at java.util.concurrent.ThreadPoolExecutor$Worker.run(ThreadPoolExecutor.java:624)
	at java.lang.Thread.run(Thread.java:750)

Failure: [initializationError(org.threeten.extra.ReflectionUtils): No runnable methods]
Failing Tests: initializationError(org.threeten.extra.ReflectionUtils)
java.lang.Exception: No runnable methods
	at org.junit.runners.BlockJUnit4ClassRunner.validateInstanceMethods(BlockJUnit4ClassRunner.java:169)
	at org.junit.runners.BlockJUnit4ClassRunner.collectInitializationErrors(BlockJUnit4ClassRunner.java:104)
	at org.junit.runners.ParentRunner.validate(ParentRunner.java:355)
	at org.junit.runners.ParentRunner.<init>(ParentRunner.java:76)
	at org.junit.runners.BlockJUnit4ClassRunner.<init>(BlockJUnit4ClassRunner.java:57)
	at org.junit.internal.builders.JUnit4Builder.runnerForClass(JUnit4Builder.java:10)
	at org.junit.runners.model.RunnerBuilder.safeRunnerForClass(RunnerBuilder.java:59)
	at org.junit.internal.builders.AllDefaultPossibilitiesBuilder.runnerForClass(AllDefaultPossibilitiesBuilder.java:26)
	at org.junit.runner.Computer.getRunner(Computer.java:40)
	at org.junit.runner.Computer$1.runnerForClass(Computer.java:31)
	at org.junit.runners.model.RunnerBuilder.safeRunnerForClass(RunnerBuilder.java:59)
	at org.junit.runners.model.RunnerBuilder.runners(RunnerBuilder.java:101)
	at org.junit.runners.model.RunnerBuilder.runners(RunnerBuilder.java:87)
	at org.junit.runners.Suite.<init>(Suite.java:80)
	at org.junit.runner.Computer.getSuite(Computer.java:28)
	at org.junit.runner.Request.classes(Request.java:75)
	at org.junit.runner.JUnitCore.run(JUnitCore.java:117)
	at sbst.benchmark.coverage.TestExecutionTask.call(TestExecutionTask.java:54)
	at sbst.benchmark.coverage.TestExecutionTask.call(TestExecutionTask.java:15)
	at java.util.concurrent.FutureTask.run(FutureTask.java:266)
	at java.util.concurrent.ThreadPoolExecutor.runWorker(ThreadPoolExecutor.java:1149)
	at java.util.concurrent.ThreadPoolExecutor$Worker.run(ThreadPoolExecutor.java:624)
	at java.lang.Thread.run(Thread.java:750)

Executions terminated
Failure: [initializationError(org.threeten.extra.EqualityUtils): No runnable methods]
Failing Tests: initializationError(org.threeten.extra.EqualityUtils)
java.lang.Exception: No runnable methods
	at org.junit.runners.BlockJUnit4ClassRunner.validateInstanceMethods(BlockJUnit4ClassRunner.java:169)
	at org.junit.runners.BlockJUnit4ClassRunner.collectInitializationErrors(BlockJUnit4ClassRunner.java:104)
	at org.junit.runners.ParentRunner.validate(ParentRunner.java:355)
	at org.junit.runners.ParentRunner.<init>(ParentRunner.java:76)
	at org.junit.runners.BlockJUnit4ClassRunner.<init>(BlockJUnit4ClassRunner.java:57)
	at org.junit.internal.builders.JUnit4Builder.runnerForClass(JUnit4Builder.java:10)
	at org.junit.runners.model.RunnerBuilder.safeRunnerForClass(RunnerBuilder.java:59)
	at org.junit.internal.builders.AllDefaultPossibilitiesBuilder.runnerForClass(AllDefaultPossibilitiesBuilder.java:26)
	at org.junit.runner.Computer.getRunner(Computer.java:40)
	at org.junit.runner.Computer$1.runnerForClass(Computer.java:31)
	at org.junit.runners.model.RunnerBuilder.safeRunnerForClass(RunnerBuilder.java:59)
	at org.junit.runners.model.RunnerBuilder.runners(RunnerBuilder.java:101)
	at org.junit.runners.model.RunnerBuilder.runners(RunnerBuilder.java:87)
	at org.junit.runners.Suite.<init>(Suite.java:80)
	at org.junit.runner.Computer.getSuite(Computer.java:28)
	at org.junit.runner.Request.classes(Request.java:75)
	at org.junit.runner.JUnitCore.run(JUnitCore.java:117)
	at sbst.benchmark.coverage.TestExecutionTask.call(TestExecutionTask.java:54)
	at sbst.benchmark.coverage.TestExecutionTask.call(TestExecutionTask.java:15)
	at java.util.concurrent.FutureTask.run(FutureTask.java:266)
	at java.util.concurrent.ThreadPoolExecutor.runWorker(ThreadPoolExecutor.java:1149)
	at java.util.concurrent.ThreadPoolExecutor$Worker.run(ThreadPoolExecutor.java:624)
	at java.lang.Thread.run(Thread.java:750)

Failure: [test(org.threeten.extra.PackedFields_updateCheckConflict_3527335150): Conflict found: null 5270370404989704783 differs from null 2442117782898005296 while resolving  null]
Failing Tests: test(org.threeten.extra.PackedFields_updateCheckConflict_3527335150)
java.time.DateTimeException: Conflict found: null 5270370404989704783 differs from null 2442117782898005296 while resolving  null
	at org.threeten.extra.PackedFields.updateCheckConflict(PackedFields.java:417)
	at sun.reflect.NativeMethodAccessorImpl.invoke0(Native Method)
	at sun.reflect.NativeMethodAccessorImpl.invoke(NativeMethodAccessorImpl.java:62)
	at sun.reflect.DelegatingMethodAccessorImpl.invoke(DelegatingMethodAccessorImpl.java:43)
	at java.lang.reflect.Method.invoke(Method.java:498)
	at org.threeten.extra.ReflectionUtils.callMethod(ReflectionUtils.java:238)
	at org.threeten.extra.PackedFields_updateCheckConflict_3527335150.test(PackedFields_updateCheckConflict_3527335150.java:70)
	at sun.reflect.NativeMethodAccessorImpl.invoke0(Native Method)
	at sun.reflect.NativeMethodAccessorImpl.invoke(NativeMethodAccessorImpl.java:62)
	at sun.reflect.DelegatingMethodAccessorImpl.invoke(DelegatingMethodAccessorImpl.java:43)
	at java.lang.reflect.Method.invoke(Method.java:498)
	at org.junit.runners.model.FrameworkMethod$1.runReflectiveCall(FrameworkMethod.java:47)
	at org.junit.internal.runners.model.ReflectiveCallable.run(ReflectiveCallable.java:12)
	at org.junit.runners.model.FrameworkMethod.invokeExplosively(FrameworkMethod.java:44)
	at org.junit.internal.runners.statements.InvokeMethod.evaluate(InvokeMethod.java:17)
	at org.junit.internal.runners.statements.RunBefores.evaluate(RunBefores.java:26)
	at org.junit.runners.ParentRunner.runLeaf(ParentRunner.java:271)
	at org.junit.runners.BlockJUnit4ClassRunner.runChild(BlockJUnit4ClassRunner.java:70)
	at org.junit.runners.BlockJUnit4ClassRunner.runChild(BlockJUnit4ClassRunner.java:50)
	at org.junit.runners.ParentRunner$3.run(ParentRunner.java:238)
	at org.junit.runners.ParentRunner$1.schedule(ParentRunner.java:63)
	at org.junit.runners.ParentRunner.runChildren(ParentRunner.java:236)
	at org.junit.runners.ParentRunner.access$000(ParentRunner.java:53)
	at org.junit.runners.ParentRunner$2.evaluate(ParentRunner.java:229)
	at org.junit.runners.ParentRunner.run(ParentRunner.java:309)
	at org.junit.runners.Suite.runChild(Suite.java:127)
	at org.junit.runners.Suite.runChild(Suite.java:26)
	at org.junit.runners.ParentRunner$3.run(ParentRunner.java:238)
	at org.junit.runners.ParentRunner$1.schedule(ParentRunner.java:63)
	at org.junit.runners.ParentRunner.runChildren(ParentRunner.java:236)
	at org.junit.runners.ParentRunner.access$000(ParentRunner.java:53)
	at org.junit.runners.ParentRunner$2.evaluate(ParentRunner.java:229)
	at org.junit.runners.ParentRunner.run(ParentRunner.java:309)
	at org.junit.runner.JUnitCore.run(JUnitCore.java:160)
	at org.junit.runner.JUnitCore.run(JUnitCore.java:138)
	at org.junit.runner.JUnitCore.run(JUnitCore.java:117)
	at sbst.benchmark.coverage.TestExecutionTask.call(TestExecutionTask.java:54)
	at sbst.benchmark.coverage.TestExecutionTask.call(TestExecutionTask.java:15)
	at java.util.concurrent.FutureTask.run(FutureTask.java:266)
	at java.util.concurrent.ThreadPoolExecutor.runWorker(ThreadPoolExecutor.java:1149)
	at java.util.concurrent.ThreadPoolExecutor$Worker.run(ThreadPoolExecutor.java:624)
	at java.lang.Thread.run(Thread.java:750)

Failure: [test(org.threeten.extra.PackedFields_updateCheckConflict_3527335151): null]
Failing Tests: test(org.threeten.extra.PackedFields_updateCheckConflict_3527335151)
java.lang.NullPointerException
	at org.threeten.extra.PackedFields.updateCheckConflict(PackedFields.java:415)
	at sun.reflect.NativeMethodAccessorImpl.invoke0(Native Method)
	at sun.reflect.NativeMethodAccessorImpl.invoke(NativeMethodAccessorImpl.java:62)
	at sun.reflect.DelegatingMethodAccessorImpl.invoke(DelegatingMethodAccessorImpl.java:43)
	at java.lang.reflect.Method.invoke(Method.java:498)
	at org.threeten.extra.ReflectionUtils.callMethod(ReflectionUtils.java:238)
	at org.threeten.extra.PackedFields_updateCheckConflict_3527335151.test(PackedFields_updateCheckConflict_3527335151.java:47)
	at sun.reflect.NativeMethodAccessorImpl.invoke0(Native Method)
	at sun.reflect.NativeMethodAccessorImpl.invoke(NativeMethodAccessorImpl.java:62)
	at sun.reflect.DelegatingMethodAccessorImpl.invoke(DelegatingMethodAccessorImpl.java:43)
	at java.lang.reflect.Method.invoke(Method.java:498)
	at org.junit.runners.model.FrameworkMethod$1.runReflectiveCall(FrameworkMethod.java:47)
	at org.junit.internal.runners.model.ReflectiveCallable.run(ReflectiveCallable.java:12)
	at org.junit.runners.model.FrameworkMethod.invokeExplosively(FrameworkMethod.java:44)
	at org.junit.internal.runners.statements.InvokeMethod.evaluate(InvokeMethod.java:17)
	at org.junit.internal.runners.statements.RunBefores.evaluate(RunBefores.java:26)
	at org.junit.runners.ParentRunner.runLeaf(ParentRunner.java:271)
	at org.junit.runners.BlockJUnit4ClassRunner.runChild(BlockJUnit4ClassRunner.java:70)
	at org.junit.runners.BlockJUnit4ClassRunner.runChild(BlockJUnit4ClassRunner.java:50)
	at org.junit.runners.ParentRunner$3.run(ParentRunner.java:238)
	at org.junit.runners.ParentRunner$1.schedule(ParentRunner.java:63)
	at org.junit.runners.ParentRunner.runChildren(ParentRunner.java:236)
	at org.junit.runners.ParentRunner.access$000(ParentRunner.java:53)
	at org.junit.runners.ParentRunner$2.evaluate(ParentRunner.java:229)
	at org.junit.runners.ParentRunner.run(ParentRunner.java:309)
	at org.junit.runners.Suite.runChild(Suite.java:127)
	at org.junit.runners.Suite.runChild(Suite.java:26)
	at org.junit.runners.ParentRunner$3.run(ParentRunner.java:238)
	at org.junit.runners.ParentRunner$1.schedule(ParentRunner.java:63)
	at org.junit.runners.ParentRunner.runChildren(ParentRunner.java:236)
	at org.junit.runners.ParentRunner.access$000(ParentRunner.java:53)
	at org.junit.runners.ParentRunner$2.evaluate(ParentRunner.java:229)
	at org.junit.runners.ParentRunner.run(ParentRunner.java:309)
	at org.junit.runner.JUnitCore.run(JUnitCore.java:160)
	at org.junit.runner.JUnitCore.run(JUnitCore.java:138)
	at org.junit.runner.JUnitCore.run(JUnitCore.java:117)
	at sbst.benchmark.coverage.TestExecutionTask.call(TestExecutionTask.java:54)
	at sbst.benchmark.coverage.TestExecutionTask.call(TestExecutionTask.java:15)
	at java.util.concurrent.FutureTask.run(FutureTask.java:266)
	at java.util.concurrent.ThreadPoolExecutor.runWorker(ThreadPoolExecutor.java:1149)
	at java.util.concurrent.ThreadPoolExecutor$Worker.run(ThreadPoolExecutor.java:624)
	at java.lang.Thread.run(Thread.java:750)

Failure: [initializationError(org.threeten.extra.ReflectionUtils): No runnable methods]
Failing Tests: initializationError(org.threeten.extra.ReflectionUtils)
java.lang.Exception: No runnable methods
	at org.junit.runners.BlockJUnit4ClassRunner.validateInstanceMethods(BlockJUnit4ClassRunner.java:169)
	at org.junit.runners.BlockJUnit4ClassRunner.collectInitializationErrors(BlockJUnit4ClassRunner.java:104)
	at org.junit.runners.ParentRunner.validate(ParentRunner.java:355)
	at org.junit.runners.ParentRunner.<init>(ParentRunner.java:76)
	at org.junit.runners.BlockJUnit4ClassRunner.<init>(BlockJUnit4ClassRunner.java:57)
	at org.junit.internal.builders.JUnit4Builder.runnerForClass(JUnit4Builder.java:10)
	at org.junit.runners.model.RunnerBuilder.safeRunnerForClass(RunnerBuilder.java:59)
	at org.junit.internal.builders.AllDefaultPossibilitiesBuilder.runnerForClass(AllDefaultPossibilitiesBuilder.java:26)
	at org.junit.runner.Computer.getRunner(Computer.java:40)
	at org.junit.runner.Computer$1.runnerForClass(Computer.java:31)
	at org.junit.runners.model.RunnerBuilder.safeRunnerForClass(RunnerBuilder.java:59)
	at org.junit.runners.model.RunnerBuilder.runners(RunnerBuilder.java:101)
	at org.junit.runners.model.RunnerBuilder.runners(RunnerBuilder.java:87)
	at org.junit.runners.Suite.<init>(Suite.java:80)
	at org.junit.runner.Computer.getSuite(Computer.java:28)
	at org.junit.runner.Request.classes(Request.java:75)
	at org.junit.runner.JUnitCore.run(JUnitCore.java:117)
	at sbst.benchmark.coverage.TestExecutionTask.call(TestExecutionTask.java:54)
	at sbst.benchmark.coverage.TestExecutionTask.call(TestExecutionTask.java:15)
	at java.util.concurrent.FutureTask.run(FutureTask.java:266)
	at java.util.concurrent.ThreadPoolExecutor.runWorker(ThreadPoolExecutor.java:1149)
	at java.util.concurrent.ThreadPoolExecutor$Worker.run(ThreadPoolExecutor.java:624)
	at java.lang.Thread.run(Thread.java:750)


=== Run Jacoco for Coverage ===
Number of instrumented file = 3303
Running tests with the following classpath: 
/home/kex/results_kex_120/THREETEN-EXTRA-88_1/temp/testcases/threeten-extra-1.7.3-SNAPSHOT_instrumented.jar:/home/kex/results_kex_120/THREETEN-EXTRA-88_1/temp/testcases/junit-platform-engine-1.9.1_instrumented.jar:/home/kex/results_kex_120/THREETEN-EXTRA-88_1/temp/testcases/junit-jupiter-api-5.9.1_instrumented.jar:/home/kex/results_kex_120/THREETEN-EXTRA-88_1/temp/testcases/joda-convert-2.2.2_instrumented.jar:/home/kex/results_kex_120/THREETEN-EXTRA-88_1/temp/testcases/junit-jupiter-params-5.9.1_instrumented.jar:/home/kex/results_kex_120/THREETEN-EXTRA-88_1/temp/testcases/junit-platform-launcher-1.9.1_instrumented.jar:/home/kex/results_kex_120/THREETEN-EXTRA-88_1/temp/testcases/junit-pioneer-1.9.1_instrumented.jar:/home/kex/results_kex_120/THREETEN-EXTRA-88_1/temp/testcases/listenablefuture-9999.0-empty-to-avoid-conflict-with-guava_instrumented.jar:/home/kex/results_kex_120/THREETEN-EXTRA-88_1/temp/testcases/junit-jupiter-5.9.1_instrumented.jar:/home/kex/results_kex_120/THREETEN-EXTRA-88_1/temp/testcases/apiguardian-api-1.1.2_instrumented.jar:/home/kex/results_kex_120/THREETEN-EXTRA-88_1/temp/testcases/opentest4j-1.2.0_instrumented.jar:/home/kex/results_kex_120/THREETEN-EXTRA-88_1/temp/testcases/failureaccess-1.0.1_instrumented.jar:/home/kex/results_kex_120/THREETEN-EXTRA-88_1/temp/testcases/junit-jupiter-engine-5.9.1_instrumented.jar:/home/kex/results_kex_120/THREETEN-EXTRA-88_1/temp/testcases/guava-32.1.2-jre_instrumented.jar:/usr/local/bin/lib/hamcrest-core.jar:/usr/local/bin/lib/junit.jar:/home/kex/results_kex_120/THREETEN-EXTRA-88_1/temp/testcases/bin
Running the tests: [SBSTDummyForCoverageAndMutationCalculation, org.threeten.extra.EqualityUtils, org.threeten.extra.PackedFields_init_15059651680, org.threeten.extra.PackedFields_init_15059651681, org.threeten.extra.PackedFields_updateCheckConflict_3527335150, org.threeten.extra.PackedFields_updateCheckConflict_3527335151, org.threeten.extra.ReflectionUtils]
Executions terminated
Number of file with coverage information = 105
Extracted coverage data for the class org/threeten/extra/PackedFields
Number of file with coverage information = 127
Number of file with coverage information = 179
Number of file with coverage information = 121
Number of file with coverage information = 343
Number of file with coverage information = 105
Number of file with coverage information = 156
Number of file with coverage information = 0
Number of file with coverage information = 1
Number of file with coverage information = 3
Number of file with coverage information = 7
Number of file with coverage information = 2
Number of file with coverage information = 134
Number of file with coverage information = 2020

=== Run PIT ===
Matching Jacoco with PIT: find covered mutations
Executing Mutation Analysis using 2 mutants 
Evaluating mutant -1866998924 using tests: [org.threeten.extra.EqualityUtils, org.threeten.extra.PackedFields_init_15059651680, org.threeten.extra.PackedFields_init_15059651681, org.threeten.extra.PackedFields_updateCheckConflict_3527335150, org.threeten.extra.PackedFields_updateCheckConflict_3527335151, org.threeten.extra.ReflectionUtils]

 CP : /usr/local/bin/lib/junit.jar:/usr/local/bin/lib/hamcrest-core.jar:results_kex_120/THREETEN-EXTRA-88_1/temp/testcases/mutated_code/SUT:/home/kex/results_kex_120/THREETEN-EXTRA-88_1/temp/testcases/bin:results_kex_120/THREETEN-EXTRA-88_1/temp/testcases/mutated_code/CUT0

Failed test initializationError(org.threeten.extra.EqualityUtils)
	 flaky test, ignore !
Failed test test(org.threeten.extra.PackedFields_init_15059651680)
	 actual test, will stop test execution !
TestExec4MutationTask: Mutant MutationIdentifier [location=Location [clazz=org.threeten.extra.PackedFields, method=updateCheckConflict, methodDesc=(Ljava/util/Map;Ljava/time/temporal/TemporalField;Ljava/time/temporal/TemporalField;J)V], indexes=[13], mutator=org.pitest.mutationtest.engine.gregor.mutators.NegateConditionalsMutator] killed by test (org.threeten.extra.PackedFields_init_15059651680),test)
Evaluating mutant -1866994119 using tests: [org.threeten.extra.EqualityUtils, org.threeten.extra.PackedFields_init_15059651680, org.threeten.extra.PackedFields_init_15059651681, org.threeten.extra.PackedFields_updateCheckConflict_3527335150, org.threeten.extra.PackedFields_updateCheckConflict_3527335151, org.threeten.extra.ReflectionUtils]

 CP : /usr/local/bin/lib/junit.jar:/usr/local/bin/lib/hamcrest-core.jar:results_kex_120/THREETEN-EXTRA-88_1/temp/testcases/mutated_code/SUT:/home/kex/results_kex_120/THREETEN-EXTRA-88_1/temp/testcases/bin:results_kex_120/THREETEN-EXTRA-88_1/temp/testcases/mutated_code/CUT1

Failed test initializationError(org.threeten.extra.EqualityUtils)
	 flaky test, ignore !
Failed test test(org.threeten.extra.PackedFields_init_15059651680)
	 actual test, will stop test execution !
TestExec4MutationTask: Mutant MutationIdentifier [location=Location [clazz=org.threeten.extra.PackedFields, method=updateCheckConflict, methodDesc=(Ljava/util/Map;Ljava/time/temporal/TemporalField;Ljava/time/temporal/TemporalField;J)V], indexes=[18], mutator=org.pitest.mutationtest.engine.gregor.mutators.NegateConditionalsMutator] killed by test (org.threeten.extra.PackedFields_init_15059651680),test)
mutationResult.getState() KILLED
* Killed mutant MutationDetails [id=MutationIdentifier [location=Location [clazz=org.threeten.extra.PackedFields, method=updateCheckConflict, methodDesc=(Ljava/util/Map;Ljava/time/temporal/TemporalField;Ljava/time/temporal/TemporalField;J)V], indexes=[13], mutator=org.pitest.mutationtest.engine.gregor.mutators.NegateConditionalsMutator], filename=PackedFields.java, block=1, lineNumber=416, description=negated conditional, testsInOrder=[]]
mutationResult.getState() KILLED
* Killed mutant MutationDetails [id=MutationIdentifier [location=Location [clazz=org.threeten.extra.PackedFields, method=updateCheckConflict, methodDesc=(Ljava/util/Map;Ljava/time/temporal/TemporalField;Ljava/time/temporal/TemporalField;J)V], indexes=[18], mutator=org.pitest.mutationtest.engine.gregor.mutators.NegateConditionalsMutator], filename=PackedFields.java, block=2, lineNumber=416, description=negated conditional, testsInOrder=[]]

>>> RESULTS:
	Tool name: kex
	Benchmark: THREETEN-EXTRA-88
	Class Under Test: org.threeten.extra.PackedFields
	Run number: 1
	Tool preparation time (ms): 6802
	Tool test cases generation time (ms): 144350
	Test cases execution time (ms): 149
	Test case number: 4
	Uncompilable Test Classes: 0
	Broken tests number: 4
	Failing tests number: 0
	Lines total: 7
	Lines covered: 6
	Lines coverage ratio (%): 85.71429
	Conditions total: 4
	Conditions covered: 2
	Conditions coverage ratio (%): 50.0
	Mutants total: 2
	Mutants covered: 2
	Mutants coverage ratio (%): 100.0
	Mutants killed: 2
	Mutants killed ratio (%): 100.0
	Mutants alive: 0


Class org.threeten.extra.PackedFields ended.
Stopping process...
Tool subprocess is an instance of java.lang.UNIXProcess
Tool subprocess Id is 163361
Killing master process 163361
Executing command kill -9 163361
Execution of command kill -9 163361 finished.
Process was destroyed
