
>>> TOOL NAME:  kex

>>> BENCHMARK:  TA4J-81

>>> RUN NUMBER: 1

>>> MODE: --only-compute-metrics
Creating directory ./temp
Creating directory ./temp/data
Creating directory ./temp/testcases
Executing /home/kex/./runtool
>> BENCHMARK
>> /var/benchmarks/projects/ta4j/ta4j-core/src/main/java
>> /var/benchmarks/projects/ta4j/ta4j-core/target/classes
>> 12
>> /var/benchmarks/projects/ta4j/ta4j-core/target/ta4j-core-0.15.jar
>> /var/benchmarks/projects/ta4j/ta4j-core/target/dependency/hamcrest-core-1.3.jar
>> /var/benchmarks/projects/ta4j/ta4j-core/target/dependency/commons-io-2.11.0.jar
>> /var/benchmarks/projects/ta4j/ta4j-core/target/dependency/logback-classic-1.2.3.jar
>> /var/benchmarks/projects/ta4j/ta4j-core/target/dependency/commons-math3-3.6.1.jar
>> /var/benchmarks/projects/ta4j/ta4j-core/target/dependency/SparseBitSet-1.2.jar
>> /var/benchmarks/projects/ta4j/ta4j-core/target/dependency/junit-4.13.1.jar
>> /var/benchmarks/projects/ta4j/ta4j-core/target/dependency/logback-core-1.2.3.jar
>> /var/benchmarks/projects/ta4j/ta4j-core/target/dependency/poi-5.2.2.jar
>> /var/benchmarks/projects/ta4j/ta4j-core/target/dependency/commons-codec-1.15.jar
>> /var/benchmarks/projects/ta4j/ta4j-core/target/dependency/commons-collections4-4.4.jar
>> /var/benchmarks/projects/ta4j/ta4j-core/target/dependency/slf4j-api-1.7.25.jar
>> 0
expecting CLASSPATH or READY
<< READY
>> 120


### COMPUTING METRICS ###: org.ta4j.core.indicators.statistics.SimpleLinearRegressionIndicator


Starting class org.ta4j.core.indicators.statistics.SimpleLinearRegressionIndicator


Ending class org.ta4j.core.indicators.statistics.SimpleLinearRegressionIndicator
Creating directory results_kex_120/TA4J-81_1/temp/testcases/bin
Creating dummy JUnit test file

---Compilation---

===
javac command line:
/usr/bin/javac -sourcepath /home/kex/results_kex_120/TA4J-81_1/temp/testcases -cp /var/benchmarks/projects/ta4j/ta4j-core/target/ta4j-core-0.15.jar:/var/benchmarks/projects/ta4j/ta4j-core/target/dependency/hamcrest-core-1.3.jar:/var/benchmarks/projects/ta4j/ta4j-core/target/dependency/commons-io-2.11.0.jar:/var/benchmarks/projects/ta4j/ta4j-core/target/dependency/logback-classic-1.2.3.jar:/var/benchmarks/projects/ta4j/ta4j-core/target/dependency/commons-math3-3.6.1.jar:/var/benchmarks/projects/ta4j/ta4j-core/target/dependency/SparseBitSet-1.2.jar:/var/benchmarks/projects/ta4j/ta4j-core/target/dependency/junit-4.13.1.jar:/var/benchmarks/projects/ta4j/ta4j-core/target/dependency/logback-core-1.2.3.jar:/var/benchmarks/projects/ta4j/ta4j-core/target/dependency/poi-5.2.2.jar:/var/benchmarks/projects/ta4j/ta4j-core/target/dependency/commons-codec-1.15.jar:/var/benchmarks/projects/ta4j/ta4j-core/target/dependency/commons-collections4-4.4.jar:/var/benchmarks/projects/ta4j/ta4j-core/target/dependency/slf4j-api-1.7.25.jar:/usr/local/bin/lib/junit.jar:/usr/local/bin/lib/hamcrest-core.jar -d results_kex_120/TA4J-81_1/temp/testcases/bin /home/kex/results_kex_120/TA4J-81_1/temp/testcases/SBSTDummyForCoverageAndMutationCalculation.java


===
javac command line:
/usr/bin/javac -sourcepath /home/kex/results_kex_120/TA4J-81_1/temp/testcases -cp /var/benchmarks/projects/ta4j/ta4j-core/target/ta4j-core-0.15.jar:/var/benchmarks/projects/ta4j/ta4j-core/target/dependency/hamcrest-core-1.3.jar:/var/benchmarks/projects/ta4j/ta4j-core/target/dependency/commons-io-2.11.0.jar:/var/benchmarks/projects/ta4j/ta4j-core/target/dependency/logback-classic-1.2.3.jar:/var/benchmarks/projects/ta4j/ta4j-core/target/dependency/commons-math3-3.6.1.jar:/var/benchmarks/projects/ta4j/ta4j-core/target/dependency/SparseBitSet-1.2.jar:/var/benchmarks/projects/ta4j/ta4j-core/target/dependency/junit-4.13.1.jar:/var/benchmarks/projects/ta4j/ta4j-core/target/dependency/logback-core-1.2.3.jar:/var/benchmarks/projects/ta4j/ta4j-core/target/dependency/poi-5.2.2.jar:/var/benchmarks/projects/ta4j/ta4j-core/target/dependency/commons-codec-1.15.jar:/var/benchmarks/projects/ta4j/ta4j-core/target/dependency/commons-collections4-4.4.jar:/var/benchmarks/projects/ta4j/ta4j-core/target/dependency/slf4j-api-1.7.25.jar:/usr/local/bin/lib/junit.jar:/usr/local/bin/lib/hamcrest-core.jar -d results_kex_120/TA4J-81_1/temp/testcases/bin /home/kex/results_kex_120/TA4J-81_1/temp/testcases/org/ta4j/core/indicators/statistics/EqualityUtils.java

Compiled 'org/ta4j/core/indicators/statistics/EqualityUtils.java'

===
javac command line:
/usr/bin/javac -sourcepath /home/kex/results_kex_120/TA4J-81_1/temp/testcases -cp /var/benchmarks/projects/ta4j/ta4j-core/target/ta4j-core-0.15.jar:/var/benchmarks/projects/ta4j/ta4j-core/target/dependency/hamcrest-core-1.3.jar:/var/benchmarks/projects/ta4j/ta4j-core/target/dependency/commons-io-2.11.0.jar:/var/benchmarks/projects/ta4j/ta4j-core/target/dependency/logback-classic-1.2.3.jar:/var/benchmarks/projects/ta4j/ta4j-core/target/dependency/commons-math3-3.6.1.jar:/var/benchmarks/projects/ta4j/ta4j-core/target/dependency/SparseBitSet-1.2.jar:/var/benchmarks/projects/ta4j/ta4j-core/target/dependency/junit-4.13.1.jar:/var/benchmarks/projects/ta4j/ta4j-core/target/dependency/logback-core-1.2.3.jar:/var/benchmarks/projects/ta4j/ta4j-core/target/dependency/poi-5.2.2.jar:/var/benchmarks/projects/ta4j/ta4j-core/target/dependency/commons-codec-1.15.jar:/var/benchmarks/projects/ta4j/ta4j-core/target/dependency/commons-collections4-4.4.jar:/var/benchmarks/projects/ta4j/ta4j-core/target/dependency/slf4j-api-1.7.25.jar:/usr/local/bin/lib/junit.jar:/usr/local/bin/lib/hamcrest-core.jar -d results_kex_120/TA4J-81_1/temp/testcases/bin /home/kex/results_kex_120/TA4J-81_1/temp/testcases/org/ta4j/core/indicators/statistics/ReflectionUtils.java

/home/kex/results_kex_120/TA4J-81_1/temp/testcases/org/ta4j/core/indicators/statistics/ReflectionUtils.java:9: warning: Unsafe is internal proprietary API and may be removed in a future release
import sun.misc.Unsafe;
               ^
/home/kex/results_kex_120/TA4J-81_1/temp/testcases/org/ta4j/core/indicators/statistics/ReflectionUtils.java:13: warning: Unsafe is internal proprietary API and may be removed in a future release
    public static final Unsafe UNSAFE;
                        ^
/home/kex/results_kex_120/TA4J-81_1/temp/testcases/org/ta4j/core/indicators/statistics/ReflectionUtils.java:17: warning: Unsafe is internal proprietary API and may be removed in a future release
            final Field uns = Unsafe.class.getDeclaredField("theUnsafe");
                              ^
/home/kex/results_kex_120/TA4J-81_1/temp/testcases/org/ta4j/core/indicators/statistics/ReflectionUtils.java:19: warning: Unsafe is internal proprietary API and may be removed in a future release
            UNSAFE = (Unsafe) uns.get(null);
                      ^
4 warnings
Compiled 'org/ta4j/core/indicators/statistics/ReflectionUtils.java'

===
javac command line:
/usr/bin/javac -sourcepath /home/kex/results_kex_120/TA4J-81_1/temp/testcases -cp /var/benchmarks/projects/ta4j/ta4j-core/target/ta4j-core-0.15.jar:/var/benchmarks/projects/ta4j/ta4j-core/target/dependency/hamcrest-core-1.3.jar:/var/benchmarks/projects/ta4j/ta4j-core/target/dependency/commons-io-2.11.0.jar:/var/benchmarks/projects/ta4j/ta4j-core/target/dependency/logback-classic-1.2.3.jar:/var/benchmarks/projects/ta4j/ta4j-core/target/dependency/commons-math3-3.6.1.jar:/var/benchmarks/projects/ta4j/ta4j-core/target/dependency/SparseBitSet-1.2.jar:/var/benchmarks/projects/ta4j/ta4j-core/target/dependency/junit-4.13.1.jar:/var/benchmarks/projects/ta4j/ta4j-core/target/dependency/logback-core-1.2.3.jar:/var/benchmarks/projects/ta4j/ta4j-core/target/dependency/poi-5.2.2.jar:/var/benchmarks/projects/ta4j/ta4j-core/target/dependency/commons-codec-1.15.jar:/var/benchmarks/projects/ta4j/ta4j-core/target/dependency/commons-collections4-4.4.jar:/var/benchmarks/projects/ta4j/ta4j-core/target/dependency/slf4j-api-1.7.25.jar:/usr/local/bin/lib/junit.jar:/usr/local/bin/lib/hamcrest-core.jar -d results_kex_120/TA4J-81_1/temp/testcases/bin /home/kex/results_kex_120/TA4J-81_1/temp/testcases/org/ta4j/core/indicators/statistics/SimpleLinearRegressionIndicator_calculateRegressionLine_3729467910.java

/home/kex/results_kex_120/TA4J-81_1/temp/testcases/org/ta4j/core/indicators/statistics/ReflectionUtils.java:9: warning: Unsafe is internal proprietary API and may be removed in a future release
import sun.misc.Unsafe;
               ^
/home/kex/results_kex_120/TA4J-81_1/temp/testcases/org/ta4j/core/indicators/statistics/ReflectionUtils.java:13: warning: Unsafe is internal proprietary API and may be removed in a future release
    public static final Unsafe UNSAFE;
                        ^
/home/kex/results_kex_120/TA4J-81_1/temp/testcases/org/ta4j/core/indicators/statistics/ReflectionUtils.java:17: warning: Unsafe is internal proprietary API and may be removed in a future release
            final Field uns = Unsafe.class.getDeclaredField("theUnsafe");
                              ^
/home/kex/results_kex_120/TA4J-81_1/temp/testcases/org/ta4j/core/indicators/statistics/ReflectionUtils.java:19: warning: Unsafe is internal proprietary API and may be removed in a future release
            UNSAFE = (Unsafe) uns.get(null);
                      ^
4 warnings
Compiled 'org/ta4j/core/indicators/statistics/SimpleLinearRegressionIndicator_calculateRegressionLine_3729467910.java'

===
javac command line:
/usr/bin/javac -sourcepath /home/kex/results_kex_120/TA4J-81_1/temp/testcases -cp /var/benchmarks/projects/ta4j/ta4j-core/target/ta4j-core-0.15.jar:/var/benchmarks/projects/ta4j/ta4j-core/target/dependency/hamcrest-core-1.3.jar:/var/benchmarks/projects/ta4j/ta4j-core/target/dependency/commons-io-2.11.0.jar:/var/benchmarks/projects/ta4j/ta4j-core/target/dependency/logback-classic-1.2.3.jar:/var/benchmarks/projects/ta4j/ta4j-core/target/dependency/commons-math3-3.6.1.jar:/var/benchmarks/projects/ta4j/ta4j-core/target/dependency/SparseBitSet-1.2.jar:/var/benchmarks/projects/ta4j/ta4j-core/target/dependency/junit-4.13.1.jar:/var/benchmarks/projects/ta4j/ta4j-core/target/dependency/logback-core-1.2.3.jar:/var/benchmarks/projects/ta4j/ta4j-core/target/dependency/poi-5.2.2.jar:/var/benchmarks/projects/ta4j/ta4j-core/target/dependency/commons-codec-1.15.jar:/var/benchmarks/projects/ta4j/ta4j-core/target/dependency/commons-collections4-4.4.jar:/var/benchmarks/projects/ta4j/ta4j-core/target/dependency/slf4j-api-1.7.25.jar:/usr/local/bin/lib/junit.jar:/usr/local/bin/lib/hamcrest-core.jar -d results_kex_120/TA4J-81_1/temp/testcases/bin /home/kex/results_kex_120/TA4J-81_1/temp/testcases/org/ta4j/core/indicators/statistics/SimpleLinearRegressionIndicator_calculateRegressionLine_3729467911.java

/home/kex/results_kex_120/TA4J-81_1/temp/testcases/org/ta4j/core/indicators/statistics/ReflectionUtils.java:9: warning: Unsafe is internal proprietary API and may be removed in a future release
import sun.misc.Unsafe;
               ^
/home/kex/results_kex_120/TA4J-81_1/temp/testcases/org/ta4j/core/indicators/statistics/ReflectionUtils.java:13: warning: Unsafe is internal proprietary API and may be removed in a future release
    public static final Unsafe UNSAFE;
                        ^
/home/kex/results_kex_120/TA4J-81_1/temp/testcases/org/ta4j/core/indicators/statistics/ReflectionUtils.java:17: warning: Unsafe is internal proprietary API and may be removed in a future release
            final Field uns = Unsafe.class.getDeclaredField("theUnsafe");
                              ^
/home/kex/results_kex_120/TA4J-81_1/temp/testcases/org/ta4j/core/indicators/statistics/ReflectionUtils.java:19: warning: Unsafe is internal proprietary API and may be removed in a future release
            UNSAFE = (Unsafe) uns.get(null);
                      ^
4 warnings
Compiled 'org/ta4j/core/indicators/statistics/SimpleLinearRegressionIndicator_calculateRegressionLine_3729467911.java'

===
javac command line:
/usr/bin/javac -sourcepath /home/kex/results_kex_120/TA4J-81_1/temp/testcases -cp /var/benchmarks/projects/ta4j/ta4j-core/target/ta4j-core-0.15.jar:/var/benchmarks/projects/ta4j/ta4j-core/target/dependency/hamcrest-core-1.3.jar:/var/benchmarks/projects/ta4j/ta4j-core/target/dependency/commons-io-2.11.0.jar:/var/benchmarks/projects/ta4j/ta4j-core/target/dependency/logback-classic-1.2.3.jar:/var/benchmarks/projects/ta4j/ta4j-core/target/dependency/commons-math3-3.6.1.jar:/var/benchmarks/projects/ta4j/ta4j-core/target/dependency/SparseBitSet-1.2.jar:/var/benchmarks/projects/ta4j/ta4j-core/target/dependency/junit-4.13.1.jar:/var/benchmarks/projects/ta4j/ta4j-core/target/dependency/logback-core-1.2.3.jar:/var/benchmarks/projects/ta4j/ta4j-core/target/dependency/poi-5.2.2.jar:/var/benchmarks/projects/ta4j/ta4j-core/target/dependency/commons-codec-1.15.jar:/var/benchmarks/projects/ta4j/ta4j-core/target/dependency/commons-collections4-4.4.jar:/var/benchmarks/projects/ta4j/ta4j-core/target/dependency/slf4j-api-1.7.25.jar:/usr/local/bin/lib/junit.jar:/usr/local/bin/lib/hamcrest-core.jar -d results_kex_120/TA4J-81_1/temp/testcases/bin /home/kex/results_kex_120/TA4J-81_1/temp/testcases/org/ta4j/core/indicators/statistics/SimpleLinearRegressionIndicator_calculate_20377686900.java

/home/kex/results_kex_120/TA4J-81_1/temp/testcases/org/ta4j/core/indicators/statistics/ReflectionUtils.java:9: warning: Unsafe is internal proprietary API and may be removed in a future release
import sun.misc.Unsafe;
               ^
/home/kex/results_kex_120/TA4J-81_1/temp/testcases/org/ta4j/core/indicators/statistics/ReflectionUtils.java:13: warning: Unsafe is internal proprietary API and may be removed in a future release
    public static final Unsafe UNSAFE;
                        ^
/home/kex/results_kex_120/TA4J-81_1/temp/testcases/org/ta4j/core/indicators/statistics/ReflectionUtils.java:17: warning: Unsafe is internal proprietary API and may be removed in a future release
            final Field uns = Unsafe.class.getDeclaredField("theUnsafe");
                              ^
/home/kex/results_kex_120/TA4J-81_1/temp/testcases/org/ta4j/core/indicators/statistics/ReflectionUtils.java:19: warning: Unsafe is internal proprietary API and may be removed in a future release
            UNSAFE = (Unsafe) uns.get(null);
                      ^
4 warnings
Compiled 'org/ta4j/core/indicators/statistics/SimpleLinearRegressionIndicator_calculate_20377686900.java'

===
javac command line:
/usr/bin/javac -sourcepath /home/kex/results_kex_120/TA4J-81_1/temp/testcases -cp /var/benchmarks/projects/ta4j/ta4j-core/target/ta4j-core-0.15.jar:/var/benchmarks/projects/ta4j/ta4j-core/target/dependency/hamcrest-core-1.3.jar:/var/benchmarks/projects/ta4j/ta4j-core/target/dependency/commons-io-2.11.0.jar:/var/benchmarks/projects/ta4j/ta4j-core/target/dependency/logback-classic-1.2.3.jar:/var/benchmarks/projects/ta4j/ta4j-core/target/dependency/commons-math3-3.6.1.jar:/var/benchmarks/projects/ta4j/ta4j-core/target/dependency/SparseBitSet-1.2.jar:/var/benchmarks/projects/ta4j/ta4j-core/target/dependency/junit-4.13.1.jar:/var/benchmarks/projects/ta4j/ta4j-core/target/dependency/logback-core-1.2.3.jar:/var/benchmarks/projects/ta4j/ta4j-core/target/dependency/poi-5.2.2.jar:/var/benchmarks/projects/ta4j/ta4j-core/target/dependency/commons-codec-1.15.jar:/var/benchmarks/projects/ta4j/ta4j-core/target/dependency/commons-collections4-4.4.jar:/var/benchmarks/projects/ta4j/ta4j-core/target/dependency/slf4j-api-1.7.25.jar:/usr/local/bin/lib/junit.jar:/usr/local/bin/lib/hamcrest-core.jar -d results_kex_120/TA4J-81_1/temp/testcases/bin /home/kex/results_kex_120/TA4J-81_1/temp/testcases/org/ta4j/core/indicators/statistics/SimpleLinearRegressionIndicator_calculate_20377686901.java

/home/kex/results_kex_120/TA4J-81_1/temp/testcases/org/ta4j/core/indicators/statistics/ReflectionUtils.java:9: warning: Unsafe is internal proprietary API and may be removed in a future release
import sun.misc.Unsafe;
               ^
/home/kex/results_kex_120/TA4J-81_1/temp/testcases/org/ta4j/core/indicators/statistics/ReflectionUtils.java:13: warning: Unsafe is internal proprietary API and may be removed in a future release
    public static final Unsafe UNSAFE;
                        ^
/home/kex/results_kex_120/TA4J-81_1/temp/testcases/org/ta4j/core/indicators/statistics/ReflectionUtils.java:17: warning: Unsafe is internal proprietary API and may be removed in a future release
            final Field uns = Unsafe.class.getDeclaredField("theUnsafe");
                              ^
/home/kex/results_kex_120/TA4J-81_1/temp/testcases/org/ta4j/core/indicators/statistics/ReflectionUtils.java:19: warning: Unsafe is internal proprietary API and may be removed in a future release
            UNSAFE = (Unsafe) uns.get(null);
                      ^
4 warnings
Compiled 'org/ta4j/core/indicators/statistics/SimpleLinearRegressionIndicator_calculate_20377686901.java'

===
javac command line:
/usr/bin/javac -sourcepath /home/kex/results_kex_120/TA4J-81_1/temp/testcases -cp /var/benchmarks/projects/ta4j/ta4j-core/target/ta4j-core-0.15.jar:/var/benchmarks/projects/ta4j/ta4j-core/target/dependency/hamcrest-core-1.3.jar:/var/benchmarks/projects/ta4j/ta4j-core/target/dependency/commons-io-2.11.0.jar:/var/benchmarks/projects/ta4j/ta4j-core/target/dependency/logback-classic-1.2.3.jar:/var/benchmarks/projects/ta4j/ta4j-core/target/dependency/commons-math3-3.6.1.jar:/var/benchmarks/projects/ta4j/ta4j-core/target/dependency/SparseBitSet-1.2.jar:/var/benchmarks/projects/ta4j/ta4j-core/target/dependency/junit-4.13.1.jar:/var/benchmarks/projects/ta4j/ta4j-core/target/dependency/logback-core-1.2.3.jar:/var/benchmarks/projects/ta4j/ta4j-core/target/dependency/poi-5.2.2.jar:/var/benchmarks/projects/ta4j/ta4j-core/target/dependency/commons-codec-1.15.jar:/var/benchmarks/projects/ta4j/ta4j-core/target/dependency/commons-collections4-4.4.jar:/var/benchmarks/projects/ta4j/ta4j-core/target/dependency/slf4j-api-1.7.25.jar:/usr/local/bin/lib/junit.jar:/usr/local/bin/lib/hamcrest-core.jar -d results_kex_120/TA4J-81_1/temp/testcases/bin /home/kex/results_kex_120/TA4J-81_1/temp/testcases/org/ta4j/core/indicators/statistics/SimpleLinearRegressionIndicator_init_171661780.java

/home/kex/results_kex_120/TA4J-81_1/temp/testcases/org/ta4j/core/indicators/statistics/ReflectionUtils.java:9: warning: Unsafe is internal proprietary API and may be removed in a future release
import sun.misc.Unsafe;
               ^
/home/kex/results_kex_120/TA4J-81_1/temp/testcases/org/ta4j/core/indicators/statistics/ReflectionUtils.java:13: warning: Unsafe is internal proprietary API and may be removed in a future release
    public static final Unsafe UNSAFE;
                        ^
/home/kex/results_kex_120/TA4J-81_1/temp/testcases/org/ta4j/core/indicators/statistics/ReflectionUtils.java:17: warning: Unsafe is internal proprietary API and may be removed in a future release
            final Field uns = Unsafe.class.getDeclaredField("theUnsafe");
                              ^
/home/kex/results_kex_120/TA4J-81_1/temp/testcases/org/ta4j/core/indicators/statistics/ReflectionUtils.java:19: warning: Unsafe is internal proprietary API and may be removed in a future release
            UNSAFE = (Unsafe) uns.get(null);
                      ^
4 warnings
Compiled 'org/ta4j/core/indicators/statistics/SimpleLinearRegressionIndicator_init_171661780.java'

===
javac command line:
/usr/bin/javac -sourcepath /home/kex/results_kex_120/TA4J-81_1/temp/testcases -cp /var/benchmarks/projects/ta4j/ta4j-core/target/ta4j-core-0.15.jar:/var/benchmarks/projects/ta4j/ta4j-core/target/dependency/hamcrest-core-1.3.jar:/var/benchmarks/projects/ta4j/ta4j-core/target/dependency/commons-io-2.11.0.jar:/var/benchmarks/projects/ta4j/ta4j-core/target/dependency/logback-classic-1.2.3.jar:/var/benchmarks/projects/ta4j/ta4j-core/target/dependency/commons-math3-3.6.1.jar:/var/benchmarks/projects/ta4j/ta4j-core/target/dependency/SparseBitSet-1.2.jar:/var/benchmarks/projects/ta4j/ta4j-core/target/dependency/junit-4.13.1.jar:/var/benchmarks/projects/ta4j/ta4j-core/target/dependency/logback-core-1.2.3.jar:/var/benchmarks/projects/ta4j/ta4j-core/target/dependency/poi-5.2.2.jar:/var/benchmarks/projects/ta4j/ta4j-core/target/dependency/commons-codec-1.15.jar:/var/benchmarks/projects/ta4j/ta4j-core/target/dependency/commons-collections4-4.4.jar:/var/benchmarks/projects/ta4j/ta4j-core/target/dependency/slf4j-api-1.7.25.jar:/usr/local/bin/lib/junit.jar:/usr/local/bin/lib/hamcrest-core.jar -d results_kex_120/TA4J-81_1/temp/testcases/bin /home/kex/results_kex_120/TA4J-81_1/temp/testcases/org/ta4j/core/indicators/statistics/SimpleLinearRegressionIndicator_init_171661781.java

/home/kex/results_kex_120/TA4J-81_1/temp/testcases/org/ta4j/core/indicators/statistics/ReflectionUtils.java:9: warning: Unsafe is internal proprietary API and may be removed in a future release
import sun.misc.Unsafe;
               ^
/home/kex/results_kex_120/TA4J-81_1/temp/testcases/org/ta4j/core/indicators/statistics/ReflectionUtils.java:13: warning: Unsafe is internal proprietary API and may be removed in a future release
    public static final Unsafe UNSAFE;
                        ^
/home/kex/results_kex_120/TA4J-81_1/temp/testcases/org/ta4j/core/indicators/statistics/ReflectionUtils.java:17: warning: Unsafe is internal proprietary API and may be removed in a future release
            final Field uns = Unsafe.class.getDeclaredField("theUnsafe");
                              ^
/home/kex/results_kex_120/TA4J-81_1/temp/testcases/org/ta4j/core/indicators/statistics/ReflectionUtils.java:19: warning: Unsafe is internal proprietary API and may be removed in a future release
            UNSAFE = (Unsafe) uns.get(null);
                      ^
4 warnings
Compiled 'org/ta4j/core/indicators/statistics/SimpleLinearRegressionIndicator_init_171661781.java'

===
javac command line:
/usr/bin/javac -sourcepath /home/kex/results_kex_120/TA4J-81_1/temp/testcases -cp /var/benchmarks/projects/ta4j/ta4j-core/target/ta4j-core-0.15.jar:/var/benchmarks/projects/ta4j/ta4j-core/target/dependency/hamcrest-core-1.3.jar:/var/benchmarks/projects/ta4j/ta4j-core/target/dependency/commons-io-2.11.0.jar:/var/benchmarks/projects/ta4j/ta4j-core/target/dependency/logback-classic-1.2.3.jar:/var/benchmarks/projects/ta4j/ta4j-core/target/dependency/commons-math3-3.6.1.jar:/var/benchmarks/projects/ta4j/ta4j-core/target/dependency/SparseBitSet-1.2.jar:/var/benchmarks/projects/ta4j/ta4j-core/target/dependency/junit-4.13.1.jar:/var/benchmarks/projects/ta4j/ta4j-core/target/dependency/logback-core-1.2.3.jar:/var/benchmarks/projects/ta4j/ta4j-core/target/dependency/poi-5.2.2.jar:/var/benchmarks/projects/ta4j/ta4j-core/target/dependency/commons-codec-1.15.jar:/var/benchmarks/projects/ta4j/ta4j-core/target/dependency/commons-collections4-4.4.jar:/var/benchmarks/projects/ta4j/ta4j-core/target/dependency/slf4j-api-1.7.25.jar:/usr/local/bin/lib/junit.jar:/usr/local/bin/lib/hamcrest-core.jar -d results_kex_120/TA4J-81_1/temp/testcases/bin /home/kex/results_kex_120/TA4J-81_1/temp/testcases/org/ta4j/core/indicators/statistics/SimpleLinearRegressionIndicator_init_17956999510.java

/home/kex/results_kex_120/TA4J-81_1/temp/testcases/org/ta4j/core/indicators/statistics/ReflectionUtils.java:9: warning: Unsafe is internal proprietary API and may be removed in a future release
import sun.misc.Unsafe;
               ^
/home/kex/results_kex_120/TA4J-81_1/temp/testcases/org/ta4j/core/indicators/statistics/ReflectionUtils.java:13: warning: Unsafe is internal proprietary API and may be removed in a future release
    public static final Unsafe UNSAFE;
                        ^
/home/kex/results_kex_120/TA4J-81_1/temp/testcases/org/ta4j/core/indicators/statistics/ReflectionUtils.java:17: warning: Unsafe is internal proprietary API and may be removed in a future release
            final Field uns = Unsafe.class.getDeclaredField("theUnsafe");
                              ^
/home/kex/results_kex_120/TA4J-81_1/temp/testcases/org/ta4j/core/indicators/statistics/ReflectionUtils.java:19: warning: Unsafe is internal proprietary API and may be removed in a future release
            UNSAFE = (Unsafe) uns.get(null);
                      ^
4 warnings
Compiled 'org/ta4j/core/indicators/statistics/SimpleLinearRegressionIndicator_init_17956999510.java'

===
javac command line:
/usr/bin/javac -sourcepath /home/kex/results_kex_120/TA4J-81_1/temp/testcases -cp /var/benchmarks/projects/ta4j/ta4j-core/target/ta4j-core-0.15.jar:/var/benchmarks/projects/ta4j/ta4j-core/target/dependency/hamcrest-core-1.3.jar:/var/benchmarks/projects/ta4j/ta4j-core/target/dependency/commons-io-2.11.0.jar:/var/benchmarks/projects/ta4j/ta4j-core/target/dependency/logback-classic-1.2.3.jar:/var/benchmarks/projects/ta4j/ta4j-core/target/dependency/commons-math3-3.6.1.jar:/var/benchmarks/projects/ta4j/ta4j-core/target/dependency/SparseBitSet-1.2.jar:/var/benchmarks/projects/ta4j/ta4j-core/target/dependency/junit-4.13.1.jar:/var/benchmarks/projects/ta4j/ta4j-core/target/dependency/logback-core-1.2.3.jar:/var/benchmarks/projects/ta4j/ta4j-core/target/dependency/poi-5.2.2.jar:/var/benchmarks/projects/ta4j/ta4j-core/target/dependency/commons-codec-1.15.jar:/var/benchmarks/projects/ta4j/ta4j-core/target/dependency/commons-collections4-4.4.jar:/var/benchmarks/projects/ta4j/ta4j-core/target/dependency/slf4j-api-1.7.25.jar:/usr/local/bin/lib/junit.jar:/usr/local/bin/lib/hamcrest-core.jar -d results_kex_120/TA4J-81_1/temp/testcases/bin /home/kex/results_kex_120/TA4J-81_1/temp/testcases/org/ta4j/core/indicators/statistics/SimpleLinearRegressionIndicator_init_17956999511.java

/home/kex/results_kex_120/TA4J-81_1/temp/testcases/org/ta4j/core/indicators/statistics/ReflectionUtils.java:9: warning: Unsafe is internal proprietary API and may be removed in a future release
import sun.misc.Unsafe;
               ^
/home/kex/results_kex_120/TA4J-81_1/temp/testcases/org/ta4j/core/indicators/statistics/ReflectionUtils.java:13: warning: Unsafe is internal proprietary API and may be removed in a future release
    public static final Unsafe UNSAFE;
                        ^
/home/kex/results_kex_120/TA4J-81_1/temp/testcases/org/ta4j/core/indicators/statistics/ReflectionUtils.java:17: warning: Unsafe is internal proprietary API and may be removed in a future release
            final Field uns = Unsafe.class.getDeclaredField("theUnsafe");
                              ^
/home/kex/results_kex_120/TA4J-81_1/temp/testcases/org/ta4j/core/indicators/statistics/ReflectionUtils.java:19: warning: Unsafe is internal proprietary API and may be removed in a future release
            UNSAFE = (Unsafe) uns.get(null);
                      ^
4 warnings
Compiled 'org/ta4j/core/indicators/statistics/SimpleLinearRegressionIndicator_init_17956999511.java'

---Timing Information---
Running tests with the following classpath: 
/var/benchmarks/projects/ta4j/ta4j-core/target/ta4j-core-0.15.jar:/var/benchmarks/projects/ta4j/ta4j-core/target/dependency/hamcrest-core-1.3.jar:/var/benchmarks/projects/ta4j/ta4j-core/target/dependency/commons-io-2.11.0.jar:/var/benchmarks/projects/ta4j/ta4j-core/target/dependency/logback-classic-1.2.3.jar:/var/benchmarks/projects/ta4j/ta4j-core/target/dependency/commons-math3-3.6.1.jar:/var/benchmarks/projects/ta4j/ta4j-core/target/dependency/SparseBitSet-1.2.jar:/var/benchmarks/projects/ta4j/ta4j-core/target/dependency/junit-4.13.1.jar:/var/benchmarks/projects/ta4j/ta4j-core/target/dependency/logback-core-1.2.3.jar:/var/benchmarks/projects/ta4j/ta4j-core/target/dependency/poi-5.2.2.jar:/var/benchmarks/projects/ta4j/ta4j-core/target/dependency/commons-codec-1.15.jar:/var/benchmarks/projects/ta4j/ta4j-core/target/dependency/commons-collections4-4.4.jar:/var/benchmarks/projects/ta4j/ta4j-core/target/dependency/slf4j-api-1.7.25.jar:/usr/local/bin/lib/junit.jar:/usr/local/bin/lib/hamcrest-core.jar:/home/kex/results_kex_120/TA4J-81_1/temp/testcases/bin
Running the tests: [SBSTDummyForCoverageAndMutationCalculation, org.ta4j.core.indicators.statistics.EqualityUtils, org.ta4j.core.indicators.statistics.ReflectionUtils, org.ta4j.core.indicators.statistics.SimpleLinearRegressionIndicator_calculateRegressionLine_3729467910, org.ta4j.core.indicators.statistics.SimpleLinearRegressionIndicator_calculateRegressionLine_3729467911, org.ta4j.core.indicators.statistics.SimpleLinearRegressionIndicator_calculate_20377686900, org.ta4j.core.indicators.statistics.SimpleLinearRegressionIndicator_calculate_20377686901, org.ta4j.core.indicators.statistics.SimpleLinearRegressionIndicator_init_171661780, org.ta4j.core.indicators.statistics.SimpleLinearRegressionIndicator_init_171661781, org.ta4j.core.indicators.statistics.SimpleLinearRegressionIndicator_init_17956999510, org.ta4j.core.indicators.statistics.SimpleLinearRegressionIndicator_init_17956999511]
Executions terminated
Failure: [initializationError(org.ta4j.core.indicators.statistics.EqualityUtils): No runnable methods]
Failing Tests: initializationError(org.ta4j.core.indicators.statistics.EqualityUtils)
java.lang.Exception: No runnable methods
	at org.junit.runners.BlockJUnit4ClassRunner.validateInstanceMethods(BlockJUnit4ClassRunner.java:169)
	at org.junit.runners.BlockJUnit4ClassRunner.collectInitializationErrors(BlockJUnit4ClassRunner.java:104)
	at org.junit.runners.ParentRunner.validate(ParentRunner.java:355)
	at org.junit.runners.ParentRunner.<init>(ParentRunner.java:76)
	at org.junit.runners.BlockJUnit4ClassRunner.<init>(BlockJUnit4ClassRunner.java:57)
	at org.junit.internal.builders.JUnit4Builder.runnerForClass(JUnit4Builder.java:10)
	at org.junit.runners.model.RunnerBuilder.safeRunnerForClass(RunnerBuilder.java:59)
	at org.junit.internal.builders.AllDefaultPossibilitiesBuilder.runnerForClass(AllDefaultPossibilitiesBuilder.java:26)
	at org.junit.runner.Computer.getRunner(Computer.java:40)
	at org.junit.runner.Computer$1.runnerForClass(Computer.java:31)
	at org.junit.runners.model.RunnerBuilder.safeRunnerForClass(RunnerBuilder.java:59)
	at org.junit.runners.model.RunnerBuilder.runners(RunnerBuilder.java:101)
	at org.junit.runners.model.RunnerBuilder.runners(RunnerBuilder.java:87)
	at org.junit.runners.Suite.<init>(Suite.java:80)
	at org.junit.runner.Computer.getSuite(Computer.java:28)
	at org.junit.runner.Request.classes(Request.java:75)
	at org.junit.runner.JUnitCore.run(JUnitCore.java:117)
	at sbst.benchmark.coverage.TestExecutionTask.call(TestExecutionTask.java:54)
	at sbst.benchmark.coverage.TestExecutionTask.call(TestExecutionTask.java:15)
	at java.util.concurrent.FutureTask.run(FutureTask.java:266)
	at java.util.concurrent.ThreadPoolExecutor.runWorker(ThreadPoolExecutor.java:1149)
	at java.util.concurrent.ThreadPoolExecutor$Worker.run(ThreadPoolExecutor.java:624)
	at java.lang.Thread.run(Thread.java:750)

Failure: [initializationError(org.ta4j.core.indicators.statistics.ReflectionUtils): No runnable methods]
Failing Tests: initializationError(org.ta4j.core.indicators.statistics.ReflectionUtils)
java.lang.Exception: No runnable methods
	at org.junit.runners.BlockJUnit4ClassRunner.validateInstanceMethods(BlockJUnit4ClassRunner.java:169)
	at org.junit.runners.BlockJUnit4ClassRunner.collectInitializationErrors(BlockJUnit4ClassRunner.java:104)
	at org.junit.runners.ParentRunner.validate(ParentRunner.java:355)
	at org.junit.runners.ParentRunner.<init>(ParentRunner.java:76)
	at org.junit.runners.BlockJUnit4ClassRunner.<init>(BlockJUnit4ClassRunner.java:57)
	at org.junit.internal.builders.JUnit4Builder.runnerForClass(JUnit4Builder.java:10)
	at org.junit.runners.model.RunnerBuilder.safeRunnerForClass(RunnerBuilder.java:59)
	at org.junit.internal.builders.AllDefaultPossibilitiesBuilder.runnerForClass(AllDefaultPossibilitiesBuilder.java:26)
	at org.junit.runner.Computer.getRunner(Computer.java:40)
	at org.junit.runner.Computer$1.runnerForClass(Computer.java:31)
	at org.junit.runners.model.RunnerBuilder.safeRunnerForClass(RunnerBuilder.java:59)
	at org.junit.runners.model.RunnerBuilder.runners(RunnerBuilder.java:101)
	at org.junit.runners.model.RunnerBuilder.runners(RunnerBuilder.java:87)
	at org.junit.runners.Suite.<init>(Suite.java:80)
	at org.junit.runner.Computer.getSuite(Computer.java:28)
	at org.junit.runner.Request.classes(Request.java:75)
	at org.junit.runner.JUnitCore.run(JUnitCore.java:117)
	at sbst.benchmark.coverage.TestExecutionTask.call(TestExecutionTask.java:54)
	at sbst.benchmark.coverage.TestExecutionTask.call(TestExecutionTask.java:15)
	at java.util.concurrent.FutureTask.run(FutureTask.java:266)
	at java.util.concurrent.ThreadPoolExecutor.runWorker(ThreadPoolExecutor.java:1149)
	at java.util.concurrent.ThreadPoolExecutor$Worker.run(ThreadPoolExecutor.java:624)
	at java.lang.Thread.run(Thread.java:750)

Failure: [test(org.ta4j.core.indicators.statistics.SimpleLinearRegressionIndicator_calculateRegressionLine_3729467910): null]
Failing Tests: test(org.ta4j.core.indicators.statistics.SimpleLinearRegressionIndicator_calculateRegressionLine_3729467910)
java.lang.NullPointerException
	at org.ta4j.core.indicators.AbstractIndicator.numOf(AbstractIndicator.java:65)
	at org.ta4j.core.indicators.statistics.SimpleLinearRegressionIndicator.calculateRegressionLine(SimpleLinearRegressionIndicator.java:106)
	at sun.reflect.NativeMethodAccessorImpl.invoke0(Native Method)
	at sun.reflect.NativeMethodAccessorImpl.invoke(NativeMethodAccessorImpl.java:62)
	at sun.reflect.DelegatingMethodAccessorImpl.invoke(DelegatingMethodAccessorImpl.java:43)
	at java.lang.reflect.Method.invoke(Method.java:498)
	at org.ta4j.core.indicators.statistics.ReflectionUtils.callMethod(ReflectionUtils.java:238)
	at org.ta4j.core.indicators.statistics.SimpleLinearRegressionIndicator_calculateRegressionLine_3729467910.test(SimpleLinearRegressionIndicator_calculateRegressionLine_3729467910.java:66)
	at sun.reflect.NativeMethodAccessorImpl.invoke0(Native Method)
	at sun.reflect.NativeMethodAccessorImpl.invoke(NativeMethodAccessorImpl.java:62)
	at sun.reflect.DelegatingMethodAccessorImpl.invoke(DelegatingMethodAccessorImpl.java:43)
	at java.lang.reflect.Method.invoke(Method.java:498)
	at org.junit.runners.model.FrameworkMethod$1.runReflectiveCall(FrameworkMethod.java:47)
	at org.junit.internal.runners.model.ReflectiveCallable.run(ReflectiveCallable.java:12)
	at org.junit.runners.model.FrameworkMethod.invokeExplosively(FrameworkMethod.java:44)
	at org.junit.internal.runners.statements.InvokeMethod.evaluate(InvokeMethod.java:17)
	at org.junit.internal.runners.statements.RunBefores.evaluate(RunBefores.java:26)
	at org.junit.runners.ParentRunner.runLeaf(ParentRunner.java:271)
	at org.junit.runners.BlockJUnit4ClassRunner.runChild(BlockJUnit4ClassRunner.java:70)
	at org.junit.runners.BlockJUnit4ClassRunner.runChild(BlockJUnit4ClassRunner.java:50)
	at org.junit.runners.ParentRunner$3.run(ParentRunner.java:238)
	at org.junit.runners.ParentRunner$1.schedule(ParentRunner.java:63)
	at org.junit.runners.ParentRunner.runChildren(ParentRunner.java:236)
	at org.junit.runners.ParentRunner.access$000(ParentRunner.java:53)
	at org.junit.runners.ParentRunner$2.evaluate(ParentRunner.java:229)
	at org.junit.runners.ParentRunner.run(ParentRunner.java:309)
	at org.junit.runners.Suite.runChild(Suite.java:127)
	at org.junit.runners.Suite.runChild(Suite.java:26)
	at org.junit.runners.ParentRunner$3.run(ParentRunner.java:238)
	at org.junit.runners.ParentRunner$1.schedule(ParentRunner.java:63)
	at org.junit.runners.ParentRunner.runChildren(ParentRunner.java:236)
	at org.junit.runners.ParentRunner.access$000(ParentRunner.java:53)
	at org.junit.runners.ParentRunner$2.evaluate(ParentRunner.java:229)
	at org.junit.runners.ParentRunner.run(ParentRunner.java:309)
	at org.junit.runner.JUnitCore.run(JUnitCore.java:160)
	at org.junit.runner.JUnitCore.run(JUnitCore.java:138)
	at org.junit.runner.JUnitCore.run(JUnitCore.java:117)
	at sbst.benchmark.coverage.TestExecutionTask.call(TestExecutionTask.java:54)
	at sbst.benchmark.coverage.TestExecutionTask.call(TestExecutionTask.java:15)
	at java.util.concurrent.FutureTask.run(FutureTask.java:266)
	at java.util.concurrent.ThreadPoolExecutor.runWorker(ThreadPoolExecutor.java:1149)
	at java.util.concurrent.ThreadPoolExecutor$Worker.run(ThreadPoolExecutor.java:624)
	at java.lang.Thread.run(Thread.java:750)

Failure: [test(org.ta4j.core.indicators.statistics.SimpleLinearRegressionIndicator_calculateRegressionLine_3729467911): null]
Failing Tests: test(org.ta4j.core.indicators.statistics.SimpleLinearRegressionIndicator_calculateRegressionLine_3729467911)
java.lang.NullPointerException
	at org.ta4j.core.indicators.AbstractIndicator.numOf(AbstractIndicator.java:65)
	at org.ta4j.core.indicators.statistics.SimpleLinearRegressionIndicator.calculateRegressionLine(SimpleLinearRegressionIndicator.java:106)
	at sun.reflect.NativeMethodAccessorImpl.invoke0(Native Method)
	at sun.reflect.NativeMethodAccessorImpl.invoke(NativeMethodAccessorImpl.java:62)
	at sun.reflect.DelegatingMethodAccessorImpl.invoke(DelegatingMethodAccessorImpl.java:43)
	at java.lang.reflect.Method.invoke(Method.java:498)
	at org.ta4j.core.indicators.statistics.ReflectionUtils.callMethod(ReflectionUtils.java:238)
	at org.ta4j.core.indicators.statistics.SimpleLinearRegressionIndicator_calculateRegressionLine_3729467911.test(SimpleLinearRegressionIndicator_calculateRegressionLine_3729467911.java:55)
	at sun.reflect.NativeMethodAccessorImpl.invoke0(Native Method)
	at sun.reflect.NativeMethodAccessorImpl.invoke(NativeMethodAccessorImpl.java:62)
	at sun.reflect.DelegatingMethodAccessorImpl.invoke(DelegatingMethodAccessorImpl.java:43)
	at java.lang.reflect.Method.invoke(Method.java:498)
	at org.junit.runners.model.FrameworkMethod$1.runReflectiveCall(FrameworkMethod.java:47)
	at org.junit.internal.runners.model.ReflectiveCallable.run(ReflectiveCallable.java:12)
	at org.junit.runners.model.FrameworkMethod.invokeExplosively(FrameworkMethod.java:44)
	at org.junit.internal.runners.statements.InvokeMethod.evaluate(InvokeMethod.java:17)
	at org.junit.internal.runners.statements.RunBefores.evaluate(RunBefores.java:26)
	at org.junit.runners.ParentRunner.runLeaf(ParentRunner.java:271)
	at org.junit.runners.BlockJUnit4ClassRunner.runChild(BlockJUnit4ClassRunner.java:70)
	at org.junit.runners.BlockJUnit4ClassRunner.runChild(BlockJUnit4ClassRunner.java:50)
	at org.junit.runners.ParentRunner$3.run(ParentRunner.java:238)
	at org.junit.runners.ParentRunner$1.schedule(ParentRunner.java:63)
	at org.junit.runners.ParentRunner.runChildren(ParentRunner.java:236)
	at org.junit.runners.ParentRunner.access$000(ParentRunner.java:53)
	at org.junit.runners.ParentRunner$2.evaluate(ParentRunner.java:229)
	at org.junit.runners.ParentRunner.run(ParentRunner.java:309)
	at org.junit.runners.Suite.runChild(Suite.java:127)
	at org.junit.runners.Suite.runChild(Suite.java:26)
	at org.junit.runners.ParentRunner$3.run(ParentRunner.java:238)
	at org.junit.runners.ParentRunner$1.schedule(ParentRunner.java:63)
	at org.junit.runners.ParentRunner.runChildren(ParentRunner.java:236)
	at org.junit.runners.ParentRunner.access$000(ParentRunner.java:53)
	at org.junit.runners.ParentRunner$2.evaluate(ParentRunner.java:229)
	at org.junit.runners.ParentRunner.run(ParentRunner.java:309)
	at org.junit.runner.JUnitCore.run(JUnitCore.java:160)
	at org.junit.runner.JUnitCore.run(JUnitCore.java:138)
	at org.junit.runner.JUnitCore.run(JUnitCore.java:117)
	at sbst.benchmark.coverage.TestExecutionTask.call(TestExecutionTask.java:54)
	at sbst.benchmark.coverage.TestExecutionTask.call(TestExecutionTask.java:15)
	at java.util.concurrent.FutureTask.run(FutureTask.java:266)
	at java.util.concurrent.ThreadPoolExecutor.runWorker(ThreadPoolExecutor.java:1149)
	at java.util.concurrent.ThreadPoolExecutor$Worker.run(ThreadPoolExecutor.java:624)
	at java.lang.Thread.run(Thread.java:750)

Failure: [test(org.ta4j.core.indicators.statistics.SimpleLinearRegressionIndicator_calculate_20377686900): null]
Failing Tests: test(org.ta4j.core.indicators.statistics.SimpleLinearRegressionIndicator_calculate_20377686900)
java.lang.NullPointerException
	at org.ta4j.core.indicators.AbstractIndicator.numOf(AbstractIndicator.java:65)
	at org.ta4j.core.indicators.statistics.SimpleLinearRegressionIndicator.calculateRegressionLine(SimpleLinearRegressionIndicator.java:106)
	at org.ta4j.core.indicators.statistics.SimpleLinearRegressionIndicator.calculate(SimpleLinearRegressionIndicator.java:85)
	at sun.reflect.NativeMethodAccessorImpl.invoke0(Native Method)
	at sun.reflect.NativeMethodAccessorImpl.invoke(NativeMethodAccessorImpl.java:62)
	at sun.reflect.DelegatingMethodAccessorImpl.invoke(DelegatingMethodAccessorImpl.java:43)
	at java.lang.reflect.Method.invoke(Method.java:498)
	at org.ta4j.core.indicators.statistics.ReflectionUtils.callMethod(ReflectionUtils.java:238)
	at org.ta4j.core.indicators.statistics.SimpleLinearRegressionIndicator_calculate_20377686900.test(SimpleLinearRegressionIndicator_calculate_20377686900.java:61)
	at sun.reflect.NativeMethodAccessorImpl.invoke0(Native Method)
	at sun.reflect.NativeMethodAccessorImpl.invoke(NativeMethodAccessorImpl.java:62)
	at sun.reflect.DelegatingMethodAccessorImpl.invoke(DelegatingMethodAccessorImpl.java:43)
	at java.lang.reflect.Method.invoke(Method.java:498)
	at org.junit.runners.model.FrameworkMethod$1.runReflectiveCall(FrameworkMethod.java:47)
	at org.junit.internal.runners.model.ReflectiveCallable.run(ReflectiveCallable.java:12)
	at org.junit.runners.model.FrameworkMethod.invokeExplosively(FrameworkMethod.java:44)
	at org.junit.internal.runners.statements.InvokeMethod.evaluate(InvokeMethod.java:17)
	at org.junit.internal.runners.statements.RunBefores.evaluate(RunBefores.java:26)
	at org.junit.runners.ParentRunner.runLeaf(ParentRunner.java:271)
	at org.junit.runners.BlockJUnit4ClassRunner.runChild(BlockJUnit4ClassRunner.java:70)
	at org.junit.runners.BlockJUnit4ClassRunner.runChild(BlockJUnit4ClassRunner.java:50)
	at org.junit.runners.ParentRunner$3.run(ParentRunner.java:238)
	at org.junit.runners.ParentRunner$1.schedule(ParentRunner.java:63)
	at org.junit.runners.ParentRunner.runChildren(ParentRunner.java:236)
	at org.junit.runners.ParentRunner.access$000(ParentRunner.java:53)
	at org.junit.runners.ParentRunner$2.evaluate(ParentRunner.java:229)
	at org.junit.runners.ParentRunner.run(ParentRunner.java:309)
	at org.junit.runners.Suite.runChild(Suite.java:127)
	at org.junit.runners.Suite.runChild(Suite.java:26)
	at org.junit.runners.ParentRunner$3.run(ParentRunner.java:238)
	at org.junit.runners.ParentRunner$1.schedule(ParentRunner.java:63)
	at org.junit.runners.ParentRunner.runChildren(ParentRunner.java:236)
	at org.junit.runners.ParentRunner.access$000(ParentRunner.java:53)
	at org.junit.runners.ParentRunner$2.evaluate(ParentRunner.java:229)
	at org.junit.runners.ParentRunner.run(ParentRunner.java:309)
	at org.junit.runner.JUnitCore.run(JUnitCore.java:160)
	at org.junit.runner.JUnitCore.run(JUnitCore.java:138)
	at org.junit.runner.JUnitCore.run(JUnitCore.java:117)
	at sbst.benchmark.coverage.TestExecutionTask.call(TestExecutionTask.java:54)
	at sbst.benchmark.coverage.TestExecutionTask.call(TestExecutionTask.java:15)
	at java.util.concurrent.FutureTask.run(FutureTask.java:266)
	at java.util.concurrent.ThreadPoolExecutor.runWorker(ThreadPoolExecutor.java:1149)
	at java.util.concurrent.ThreadPoolExecutor$Worker.run(ThreadPoolExecutor.java:624)
	at java.lang.Thread.run(Thread.java:750)

Failure: [test(org.ta4j.core.indicators.statistics.SimpleLinearRegressionIndicator_init_171661780): null]
Failing Tests: test(org.ta4j.core.indicators.statistics.SimpleLinearRegressionIndicator_init_171661780)
java.lang.reflect.InvocationTargetException
	at sun.reflect.NativeConstructorAccessorImpl.newInstance0(Native Method)
	at sun.reflect.NativeConstructorAccessorImpl.newInstance(NativeConstructorAccessorImpl.java:62)
	at sun.reflect.DelegatingConstructorAccessorImpl.newInstance(DelegatingConstructorAccessorImpl.java:45)
	at java.lang.reflect.Constructor.newInstance(Constructor.java:423)
	at org.ta4j.core.indicators.statistics.ReflectionUtils.callConstructor(ReflectionUtils.java:231)
	at org.ta4j.core.indicators.statistics.SimpleLinearRegressionIndicator_init_171661780.test(SimpleLinearRegressionIndicator_init_171661780.java:41)
	at sun.reflect.NativeMethodAccessorImpl.invoke0(Native Method)
	at sun.reflect.NativeMethodAccessorImpl.invoke(NativeMethodAccessorImpl.java:62)
	at sun.reflect.DelegatingMethodAccessorImpl.invoke(DelegatingMethodAccessorImpl.java:43)
	at java.lang.reflect.Method.invoke(Method.java:498)
	at org.junit.runners.model.FrameworkMethod$1.runReflectiveCall(FrameworkMethod.java:47)
	at org.junit.internal.runners.model.ReflectiveCallable.run(ReflectiveCallable.java:12)
	at org.junit.runners.model.FrameworkMethod.invokeExplosively(FrameworkMethod.java:44)
	at org.junit.internal.runners.statements.InvokeMethod.evaluate(InvokeMethod.java:17)
	at org.junit.internal.runners.statements.RunBefores.evaluate(RunBefores.java:26)
	at org.junit.runners.ParentRunner.runLeaf(ParentRunner.java:271)
	at org.junit.runners.BlockJUnit4ClassRunner.runChild(BlockJUnit4ClassRunner.java:70)
	at org.junit.runners.BlockJUnit4ClassRunner.runChild(BlockJUnit4ClassRunner.java:50)
	at org.junit.runners.ParentRunner$3.run(ParentRunner.java:238)
	at org.junit.runners.ParentRunner$1.schedule(ParentRunner.java:63)
	at org.junit.runners.ParentRunner.runChildren(ParentRunner.java:236)
	at org.junit.runners.ParentRunner.access$000(ParentRunner.java:53)
	at org.junit.runners.ParentRunner$2.evaluate(ParentRunner.java:229)
	at org.junit.runners.ParentRunner.run(ParentRunner.java:309)
	at org.junit.runners.Suite.runChild(Suite.java:127)
	at org.junit.runners.Suite.runChild(Suite.java:26)
	at org.junit.runners.ParentRunner$3.run(ParentRunner.java:238)
	at org.junit.runners.ParentRunner$1.schedule(ParentRunner.java:63)
	at org.junit.runners.ParentRunner.runChildren(ParentRunner.java:236)
	at org.junit.runners.ParentRunner.access$000(ParentRunner.java:53)
	at org.junit.runners.ParentRunner$2.evaluate(ParentRunner.java:229)
	at org.junit.runners.ParentRunner.run(ParentRunner.java:309)
	at org.junit.runner.JUnitCore.run(JUnitCore.java:160)
	at org.junit.runner.JUnitCore.run(JUnitCore.java:138)
	at org.junit.runner.JUnitCore.run(JUnitCore.java:117)
	at sbst.benchmark.coverage.TestExecutionTask.call(TestExecutionTask.java:54)
	at sbst.benchmark.coverage.TestExecutionTask.call(TestExecutionTask.java:15)
	at java.util.concurrent.FutureTask.run(FutureTask.java:266)
	at java.util.concurrent.ThreadPoolExecutor.runWorker(ThreadPoolExecutor.java:1149)
	at java.util.concurrent.ThreadPoolExecutor$Worker.run(ThreadPoolExecutor.java:624)
	at java.lang.Thread.run(Thread.java:750)
Caused by: java.lang.NullPointerException
	at org.ta4j.core.indicators.CachedIndicator.<init>(CachedIndicator.java:69)
	at org.ta4j.core.indicators.statistics.SimpleLinearRegressionIndicator.<init>(SimpleLinearRegressionIndicator.java:72)
	at org.ta4j.core.indicators.statistics.SimpleLinearRegressionIndicator.<init>(SimpleLinearRegressionIndicator.java:61)
	... 41 more

Failure: [test(org.ta4j.core.indicators.statistics.SimpleLinearRegressionIndicator_init_171661781): null]
Failing Tests: test(org.ta4j.core.indicators.statistics.SimpleLinearRegressionIndicator_init_171661781)
java.lang.reflect.InvocationTargetException
	at sun.reflect.NativeConstructorAccessorImpl.newInstance0(Native Method)
	at sun.reflect.NativeConstructorAccessorImpl.newInstance(NativeConstructorAccessorImpl.java:62)
	at sun.reflect.DelegatingConstructorAccessorImpl.newInstance(DelegatingConstructorAccessorImpl.java:45)
	at java.lang.reflect.Constructor.newInstance(Constructor.java:423)
	at org.ta4j.core.indicators.statistics.ReflectionUtils.callConstructor(ReflectionUtils.java:231)
	at org.ta4j.core.indicators.statistics.SimpleLinearRegressionIndicator_init_171661781.test(SimpleLinearRegressionIndicator_init_171661781.java:41)
	at sun.reflect.NativeMethodAccessorImpl.invoke0(Native Method)
	at sun.reflect.NativeMethodAccessorImpl.invoke(NativeMethodAccessorImpl.java:62)
	at sun.reflect.DelegatingMethodAccessorImpl.invoke(DelegatingMethodAccessorImpl.java:43)
	at java.lang.reflect.Method.invoke(Method.java:498)
	at org.junit.runners.model.FrameworkMethod$1.runReflectiveCall(FrameworkMethod.java:47)
	at org.junit.internal.runners.model.ReflectiveCallable.run(ReflectiveCallable.java:12)
	at org.junit.runners.model.FrameworkMethod.invokeExplosively(FrameworkMethod.java:44)
	at org.junit.internal.runners.statements.InvokeMethod.evaluate(InvokeMethod.java:17)
	at org.junit.internal.runners.statements.RunBefores.evaluate(RunBefores.java:26)
	at org.junit.runners.ParentRunner.runLeaf(ParentRunner.java:271)
	at org.junit.runners.BlockJUnit4ClassRunner.runChild(BlockJUnit4ClassRunner.java:70)
	at org.junit.runners.BlockJUnit4ClassRunner.runChild(BlockJUnit4ClassRunner.java:50)
	at org.junit.runners.ParentRunner$3.run(ParentRunner.java:238)
	at org.junit.runners.ParentRunner$1.schedule(ParentRunner.java:63)
	at org.junit.runners.ParentRunner.runChildren(ParentRunner.java:236)
	at org.junit.runners.ParentRunner.access$000(ParentRunner.java:53)
	at org.junit.runners.ParentRunner$2.evaluate(ParentRunner.java:229)
	at org.junit.runners.ParentRunner.run(ParentRunner.java:309)
	at org.junit.runners.Suite.runChild(Suite.java:127)
	at org.junit.runners.Suite.runChild(Suite.java:26)
	at org.junit.runners.ParentRunner$3.run(ParentRunner.java:238)
	at org.junit.runners.ParentRunner$1.schedule(ParentRunner.java:63)
	at org.junit.runners.ParentRunner.runChildren(ParentRunner.java:236)
	at org.junit.runners.ParentRunner.access$000(ParentRunner.java:53)
	at org.junit.runners.ParentRunner$2.evaluate(ParentRunner.java:229)
	at org.junit.runners.ParentRunner.run(ParentRunner.java:309)
	at org.junit.runner.JUnitCore.run(JUnitCore.java:160)
	at org.junit.runner.JUnitCore.run(JUnitCore.java:138)
	at org.junit.runner.JUnitCore.run(JUnitCore.java:117)
	at sbst.benchmark.coverage.TestExecutionTask.call(TestExecutionTask.java:54)
	at sbst.benchmark.coverage.TestExecutionTask.call(TestExecutionTask.java:15)
	at java.util.concurrent.FutureTask.run(FutureTask.java:266)
	at java.util.concurrent.ThreadPoolExecutor.runWorker(ThreadPoolExecutor.java:1149)
	at java.util.concurrent.ThreadPoolExecutor$Worker.run(ThreadPoolExecutor.java:624)
	at java.lang.Thread.run(Thread.java:750)
Caused by: java.lang.NullPointerException
	at org.ta4j.core.indicators.CachedIndicator.<init>(CachedIndicator.java:69)
	at org.ta4j.core.indicators.statistics.SimpleLinearRegressionIndicator.<init>(SimpleLinearRegressionIndicator.java:72)
	at org.ta4j.core.indicators.statistics.SimpleLinearRegressionIndicator.<init>(SimpleLinearRegressionIndicator.java:61)
	... 41 more

Failure: [test(org.ta4j.core.indicators.statistics.SimpleLinearRegressionIndicator_init_17956999510): null]
Failing Tests: test(org.ta4j.core.indicators.statistics.SimpleLinearRegressionIndicator_init_17956999510)
java.lang.reflect.InvocationTargetException
	at sun.reflect.NativeConstructorAccessorImpl.newInstance0(Native Method)
	at sun.reflect.NativeConstructorAccessorImpl.newInstance(NativeConstructorAccessorImpl.java:62)
	at sun.reflect.DelegatingConstructorAccessorImpl.newInstance(DelegatingConstructorAccessorImpl.java:45)
	at java.lang.reflect.Constructor.newInstance(Constructor.java:423)
	at org.ta4j.core.indicators.statistics.ReflectionUtils.callConstructor(ReflectionUtils.java:231)
	at org.ta4j.core.indicators.statistics.SimpleLinearRegressionIndicator_init_17956999510.test(SimpleLinearRegressionIndicator_init_17956999510.java:50)
	at sun.reflect.NativeMethodAccessorImpl.invoke0(Native Method)
	at sun.reflect.NativeMethodAccessorImpl.invoke(NativeMethodAccessorImpl.java:62)
	at sun.reflect.DelegatingMethodAccessorImpl.invoke(DelegatingMethodAccessorImpl.java:43)
	at java.lang.reflect.Method.invoke(Method.java:498)
	at org.junit.runners.model.FrameworkMethod$1.runReflectiveCall(FrameworkMethod.java:47)
	at org.junit.internal.runners.model.ReflectiveCallable.run(ReflectiveCallable.java:12)
	at org.junit.runners.model.FrameworkMethod.invokeExplosively(FrameworkMethod.java:44)
	at org.junit.internal.runners.statements.InvokeMethod.evaluate(InvokeMethod.java:17)
	at org.junit.internal.runners.statements.RunBefores.evaluate(RunBefores.java:26)
	at org.junit.runners.ParentRunner.runLeaf(ParentRunner.java:271)
	at org.junit.runners.BlockJUnit4ClassRunner.runChild(BlockJUnit4ClassRunner.java:70)
	at org.junit.runners.BlockJUnit4ClassRunner.runChild(BlockJUnit4ClassRunner.java:50)
	at org.junit.runners.ParentRunner$3.run(ParentRunner.java:238)
	at org.junit.runners.ParentRunner$1.schedule(ParentRunner.java:63)
	at org.junit.runners.ParentRunner.runChildren(ParentRunner.java:236)
	at org.junit.runners.ParentRunner.access$000(ParentRunner.java:53)
	at org.junit.runners.ParentRunner$2.evaluate(ParentRunner.java:229)
	at org.junit.runners.ParentRunner.run(ParentRunner.java:309)
	at org.junit.runners.Suite.runChild(Suite.java:127)
	at org.junit.runners.Suite.runChild(Suite.java:26)
	at org.junit.runners.ParentRunner$3.run(ParentRunner.java:238)
	at org.junit.runners.ParentRunner$1.schedule(ParentRunner.java:63)
	at org.junit.runners.ParentRunner.runChildren(ParentRunner.java:236)
	at org.junit.runners.ParentRunner.access$000(ParentRunner.java:53)
	at org.junit.runners.ParentRunner$2.evaluate(ParentRunner.java:229)
	at org.junit.runners.ParentRunner.run(ParentRunner.java:309)
	at org.junit.runner.JUnitCore.run(JUnitCore.java:160)
	at org.junit.runner.JUnitCore.run(JUnitCore.java:138)
	at org.junit.runner.JUnitCore.run(JUnitCore.java:117)
	at sbst.benchmark.coverage.TestExecutionTask.call(TestExecutionTask.java:54)
	at sbst.benchmark.coverage.TestExecutionTask.call(TestExecutionTask.java:15)
	at java.util.concurrent.FutureTask.run(FutureTask.java:266)
	at java.util.concurrent.ThreadPoolExecutor.runWorker(ThreadPoolExecutor.java:1149)
	at java.util.concurrent.ThreadPoolExecutor$Worker.run(ThreadPoolExecutor.java:624)
	at java.lang.Thread.run(Thread.java:750)
Caused by: java.lang.NullPointerException
	at org.ta4j.core.indicators.CachedIndicator.<init>(CachedIndicator.java:69)
	at org.ta4j.core.indicators.statistics.SimpleLinearRegressionIndicator.<init>(SimpleLinearRegressionIndicator.java:72)
	... 41 more

Failure: [test(org.ta4j.core.indicators.statistics.SimpleLinearRegressionIndicator_init_17956999511): null]
Failing Tests: test(org.ta4j.core.indicators.statistics.SimpleLinearRegressionIndicator_init_17956999511)
java.lang.reflect.InvocationTargetException
	at sun.reflect.NativeConstructorAccessorImpl.newInstance0(Native Method)
	at sun.reflect.NativeConstructorAccessorImpl.newInstance(NativeConstructorAccessorImpl.java:62)
	at sun.reflect.DelegatingConstructorAccessorImpl.newInstance(DelegatingConstructorAccessorImpl.java:45)
	at java.lang.reflect.Constructor.newInstance(Constructor.java:423)
	at org.ta4j.core.indicators.statistics.ReflectionUtils.callConstructor(ReflectionUtils.java:231)
	at org.ta4j.core.indicators.statistics.SimpleLinearRegressionIndicator_init_17956999511.test(SimpleLinearRegressionIndicator_init_17956999511.java:43)
	at sun.reflect.NativeMethodAccessorImpl.invoke0(Native Method)
	at sun.reflect.NativeMethodAccessorImpl.invoke(NativeMethodAccessorImpl.java:62)
	at sun.reflect.DelegatingMethodAccessorImpl.invoke(DelegatingMethodAccessorImpl.java:43)
	at java.lang.reflect.Method.invoke(Method.java:498)
	at org.junit.runners.model.FrameworkMethod$1.runReflectiveCall(FrameworkMethod.java:47)
	at org.junit.internal.runners.model.ReflectiveCallable.run(ReflectiveCallable.java:12)
	at org.junit.runners.model.FrameworkMethod.invokeExplosively(FrameworkMethod.java:44)
	at org.junit.internal.runners.statements.InvokeMethod.evaluate(InvokeMethod.java:17)
	at org.junit.internal.runners.statements.RunBefores.evaluate(RunBefores.java:26)
	at org.junit.runners.ParentRunner.runLeaf(ParentRunner.java:271)
	at org.junit.runners.BlockJUnit4ClassRunner.runChild(BlockJUnit4ClassRunner.java:70)
	at org.junit.runners.BlockJUnit4ClassRunner.runChild(BlockJUnit4ClassRunner.java:50)
	at org.junit.runners.ParentRunner$3.run(ParentRunner.java:238)
	at org.junit.runners.ParentRunner$1.schedule(ParentRunner.java:63)
	at org.junit.runners.ParentRunner.runChildren(ParentRunner.java:236)
	at org.junit.runners.ParentRunner.access$000(ParentRunner.java:53)
	at org.junit.runners.ParentRunner$2.evaluate(ParentRunner.java:229)
	at org.junit.runners.ParentRunner.run(ParentRunner.java:309)
	at org.junit.runners.Suite.runChild(Suite.java:127)
	at org.junit.runners.Suite.runChild(Suite.java:26)
	at org.junit.runners.ParentRunner$3.run(ParentRunner.java:238)
	at org.junit.runners.ParentRunner$1.schedule(ParentRunner.java:63)
	at org.junit.runners.ParentRunner.runChildren(ParentRunner.java:236)
	at org.junit.runners.ParentRunner.access$000(ParentRunner.java:53)
	at org.junit.runners.ParentRunner$2.evaluate(ParentRunner.java:229)
	at org.junit.runners.ParentRunner.run(ParentRunner.java:309)
	at org.junit.runner.JUnitCore.run(JUnitCore.java:160)
	at org.junit.runner.JUnitCore.run(JUnitCore.java:138)
	at org.junit.runner.JUnitCore.run(JUnitCore.java:117)
	at sbst.benchmark.coverage.TestExecutionTask.call(TestExecutionTask.java:54)
	at sbst.benchmark.coverage.TestExecutionTask.call(TestExecutionTask.java:15)
	at java.util.concurrent.FutureTask.run(FutureTask.java:266)
	at java.util.concurrent.ThreadPoolExecutor.runWorker(ThreadPoolExecutor.java:1149)
	at java.util.concurrent.ThreadPoolExecutor$Worker.run(ThreadPoolExecutor.java:624)
	at java.lang.Thread.run(Thread.java:750)
Caused by: java.lang.NullPointerException
	at org.ta4j.core.indicators.CachedIndicator.<init>(CachedIndicator.java:69)
	at org.ta4j.core.indicators.statistics.SimpleLinearRegressionIndicator.<init>(SimpleLinearRegressionIndicator.java:72)
	... 41 more


---The tests are re-executed other four times to find the flaky ones---
Running the tests: [SBSTDummyForCoverageAndMutationCalculation, org.ta4j.core.indicators.statistics.EqualityUtils, org.ta4j.core.indicators.statistics.ReflectionUtils, org.ta4j.core.indicators.statistics.SimpleLinearRegressionIndicator_calculateRegressionLine_3729467910, org.ta4j.core.indicators.statistics.SimpleLinearRegressionIndicator_calculateRegressionLine_3729467911, org.ta4j.core.indicators.statistics.SimpleLinearRegressionIndicator_calculate_20377686900, org.ta4j.core.indicators.statistics.SimpleLinearRegressionIndicator_calculate_20377686901, org.ta4j.core.indicators.statistics.SimpleLinearRegressionIndicator_init_171661780, org.ta4j.core.indicators.statistics.SimpleLinearRegressionIndicator_init_171661781, org.ta4j.core.indicators.statistics.SimpleLinearRegressionIndicator_init_17956999510, org.ta4j.core.indicators.statistics.SimpleLinearRegressionIndicator_init_17956999511]
Executions terminated
Running the tests: [SBSTDummyForCoverageAndMutationCalculation, org.ta4j.core.indicators.statistics.EqualityUtils, org.ta4j.core.indicators.statistics.ReflectionUtils, org.ta4j.core.indicators.statistics.SimpleLinearRegressionIndicator_calculateRegressionLine_3729467910, org.ta4j.core.indicators.statistics.SimpleLinearRegressionIndicator_calculateRegressionLine_3729467911, org.ta4j.core.indicators.statistics.SimpleLinearRegressionIndicator_calculate_20377686900, org.ta4j.core.indicators.statistics.SimpleLinearRegressionIndicator_calculate_20377686901, org.ta4j.core.indicators.statistics.SimpleLinearRegressionIndicator_init_171661780, org.ta4j.core.indicators.statistics.SimpleLinearRegressionIndicator_init_171661781, org.ta4j.core.indicators.statistics.SimpleLinearRegressionIndicator_init_17956999510, org.ta4j.core.indicators.statistics.SimpleLinearRegressionIndicator_init_17956999511]
Failure: [initializationError(org.ta4j.core.indicators.statistics.EqualityUtils): No runnable methods]
Failing Tests: initializationError(org.ta4j.core.indicators.statistics.EqualityUtils)
java.lang.Exception: No runnable methods
	at org.junit.runners.BlockJUnit4ClassRunner.validateInstanceMethods(BlockJUnit4ClassRunner.java:169)
	at org.junit.runners.BlockJUnit4ClassRunner.collectInitializationErrors(BlockJUnit4ClassRunner.java:104)
	at org.junit.runners.ParentRunner.validate(ParentRunner.java:355)
	at org.junit.runners.ParentRunner.<init>(ParentRunner.java:76)
	at org.junit.runners.BlockJUnit4ClassRunner.<init>(BlockJUnit4ClassRunner.java:57)
	at org.junit.internal.builders.JUnit4Builder.runnerForClass(JUnit4Builder.java:10)
	at org.junit.runners.model.RunnerBuilder.safeRunnerForClass(RunnerBuilder.java:59)
	at org.junit.internal.builders.AllDefaultPossibilitiesBuilder.runnerForClass(AllDefaultPossibilitiesBuilder.java:26)
	at org.junit.runner.Computer.getRunner(Computer.java:40)
	at org.junit.runner.Computer$1.runnerForClass(Computer.java:31)
	at org.junit.runners.model.RunnerBuilder.safeRunnerForClass(RunnerBuilder.java:59)
	at org.junit.runners.model.RunnerBuilder.runners(RunnerBuilder.java:101)
	at org.junit.runners.model.RunnerBuilder.runners(RunnerBuilder.java:87)
	at org.junit.runners.Suite.<init>(Suite.java:80)
	at org.junit.runner.Computer.getSuite(Computer.java:28)
	at org.junit.runner.Request.classes(Request.java:75)
	at org.junit.runner.JUnitCore.run(JUnitCore.java:117)
	at sbst.benchmark.coverage.TestExecutionTask.call(TestExecutionTask.java:54)
	at sbst.benchmark.coverage.TestExecutionTask.call(TestExecutionTask.java:15)
	at java.util.concurrent.FutureTask.run(FutureTask.java:266)
	at java.util.concurrent.ThreadPoolExecutor.runWorker(ThreadPoolExecutor.java:1149)
	at java.util.concurrent.ThreadPoolExecutor$Worker.run(ThreadPoolExecutor.java:624)
	at java.lang.Thread.run(Thread.java:750)

Failure: [initializationError(org.ta4j.core.indicators.statistics.ReflectionUtils): No runnable methods]
Failing Tests: initializationError(org.ta4j.core.indicators.statistics.ReflectionUtils)
java.lang.Exception: No runnable methods
	at org.junit.runners.BlockJUnit4ClassRunner.validateInstanceMethods(BlockJUnit4ClassRunner.java:169)
	at org.junit.runners.BlockJUnit4ClassRunner.collectInitializationErrors(BlockJUnit4ClassRunner.java:104)
	at org.junit.runners.ParentRunner.validate(ParentRunner.java:355)
	at org.junit.runners.ParentRunner.<init>(ParentRunner.java:76)
	at org.junit.runners.BlockJUnit4ClassRunner.<init>(BlockJUnit4ClassRunner.java:57)
	at org.junit.internal.builders.JUnit4Builder.runnerForClass(JUnit4Builder.java:10)
	at org.junit.runners.model.RunnerBuilder.safeRunnerForClass(RunnerBuilder.java:59)
	at org.junit.internal.builders.AllDefaultPossibilitiesBuilder.runnerForClass(AllDefaultPossibilitiesBuilder.java:26)
	at org.junit.runner.Computer.getRunner(Computer.java:40)
	at org.junit.runner.Computer$1.runnerForClass(Computer.java:31)
	at org.junit.runners.model.RunnerBuilder.safeRunnerForClass(RunnerBuilder.java:59)
	at org.junit.runners.model.RunnerBuilder.runners(RunnerBuilder.java:101)
	at org.junit.runners.model.RunnerBuilder.runners(RunnerBuilder.java:87)
	at org.junit.runners.Suite.<init>(Suite.java:80)
	at org.junit.runner.Computer.getSuite(Computer.java:28)
	at org.junit.runner.Request.classes(Request.java:75)
	at org.junit.runner.JUnitCore.run(JUnitCore.java:117)
	at sbst.benchmark.coverage.TestExecutionTask.call(TestExecutionTask.java:54)
	at sbst.benchmark.coverage.TestExecutionTask.call(TestExecutionTask.java:15)
	at java.util.concurrent.FutureTask.run(FutureTask.java:266)
	at java.util.concurrent.ThreadPoolExecutor.runWorker(ThreadPoolExecutor.java:1149)
	at java.util.concurrent.ThreadPoolExecutor$Worker.run(ThreadPoolExecutor.java:624)
	at java.lang.Thread.run(Thread.java:750)

Failure: [test(org.ta4j.core.indicators.statistics.SimpleLinearRegressionIndicator_calculateRegressionLine_3729467910): null]
Failing Tests: test(org.ta4j.core.indicators.statistics.SimpleLinearRegressionIndicator_calculateRegressionLine_3729467910)
java.lang.NullPointerException
	at org.ta4j.core.indicators.AbstractIndicator.numOf(AbstractIndicator.java:65)
	at org.ta4j.core.indicators.statistics.SimpleLinearRegressionIndicator.calculateRegressionLine(SimpleLinearRegressionIndicator.java:106)
	at sun.reflect.NativeMethodAccessorImpl.invoke0(Native Method)
	at sun.reflect.NativeMethodAccessorImpl.invoke(NativeMethodAccessorImpl.java:62)
	at sun.reflect.DelegatingMethodAccessorImpl.invoke(DelegatingMethodAccessorImpl.java:43)
	at java.lang.reflect.Method.invoke(Method.java:498)
	at org.ta4j.core.indicators.statistics.ReflectionUtils.callMethod(ReflectionUtils.java:238)
	at org.ta4j.core.indicators.statistics.SimpleLinearRegressionIndicator_calculateRegressionLine_3729467910.test(SimpleLinearRegressionIndicator_calculateRegressionLine_3729467910.java:66)
	at sun.reflect.NativeMethodAccessorImpl.invoke0(Native Method)
	at sun.reflect.NativeMethodAccessorImpl.invoke(NativeMethodAccessorImpl.java:62)
	at sun.reflect.DelegatingMethodAccessorImpl.invoke(DelegatingMethodAccessorImpl.java:43)
	at java.lang.reflect.Method.invoke(Method.java:498)
	at org.junit.runners.model.FrameworkMethod$1.runReflectiveCall(FrameworkMethod.java:47)
	at org.junit.internal.runners.model.ReflectiveCallable.run(ReflectiveCallable.java:12)
	at org.junit.runners.model.FrameworkMethod.invokeExplosively(FrameworkMethod.java:44)
	at org.junit.internal.runners.statements.InvokeMethod.evaluate(InvokeMethod.java:17)
	at org.junit.internal.runners.statements.RunBefores.evaluate(RunBefores.java:26)
	at org.junit.runners.ParentRunner.runLeaf(ParentRunner.java:271)
	at org.junit.runners.BlockJUnit4ClassRunner.runChild(BlockJUnit4ClassRunner.java:70)
	at org.junit.runners.BlockJUnit4ClassRunner.runChild(BlockJUnit4ClassRunner.java:50)
	at org.junit.runners.ParentRunner$3.run(ParentRunner.java:238)
	at org.junit.runners.ParentRunner$1.schedule(ParentRunner.java:63)
	at org.junit.runners.ParentRunner.runChildren(ParentRunner.java:236)
	at org.junit.runners.ParentRunner.access$000(ParentRunner.java:53)
	at org.junit.runners.ParentRunner$2.evaluate(ParentRunner.java:229)
	at org.junit.runners.ParentRunner.run(ParentRunner.java:309)
	at org.junit.runners.Suite.runChild(Suite.java:127)
	at org.junit.runners.Suite.runChild(Suite.java:26)
	at org.junit.runners.ParentRunner$3.run(ParentRunner.java:238)
	at org.junit.runners.ParentRunner$1.schedule(ParentRunner.java:63)
	at org.junit.runners.ParentRunner.runChildren(ParentRunner.java:236)
	at org.junit.runners.ParentRunner.access$000(ParentRunner.java:53)
	at org.junit.runners.ParentRunner$2.evaluate(ParentRunner.java:229)
	at org.junit.runners.ParentRunner.run(ParentRunner.java:309)
	at org.junit.runner.JUnitCore.run(JUnitCore.java:160)
	at org.junit.runner.JUnitCore.run(JUnitCore.java:138)
	at org.junit.runner.JUnitCore.run(JUnitCore.java:117)
	at sbst.benchmark.coverage.TestExecutionTask.call(TestExecutionTask.java:54)
	at sbst.benchmark.coverage.TestExecutionTask.call(TestExecutionTask.java:15)
	at java.util.concurrent.FutureTask.run(FutureTask.java:266)
	at java.util.concurrent.ThreadPoolExecutor.runWorker(ThreadPoolExecutor.java:1149)
	at java.util.concurrent.ThreadPoolExecutor$Worker.run(ThreadPoolExecutor.java:624)
	at java.lang.Thread.run(Thread.java:750)

Failure: [test(org.ta4j.core.indicators.statistics.SimpleLinearRegressionIndicator_calculateRegressionLine_3729467911): null]
Failing Tests: test(org.ta4j.core.indicators.statistics.SimpleLinearRegressionIndicator_calculateRegressionLine_3729467911)
java.lang.NullPointerException
	at org.ta4j.core.indicators.AbstractIndicator.numOf(AbstractIndicator.java:65)
	at org.ta4j.core.indicators.statistics.SimpleLinearRegressionIndicator.calculateRegressionLine(SimpleLinearRegressionIndicator.java:106)
	at sun.reflect.NativeMethodAccessorImpl.invoke0(Native Method)
	at sun.reflect.NativeMethodAccessorImpl.invoke(NativeMethodAccessorImpl.java:62)
	at sun.reflect.DelegatingMethodAccessorImpl.invoke(DelegatingMethodAccessorImpl.java:43)
	at java.lang.reflect.Method.invoke(Method.java:498)
	at org.ta4j.core.indicators.statistics.ReflectionUtils.callMethod(ReflectionUtils.java:238)
	at org.ta4j.core.indicators.statistics.SimpleLinearRegressionIndicator_calculateRegressionLine_3729467911.test(SimpleLinearRegressionIndicator_calculateRegressionLine_3729467911.java:55)
	at sun.reflect.NativeMethodAccessorImpl.invoke0(Native Method)
	at sun.reflect.NativeMethodAccessorImpl.invoke(NativeMethodAccessorImpl.java:62)
	at sun.reflect.DelegatingMethodAccessorImpl.invoke(DelegatingMethodAccessorImpl.java:43)
	at java.lang.reflect.Method.invoke(Method.java:498)
	at org.junit.runners.model.FrameworkMethod$1.runReflectiveCall(FrameworkMethod.java:47)
	at org.junit.internal.runners.model.ReflectiveCallable.run(ReflectiveCallable.java:12)
	at org.junit.runners.model.FrameworkMethod.invokeExplosively(FrameworkMethod.java:44)
	at org.junit.internal.runners.statements.InvokeMethod.evaluate(InvokeMethod.java:17)
	at org.junit.internal.runners.statements.RunBefores.evaluate(RunBefores.java:26)
	at org.junit.runners.ParentRunner.runLeaf(ParentRunner.java:271)
	at org.junit.runners.BlockJUnit4ClassRunner.runChild(BlockJUnit4ClassRunner.java:70)
	at org.junit.runners.BlockJUnit4ClassRunner.runChild(BlockJUnit4ClassRunner.java:50)
	at org.junit.runners.ParentRunner$3.run(ParentRunner.java:238)
	at org.junit.runners.ParentRunner$1.schedule(ParentRunner.java:63)
	at org.junit.runners.ParentRunner.runChildren(ParentRunner.java:236)
	at org.junit.runners.ParentRunner.access$000(ParentRunner.java:53)
	at org.junit.runners.ParentRunner$2.evaluate(ParentRunner.java:229)
	at org.junit.runners.ParentRunner.run(ParentRunner.java:309)
	at org.junit.runners.Suite.runChild(Suite.java:127)
	at org.junit.runners.Suite.runChild(Suite.java:26)
	at org.junit.runners.ParentRunner$3.run(ParentRunner.java:238)
	at org.junit.runners.ParentRunner$1.schedule(ParentRunner.java:63)
	at org.junit.runners.ParentRunner.runChildren(ParentRunner.java:236)
	at org.junit.runners.ParentRunner.access$000(ParentRunner.java:53)
	at org.junit.runners.ParentRunner$2.evaluate(ParentRunner.java:229)
	at org.junit.runners.ParentRunner.run(ParentRunner.java:309)
	at org.junit.runner.JUnitCore.run(JUnitCore.java:160)
	at org.junit.runner.JUnitCore.run(JUnitCore.java:138)
	at org.junit.runner.JUnitCore.run(JUnitCore.java:117)
	at sbst.benchmark.coverage.TestExecutionTask.call(TestExecutionTask.java:54)
	at sbst.benchmark.coverage.TestExecutionTask.call(TestExecutionTask.java:15)
	at java.util.concurrent.FutureTask.run(FutureTask.java:266)
	at java.util.concurrent.ThreadPoolExecutor.runWorker(ThreadPoolExecutor.java:1149)
	at java.util.concurrent.ThreadPoolExecutor$Worker.run(ThreadPoolExecutor.java:624)
	at java.lang.Thread.run(Thread.java:750)

Failure: [test(org.ta4j.core.indicators.statistics.SimpleLinearRegressionIndicator_calculate_20377686900): null]
Failing Tests: test(org.ta4j.core.indicators.statistics.SimpleLinearRegressionIndicator_calculate_20377686900)
java.lang.NullPointerException
	at org.ta4j.core.indicators.AbstractIndicator.numOf(AbstractIndicator.java:65)
	at org.ta4j.core.indicators.statistics.SimpleLinearRegressionIndicator.calculateRegressionLine(SimpleLinearRegressionIndicator.java:106)
	at org.ta4j.core.indicators.statistics.SimpleLinearRegressionIndicator.calculate(SimpleLinearRegressionIndicator.java:85)
	at sun.reflect.NativeMethodAccessorImpl.invoke0(Native Method)
	at sun.reflect.NativeMethodAccessorImpl.invoke(NativeMethodAccessorImpl.java:62)
	at sun.reflect.DelegatingMethodAccessorImpl.invoke(DelegatingMethodAccessorImpl.java:43)
	at java.lang.reflect.Method.invoke(Method.java:498)
	at org.ta4j.core.indicators.statistics.ReflectionUtils.callMethod(ReflectionUtils.java:238)
	at org.ta4j.core.indicators.statistics.SimpleLinearRegressionIndicator_calculate_20377686900.test(SimpleLinearRegressionIndicator_calculate_20377686900.java:61)
	at sun.reflect.NativeMethodAccessorImpl.invoke0(Native Method)
	at sun.reflect.NativeMethodAccessorImpl.invoke(NativeMethodAccessorImpl.java:62)
	at sun.reflect.DelegatingMethodAccessorImpl.invoke(DelegatingMethodAccessorImpl.java:43)
	at java.lang.reflect.Method.invoke(Method.java:498)
	at org.junit.runners.model.FrameworkMethod$1.runReflectiveCall(FrameworkMethod.java:47)
	at org.junit.internal.runners.model.ReflectiveCallable.run(ReflectiveCallable.java:12)
	at org.junit.runners.model.FrameworkMethod.invokeExplosively(FrameworkMethod.java:44)
	at org.junit.internal.runners.statements.InvokeMethod.evaluate(InvokeMethod.java:17)
	at org.junit.internal.runners.statements.RunBefores.evaluate(RunBefores.java:26)
	at org.junit.runners.ParentRunner.runLeaf(ParentRunner.java:271)
	at org.junit.runners.BlockJUnit4ClassRunner.runChild(BlockJUnit4ClassRunner.java:70)
	at org.junit.runners.BlockJUnit4ClassRunner.runChild(BlockJUnit4ClassRunner.java:50)
	at org.junit.runners.ParentRunner$3.run(ParentRunner.java:238)
	at org.junit.runners.ParentRunner$1.schedule(ParentRunner.java:63)
	at org.junit.runners.ParentRunner.runChildren(ParentRunner.java:236)
	at org.junit.runners.ParentRunner.access$000(ParentRunner.java:53)
	at org.junit.runners.ParentRunner$2.evaluate(ParentRunner.java:229)
	at org.junit.runners.ParentRunner.run(ParentRunner.java:309)
	at org.junit.runners.Suite.runChild(Suite.java:127)
	at org.junit.runners.Suite.runChild(Suite.java:26)
	at org.junit.runners.ParentRunner$3.run(ParentRunner.java:238)
	at org.junit.runners.ParentRunner$1.schedule(ParentRunner.java:63)
	at org.junit.runners.ParentRunner.runChildren(ParentRunner.java:236)
	at org.junit.runners.ParentRunner.access$000(ParentRunner.java:53)
	at org.junit.runners.ParentRunner$2.evaluate(ParentRunner.java:229)
	at org.junit.runners.ParentRunner.run(ParentRunner.java:309)
	at org.junit.runner.JUnitCore.run(JUnitCore.java:160)
	at org.junit.runner.JUnitCore.run(JUnitCore.java:138)
	at org.junit.runner.JUnitCore.run(JUnitCore.java:117)
	at sbst.benchmark.coverage.TestExecutionTask.call(TestExecutionTask.java:54)
	at sbst.benchmark.coverage.TestExecutionTask.call(TestExecutionTask.java:15)
	at java.util.concurrent.FutureTask.run(FutureTask.java:266)
	at java.util.concurrent.ThreadPoolExecutor.runWorker(ThreadPoolExecutor.java:1149)
	at java.util.concurrent.ThreadPoolExecutor$Worker.run(ThreadPoolExecutor.java:624)
	at java.lang.Thread.run(Thread.java:750)

Failure: [test(org.ta4j.core.indicators.statistics.SimpleLinearRegressionIndicator_init_171661780): null]
Failing Tests: test(org.ta4j.core.indicators.statistics.SimpleLinearRegressionIndicator_init_171661780)
java.lang.reflect.InvocationTargetException
	at sun.reflect.NativeConstructorAccessorImpl.newInstance0(Native Method)
	at sun.reflect.NativeConstructorAccessorImpl.newInstance(NativeConstructorAccessorImpl.java:62)
	at sun.reflect.DelegatingConstructorAccessorImpl.newInstance(DelegatingConstructorAccessorImpl.java:45)
	at java.lang.reflect.Constructor.newInstance(Constructor.java:423)
	at org.ta4j.core.indicators.statistics.ReflectionUtils.callConstructor(ReflectionUtils.java:231)
	at org.ta4j.core.indicators.statistics.SimpleLinearRegressionIndicator_init_171661780.test(SimpleLinearRegressionIndicator_init_171661780.java:41)
	at sun.reflect.NativeMethodAccessorImpl.invoke0(Native Method)
	at sun.reflect.NativeMethodAccessorImpl.invoke(NativeMethodAccessorImpl.java:62)
	at sun.reflect.DelegatingMethodAccessorImpl.invoke(DelegatingMethodAccessorImpl.java:43)
	at java.lang.reflect.Method.invoke(Method.java:498)
	at org.junit.runners.model.FrameworkMethod$1.runReflectiveCall(FrameworkMethod.java:47)
	at org.junit.internal.runners.model.ReflectiveCallable.run(ReflectiveCallable.java:12)
	at org.junit.runners.model.FrameworkMethod.invokeExplosively(FrameworkMethod.java:44)
	at org.junit.internal.runners.statements.InvokeMethod.evaluate(InvokeMethod.java:17)
	at org.junit.internal.runners.statements.RunBefores.evaluate(RunBefores.java:26)
	at org.junit.runners.ParentRunner.runLeaf(ParentRunner.java:271)
	at org.junit.runners.BlockJUnit4ClassRunner.runChild(BlockJUnit4ClassRunner.java:70)
	at org.junit.runners.BlockJUnit4ClassRunner.runChild(BlockJUnit4ClassRunner.java:50)
	at org.junit.runners.ParentRunner$3.run(ParentRunner.java:238)
	at org.junit.runners.ParentRunner$1.schedule(ParentRunner.java:63)
	at org.junit.runners.ParentRunner.runChildren(ParentRunner.java:236)
	at org.junit.runners.ParentRunner.access$000(ParentRunner.java:53)
	at org.junit.runners.ParentRunner$2.evaluate(ParentRunner.java:229)
	at org.junit.runners.ParentRunner.run(ParentRunner.java:309)
	at org.junit.runners.Suite.runChild(Suite.java:127)
	at org.junit.runners.Suite.runChild(Suite.java:26)
	at org.junit.runners.ParentRunner$3.run(ParentRunner.java:238)
	at org.junit.runners.ParentRunner$1.schedule(ParentRunner.java:63)
	at org.junit.runners.ParentRunner.runChildren(ParentRunner.java:236)
	at org.junit.runners.ParentRunner.access$000(ParentRunner.java:53)
	at org.junit.runners.ParentRunner$2.evaluate(ParentRunner.java:229)
	at org.junit.runners.ParentRunner.run(ParentRunner.java:309)
	at org.junit.runner.JUnitCore.run(JUnitCore.java:160)
	at org.junit.runner.JUnitCore.run(JUnitCore.java:138)
	at org.junit.runner.JUnitCore.run(JUnitCore.java:117)
	at sbst.benchmark.coverage.TestExecutionTask.call(TestExecutionTask.java:54)
	at sbst.benchmark.coverage.TestExecutionTask.call(TestExecutionTask.java:15)
	at java.util.concurrent.FutureTask.run(FutureTask.java:266)
	at java.util.concurrent.ThreadPoolExecutor.runWorker(ThreadPoolExecutor.java:1149)
	at java.util.concurrent.ThreadPoolExecutor$Worker.run(ThreadPoolExecutor.java:624)
	at java.lang.Thread.run(Thread.java:750)
Caused by: java.lang.NullPointerException
	at org.ta4j.core.indicators.CachedIndicator.<init>(CachedIndicator.java:69)
	at org.ta4j.core.indicators.statistics.SimpleLinearRegressionIndicator.<init>(SimpleLinearRegressionIndicator.java:72)
	at org.ta4j.core.indicators.statistics.SimpleLinearRegressionIndicator.<init>(SimpleLinearRegressionIndicator.java:61)
	... 41 more

Failure: [test(org.ta4j.core.indicators.statistics.SimpleLinearRegressionIndicator_init_171661781): null]
Failing Tests: test(org.ta4j.core.indicators.statistics.SimpleLinearRegressionIndicator_init_171661781)
java.lang.reflect.InvocationTargetException
	at sun.reflect.NativeConstructorAccessorImpl.newInstance0(Native Method)
	at sun.reflect.NativeConstructorAccessorImpl.newInstance(NativeConstructorAccessorImpl.java:62)
	at sun.reflect.DelegatingConstructorAccessorImpl.newInstance(DelegatingConstructorAccessorImpl.java:45)
	at java.lang.reflect.Constructor.newInstance(Constructor.java:423)
	at org.ta4j.core.indicators.statistics.ReflectionUtils.callConstructor(ReflectionUtils.java:231)
	at org.ta4j.core.indicators.statistics.SimpleLinearRegressionIndicator_init_171661781.test(SimpleLinearRegressionIndicator_init_171661781.java:41)
	at sun.reflect.NativeMethodAccessorImpl.invoke0(Native Method)
	at sun.reflect.NativeMethodAccessorImpl.invoke(NativeMethodAccessorImpl.java:62)
	at sun.reflect.DelegatingMethodAccessorImpl.invoke(DelegatingMethodAccessorImpl.java:43)
	at java.lang.reflect.Method.invoke(Method.java:498)
	at org.junit.runners.model.FrameworkMethod$1.runReflectiveCall(FrameworkMethod.java:47)
	at org.junit.internal.runners.model.ReflectiveCallable.run(ReflectiveCallable.java:12)
	at org.junit.runners.model.FrameworkMethod.invokeExplosively(FrameworkMethod.java:44)
	at org.junit.internal.runners.statements.InvokeMethod.evaluate(InvokeMethod.java:17)
	at org.junit.internal.runners.statements.RunBefores.evaluate(RunBefores.java:26)
	at org.junit.runners.ParentRunner.runLeaf(ParentRunner.java:271)
	at org.junit.runners.BlockJUnit4ClassRunner.runChild(BlockJUnit4ClassRunner.java:70)
	at org.junit.runners.BlockJUnit4ClassRunner.runChild(BlockJUnit4ClassRunner.java:50)
	at org.junit.runners.ParentRunner$3.run(ParentRunner.java:238)
	at org.junit.runners.ParentRunner$1.schedule(ParentRunner.java:63)
	at org.junit.runners.ParentRunner.runChildren(ParentRunner.java:236)
	at org.junit.runners.ParentRunner.access$000(ParentRunner.java:53)
	at org.junit.runners.ParentRunner$2.evaluate(ParentRunner.java:229)
	at org.junit.runners.ParentRunner.run(ParentRunner.java:309)
	at org.junit.runners.Suite.runChild(Suite.java:127)
	at org.junit.runners.Suite.runChild(Suite.java:26)
	at org.junit.runners.ParentRunner$3.run(ParentRunner.java:238)
	at org.junit.runners.ParentRunner$1.schedule(ParentRunner.java:63)
	at org.junit.runners.ParentRunner.runChildren(ParentRunner.java:236)
	at org.junit.runners.ParentRunner.access$000(ParentRunner.java:53)
	at org.junit.runners.ParentRunner$2.evaluate(ParentRunner.java:229)
	at org.junit.runners.ParentRunner.run(ParentRunner.java:309)
	at org.junit.runner.JUnitCore.run(JUnitCore.java:160)
	at org.junit.runner.JUnitCore.run(JUnitCore.java:138)
	at org.junit.runner.JUnitCore.run(JUnitCore.java:117)
	at sbst.benchmark.coverage.TestExecutionTask.call(TestExecutionTask.java:54)
	at sbst.benchmark.coverage.TestExecutionTask.call(TestExecutionTask.java:15)
	at java.util.concurrent.FutureTask.run(FutureTask.java:266)
	at java.util.concurrent.ThreadPoolExecutor.runWorker(ThreadPoolExecutor.java:1149)
	at java.util.concurrent.ThreadPoolExecutor$Worker.run(ThreadPoolExecutor.java:624)
	at java.lang.Thread.run(Thread.java:750)
Caused by: java.lang.NullPointerException
	at org.ta4j.core.indicators.CachedIndicator.<init>(CachedIndicator.java:69)
	at org.ta4j.core.indicators.statistics.SimpleLinearRegressionIndicator.<init>(SimpleLinearRegressionIndicator.java:72)
	at org.ta4j.core.indicators.statistics.SimpleLinearRegressionIndicator.<init>(SimpleLinearRegressionIndicator.java:61)
	... 41 more

Failure: [test(org.ta4j.core.indicators.statistics.SimpleLinearRegressionIndicator_init_17956999510): null]
Failing Tests: test(org.ta4j.core.indicators.statistics.SimpleLinearRegressionIndicator_init_17956999510)
java.lang.reflect.InvocationTargetException
	at sun.reflect.NativeConstructorAccessorImpl.newInstance0(Native Method)
	at sun.reflect.NativeConstructorAccessorImpl.newInstance(NativeConstructorAccessorImpl.java:62)
	at sun.reflect.DelegatingConstructorAccessorImpl.newInstance(DelegatingConstructorAccessorImpl.java:45)
	at java.lang.reflect.Constructor.newInstance(Constructor.java:423)
	at org.ta4j.core.indicators.statistics.ReflectionUtils.callConstructor(ReflectionUtils.java:231)
	at org.ta4j.core.indicators.statistics.SimpleLinearRegressionIndicator_init_17956999510.test(SimpleLinearRegressionIndicator_init_17956999510.java:50)
	at sun.reflect.NativeMethodAccessorImpl.invoke0(Native Method)
	at sun.reflect.NativeMethodAccessorImpl.invoke(NativeMethodAccessorImpl.java:62)
	at sun.reflect.DelegatingMethodAccessorImpl.invoke(DelegatingMethodAccessorImpl.java:43)
	at java.lang.reflect.Method.invoke(Method.java:498)
	at org.junit.runners.model.FrameworkMethod$1.runReflectiveCall(FrameworkMethod.java:47)
	at org.junit.internal.runners.model.ReflectiveCallable.run(ReflectiveCallable.java:12)
	at org.junit.runners.model.FrameworkMethod.invokeExplosively(FrameworkMethod.java:44)
	at org.junit.internal.runners.statements.InvokeMethod.evaluate(InvokeMethod.java:17)
	at org.junit.internal.runners.statements.RunBefores.evaluate(RunBefores.java:26)
	at org.junit.runners.ParentRunner.runLeaf(ParentRunner.java:271)
	at org.junit.runners.BlockJUnit4ClassRunner.runChild(BlockJUnit4ClassRunner.java:70)
	at org.junit.runners.BlockJUnit4ClassRunner.runChild(BlockJUnit4ClassRunner.java:50)
	at org.junit.runners.ParentRunner$3.run(ParentRunner.java:238)
	at org.junit.runners.ParentRunner$1.schedule(ParentRunner.java:63)
	at org.junit.runners.ParentRunner.runChildren(ParentRunner.java:236)
	at org.junit.runners.ParentRunner.access$000(ParentRunner.java:53)
	at org.junit.runners.ParentRunner$2.evaluate(ParentRunner.java:229)
	at org.junit.runners.ParentRunner.run(ParentRunner.java:309)
	at org.junit.runners.Suite.runChild(Suite.java:127)
	at org.junit.runners.Suite.runChild(Suite.java:26)
	at org.junit.runners.ParentRunner$3.run(ParentRunner.java:238)
	at org.junit.runners.ParentRunner$1.schedule(ParentRunner.java:63)
	at org.junit.runners.ParentRunner.runChildren(ParentRunner.java:236)
	at org.junit.runners.ParentRunner.access$000(ParentRunner.java:53)
	at org.junit.runners.ParentRunner$2.evaluate(ParentRunner.java:229)
	at org.junit.runners.ParentRunner.run(ParentRunner.java:309)
	at org.junit.runner.JUnitCore.run(JUnitCore.java:160)
	at org.junit.runner.JUnitCore.run(JUnitCore.java:138)
	at org.junit.runner.JUnitCore.run(JUnitCore.java:117)
	at sbst.benchmark.coverage.TestExecutionTask.call(TestExecutionTask.java:54)
	at sbst.benchmark.coverage.TestExecutionTask.call(TestExecutionTask.java:15)
	at java.util.concurrent.FutureTask.run(FutureTask.java:266)
	at java.util.concurrent.ThreadPoolExecutor.runWorker(ThreadPoolExecutor.java:1149)
	at java.util.concurrent.ThreadPoolExecutor$Worker.run(ThreadPoolExecutor.java:624)
	at java.lang.Thread.run(Thread.java:750)
Caused by: java.lang.NullPointerException
	at org.ta4j.core.indicators.CachedIndicator.<init>(CachedIndicator.java:69)
	at org.ta4j.core.indicators.statistics.SimpleLinearRegressionIndicator.<init>(SimpleLinearRegressionIndicator.java:72)
	... 41 more

Failure: [test(org.ta4j.core.indicators.statistics.SimpleLinearRegressionIndicator_init_17956999511): null]
Failing Tests: test(org.ta4j.core.indicators.statistics.SimpleLinearRegressionIndicator_init_17956999511)
java.lang.reflect.InvocationTargetException
	at sun.reflect.NativeConstructorAccessorImpl.newInstance0(Native Method)
	at sun.reflect.NativeConstructorAccessorImpl.newInstance(NativeConstructorAccessorImpl.java:62)
	at sun.reflect.DelegatingConstructorAccessorImpl.newInstance(DelegatingConstructorAccessorImpl.java:45)
	at java.lang.reflect.Constructor.newInstance(Constructor.java:423)
	at org.ta4j.core.indicators.statistics.ReflectionUtils.callConstructor(ReflectionUtils.java:231)
	at org.ta4j.core.indicators.statistics.SimpleLinearRegressionIndicator_init_17956999511.test(SimpleLinearRegressionIndicator_init_17956999511.java:43)
	at sun.reflect.NativeMethodAccessorImpl.invoke0(Native Method)
	at sun.reflect.NativeMethodAccessorImpl.invoke(NativeMethodAccessorImpl.java:62)
	at sun.reflect.DelegatingMethodAccessorImpl.invoke(DelegatingMethodAccessorImpl.java:43)
	at java.lang.reflect.Method.invoke(Method.java:498)
	at org.junit.runners.model.FrameworkMethod$1.runReflectiveCall(FrameworkMethod.java:47)
	at org.junit.internal.runners.model.ReflectiveCallable.run(ReflectiveCallable.java:12)
	at org.junit.runners.model.FrameworkMethod.invokeExplosively(FrameworkMethod.java:44)
	at org.junit.internal.runners.statements.InvokeMethod.evaluate(InvokeMethod.java:17)
	at org.junit.internal.runners.statements.RunBefores.evaluate(RunBefores.java:26)
	at org.junit.runners.ParentRunner.runLeaf(ParentRunner.java:271)
	at org.junit.runners.BlockJUnit4ClassRunner.runChild(BlockJUnit4ClassRunner.java:70)
	at org.junit.runners.BlockJUnit4ClassRunner.runChild(BlockJUnit4ClassRunner.java:50)
	at org.junit.runners.ParentRunner$3.run(ParentRunner.java:238)
	at org.junit.runners.ParentRunner$1.schedule(ParentRunner.java:63)
	at org.junit.runners.ParentRunner.runChildren(ParentRunner.java:236)
	at org.junit.runners.ParentRunner.access$000(ParentRunner.java:53)
	at org.junit.runners.ParentRunner$2.evaluate(ParentRunner.java:229)
	at org.junit.runners.ParentRunner.run(ParentRunner.java:309)
	at org.junit.runners.Suite.runChild(Suite.java:127)
	at org.junit.runners.Suite.runChild(Suite.java:26)
	at org.junit.runners.ParentRunner$3.run(ParentRunner.java:238)
	at org.junit.runners.ParentRunner$1.schedule(ParentRunner.java:63)
	at org.junit.runners.ParentRunner.runChildren(ParentRunner.java:236)
	at org.junit.runners.ParentRunner.access$000(ParentRunner.java:53)
	at org.junit.runners.ParentRunner$2.evaluate(ParentRunner.java:229)
	at org.junit.runners.ParentRunner.run(ParentRunner.java:309)
	at org.junit.runner.JUnitCore.run(JUnitCore.java:160)
	at org.junit.runner.JUnitCore.run(JUnitCore.java:138)
	at org.junit.runner.JUnitCore.run(JUnitCore.java:117)
	at sbst.benchmark.coverage.TestExecutionTask.call(TestExecutionTask.java:54)
	at sbst.benchmark.coverage.TestExecutionTask.call(TestExecutionTask.java:15)
	at java.util.concurrent.FutureTask.run(FutureTask.java:266)
	at java.util.concurrent.ThreadPoolExecutor.runWorker(ThreadPoolExecutor.java:1149)
	at java.util.concurrent.ThreadPoolExecutor$Worker.run(ThreadPoolExecutor.java:624)
	at java.lang.Thread.run(Thread.java:750)
Caused by: java.lang.NullPointerException
	at org.ta4j.core.indicators.CachedIndicator.<init>(CachedIndicator.java:69)
	at org.ta4j.core.indicators.statistics.SimpleLinearRegressionIndicator.<init>(SimpleLinearRegressionIndicator.java:72)
	... 41 more

Executions terminated
Failure: [initializationError(org.ta4j.core.indicators.statistics.EqualityUtils): No runnable methods]
Failing Tests: initializationError(org.ta4j.core.indicators.statistics.EqualityUtils)
java.lang.Exception: No runnable methods
	at org.junit.runners.BlockJUnit4ClassRunner.validateInstanceMethods(BlockJUnit4ClassRunner.java:169)
	at org.junit.runners.BlockJUnit4ClassRunner.collectInitializationErrors(BlockJUnit4ClassRunner.java:104)
	at org.junit.runners.ParentRunner.validate(ParentRunner.java:355)
	at org.junit.runners.ParentRunner.<init>(ParentRunner.java:76)
	at org.junit.runners.BlockJUnit4ClassRunner.<init>(BlockJUnit4ClassRunner.java:57)
	at org.junit.internal.builders.JUnit4Builder.runnerForClass(JUnit4Builder.java:10)
	at org.junit.runners.model.RunnerBuilder.safeRunnerForClass(RunnerBuilder.java:59)
	at org.junit.internal.builders.AllDefaultPossibilitiesBuilder.runnerForClass(AllDefaultPossibilitiesBuilder.java:26)
	at org.junit.runner.Computer.getRunner(Computer.java:40)
	at org.junit.runner.Computer$1.runnerForClass(Computer.java:31)
	at org.junit.runners.model.RunnerBuilder.safeRunnerForClass(RunnerBuilder.java:59)
	at org.junit.runners.model.RunnerBuilder.runners(RunnerBuilder.java:101)
	at org.junit.runners.model.RunnerBuilder.runners(RunnerBuilder.java:87)
	at org.junit.runners.Suite.<init>(Suite.java:80)
	at org.junit.runner.Computer.getSuite(Computer.java:28)
	at org.junit.runner.Request.classes(Request.java:75)
	at org.junit.runner.JUnitCore.run(JUnitCore.java:117)
	at sbst.benchmark.coverage.TestExecutionTask.call(TestExecutionTask.java:54)
	at sbst.benchmark.coverage.TestExecutionTask.call(TestExecutionTask.java:15)
	at java.util.concurrent.FutureTask.run(FutureTask.java:266)
	at java.util.concurrent.ThreadPoolExecutor.runWorker(ThreadPoolExecutor.java:1149)
	at java.util.concurrent.ThreadPoolExecutor$Worker.run(ThreadPoolExecutor.java:624)
	at java.lang.Thread.run(Thread.java:750)

Failure: [initializationError(org.ta4j.core.indicators.statistics.ReflectionUtils): No runnable methods]
Failing Tests: initializationError(org.ta4j.core.indicators.statistics.ReflectionUtils)
java.lang.Exception: No runnable methods
	at org.junit.runners.BlockJUnit4ClassRunner.validateInstanceMethods(BlockJUnit4ClassRunner.java:169)
	at org.junit.runners.BlockJUnit4ClassRunner.collectInitializationErrors(BlockJUnit4ClassRunner.java:104)
	at org.junit.runners.ParentRunner.validate(ParentRunner.java:355)
	at org.junit.runners.ParentRunner.<init>(ParentRunner.java:76)
	at org.junit.runners.BlockJUnit4ClassRunner.<init>(BlockJUnit4ClassRunner.java:57)
	at org.junit.internal.builders.JUnit4Builder.runnerForClass(JUnit4Builder.java:10)
	at org.junit.runners.model.RunnerBuilder.safeRunnerForClass(RunnerBuilder.java:59)
	at org.junit.internal.builders.AllDefaultPossibilitiesBuilder.runnerForClass(AllDefaultPossibilitiesBuilder.java:26)
	at org.junit.runner.Computer.getRunner(Computer.java:40)
	at org.junit.runner.Computer$1.runnerForClass(Computer.java:31)
	at org.junit.runners.model.RunnerBuilder.safeRunnerForClass(RunnerBuilder.java:59)
	at org.junit.runners.model.RunnerBuilder.runners(RunnerBuilder.java:101)
	at org.junit.runners.model.RunnerBuilder.runners(RunnerBuilder.java:87)
	at org.junit.runners.Suite.<init>(Suite.java:80)
	at org.junit.runner.Computer.getSuite(Computer.java:28)
	at org.junit.runner.Request.classes(Request.java:75)
	at org.junit.runner.JUnitCore.run(JUnitCore.java:117)
	at sbst.benchmark.coverage.TestExecutionTask.call(TestExecutionTask.java:54)
	at sbst.benchmark.coverage.TestExecutionTask.call(TestExecutionTask.java:15)
	at java.util.concurrent.FutureTask.run(FutureTask.java:266)
	at java.util.concurrent.ThreadPoolExecutor.runWorker(ThreadPoolExecutor.java:1149)
	at java.util.concurrent.ThreadPoolExecutor$Worker.run(ThreadPoolExecutor.java:624)
	at java.lang.Thread.run(Thread.java:750)

Failure: [test(org.ta4j.core.indicators.statistics.SimpleLinearRegressionIndicator_calculateRegressionLine_3729467910): null]
Failing Tests: test(org.ta4j.core.indicators.statistics.SimpleLinearRegressionIndicator_calculateRegressionLine_3729467910)
java.lang.NullPointerException
	at org.ta4j.core.indicators.AbstractIndicator.numOf(AbstractIndicator.java:65)
	at org.ta4j.core.indicators.statistics.SimpleLinearRegressionIndicator.calculateRegressionLine(SimpleLinearRegressionIndicator.java:106)
	at sun.reflect.NativeMethodAccessorImpl.invoke0(Native Method)
	at sun.reflect.NativeMethodAccessorImpl.invoke(NativeMethodAccessorImpl.java:62)
	at sun.reflect.DelegatingMethodAccessorImpl.invoke(DelegatingMethodAccessorImpl.java:43)
	at java.lang.reflect.Method.invoke(Method.java:498)
	at org.ta4j.core.indicators.statistics.ReflectionUtils.callMethod(ReflectionUtils.java:238)
	at org.ta4j.core.indicators.statistics.SimpleLinearRegressionIndicator_calculateRegressionLine_3729467910.test(SimpleLinearRegressionIndicator_calculateRegressionLine_3729467910.java:66)
	at sun.reflect.NativeMethodAccessorImpl.invoke0(Native Method)
	at sun.reflect.NativeMethodAccessorImpl.invoke(NativeMethodAccessorImpl.java:62)
	at sun.reflect.DelegatingMethodAccessorImpl.invoke(DelegatingMethodAccessorImpl.java:43)
	at java.lang.reflect.Method.invoke(Method.java:498)
	at org.junit.runners.model.FrameworkMethod$1.runReflectiveCall(FrameworkMethod.java:47)
	at org.junit.internal.runners.model.ReflectiveCallable.run(ReflectiveCallable.java:12)
	at org.junit.runners.model.FrameworkMethod.invokeExplosively(FrameworkMethod.java:44)
	at org.junit.internal.runners.statements.InvokeMethod.evaluate(InvokeMethod.java:17)
	at org.junit.internal.runners.statements.RunBefores.evaluate(RunBefores.java:26)
	at org.junit.runners.ParentRunner.runLeaf(ParentRunner.java:271)
	at org.junit.runners.BlockJUnit4ClassRunner.runChild(BlockJUnit4ClassRunner.java:70)
	at org.junit.runners.BlockJUnit4ClassRunner.runChild(BlockJUnit4ClassRunner.java:50)
	at org.junit.runners.ParentRunner$3.run(ParentRunner.java:238)
	at org.junit.runners.ParentRunner$1.schedule(ParentRunner.java:63)
	at org.junit.runners.ParentRunner.runChildren(ParentRunner.java:236)
	at org.junit.runners.ParentRunner.access$000(ParentRunner.java:53)
	at org.junit.runners.ParentRunner$2.evaluate(ParentRunner.java:229)
	at org.junit.runners.ParentRunner.run(ParentRunner.java:309)
	at org.junit.runners.Suite.runChild(Suite.java:127)
	at org.junit.runners.Suite.runChild(Suite.java:26)
	at org.junit.runners.ParentRunner$3.run(ParentRunner.java:238)
	at org.junit.runners.ParentRunner$1.schedule(ParentRunner.java:63)
	at org.junit.runners.ParentRunner.runChildren(ParentRunner.java:236)
	at org.junit.runners.ParentRunner.access$000(ParentRunner.java:53)
	at org.junit.runners.ParentRunner$2.evaluate(ParentRunner.java:229)
	at org.junit.runners.ParentRunner.run(ParentRunner.java:309)
	at org.junit.runner.JUnitCore.run(JUnitCore.java:160)
	at org.junit.runner.JUnitCore.run(JUnitCore.java:138)
	at org.junit.runner.JUnitCore.run(JUnitCore.java:117)
	at sbst.benchmark.coverage.TestExecutionTask.call(TestExecutionTask.java:54)
	at sbst.benchmark.coverage.TestExecutionTask.call(TestExecutionTask.java:15)
	at java.util.concurrent.FutureTask.run(FutureTask.java:266)
	at java.util.concurrent.ThreadPoolExecutor.runWorker(ThreadPoolExecutor.java:1149)
	at java.util.concurrent.ThreadPoolExecutor$Worker.run(ThreadPoolExecutor.java:624)
	at java.lang.Thread.run(Thread.java:750)

Failure: [test(org.ta4j.core.indicators.statistics.SimpleLinearRegressionIndicator_calculateRegressionLine_3729467911): null]
Failing Tests: test(org.ta4j.core.indicators.statistics.SimpleLinearRegressionIndicator_calculateRegressionLine_3729467911)
java.lang.NullPointerException
	at org.ta4j.core.indicators.AbstractIndicator.numOf(AbstractIndicator.java:65)
	at org.ta4j.core.indicators.statistics.SimpleLinearRegressionIndicator.calculateRegressionLine(SimpleLinearRegressionIndicator.java:106)
	at sun.reflect.NativeMethodAccessorImpl.invoke0(Native Method)
	at sun.reflect.NativeMethodAccessorImpl.invoke(NativeMethodAccessorImpl.java:62)
	at sun.reflect.DelegatingMethodAccessorImpl.invoke(DelegatingMethodAccessorImpl.java:43)
	at java.lang.reflect.Method.invoke(Method.java:498)
	at org.ta4j.core.indicators.statistics.ReflectionUtils.callMethod(ReflectionUtils.java:238)
	at org.ta4j.core.indicators.statistics.SimpleLinearRegressionIndicator_calculateRegressionLine_3729467911.test(SimpleLinearRegressionIndicator_calculateRegressionLine_3729467911.java:55)
	at sun.reflect.NativeMethodAccessorImpl.invoke0(Native Method)
	at sun.reflect.NativeMethodAccessorImpl.invoke(NativeMethodAccessorImpl.java:62)
	at sun.reflect.DelegatingMethodAccessorImpl.invoke(DelegatingMethodAccessorImpl.java:43)
	at java.lang.reflect.Method.invoke(Method.java:498)
	at org.junit.runners.model.FrameworkMethod$1.runReflectiveCall(FrameworkMethod.java:47)
	at org.junit.internal.runners.model.ReflectiveCallable.run(ReflectiveCallable.java:12)
	at org.junit.runners.model.FrameworkMethod.invokeExplosively(FrameworkMethod.java:44)
	at org.junit.internal.runners.statements.InvokeMethod.evaluate(InvokeMethod.java:17)
	at org.junit.internal.runners.statements.RunBefores.evaluate(RunBefores.java:26)
	at org.junit.runners.ParentRunner.runLeaf(ParentRunner.java:271)
	at org.junit.runners.BlockJUnit4ClassRunner.runChild(BlockJUnit4ClassRunner.java:70)
	at org.junit.runners.BlockJUnit4ClassRunner.runChild(BlockJUnit4ClassRunner.java:50)
	at org.junit.runners.ParentRunner$3.run(ParentRunner.java:238)
	at org.junit.runners.ParentRunner$1.schedule(ParentRunner.java:63)
	at org.junit.runners.ParentRunner.runChildren(ParentRunner.java:236)
	at org.junit.runners.ParentRunner.access$000(ParentRunner.java:53)
	at org.junit.runners.ParentRunner$2.evaluate(ParentRunner.java:229)
	at org.junit.runners.ParentRunner.run(ParentRunner.java:309)
	at org.junit.runners.Suite.runChild(Suite.java:127)
	at org.junit.runners.Suite.runChild(Suite.java:26)
	at org.junit.runners.ParentRunner$3.run(ParentRunner.java:238)
	at org.junit.runners.ParentRunner$1.schedule(ParentRunner.java:63)
	at org.junit.runners.ParentRunner.runChildren(ParentRunner.java:236)
	at org.junit.runners.ParentRunner.access$000(ParentRunner.java:53)
	at org.junit.runners.ParentRunner$2.evaluate(ParentRunner.java:229)
	at org.junit.runners.ParentRunner.run(ParentRunner.java:309)
	at org.junit.runner.JUnitCore.run(JUnitCore.java:160)
	at org.junit.runner.JUnitCore.run(JUnitCore.java:138)
	at org.junit.runner.JUnitCore.run(JUnitCore.java:117)
	at sbst.benchmark.coverage.TestExecutionTask.call(TestExecutionTask.java:54)
	at sbst.benchmark.coverage.TestExecutionTask.call(TestExecutionTask.java:15)
	at java.util.concurrent.FutureTask.run(FutureTask.java:266)
	at java.util.concurrent.ThreadPoolExecutor.runWorker(ThreadPoolExecutor.java:1149)
	at java.util.concurrent.ThreadPoolExecutor$Worker.run(ThreadPoolExecutor.java:624)
	at java.lang.Thread.run(Thread.java:750)

Failure: [test(org.ta4j.core.indicators.statistics.SimpleLinearRegressionIndicator_calculate_20377686900): null]
Failing Tests: test(org.ta4j.core.indicators.statistics.SimpleLinearRegressionIndicator_calculate_20377686900)
java.lang.NullPointerException
	at org.ta4j.core.indicators.AbstractIndicator.numOf(AbstractIndicator.java:65)
	at org.ta4j.core.indicators.statistics.SimpleLinearRegressionIndicator.calculateRegressionLine(SimpleLinearRegressionIndicator.java:106)
	at org.ta4j.core.indicators.statistics.SimpleLinearRegressionIndicator.calculate(SimpleLinearRegressionIndicator.java:85)
	at sun.reflect.NativeMethodAccessorImpl.invoke0(Native Method)
	at sun.reflect.NativeMethodAccessorImpl.invoke(NativeMethodAccessorImpl.java:62)
	at sun.reflect.DelegatingMethodAccessorImpl.invoke(DelegatingMethodAccessorImpl.java:43)
	at java.lang.reflect.Method.invoke(Method.java:498)
	at org.ta4j.core.indicators.statistics.ReflectionUtils.callMethod(ReflectionUtils.java:238)
	at org.ta4j.core.indicators.statistics.SimpleLinearRegressionIndicator_calculate_20377686900.test(SimpleLinearRegressionIndicator_calculate_20377686900.java:61)
	at sun.reflect.NativeMethodAccessorImpl.invoke0(Native Method)
	at sun.reflect.NativeMethodAccessorImpl.invoke(NativeMethodAccessorImpl.java:62)
	at sun.reflect.DelegatingMethodAccessorImpl.invoke(DelegatingMethodAccessorImpl.java:43)
	at java.lang.reflect.Method.invoke(Method.java:498)
	at org.junit.runners.model.FrameworkMethod$1.runReflectiveCall(FrameworkMethod.java:47)
	at org.junit.internal.runners.model.ReflectiveCallable.run(ReflectiveCallable.java:12)
	at org.junit.runners.model.FrameworkMethod.invokeExplosively(FrameworkMethod.java:44)
	at org.junit.internal.runners.statements.InvokeMethod.evaluate(InvokeMethod.java:17)
	at org.junit.internal.runners.statements.RunBefores.evaluate(RunBefores.java:26)
	at org.junit.runners.ParentRunner.runLeaf(ParentRunner.java:271)
	at org.junit.runners.BlockJUnit4ClassRunner.runChild(BlockJUnit4ClassRunner.java:70)
	at org.junit.runners.BlockJUnit4ClassRunner.runChild(BlockJUnit4ClassRunner.java:50)
	at org.junit.runners.ParentRunner$3.run(ParentRunner.java:238)
	at org.junit.runners.ParentRunner$1.schedule(ParentRunner.java:63)
	at org.junit.runners.ParentRunner.runChildren(ParentRunner.java:236)
	at org.junit.runners.ParentRunner.access$000(ParentRunner.java:53)
	at org.junit.runners.ParentRunner$2.evaluate(ParentRunner.java:229)
	at org.junit.runners.ParentRunner.run(ParentRunner.java:309)
	at org.junit.runners.Suite.runChild(Suite.java:127)
	at org.junit.runners.Suite.runChild(Suite.java:26)
	at org.junit.runners.ParentRunner$3.run(ParentRunner.java:238)
	at org.junit.runners.ParentRunner$1.schedule(ParentRunner.java:63)
	at org.junit.runners.ParentRunner.runChildren(ParentRunner.java:236)
	at org.junit.runners.ParentRunner.access$000(ParentRunner.java:53)
	at org.junit.runners.ParentRunner$2.evaluate(ParentRunner.java:229)
	at org.junit.runners.ParentRunner.run(ParentRunner.java:309)
	at org.junit.runner.JUnitCore.run(JUnitCore.java:160)
	at org.junit.runner.JUnitCore.run(JUnitCore.java:138)
	at org.junit.runner.JUnitCore.run(JUnitCore.java:117)
	at sbst.benchmark.coverage.TestExecutionTask.call(TestExecutionTask.java:54)
	at sbst.benchmark.coverage.TestExecutionTask.call(TestExecutionTask.java:15)
	at java.util.concurrent.FutureTask.run(FutureTask.java:266)
	at java.util.concurrent.ThreadPoolExecutor.runWorker(ThreadPoolExecutor.java:1149)
	at java.util.concurrent.ThreadPoolExecutor$Worker.run(ThreadPoolExecutor.java:624)
	at java.lang.Thread.run(Thread.java:750)

Failure: [test(org.ta4j.core.indicators.statistics.SimpleLinearRegressionIndicator_init_171661780): null]
Failing Tests: test(org.ta4j.core.indicators.statistics.SimpleLinearRegressionIndicator_init_171661780)
java.lang.reflect.InvocationTargetException
	at sun.reflect.NativeConstructorAccessorImpl.newInstance0(Native Method)
	at sun.reflect.NativeConstructorAccessorImpl.newInstance(NativeConstructorAccessorImpl.java:62)
	at sun.reflect.DelegatingConstructorAccessorImpl.newInstance(DelegatingConstructorAccessorImpl.java:45)
	at java.lang.reflect.Constructor.newInstance(Constructor.java:423)
	at org.ta4j.core.indicators.statistics.ReflectionUtils.callConstructor(ReflectionUtils.java:231)
	at org.ta4j.core.indicators.statistics.SimpleLinearRegressionIndicator_init_171661780.test(SimpleLinearRegressionIndicator_init_171661780.java:41)
	at sun.reflect.NativeMethodAccessorImpl.invoke0(Native Method)
	at sun.reflect.NativeMethodAccessorImpl.invoke(NativeMethodAccessorImpl.java:62)
	at sun.reflect.DelegatingMethodAccessorImpl.invoke(DelegatingMethodAccessorImpl.java:43)
	at java.lang.reflect.Method.invoke(Method.java:498)
	at org.junit.runners.model.FrameworkMethod$1.runReflectiveCall(FrameworkMethod.java:47)
	at org.junit.internal.runners.model.ReflectiveCallable.run(ReflectiveCallable.java:12)
	at org.junit.runners.model.FrameworkMethod.invokeExplosively(FrameworkMethod.java:44)
	at org.junit.internal.runners.statements.InvokeMethod.evaluate(InvokeMethod.java:17)
	at org.junit.internal.runners.statements.RunBefores.evaluate(RunBefores.java:26)
	at org.junit.runners.ParentRunner.runLeaf(ParentRunner.java:271)
	at org.junit.runners.BlockJUnit4ClassRunner.runChild(BlockJUnit4ClassRunner.java:70)
	at org.junit.runners.BlockJUnit4ClassRunner.runChild(BlockJUnit4ClassRunner.java:50)
	at org.junit.runners.ParentRunner$3.run(ParentRunner.java:238)
	at org.junit.runners.ParentRunner$1.schedule(ParentRunner.java:63)
	at org.junit.runners.ParentRunner.runChildren(ParentRunner.java:236)
	at org.junit.runners.ParentRunner.access$000(ParentRunner.java:53)
	at org.junit.runners.ParentRunner$2.evaluate(ParentRunner.java:229)
	at org.junit.runners.ParentRunner.run(ParentRunner.java:309)
	at org.junit.runners.Suite.runChild(Suite.java:127)
	at org.junit.runners.Suite.runChild(Suite.java:26)
	at org.junit.runners.ParentRunner$3.run(ParentRunner.java:238)
	at org.junit.runners.ParentRunner$1.schedule(ParentRunner.java:63)
	at org.junit.runners.ParentRunner.runChildren(ParentRunner.java:236)
	at org.junit.runners.ParentRunner.access$000(ParentRunner.java:53)
	at org.junit.runners.ParentRunner$2.evaluate(ParentRunner.java:229)
	at org.junit.runners.ParentRunner.run(ParentRunner.java:309)
	at org.junit.runner.JUnitCore.run(JUnitCore.java:160)
	at org.junit.runner.JUnitCore.run(JUnitCore.java:138)
	at org.junit.runner.JUnitCore.run(JUnitCore.java:117)
	at sbst.benchmark.coverage.TestExecutionTask.call(TestExecutionTask.java:54)
	at sbst.benchmark.coverage.TestExecutionTask.call(TestExecutionTask.java:15)
	at java.util.concurrent.FutureTask.run(FutureTask.java:266)
	at java.util.concurrent.ThreadPoolExecutor.runWorker(ThreadPoolExecutor.java:1149)
	at java.util.concurrent.ThreadPoolExecutor$Worker.run(ThreadPoolExecutor.java:624)
	at java.lang.Thread.run(Thread.java:750)
Caused by: java.lang.NullPointerException
	at org.ta4j.core.indicators.CachedIndicator.<init>(CachedIndicator.java:69)
	at org.ta4j.core.indicators.statistics.SimpleLinearRegressionIndicator.<init>(SimpleLinearRegressionIndicator.java:72)
	at org.ta4j.core.indicators.statistics.SimpleLinearRegressionIndicator.<init>(SimpleLinearRegressionIndicator.java:61)
	... 41 more

Failure: [test(org.ta4j.core.indicators.statistics.SimpleLinearRegressionIndicator_init_171661781): null]
Failing Tests: test(org.ta4j.core.indicators.statistics.SimpleLinearRegressionIndicator_init_171661781)
java.lang.reflect.InvocationTargetException
	at sun.reflect.NativeConstructorAccessorImpl.newInstance0(Native Method)
	at sun.reflect.NativeConstructorAccessorImpl.newInstance(NativeConstructorAccessorImpl.java:62)
	at sun.reflect.DelegatingConstructorAccessorImpl.newInstance(DelegatingConstructorAccessorImpl.java:45)
	at java.lang.reflect.Constructor.newInstance(Constructor.java:423)
	at org.ta4j.core.indicators.statistics.ReflectionUtils.callConstructor(ReflectionUtils.java:231)
	at org.ta4j.core.indicators.statistics.SimpleLinearRegressionIndicator_init_171661781.test(SimpleLinearRegressionIndicator_init_171661781.java:41)
	at sun.reflect.NativeMethodAccessorImpl.invoke0(Native Method)
	at sun.reflect.NativeMethodAccessorImpl.invoke(NativeMethodAccessorImpl.java:62)
	at sun.reflect.DelegatingMethodAccessorImpl.invoke(DelegatingMethodAccessorImpl.java:43)
	at java.lang.reflect.Method.invoke(Method.java:498)
	at org.junit.runners.model.FrameworkMethod$1.runReflectiveCall(FrameworkMethod.java:47)
	at org.junit.internal.runners.model.ReflectiveCallable.run(ReflectiveCallable.java:12)
	at org.junit.runners.model.FrameworkMethod.invokeExplosively(FrameworkMethod.java:44)
	at org.junit.internal.runners.statements.InvokeMethod.evaluate(InvokeMethod.java:17)
	at org.junit.internal.runners.statements.RunBefores.evaluate(RunBefores.java:26)
	at org.junit.runners.ParentRunner.runLeaf(ParentRunner.java:271)
	at org.junit.runners.BlockJUnit4ClassRunner.runChild(BlockJUnit4ClassRunner.java:70)
	at org.junit.runners.BlockJUnit4ClassRunner.runChild(BlockJUnit4ClassRunner.java:50)
	at org.junit.runners.ParentRunner$3.run(ParentRunner.java:238)
	at org.junit.runners.ParentRunner$1.schedule(ParentRunner.java:63)
	at org.junit.runners.ParentRunner.runChildren(ParentRunner.java:236)
	at org.junit.runners.ParentRunner.access$000(ParentRunner.java:53)
	at org.junit.runners.ParentRunner$2.evaluate(ParentRunner.java:229)
	at org.junit.runners.ParentRunner.run(ParentRunner.java:309)
	at org.junit.runners.Suite.runChild(Suite.java:127)
	at org.junit.runners.Suite.runChild(Suite.java:26)
	at org.junit.runners.ParentRunner$3.run(ParentRunner.java:238)
	at org.junit.runners.ParentRunner$1.schedule(ParentRunner.java:63)
	at org.junit.runners.ParentRunner.runChildren(ParentRunner.java:236)
	at org.junit.runners.ParentRunner.access$000(ParentRunner.java:53)
	at org.junit.runners.ParentRunner$2.evaluate(ParentRunner.java:229)
	at org.junit.runners.ParentRunner.run(ParentRunner.java:309)
	at org.junit.runner.JUnitCore.run(JUnitCore.java:160)
	at org.junit.runner.JUnitCore.run(JUnitCore.java:138)
	at org.junit.runner.JUnitCore.run(JUnitCore.java:117)
	at sbst.benchmark.coverage.TestExecutionTask.call(TestExecutionTask.java:54)
	at sbst.benchmark.coverage.TestExecutionTask.call(TestExecutionTask.java:15)
	at java.util.concurrent.FutureTask.run(FutureTask.java:266)
	at java.util.concurrent.ThreadPoolExecutor.runWorker(ThreadPoolExecutor.java:1149)
	at java.util.concurrent.ThreadPoolExecutor$Worker.run(ThreadPoolExecutor.java:624)
	at java.lang.Thread.run(Thread.java:750)
Caused by: java.lang.NullPointerException
	at org.ta4j.core.indicators.CachedIndicator.<init>(CachedIndicator.java:69)
	at org.ta4j.core.indicators.statistics.SimpleLinearRegressionIndicator.<init>(SimpleLinearRegressionIndicator.java:72)
	at org.ta4j.core.indicators.statistics.SimpleLinearRegressionIndicator.<init>(SimpleLinearRegressionIndicator.java:61)
	... 41 more

Failure: [test(org.ta4j.core.indicators.statistics.SimpleLinearRegressionIndicator_init_17956999510): null]
Failing Tests: test(org.ta4j.core.indicators.statistics.SimpleLinearRegressionIndicator_init_17956999510)
java.lang.reflect.InvocationTargetException
	at sun.reflect.NativeConstructorAccessorImpl.newInstance0(Native Method)
	at sun.reflect.NativeConstructorAccessorImpl.newInstance(NativeConstructorAccessorImpl.java:62)
	at sun.reflect.DelegatingConstructorAccessorImpl.newInstance(DelegatingConstructorAccessorImpl.java:45)
	at java.lang.reflect.Constructor.newInstance(Constructor.java:423)
	at org.ta4j.core.indicators.statistics.ReflectionUtils.callConstructor(ReflectionUtils.java:231)
	at org.ta4j.core.indicators.statistics.SimpleLinearRegressionIndicator_init_17956999510.test(SimpleLinearRegressionIndicator_init_17956999510.java:50)
	at sun.reflect.NativeMethodAccessorImpl.invoke0(Native Method)
	at sun.reflect.NativeMethodAccessorImpl.invoke(NativeMethodAccessorImpl.java:62)
	at sun.reflect.DelegatingMethodAccessorImpl.invoke(DelegatingMethodAccessorImpl.java:43)
	at java.lang.reflect.Method.invoke(Method.java:498)
	at org.junit.runners.model.FrameworkMethod$1.runReflectiveCall(FrameworkMethod.java:47)
	at org.junit.internal.runners.model.ReflectiveCallable.run(ReflectiveCallable.java:12)
	at org.junit.runners.model.FrameworkMethod.invokeExplosively(FrameworkMethod.java:44)
	at org.junit.internal.runners.statements.InvokeMethod.evaluate(InvokeMethod.java:17)
	at org.junit.internal.runners.statements.RunBefores.evaluate(RunBefores.java:26)
	at org.junit.runners.ParentRunner.runLeaf(ParentRunner.java:271)
	at org.junit.runners.BlockJUnit4ClassRunner.runChild(BlockJUnit4ClassRunner.java:70)
	at org.junit.runners.BlockJUnit4ClassRunner.runChild(BlockJUnit4ClassRunner.java:50)
	at org.junit.runners.ParentRunner$3.run(ParentRunner.java:238)
	at org.junit.runners.ParentRunner$1.schedule(ParentRunner.java:63)
	at org.junit.runners.ParentRunner.runChildren(ParentRunner.java:236)
	at org.junit.runners.ParentRunner.access$000(ParentRunner.java:53)
	at org.junit.runners.ParentRunner$2.evaluate(ParentRunner.java:229)
	at org.junit.runners.ParentRunner.run(ParentRunner.java:309)
	at org.junit.runners.Suite.runChild(Suite.java:127)
	at org.junit.runners.Suite.runChild(Suite.java:26)
	at org.junit.runners.ParentRunner$3.run(ParentRunner.java:238)
	at org.junit.runners.ParentRunner$1.schedule(ParentRunner.java:63)
	at org.junit.runners.ParentRunner.runChildren(ParentRunner.java:236)
	at org.junit.runners.ParentRunner.access$000(ParentRunner.java:53)
	at org.junit.runners.ParentRunner$2.evaluate(ParentRunner.java:229)
	at org.junit.runners.ParentRunner.run(ParentRunner.java:309)
	at org.junit.runner.JUnitCore.run(JUnitCore.java:160)
	at org.junit.runner.JUnitCore.run(JUnitCore.java:138)
	at org.junit.runner.JUnitCore.run(JUnitCore.java:117)
	at sbst.benchmark.coverage.TestExecutionTask.call(TestExecutionTask.java:54)
	at sbst.benchmark.coverage.TestExecutionTask.call(TestExecutionTask.java:15)
	at java.util.concurrent.FutureTask.run(FutureTask.java:266)
	at java.util.concurrent.ThreadPoolExecutor.runWorker(ThreadPoolExecutor.java:1149)
	at java.util.concurrent.ThreadPoolExecutor$Worker.run(ThreadPoolExecutor.java:624)
	at java.lang.Thread.run(Thread.java:750)
Caused by: java.lang.NullPointerException
	at org.ta4j.core.indicators.CachedIndicator.<init>(CachedIndicator.java:69)
	at org.ta4j.core.indicators.statistics.SimpleLinearRegressionIndicator.<init>(SimpleLinearRegressionIndicator.java:72)
	... 41 more

Failure: [test(org.ta4j.core.indicators.statistics.SimpleLinearRegressionIndicator_init_17956999511): null]
Failing Tests: test(org.ta4j.core.indicators.statistics.SimpleLinearRegressionIndicator_init_17956999511)
java.lang.reflect.InvocationTargetException
	at sun.reflect.NativeConstructorAccessorImpl.newInstance0(Native Method)
	at sun.reflect.NativeConstructorAccessorImpl.newInstance(NativeConstructorAccessorImpl.java:62)
	at sun.reflect.DelegatingConstructorAccessorImpl.newInstance(DelegatingConstructorAccessorImpl.java:45)
	at java.lang.reflect.Constructor.newInstance(Constructor.java:423)
	at org.ta4j.core.indicators.statistics.ReflectionUtils.callConstructor(ReflectionUtils.java:231)
	at org.ta4j.core.indicators.statistics.SimpleLinearRegressionIndicator_init_17956999511.test(SimpleLinearRegressionIndicator_init_17956999511.java:43)
	at sun.reflect.NativeMethodAccessorImpl.invoke0(Native Method)
	at sun.reflect.NativeMethodAccessorImpl.invoke(NativeMethodAccessorImpl.java:62)
	at sun.reflect.DelegatingMethodAccessorImpl.invoke(DelegatingMethodAccessorImpl.java:43)
	at java.lang.reflect.Method.invoke(Method.java:498)
	at org.junit.runners.model.FrameworkMethod$1.runReflectiveCall(FrameworkMethod.java:47)
	at org.junit.internal.runners.model.ReflectiveCallable.run(ReflectiveCallable.java:12)
	at org.junit.runners.model.FrameworkMethod.invokeExplosively(FrameworkMethod.java:44)
	at org.junit.internal.runners.statements.InvokeMethod.evaluate(InvokeMethod.java:17)
	at org.junit.internal.runners.statements.RunBefores.evaluate(RunBefores.java:26)
	at org.junit.runners.ParentRunner.runLeaf(ParentRunner.java:271)
	at org.junit.runners.BlockJUnit4ClassRunner.runChild(BlockJUnit4ClassRunner.java:70)
	at org.junit.runners.BlockJUnit4ClassRunner.runChild(BlockJUnit4ClassRunner.java:50)
	at org.junit.runners.ParentRunner$3.run(ParentRunner.java:238)
	at org.junit.runners.ParentRunner$1.schedule(ParentRunner.java:63)
	at org.junit.runners.ParentRunner.runChildren(ParentRunner.java:236)
	at org.junit.runners.ParentRunner.access$000(ParentRunner.java:53)
	at org.junit.runners.ParentRunner$2.evaluate(ParentRunner.java:229)
	at org.junit.runners.ParentRunner.run(ParentRunner.java:309)
	at org.junit.runners.Suite.runChild(Suite.java:127)
	at org.junit.runners.Suite.runChild(Suite.java:26)
	at org.junit.runners.ParentRunner$3.run(ParentRunner.java:238)
	at org.junit.runners.ParentRunner$1.schedule(ParentRunner.java:63)
	at org.junit.runners.ParentRunner.runChildren(ParentRunner.java:236)
	at org.junit.runners.ParentRunner.access$000(ParentRunner.java:53)
	at org.junit.runners.ParentRunner$2.evaluate(ParentRunner.java:229)
	at org.junit.runners.ParentRunner.run(ParentRunner.java:309)
	at org.junit.runner.JUnitCore.run(JUnitCore.java:160)
	at org.junit.runner.JUnitCore.run(JUnitCore.java:138)
	at org.junit.runner.JUnitCore.run(JUnitCore.java:117)
	at sbst.benchmark.coverage.TestExecutionTask.call(TestExecutionTask.java:54)
	at sbst.benchmark.coverage.TestExecutionTask.call(TestExecutionTask.java:15)
	at java.util.concurrent.FutureTask.run(FutureTask.java:266)
	at java.util.concurrent.ThreadPoolExecutor.runWorker(ThreadPoolExecutor.java:1149)
	at java.util.concurrent.ThreadPoolExecutor$Worker.run(ThreadPoolExecutor.java:624)
	at java.lang.Thread.run(Thread.java:750)
Caused by: java.lang.NullPointerException
	at org.ta4j.core.indicators.CachedIndicator.<init>(CachedIndicator.java:69)
	at org.ta4j.core.indicators.statistics.SimpleLinearRegressionIndicator.<init>(SimpleLinearRegressionIndicator.java:72)
	... 41 more

Running the tests: [SBSTDummyForCoverageAndMutationCalculation, org.ta4j.core.indicators.statistics.EqualityUtils, org.ta4j.core.indicators.statistics.ReflectionUtils, org.ta4j.core.indicators.statistics.SimpleLinearRegressionIndicator_calculateRegressionLine_3729467910, org.ta4j.core.indicators.statistics.SimpleLinearRegressionIndicator_calculateRegressionLine_3729467911, org.ta4j.core.indicators.statistics.SimpleLinearRegressionIndicator_calculate_20377686900, org.ta4j.core.indicators.statistics.SimpleLinearRegressionIndicator_calculate_20377686901, org.ta4j.core.indicators.statistics.SimpleLinearRegressionIndicator_init_171661780, org.ta4j.core.indicators.statistics.SimpleLinearRegressionIndicator_init_171661781, org.ta4j.core.indicators.statistics.SimpleLinearRegressionIndicator_init_17956999510, org.ta4j.core.indicators.statistics.SimpleLinearRegressionIndicator_init_17956999511]
Executions terminated
Running the tests: [SBSTDummyForCoverageAndMutationCalculation, org.ta4j.core.indicators.statistics.EqualityUtils, org.ta4j.core.indicators.statistics.ReflectionUtils, org.ta4j.core.indicators.statistics.SimpleLinearRegressionIndicator_calculateRegressionLine_3729467910, org.ta4j.core.indicators.statistics.SimpleLinearRegressionIndicator_calculateRegressionLine_3729467911, org.ta4j.core.indicators.statistics.SimpleLinearRegressionIndicator_calculate_20377686900, org.ta4j.core.indicators.statistics.SimpleLinearRegressionIndicator_calculate_20377686901, org.ta4j.core.indicators.statistics.SimpleLinearRegressionIndicator_init_171661780, org.ta4j.core.indicators.statistics.SimpleLinearRegressionIndicator_init_171661781, org.ta4j.core.indicators.statistics.SimpleLinearRegressionIndicator_init_17956999510, org.ta4j.core.indicators.statistics.SimpleLinearRegressionIndicator_init_17956999511]
Failure: [initializationError(org.ta4j.core.indicators.statistics.EqualityUtils): No runnable methods]
Failing Tests: initializationError(org.ta4j.core.indicators.statistics.EqualityUtils)
java.lang.Exception: No runnable methods
	at org.junit.runners.BlockJUnit4ClassRunner.validateInstanceMethods(BlockJUnit4ClassRunner.java:169)
	at org.junit.runners.BlockJUnit4ClassRunner.collectInitializationErrors(BlockJUnit4ClassRunner.java:104)
	at org.junit.runners.ParentRunner.validate(ParentRunner.java:355)
	at org.junit.runners.ParentRunner.<init>(ParentRunner.java:76)
	at org.junit.runners.BlockJUnit4ClassRunner.<init>(BlockJUnit4ClassRunner.java:57)
	at org.junit.internal.builders.JUnit4Builder.runnerForClass(JUnit4Builder.java:10)
	at org.junit.runners.model.RunnerBuilder.safeRunnerForClass(RunnerBuilder.java:59)
	at org.junit.internal.builders.AllDefaultPossibilitiesBuilder.runnerForClass(AllDefaultPossibilitiesBuilder.java:26)
	at org.junit.runner.Computer.getRunner(Computer.java:40)
	at org.junit.runner.Computer$1.runnerForClass(Computer.java:31)
	at org.junit.runners.model.RunnerBuilder.safeRunnerForClass(RunnerBuilder.java:59)
	at org.junit.runners.model.RunnerBuilder.runners(RunnerBuilder.java:101)
	at org.junit.runners.model.RunnerBuilder.runners(RunnerBuilder.java:87)
	at org.junit.runners.Suite.<init>(Suite.java:80)
	at org.junit.runner.Computer.getSuite(Computer.java:28)
	at org.junit.runner.Request.classes(Request.java:75)
	at org.junit.runner.JUnitCore.run(JUnitCore.java:117)
	at sbst.benchmark.coverage.TestExecutionTask.call(TestExecutionTask.java:54)
	at sbst.benchmark.coverage.TestExecutionTask.call(TestExecutionTask.java:15)
	at java.util.concurrent.FutureTask.run(FutureTask.java:266)
	at java.util.concurrent.ThreadPoolExecutor.runWorker(ThreadPoolExecutor.java:1149)
	at java.util.concurrent.ThreadPoolExecutor$Worker.run(ThreadPoolExecutor.java:624)
	at java.lang.Thread.run(Thread.java:750)

Failure: [initializationError(org.ta4j.core.indicators.statistics.ReflectionUtils): No runnable methods]
Failing Tests: initializationError(org.ta4j.core.indicators.statistics.ReflectionUtils)
java.lang.Exception: No runnable methods
	at org.junit.runners.BlockJUnit4ClassRunner.validateInstanceMethods(BlockJUnit4ClassRunner.java:169)
	at org.junit.runners.BlockJUnit4ClassRunner.collectInitializationErrors(BlockJUnit4ClassRunner.java:104)
	at org.junit.runners.ParentRunner.validate(ParentRunner.java:355)
	at org.junit.runners.ParentRunner.<init>(ParentRunner.java:76)
	at org.junit.runners.BlockJUnit4ClassRunner.<init>(BlockJUnit4ClassRunner.java:57)
	at org.junit.internal.builders.JUnit4Builder.runnerForClass(JUnit4Builder.java:10)
	at org.junit.runners.model.RunnerBuilder.safeRunnerForClass(RunnerBuilder.java:59)
	at org.junit.internal.builders.AllDefaultPossibilitiesBuilder.runnerForClass(AllDefaultPossibilitiesBuilder.java:26)
	at org.junit.runner.Computer.getRunner(Computer.java:40)
	at org.junit.runner.Computer$1.runnerForClass(Computer.java:31)
	at org.junit.runners.model.RunnerBuilder.safeRunnerForClass(RunnerBuilder.java:59)
	at org.junit.runners.model.RunnerBuilder.runners(RunnerBuilder.java:101)
	at org.junit.runners.model.RunnerBuilder.runners(RunnerBuilder.java:87)
	at org.junit.runners.Suite.<init>(Suite.java:80)
	at org.junit.runner.Computer.getSuite(Computer.java:28)
	at org.junit.runner.Request.classes(Request.java:75)
	at org.junit.runner.JUnitCore.run(JUnitCore.java:117)
	at sbst.benchmark.coverage.TestExecutionTask.call(TestExecutionTask.java:54)
	at sbst.benchmark.coverage.TestExecutionTask.call(TestExecutionTask.java:15)
	at java.util.concurrent.FutureTask.run(FutureTask.java:266)
	at java.util.concurrent.ThreadPoolExecutor.runWorker(ThreadPoolExecutor.java:1149)
	at java.util.concurrent.ThreadPoolExecutor$Worker.run(ThreadPoolExecutor.java:624)
	at java.lang.Thread.run(Thread.java:750)

Failure: [test(org.ta4j.core.indicators.statistics.SimpleLinearRegressionIndicator_calculateRegressionLine_3729467910): null]
Failing Tests: test(org.ta4j.core.indicators.statistics.SimpleLinearRegressionIndicator_calculateRegressionLine_3729467910)
java.lang.NullPointerException
	at org.ta4j.core.indicators.AbstractIndicator.numOf(AbstractIndicator.java:65)
	at org.ta4j.core.indicators.statistics.SimpleLinearRegressionIndicator.calculateRegressionLine(SimpleLinearRegressionIndicator.java:106)
	at sun.reflect.NativeMethodAccessorImpl.invoke0(Native Method)
	at sun.reflect.NativeMethodAccessorImpl.invoke(NativeMethodAccessorImpl.java:62)
	at sun.reflect.DelegatingMethodAccessorImpl.invoke(DelegatingMethodAccessorImpl.java:43)
	at java.lang.reflect.Method.invoke(Method.java:498)
	at org.ta4j.core.indicators.statistics.ReflectionUtils.callMethod(ReflectionUtils.java:238)
	at org.ta4j.core.indicators.statistics.SimpleLinearRegressionIndicator_calculateRegressionLine_3729467910.test(SimpleLinearRegressionIndicator_calculateRegressionLine_3729467910.java:66)
	at sun.reflect.NativeMethodAccessorImpl.invoke0(Native Method)
	at sun.reflect.NativeMethodAccessorImpl.invoke(NativeMethodAccessorImpl.java:62)
	at sun.reflect.DelegatingMethodAccessorImpl.invoke(DelegatingMethodAccessorImpl.java:43)
	at java.lang.reflect.Method.invoke(Method.java:498)
	at org.junit.runners.model.FrameworkMethod$1.runReflectiveCall(FrameworkMethod.java:47)
	at org.junit.internal.runners.model.ReflectiveCallable.run(ReflectiveCallable.java:12)
	at org.junit.runners.model.FrameworkMethod.invokeExplosively(FrameworkMethod.java:44)
	at org.junit.internal.runners.statements.InvokeMethod.evaluate(InvokeMethod.java:17)
	at org.junit.internal.runners.statements.RunBefores.evaluate(RunBefores.java:26)
	at org.junit.runners.ParentRunner.runLeaf(ParentRunner.java:271)
	at org.junit.runners.BlockJUnit4ClassRunner.runChild(BlockJUnit4ClassRunner.java:70)
	at org.junit.runners.BlockJUnit4ClassRunner.runChild(BlockJUnit4ClassRunner.java:50)
	at org.junit.runners.ParentRunner$3.run(ParentRunner.java:238)
	at org.junit.runners.ParentRunner$1.schedule(ParentRunner.java:63)
	at org.junit.runners.ParentRunner.runChildren(ParentRunner.java:236)
	at org.junit.runners.ParentRunner.access$000(ParentRunner.java:53)
	at org.junit.runners.ParentRunner$2.evaluate(ParentRunner.java:229)
	at org.junit.runners.ParentRunner.run(ParentRunner.java:309)
	at org.junit.runners.Suite.runChild(Suite.java:127)
	at org.junit.runners.Suite.runChild(Suite.java:26)
	at org.junit.runners.ParentRunner$3.run(ParentRunner.java:238)
	at org.junit.runners.ParentRunner$1.schedule(ParentRunner.java:63)
	at org.junit.runners.ParentRunner.runChildren(ParentRunner.java:236)
	at org.junit.runners.ParentRunner.access$000(ParentRunner.java:53)
	at org.junit.runners.ParentRunner$2.evaluate(ParentRunner.java:229)
	at org.junit.runners.ParentRunner.run(ParentRunner.java:309)
	at org.junit.runner.JUnitCore.run(JUnitCore.java:160)
	at org.junit.runner.JUnitCore.run(JUnitCore.java:138)
	at org.junit.runner.JUnitCore.run(JUnitCore.java:117)
	at sbst.benchmark.coverage.TestExecutionTask.call(TestExecutionTask.java:54)
	at sbst.benchmark.coverage.TestExecutionTask.call(TestExecutionTask.java:15)
	at java.util.concurrent.FutureTask.run(FutureTask.java:266)
	at java.util.concurrent.ThreadPoolExecutor.runWorker(ThreadPoolExecutor.java:1149)
	at java.util.concurrent.ThreadPoolExecutor$Worker.run(ThreadPoolExecutor.java:624)
	at java.lang.Thread.run(Thread.java:750)

Failure: [test(org.ta4j.core.indicators.statistics.SimpleLinearRegressionIndicator_calculateRegressionLine_3729467911): null]
Failing Tests: test(org.ta4j.core.indicators.statistics.SimpleLinearRegressionIndicator_calculateRegressionLine_3729467911)
java.lang.NullPointerException
	at org.ta4j.core.indicators.AbstractIndicator.numOf(AbstractIndicator.java:65)
	at org.ta4j.core.indicators.statistics.SimpleLinearRegressionIndicator.calculateRegressionLine(SimpleLinearRegressionIndicator.java:106)
	at sun.reflect.NativeMethodAccessorImpl.invoke0(Native Method)
	at sun.reflect.NativeMethodAccessorImpl.invoke(NativeMethodAccessorImpl.java:62)
	at sun.reflect.DelegatingMethodAccessorImpl.invoke(DelegatingMethodAccessorImpl.java:43)
	at java.lang.reflect.Method.invoke(Method.java:498)
	at org.ta4j.core.indicators.statistics.ReflectionUtils.callMethod(ReflectionUtils.java:238)
	at org.ta4j.core.indicators.statistics.SimpleLinearRegressionIndicator_calculateRegressionLine_3729467911.test(SimpleLinearRegressionIndicator_calculateRegressionLine_3729467911.java:55)
	at sun.reflect.NativeMethodAccessorImpl.invoke0(Native Method)
	at sun.reflect.NativeMethodAccessorImpl.invoke(NativeMethodAccessorImpl.java:62)
	at sun.reflect.DelegatingMethodAccessorImpl.invoke(DelegatingMethodAccessorImpl.java:43)
	at java.lang.reflect.Method.invoke(Method.java:498)
	at org.junit.runners.model.FrameworkMethod$1.runReflectiveCall(FrameworkMethod.java:47)
	at org.junit.internal.runners.model.ReflectiveCallable.run(ReflectiveCallable.java:12)
	at org.junit.runners.model.FrameworkMethod.invokeExplosively(FrameworkMethod.java:44)
	at org.junit.internal.runners.statements.InvokeMethod.evaluate(InvokeMethod.java:17)
	at org.junit.internal.runners.statements.RunBefores.evaluate(RunBefores.java:26)
	at org.junit.runners.ParentRunner.runLeaf(ParentRunner.java:271)
	at org.junit.runners.BlockJUnit4ClassRunner.runChild(BlockJUnit4ClassRunner.java:70)
	at org.junit.runners.BlockJUnit4ClassRunner.runChild(BlockJUnit4ClassRunner.java:50)
	at org.junit.runners.ParentRunner$3.run(ParentRunner.java:238)
	at org.junit.runners.ParentRunner$1.schedule(ParentRunner.java:63)
	at org.junit.runners.ParentRunner.runChildren(ParentRunner.java:236)
	at org.junit.runners.ParentRunner.access$000(ParentRunner.java:53)
	at org.junit.runners.ParentRunner$2.evaluate(ParentRunner.java:229)
	at org.junit.runners.ParentRunner.run(ParentRunner.java:309)
	at org.junit.runners.Suite.runChild(Suite.java:127)
	at org.junit.runners.Suite.runChild(Suite.java:26)
	at org.junit.runners.ParentRunner$3.run(ParentRunner.java:238)
	at org.junit.runners.ParentRunner$1.schedule(ParentRunner.java:63)
	at org.junit.runners.ParentRunner.runChildren(ParentRunner.java:236)
	at org.junit.runners.ParentRunner.access$000(ParentRunner.java:53)
	at org.junit.runners.ParentRunner$2.evaluate(ParentRunner.java:229)
	at org.junit.runners.ParentRunner.run(ParentRunner.java:309)
	at org.junit.runner.JUnitCore.run(JUnitCore.java:160)
	at org.junit.runner.JUnitCore.run(JUnitCore.java:138)
	at org.junit.runner.JUnitCore.run(JUnitCore.java:117)
	at sbst.benchmark.coverage.TestExecutionTask.call(TestExecutionTask.java:54)
	at sbst.benchmark.coverage.TestExecutionTask.call(TestExecutionTask.java:15)
	at java.util.concurrent.FutureTask.run(FutureTask.java:266)
	at java.util.concurrent.ThreadPoolExecutor.runWorker(ThreadPoolExecutor.java:1149)
	at java.util.concurrent.ThreadPoolExecutor$Worker.run(ThreadPoolExecutor.java:624)
	at java.lang.Thread.run(Thread.java:750)

Failure: [test(org.ta4j.core.indicators.statistics.SimpleLinearRegressionIndicator_calculate_20377686900): null]
Failing Tests: test(org.ta4j.core.indicators.statistics.SimpleLinearRegressionIndicator_calculate_20377686900)
java.lang.NullPointerException
	at org.ta4j.core.indicators.AbstractIndicator.numOf(AbstractIndicator.java:65)
	at org.ta4j.core.indicators.statistics.SimpleLinearRegressionIndicator.calculateRegressionLine(SimpleLinearRegressionIndicator.java:106)
	at org.ta4j.core.indicators.statistics.SimpleLinearRegressionIndicator.calculate(SimpleLinearRegressionIndicator.java:85)
	at sun.reflect.NativeMethodAccessorImpl.invoke0(Native Method)
	at sun.reflect.NativeMethodAccessorImpl.invoke(NativeMethodAccessorImpl.java:62)
	at sun.reflect.DelegatingMethodAccessorImpl.invoke(DelegatingMethodAccessorImpl.java:43)
	at java.lang.reflect.Method.invoke(Method.java:498)
	at org.ta4j.core.indicators.statistics.ReflectionUtils.callMethod(ReflectionUtils.java:238)
	at org.ta4j.core.indicators.statistics.SimpleLinearRegressionIndicator_calculate_20377686900.test(SimpleLinearRegressionIndicator_calculate_20377686900.java:61)
	at sun.reflect.NativeMethodAccessorImpl.invoke0(Native Method)
	at sun.reflect.NativeMethodAccessorImpl.invoke(NativeMethodAccessorImpl.java:62)
	at sun.reflect.DelegatingMethodAccessorImpl.invoke(DelegatingMethodAccessorImpl.java:43)
	at java.lang.reflect.Method.invoke(Method.java:498)
	at org.junit.runners.model.FrameworkMethod$1.runReflectiveCall(FrameworkMethod.java:47)
	at org.junit.internal.runners.model.ReflectiveCallable.run(ReflectiveCallable.java:12)
	at org.junit.runners.model.FrameworkMethod.invokeExplosively(FrameworkMethod.java:44)
	at org.junit.internal.runners.statements.InvokeMethod.evaluate(InvokeMethod.java:17)
	at org.junit.internal.runners.statements.RunBefores.evaluate(RunBefores.java:26)
	at org.junit.runners.ParentRunner.runLeaf(ParentRunner.java:271)
	at org.junit.runners.BlockJUnit4ClassRunner.runChild(BlockJUnit4ClassRunner.java:70)
	at org.junit.runners.BlockJUnit4ClassRunner.runChild(BlockJUnit4ClassRunner.java:50)
	at org.junit.runners.ParentRunner$3.run(ParentRunner.java:238)
	at org.junit.runners.ParentRunner$1.schedule(ParentRunner.java:63)
	at org.junit.runners.ParentRunner.runChildren(ParentRunner.java:236)
	at org.junit.runners.ParentRunner.access$000(ParentRunner.java:53)
	at org.junit.runners.ParentRunner$2.evaluate(ParentRunner.java:229)
	at org.junit.runners.ParentRunner.run(ParentRunner.java:309)
	at org.junit.runners.Suite.runChild(Suite.java:127)
	at org.junit.runners.Suite.runChild(Suite.java:26)
	at org.junit.runners.ParentRunner$3.run(ParentRunner.java:238)
	at org.junit.runners.ParentRunner$1.schedule(ParentRunner.java:63)
	at org.junit.runners.ParentRunner.runChildren(ParentRunner.java:236)
	at org.junit.runners.ParentRunner.access$000(ParentRunner.java:53)
	at org.junit.runners.ParentRunner$2.evaluate(ParentRunner.java:229)
	at org.junit.runners.ParentRunner.run(ParentRunner.java:309)
	at org.junit.runner.JUnitCore.run(JUnitCore.java:160)
	at org.junit.runner.JUnitCore.run(JUnitCore.java:138)
	at org.junit.runner.JUnitCore.run(JUnitCore.java:117)
	at sbst.benchmark.coverage.TestExecutionTask.call(TestExecutionTask.java:54)
	at sbst.benchmark.coverage.TestExecutionTask.call(TestExecutionTask.java:15)
	at java.util.concurrent.FutureTask.run(FutureTask.java:266)
	at java.util.concurrent.ThreadPoolExecutor.runWorker(ThreadPoolExecutor.java:1149)
	at java.util.concurrent.ThreadPoolExecutor$Worker.run(ThreadPoolExecutor.java:624)
	at java.lang.Thread.run(Thread.java:750)

Failure: [test(org.ta4j.core.indicators.statistics.SimpleLinearRegressionIndicator_init_171661780): null]
Failing Tests: test(org.ta4j.core.indicators.statistics.SimpleLinearRegressionIndicator_init_171661780)
java.lang.reflect.InvocationTargetException
	at sun.reflect.NativeConstructorAccessorImpl.newInstance0(Native Method)
	at sun.reflect.NativeConstructorAccessorImpl.newInstance(NativeConstructorAccessorImpl.java:62)
	at sun.reflect.DelegatingConstructorAccessorImpl.newInstance(DelegatingConstructorAccessorImpl.java:45)
	at java.lang.reflect.Constructor.newInstance(Constructor.java:423)
	at org.ta4j.core.indicators.statistics.ReflectionUtils.callConstructor(ReflectionUtils.java:231)
	at org.ta4j.core.indicators.statistics.SimpleLinearRegressionIndicator_init_171661780.test(SimpleLinearRegressionIndicator_init_171661780.java:41)
	at sun.reflect.NativeMethodAccessorImpl.invoke0(Native Method)
	at sun.reflect.NativeMethodAccessorImpl.invoke(NativeMethodAccessorImpl.java:62)
	at sun.reflect.DelegatingMethodAccessorImpl.invoke(DelegatingMethodAccessorImpl.java:43)
	at java.lang.reflect.Method.invoke(Method.java:498)
	at org.junit.runners.model.FrameworkMethod$1.runReflectiveCall(FrameworkMethod.java:47)
	at org.junit.internal.runners.model.ReflectiveCallable.run(ReflectiveCallable.java:12)
	at org.junit.runners.model.FrameworkMethod.invokeExplosively(FrameworkMethod.java:44)
	at org.junit.internal.runners.statements.InvokeMethod.evaluate(InvokeMethod.java:17)
	at org.junit.internal.runners.statements.RunBefores.evaluate(RunBefores.java:26)
	at org.junit.runners.ParentRunner.runLeaf(ParentRunner.java:271)
	at org.junit.runners.BlockJUnit4ClassRunner.runChild(BlockJUnit4ClassRunner.java:70)
	at org.junit.runners.BlockJUnit4ClassRunner.runChild(BlockJUnit4ClassRunner.java:50)
	at org.junit.runners.ParentRunner$3.run(ParentRunner.java:238)
	at org.junit.runners.ParentRunner$1.schedule(ParentRunner.java:63)
	at org.junit.runners.ParentRunner.runChildren(ParentRunner.java:236)
	at org.junit.runners.ParentRunner.access$000(ParentRunner.java:53)
	at org.junit.runners.ParentRunner$2.evaluate(ParentRunner.java:229)
	at org.junit.runners.ParentRunner.run(ParentRunner.java:309)
	at org.junit.runners.Suite.runChild(Suite.java:127)
	at org.junit.runners.Suite.runChild(Suite.java:26)
	at org.junit.runners.ParentRunner$3.run(ParentRunner.java:238)
	at org.junit.runners.ParentRunner$1.schedule(ParentRunner.java:63)
	at org.junit.runners.ParentRunner.runChildren(ParentRunner.java:236)
	at org.junit.runners.ParentRunner.access$000(ParentRunner.java:53)
	at org.junit.runners.ParentRunner$2.evaluate(ParentRunner.java:229)
	at org.junit.runners.ParentRunner.run(ParentRunner.java:309)
	at org.junit.runner.JUnitCore.run(JUnitCore.java:160)
	at org.junit.runner.JUnitCore.run(JUnitCore.java:138)
	at org.junit.runner.JUnitCore.run(JUnitCore.java:117)
	at sbst.benchmark.coverage.TestExecutionTask.call(TestExecutionTask.java:54)
	at sbst.benchmark.coverage.TestExecutionTask.call(TestExecutionTask.java:15)
	at java.util.concurrent.FutureTask.run(FutureTask.java:266)
	at java.util.concurrent.ThreadPoolExecutor.runWorker(ThreadPoolExecutor.java:1149)
	at java.util.concurrent.ThreadPoolExecutor$Worker.run(ThreadPoolExecutor.java:624)
	at java.lang.Thread.run(Thread.java:750)
Caused by: java.lang.NullPointerException
	at org.ta4j.core.indicators.CachedIndicator.<init>(CachedIndicator.java:69)
	at org.ta4j.core.indicators.statistics.SimpleLinearRegressionIndicator.<init>(SimpleLinearRegressionIndicator.java:72)
	at org.ta4j.core.indicators.statistics.SimpleLinearRegressionIndicator.<init>(SimpleLinearRegressionIndicator.java:61)
	... 41 more

Failure: [test(org.ta4j.core.indicators.statistics.SimpleLinearRegressionIndicator_init_171661781): null]
Failing Tests: test(org.ta4j.core.indicators.statistics.SimpleLinearRegressionIndicator_init_171661781)
java.lang.reflect.InvocationTargetException
	at sun.reflect.NativeConstructorAccessorImpl.newInstance0(Native Method)
	at sun.reflect.NativeConstructorAccessorImpl.newInstance(NativeConstructorAccessorImpl.java:62)
	at sun.reflect.DelegatingConstructorAccessorImpl.newInstance(DelegatingConstructorAccessorImpl.java:45)
	at java.lang.reflect.Constructor.newInstance(Constructor.java:423)
	at org.ta4j.core.indicators.statistics.ReflectionUtils.callConstructor(ReflectionUtils.java:231)
	at org.ta4j.core.indicators.statistics.SimpleLinearRegressionIndicator_init_171661781.test(SimpleLinearRegressionIndicator_init_171661781.java:41)
	at sun.reflect.NativeMethodAccessorImpl.invoke0(Native Method)
	at sun.reflect.NativeMethodAccessorImpl.invoke(NativeMethodAccessorImpl.java:62)
	at sun.reflect.DelegatingMethodAccessorImpl.invoke(DelegatingMethodAccessorImpl.java:43)
	at java.lang.reflect.Method.invoke(Method.java:498)
	at org.junit.runners.model.FrameworkMethod$1.runReflectiveCall(FrameworkMethod.java:47)
	at org.junit.internal.runners.model.ReflectiveCallable.run(ReflectiveCallable.java:12)
	at org.junit.runners.model.FrameworkMethod.invokeExplosively(FrameworkMethod.java:44)
	at org.junit.internal.runners.statements.InvokeMethod.evaluate(InvokeMethod.java:17)
	at org.junit.internal.runners.statements.RunBefores.evaluate(RunBefores.java:26)
	at org.junit.runners.ParentRunner.runLeaf(ParentRunner.java:271)
	at org.junit.runners.BlockJUnit4ClassRunner.runChild(BlockJUnit4ClassRunner.java:70)
	at org.junit.runners.BlockJUnit4ClassRunner.runChild(BlockJUnit4ClassRunner.java:50)
	at org.junit.runners.ParentRunner$3.run(ParentRunner.java:238)
	at org.junit.runners.ParentRunner$1.schedule(ParentRunner.java:63)
	at org.junit.runners.ParentRunner.runChildren(ParentRunner.java:236)
	at org.junit.runners.ParentRunner.access$000(ParentRunner.java:53)
	at org.junit.runners.ParentRunner$2.evaluate(ParentRunner.java:229)
	at org.junit.runners.ParentRunner.run(ParentRunner.java:309)
	at org.junit.runners.Suite.runChild(Suite.java:127)
	at org.junit.runners.Suite.runChild(Suite.java:26)
	at org.junit.runners.ParentRunner$3.run(ParentRunner.java:238)
	at org.junit.runners.ParentRunner$1.schedule(ParentRunner.java:63)
	at org.junit.runners.ParentRunner.runChildren(ParentRunner.java:236)
	at org.junit.runners.ParentRunner.access$000(ParentRunner.java:53)
	at org.junit.runners.ParentRunner$2.evaluate(ParentRunner.java:229)
	at org.junit.runners.ParentRunner.run(ParentRunner.java:309)
	at org.junit.runner.JUnitCore.run(JUnitCore.java:160)
	at org.junit.runner.JUnitCore.run(JUnitCore.java:138)
	at org.junit.runner.JUnitCore.run(JUnitCore.java:117)
	at sbst.benchmark.coverage.TestExecutionTask.call(TestExecutionTask.java:54)
	at sbst.benchmark.coverage.TestExecutionTask.call(TestExecutionTask.java:15)
	at java.util.concurrent.FutureTask.run(FutureTask.java:266)
	at java.util.concurrent.ThreadPoolExecutor.runWorker(ThreadPoolExecutor.java:1149)
	at java.util.concurrent.ThreadPoolExecutor$Worker.run(ThreadPoolExecutor.java:624)
	at java.lang.Thread.run(Thread.java:750)
Caused by: java.lang.NullPointerException
	at org.ta4j.core.indicators.CachedIndicator.<init>(CachedIndicator.java:69)
	at org.ta4j.core.indicators.statistics.SimpleLinearRegressionIndicator.<init>(SimpleLinearRegressionIndicator.java:72)
	at org.ta4j.core.indicators.statistics.SimpleLinearRegressionIndicator.<init>(SimpleLinearRegressionIndicator.java:61)
	... 41 more

Failure: [test(org.ta4j.core.indicators.statistics.SimpleLinearRegressionIndicator_init_17956999510): null]
Failing Tests: test(org.ta4j.core.indicators.statistics.SimpleLinearRegressionIndicator_init_17956999510)
java.lang.reflect.InvocationTargetException
	at sun.reflect.NativeConstructorAccessorImpl.newInstance0(Native Method)
	at sun.reflect.NativeConstructorAccessorImpl.newInstance(NativeConstructorAccessorImpl.java:62)
	at sun.reflect.DelegatingConstructorAccessorImpl.newInstance(DelegatingConstructorAccessorImpl.java:45)
	at java.lang.reflect.Constructor.newInstance(Constructor.java:423)
	at org.ta4j.core.indicators.statistics.ReflectionUtils.callConstructor(ReflectionUtils.java:231)
	at org.ta4j.core.indicators.statistics.SimpleLinearRegressionIndicator_init_17956999510.test(SimpleLinearRegressionIndicator_init_17956999510.java:50)
	at sun.reflect.NativeMethodAccessorImpl.invoke0(Native Method)
	at sun.reflect.NativeMethodAccessorImpl.invoke(NativeMethodAccessorImpl.java:62)
	at sun.reflect.DelegatingMethodAccessorImpl.invoke(DelegatingMethodAccessorImpl.java:43)
	at java.lang.reflect.Method.invoke(Method.java:498)
	at org.junit.runners.model.FrameworkMethod$1.runReflectiveCall(FrameworkMethod.java:47)
	at org.junit.internal.runners.model.ReflectiveCallable.run(ReflectiveCallable.java:12)
	at org.junit.runners.model.FrameworkMethod.invokeExplosively(FrameworkMethod.java:44)
	at org.junit.internal.runners.statements.InvokeMethod.evaluate(InvokeMethod.java:17)
	at org.junit.internal.runners.statements.RunBefores.evaluate(RunBefores.java:26)
	at org.junit.runners.ParentRunner.runLeaf(ParentRunner.java:271)
	at org.junit.runners.BlockJUnit4ClassRunner.runChild(BlockJUnit4ClassRunner.java:70)
	at org.junit.runners.BlockJUnit4ClassRunner.runChild(BlockJUnit4ClassRunner.java:50)
	at org.junit.runners.ParentRunner$3.run(ParentRunner.java:238)
	at org.junit.runners.ParentRunner$1.schedule(ParentRunner.java:63)
	at org.junit.runners.ParentRunner.runChildren(ParentRunner.java:236)
	at org.junit.runners.ParentRunner.access$000(ParentRunner.java:53)
	at org.junit.runners.ParentRunner$2.evaluate(ParentRunner.java:229)
	at org.junit.runners.ParentRunner.run(ParentRunner.java:309)
	at org.junit.runners.Suite.runChild(Suite.java:127)
	at org.junit.runners.Suite.runChild(Suite.java:26)
	at org.junit.runners.ParentRunner$3.run(ParentRunner.java:238)
	at org.junit.runners.ParentRunner$1.schedule(ParentRunner.java:63)
	at org.junit.runners.ParentRunner.runChildren(ParentRunner.java:236)
	at org.junit.runners.ParentRunner.access$000(ParentRunner.java:53)
	at org.junit.runners.ParentRunner$2.evaluate(ParentRunner.java:229)
	at org.junit.runners.ParentRunner.run(ParentRunner.java:309)
	at org.junit.runner.JUnitCore.run(JUnitCore.java:160)
	at org.junit.runner.JUnitCore.run(JUnitCore.java:138)
	at org.junit.runner.JUnitCore.run(JUnitCore.java:117)
	at sbst.benchmark.coverage.TestExecutionTask.call(TestExecutionTask.java:54)
	at sbst.benchmark.coverage.TestExecutionTask.call(TestExecutionTask.java:15)
	at java.util.concurrent.FutureTask.run(FutureTask.java:266)
	at java.util.concurrent.ThreadPoolExecutor.runWorker(ThreadPoolExecutor.java:1149)
	at java.util.concurrent.ThreadPoolExecutor$Worker.run(ThreadPoolExecutor.java:624)
	at java.lang.Thread.run(Thread.java:750)
Caused by: java.lang.NullPointerException
	at org.ta4j.core.indicators.CachedIndicator.<init>(CachedIndicator.java:69)
	at org.ta4j.core.indicators.statistics.SimpleLinearRegressionIndicator.<init>(SimpleLinearRegressionIndicator.java:72)
	... 41 more

Failure: [test(org.ta4j.core.indicators.statistics.SimpleLinearRegressionIndicator_init_17956999511): null]
Failing Tests: test(org.ta4j.core.indicators.statistics.SimpleLinearRegressionIndicator_init_17956999511)
java.lang.reflect.InvocationTargetException
	at sun.reflect.NativeConstructorAccessorImpl.newInstance0(Native Method)
	at sun.reflect.NativeConstructorAccessorImpl.newInstance(NativeConstructorAccessorImpl.java:62)
	at sun.reflect.DelegatingConstructorAccessorImpl.newInstance(DelegatingConstructorAccessorImpl.java:45)
	at java.lang.reflect.Constructor.newInstance(Constructor.java:423)
	at org.ta4j.core.indicators.statistics.ReflectionUtils.callConstructor(ReflectionUtils.java:231)
	at org.ta4j.core.indicators.statistics.SimpleLinearRegressionIndicator_init_17956999511.test(SimpleLinearRegressionIndicator_init_17956999511.java:43)
	at sun.reflect.NativeMethodAccessorImpl.invoke0(Native Method)
	at sun.reflect.NativeMethodAccessorImpl.invoke(NativeMethodAccessorImpl.java:62)
	at sun.reflect.DelegatingMethodAccessorImpl.invoke(DelegatingMethodAccessorImpl.java:43)
	at java.lang.reflect.Method.invoke(Method.java:498)
	at org.junit.runners.model.FrameworkMethod$1.runReflectiveCall(FrameworkMethod.java:47)
	at org.junit.internal.runners.model.ReflectiveCallable.run(ReflectiveCallable.java:12)
	at org.junit.runners.model.FrameworkMethod.invokeExplosively(FrameworkMethod.java:44)
	at org.junit.internal.runners.statements.InvokeMethod.evaluate(InvokeMethod.java:17)
	at org.junit.internal.runners.statements.RunBefores.evaluate(RunBefores.java:26)
	at org.junit.runners.ParentRunner.runLeaf(ParentRunner.java:271)
	at org.junit.runners.BlockJUnit4ClassRunner.runChild(BlockJUnit4ClassRunner.java:70)
	at org.junit.runners.BlockJUnit4ClassRunner.runChild(BlockJUnit4ClassRunner.java:50)
	at org.junit.runners.ParentRunner$3.run(ParentRunner.java:238)
	at org.junit.runners.ParentRunner$1.schedule(ParentRunner.java:63)
	at org.junit.runners.ParentRunner.runChildren(ParentRunner.java:236)
	at org.junit.runners.ParentRunner.access$000(ParentRunner.java:53)
	at org.junit.runners.ParentRunner$2.evaluate(ParentRunner.java:229)
	at org.junit.runners.ParentRunner.run(ParentRunner.java:309)
	at org.junit.runners.Suite.runChild(Suite.java:127)
	at org.junit.runners.Suite.runChild(Suite.java:26)
	at org.junit.runners.ParentRunner$3.run(ParentRunner.java:238)
	at org.junit.runners.ParentRunner$1.schedule(ParentRunner.java:63)
	at org.junit.runners.ParentRunner.runChildren(ParentRunner.java:236)
	at org.junit.runners.ParentRunner.access$000(ParentRunner.java:53)
	at org.junit.runners.ParentRunner$2.evaluate(ParentRunner.java:229)
	at org.junit.runners.ParentRunner.run(ParentRunner.java:309)
	at org.junit.runner.JUnitCore.run(JUnitCore.java:160)
	at org.junit.runner.JUnitCore.run(JUnitCore.java:138)
	at org.junit.runner.JUnitCore.run(JUnitCore.java:117)
	at sbst.benchmark.coverage.TestExecutionTask.call(TestExecutionTask.java:54)
	at sbst.benchmark.coverage.TestExecutionTask.call(TestExecutionTask.java:15)
	at java.util.concurrent.FutureTask.run(FutureTask.java:266)
	at java.util.concurrent.ThreadPoolExecutor.runWorker(ThreadPoolExecutor.java:1149)
	at java.util.concurrent.ThreadPoolExecutor$Worker.run(ThreadPoolExecutor.java:624)
	at java.lang.Thread.run(Thread.java:750)
Caused by: java.lang.NullPointerException
	at org.ta4j.core.indicators.CachedIndicator.<init>(CachedIndicator.java:69)
	at org.ta4j.core.indicators.statistics.SimpleLinearRegressionIndicator.<init>(SimpleLinearRegressionIndicator.java:72)
	... 41 more

Executions terminated
Failure: [initializationError(org.ta4j.core.indicators.statistics.EqualityUtils): No runnable methods]
Failing Tests: initializationError(org.ta4j.core.indicators.statistics.EqualityUtils)
java.lang.Exception: No runnable methods
	at org.junit.runners.BlockJUnit4ClassRunner.validateInstanceMethods(BlockJUnit4ClassRunner.java:169)
	at org.junit.runners.BlockJUnit4ClassRunner.collectInitializationErrors(BlockJUnit4ClassRunner.java:104)
	at org.junit.runners.ParentRunner.validate(ParentRunner.java:355)
	at org.junit.runners.ParentRunner.<init>(ParentRunner.java:76)
	at org.junit.runners.BlockJUnit4ClassRunner.<init>(BlockJUnit4ClassRunner.java:57)
	at org.junit.internal.builders.JUnit4Builder.runnerForClass(JUnit4Builder.java:10)
	at org.junit.runners.model.RunnerBuilder.safeRunnerForClass(RunnerBuilder.java:59)
	at org.junit.internal.builders.AllDefaultPossibilitiesBuilder.runnerForClass(AllDefaultPossibilitiesBuilder.java:26)
	at org.junit.runner.Computer.getRunner(Computer.java:40)
	at org.junit.runner.Computer$1.runnerForClass(Computer.java:31)
	at org.junit.runners.model.RunnerBuilder.safeRunnerForClass(RunnerBuilder.java:59)
	at org.junit.runners.model.RunnerBuilder.runners(RunnerBuilder.java:101)
	at org.junit.runners.model.RunnerBuilder.runners(RunnerBuilder.java:87)
	at org.junit.runners.Suite.<init>(Suite.java:80)
	at org.junit.runner.Computer.getSuite(Computer.java:28)
	at org.junit.runner.Request.classes(Request.java:75)
	at org.junit.runner.JUnitCore.run(JUnitCore.java:117)
	at sbst.benchmark.coverage.TestExecutionTask.call(TestExecutionTask.java:54)
	at sbst.benchmark.coverage.TestExecutionTask.call(TestExecutionTask.java:15)
	at java.util.concurrent.FutureTask.run(FutureTask.java:266)
	at java.util.concurrent.ThreadPoolExecutor.runWorker(ThreadPoolExecutor.java:1149)
	at java.util.concurrent.ThreadPoolExecutor$Worker.run(ThreadPoolExecutor.java:624)
	at java.lang.Thread.run(Thread.java:750)

Failure: [initializationError(org.ta4j.core.indicators.statistics.ReflectionUtils): No runnable methods]
Failing Tests: initializationError(org.ta4j.core.indicators.statistics.ReflectionUtils)
java.lang.Exception: No runnable methods
	at org.junit.runners.BlockJUnit4ClassRunner.validateInstanceMethods(BlockJUnit4ClassRunner.java:169)
	at org.junit.runners.BlockJUnit4ClassRunner.collectInitializationErrors(BlockJUnit4ClassRunner.java:104)
	at org.junit.runners.ParentRunner.validate(ParentRunner.java:355)
	at org.junit.runners.ParentRunner.<init>(ParentRunner.java:76)
	at org.junit.runners.BlockJUnit4ClassRunner.<init>(BlockJUnit4ClassRunner.java:57)
	at org.junit.internal.builders.JUnit4Builder.runnerForClass(JUnit4Builder.java:10)
	at org.junit.runners.model.RunnerBuilder.safeRunnerForClass(RunnerBuilder.java:59)
	at org.junit.internal.builders.AllDefaultPossibilitiesBuilder.runnerForClass(AllDefaultPossibilitiesBuilder.java:26)
	at org.junit.runner.Computer.getRunner(Computer.java:40)
	at org.junit.runner.Computer$1.runnerForClass(Computer.java:31)
	at org.junit.runners.model.RunnerBuilder.safeRunnerForClass(RunnerBuilder.java:59)
	at org.junit.runners.model.RunnerBuilder.runners(RunnerBuilder.java:101)
	at org.junit.runners.model.RunnerBuilder.runners(RunnerBuilder.java:87)
	at org.junit.runners.Suite.<init>(Suite.java:80)
	at org.junit.runner.Computer.getSuite(Computer.java:28)
	at org.junit.runner.Request.classes(Request.java:75)
	at org.junit.runner.JUnitCore.run(JUnitCore.java:117)
	at sbst.benchmark.coverage.TestExecutionTask.call(TestExecutionTask.java:54)
	at sbst.benchmark.coverage.TestExecutionTask.call(TestExecutionTask.java:15)
	at java.util.concurrent.FutureTask.run(FutureTask.java:266)
	at java.util.concurrent.ThreadPoolExecutor.runWorker(ThreadPoolExecutor.java:1149)
	at java.util.concurrent.ThreadPoolExecutor$Worker.run(ThreadPoolExecutor.java:624)
	at java.lang.Thread.run(Thread.java:750)

Failure: [test(org.ta4j.core.indicators.statistics.SimpleLinearRegressionIndicator_calculateRegressionLine_3729467910): null]
Failing Tests: test(org.ta4j.core.indicators.statistics.SimpleLinearRegressionIndicator_calculateRegressionLine_3729467910)
java.lang.NullPointerException
	at org.ta4j.core.indicators.AbstractIndicator.numOf(AbstractIndicator.java:65)
	at org.ta4j.core.indicators.statistics.SimpleLinearRegressionIndicator.calculateRegressionLine(SimpleLinearRegressionIndicator.java:106)
	at sun.reflect.NativeMethodAccessorImpl.invoke0(Native Method)
	at sun.reflect.NativeMethodAccessorImpl.invoke(NativeMethodAccessorImpl.java:62)
	at sun.reflect.DelegatingMethodAccessorImpl.invoke(DelegatingMethodAccessorImpl.java:43)
	at java.lang.reflect.Method.invoke(Method.java:498)
	at org.ta4j.core.indicators.statistics.ReflectionUtils.callMethod(ReflectionUtils.java:238)
	at org.ta4j.core.indicators.statistics.SimpleLinearRegressionIndicator_calculateRegressionLine_3729467910.test(SimpleLinearRegressionIndicator_calculateRegressionLine_3729467910.java:66)
	at sun.reflect.NativeMethodAccessorImpl.invoke0(Native Method)
	at sun.reflect.NativeMethodAccessorImpl.invoke(NativeMethodAccessorImpl.java:62)
	at sun.reflect.DelegatingMethodAccessorImpl.invoke(DelegatingMethodAccessorImpl.java:43)
	at java.lang.reflect.Method.invoke(Method.java:498)
	at org.junit.runners.model.FrameworkMethod$1.runReflectiveCall(FrameworkMethod.java:47)
	at org.junit.internal.runners.model.ReflectiveCallable.run(ReflectiveCallable.java:12)
	at org.junit.runners.model.FrameworkMethod.invokeExplosively(FrameworkMethod.java:44)
	at org.junit.internal.runners.statements.InvokeMethod.evaluate(InvokeMethod.java:17)
	at org.junit.internal.runners.statements.RunBefores.evaluate(RunBefores.java:26)
	at org.junit.runners.ParentRunner.runLeaf(ParentRunner.java:271)
	at org.junit.runners.BlockJUnit4ClassRunner.runChild(BlockJUnit4ClassRunner.java:70)
	at org.junit.runners.BlockJUnit4ClassRunner.runChild(BlockJUnit4ClassRunner.java:50)
	at org.junit.runners.ParentRunner$3.run(ParentRunner.java:238)
	at org.junit.runners.ParentRunner$1.schedule(ParentRunner.java:63)
	at org.junit.runners.ParentRunner.runChildren(ParentRunner.java:236)
	at org.junit.runners.ParentRunner.access$000(ParentRunner.java:53)
	at org.junit.runners.ParentRunner$2.evaluate(ParentRunner.java:229)
	at org.junit.runners.ParentRunner.run(ParentRunner.java:309)
	at org.junit.runners.Suite.runChild(Suite.java:127)
	at org.junit.runners.Suite.runChild(Suite.java:26)
	at org.junit.runners.ParentRunner$3.run(ParentRunner.java:238)
	at org.junit.runners.ParentRunner$1.schedule(ParentRunner.java:63)
	at org.junit.runners.ParentRunner.runChildren(ParentRunner.java:236)
	at org.junit.runners.ParentRunner.access$000(ParentRunner.java:53)
	at org.junit.runners.ParentRunner$2.evaluate(ParentRunner.java:229)
	at org.junit.runners.ParentRunner.run(ParentRunner.java:309)
	at org.junit.runner.JUnitCore.run(JUnitCore.java:160)
	at org.junit.runner.JUnitCore.run(JUnitCore.java:138)
	at org.junit.runner.JUnitCore.run(JUnitCore.java:117)
	at sbst.benchmark.coverage.TestExecutionTask.call(TestExecutionTask.java:54)
	at sbst.benchmark.coverage.TestExecutionTask.call(TestExecutionTask.java:15)
	at java.util.concurrent.FutureTask.run(FutureTask.java:266)
	at java.util.concurrent.ThreadPoolExecutor.runWorker(ThreadPoolExecutor.java:1149)
	at java.util.concurrent.ThreadPoolExecutor$Worker.run(ThreadPoolExecutor.java:624)
	at java.lang.Thread.run(Thread.java:750)

Failure: [test(org.ta4j.core.indicators.statistics.SimpleLinearRegressionIndicator_calculateRegressionLine_3729467911): null]
Failing Tests: test(org.ta4j.core.indicators.statistics.SimpleLinearRegressionIndicator_calculateRegressionLine_3729467911)
java.lang.NullPointerException
	at org.ta4j.core.indicators.AbstractIndicator.numOf(AbstractIndicator.java:65)
	at org.ta4j.core.indicators.statistics.SimpleLinearRegressionIndicator.calculateRegressionLine(SimpleLinearRegressionIndicator.java:106)
	at sun.reflect.NativeMethodAccessorImpl.invoke0(Native Method)
	at sun.reflect.NativeMethodAccessorImpl.invoke(NativeMethodAccessorImpl.java:62)
	at sun.reflect.DelegatingMethodAccessorImpl.invoke(DelegatingMethodAccessorImpl.java:43)
	at java.lang.reflect.Method.invoke(Method.java:498)
	at org.ta4j.core.indicators.statistics.ReflectionUtils.callMethod(ReflectionUtils.java:238)
	at org.ta4j.core.indicators.statistics.SimpleLinearRegressionIndicator_calculateRegressionLine_3729467911.test(SimpleLinearRegressionIndicator_calculateRegressionLine_3729467911.java:55)
	at sun.reflect.NativeMethodAccessorImpl.invoke0(Native Method)
	at sun.reflect.NativeMethodAccessorImpl.invoke(NativeMethodAccessorImpl.java:62)
	at sun.reflect.DelegatingMethodAccessorImpl.invoke(DelegatingMethodAccessorImpl.java:43)
	at java.lang.reflect.Method.invoke(Method.java:498)
	at org.junit.runners.model.FrameworkMethod$1.runReflectiveCall(FrameworkMethod.java:47)
	at org.junit.internal.runners.model.ReflectiveCallable.run(ReflectiveCallable.java:12)
	at org.junit.runners.model.FrameworkMethod.invokeExplosively(FrameworkMethod.java:44)
	at org.junit.internal.runners.statements.InvokeMethod.evaluate(InvokeMethod.java:17)
	at org.junit.internal.runners.statements.RunBefores.evaluate(RunBefores.java:26)
	at org.junit.runners.ParentRunner.runLeaf(ParentRunner.java:271)
	at org.junit.runners.BlockJUnit4ClassRunner.runChild(BlockJUnit4ClassRunner.java:70)
	at org.junit.runners.BlockJUnit4ClassRunner.runChild(BlockJUnit4ClassRunner.java:50)
	at org.junit.runners.ParentRunner$3.run(ParentRunner.java:238)
	at org.junit.runners.ParentRunner$1.schedule(ParentRunner.java:63)
	at org.junit.runners.ParentRunner.runChildren(ParentRunner.java:236)
	at org.junit.runners.ParentRunner.access$000(ParentRunner.java:53)
	at org.junit.runners.ParentRunner$2.evaluate(ParentRunner.java:229)
	at org.junit.runners.ParentRunner.run(ParentRunner.java:309)
	at org.junit.runners.Suite.runChild(Suite.java:127)
	at org.junit.runners.Suite.runChild(Suite.java:26)
	at org.junit.runners.ParentRunner$3.run(ParentRunner.java:238)
	at org.junit.runners.ParentRunner$1.schedule(ParentRunner.java:63)
	at org.junit.runners.ParentRunner.runChildren(ParentRunner.java:236)
	at org.junit.runners.ParentRunner.access$000(ParentRunner.java:53)
	at org.junit.runners.ParentRunner$2.evaluate(ParentRunner.java:229)
	at org.junit.runners.ParentRunner.run(ParentRunner.java:309)
	at org.junit.runner.JUnitCore.run(JUnitCore.java:160)
	at org.junit.runner.JUnitCore.run(JUnitCore.java:138)
	at org.junit.runner.JUnitCore.run(JUnitCore.java:117)
	at sbst.benchmark.coverage.TestExecutionTask.call(TestExecutionTask.java:54)
	at sbst.benchmark.coverage.TestExecutionTask.call(TestExecutionTask.java:15)
	at java.util.concurrent.FutureTask.run(FutureTask.java:266)
	at java.util.concurrent.ThreadPoolExecutor.runWorker(ThreadPoolExecutor.java:1149)
	at java.util.concurrent.ThreadPoolExecutor$Worker.run(ThreadPoolExecutor.java:624)
	at java.lang.Thread.run(Thread.java:750)

Failure: [test(org.ta4j.core.indicators.statistics.SimpleLinearRegressionIndicator_calculate_20377686900): null]
Failing Tests: test(org.ta4j.core.indicators.statistics.SimpleLinearRegressionIndicator_calculate_20377686900)
java.lang.NullPointerException
	at org.ta4j.core.indicators.AbstractIndicator.numOf(AbstractIndicator.java:65)
	at org.ta4j.core.indicators.statistics.SimpleLinearRegressionIndicator.calculateRegressionLine(SimpleLinearRegressionIndicator.java:106)
	at org.ta4j.core.indicators.statistics.SimpleLinearRegressionIndicator.calculate(SimpleLinearRegressionIndicator.java:85)
	at sun.reflect.NativeMethodAccessorImpl.invoke0(Native Method)
	at sun.reflect.NativeMethodAccessorImpl.invoke(NativeMethodAccessorImpl.java:62)
	at sun.reflect.DelegatingMethodAccessorImpl.invoke(DelegatingMethodAccessorImpl.java:43)
	at java.lang.reflect.Method.invoke(Method.java:498)
	at org.ta4j.core.indicators.statistics.ReflectionUtils.callMethod(ReflectionUtils.java:238)
	at org.ta4j.core.indicators.statistics.SimpleLinearRegressionIndicator_calculate_20377686900.test(SimpleLinearRegressionIndicator_calculate_20377686900.java:61)
	at sun.reflect.NativeMethodAccessorImpl.invoke0(Native Method)
	at sun.reflect.NativeMethodAccessorImpl.invoke(NativeMethodAccessorImpl.java:62)
	at sun.reflect.DelegatingMethodAccessorImpl.invoke(DelegatingMethodAccessorImpl.java:43)
	at java.lang.reflect.Method.invoke(Method.java:498)
	at org.junit.runners.model.FrameworkMethod$1.runReflectiveCall(FrameworkMethod.java:47)
	at org.junit.internal.runners.model.ReflectiveCallable.run(ReflectiveCallable.java:12)
	at org.junit.runners.model.FrameworkMethod.invokeExplosively(FrameworkMethod.java:44)
	at org.junit.internal.runners.statements.InvokeMethod.evaluate(InvokeMethod.java:17)
	at org.junit.internal.runners.statements.RunBefores.evaluate(RunBefores.java:26)
	at org.junit.runners.ParentRunner.runLeaf(ParentRunner.java:271)
	at org.junit.runners.BlockJUnit4ClassRunner.runChild(BlockJUnit4ClassRunner.java:70)
	at org.junit.runners.BlockJUnit4ClassRunner.runChild(BlockJUnit4ClassRunner.java:50)
	at org.junit.runners.ParentRunner$3.run(ParentRunner.java:238)
	at org.junit.runners.ParentRunner$1.schedule(ParentRunner.java:63)
	at org.junit.runners.ParentRunner.runChildren(ParentRunner.java:236)
	at org.junit.runners.ParentRunner.access$000(ParentRunner.java:53)
	at org.junit.runners.ParentRunner$2.evaluate(ParentRunner.java:229)
	at org.junit.runners.ParentRunner.run(ParentRunner.java:309)
	at org.junit.runners.Suite.runChild(Suite.java:127)
	at org.junit.runners.Suite.runChild(Suite.java:26)
	at org.junit.runners.ParentRunner$3.run(ParentRunner.java:238)
	at org.junit.runners.ParentRunner$1.schedule(ParentRunner.java:63)
	at org.junit.runners.ParentRunner.runChildren(ParentRunner.java:236)
	at org.junit.runners.ParentRunner.access$000(ParentRunner.java:53)
	at org.junit.runners.ParentRunner$2.evaluate(ParentRunner.java:229)
	at org.junit.runners.ParentRunner.run(ParentRunner.java:309)
	at org.junit.runner.JUnitCore.run(JUnitCore.java:160)
	at org.junit.runner.JUnitCore.run(JUnitCore.java:138)
	at org.junit.runner.JUnitCore.run(JUnitCore.java:117)
	at sbst.benchmark.coverage.TestExecutionTask.call(TestExecutionTask.java:54)
	at sbst.benchmark.coverage.TestExecutionTask.call(TestExecutionTask.java:15)
	at java.util.concurrent.FutureTask.run(FutureTask.java:266)
	at java.util.concurrent.ThreadPoolExecutor.runWorker(ThreadPoolExecutor.java:1149)
	at java.util.concurrent.ThreadPoolExecutor$Worker.run(ThreadPoolExecutor.java:624)
	at java.lang.Thread.run(Thread.java:750)

Failure: [test(org.ta4j.core.indicators.statistics.SimpleLinearRegressionIndicator_init_171661780): null]
Failing Tests: test(org.ta4j.core.indicators.statistics.SimpleLinearRegressionIndicator_init_171661780)
java.lang.reflect.InvocationTargetException
	at sun.reflect.NativeConstructorAccessorImpl.newInstance0(Native Method)
	at sun.reflect.NativeConstructorAccessorImpl.newInstance(NativeConstructorAccessorImpl.java:62)
	at sun.reflect.DelegatingConstructorAccessorImpl.newInstance(DelegatingConstructorAccessorImpl.java:45)
	at java.lang.reflect.Constructor.newInstance(Constructor.java:423)
	at org.ta4j.core.indicators.statistics.ReflectionUtils.callConstructor(ReflectionUtils.java:231)
	at org.ta4j.core.indicators.statistics.SimpleLinearRegressionIndicator_init_171661780.test(SimpleLinearRegressionIndicator_init_171661780.java:41)
	at sun.reflect.NativeMethodAccessorImpl.invoke0(Native Method)
	at sun.reflect.NativeMethodAccessorImpl.invoke(NativeMethodAccessorImpl.java:62)
	at sun.reflect.DelegatingMethodAccessorImpl.invoke(DelegatingMethodAccessorImpl.java:43)
	at java.lang.reflect.Method.invoke(Method.java:498)
	at org.junit.runners.model.FrameworkMethod$1.runReflectiveCall(FrameworkMethod.java:47)
	at org.junit.internal.runners.model.ReflectiveCallable.run(ReflectiveCallable.java:12)
	at org.junit.runners.model.FrameworkMethod.invokeExplosively(FrameworkMethod.java:44)
	at org.junit.internal.runners.statements.InvokeMethod.evaluate(InvokeMethod.java:17)
	at org.junit.internal.runners.statements.RunBefores.evaluate(RunBefores.java:26)
	at org.junit.runners.ParentRunner.runLeaf(ParentRunner.java:271)
	at org.junit.runners.BlockJUnit4ClassRunner.runChild(BlockJUnit4ClassRunner.java:70)
	at org.junit.runners.BlockJUnit4ClassRunner.runChild(BlockJUnit4ClassRunner.java:50)
	at org.junit.runners.ParentRunner$3.run(ParentRunner.java:238)
	at org.junit.runners.ParentRunner$1.schedule(ParentRunner.java:63)
	at org.junit.runners.ParentRunner.runChildren(ParentRunner.java:236)
	at org.junit.runners.ParentRunner.access$000(ParentRunner.java:53)
	at org.junit.runners.ParentRunner$2.evaluate(ParentRunner.java:229)
	at org.junit.runners.ParentRunner.run(ParentRunner.java:309)
	at org.junit.runners.Suite.runChild(Suite.java:127)
	at org.junit.runners.Suite.runChild(Suite.java:26)
	at org.junit.runners.ParentRunner$3.run(ParentRunner.java:238)
	at org.junit.runners.ParentRunner$1.schedule(ParentRunner.java:63)
	at org.junit.runners.ParentRunner.runChildren(ParentRunner.java:236)
	at org.junit.runners.ParentRunner.access$000(ParentRunner.java:53)
	at org.junit.runners.ParentRunner$2.evaluate(ParentRunner.java:229)
	at org.junit.runners.ParentRunner.run(ParentRunner.java:309)
	at org.junit.runner.JUnitCore.run(JUnitCore.java:160)
	at org.junit.runner.JUnitCore.run(JUnitCore.java:138)
	at org.junit.runner.JUnitCore.run(JUnitCore.java:117)
	at sbst.benchmark.coverage.TestExecutionTask.call(TestExecutionTask.java:54)
	at sbst.benchmark.coverage.TestExecutionTask.call(TestExecutionTask.java:15)
	at java.util.concurrent.FutureTask.run(FutureTask.java:266)
	at java.util.concurrent.ThreadPoolExecutor.runWorker(ThreadPoolExecutor.java:1149)
	at java.util.concurrent.ThreadPoolExecutor$Worker.run(ThreadPoolExecutor.java:624)
	at java.lang.Thread.run(Thread.java:750)
Caused by: java.lang.NullPointerException
	at org.ta4j.core.indicators.CachedIndicator.<init>(CachedIndicator.java:69)
	at org.ta4j.core.indicators.statistics.SimpleLinearRegressionIndicator.<init>(SimpleLinearRegressionIndicator.java:72)
	at org.ta4j.core.indicators.statistics.SimpleLinearRegressionIndicator.<init>(SimpleLinearRegressionIndicator.java:61)
	... 41 more

Failure: [test(org.ta4j.core.indicators.statistics.SimpleLinearRegressionIndicator_init_171661781): null]
Failing Tests: test(org.ta4j.core.indicators.statistics.SimpleLinearRegressionIndicator_init_171661781)
java.lang.reflect.InvocationTargetException
	at sun.reflect.NativeConstructorAccessorImpl.newInstance0(Native Method)
	at sun.reflect.NativeConstructorAccessorImpl.newInstance(NativeConstructorAccessorImpl.java:62)
	at sun.reflect.DelegatingConstructorAccessorImpl.newInstance(DelegatingConstructorAccessorImpl.java:45)
	at java.lang.reflect.Constructor.newInstance(Constructor.java:423)
	at org.ta4j.core.indicators.statistics.ReflectionUtils.callConstructor(ReflectionUtils.java:231)
	at org.ta4j.core.indicators.statistics.SimpleLinearRegressionIndicator_init_171661781.test(SimpleLinearRegressionIndicator_init_171661781.java:41)
	at sun.reflect.NativeMethodAccessorImpl.invoke0(Native Method)
	at sun.reflect.NativeMethodAccessorImpl.invoke(NativeMethodAccessorImpl.java:62)
	at sun.reflect.DelegatingMethodAccessorImpl.invoke(DelegatingMethodAccessorImpl.java:43)
	at java.lang.reflect.Method.invoke(Method.java:498)
	at org.junit.runners.model.FrameworkMethod$1.runReflectiveCall(FrameworkMethod.java:47)
	at org.junit.internal.runners.model.ReflectiveCallable.run(ReflectiveCallable.java:12)
	at org.junit.runners.model.FrameworkMethod.invokeExplosively(FrameworkMethod.java:44)
	at org.junit.internal.runners.statements.InvokeMethod.evaluate(InvokeMethod.java:17)
	at org.junit.internal.runners.statements.RunBefores.evaluate(RunBefores.java:26)
	at org.junit.runners.ParentRunner.runLeaf(ParentRunner.java:271)
	at org.junit.runners.BlockJUnit4ClassRunner.runChild(BlockJUnit4ClassRunner.java:70)
	at org.junit.runners.BlockJUnit4ClassRunner.runChild(BlockJUnit4ClassRunner.java:50)
	at org.junit.runners.ParentRunner$3.run(ParentRunner.java:238)
	at org.junit.runners.ParentRunner$1.schedule(ParentRunner.java:63)
	at org.junit.runners.ParentRunner.runChildren(ParentRunner.java:236)
	at org.junit.runners.ParentRunner.access$000(ParentRunner.java:53)
	at org.junit.runners.ParentRunner$2.evaluate(ParentRunner.java:229)
	at org.junit.runners.ParentRunner.run(ParentRunner.java:309)
	at org.junit.runners.Suite.runChild(Suite.java:127)
	at org.junit.runners.Suite.runChild(Suite.java:26)
	at org.junit.runners.ParentRunner$3.run(ParentRunner.java:238)
	at org.junit.runners.ParentRunner$1.schedule(ParentRunner.java:63)
	at org.junit.runners.ParentRunner.runChildren(ParentRunner.java:236)
	at org.junit.runners.ParentRunner.access$000(ParentRunner.java:53)
	at org.junit.runners.ParentRunner$2.evaluate(ParentRunner.java:229)
	at org.junit.runners.ParentRunner.run(ParentRunner.java:309)
	at org.junit.runner.JUnitCore.run(JUnitCore.java:160)
	at org.junit.runner.JUnitCore.run(JUnitCore.java:138)
	at org.junit.runner.JUnitCore.run(JUnitCore.java:117)
	at sbst.benchmark.coverage.TestExecutionTask.call(TestExecutionTask.java:54)
	at sbst.benchmark.coverage.TestExecutionTask.call(TestExecutionTask.java:15)
	at java.util.concurrent.FutureTask.run(FutureTask.java:266)
	at java.util.concurrent.ThreadPoolExecutor.runWorker(ThreadPoolExecutor.java:1149)
	at java.util.concurrent.ThreadPoolExecutor$Worker.run(ThreadPoolExecutor.java:624)
	at java.lang.Thread.run(Thread.java:750)
Caused by: java.lang.NullPointerException
	at org.ta4j.core.indicators.CachedIndicator.<init>(CachedIndicator.java:69)
	at org.ta4j.core.indicators.statistics.SimpleLinearRegressionIndicator.<init>(SimpleLinearRegressionIndicator.java:72)
	at org.ta4j.core.indicators.statistics.SimpleLinearRegressionIndicator.<init>(SimpleLinearRegressionIndicator.java:61)
	... 41 more

Failure: [test(org.ta4j.core.indicators.statistics.SimpleLinearRegressionIndicator_init_17956999510): null]
Failing Tests: test(org.ta4j.core.indicators.statistics.SimpleLinearRegressionIndicator_init_17956999510)
java.lang.reflect.InvocationTargetException
	at sun.reflect.NativeConstructorAccessorImpl.newInstance0(Native Method)
	at sun.reflect.NativeConstructorAccessorImpl.newInstance(NativeConstructorAccessorImpl.java:62)
	at sun.reflect.DelegatingConstructorAccessorImpl.newInstance(DelegatingConstructorAccessorImpl.java:45)
	at java.lang.reflect.Constructor.newInstance(Constructor.java:423)
	at org.ta4j.core.indicators.statistics.ReflectionUtils.callConstructor(ReflectionUtils.java:231)
	at org.ta4j.core.indicators.statistics.SimpleLinearRegressionIndicator_init_17956999510.test(SimpleLinearRegressionIndicator_init_17956999510.java:50)
	at sun.reflect.NativeMethodAccessorImpl.invoke0(Native Method)
	at sun.reflect.NativeMethodAccessorImpl.invoke(NativeMethodAccessorImpl.java:62)
	at sun.reflect.DelegatingMethodAccessorImpl.invoke(DelegatingMethodAccessorImpl.java:43)
	at java.lang.reflect.Method.invoke(Method.java:498)
	at org.junit.runners.model.FrameworkMethod$1.runReflectiveCall(FrameworkMethod.java:47)
	at org.junit.internal.runners.model.ReflectiveCallable.run(ReflectiveCallable.java:12)
	at org.junit.runners.model.FrameworkMethod.invokeExplosively(FrameworkMethod.java:44)
	at org.junit.internal.runners.statements.InvokeMethod.evaluate(InvokeMethod.java:17)
	at org.junit.internal.runners.statements.RunBefores.evaluate(RunBefores.java:26)
	at org.junit.runners.ParentRunner.runLeaf(ParentRunner.java:271)
	at org.junit.runners.BlockJUnit4ClassRunner.runChild(BlockJUnit4ClassRunner.java:70)
	at org.junit.runners.BlockJUnit4ClassRunner.runChild(BlockJUnit4ClassRunner.java:50)
	at org.junit.runners.ParentRunner$3.run(ParentRunner.java:238)
	at org.junit.runners.ParentRunner$1.schedule(ParentRunner.java:63)
	at org.junit.runners.ParentRunner.runChildren(ParentRunner.java:236)
	at org.junit.runners.ParentRunner.access$000(ParentRunner.java:53)
	at org.junit.runners.ParentRunner$2.evaluate(ParentRunner.java:229)
	at org.junit.runners.ParentRunner.run(ParentRunner.java:309)
	at org.junit.runners.Suite.runChild(Suite.java:127)
	at org.junit.runners.Suite.runChild(Suite.java:26)
	at org.junit.runners.ParentRunner$3.run(ParentRunner.java:238)
	at org.junit.runners.ParentRunner$1.schedule(ParentRunner.java:63)
	at org.junit.runners.ParentRunner.runChildren(ParentRunner.java:236)
	at org.junit.runners.ParentRunner.access$000(ParentRunner.java:53)
	at org.junit.runners.ParentRunner$2.evaluate(ParentRunner.java:229)
	at org.junit.runners.ParentRunner.run(ParentRunner.java:309)
	at org.junit.runner.JUnitCore.run(JUnitCore.java:160)
	at org.junit.runner.JUnitCore.run(JUnitCore.java:138)
	at org.junit.runner.JUnitCore.run(JUnitCore.java:117)
	at sbst.benchmark.coverage.TestExecutionTask.call(TestExecutionTask.java:54)
	at sbst.benchmark.coverage.TestExecutionTask.call(TestExecutionTask.java:15)
	at java.util.concurrent.FutureTask.run(FutureTask.java:266)
	at java.util.concurrent.ThreadPoolExecutor.runWorker(ThreadPoolExecutor.java:1149)
	at java.util.concurrent.ThreadPoolExecutor$Worker.run(ThreadPoolExecutor.java:624)
	at java.lang.Thread.run(Thread.java:750)
Caused by: java.lang.NullPointerException
	at org.ta4j.core.indicators.CachedIndicator.<init>(CachedIndicator.java:69)
	at org.ta4j.core.indicators.statistics.SimpleLinearRegressionIndicator.<init>(SimpleLinearRegressionIndicator.java:72)
	... 41 more

Failure: [test(org.ta4j.core.indicators.statistics.SimpleLinearRegressionIndicator_init_17956999511): null]
Failing Tests: test(org.ta4j.core.indicators.statistics.SimpleLinearRegressionIndicator_init_17956999511)
java.lang.reflect.InvocationTargetException
	at sun.reflect.NativeConstructorAccessorImpl.newInstance0(Native Method)
	at sun.reflect.NativeConstructorAccessorImpl.newInstance(NativeConstructorAccessorImpl.java:62)
	at sun.reflect.DelegatingConstructorAccessorImpl.newInstance(DelegatingConstructorAccessorImpl.java:45)
	at java.lang.reflect.Constructor.newInstance(Constructor.java:423)
	at org.ta4j.core.indicators.statistics.ReflectionUtils.callConstructor(ReflectionUtils.java:231)
	at org.ta4j.core.indicators.statistics.SimpleLinearRegressionIndicator_init_17956999511.test(SimpleLinearRegressionIndicator_init_17956999511.java:43)
	at sun.reflect.NativeMethodAccessorImpl.invoke0(Native Method)
	at sun.reflect.NativeMethodAccessorImpl.invoke(NativeMethodAccessorImpl.java:62)
	at sun.reflect.DelegatingMethodAccessorImpl.invoke(DelegatingMethodAccessorImpl.java:43)
	at java.lang.reflect.Method.invoke(Method.java:498)
	at org.junit.runners.model.FrameworkMethod$1.runReflectiveCall(FrameworkMethod.java:47)
	at org.junit.internal.runners.model.ReflectiveCallable.run(ReflectiveCallable.java:12)
	at org.junit.runners.model.FrameworkMethod.invokeExplosively(FrameworkMethod.java:44)
	at org.junit.internal.runners.statements.InvokeMethod.evaluate(InvokeMethod.java:17)
	at org.junit.internal.runners.statements.RunBefores.evaluate(RunBefores.java:26)
	at org.junit.runners.ParentRunner.runLeaf(ParentRunner.java:271)
	at org.junit.runners.BlockJUnit4ClassRunner.runChild(BlockJUnit4ClassRunner.java:70)
	at org.junit.runners.BlockJUnit4ClassRunner.runChild(BlockJUnit4ClassRunner.java:50)
	at org.junit.runners.ParentRunner$3.run(ParentRunner.java:238)
	at org.junit.runners.ParentRunner$1.schedule(ParentRunner.java:63)
	at org.junit.runners.ParentRunner.runChildren(ParentRunner.java:236)
	at org.junit.runners.ParentRunner.access$000(ParentRunner.java:53)
	at org.junit.runners.ParentRunner$2.evaluate(ParentRunner.java:229)
	at org.junit.runners.ParentRunner.run(ParentRunner.java:309)
	at org.junit.runners.Suite.runChild(Suite.java:127)
	at org.junit.runners.Suite.runChild(Suite.java:26)
	at org.junit.runners.ParentRunner$3.run(ParentRunner.java:238)
	at org.junit.runners.ParentRunner$1.schedule(ParentRunner.java:63)
	at org.junit.runners.ParentRunner.runChildren(ParentRunner.java:236)
	at org.junit.runners.ParentRunner.access$000(ParentRunner.java:53)
	at org.junit.runners.ParentRunner$2.evaluate(ParentRunner.java:229)
	at org.junit.runners.ParentRunner.run(ParentRunner.java:309)
	at org.junit.runner.JUnitCore.run(JUnitCore.java:160)
	at org.junit.runner.JUnitCore.run(JUnitCore.java:138)
	at org.junit.runner.JUnitCore.run(JUnitCore.java:117)
	at sbst.benchmark.coverage.TestExecutionTask.call(TestExecutionTask.java:54)
	at sbst.benchmark.coverage.TestExecutionTask.call(TestExecutionTask.java:15)
	at java.util.concurrent.FutureTask.run(FutureTask.java:266)
	at java.util.concurrent.ThreadPoolExecutor.runWorker(ThreadPoolExecutor.java:1149)
	at java.util.concurrent.ThreadPoolExecutor$Worker.run(ThreadPoolExecutor.java:624)
	at java.lang.Thread.run(Thread.java:750)
Caused by: java.lang.NullPointerException
	at org.ta4j.core.indicators.CachedIndicator.<init>(CachedIndicator.java:69)
	at org.ta4j.core.indicators.statistics.SimpleLinearRegressionIndicator.<init>(SimpleLinearRegressionIndicator.java:72)
	... 41 more


=== Run Jacoco for Coverage ===
Number of instrumented file = 5041
Running tests with the following classpath: 
/home/kex/results_kex_120/TA4J-81_1/temp/testcases/ta4j-core-0.15_instrumented.jar:/home/kex/results_kex_120/TA4J-81_1/temp/testcases/hamcrest-core-1.3_instrumented.jar:/home/kex/results_kex_120/TA4J-81_1/temp/testcases/commons-io-2.11.0_instrumented.jar:/home/kex/results_kex_120/TA4J-81_1/temp/testcases/logback-classic-1.2.3_instrumented.jar:/home/kex/results_kex_120/TA4J-81_1/temp/testcases/commons-math3-3.6.1_instrumented.jar:/home/kex/results_kex_120/TA4J-81_1/temp/testcases/SparseBitSet-1.2_instrumented.jar:/home/kex/results_kex_120/TA4J-81_1/temp/testcases/junit-4.13.1_instrumented.jar:/home/kex/results_kex_120/TA4J-81_1/temp/testcases/logback-core-1.2.3_instrumented.jar:/home/kex/results_kex_120/TA4J-81_1/temp/testcases/poi-5.2.2_instrumented.jar:/home/kex/results_kex_120/TA4J-81_1/temp/testcases/commons-codec-1.15_instrumented.jar:/home/kex/results_kex_120/TA4J-81_1/temp/testcases/commons-collections4-4.4_instrumented.jar:/home/kex/results_kex_120/TA4J-81_1/temp/testcases/slf4j-api-1.7.25_instrumented.jar:/usr/local/bin/lib/hamcrest-core.jar:/usr/local/bin/lib/junit.jar:/home/kex/results_kex_120/TA4J-81_1/temp/testcases/bin
Running the tests: [SBSTDummyForCoverageAndMutationCalculation, org.ta4j.core.indicators.statistics.EqualityUtils, org.ta4j.core.indicators.statistics.ReflectionUtils, org.ta4j.core.indicators.statistics.SimpleLinearRegressionIndicator_calculateRegressionLine_3729467910, org.ta4j.core.indicators.statistics.SimpleLinearRegressionIndicator_calculateRegressionLine_3729467911, org.ta4j.core.indicators.statistics.SimpleLinearRegressionIndicator_calculate_20377686900, org.ta4j.core.indicators.statistics.SimpleLinearRegressionIndicator_calculate_20377686901, org.ta4j.core.indicators.statistics.SimpleLinearRegressionIndicator_init_171661780, org.ta4j.core.indicators.statistics.SimpleLinearRegressionIndicator_init_171661781, org.ta4j.core.indicators.statistics.SimpleLinearRegressionIndicator_init_17956999510, org.ta4j.core.indicators.statistics.SimpleLinearRegressionIndicator_init_17956999511]
Executions terminated
Number of file with coverage information = 267
Extracted coverage data for the class org/ta4j/core/indicators/statistics/SimpleLinearRegressionIndicator
Number of file with coverage information = 45
Number of file with coverage information = 201
Number of file with coverage information = 175
Number of file with coverage information = 1301
Number of file with coverage information = 15
Number of file with coverage information = 348
Number of file with coverage information = 373
Number of file with coverage information = 1652
Number of file with coverage information = 106
Number of file with coverage information = 524
Number of file with coverage information = 34

=== Run PIT ===
Matching Jacoco with PIT: find covered mutations
Executing Mutation Analysis using 21 mutants 
Evaluating mutant 1522245480 using tests: [org.ta4j.core.indicators.statistics.EqualityUtils, org.ta4j.core.indicators.statistics.ReflectionUtils, org.ta4j.core.indicators.statistics.SimpleLinearRegressionIndicator_calculateRegressionLine_3729467910, org.ta4j.core.indicators.statistics.SimpleLinearRegressionIndicator_calculateRegressionLine_3729467911, org.ta4j.core.indicators.statistics.SimpleLinearRegressionIndicator_calculate_20377686900, org.ta4j.core.indicators.statistics.SimpleLinearRegressionIndicator_calculate_20377686901, org.ta4j.core.indicators.statistics.SimpleLinearRegressionIndicator_init_171661780, org.ta4j.core.indicators.statistics.SimpleLinearRegressionIndicator_init_171661781, org.ta4j.core.indicators.statistics.SimpleLinearRegressionIndicator_init_17956999510, org.ta4j.core.indicators.statistics.SimpleLinearRegressionIndicator_init_17956999511]

 CP : /usr/local/bin/lib/junit.jar:/usr/local/bin/lib/hamcrest-core.jar:results_kex_120/TA4J-81_1/temp/testcases/mutated_code/SUT:/home/kex/results_kex_120/TA4J-81_1/temp/testcases/bin:results_kex_120/TA4J-81_1/temp/testcases/mutated_code/CUT0

Failed test initializationError(org.ta4j.core.indicators.statistics.EqualityUtils)
	 flaky test, ignore !
Failed test initializationError(org.ta4j.core.indicators.statistics.ReflectionUtils)
	 flaky test, ignore !
Failed test test(org.ta4j.core.indicators.statistics.SimpleLinearRegressionIndicator_calculateRegressionLine_3729467910)
	 flaky test, ignore !
Failed test test(org.ta4j.core.indicators.statistics.SimpleLinearRegressionIndicator_calculateRegressionLine_3729467911)
	 flaky test, ignore !
Failed test test(org.ta4j.core.indicators.statistics.SimpleLinearRegressionIndicator_calculate_20377686900)
	 flaky test, ignore !
Failed test test(org.ta4j.core.indicators.statistics.SimpleLinearRegressionIndicator_calculate_20377686901)
	 actual test, will stop test execution !
TestExec4MutationTask: Mutant MutationIdentifier [location=Location [clazz=org.ta4j.core.indicators.statistics.SimpleLinearRegressionIndicator, method=calculate, methodDesc=(I)Lorg/ta4j/core/num/Num;], indexes=[18], mutator=org.pitest.mutationtest.engine.gregor.mutators.MathMutator] killed by test (org.ta4j.core.indicators.statistics.SimpleLinearRegressionIndicator_calculate_20377686901),test)
Evaluating mutant 1522236831 using tests: [org.ta4j.core.indicators.statistics.EqualityUtils, org.ta4j.core.indicators.statistics.ReflectionUtils, org.ta4j.core.indicators.statistics.SimpleLinearRegressionIndicator_calculateRegressionLine_3729467910, org.ta4j.core.indicators.statistics.SimpleLinearRegressionIndicator_calculateRegressionLine_3729467911, org.ta4j.core.indicators.statistics.SimpleLinearRegressionIndicator_calculate_20377686900, org.ta4j.core.indicators.statistics.SimpleLinearRegressionIndicator_calculate_20377686901, org.ta4j.core.indicators.statistics.SimpleLinearRegressionIndicator_init_171661780, org.ta4j.core.indicators.statistics.SimpleLinearRegressionIndicator_init_171661781, org.ta4j.core.indicators.statistics.SimpleLinearRegressionIndicator_init_17956999510, org.ta4j.core.indicators.statistics.SimpleLinearRegressionIndicator_init_17956999511]

 CP : /usr/local/bin/lib/junit.jar:/usr/local/bin/lib/hamcrest-core.jar:results_kex_120/TA4J-81_1/temp/testcases/mutated_code/SUT:/home/kex/results_kex_120/TA4J-81_1/temp/testcases/bin:results_kex_120/TA4J-81_1/temp/testcases/mutated_code/CUT1

Failed test initializationError(org.ta4j.core.indicators.statistics.EqualityUtils)
	 flaky test, ignore !
Failed test initializationError(org.ta4j.core.indicators.statistics.ReflectionUtils)
	 flaky test, ignore !
Failed test test(org.ta4j.core.indicators.statistics.SimpleLinearRegressionIndicator_calculateRegressionLine_3729467910)
	 flaky test, ignore !
Failed test test(org.ta4j.core.indicators.statistics.SimpleLinearRegressionIndicator_calculateRegressionLine_3729467911)
	 flaky test, ignore !
Failed test test(org.ta4j.core.indicators.statistics.SimpleLinearRegressionIndicator_calculate_20377686900)
	 flaky test, ignore !
Failed test test(org.ta4j.core.indicators.statistics.SimpleLinearRegressionIndicator_calculate_20377686901)
	 actual test, will stop test execution !
TestExec4MutationTask: Mutant MutationIdentifier [location=Location [clazz=org.ta4j.core.indicators.statistics.SimpleLinearRegressionIndicator, method=calculate, methodDesc=(I)Lorg/ta4j/core/num/Num;], indexes=[9], mutator=org.pitest.mutationtest.engine.gregor.mutators.MathMutator] killed by test (org.ta4j.core.indicators.statistics.SimpleLinearRegressionIndicator_calculate_20377686901),test)
Evaluating mutant -1970827517 using tests: [org.ta4j.core.indicators.statistics.EqualityUtils, org.ta4j.core.indicators.statistics.ReflectionUtils, org.ta4j.core.indicators.statistics.SimpleLinearRegressionIndicator_calculateRegressionLine_3729467910, org.ta4j.core.indicators.statistics.SimpleLinearRegressionIndicator_calculateRegressionLine_3729467911, org.ta4j.core.indicators.statistics.SimpleLinearRegressionIndicator_calculate_20377686900, org.ta4j.core.indicators.statistics.SimpleLinearRegressionIndicator_calculate_20377686901, org.ta4j.core.indicators.statistics.SimpleLinearRegressionIndicator_init_171661780, org.ta4j.core.indicators.statistics.SimpleLinearRegressionIndicator_init_171661781, org.ta4j.core.indicators.statistics.SimpleLinearRegressionIndicator_init_17956999510, org.ta4j.core.indicators.statistics.SimpleLinearRegressionIndicator_init_17956999511]

 CP : /usr/local/bin/lib/junit.jar:/usr/local/bin/lib/hamcrest-core.jar:results_kex_120/TA4J-81_1/temp/testcases/mutated_code/SUT:/home/kex/results_kex_120/TA4J-81_1/temp/testcases/bin:results_kex_120/TA4J-81_1/temp/testcases/mutated_code/CUT2

Failed test initializationError(org.ta4j.core.indicators.statistics.EqualityUtils)
	 flaky test, ignore !
Failed test initializationError(org.ta4j.core.indicators.statistics.ReflectionUtils)
	 flaky test, ignore !
Failed test test(org.ta4j.core.indicators.statistics.SimpleLinearRegressionIndicator_calculateRegressionLine_3729467910)
	 flaky test, ignore !
Failed test test(org.ta4j.core.indicators.statistics.SimpleLinearRegressionIndicator_calculateRegressionLine_3729467911)
	 flaky test, ignore !
Failed test test(org.ta4j.core.indicators.statistics.SimpleLinearRegressionIndicator_calculate_20377686900)
	 flaky test, ignore !
Failed test test(org.ta4j.core.indicators.statistics.SimpleLinearRegressionIndicator_calculate_20377686901)
	 actual test, will stop test execution !
TestExec4MutationTask: Mutant MutationIdentifier [location=Location [clazz=org.ta4j.core.indicators.statistics.SimpleLinearRegressionIndicator, method=calculate, methodDesc=(I)Lorg/ta4j/core/num/Num;], indexes=[20], mutator=org.pitest.mutationtest.engine.gregor.mutators.NegateConditionalsMutator] killed by test (org.ta4j.core.indicators.statistics.SimpleLinearRegressionIndicator_calculate_20377686901),test)
Evaluating mutant 1522234909 using tests: [org.ta4j.core.indicators.statistics.EqualityUtils, org.ta4j.core.indicators.statistics.ReflectionUtils, org.ta4j.core.indicators.statistics.SimpleLinearRegressionIndicator_calculateRegressionLine_3729467910, org.ta4j.core.indicators.statistics.SimpleLinearRegressionIndicator_calculateRegressionLine_3729467911, org.ta4j.core.indicators.statistics.SimpleLinearRegressionIndicator_calculate_20377686900, org.ta4j.core.indicators.statistics.SimpleLinearRegressionIndicator_calculate_20377686901, org.ta4j.core.indicators.statistics.SimpleLinearRegressionIndicator_init_171661780, org.ta4j.core.indicators.statistics.SimpleLinearRegressionIndicator_init_171661781, org.ta4j.core.indicators.statistics.SimpleLinearRegressionIndicator_init_17956999510, org.ta4j.core.indicators.statistics.SimpleLinearRegressionIndicator_init_17956999511]

 CP : /usr/local/bin/lib/junit.jar:/usr/local/bin/lib/hamcrest-core.jar:results_kex_120/TA4J-81_1/temp/testcases/mutated_code/SUT:/home/kex/results_kex_120/TA4J-81_1/temp/testcases/bin:results_kex_120/TA4J-81_1/temp/testcases/mutated_code/CUT3

Failed test initializationError(org.ta4j.core.indicators.statistics.EqualityUtils)
	 flaky test, ignore !
Failed test initializationError(org.ta4j.core.indicators.statistics.ReflectionUtils)
	 flaky test, ignore !
Failed test test(org.ta4j.core.indicators.statistics.SimpleLinearRegressionIndicator_calculateRegressionLine_3729467910)
	 flaky test, ignore !
Failed test test(org.ta4j.core.indicators.statistics.SimpleLinearRegressionIndicator_calculateRegressionLine_3729467911)
	 flaky test, ignore !
Failed test test(org.ta4j.core.indicators.statistics.SimpleLinearRegressionIndicator_calculate_20377686900)
	 flaky test, ignore !
Failed test test(org.ta4j.core.indicators.statistics.SimpleLinearRegressionIndicator_calculate_20377686901)
	 actual test, will stop test execution !
TestExec4MutationTask: Mutant MutationIdentifier [location=Location [clazz=org.ta4j.core.indicators.statistics.SimpleLinearRegressionIndicator, method=calculate, methodDesc=(I)Lorg/ta4j/core/num/Num;], indexes=[7], mutator=org.pitest.mutationtest.engine.gregor.mutators.MathMutator] killed by test (org.ta4j.core.indicators.statistics.SimpleLinearRegressionIndicator_calculate_20377686901),test)
Evaluating mutant 1020434868 using tests: [org.ta4j.core.indicators.statistics.EqualityUtils, org.ta4j.core.indicators.statistics.ReflectionUtils, org.ta4j.core.indicators.statistics.SimpleLinearRegressionIndicator_calculateRegressionLine_3729467910, org.ta4j.core.indicators.statistics.SimpleLinearRegressionIndicator_calculateRegressionLine_3729467911, org.ta4j.core.indicators.statistics.SimpleLinearRegressionIndicator_calculate_20377686900, org.ta4j.core.indicators.statistics.SimpleLinearRegressionIndicator_calculate_20377686901, org.ta4j.core.indicators.statistics.SimpleLinearRegressionIndicator_init_171661780, org.ta4j.core.indicators.statistics.SimpleLinearRegressionIndicator_init_171661781, org.ta4j.core.indicators.statistics.SimpleLinearRegressionIndicator_init_17956999510, org.ta4j.core.indicators.statistics.SimpleLinearRegressionIndicator_init_17956999511]

 CP : /usr/local/bin/lib/junit.jar:/usr/local/bin/lib/hamcrest-core.jar:results_kex_120/TA4J-81_1/temp/testcases/mutated_code/SUT:/home/kex/results_kex_120/TA4J-81_1/temp/testcases/bin:results_kex_120/TA4J-81_1/temp/testcases/mutated_code/CUT4

Failed test initializationError(org.ta4j.core.indicators.statistics.EqualityUtils)
	 flaky test, ignore !
Failed test initializationError(org.ta4j.core.indicators.statistics.ReflectionUtils)
	 flaky test, ignore !
Failed test test(org.ta4j.core.indicators.statistics.SimpleLinearRegressionIndicator_calculateRegressionLine_3729467910)
	 flaky test, ignore !
Failed test test(org.ta4j.core.indicators.statistics.SimpleLinearRegressionIndicator_calculateRegressionLine_3729467911)
	 flaky test, ignore !
Failed test test(org.ta4j.core.indicators.statistics.SimpleLinearRegressionIndicator_calculate_20377686900)
	 flaky test, ignore !
Failed test test(org.ta4j.core.indicators.statistics.SimpleLinearRegressionIndicator_calculate_20377686901)
	 actual test, will stop test execution !
TestExec4MutationTask: Mutant MutationIdentifier [location=Location [clazz=org.ta4j.core.indicators.statistics.SimpleLinearRegressionIndicator, method=calculate, methodDesc=(I)Lorg/ta4j/core/num/Num;], indexes=[24], mutator=org.pitest.mutationtest.engine.gregor.mutators.ReturnValsMutator] killed by test (org.ta4j.core.indicators.statistics.SimpleLinearRegressionIndicator_calculate_20377686901),test)
Evaluating mutant 258200347 using tests: [org.ta4j.core.indicators.statistics.EqualityUtils, org.ta4j.core.indicators.statistics.ReflectionUtils, org.ta4j.core.indicators.statistics.SimpleLinearRegressionIndicator_calculateRegressionLine_3729467910, org.ta4j.core.indicators.statistics.SimpleLinearRegressionIndicator_calculateRegressionLine_3729467911, org.ta4j.core.indicators.statistics.SimpleLinearRegressionIndicator_calculate_20377686900, org.ta4j.core.indicators.statistics.SimpleLinearRegressionIndicator_calculate_20377686901, org.ta4j.core.indicators.statistics.SimpleLinearRegressionIndicator_init_171661780, org.ta4j.core.indicators.statistics.SimpleLinearRegressionIndicator_init_171661781, org.ta4j.core.indicators.statistics.SimpleLinearRegressionIndicator_init_17956999510, org.ta4j.core.indicators.statistics.SimpleLinearRegressionIndicator_init_17956999511]

 CP : /usr/local/bin/lib/junit.jar:/usr/local/bin/lib/hamcrest-core.jar:results_kex_120/TA4J-81_1/temp/testcases/mutated_code/SUT:/home/kex/results_kex_120/TA4J-81_1/temp/testcases/bin:results_kex_120/TA4J-81_1/temp/testcases/mutated_code/CUT5

Failed test initializationError(org.ta4j.core.indicators.statistics.EqualityUtils)
	 flaky test, ignore !
Failed test initializationError(org.ta4j.core.indicators.statistics.ReflectionUtils)
	 flaky test, ignore !
Failed test test(org.ta4j.core.indicators.statistics.SimpleLinearRegressionIndicator_calculateRegressionLine_3729467910)
	 flaky test, ignore !
Failed test test(org.ta4j.core.indicators.statistics.SimpleLinearRegressionIndicator_calculateRegressionLine_3729467911)
	 flaky test, ignore !
Failed test test(org.ta4j.core.indicators.statistics.SimpleLinearRegressionIndicator_calculate_20377686900)
	 flaky test, ignore !
Failed test test(org.ta4j.core.indicators.statistics.SimpleLinearRegressionIndicator_calculate_20377686901)
	 actual test, will stop test execution !
TestExec4MutationTask: Mutant MutationIdentifier [location=Location [clazz=org.ta4j.core.indicators.statistics.SimpleLinearRegressionIndicator, method=calculate, methodDesc=(I)Lorg/ta4j/core/num/Num;], indexes=[20], mutator=org.pitest.mutationtest.engine.gregor.mutators.ConditionalsBoundaryMutator] killed by test (org.ta4j.core.indicators.statistics.SimpleLinearRegressionIndicator_calculate_20377686901),test)
Evaluating mutant 1522243558 using tests: [org.ta4j.core.indicators.statistics.EqualityUtils, org.ta4j.core.indicators.statistics.ReflectionUtils, org.ta4j.core.indicators.statistics.SimpleLinearRegressionIndicator_calculateRegressionLine_3729467910, org.ta4j.core.indicators.statistics.SimpleLinearRegressionIndicator_calculateRegressionLine_3729467911, org.ta4j.core.indicators.statistics.SimpleLinearRegressionIndicator_calculate_20377686900, org.ta4j.core.indicators.statistics.SimpleLinearRegressionIndicator_calculate_20377686901, org.ta4j.core.indicators.statistics.SimpleLinearRegressionIndicator_init_171661780, org.ta4j.core.indicators.statistics.SimpleLinearRegressionIndicator_init_171661781, org.ta4j.core.indicators.statistics.SimpleLinearRegressionIndicator_init_17956999510, org.ta4j.core.indicators.statistics.SimpleLinearRegressionIndicator_init_17956999511]

 CP : /usr/local/bin/lib/junit.jar:/usr/local/bin/lib/hamcrest-core.jar:results_kex_120/TA4J-81_1/temp/testcases/mutated_code/SUT:/home/kex/results_kex_120/TA4J-81_1/temp/testcases/bin:results_kex_120/TA4J-81_1/temp/testcases/mutated_code/CUT6

Failed test initializationError(org.ta4j.core.indicators.statistics.EqualityUtils)
	 flaky test, ignore !
Failed test initializationError(org.ta4j.core.indicators.statistics.ReflectionUtils)
	 flaky test, ignore !
Failed test test(org.ta4j.core.indicators.statistics.SimpleLinearRegressionIndicator_calculateRegressionLine_3729467910)
	 flaky test, ignore !
Failed test test(org.ta4j.core.indicators.statistics.SimpleLinearRegressionIndicator_calculateRegressionLine_3729467911)
	 flaky test, ignore !
Failed test test(org.ta4j.core.indicators.statistics.SimpleLinearRegressionIndicator_calculate_20377686900)
	 flaky test, ignore !
Failed test test(org.ta4j.core.indicators.statistics.SimpleLinearRegressionIndicator_calculate_20377686901)
	 actual test, will stop test execution !
TestExec4MutationTask: Mutant MutationIdentifier [location=Location [clazz=org.ta4j.core.indicators.statistics.SimpleLinearRegressionIndicator, method=calculate, methodDesc=(I)Lorg/ta4j/core/num/Num;], indexes=[16], mutator=org.pitest.mutationtest.engine.gregor.mutators.MathMutator] killed by test (org.ta4j.core.indicators.statistics.SimpleLinearRegressionIndicator_calculate_20377686901),test)
mutationResult.getState() KILLED
* Killed mutant MutationDetails [id=MutationIdentifier [location=Location [clazz=org.ta4j.core.indicators.statistics.SimpleLinearRegressionIndicator, method=calculate, methodDesc=(I)Lorg/ta4j/core/num/Num;], indexes=[18], mutator=org.pitest.mutationtest.engine.gregor.mutators.MathMutator], filename=SimpleLinearRegressionIndicator.java, block=2, lineNumber=81, description=Replaced integer addition with subtraction, testsInOrder=[]]
mutationResult.getState() KILLED
* Killed mutant MutationDetails [id=MutationIdentifier [location=Location [clazz=org.ta4j.core.indicators.statistics.SimpleLinearRegressionIndicator, method=calculate, methodDesc=(I)Lorg/ta4j/core/num/Num;], indexes=[9], mutator=org.pitest.mutationtest.engine.gregor.mutators.MathMutator], filename=SimpleLinearRegressionIndicator.java, block=2, lineNumber=80, description=Replaced integer addition with subtraction, testsInOrder=[]]
mutationResult.getState() KILLED
* Killed mutant MutationDetails [id=MutationIdentifier [location=Location [clazz=org.ta4j.core.indicators.statistics.SimpleLinearRegressionIndicator, method=calculate, methodDesc=(I)Lorg/ta4j/core/num/Num;], indexes=[20], mutator=org.pitest.mutationtest.engine.gregor.mutators.NegateConditionalsMutator], filename=SimpleLinearRegressionIndicator.java, block=2, lineNumber=81, description=negated conditional, testsInOrder=[]]
mutationResult.getState() KILLED
* Killed mutant MutationDetails [id=MutationIdentifier [location=Location [clazz=org.ta4j.core.indicators.statistics.SimpleLinearRegressionIndicator, method=calculate, methodDesc=(I)Lorg/ta4j/core/num/Num;], indexes=[7], mutator=org.pitest.mutationtest.engine.gregor.mutators.MathMutator], filename=SimpleLinearRegressionIndicator.java, block=2, lineNumber=80, description=Replaced integer subtraction with addition, testsInOrder=[]]
mutationResult.getState() KILLED
* Killed mutant MutationDetails [id=MutationIdentifier [location=Location [clazz=org.ta4j.core.indicators.statistics.SimpleLinearRegressionIndicator, method=calculate, methodDesc=(I)Lorg/ta4j/core/num/Num;], indexes=[24], mutator=org.pitest.mutationtest.engine.gregor.mutators.ReturnValsMutator], filename=SimpleLinearRegressionIndicator.java, block=3, lineNumber=83, description=mutated return of Object value for org/ta4j/core/indicators/statistics/SimpleLinearRegressionIndicator::calculate to ( if (x != null) null else throw new RuntimeException ), testsInOrder=[]]
mutationResult.getState() KILLED
* Killed mutant MutationDetails [id=MutationIdentifier [location=Location [clazz=org.ta4j.core.indicators.statistics.SimpleLinearRegressionIndicator, method=calculate, methodDesc=(I)Lorg/ta4j/core/num/Num;], indexes=[20], mutator=org.pitest.mutationtest.engine.gregor.mutators.ConditionalsBoundaryMutator], filename=SimpleLinearRegressionIndicator.java, block=2, lineNumber=81, description=changed conditional boundary, testsInOrder=[]]
mutationResult.getState() KILLED
* Killed mutant MutationDetails [id=MutationIdentifier [location=Location [clazz=org.ta4j.core.indicators.statistics.SimpleLinearRegressionIndicator, method=calculate, methodDesc=(I)Lorg/ta4j/core/num/Num;], indexes=[16], mutator=org.pitest.mutationtest.engine.gregor.mutators.MathMutator], filename=SimpleLinearRegressionIndicator.java, block=2, lineNumber=81, description=Replaced integer subtraction with addition, testsInOrder=[]]

>>> RESULTS:
	Tool name: kex
	Benchmark: TA4J-81
	Class Under Test: org.ta4j.core.indicators.statistics.SimpleLinearRegressionIndicator
	Run number: 1
	Tool preparation time (ms): 14410
	Tool test cases generation time (ms): 177933
	Test cases execution time (ms): 195
	Test case number: 8
	Uncompilable Test Classes: 0
	Broken tests number: 9
	Failing tests number: 0
	Lines total: 34
	Lines covered: 3
	Lines coverage ratio (%): 8.823529
	Conditions total: 10
	Conditions covered: 1
	Conditions coverage ratio (%): 10.0
	Mutants total: 21
	Mutants covered: 7
	Mutants coverage ratio (%): 33.333336
	Mutants killed: 7
	Mutants killed ratio (%): 33.333336
	Mutants alive: 14


Class org.ta4j.core.indicators.statistics.SimpleLinearRegressionIndicator ended.
Stopping process...
Tool subprocess is an instance of java.lang.UNIXProcess
Tool subprocess Id is 154990
Killing master process 154990
Executing command kill -9 154990
Execution of command kill -9 154990 finished.
Process was destroyed
