
>>> TOOL NAME:  kex

>>> BENCHMARK:  JSOUP-36

>>> RUN NUMBER: 1

>>> MODE: --only-compute-metrics
Creating directory ./temp
Creating directory ./temp/data
Creating directory ./temp/testcases
Executing /home/kex/./runtool
>> BENCHMARK
>> /var/benchmarks/projects/jsoup/src/main/java
>> /var/benchmarks/projects/jsoup/target/classes
>> 18
>> /var/benchmarks/projects/jsoup/target/jsoup-1.16.2-SNAPSHOT.jar
>> /var/benchmarks/projects/jsoup/target/dependency/junit-jupiter-params-5.9.3.jar
>> /var/benchmarks/projects/jsoup/target/dependency/gson-2.10.1.jar
>> /var/benchmarks/projects/jsoup/target/dependency/jetty-util-ajax-9.4.51.v20230217.jar
>> /var/benchmarks/projects/jsoup/target/dependency/junit-jupiter-engine-5.9.3.jar
>> /var/benchmarks/projects/jsoup/target/dependency/jetty-server-9.4.51.v20230217.jar
>> /var/benchmarks/projects/jsoup/target/dependency/junit-platform-engine-1.9.3.jar
>> /var/benchmarks/projects/jsoup/target/dependency/junit-jupiter-api-5.9.3.jar
>> /var/benchmarks/projects/jsoup/target/dependency/apiguardian-api-1.1.2.jar
>> /var/benchmarks/projects/jsoup/target/dependency/opentest4j-1.2.0.jar
>> /var/benchmarks/projects/jsoup/target/dependency/javax.servlet-api-3.1.0.jar
>> /var/benchmarks/projects/jsoup/target/dependency/jetty-util-9.4.51.v20230217.jar
>> /var/benchmarks/projects/jsoup/target/dependency/jetty-http-9.4.51.v20230217.jar
>> /var/benchmarks/projects/jsoup/target/dependency/jetty-security-9.4.51.v20230217.jar
>> /var/benchmarks/projects/jsoup/target/dependency/jsr305-3.0.2.jar
>> /var/benchmarks/projects/jsoup/target/dependency/jetty-io-9.4.51.v20230217.jar
>> /var/benchmarks/projects/jsoup/target/dependency/junit-jupiter-5.9.3.jar
>> /var/benchmarks/projects/jsoup/target/dependency/jetty-servlet-9.4.51.v20230217.jar
>> 0
expecting CLASSPATH or READY
<< READY
>> 120


### COMPUTING METRICS ###: org.jsoup.nodes.DocumentType


Starting class org.jsoup.nodes.DocumentType


Ending class org.jsoup.nodes.DocumentType
Creating directory results_kex_120/JSOUP-36_1/temp/testcases/bin
Creating dummy JUnit test file

---Compilation---

===
javac command line:
/usr/bin/javac -sourcepath /home/kex/results_kex_120/JSOUP-36_1/temp/testcases -cp /var/benchmarks/projects/jsoup/target/jsoup-1.16.2-SNAPSHOT.jar:/var/benchmarks/projects/jsoup/target/dependency/junit-jupiter-params-5.9.3.jar:/var/benchmarks/projects/jsoup/target/dependency/gson-2.10.1.jar:/var/benchmarks/projects/jsoup/target/dependency/jetty-util-ajax-9.4.51.v20230217.jar:/var/benchmarks/projects/jsoup/target/dependency/junit-jupiter-engine-5.9.3.jar:/var/benchmarks/projects/jsoup/target/dependency/jetty-server-9.4.51.v20230217.jar:/var/benchmarks/projects/jsoup/target/dependency/junit-platform-engine-1.9.3.jar:/var/benchmarks/projects/jsoup/target/dependency/junit-jupiter-api-5.9.3.jar:/var/benchmarks/projects/jsoup/target/dependency/apiguardian-api-1.1.2.jar:/var/benchmarks/projects/jsoup/target/dependency/opentest4j-1.2.0.jar:/var/benchmarks/projects/jsoup/target/dependency/javax.servlet-api-3.1.0.jar:/var/benchmarks/projects/jsoup/target/dependency/jetty-util-9.4.51.v20230217.jar:/var/benchmarks/projects/jsoup/target/dependency/jetty-http-9.4.51.v20230217.jar:/var/benchmarks/projects/jsoup/target/dependency/jetty-security-9.4.51.v20230217.jar:/var/benchmarks/projects/jsoup/target/dependency/jsr305-3.0.2.jar:/var/benchmarks/projects/jsoup/target/dependency/jetty-io-9.4.51.v20230217.jar:/var/benchmarks/projects/jsoup/target/dependency/junit-jupiter-5.9.3.jar:/var/benchmarks/projects/jsoup/target/dependency/jetty-servlet-9.4.51.v20230217.jar:/usr/local/bin/lib/junit.jar:/usr/local/bin/lib/hamcrest-core.jar -d results_kex_120/JSOUP-36_1/temp/testcases/bin /home/kex/results_kex_120/JSOUP-36_1/temp/testcases/SBSTDummyForCoverageAndMutationCalculation.java


===
javac command line:
/usr/bin/javac -sourcepath /home/kex/results_kex_120/JSOUP-36_1/temp/testcases -cp /var/benchmarks/projects/jsoup/target/jsoup-1.16.2-SNAPSHOT.jar:/var/benchmarks/projects/jsoup/target/dependency/junit-jupiter-params-5.9.3.jar:/var/benchmarks/projects/jsoup/target/dependency/gson-2.10.1.jar:/var/benchmarks/projects/jsoup/target/dependency/jetty-util-ajax-9.4.51.v20230217.jar:/var/benchmarks/projects/jsoup/target/dependency/junit-jupiter-engine-5.9.3.jar:/var/benchmarks/projects/jsoup/target/dependency/jetty-server-9.4.51.v20230217.jar:/var/benchmarks/projects/jsoup/target/dependency/junit-platform-engine-1.9.3.jar:/var/benchmarks/projects/jsoup/target/dependency/junit-jupiter-api-5.9.3.jar:/var/benchmarks/projects/jsoup/target/dependency/apiguardian-api-1.1.2.jar:/var/benchmarks/projects/jsoup/target/dependency/opentest4j-1.2.0.jar:/var/benchmarks/projects/jsoup/target/dependency/javax.servlet-api-3.1.0.jar:/var/benchmarks/projects/jsoup/target/dependency/jetty-util-9.4.51.v20230217.jar:/var/benchmarks/projects/jsoup/target/dependency/jetty-http-9.4.51.v20230217.jar:/var/benchmarks/projects/jsoup/target/dependency/jetty-security-9.4.51.v20230217.jar:/var/benchmarks/projects/jsoup/target/dependency/jsr305-3.0.2.jar:/var/benchmarks/projects/jsoup/target/dependency/jetty-io-9.4.51.v20230217.jar:/var/benchmarks/projects/jsoup/target/dependency/junit-jupiter-5.9.3.jar:/var/benchmarks/projects/jsoup/target/dependency/jetty-servlet-9.4.51.v20230217.jar:/usr/local/bin/lib/junit.jar:/usr/local/bin/lib/hamcrest-core.jar -d results_kex_120/JSOUP-36_1/temp/testcases/bin /home/kex/results_kex_120/JSOUP-36_1/temp/testcases/org/jsoup/nodes/DocumentType_has_14561205660.java

/home/kex/results_kex_120/JSOUP-36_1/temp/testcases/org/jsoup/nodes/ReflectionUtils.java:9: warning: Unsafe is internal proprietary API and may be removed in a future release
import sun.misc.Unsafe;
               ^
/home/kex/results_kex_120/JSOUP-36_1/temp/testcases/org/jsoup/nodes/ReflectionUtils.java:13: warning: Unsafe is internal proprietary API and may be removed in a future release
    public static final Unsafe UNSAFE;
                        ^
/home/kex/results_kex_120/JSOUP-36_1/temp/testcases/org/jsoup/nodes/ReflectionUtils.java:17: warning: Unsafe is internal proprietary API and may be removed in a future release
            final Field uns = Unsafe.class.getDeclaredField("theUnsafe");
                              ^
/home/kex/results_kex_120/JSOUP-36_1/temp/testcases/org/jsoup/nodes/ReflectionUtils.java:19: warning: Unsafe is internal proprietary API and may be removed in a future release
            UNSAFE = (Unsafe) uns.get(null);
                      ^
4 warnings
Compiled 'org/jsoup/nodes/DocumentType_has_14561205660.java'

===
javac command line:
/usr/bin/javac -sourcepath /home/kex/results_kex_120/JSOUP-36_1/temp/testcases -cp /var/benchmarks/projects/jsoup/target/jsoup-1.16.2-SNAPSHOT.jar:/var/benchmarks/projects/jsoup/target/dependency/junit-jupiter-params-5.9.3.jar:/var/benchmarks/projects/jsoup/target/dependency/gson-2.10.1.jar:/var/benchmarks/projects/jsoup/target/dependency/jetty-util-ajax-9.4.51.v20230217.jar:/var/benchmarks/projects/jsoup/target/dependency/junit-jupiter-engine-5.9.3.jar:/var/benchmarks/projects/jsoup/target/dependency/jetty-server-9.4.51.v20230217.jar:/var/benchmarks/projects/jsoup/target/dependency/junit-platform-engine-1.9.3.jar:/var/benchmarks/projects/jsoup/target/dependency/junit-jupiter-api-5.9.3.jar:/var/benchmarks/projects/jsoup/target/dependency/apiguardian-api-1.1.2.jar:/var/benchmarks/projects/jsoup/target/dependency/opentest4j-1.2.0.jar:/var/benchmarks/projects/jsoup/target/dependency/javax.servlet-api-3.1.0.jar:/var/benchmarks/projects/jsoup/target/dependency/jetty-util-9.4.51.v20230217.jar:/var/benchmarks/projects/jsoup/target/dependency/jetty-http-9.4.51.v20230217.jar:/var/benchmarks/projects/jsoup/target/dependency/jetty-security-9.4.51.v20230217.jar:/var/benchmarks/projects/jsoup/target/dependency/jsr305-3.0.2.jar:/var/benchmarks/projects/jsoup/target/dependency/jetty-io-9.4.51.v20230217.jar:/var/benchmarks/projects/jsoup/target/dependency/junit-jupiter-5.9.3.jar:/var/benchmarks/projects/jsoup/target/dependency/jetty-servlet-9.4.51.v20230217.jar:/usr/local/bin/lib/junit.jar:/usr/local/bin/lib/hamcrest-core.jar -d results_kex_120/JSOUP-36_1/temp/testcases/bin /home/kex/results_kex_120/JSOUP-36_1/temp/testcases/org/jsoup/nodes/DocumentType_has_14561205661.java

/home/kex/results_kex_120/JSOUP-36_1/temp/testcases/org/jsoup/nodes/ReflectionUtils.java:9: warning: Unsafe is internal proprietary API and may be removed in a future release
import sun.misc.Unsafe;
               ^
/home/kex/results_kex_120/JSOUP-36_1/temp/testcases/org/jsoup/nodes/ReflectionUtils.java:13: warning: Unsafe is internal proprietary API and may be removed in a future release
    public static final Unsafe UNSAFE;
                        ^
/home/kex/results_kex_120/JSOUP-36_1/temp/testcases/org/jsoup/nodes/ReflectionUtils.java:17: warning: Unsafe is internal proprietary API and may be removed in a future release
            final Field uns = Unsafe.class.getDeclaredField("theUnsafe");
                              ^
/home/kex/results_kex_120/JSOUP-36_1/temp/testcases/org/jsoup/nodes/ReflectionUtils.java:19: warning: Unsafe is internal proprietary API and may be removed in a future release
            UNSAFE = (Unsafe) uns.get(null);
                      ^
4 warnings
Compiled 'org/jsoup/nodes/DocumentType_has_14561205661.java'

===
javac command line:
/usr/bin/javac -sourcepath /home/kex/results_kex_120/JSOUP-36_1/temp/testcases -cp /var/benchmarks/projects/jsoup/target/jsoup-1.16.2-SNAPSHOT.jar:/var/benchmarks/projects/jsoup/target/dependency/junit-jupiter-params-5.9.3.jar:/var/benchmarks/projects/jsoup/target/dependency/gson-2.10.1.jar:/var/benchmarks/projects/jsoup/target/dependency/jetty-util-ajax-9.4.51.v20230217.jar:/var/benchmarks/projects/jsoup/target/dependency/junit-jupiter-engine-5.9.3.jar:/var/benchmarks/projects/jsoup/target/dependency/jetty-server-9.4.51.v20230217.jar:/var/benchmarks/projects/jsoup/target/dependency/junit-platform-engine-1.9.3.jar:/var/benchmarks/projects/jsoup/target/dependency/junit-jupiter-api-5.9.3.jar:/var/benchmarks/projects/jsoup/target/dependency/apiguardian-api-1.1.2.jar:/var/benchmarks/projects/jsoup/target/dependency/opentest4j-1.2.0.jar:/var/benchmarks/projects/jsoup/target/dependency/javax.servlet-api-3.1.0.jar:/var/benchmarks/projects/jsoup/target/dependency/jetty-util-9.4.51.v20230217.jar:/var/benchmarks/projects/jsoup/target/dependency/jetty-http-9.4.51.v20230217.jar:/var/benchmarks/projects/jsoup/target/dependency/jetty-security-9.4.51.v20230217.jar:/var/benchmarks/projects/jsoup/target/dependency/jsr305-3.0.2.jar:/var/benchmarks/projects/jsoup/target/dependency/jetty-io-9.4.51.v20230217.jar:/var/benchmarks/projects/jsoup/target/dependency/junit-jupiter-5.9.3.jar:/var/benchmarks/projects/jsoup/target/dependency/jetty-servlet-9.4.51.v20230217.jar:/usr/local/bin/lib/junit.jar:/usr/local/bin/lib/hamcrest-core.jar -d results_kex_120/JSOUP-36_1/temp/testcases/bin /home/kex/results_kex_120/JSOUP-36_1/temp/testcases/org/jsoup/nodes/DocumentType_init_11749183580.java

/home/kex/results_kex_120/JSOUP-36_1/temp/testcases/org/jsoup/nodes/ReflectionUtils.java:9: warning: Unsafe is internal proprietary API and may be removed in a future release
import sun.misc.Unsafe;
               ^
/home/kex/results_kex_120/JSOUP-36_1/temp/testcases/org/jsoup/nodes/ReflectionUtils.java:13: warning: Unsafe is internal proprietary API and may be removed in a future release
    public static final Unsafe UNSAFE;
                        ^
/home/kex/results_kex_120/JSOUP-36_1/temp/testcases/org/jsoup/nodes/ReflectionUtils.java:17: warning: Unsafe is internal proprietary API and may be removed in a future release
            final Field uns = Unsafe.class.getDeclaredField("theUnsafe");
                              ^
/home/kex/results_kex_120/JSOUP-36_1/temp/testcases/org/jsoup/nodes/ReflectionUtils.java:19: warning: Unsafe is internal proprietary API and may be removed in a future release
            UNSAFE = (Unsafe) uns.get(null);
                      ^
4 warnings
Compiled 'org/jsoup/nodes/DocumentType_init_11749183580.java'

===
javac command line:
/usr/bin/javac -sourcepath /home/kex/results_kex_120/JSOUP-36_1/temp/testcases -cp /var/benchmarks/projects/jsoup/target/jsoup-1.16.2-SNAPSHOT.jar:/var/benchmarks/projects/jsoup/target/dependency/junit-jupiter-params-5.9.3.jar:/var/benchmarks/projects/jsoup/target/dependency/gson-2.10.1.jar:/var/benchmarks/projects/jsoup/target/dependency/jetty-util-ajax-9.4.51.v20230217.jar:/var/benchmarks/projects/jsoup/target/dependency/junit-jupiter-engine-5.9.3.jar:/var/benchmarks/projects/jsoup/target/dependency/jetty-server-9.4.51.v20230217.jar:/var/benchmarks/projects/jsoup/target/dependency/junit-platform-engine-1.9.3.jar:/var/benchmarks/projects/jsoup/target/dependency/junit-jupiter-api-5.9.3.jar:/var/benchmarks/projects/jsoup/target/dependency/apiguardian-api-1.1.2.jar:/var/benchmarks/projects/jsoup/target/dependency/opentest4j-1.2.0.jar:/var/benchmarks/projects/jsoup/target/dependency/javax.servlet-api-3.1.0.jar:/var/benchmarks/projects/jsoup/target/dependency/jetty-util-9.4.51.v20230217.jar:/var/benchmarks/projects/jsoup/target/dependency/jetty-http-9.4.51.v20230217.jar:/var/benchmarks/projects/jsoup/target/dependency/jetty-security-9.4.51.v20230217.jar:/var/benchmarks/projects/jsoup/target/dependency/jsr305-3.0.2.jar:/var/benchmarks/projects/jsoup/target/dependency/jetty-io-9.4.51.v20230217.jar:/var/benchmarks/projects/jsoup/target/dependency/junit-jupiter-5.9.3.jar:/var/benchmarks/projects/jsoup/target/dependency/jetty-servlet-9.4.51.v20230217.jar:/usr/local/bin/lib/junit.jar:/usr/local/bin/lib/hamcrest-core.jar -d results_kex_120/JSOUP-36_1/temp/testcases/bin /home/kex/results_kex_120/JSOUP-36_1/temp/testcases/org/jsoup/nodes/DocumentType_init_11749183581.java

/home/kex/results_kex_120/JSOUP-36_1/temp/testcases/org/jsoup/nodes/ReflectionUtils.java:9: warning: Unsafe is internal proprietary API and may be removed in a future release
import sun.misc.Unsafe;
               ^
/home/kex/results_kex_120/JSOUP-36_1/temp/testcases/org/jsoup/nodes/ReflectionUtils.java:13: warning: Unsafe is internal proprietary API and may be removed in a future release
    public static final Unsafe UNSAFE;
                        ^
/home/kex/results_kex_120/JSOUP-36_1/temp/testcases/org/jsoup/nodes/ReflectionUtils.java:17: warning: Unsafe is internal proprietary API and may be removed in a future release
            final Field uns = Unsafe.class.getDeclaredField("theUnsafe");
                              ^
/home/kex/results_kex_120/JSOUP-36_1/temp/testcases/org/jsoup/nodes/ReflectionUtils.java:19: warning: Unsafe is internal proprietary API and may be removed in a future release
            UNSAFE = (Unsafe) uns.get(null);
                      ^
4 warnings
Compiled 'org/jsoup/nodes/DocumentType_init_11749183581.java'

===
javac command line:
/usr/bin/javac -sourcepath /home/kex/results_kex_120/JSOUP-36_1/temp/testcases -cp /var/benchmarks/projects/jsoup/target/jsoup-1.16.2-SNAPSHOT.jar:/var/benchmarks/projects/jsoup/target/dependency/junit-jupiter-params-5.9.3.jar:/var/benchmarks/projects/jsoup/target/dependency/gson-2.10.1.jar:/var/benchmarks/projects/jsoup/target/dependency/jetty-util-ajax-9.4.51.v20230217.jar:/var/benchmarks/projects/jsoup/target/dependency/junit-jupiter-engine-5.9.3.jar:/var/benchmarks/projects/jsoup/target/dependency/jetty-server-9.4.51.v20230217.jar:/var/benchmarks/projects/jsoup/target/dependency/junit-platform-engine-1.9.3.jar:/var/benchmarks/projects/jsoup/target/dependency/junit-jupiter-api-5.9.3.jar:/var/benchmarks/projects/jsoup/target/dependency/apiguardian-api-1.1.2.jar:/var/benchmarks/projects/jsoup/target/dependency/opentest4j-1.2.0.jar:/var/benchmarks/projects/jsoup/target/dependency/javax.servlet-api-3.1.0.jar:/var/benchmarks/projects/jsoup/target/dependency/jetty-util-9.4.51.v20230217.jar:/var/benchmarks/projects/jsoup/target/dependency/jetty-http-9.4.51.v20230217.jar:/var/benchmarks/projects/jsoup/target/dependency/jetty-security-9.4.51.v20230217.jar:/var/benchmarks/projects/jsoup/target/dependency/jsr305-3.0.2.jar:/var/benchmarks/projects/jsoup/target/dependency/jetty-io-9.4.51.v20230217.jar:/var/benchmarks/projects/jsoup/target/dependency/junit-jupiter-5.9.3.jar:/var/benchmarks/projects/jsoup/target/dependency/jetty-servlet-9.4.51.v20230217.jar:/usr/local/bin/lib/junit.jar:/usr/local/bin/lib/hamcrest-core.jar -d results_kex_120/JSOUP-36_1/temp/testcases/bin /home/kex/results_kex_120/JSOUP-36_1/temp/testcases/org/jsoup/nodes/DocumentType_name_2439028450.java

/home/kex/results_kex_120/JSOUP-36_1/temp/testcases/org/jsoup/nodes/ReflectionUtils.java:9: warning: Unsafe is internal proprietary API and may be removed in a future release
import sun.misc.Unsafe;
               ^
/home/kex/results_kex_120/JSOUP-36_1/temp/testcases/org/jsoup/nodes/ReflectionUtils.java:13: warning: Unsafe is internal proprietary API and may be removed in a future release
    public static final Unsafe UNSAFE;
                        ^
/home/kex/results_kex_120/JSOUP-36_1/temp/testcases/org/jsoup/nodes/ReflectionUtils.java:17: warning: Unsafe is internal proprietary API and may be removed in a future release
            final Field uns = Unsafe.class.getDeclaredField("theUnsafe");
                              ^
/home/kex/results_kex_120/JSOUP-36_1/temp/testcases/org/jsoup/nodes/ReflectionUtils.java:19: warning: Unsafe is internal proprietary API and may be removed in a future release
            UNSAFE = (Unsafe) uns.get(null);
                      ^
4 warnings
Compiled 'org/jsoup/nodes/DocumentType_name_2439028450.java'

===
javac command line:
/usr/bin/javac -sourcepath /home/kex/results_kex_120/JSOUP-36_1/temp/testcases -cp /var/benchmarks/projects/jsoup/target/jsoup-1.16.2-SNAPSHOT.jar:/var/benchmarks/projects/jsoup/target/dependency/junit-jupiter-params-5.9.3.jar:/var/benchmarks/projects/jsoup/target/dependency/gson-2.10.1.jar:/var/benchmarks/projects/jsoup/target/dependency/jetty-util-ajax-9.4.51.v20230217.jar:/var/benchmarks/projects/jsoup/target/dependency/junit-jupiter-engine-5.9.3.jar:/var/benchmarks/projects/jsoup/target/dependency/jetty-server-9.4.51.v20230217.jar:/var/benchmarks/projects/jsoup/target/dependency/junit-platform-engine-1.9.3.jar:/var/benchmarks/projects/jsoup/target/dependency/junit-jupiter-api-5.9.3.jar:/var/benchmarks/projects/jsoup/target/dependency/apiguardian-api-1.1.2.jar:/var/benchmarks/projects/jsoup/target/dependency/opentest4j-1.2.0.jar:/var/benchmarks/projects/jsoup/target/dependency/javax.servlet-api-3.1.0.jar:/var/benchmarks/projects/jsoup/target/dependency/jetty-util-9.4.51.v20230217.jar:/var/benchmarks/projects/jsoup/target/dependency/jetty-http-9.4.51.v20230217.jar:/var/benchmarks/projects/jsoup/target/dependency/jetty-security-9.4.51.v20230217.jar:/var/benchmarks/projects/jsoup/target/dependency/jsr305-3.0.2.jar:/var/benchmarks/projects/jsoup/target/dependency/jetty-io-9.4.51.v20230217.jar:/var/benchmarks/projects/jsoup/target/dependency/junit-jupiter-5.9.3.jar:/var/benchmarks/projects/jsoup/target/dependency/jetty-servlet-9.4.51.v20230217.jar:/usr/local/bin/lib/junit.jar:/usr/local/bin/lib/hamcrest-core.jar -d results_kex_120/JSOUP-36_1/temp/testcases/bin /home/kex/results_kex_120/JSOUP-36_1/temp/testcases/org/jsoup/nodes/DocumentType_name_2439028451.java

/home/kex/results_kex_120/JSOUP-36_1/temp/testcases/org/jsoup/nodes/ReflectionUtils.java:9: warning: Unsafe is internal proprietary API and may be removed in a future release
import sun.misc.Unsafe;
               ^
/home/kex/results_kex_120/JSOUP-36_1/temp/testcases/org/jsoup/nodes/ReflectionUtils.java:13: warning: Unsafe is internal proprietary API and may be removed in a future release
    public static final Unsafe UNSAFE;
                        ^
/home/kex/results_kex_120/JSOUP-36_1/temp/testcases/org/jsoup/nodes/ReflectionUtils.java:17: warning: Unsafe is internal proprietary API and may be removed in a future release
            final Field uns = Unsafe.class.getDeclaredField("theUnsafe");
                              ^
/home/kex/results_kex_120/JSOUP-36_1/temp/testcases/org/jsoup/nodes/ReflectionUtils.java:19: warning: Unsafe is internal proprietary API and may be removed in a future release
            UNSAFE = (Unsafe) uns.get(null);
                      ^
4 warnings
Compiled 'org/jsoup/nodes/DocumentType_name_2439028451.java'

===
javac command line:
/usr/bin/javac -sourcepath /home/kex/results_kex_120/JSOUP-36_1/temp/testcases -cp /var/benchmarks/projects/jsoup/target/jsoup-1.16.2-SNAPSHOT.jar:/var/benchmarks/projects/jsoup/target/dependency/junit-jupiter-params-5.9.3.jar:/var/benchmarks/projects/jsoup/target/dependency/gson-2.10.1.jar:/var/benchmarks/projects/jsoup/target/dependency/jetty-util-ajax-9.4.51.v20230217.jar:/var/benchmarks/projects/jsoup/target/dependency/junit-jupiter-engine-5.9.3.jar:/var/benchmarks/projects/jsoup/target/dependency/jetty-server-9.4.51.v20230217.jar:/var/benchmarks/projects/jsoup/target/dependency/junit-platform-engine-1.9.3.jar:/var/benchmarks/projects/jsoup/target/dependency/junit-jupiter-api-5.9.3.jar:/var/benchmarks/projects/jsoup/target/dependency/apiguardian-api-1.1.2.jar:/var/benchmarks/projects/jsoup/target/dependency/opentest4j-1.2.0.jar:/var/benchmarks/projects/jsoup/target/dependency/javax.servlet-api-3.1.0.jar:/var/benchmarks/projects/jsoup/target/dependency/jetty-util-9.4.51.v20230217.jar:/var/benchmarks/projects/jsoup/target/dependency/jetty-http-9.4.51.v20230217.jar:/var/benchmarks/projects/jsoup/target/dependency/jetty-security-9.4.51.v20230217.jar:/var/benchmarks/projects/jsoup/target/dependency/jsr305-3.0.2.jar:/var/benchmarks/projects/jsoup/target/dependency/jetty-io-9.4.51.v20230217.jar:/var/benchmarks/projects/jsoup/target/dependency/junit-jupiter-5.9.3.jar:/var/benchmarks/projects/jsoup/target/dependency/jetty-servlet-9.4.51.v20230217.jar:/usr/local/bin/lib/junit.jar:/usr/local/bin/lib/hamcrest-core.jar -d results_kex_120/JSOUP-36_1/temp/testcases/bin /home/kex/results_kex_120/JSOUP-36_1/temp/testcases/org/jsoup/nodes/DocumentType_nodeName_18602329970.java

/home/kex/results_kex_120/JSOUP-36_1/temp/testcases/org/jsoup/nodes/ReflectionUtils.java:9: warning: Unsafe is internal proprietary API and may be removed in a future release
import sun.misc.Unsafe;
               ^
/home/kex/results_kex_120/JSOUP-36_1/temp/testcases/org/jsoup/nodes/ReflectionUtils.java:13: warning: Unsafe is internal proprietary API and may be removed in a future release
    public static final Unsafe UNSAFE;
                        ^
/home/kex/results_kex_120/JSOUP-36_1/temp/testcases/org/jsoup/nodes/ReflectionUtils.java:17: warning: Unsafe is internal proprietary API and may be removed in a future release
            final Field uns = Unsafe.class.getDeclaredField("theUnsafe");
                              ^
/home/kex/results_kex_120/JSOUP-36_1/temp/testcases/org/jsoup/nodes/ReflectionUtils.java:19: warning: Unsafe is internal proprietary API and may be removed in a future release
            UNSAFE = (Unsafe) uns.get(null);
                      ^
4 warnings
Compiled 'org/jsoup/nodes/DocumentType_nodeName_18602329970.java'

===
javac command line:
/usr/bin/javac -sourcepath /home/kex/results_kex_120/JSOUP-36_1/temp/testcases -cp /var/benchmarks/projects/jsoup/target/jsoup-1.16.2-SNAPSHOT.jar:/var/benchmarks/projects/jsoup/target/dependency/junit-jupiter-params-5.9.3.jar:/var/benchmarks/projects/jsoup/target/dependency/gson-2.10.1.jar:/var/benchmarks/projects/jsoup/target/dependency/jetty-util-ajax-9.4.51.v20230217.jar:/var/benchmarks/projects/jsoup/target/dependency/junit-jupiter-engine-5.9.3.jar:/var/benchmarks/projects/jsoup/target/dependency/jetty-server-9.4.51.v20230217.jar:/var/benchmarks/projects/jsoup/target/dependency/junit-platform-engine-1.9.3.jar:/var/benchmarks/projects/jsoup/target/dependency/junit-jupiter-api-5.9.3.jar:/var/benchmarks/projects/jsoup/target/dependency/apiguardian-api-1.1.2.jar:/var/benchmarks/projects/jsoup/target/dependency/opentest4j-1.2.0.jar:/var/benchmarks/projects/jsoup/target/dependency/javax.servlet-api-3.1.0.jar:/var/benchmarks/projects/jsoup/target/dependency/jetty-util-9.4.51.v20230217.jar:/var/benchmarks/projects/jsoup/target/dependency/jetty-http-9.4.51.v20230217.jar:/var/benchmarks/projects/jsoup/target/dependency/jetty-security-9.4.51.v20230217.jar:/var/benchmarks/projects/jsoup/target/dependency/jsr305-3.0.2.jar:/var/benchmarks/projects/jsoup/target/dependency/jetty-io-9.4.51.v20230217.jar:/var/benchmarks/projects/jsoup/target/dependency/junit-jupiter-5.9.3.jar:/var/benchmarks/projects/jsoup/target/dependency/jetty-servlet-9.4.51.v20230217.jar:/usr/local/bin/lib/junit.jar:/usr/local/bin/lib/hamcrest-core.jar -d results_kex_120/JSOUP-36_1/temp/testcases/bin /home/kex/results_kex_120/JSOUP-36_1/temp/testcases/org/jsoup/nodes/DocumentType_nodeName_18602329971.java

/home/kex/results_kex_120/JSOUP-36_1/temp/testcases/org/jsoup/nodes/ReflectionUtils.java:9: warning: Unsafe is internal proprietary API and may be removed in a future release
import sun.misc.Unsafe;
               ^
/home/kex/results_kex_120/JSOUP-36_1/temp/testcases/org/jsoup/nodes/ReflectionUtils.java:13: warning: Unsafe is internal proprietary API and may be removed in a future release
    public static final Unsafe UNSAFE;
                        ^
/home/kex/results_kex_120/JSOUP-36_1/temp/testcases/org/jsoup/nodes/ReflectionUtils.java:17: warning: Unsafe is internal proprietary API and may be removed in a future release
            final Field uns = Unsafe.class.getDeclaredField("theUnsafe");
                              ^
/home/kex/results_kex_120/JSOUP-36_1/temp/testcases/org/jsoup/nodes/ReflectionUtils.java:19: warning: Unsafe is internal proprietary API and may be removed in a future release
            UNSAFE = (Unsafe) uns.get(null);
                      ^
4 warnings
Compiled 'org/jsoup/nodes/DocumentType_nodeName_18602329971.java'

===
javac command line:
/usr/bin/javac -sourcepath /home/kex/results_kex_120/JSOUP-36_1/temp/testcases -cp /var/benchmarks/projects/jsoup/target/jsoup-1.16.2-SNAPSHOT.jar:/var/benchmarks/projects/jsoup/target/dependency/junit-jupiter-params-5.9.3.jar:/var/benchmarks/projects/jsoup/target/dependency/gson-2.10.1.jar:/var/benchmarks/projects/jsoup/target/dependency/jetty-util-ajax-9.4.51.v20230217.jar:/var/benchmarks/projects/jsoup/target/dependency/junit-jupiter-engine-5.9.3.jar:/var/benchmarks/projects/jsoup/target/dependency/jetty-server-9.4.51.v20230217.jar:/var/benchmarks/projects/jsoup/target/dependency/junit-platform-engine-1.9.3.jar:/var/benchmarks/projects/jsoup/target/dependency/junit-jupiter-api-5.9.3.jar:/var/benchmarks/projects/jsoup/target/dependency/apiguardian-api-1.1.2.jar:/var/benchmarks/projects/jsoup/target/dependency/opentest4j-1.2.0.jar:/var/benchmarks/projects/jsoup/target/dependency/javax.servlet-api-3.1.0.jar:/var/benchmarks/projects/jsoup/target/dependency/jetty-util-9.4.51.v20230217.jar:/var/benchmarks/projects/jsoup/target/dependency/jetty-http-9.4.51.v20230217.jar:/var/benchmarks/projects/jsoup/target/dependency/jetty-security-9.4.51.v20230217.jar:/var/benchmarks/projects/jsoup/target/dependency/jsr305-3.0.2.jar:/var/benchmarks/projects/jsoup/target/dependency/jetty-io-9.4.51.v20230217.jar:/var/benchmarks/projects/jsoup/target/dependency/junit-jupiter-5.9.3.jar:/var/benchmarks/projects/jsoup/target/dependency/jetty-servlet-9.4.51.v20230217.jar:/usr/local/bin/lib/junit.jar:/usr/local/bin/lib/hamcrest-core.jar -d results_kex_120/JSOUP-36_1/temp/testcases/bin /home/kex/results_kex_120/JSOUP-36_1/temp/testcases/org/jsoup/nodes/DocumentType_outerHtmlHead_4720243990.java

/home/kex/results_kex_120/JSOUP-36_1/temp/testcases/org/jsoup/nodes/ReflectionUtils.java:9: warning: Unsafe is internal proprietary API and may be removed in a future release
import sun.misc.Unsafe;
               ^
/home/kex/results_kex_120/JSOUP-36_1/temp/testcases/org/jsoup/nodes/ReflectionUtils.java:13: warning: Unsafe is internal proprietary API and may be removed in a future release
    public static final Unsafe UNSAFE;
                        ^
/home/kex/results_kex_120/JSOUP-36_1/temp/testcases/org/jsoup/nodes/ReflectionUtils.java:17: warning: Unsafe is internal proprietary API and may be removed in a future release
            final Field uns = Unsafe.class.getDeclaredField("theUnsafe");
                              ^
/home/kex/results_kex_120/JSOUP-36_1/temp/testcases/org/jsoup/nodes/ReflectionUtils.java:19: warning: Unsafe is internal proprietary API and may be removed in a future release
            UNSAFE = (Unsafe) uns.get(null);
                      ^
4 warnings
Compiled 'org/jsoup/nodes/DocumentType_outerHtmlHead_4720243990.java'

===
javac command line:
/usr/bin/javac -sourcepath /home/kex/results_kex_120/JSOUP-36_1/temp/testcases -cp /var/benchmarks/projects/jsoup/target/jsoup-1.16.2-SNAPSHOT.jar:/var/benchmarks/projects/jsoup/target/dependency/junit-jupiter-params-5.9.3.jar:/var/benchmarks/projects/jsoup/target/dependency/gson-2.10.1.jar:/var/benchmarks/projects/jsoup/target/dependency/jetty-util-ajax-9.4.51.v20230217.jar:/var/benchmarks/projects/jsoup/target/dependency/junit-jupiter-engine-5.9.3.jar:/var/benchmarks/projects/jsoup/target/dependency/jetty-server-9.4.51.v20230217.jar:/var/benchmarks/projects/jsoup/target/dependency/junit-platform-engine-1.9.3.jar:/var/benchmarks/projects/jsoup/target/dependency/junit-jupiter-api-5.9.3.jar:/var/benchmarks/projects/jsoup/target/dependency/apiguardian-api-1.1.2.jar:/var/benchmarks/projects/jsoup/target/dependency/opentest4j-1.2.0.jar:/var/benchmarks/projects/jsoup/target/dependency/javax.servlet-api-3.1.0.jar:/var/benchmarks/projects/jsoup/target/dependency/jetty-util-9.4.51.v20230217.jar:/var/benchmarks/projects/jsoup/target/dependency/jetty-http-9.4.51.v20230217.jar:/var/benchmarks/projects/jsoup/target/dependency/jetty-security-9.4.51.v20230217.jar:/var/benchmarks/projects/jsoup/target/dependency/jsr305-3.0.2.jar:/var/benchmarks/projects/jsoup/target/dependency/jetty-io-9.4.51.v20230217.jar:/var/benchmarks/projects/jsoup/target/dependency/junit-jupiter-5.9.3.jar:/var/benchmarks/projects/jsoup/target/dependency/jetty-servlet-9.4.51.v20230217.jar:/usr/local/bin/lib/junit.jar:/usr/local/bin/lib/hamcrest-core.jar -d results_kex_120/JSOUP-36_1/temp/testcases/bin /home/kex/results_kex_120/JSOUP-36_1/temp/testcases/org/jsoup/nodes/DocumentType_outerHtmlHead_4720243991.java

/home/kex/results_kex_120/JSOUP-36_1/temp/testcases/org/jsoup/nodes/ReflectionUtils.java:9: warning: Unsafe is internal proprietary API and may be removed in a future release
import sun.misc.Unsafe;
               ^
/home/kex/results_kex_120/JSOUP-36_1/temp/testcases/org/jsoup/nodes/ReflectionUtils.java:13: warning: Unsafe is internal proprietary API and may be removed in a future release
    public static final Unsafe UNSAFE;
                        ^
/home/kex/results_kex_120/JSOUP-36_1/temp/testcases/org/jsoup/nodes/ReflectionUtils.java:17: warning: Unsafe is internal proprietary API and may be removed in a future release
            final Field uns = Unsafe.class.getDeclaredField("theUnsafe");
                              ^
/home/kex/results_kex_120/JSOUP-36_1/temp/testcases/org/jsoup/nodes/ReflectionUtils.java:19: warning: Unsafe is internal proprietary API and may be removed in a future release
            UNSAFE = (Unsafe) uns.get(null);
                      ^
4 warnings
Compiled 'org/jsoup/nodes/DocumentType_outerHtmlHead_4720243991.java'

===
javac command line:
/usr/bin/javac -sourcepath /home/kex/results_kex_120/JSOUP-36_1/temp/testcases -cp /var/benchmarks/projects/jsoup/target/jsoup-1.16.2-SNAPSHOT.jar:/var/benchmarks/projects/jsoup/target/dependency/junit-jupiter-params-5.9.3.jar:/var/benchmarks/projects/jsoup/target/dependency/gson-2.10.1.jar:/var/benchmarks/projects/jsoup/target/dependency/jetty-util-ajax-9.4.51.v20230217.jar:/var/benchmarks/projects/jsoup/target/dependency/junit-jupiter-engine-5.9.3.jar:/var/benchmarks/projects/jsoup/target/dependency/jetty-server-9.4.51.v20230217.jar:/var/benchmarks/projects/jsoup/target/dependency/junit-platform-engine-1.9.3.jar:/var/benchmarks/projects/jsoup/target/dependency/junit-jupiter-api-5.9.3.jar:/var/benchmarks/projects/jsoup/target/dependency/apiguardian-api-1.1.2.jar:/var/benchmarks/projects/jsoup/target/dependency/opentest4j-1.2.0.jar:/var/benchmarks/projects/jsoup/target/dependency/javax.servlet-api-3.1.0.jar:/var/benchmarks/projects/jsoup/target/dependency/jetty-util-9.4.51.v20230217.jar:/var/benchmarks/projects/jsoup/target/dependency/jetty-http-9.4.51.v20230217.jar:/var/benchmarks/projects/jsoup/target/dependency/jetty-security-9.4.51.v20230217.jar:/var/benchmarks/projects/jsoup/target/dependency/jsr305-3.0.2.jar:/var/benchmarks/projects/jsoup/target/dependency/jetty-io-9.4.51.v20230217.jar:/var/benchmarks/projects/jsoup/target/dependency/junit-jupiter-5.9.3.jar:/var/benchmarks/projects/jsoup/target/dependency/jetty-servlet-9.4.51.v20230217.jar:/usr/local/bin/lib/junit.jar:/usr/local/bin/lib/hamcrest-core.jar -d results_kex_120/JSOUP-36_1/temp/testcases/bin /home/kex/results_kex_120/JSOUP-36_1/temp/testcases/org/jsoup/nodes/DocumentType_outerHtmlTail_1319226550.java

/home/kex/results_kex_120/JSOUP-36_1/temp/testcases/org/jsoup/nodes/ReflectionUtils.java:9: warning: Unsafe is internal proprietary API and may be removed in a future release
import sun.misc.Unsafe;
               ^
/home/kex/results_kex_120/JSOUP-36_1/temp/testcases/org/jsoup/nodes/ReflectionUtils.java:13: warning: Unsafe is internal proprietary API and may be removed in a future release
    public static final Unsafe UNSAFE;
                        ^
/home/kex/results_kex_120/JSOUP-36_1/temp/testcases/org/jsoup/nodes/ReflectionUtils.java:17: warning: Unsafe is internal proprietary API and may be removed in a future release
            final Field uns = Unsafe.class.getDeclaredField("theUnsafe");
                              ^
/home/kex/results_kex_120/JSOUP-36_1/temp/testcases/org/jsoup/nodes/ReflectionUtils.java:19: warning: Unsafe is internal proprietary API and may be removed in a future release
            UNSAFE = (Unsafe) uns.get(null);
                      ^
4 warnings
Compiled 'org/jsoup/nodes/DocumentType_outerHtmlTail_1319226550.java'

===
javac command line:
/usr/bin/javac -sourcepath /home/kex/results_kex_120/JSOUP-36_1/temp/testcases -cp /var/benchmarks/projects/jsoup/target/jsoup-1.16.2-SNAPSHOT.jar:/var/benchmarks/projects/jsoup/target/dependency/junit-jupiter-params-5.9.3.jar:/var/benchmarks/projects/jsoup/target/dependency/gson-2.10.1.jar:/var/benchmarks/projects/jsoup/target/dependency/jetty-util-ajax-9.4.51.v20230217.jar:/var/benchmarks/projects/jsoup/target/dependency/junit-jupiter-engine-5.9.3.jar:/var/benchmarks/projects/jsoup/target/dependency/jetty-server-9.4.51.v20230217.jar:/var/benchmarks/projects/jsoup/target/dependency/junit-platform-engine-1.9.3.jar:/var/benchmarks/projects/jsoup/target/dependency/junit-jupiter-api-5.9.3.jar:/var/benchmarks/projects/jsoup/target/dependency/apiguardian-api-1.1.2.jar:/var/benchmarks/projects/jsoup/target/dependency/opentest4j-1.2.0.jar:/var/benchmarks/projects/jsoup/target/dependency/javax.servlet-api-3.1.0.jar:/var/benchmarks/projects/jsoup/target/dependency/jetty-util-9.4.51.v20230217.jar:/var/benchmarks/projects/jsoup/target/dependency/jetty-http-9.4.51.v20230217.jar:/var/benchmarks/projects/jsoup/target/dependency/jetty-security-9.4.51.v20230217.jar:/var/benchmarks/projects/jsoup/target/dependency/jsr305-3.0.2.jar:/var/benchmarks/projects/jsoup/target/dependency/jetty-io-9.4.51.v20230217.jar:/var/benchmarks/projects/jsoup/target/dependency/junit-jupiter-5.9.3.jar:/var/benchmarks/projects/jsoup/target/dependency/jetty-servlet-9.4.51.v20230217.jar:/usr/local/bin/lib/junit.jar:/usr/local/bin/lib/hamcrest-core.jar -d results_kex_120/JSOUP-36_1/temp/testcases/bin /home/kex/results_kex_120/JSOUP-36_1/temp/testcases/org/jsoup/nodes/DocumentType_outerHtmlTail_1319226551.java

/home/kex/results_kex_120/JSOUP-36_1/temp/testcases/org/jsoup/nodes/ReflectionUtils.java:9: warning: Unsafe is internal proprietary API and may be removed in a future release
import sun.misc.Unsafe;
               ^
/home/kex/results_kex_120/JSOUP-36_1/temp/testcases/org/jsoup/nodes/ReflectionUtils.java:13: warning: Unsafe is internal proprietary API and may be removed in a future release
    public static final Unsafe UNSAFE;
                        ^
/home/kex/results_kex_120/JSOUP-36_1/temp/testcases/org/jsoup/nodes/ReflectionUtils.java:17: warning: Unsafe is internal proprietary API and may be removed in a future release
            final Field uns = Unsafe.class.getDeclaredField("theUnsafe");
                              ^
/home/kex/results_kex_120/JSOUP-36_1/temp/testcases/org/jsoup/nodes/ReflectionUtils.java:19: warning: Unsafe is internal proprietary API and may be removed in a future release
            UNSAFE = (Unsafe) uns.get(null);
                      ^
4 warnings
Compiled 'org/jsoup/nodes/DocumentType_outerHtmlTail_1319226551.java'

===
javac command line:
/usr/bin/javac -sourcepath /home/kex/results_kex_120/JSOUP-36_1/temp/testcases -cp /var/benchmarks/projects/jsoup/target/jsoup-1.16.2-SNAPSHOT.jar:/var/benchmarks/projects/jsoup/target/dependency/junit-jupiter-params-5.9.3.jar:/var/benchmarks/projects/jsoup/target/dependency/gson-2.10.1.jar:/var/benchmarks/projects/jsoup/target/dependency/jetty-util-ajax-9.4.51.v20230217.jar:/var/benchmarks/projects/jsoup/target/dependency/junit-jupiter-engine-5.9.3.jar:/var/benchmarks/projects/jsoup/target/dependency/jetty-server-9.4.51.v20230217.jar:/var/benchmarks/projects/jsoup/target/dependency/junit-platform-engine-1.9.3.jar:/var/benchmarks/projects/jsoup/target/dependency/junit-jupiter-api-5.9.3.jar:/var/benchmarks/projects/jsoup/target/dependency/apiguardian-api-1.1.2.jar:/var/benchmarks/projects/jsoup/target/dependency/opentest4j-1.2.0.jar:/var/benchmarks/projects/jsoup/target/dependency/javax.servlet-api-3.1.0.jar:/var/benchmarks/projects/jsoup/target/dependency/jetty-util-9.4.51.v20230217.jar:/var/benchmarks/projects/jsoup/target/dependency/jetty-http-9.4.51.v20230217.jar:/var/benchmarks/projects/jsoup/target/dependency/jetty-security-9.4.51.v20230217.jar:/var/benchmarks/projects/jsoup/target/dependency/jsr305-3.0.2.jar:/var/benchmarks/projects/jsoup/target/dependency/jetty-io-9.4.51.v20230217.jar:/var/benchmarks/projects/jsoup/target/dependency/junit-jupiter-5.9.3.jar:/var/benchmarks/projects/jsoup/target/dependency/jetty-servlet-9.4.51.v20230217.jar:/usr/local/bin/lib/junit.jar:/usr/local/bin/lib/hamcrest-core.jar -d results_kex_120/JSOUP-36_1/temp/testcases/bin /home/kex/results_kex_120/JSOUP-36_1/temp/testcases/org/jsoup/nodes/DocumentType_publicId_15818877160.java

/home/kex/results_kex_120/JSOUP-36_1/temp/testcases/org/jsoup/nodes/ReflectionUtils.java:9: warning: Unsafe is internal proprietary API and may be removed in a future release
import sun.misc.Unsafe;
               ^
/home/kex/results_kex_120/JSOUP-36_1/temp/testcases/org/jsoup/nodes/ReflectionUtils.java:13: warning: Unsafe is internal proprietary API and may be removed in a future release
    public static final Unsafe UNSAFE;
                        ^
/home/kex/results_kex_120/JSOUP-36_1/temp/testcases/org/jsoup/nodes/ReflectionUtils.java:17: warning: Unsafe is internal proprietary API and may be removed in a future release
            final Field uns = Unsafe.class.getDeclaredField("theUnsafe");
                              ^
/home/kex/results_kex_120/JSOUP-36_1/temp/testcases/org/jsoup/nodes/ReflectionUtils.java:19: warning: Unsafe is internal proprietary API and may be removed in a future release
            UNSAFE = (Unsafe) uns.get(null);
                      ^
4 warnings
Compiled 'org/jsoup/nodes/DocumentType_publicId_15818877160.java'

===
javac command line:
/usr/bin/javac -sourcepath /home/kex/results_kex_120/JSOUP-36_1/temp/testcases -cp /var/benchmarks/projects/jsoup/target/jsoup-1.16.2-SNAPSHOT.jar:/var/benchmarks/projects/jsoup/target/dependency/junit-jupiter-params-5.9.3.jar:/var/benchmarks/projects/jsoup/target/dependency/gson-2.10.1.jar:/var/benchmarks/projects/jsoup/target/dependency/jetty-util-ajax-9.4.51.v20230217.jar:/var/benchmarks/projects/jsoup/target/dependency/junit-jupiter-engine-5.9.3.jar:/var/benchmarks/projects/jsoup/target/dependency/jetty-server-9.4.51.v20230217.jar:/var/benchmarks/projects/jsoup/target/dependency/junit-platform-engine-1.9.3.jar:/var/benchmarks/projects/jsoup/target/dependency/junit-jupiter-api-5.9.3.jar:/var/benchmarks/projects/jsoup/target/dependency/apiguardian-api-1.1.2.jar:/var/benchmarks/projects/jsoup/target/dependency/opentest4j-1.2.0.jar:/var/benchmarks/projects/jsoup/target/dependency/javax.servlet-api-3.1.0.jar:/var/benchmarks/projects/jsoup/target/dependency/jetty-util-9.4.51.v20230217.jar:/var/benchmarks/projects/jsoup/target/dependency/jetty-http-9.4.51.v20230217.jar:/var/benchmarks/projects/jsoup/target/dependency/jetty-security-9.4.51.v20230217.jar:/var/benchmarks/projects/jsoup/target/dependency/jsr305-3.0.2.jar:/var/benchmarks/projects/jsoup/target/dependency/jetty-io-9.4.51.v20230217.jar:/var/benchmarks/projects/jsoup/target/dependency/junit-jupiter-5.9.3.jar:/var/benchmarks/projects/jsoup/target/dependency/jetty-servlet-9.4.51.v20230217.jar:/usr/local/bin/lib/junit.jar:/usr/local/bin/lib/hamcrest-core.jar -d results_kex_120/JSOUP-36_1/temp/testcases/bin /home/kex/results_kex_120/JSOUP-36_1/temp/testcases/org/jsoup/nodes/DocumentType_publicId_15818877161.java

/home/kex/results_kex_120/JSOUP-36_1/temp/testcases/org/jsoup/nodes/ReflectionUtils.java:9: warning: Unsafe is internal proprietary API and may be removed in a future release
import sun.misc.Unsafe;
               ^
/home/kex/results_kex_120/JSOUP-36_1/temp/testcases/org/jsoup/nodes/ReflectionUtils.java:13: warning: Unsafe is internal proprietary API and may be removed in a future release
    public static final Unsafe UNSAFE;
                        ^
/home/kex/results_kex_120/JSOUP-36_1/temp/testcases/org/jsoup/nodes/ReflectionUtils.java:17: warning: Unsafe is internal proprietary API and may be removed in a future release
            final Field uns = Unsafe.class.getDeclaredField("theUnsafe");
                              ^
/home/kex/results_kex_120/JSOUP-36_1/temp/testcases/org/jsoup/nodes/ReflectionUtils.java:19: warning: Unsafe is internal proprietary API and may be removed in a future release
            UNSAFE = (Unsafe) uns.get(null);
                      ^
4 warnings
Compiled 'org/jsoup/nodes/DocumentType_publicId_15818877161.java'

===
javac command line:
/usr/bin/javac -sourcepath /home/kex/results_kex_120/JSOUP-36_1/temp/testcases -cp /var/benchmarks/projects/jsoup/target/jsoup-1.16.2-SNAPSHOT.jar:/var/benchmarks/projects/jsoup/target/dependency/junit-jupiter-params-5.9.3.jar:/var/benchmarks/projects/jsoup/target/dependency/gson-2.10.1.jar:/var/benchmarks/projects/jsoup/target/dependency/jetty-util-ajax-9.4.51.v20230217.jar:/var/benchmarks/projects/jsoup/target/dependency/junit-jupiter-engine-5.9.3.jar:/var/benchmarks/projects/jsoup/target/dependency/jetty-server-9.4.51.v20230217.jar:/var/benchmarks/projects/jsoup/target/dependency/junit-platform-engine-1.9.3.jar:/var/benchmarks/projects/jsoup/target/dependency/junit-jupiter-api-5.9.3.jar:/var/benchmarks/projects/jsoup/target/dependency/apiguardian-api-1.1.2.jar:/var/benchmarks/projects/jsoup/target/dependency/opentest4j-1.2.0.jar:/var/benchmarks/projects/jsoup/target/dependency/javax.servlet-api-3.1.0.jar:/var/benchmarks/projects/jsoup/target/dependency/jetty-util-9.4.51.v20230217.jar:/var/benchmarks/projects/jsoup/target/dependency/jetty-http-9.4.51.v20230217.jar:/var/benchmarks/projects/jsoup/target/dependency/jetty-security-9.4.51.v20230217.jar:/var/benchmarks/projects/jsoup/target/dependency/jsr305-3.0.2.jar:/var/benchmarks/projects/jsoup/target/dependency/jetty-io-9.4.51.v20230217.jar:/var/benchmarks/projects/jsoup/target/dependency/junit-jupiter-5.9.3.jar:/var/benchmarks/projects/jsoup/target/dependency/jetty-servlet-9.4.51.v20230217.jar:/usr/local/bin/lib/junit.jar:/usr/local/bin/lib/hamcrest-core.jar -d results_kex_120/JSOUP-36_1/temp/testcases/bin /home/kex/results_kex_120/JSOUP-36_1/temp/testcases/org/jsoup/nodes/DocumentType_setPubSysKey_3850840810.java

/home/kex/results_kex_120/JSOUP-36_1/temp/testcases/org/jsoup/nodes/ReflectionUtils.java:9: warning: Unsafe is internal proprietary API and may be removed in a future release
import sun.misc.Unsafe;
               ^
/home/kex/results_kex_120/JSOUP-36_1/temp/testcases/org/jsoup/nodes/ReflectionUtils.java:13: warning: Unsafe is internal proprietary API and may be removed in a future release
    public static final Unsafe UNSAFE;
                        ^
/home/kex/results_kex_120/JSOUP-36_1/temp/testcases/org/jsoup/nodes/ReflectionUtils.java:17: warning: Unsafe is internal proprietary API and may be removed in a future release
            final Field uns = Unsafe.class.getDeclaredField("theUnsafe");
                              ^
/home/kex/results_kex_120/JSOUP-36_1/temp/testcases/org/jsoup/nodes/ReflectionUtils.java:19: warning: Unsafe is internal proprietary API and may be removed in a future release
            UNSAFE = (Unsafe) uns.get(null);
                      ^
4 warnings
Compiled 'org/jsoup/nodes/DocumentType_setPubSysKey_3850840810.java'

===
javac command line:
/usr/bin/javac -sourcepath /home/kex/results_kex_120/JSOUP-36_1/temp/testcases -cp /var/benchmarks/projects/jsoup/target/jsoup-1.16.2-SNAPSHOT.jar:/var/benchmarks/projects/jsoup/target/dependency/junit-jupiter-params-5.9.3.jar:/var/benchmarks/projects/jsoup/target/dependency/gson-2.10.1.jar:/var/benchmarks/projects/jsoup/target/dependency/jetty-util-ajax-9.4.51.v20230217.jar:/var/benchmarks/projects/jsoup/target/dependency/junit-jupiter-engine-5.9.3.jar:/var/benchmarks/projects/jsoup/target/dependency/jetty-server-9.4.51.v20230217.jar:/var/benchmarks/projects/jsoup/target/dependency/junit-platform-engine-1.9.3.jar:/var/benchmarks/projects/jsoup/target/dependency/junit-jupiter-api-5.9.3.jar:/var/benchmarks/projects/jsoup/target/dependency/apiguardian-api-1.1.2.jar:/var/benchmarks/projects/jsoup/target/dependency/opentest4j-1.2.0.jar:/var/benchmarks/projects/jsoup/target/dependency/javax.servlet-api-3.1.0.jar:/var/benchmarks/projects/jsoup/target/dependency/jetty-util-9.4.51.v20230217.jar:/var/benchmarks/projects/jsoup/target/dependency/jetty-http-9.4.51.v20230217.jar:/var/benchmarks/projects/jsoup/target/dependency/jetty-security-9.4.51.v20230217.jar:/var/benchmarks/projects/jsoup/target/dependency/jsr305-3.0.2.jar:/var/benchmarks/projects/jsoup/target/dependency/jetty-io-9.4.51.v20230217.jar:/var/benchmarks/projects/jsoup/target/dependency/junit-jupiter-5.9.3.jar:/var/benchmarks/projects/jsoup/target/dependency/jetty-servlet-9.4.51.v20230217.jar:/usr/local/bin/lib/junit.jar:/usr/local/bin/lib/hamcrest-core.jar -d results_kex_120/JSOUP-36_1/temp/testcases/bin /home/kex/results_kex_120/JSOUP-36_1/temp/testcases/org/jsoup/nodes/DocumentType_setPubSysKey_3850840811.java

/home/kex/results_kex_120/JSOUP-36_1/temp/testcases/org/jsoup/nodes/ReflectionUtils.java:9: warning: Unsafe is internal proprietary API and may be removed in a future release
import sun.misc.Unsafe;
               ^
/home/kex/results_kex_120/JSOUP-36_1/temp/testcases/org/jsoup/nodes/ReflectionUtils.java:13: warning: Unsafe is internal proprietary API and may be removed in a future release
    public static final Unsafe UNSAFE;
                        ^
/home/kex/results_kex_120/JSOUP-36_1/temp/testcases/org/jsoup/nodes/ReflectionUtils.java:17: warning: Unsafe is internal proprietary API and may be removed in a future release
            final Field uns = Unsafe.class.getDeclaredField("theUnsafe");
                              ^
/home/kex/results_kex_120/JSOUP-36_1/temp/testcases/org/jsoup/nodes/ReflectionUtils.java:19: warning: Unsafe is internal proprietary API and may be removed in a future release
            UNSAFE = (Unsafe) uns.get(null);
                      ^
4 warnings
Compiled 'org/jsoup/nodes/DocumentType_setPubSysKey_3850840811.java'

===
javac command line:
/usr/bin/javac -sourcepath /home/kex/results_kex_120/JSOUP-36_1/temp/testcases -cp /var/benchmarks/projects/jsoup/target/jsoup-1.16.2-SNAPSHOT.jar:/var/benchmarks/projects/jsoup/target/dependency/junit-jupiter-params-5.9.3.jar:/var/benchmarks/projects/jsoup/target/dependency/gson-2.10.1.jar:/var/benchmarks/projects/jsoup/target/dependency/jetty-util-ajax-9.4.51.v20230217.jar:/var/benchmarks/projects/jsoup/target/dependency/junit-jupiter-engine-5.9.3.jar:/var/benchmarks/projects/jsoup/target/dependency/jetty-server-9.4.51.v20230217.jar:/var/benchmarks/projects/jsoup/target/dependency/junit-platform-engine-1.9.3.jar:/var/benchmarks/projects/jsoup/target/dependency/junit-jupiter-api-5.9.3.jar:/var/benchmarks/projects/jsoup/target/dependency/apiguardian-api-1.1.2.jar:/var/benchmarks/projects/jsoup/target/dependency/opentest4j-1.2.0.jar:/var/benchmarks/projects/jsoup/target/dependency/javax.servlet-api-3.1.0.jar:/var/benchmarks/projects/jsoup/target/dependency/jetty-util-9.4.51.v20230217.jar:/var/benchmarks/projects/jsoup/target/dependency/jetty-http-9.4.51.v20230217.jar:/var/benchmarks/projects/jsoup/target/dependency/jetty-security-9.4.51.v20230217.jar:/var/benchmarks/projects/jsoup/target/dependency/jsr305-3.0.2.jar:/var/benchmarks/projects/jsoup/target/dependency/jetty-io-9.4.51.v20230217.jar:/var/benchmarks/projects/jsoup/target/dependency/junit-jupiter-5.9.3.jar:/var/benchmarks/projects/jsoup/target/dependency/jetty-servlet-9.4.51.v20230217.jar:/usr/local/bin/lib/junit.jar:/usr/local/bin/lib/hamcrest-core.jar -d results_kex_120/JSOUP-36_1/temp/testcases/bin /home/kex/results_kex_120/JSOUP-36_1/temp/testcases/org/jsoup/nodes/DocumentType_systemId_14514738900.java

/home/kex/results_kex_120/JSOUP-36_1/temp/testcases/org/jsoup/nodes/ReflectionUtils.java:9: warning: Unsafe is internal proprietary API and may be removed in a future release
import sun.misc.Unsafe;
               ^
/home/kex/results_kex_120/JSOUP-36_1/temp/testcases/org/jsoup/nodes/ReflectionUtils.java:13: warning: Unsafe is internal proprietary API and may be removed in a future release
    public static final Unsafe UNSAFE;
                        ^
/home/kex/results_kex_120/JSOUP-36_1/temp/testcases/org/jsoup/nodes/ReflectionUtils.java:17: warning: Unsafe is internal proprietary API and may be removed in a future release
            final Field uns = Unsafe.class.getDeclaredField("theUnsafe");
                              ^
/home/kex/results_kex_120/JSOUP-36_1/temp/testcases/org/jsoup/nodes/ReflectionUtils.java:19: warning: Unsafe is internal proprietary API and may be removed in a future release
            UNSAFE = (Unsafe) uns.get(null);
                      ^
4 warnings
Compiled 'org/jsoup/nodes/DocumentType_systemId_14514738900.java'

===
javac command line:
/usr/bin/javac -sourcepath /home/kex/results_kex_120/JSOUP-36_1/temp/testcases -cp /var/benchmarks/projects/jsoup/target/jsoup-1.16.2-SNAPSHOT.jar:/var/benchmarks/projects/jsoup/target/dependency/junit-jupiter-params-5.9.3.jar:/var/benchmarks/projects/jsoup/target/dependency/gson-2.10.1.jar:/var/benchmarks/projects/jsoup/target/dependency/jetty-util-ajax-9.4.51.v20230217.jar:/var/benchmarks/projects/jsoup/target/dependency/junit-jupiter-engine-5.9.3.jar:/var/benchmarks/projects/jsoup/target/dependency/jetty-server-9.4.51.v20230217.jar:/var/benchmarks/projects/jsoup/target/dependency/junit-platform-engine-1.9.3.jar:/var/benchmarks/projects/jsoup/target/dependency/junit-jupiter-api-5.9.3.jar:/var/benchmarks/projects/jsoup/target/dependency/apiguardian-api-1.1.2.jar:/var/benchmarks/projects/jsoup/target/dependency/opentest4j-1.2.0.jar:/var/benchmarks/projects/jsoup/target/dependency/javax.servlet-api-3.1.0.jar:/var/benchmarks/projects/jsoup/target/dependency/jetty-util-9.4.51.v20230217.jar:/var/benchmarks/projects/jsoup/target/dependency/jetty-http-9.4.51.v20230217.jar:/var/benchmarks/projects/jsoup/target/dependency/jetty-security-9.4.51.v20230217.jar:/var/benchmarks/projects/jsoup/target/dependency/jsr305-3.0.2.jar:/var/benchmarks/projects/jsoup/target/dependency/jetty-io-9.4.51.v20230217.jar:/var/benchmarks/projects/jsoup/target/dependency/junit-jupiter-5.9.3.jar:/var/benchmarks/projects/jsoup/target/dependency/jetty-servlet-9.4.51.v20230217.jar:/usr/local/bin/lib/junit.jar:/usr/local/bin/lib/hamcrest-core.jar -d results_kex_120/JSOUP-36_1/temp/testcases/bin /home/kex/results_kex_120/JSOUP-36_1/temp/testcases/org/jsoup/nodes/DocumentType_systemId_14514738901.java

/home/kex/results_kex_120/JSOUP-36_1/temp/testcases/org/jsoup/nodes/ReflectionUtils.java:9: warning: Unsafe is internal proprietary API and may be removed in a future release
import sun.misc.Unsafe;
               ^
/home/kex/results_kex_120/JSOUP-36_1/temp/testcases/org/jsoup/nodes/ReflectionUtils.java:13: warning: Unsafe is internal proprietary API and may be removed in a future release
    public static final Unsafe UNSAFE;
                        ^
/home/kex/results_kex_120/JSOUP-36_1/temp/testcases/org/jsoup/nodes/ReflectionUtils.java:17: warning: Unsafe is internal proprietary API and may be removed in a future release
            final Field uns = Unsafe.class.getDeclaredField("theUnsafe");
                              ^
/home/kex/results_kex_120/JSOUP-36_1/temp/testcases/org/jsoup/nodes/ReflectionUtils.java:19: warning: Unsafe is internal proprietary API and may be removed in a future release
            UNSAFE = (Unsafe) uns.get(null);
                      ^
4 warnings
Compiled 'org/jsoup/nodes/DocumentType_systemId_14514738901.java'

===
javac command line:
/usr/bin/javac -sourcepath /home/kex/results_kex_120/JSOUP-36_1/temp/testcases -cp /var/benchmarks/projects/jsoup/target/jsoup-1.16.2-SNAPSHOT.jar:/var/benchmarks/projects/jsoup/target/dependency/junit-jupiter-params-5.9.3.jar:/var/benchmarks/projects/jsoup/target/dependency/gson-2.10.1.jar:/var/benchmarks/projects/jsoup/target/dependency/jetty-util-ajax-9.4.51.v20230217.jar:/var/benchmarks/projects/jsoup/target/dependency/junit-jupiter-engine-5.9.3.jar:/var/benchmarks/projects/jsoup/target/dependency/jetty-server-9.4.51.v20230217.jar:/var/benchmarks/projects/jsoup/target/dependency/junit-platform-engine-1.9.3.jar:/var/benchmarks/projects/jsoup/target/dependency/junit-jupiter-api-5.9.3.jar:/var/benchmarks/projects/jsoup/target/dependency/apiguardian-api-1.1.2.jar:/var/benchmarks/projects/jsoup/target/dependency/opentest4j-1.2.0.jar:/var/benchmarks/projects/jsoup/target/dependency/javax.servlet-api-3.1.0.jar:/var/benchmarks/projects/jsoup/target/dependency/jetty-util-9.4.51.v20230217.jar:/var/benchmarks/projects/jsoup/target/dependency/jetty-http-9.4.51.v20230217.jar:/var/benchmarks/projects/jsoup/target/dependency/jetty-security-9.4.51.v20230217.jar:/var/benchmarks/projects/jsoup/target/dependency/jsr305-3.0.2.jar:/var/benchmarks/projects/jsoup/target/dependency/jetty-io-9.4.51.v20230217.jar:/var/benchmarks/projects/jsoup/target/dependency/junit-jupiter-5.9.3.jar:/var/benchmarks/projects/jsoup/target/dependency/jetty-servlet-9.4.51.v20230217.jar:/usr/local/bin/lib/junit.jar:/usr/local/bin/lib/hamcrest-core.jar -d results_kex_120/JSOUP-36_1/temp/testcases/bin /home/kex/results_kex_120/JSOUP-36_1/temp/testcases/org/jsoup/nodes/DocumentType_updatePubSyskey_18391763970.java

/home/kex/results_kex_120/JSOUP-36_1/temp/testcases/org/jsoup/nodes/ReflectionUtils.java:9: warning: Unsafe is internal proprietary API and may be removed in a future release
import sun.misc.Unsafe;
               ^
/home/kex/results_kex_120/JSOUP-36_1/temp/testcases/org/jsoup/nodes/ReflectionUtils.java:13: warning: Unsafe is internal proprietary API and may be removed in a future release
    public static final Unsafe UNSAFE;
                        ^
/home/kex/results_kex_120/JSOUP-36_1/temp/testcases/org/jsoup/nodes/ReflectionUtils.java:17: warning: Unsafe is internal proprietary API and may be removed in a future release
            final Field uns = Unsafe.class.getDeclaredField("theUnsafe");
                              ^
/home/kex/results_kex_120/JSOUP-36_1/temp/testcases/org/jsoup/nodes/ReflectionUtils.java:19: warning: Unsafe is internal proprietary API and may be removed in a future release
            UNSAFE = (Unsafe) uns.get(null);
                      ^
4 warnings
Compiled 'org/jsoup/nodes/DocumentType_updatePubSyskey_18391763970.java'

===
javac command line:
/usr/bin/javac -sourcepath /home/kex/results_kex_120/JSOUP-36_1/temp/testcases -cp /var/benchmarks/projects/jsoup/target/jsoup-1.16.2-SNAPSHOT.jar:/var/benchmarks/projects/jsoup/target/dependency/junit-jupiter-params-5.9.3.jar:/var/benchmarks/projects/jsoup/target/dependency/gson-2.10.1.jar:/var/benchmarks/projects/jsoup/target/dependency/jetty-util-ajax-9.4.51.v20230217.jar:/var/benchmarks/projects/jsoup/target/dependency/junit-jupiter-engine-5.9.3.jar:/var/benchmarks/projects/jsoup/target/dependency/jetty-server-9.4.51.v20230217.jar:/var/benchmarks/projects/jsoup/target/dependency/junit-platform-engine-1.9.3.jar:/var/benchmarks/projects/jsoup/target/dependency/junit-jupiter-api-5.9.3.jar:/var/benchmarks/projects/jsoup/target/dependency/apiguardian-api-1.1.2.jar:/var/benchmarks/projects/jsoup/target/dependency/opentest4j-1.2.0.jar:/var/benchmarks/projects/jsoup/target/dependency/javax.servlet-api-3.1.0.jar:/var/benchmarks/projects/jsoup/target/dependency/jetty-util-9.4.51.v20230217.jar:/var/benchmarks/projects/jsoup/target/dependency/jetty-http-9.4.51.v20230217.jar:/var/benchmarks/projects/jsoup/target/dependency/jetty-security-9.4.51.v20230217.jar:/var/benchmarks/projects/jsoup/target/dependency/jsr305-3.0.2.jar:/var/benchmarks/projects/jsoup/target/dependency/jetty-io-9.4.51.v20230217.jar:/var/benchmarks/projects/jsoup/target/dependency/junit-jupiter-5.9.3.jar:/var/benchmarks/projects/jsoup/target/dependency/jetty-servlet-9.4.51.v20230217.jar:/usr/local/bin/lib/junit.jar:/usr/local/bin/lib/hamcrest-core.jar -d results_kex_120/JSOUP-36_1/temp/testcases/bin /home/kex/results_kex_120/JSOUP-36_1/temp/testcases/org/jsoup/nodes/DocumentType_updatePubSyskey_18391763971.java

/home/kex/results_kex_120/JSOUP-36_1/temp/testcases/org/jsoup/nodes/ReflectionUtils.java:9: warning: Unsafe is internal proprietary API and may be removed in a future release
import sun.misc.Unsafe;
               ^
/home/kex/results_kex_120/JSOUP-36_1/temp/testcases/org/jsoup/nodes/ReflectionUtils.java:13: warning: Unsafe is internal proprietary API and may be removed in a future release
    public static final Unsafe UNSAFE;
                        ^
/home/kex/results_kex_120/JSOUP-36_1/temp/testcases/org/jsoup/nodes/ReflectionUtils.java:17: warning: Unsafe is internal proprietary API and may be removed in a future release
            final Field uns = Unsafe.class.getDeclaredField("theUnsafe");
                              ^
/home/kex/results_kex_120/JSOUP-36_1/temp/testcases/org/jsoup/nodes/ReflectionUtils.java:19: warning: Unsafe is internal proprietary API and may be removed in a future release
            UNSAFE = (Unsafe) uns.get(null);
                      ^
4 warnings
Compiled 'org/jsoup/nodes/DocumentType_updatePubSyskey_18391763971.java'

===
javac command line:
/usr/bin/javac -sourcepath /home/kex/results_kex_120/JSOUP-36_1/temp/testcases -cp /var/benchmarks/projects/jsoup/target/jsoup-1.16.2-SNAPSHOT.jar:/var/benchmarks/projects/jsoup/target/dependency/junit-jupiter-params-5.9.3.jar:/var/benchmarks/projects/jsoup/target/dependency/gson-2.10.1.jar:/var/benchmarks/projects/jsoup/target/dependency/jetty-util-ajax-9.4.51.v20230217.jar:/var/benchmarks/projects/jsoup/target/dependency/junit-jupiter-engine-5.9.3.jar:/var/benchmarks/projects/jsoup/target/dependency/jetty-server-9.4.51.v20230217.jar:/var/benchmarks/projects/jsoup/target/dependency/junit-platform-engine-1.9.3.jar:/var/benchmarks/projects/jsoup/target/dependency/junit-jupiter-api-5.9.3.jar:/var/benchmarks/projects/jsoup/target/dependency/apiguardian-api-1.1.2.jar:/var/benchmarks/projects/jsoup/target/dependency/opentest4j-1.2.0.jar:/var/benchmarks/projects/jsoup/target/dependency/javax.servlet-api-3.1.0.jar:/var/benchmarks/projects/jsoup/target/dependency/jetty-util-9.4.51.v20230217.jar:/var/benchmarks/projects/jsoup/target/dependency/jetty-http-9.4.51.v20230217.jar:/var/benchmarks/projects/jsoup/target/dependency/jetty-security-9.4.51.v20230217.jar:/var/benchmarks/projects/jsoup/target/dependency/jsr305-3.0.2.jar:/var/benchmarks/projects/jsoup/target/dependency/jetty-io-9.4.51.v20230217.jar:/var/benchmarks/projects/jsoup/target/dependency/junit-jupiter-5.9.3.jar:/var/benchmarks/projects/jsoup/target/dependency/jetty-servlet-9.4.51.v20230217.jar:/usr/local/bin/lib/junit.jar:/usr/local/bin/lib/hamcrest-core.jar -d results_kex_120/JSOUP-36_1/temp/testcases/bin /home/kex/results_kex_120/JSOUP-36_1/temp/testcases/org/jsoup/nodes/EqualityUtils.java

Compiled 'org/jsoup/nodes/EqualityUtils.java'

===
javac command line:
/usr/bin/javac -sourcepath /home/kex/results_kex_120/JSOUP-36_1/temp/testcases -cp /var/benchmarks/projects/jsoup/target/jsoup-1.16.2-SNAPSHOT.jar:/var/benchmarks/projects/jsoup/target/dependency/junit-jupiter-params-5.9.3.jar:/var/benchmarks/projects/jsoup/target/dependency/gson-2.10.1.jar:/var/benchmarks/projects/jsoup/target/dependency/jetty-util-ajax-9.4.51.v20230217.jar:/var/benchmarks/projects/jsoup/target/dependency/junit-jupiter-engine-5.9.3.jar:/var/benchmarks/projects/jsoup/target/dependency/jetty-server-9.4.51.v20230217.jar:/var/benchmarks/projects/jsoup/target/dependency/junit-platform-engine-1.9.3.jar:/var/benchmarks/projects/jsoup/target/dependency/junit-jupiter-api-5.9.3.jar:/var/benchmarks/projects/jsoup/target/dependency/apiguardian-api-1.1.2.jar:/var/benchmarks/projects/jsoup/target/dependency/opentest4j-1.2.0.jar:/var/benchmarks/projects/jsoup/target/dependency/javax.servlet-api-3.1.0.jar:/var/benchmarks/projects/jsoup/target/dependency/jetty-util-9.4.51.v20230217.jar:/var/benchmarks/projects/jsoup/target/dependency/jetty-http-9.4.51.v20230217.jar:/var/benchmarks/projects/jsoup/target/dependency/jetty-security-9.4.51.v20230217.jar:/var/benchmarks/projects/jsoup/target/dependency/jsr305-3.0.2.jar:/var/benchmarks/projects/jsoup/target/dependency/jetty-io-9.4.51.v20230217.jar:/var/benchmarks/projects/jsoup/target/dependency/junit-jupiter-5.9.3.jar:/var/benchmarks/projects/jsoup/target/dependency/jetty-servlet-9.4.51.v20230217.jar:/usr/local/bin/lib/junit.jar:/usr/local/bin/lib/hamcrest-core.jar -d results_kex_120/JSOUP-36_1/temp/testcases/bin /home/kex/results_kex_120/JSOUP-36_1/temp/testcases/org/jsoup/nodes/ReflectionUtils.java

/home/kex/results_kex_120/JSOUP-36_1/temp/testcases/org/jsoup/nodes/ReflectionUtils.java:9: warning: Unsafe is internal proprietary API and may be removed in a future release
import sun.misc.Unsafe;
               ^
/home/kex/results_kex_120/JSOUP-36_1/temp/testcases/org/jsoup/nodes/ReflectionUtils.java:13: warning: Unsafe is internal proprietary API and may be removed in a future release
    public static final Unsafe UNSAFE;
                        ^
/home/kex/results_kex_120/JSOUP-36_1/temp/testcases/org/jsoup/nodes/ReflectionUtils.java:17: warning: Unsafe is internal proprietary API and may be removed in a future release
            final Field uns = Unsafe.class.getDeclaredField("theUnsafe");
                              ^
/home/kex/results_kex_120/JSOUP-36_1/temp/testcases/org/jsoup/nodes/ReflectionUtils.java:19: warning: Unsafe is internal proprietary API and may be removed in a future release
            UNSAFE = (Unsafe) uns.get(null);
                      ^
4 warnings
Compiled 'org/jsoup/nodes/ReflectionUtils.java'

---Timing Information---
Running tests with the following classpath: 
/var/benchmarks/projects/jsoup/target/jsoup-1.16.2-SNAPSHOT.jar:/var/benchmarks/projects/jsoup/target/dependency/junit-jupiter-params-5.9.3.jar:/var/benchmarks/projects/jsoup/target/dependency/gson-2.10.1.jar:/var/benchmarks/projects/jsoup/target/dependency/jetty-util-ajax-9.4.51.v20230217.jar:/var/benchmarks/projects/jsoup/target/dependency/junit-jupiter-engine-5.9.3.jar:/var/benchmarks/projects/jsoup/target/dependency/jetty-server-9.4.51.v20230217.jar:/var/benchmarks/projects/jsoup/target/dependency/junit-platform-engine-1.9.3.jar:/var/benchmarks/projects/jsoup/target/dependency/junit-jupiter-api-5.9.3.jar:/var/benchmarks/projects/jsoup/target/dependency/apiguardian-api-1.1.2.jar:/var/benchmarks/projects/jsoup/target/dependency/opentest4j-1.2.0.jar:/var/benchmarks/projects/jsoup/target/dependency/javax.servlet-api-3.1.0.jar:/var/benchmarks/projects/jsoup/target/dependency/jetty-util-9.4.51.v20230217.jar:/var/benchmarks/projects/jsoup/target/dependency/jetty-http-9.4.51.v20230217.jar:/var/benchmarks/projects/jsoup/target/dependency/jetty-security-9.4.51.v20230217.jar:/var/benchmarks/projects/jsoup/target/dependency/jsr305-3.0.2.jar:/var/benchmarks/projects/jsoup/target/dependency/jetty-io-9.4.51.v20230217.jar:/var/benchmarks/projects/jsoup/target/dependency/junit-jupiter-5.9.3.jar:/var/benchmarks/projects/jsoup/target/dependency/jetty-servlet-9.4.51.v20230217.jar:/usr/local/bin/lib/junit.jar:/usr/local/bin/lib/hamcrest-core.jar:/home/kex/results_kex_120/JSOUP-36_1/temp/testcases/bin
Running the tests: [SBSTDummyForCoverageAndMutationCalculation, org.jsoup.nodes.DocumentType_has_14561205660, org.jsoup.nodes.DocumentType_has_14561205661, org.jsoup.nodes.DocumentType_init_11749183580, org.jsoup.nodes.DocumentType_init_11749183581, org.jsoup.nodes.DocumentType_name_2439028450, org.jsoup.nodes.DocumentType_name_2439028451, org.jsoup.nodes.DocumentType_nodeName_18602329970, org.jsoup.nodes.DocumentType_nodeName_18602329971, org.jsoup.nodes.DocumentType_outerHtmlHead_4720243990, org.jsoup.nodes.DocumentType_outerHtmlHead_4720243991, org.jsoup.nodes.DocumentType_outerHtmlTail_1319226550, org.jsoup.nodes.DocumentType_outerHtmlTail_1319226551, org.jsoup.nodes.DocumentType_publicId_15818877160, org.jsoup.nodes.DocumentType_publicId_15818877161, org.jsoup.nodes.DocumentType_setPubSysKey_3850840810, org.jsoup.nodes.DocumentType_setPubSysKey_3850840811, org.jsoup.nodes.DocumentType_systemId_14514738900, org.jsoup.nodes.DocumentType_systemId_14514738901, org.jsoup.nodes.DocumentType_updatePubSyskey_18391763970, org.jsoup.nodes.DocumentType_updatePubSyskey_18391763971, org.jsoup.nodes.EqualityUtils, org.jsoup.nodes.ReflectionUtils]
Executions terminated
Failure: [test(org.jsoup.nodes.DocumentType_init_11749183581): null]
Failing Tests: test(org.jsoup.nodes.DocumentType_init_11749183581)
java.lang.reflect.InvocationTargetException
	at sun.reflect.NativeConstructorAccessorImpl.newInstance0(Native Method)
	at sun.reflect.NativeConstructorAccessorImpl.newInstance(NativeConstructorAccessorImpl.java:62)
	at sun.reflect.DelegatingConstructorAccessorImpl.newInstance(DelegatingConstructorAccessorImpl.java:45)
	at java.lang.reflect.Constructor.newInstance(Constructor.java:423)
	at org.jsoup.nodes.ReflectionUtils.callConstructor(ReflectionUtils.java:231)
	at org.jsoup.nodes.DocumentType_init_11749183581.test(DocumentType_init_11749183581.java:40)
	at sun.reflect.NativeMethodAccessorImpl.invoke0(Native Method)
	at sun.reflect.NativeMethodAccessorImpl.invoke(NativeMethodAccessorImpl.java:62)
	at sun.reflect.DelegatingMethodAccessorImpl.invoke(DelegatingMethodAccessorImpl.java:43)
	at java.lang.reflect.Method.invoke(Method.java:498)
	at org.junit.runners.model.FrameworkMethod$1.runReflectiveCall(FrameworkMethod.java:47)
	at org.junit.internal.runners.model.ReflectiveCallable.run(ReflectiveCallable.java:12)
	at org.junit.runners.model.FrameworkMethod.invokeExplosively(FrameworkMethod.java:44)
	at org.junit.internal.runners.statements.InvokeMethod.evaluate(InvokeMethod.java:17)
	at org.junit.internal.runners.statements.RunBefores.evaluate(RunBefores.java:26)
	at org.junit.runners.ParentRunner.runLeaf(ParentRunner.java:271)
	at org.junit.runners.BlockJUnit4ClassRunner.runChild(BlockJUnit4ClassRunner.java:70)
	at org.junit.runners.BlockJUnit4ClassRunner.runChild(BlockJUnit4ClassRunner.java:50)
	at org.junit.runners.ParentRunner$3.run(ParentRunner.java:238)
	at org.junit.runners.ParentRunner$1.schedule(ParentRunner.java:63)
	at org.junit.runners.ParentRunner.runChildren(ParentRunner.java:236)
	at org.junit.runners.ParentRunner.access$000(ParentRunner.java:53)
	at org.junit.runners.ParentRunner$2.evaluate(ParentRunner.java:229)
	at org.junit.runners.ParentRunner.run(ParentRunner.java:309)
	at org.junit.runners.Suite.runChild(Suite.java:127)
	at org.junit.runners.Suite.runChild(Suite.java:26)
	at org.junit.runners.ParentRunner$3.run(ParentRunner.java:238)
	at org.junit.runners.ParentRunner$1.schedule(ParentRunner.java:63)
	at org.junit.runners.ParentRunner.runChildren(ParentRunner.java:236)
	at org.junit.runners.ParentRunner.access$000(ParentRunner.java:53)
	at org.junit.runners.ParentRunner$2.evaluate(ParentRunner.java:229)
	at org.junit.runners.ParentRunner.run(ParentRunner.java:309)
	at org.junit.runner.JUnitCore.run(JUnitCore.java:160)
	at org.junit.runner.JUnitCore.run(JUnitCore.java:138)
	at org.junit.runner.JUnitCore.run(JUnitCore.java:117)
	at sbst.benchmark.coverage.TestExecutionTask.call(TestExecutionTask.java:54)
	at sbst.benchmark.coverage.TestExecutionTask.call(TestExecutionTask.java:15)
	at java.util.concurrent.FutureTask.run(FutureTask.java:266)
	at java.util.concurrent.ThreadPoolExecutor.runWorker(ThreadPoolExecutor.java:1149)
	at java.util.concurrent.ThreadPoolExecutor$Worker.run(ThreadPoolExecutor.java:624)
	at java.lang.Thread.run(Thread.java:750)
Caused by: org.jsoup.helper.ValidationException: Object must not be null
	at org.jsoup.nodes.DocumentType.<init>(DocumentType.java:29)
	... 41 more

Failure: [test(org.jsoup.nodes.DocumentType_outerHtmlHead_4720243990): null]
Failing Tests: test(org.jsoup.nodes.DocumentType_outerHtmlHead_4720243990)
java.lang.NullPointerException
	at org.jsoup.nodes.DocumentType.outerHtmlHead(DocumentType.java:87)
	at sun.reflect.NativeMethodAccessorImpl.invoke0(Native Method)
	at sun.reflect.NativeMethodAccessorImpl.invoke(NativeMethodAccessorImpl.java:62)
	at sun.reflect.DelegatingMethodAccessorImpl.invoke(DelegatingMethodAccessorImpl.java:43)
	at java.lang.reflect.Method.invoke(Method.java:498)
	at org.jsoup.nodes.ReflectionUtils.callMethod(ReflectionUtils.java:238)
	at org.jsoup.nodes.DocumentType_outerHtmlHead_4720243990.test(DocumentType_outerHtmlHead_4720243990.java:83)
	at sun.reflect.NativeMethodAccessorImpl.invoke0(Native Method)
	at sun.reflect.NativeMethodAccessorImpl.invoke(NativeMethodAccessorImpl.java:62)
	at sun.reflect.DelegatingMethodAccessorImpl.invoke(DelegatingMethodAccessorImpl.java:43)
	at java.lang.reflect.Method.invoke(Method.java:498)
	at org.junit.runners.model.FrameworkMethod$1.runReflectiveCall(FrameworkMethod.java:47)
	at org.junit.internal.runners.model.ReflectiveCallable.run(ReflectiveCallable.java:12)
	at org.junit.runners.model.FrameworkMethod.invokeExplosively(FrameworkMethod.java:44)
	at org.junit.internal.runners.statements.InvokeMethod.evaluate(InvokeMethod.java:17)
	at org.junit.internal.runners.statements.RunBefores.evaluate(RunBefores.java:26)
	at org.junit.runners.ParentRunner.runLeaf(ParentRunner.java:271)
	at org.junit.runners.BlockJUnit4ClassRunner.runChild(BlockJUnit4ClassRunner.java:70)
	at org.junit.runners.BlockJUnit4ClassRunner.runChild(BlockJUnit4ClassRunner.java:50)
	at org.junit.runners.ParentRunner$3.run(ParentRunner.java:238)
	at org.junit.runners.ParentRunner$1.schedule(ParentRunner.java:63)
	at org.junit.runners.ParentRunner.runChildren(ParentRunner.java:236)
	at org.junit.runners.ParentRunner.access$000(ParentRunner.java:53)
	at org.junit.runners.ParentRunner$2.evaluate(ParentRunner.java:229)
	at org.junit.runners.ParentRunner.run(ParentRunner.java:309)
	at org.junit.runners.Suite.runChild(Suite.java:127)
	at org.junit.runners.Suite.runChild(Suite.java:26)
	at org.junit.runners.ParentRunner$3.run(ParentRunner.java:238)
	at org.junit.runners.ParentRunner$1.schedule(ParentRunner.java:63)
	at org.junit.runners.ParentRunner.runChildren(ParentRunner.java:236)
	at org.junit.runners.ParentRunner.access$000(ParentRunner.java:53)
	at org.junit.runners.ParentRunner$2.evaluate(ParentRunner.java:229)
	at org.junit.runners.ParentRunner.run(ParentRunner.java:309)
	at org.junit.runner.JUnitCore.run(JUnitCore.java:160)
	at org.junit.runner.JUnitCore.run(JUnitCore.java:138)
	at org.junit.runner.JUnitCore.run(JUnitCore.java:117)
	at sbst.benchmark.coverage.TestExecutionTask.call(TestExecutionTask.java:54)
	at sbst.benchmark.coverage.TestExecutionTask.call(TestExecutionTask.java:15)
	at java.util.concurrent.FutureTask.run(FutureTask.java:266)
	at java.util.concurrent.ThreadPoolExecutor.runWorker(ThreadPoolExecutor.java:1149)
	at java.util.concurrent.ThreadPoolExecutor$Worker.run(ThreadPoolExecutor.java:624)
	at java.lang.Thread.run(Thread.java:750)

Failure: [test(org.jsoup.nodes.DocumentType_outerHtmlHead_4720243991): null]
Failing Tests: test(org.jsoup.nodes.DocumentType_outerHtmlHead_4720243991)
java.lang.NullPointerException
	at org.jsoup.nodes.DocumentType.outerHtmlHead(DocumentType.java:85)
	at sun.reflect.NativeMethodAccessorImpl.invoke0(Native Method)
	at sun.reflect.NativeMethodAccessorImpl.invoke(NativeMethodAccessorImpl.java:62)
	at sun.reflect.DelegatingMethodAccessorImpl.invoke(DelegatingMethodAccessorImpl.java:43)
	at java.lang.reflect.Method.invoke(Method.java:498)
	at org.jsoup.nodes.ReflectionUtils.callMethod(ReflectionUtils.java:238)
	at org.jsoup.nodes.DocumentType_outerHtmlHead_4720243991.test(DocumentType_outerHtmlHead_4720243991.java:48)
	at sun.reflect.NativeMethodAccessorImpl.invoke0(Native Method)
	at sun.reflect.NativeMethodAccessorImpl.invoke(NativeMethodAccessorImpl.java:62)
	at sun.reflect.DelegatingMethodAccessorImpl.invoke(DelegatingMethodAccessorImpl.java:43)
	at java.lang.reflect.Method.invoke(Method.java:498)
	at org.junit.runners.model.FrameworkMethod$1.runReflectiveCall(FrameworkMethod.java:47)
	at org.junit.internal.runners.model.ReflectiveCallable.run(ReflectiveCallable.java:12)
	at org.junit.runners.model.FrameworkMethod.invokeExplosively(FrameworkMethod.java:44)
	at org.junit.internal.runners.statements.InvokeMethod.evaluate(InvokeMethod.java:17)
	at org.junit.internal.runners.statements.RunBefores.evaluate(RunBefores.java:26)
	at org.junit.runners.ParentRunner.runLeaf(ParentRunner.java:271)
	at org.junit.runners.BlockJUnit4ClassRunner.runChild(BlockJUnit4ClassRunner.java:70)
	at org.junit.runners.BlockJUnit4ClassRunner.runChild(BlockJUnit4ClassRunner.java:50)
	at org.junit.runners.ParentRunner$3.run(ParentRunner.java:238)
	at org.junit.runners.ParentRunner$1.schedule(ParentRunner.java:63)
	at org.junit.runners.ParentRunner.runChildren(ParentRunner.java:236)
	at org.junit.runners.ParentRunner.access$000(ParentRunner.java:53)
	at org.junit.runners.ParentRunner$2.evaluate(ParentRunner.java:229)
	at org.junit.runners.ParentRunner.run(ParentRunner.java:309)
	at org.junit.runners.Suite.runChild(Suite.java:127)
	at org.junit.runners.Suite.runChild(Suite.java:26)
	at org.junit.runners.ParentRunner$3.run(ParentRunner.java:238)
	at org.junit.runners.ParentRunner$1.schedule(ParentRunner.java:63)
	at org.junit.runners.ParentRunner.runChildren(ParentRunner.java:236)
	at org.junit.runners.ParentRunner.access$000(ParentRunner.java:53)
	at org.junit.runners.ParentRunner$2.evaluate(ParentRunner.java:229)
	at org.junit.runners.ParentRunner.run(ParentRunner.java:309)
	at org.junit.runner.JUnitCore.run(JUnitCore.java:160)
	at org.junit.runner.JUnitCore.run(JUnitCore.java:138)
	at org.junit.runner.JUnitCore.run(JUnitCore.java:117)
	at sbst.benchmark.coverage.TestExecutionTask.call(TestExecutionTask.java:54)
	at sbst.benchmark.coverage.TestExecutionTask.call(TestExecutionTask.java:15)
	at java.util.concurrent.FutureTask.run(FutureTask.java:266)
	at java.util.concurrent.ThreadPoolExecutor.runWorker(ThreadPoolExecutor.java:1149)
	at java.util.concurrent.ThreadPoolExecutor$Worker.run(ThreadPoolExecutor.java:624)
	at java.lang.Thread.run(Thread.java:750)

Failure: [test(org.jsoup.nodes.DocumentType_setPubSysKey_3850840810): java.lang.Object cannot be cast to java.lang.String]
Failing Tests: test(org.jsoup.nodes.DocumentType_setPubSysKey_3850840810)
java.lang.ClassCastException: java.lang.Object cannot be cast to java.lang.String
	at org.jsoup.nodes.LeafNode.ensureAttributes(LeafNode.java:24)
	at org.jsoup.nodes.LeafNode.attr(LeafNode.java:49)
	at org.jsoup.nodes.DocumentType.attr(DocumentType.java:12)
	at org.jsoup.nodes.DocumentType.setPubSysKey(DocumentType.java:40)
	at sun.reflect.NativeMethodAccessorImpl.invoke0(Native Method)
	at sun.reflect.NativeMethodAccessorImpl.invoke(NativeMethodAccessorImpl.java:62)
	at sun.reflect.DelegatingMethodAccessorImpl.invoke(DelegatingMethodAccessorImpl.java:43)
	at java.lang.reflect.Method.invoke(Method.java:498)
	at org.jsoup.nodes.ReflectionUtils.callMethod(ReflectionUtils.java:238)
	at org.jsoup.nodes.DocumentType_setPubSysKey_3850840810.test(DocumentType_setPubSysKey_3850840810.java:43)
	at sun.reflect.NativeMethodAccessorImpl.invoke0(Native Method)
	at sun.reflect.NativeMethodAccessorImpl.invoke(NativeMethodAccessorImpl.java:62)
	at sun.reflect.DelegatingMethodAccessorImpl.invoke(DelegatingMethodAccessorImpl.java:43)
	at java.lang.reflect.Method.invoke(Method.java:498)
	at org.junit.runners.model.FrameworkMethod$1.runReflectiveCall(FrameworkMethod.java:47)
	at org.junit.internal.runners.model.ReflectiveCallable.run(ReflectiveCallable.java:12)
	at org.junit.runners.model.FrameworkMethod.invokeExplosively(FrameworkMethod.java:44)
	at org.junit.internal.runners.statements.InvokeMethod.evaluate(InvokeMethod.java:17)
	at org.junit.internal.runners.statements.RunBefores.evaluate(RunBefores.java:26)
	at org.junit.runners.ParentRunner.runLeaf(ParentRunner.java:271)
	at org.junit.runners.BlockJUnit4ClassRunner.runChild(BlockJUnit4ClassRunner.java:70)
	at org.junit.runners.BlockJUnit4ClassRunner.runChild(BlockJUnit4ClassRunner.java:50)
	at org.junit.runners.ParentRunner$3.run(ParentRunner.java:238)
	at org.junit.runners.ParentRunner$1.schedule(ParentRunner.java:63)
	at org.junit.runners.ParentRunner.runChildren(ParentRunner.java:236)
	at org.junit.runners.ParentRunner.access$000(ParentRunner.java:53)
	at org.junit.runners.ParentRunner$2.evaluate(ParentRunner.java:229)
	at org.junit.runners.ParentRunner.run(ParentRunner.java:309)
	at org.junit.runners.Suite.runChild(Suite.java:127)
	at org.junit.runners.Suite.runChild(Suite.java:26)
	at org.junit.runners.ParentRunner$3.run(ParentRunner.java:238)
	at org.junit.runners.ParentRunner$1.schedule(ParentRunner.java:63)
	at org.junit.runners.ParentRunner.runChildren(ParentRunner.java:236)
	at org.junit.runners.ParentRunner.access$000(ParentRunner.java:53)
	at org.junit.runners.ParentRunner$2.evaluate(ParentRunner.java:229)
	at org.junit.runners.ParentRunner.run(ParentRunner.java:309)
	at org.junit.runner.JUnitCore.run(JUnitCore.java:160)
	at org.junit.runner.JUnitCore.run(JUnitCore.java:138)
	at org.junit.runner.JUnitCore.run(JUnitCore.java:117)
	at sbst.benchmark.coverage.TestExecutionTask.call(TestExecutionTask.java:54)
	at sbst.benchmark.coverage.TestExecutionTask.call(TestExecutionTask.java:15)
	at java.util.concurrent.FutureTask.run(FutureTask.java:266)
	at java.util.concurrent.ThreadPoolExecutor.runWorker(ThreadPoolExecutor.java:1149)
	at java.util.concurrent.ThreadPoolExecutor$Worker.run(ThreadPoolExecutor.java:624)
	at java.lang.Thread.run(Thread.java:750)

Failure: [initializationError(org.jsoup.nodes.EqualityUtils): No runnable methods]
Failing Tests: initializationError(org.jsoup.nodes.EqualityUtils)
java.lang.Exception: No runnable methods
	at org.junit.runners.BlockJUnit4ClassRunner.validateInstanceMethods(BlockJUnit4ClassRunner.java:169)
	at org.junit.runners.BlockJUnit4ClassRunner.collectInitializationErrors(BlockJUnit4ClassRunner.java:104)
	at org.junit.runners.ParentRunner.validate(ParentRunner.java:355)
	at org.junit.runners.ParentRunner.<init>(ParentRunner.java:76)
	at org.junit.runners.BlockJUnit4ClassRunner.<init>(BlockJUnit4ClassRunner.java:57)
	at org.junit.internal.builders.JUnit4Builder.runnerForClass(JUnit4Builder.java:10)
	at org.junit.runners.model.RunnerBuilder.safeRunnerForClass(RunnerBuilder.java:59)
	at org.junit.internal.builders.AllDefaultPossibilitiesBuilder.runnerForClass(AllDefaultPossibilitiesBuilder.java:26)
	at org.junit.runner.Computer.getRunner(Computer.java:40)
	at org.junit.runner.Computer$1.runnerForClass(Computer.java:31)
	at org.junit.runners.model.RunnerBuilder.safeRunnerForClass(RunnerBuilder.java:59)
	at org.junit.runners.model.RunnerBuilder.runners(RunnerBuilder.java:101)
	at org.junit.runners.model.RunnerBuilder.runners(RunnerBuilder.java:87)
	at org.junit.runners.Suite.<init>(Suite.java:80)
	at org.junit.runner.Computer.getSuite(Computer.java:28)
	at org.junit.runner.Request.classes(Request.java:75)
	at org.junit.runner.JUnitCore.run(JUnitCore.java:117)
	at sbst.benchmark.coverage.TestExecutionTask.call(TestExecutionTask.java:54)
	at sbst.benchmark.coverage.TestExecutionTask.call(TestExecutionTask.java:15)
	at java.util.concurrent.FutureTask.run(FutureTask.java:266)
	at java.util.concurrent.ThreadPoolExecutor.runWorker(ThreadPoolExecutor.java:1149)
	at java.util.concurrent.ThreadPoolExecutor$Worker.run(ThreadPoolExecutor.java:624)
	at java.lang.Thread.run(Thread.java:750)

Failure: [initializationError(org.jsoup.nodes.ReflectionUtils): No runnable methods]
Failing Tests: initializationError(org.jsoup.nodes.ReflectionUtils)
java.lang.Exception: No runnable methods
	at org.junit.runners.BlockJUnit4ClassRunner.validateInstanceMethods(BlockJUnit4ClassRunner.java:169)
	at org.junit.runners.BlockJUnit4ClassRunner.collectInitializationErrors(BlockJUnit4ClassRunner.java:104)
	at org.junit.runners.ParentRunner.validate(ParentRunner.java:355)
	at org.junit.runners.ParentRunner.<init>(ParentRunner.java:76)
	at org.junit.runners.BlockJUnit4ClassRunner.<init>(BlockJUnit4ClassRunner.java:57)
	at org.junit.internal.builders.JUnit4Builder.runnerForClass(JUnit4Builder.java:10)
	at org.junit.runners.model.RunnerBuilder.safeRunnerForClass(RunnerBuilder.java:59)
	at org.junit.internal.builders.AllDefaultPossibilitiesBuilder.runnerForClass(AllDefaultPossibilitiesBuilder.java:26)
	at org.junit.runner.Computer.getRunner(Computer.java:40)
	at org.junit.runner.Computer$1.runnerForClass(Computer.java:31)
	at org.junit.runners.model.RunnerBuilder.safeRunnerForClass(RunnerBuilder.java:59)
	at org.junit.runners.model.RunnerBuilder.runners(RunnerBuilder.java:101)
	at org.junit.runners.model.RunnerBuilder.runners(RunnerBuilder.java:87)
	at org.junit.runners.Suite.<init>(Suite.java:80)
	at org.junit.runner.Computer.getSuite(Computer.java:28)
	at org.junit.runner.Request.classes(Request.java:75)
	at org.junit.runner.JUnitCore.run(JUnitCore.java:117)
	at sbst.benchmark.coverage.TestExecutionTask.call(TestExecutionTask.java:54)
	at sbst.benchmark.coverage.TestExecutionTask.call(TestExecutionTask.java:15)
	at java.util.concurrent.FutureTask.run(FutureTask.java:266)
	at java.util.concurrent.ThreadPoolExecutor.runWorker(ThreadPoolExecutor.java:1149)
	at java.util.concurrent.ThreadPoolExecutor$Worker.run(ThreadPoolExecutor.java:624)
	at java.lang.Thread.run(Thread.java:750)


---The tests are re-executed other four times to find the flaky ones---
Running the tests: [SBSTDummyForCoverageAndMutationCalculation, org.jsoup.nodes.DocumentType_has_14561205660, org.jsoup.nodes.DocumentType_has_14561205661, org.jsoup.nodes.DocumentType_init_11749183580, org.jsoup.nodes.DocumentType_init_11749183581, org.jsoup.nodes.DocumentType_name_2439028450, org.jsoup.nodes.DocumentType_name_2439028451, org.jsoup.nodes.DocumentType_nodeName_18602329970, org.jsoup.nodes.DocumentType_nodeName_18602329971, org.jsoup.nodes.DocumentType_outerHtmlHead_4720243990, org.jsoup.nodes.DocumentType_outerHtmlHead_4720243991, org.jsoup.nodes.DocumentType_outerHtmlTail_1319226550, org.jsoup.nodes.DocumentType_outerHtmlTail_1319226551, org.jsoup.nodes.DocumentType_publicId_15818877160, org.jsoup.nodes.DocumentType_publicId_15818877161, org.jsoup.nodes.DocumentType_setPubSysKey_3850840810, org.jsoup.nodes.DocumentType_setPubSysKey_3850840811, org.jsoup.nodes.DocumentType_systemId_14514738900, org.jsoup.nodes.DocumentType_systemId_14514738901, org.jsoup.nodes.DocumentType_updatePubSyskey_18391763970, org.jsoup.nodes.DocumentType_updatePubSyskey_18391763971, org.jsoup.nodes.EqualityUtils, org.jsoup.nodes.ReflectionUtils]
Executions terminated
Running the tests: [SBSTDummyForCoverageAndMutationCalculation, org.jsoup.nodes.DocumentType_has_14561205660, org.jsoup.nodes.DocumentType_has_14561205661, org.jsoup.nodes.DocumentType_init_11749183580, org.jsoup.nodes.DocumentType_init_11749183581, org.jsoup.nodes.DocumentType_name_2439028450, org.jsoup.nodes.DocumentType_name_2439028451, org.jsoup.nodes.DocumentType_nodeName_18602329970, org.jsoup.nodes.DocumentType_nodeName_18602329971, org.jsoup.nodes.DocumentType_outerHtmlHead_4720243990, org.jsoup.nodes.DocumentType_outerHtmlHead_4720243991, org.jsoup.nodes.DocumentType_outerHtmlTail_1319226550, org.jsoup.nodes.DocumentType_outerHtmlTail_1319226551, org.jsoup.nodes.DocumentType_publicId_15818877160, org.jsoup.nodes.DocumentType_publicId_15818877161, org.jsoup.nodes.DocumentType_setPubSysKey_3850840810, org.jsoup.nodes.DocumentType_setPubSysKey_3850840811, org.jsoup.nodes.DocumentType_systemId_14514738900, org.jsoup.nodes.DocumentType_systemId_14514738901, org.jsoup.nodes.DocumentType_updatePubSyskey_18391763970, org.jsoup.nodes.DocumentType_updatePubSyskey_18391763971, org.jsoup.nodes.EqualityUtils, org.jsoup.nodes.ReflectionUtils]
Failure: [test(org.jsoup.nodes.DocumentType_init_11749183581): null]
Failing Tests: test(org.jsoup.nodes.DocumentType_init_11749183581)
java.lang.reflect.InvocationTargetException
	at sun.reflect.NativeConstructorAccessorImpl.newInstance0(Native Method)
	at sun.reflect.NativeConstructorAccessorImpl.newInstance(NativeConstructorAccessorImpl.java:62)
	at sun.reflect.DelegatingConstructorAccessorImpl.newInstance(DelegatingConstructorAccessorImpl.java:45)
	at java.lang.reflect.Constructor.newInstance(Constructor.java:423)
	at org.jsoup.nodes.ReflectionUtils.callConstructor(ReflectionUtils.java:231)
	at org.jsoup.nodes.DocumentType_init_11749183581.test(DocumentType_init_11749183581.java:40)
	at sun.reflect.NativeMethodAccessorImpl.invoke0(Native Method)
	at sun.reflect.NativeMethodAccessorImpl.invoke(NativeMethodAccessorImpl.java:62)
	at sun.reflect.DelegatingMethodAccessorImpl.invoke(DelegatingMethodAccessorImpl.java:43)
	at java.lang.reflect.Method.invoke(Method.java:498)
	at org.junit.runners.model.FrameworkMethod$1.runReflectiveCall(FrameworkMethod.java:47)
	at org.junit.internal.runners.model.ReflectiveCallable.run(ReflectiveCallable.java:12)
	at org.junit.runners.model.FrameworkMethod.invokeExplosively(FrameworkMethod.java:44)
	at org.junit.internal.runners.statements.InvokeMethod.evaluate(InvokeMethod.java:17)
	at org.junit.internal.runners.statements.RunBefores.evaluate(RunBefores.java:26)
	at org.junit.runners.ParentRunner.runLeaf(ParentRunner.java:271)
	at org.junit.runners.BlockJUnit4ClassRunner.runChild(BlockJUnit4ClassRunner.java:70)
	at org.junit.runners.BlockJUnit4ClassRunner.runChild(BlockJUnit4ClassRunner.java:50)
	at org.junit.runners.ParentRunner$3.run(ParentRunner.java:238)
	at org.junit.runners.ParentRunner$1.schedule(ParentRunner.java:63)
	at org.junit.runners.ParentRunner.runChildren(ParentRunner.java:236)
	at org.junit.runners.ParentRunner.access$000(ParentRunner.java:53)
	at org.junit.runners.ParentRunner$2.evaluate(ParentRunner.java:229)
	at org.junit.runners.ParentRunner.run(ParentRunner.java:309)
	at org.junit.runners.Suite.runChild(Suite.java:127)
	at org.junit.runners.Suite.runChild(Suite.java:26)
	at org.junit.runners.ParentRunner$3.run(ParentRunner.java:238)
	at org.junit.runners.ParentRunner$1.schedule(ParentRunner.java:63)
	at org.junit.runners.ParentRunner.runChildren(ParentRunner.java:236)
	at org.junit.runners.ParentRunner.access$000(ParentRunner.java:53)
	at org.junit.runners.ParentRunner$2.evaluate(ParentRunner.java:229)
	at org.junit.runners.ParentRunner.run(ParentRunner.java:309)
	at org.junit.runner.JUnitCore.run(JUnitCore.java:160)
	at org.junit.runner.JUnitCore.run(JUnitCore.java:138)
	at org.junit.runner.JUnitCore.run(JUnitCore.java:117)
	at sbst.benchmark.coverage.TestExecutionTask.call(TestExecutionTask.java:54)
	at sbst.benchmark.coverage.TestExecutionTask.call(TestExecutionTask.java:15)
	at java.util.concurrent.FutureTask.run(FutureTask.java:266)
	at java.util.concurrent.ThreadPoolExecutor.runWorker(ThreadPoolExecutor.java:1149)
	at java.util.concurrent.ThreadPoolExecutor$Worker.run(ThreadPoolExecutor.java:624)
	at java.lang.Thread.run(Thread.java:750)
Caused by: org.jsoup.helper.ValidationException: Object must not be null
	at org.jsoup.nodes.DocumentType.<init>(DocumentType.java:29)
	... 41 more

Failure: [test(org.jsoup.nodes.DocumentType_outerHtmlHead_4720243990): null]
Failing Tests: test(org.jsoup.nodes.DocumentType_outerHtmlHead_4720243990)
java.lang.NullPointerException
	at org.jsoup.nodes.DocumentType.outerHtmlHead(DocumentType.java:87)
	at sun.reflect.NativeMethodAccessorImpl.invoke0(Native Method)
	at sun.reflect.NativeMethodAccessorImpl.invoke(NativeMethodAccessorImpl.java:62)
	at sun.reflect.DelegatingMethodAccessorImpl.invoke(DelegatingMethodAccessorImpl.java:43)
	at java.lang.reflect.Method.invoke(Method.java:498)
	at org.jsoup.nodes.ReflectionUtils.callMethod(ReflectionUtils.java:238)
	at org.jsoup.nodes.DocumentType_outerHtmlHead_4720243990.test(DocumentType_outerHtmlHead_4720243990.java:83)
	at sun.reflect.NativeMethodAccessorImpl.invoke0(Native Method)
	at sun.reflect.NativeMethodAccessorImpl.invoke(NativeMethodAccessorImpl.java:62)
	at sun.reflect.DelegatingMethodAccessorImpl.invoke(DelegatingMethodAccessorImpl.java:43)
	at java.lang.reflect.Method.invoke(Method.java:498)
	at org.junit.runners.model.FrameworkMethod$1.runReflectiveCall(FrameworkMethod.java:47)
	at org.junit.internal.runners.model.ReflectiveCallable.run(ReflectiveCallable.java:12)
	at org.junit.runners.model.FrameworkMethod.invokeExplosively(FrameworkMethod.java:44)
	at org.junit.internal.runners.statements.InvokeMethod.evaluate(InvokeMethod.java:17)
	at org.junit.internal.runners.statements.RunBefores.evaluate(RunBefores.java:26)
	at org.junit.runners.ParentRunner.runLeaf(ParentRunner.java:271)
	at org.junit.runners.BlockJUnit4ClassRunner.runChild(BlockJUnit4ClassRunner.java:70)
	at org.junit.runners.BlockJUnit4ClassRunner.runChild(BlockJUnit4ClassRunner.java:50)
	at org.junit.runners.ParentRunner$3.run(ParentRunner.java:238)
	at org.junit.runners.ParentRunner$1.schedule(ParentRunner.java:63)
	at org.junit.runners.ParentRunner.runChildren(ParentRunner.java:236)
	at org.junit.runners.ParentRunner.access$000(ParentRunner.java:53)
	at org.junit.runners.ParentRunner$2.evaluate(ParentRunner.java:229)
	at org.junit.runners.ParentRunner.run(ParentRunner.java:309)
	at org.junit.runners.Suite.runChild(Suite.java:127)
	at org.junit.runners.Suite.runChild(Suite.java:26)
	at org.junit.runners.ParentRunner$3.run(ParentRunner.java:238)
	at org.junit.runners.ParentRunner$1.schedule(ParentRunner.java:63)
	at org.junit.runners.ParentRunner.runChildren(ParentRunner.java:236)
	at org.junit.runners.ParentRunner.access$000(ParentRunner.java:53)
	at org.junit.runners.ParentRunner$2.evaluate(ParentRunner.java:229)
	at org.junit.runners.ParentRunner.run(ParentRunner.java:309)
	at org.junit.runner.JUnitCore.run(JUnitCore.java:160)
	at org.junit.runner.JUnitCore.run(JUnitCore.java:138)
	at org.junit.runner.JUnitCore.run(JUnitCore.java:117)
	at sbst.benchmark.coverage.TestExecutionTask.call(TestExecutionTask.java:54)
	at sbst.benchmark.coverage.TestExecutionTask.call(TestExecutionTask.java:15)
	at java.util.concurrent.FutureTask.run(FutureTask.java:266)
	at java.util.concurrent.ThreadPoolExecutor.runWorker(ThreadPoolExecutor.java:1149)
	at java.util.concurrent.ThreadPoolExecutor$Worker.run(ThreadPoolExecutor.java:624)
	at java.lang.Thread.run(Thread.java:750)

Failure: [test(org.jsoup.nodes.DocumentType_outerHtmlHead_4720243991): null]
Failing Tests: test(org.jsoup.nodes.DocumentType_outerHtmlHead_4720243991)
java.lang.NullPointerException
	at org.jsoup.nodes.DocumentType.outerHtmlHead(DocumentType.java:85)
	at sun.reflect.NativeMethodAccessorImpl.invoke0(Native Method)
	at sun.reflect.NativeMethodAccessorImpl.invoke(NativeMethodAccessorImpl.java:62)
	at sun.reflect.DelegatingMethodAccessorImpl.invoke(DelegatingMethodAccessorImpl.java:43)
	at java.lang.reflect.Method.invoke(Method.java:498)
	at org.jsoup.nodes.ReflectionUtils.callMethod(ReflectionUtils.java:238)
	at org.jsoup.nodes.DocumentType_outerHtmlHead_4720243991.test(DocumentType_outerHtmlHead_4720243991.java:48)
	at sun.reflect.NativeMethodAccessorImpl.invoke0(Native Method)
	at sun.reflect.NativeMethodAccessorImpl.invoke(NativeMethodAccessorImpl.java:62)
	at sun.reflect.DelegatingMethodAccessorImpl.invoke(DelegatingMethodAccessorImpl.java:43)
	at java.lang.reflect.Method.invoke(Method.java:498)
	at org.junit.runners.model.FrameworkMethod$1.runReflectiveCall(FrameworkMethod.java:47)
	at org.junit.internal.runners.model.ReflectiveCallable.run(ReflectiveCallable.java:12)
	at org.junit.runners.model.FrameworkMethod.invokeExplosively(FrameworkMethod.java:44)
	at org.junit.internal.runners.statements.InvokeMethod.evaluate(InvokeMethod.java:17)
	at org.junit.internal.runners.statements.RunBefores.evaluate(RunBefores.java:26)
	at org.junit.runners.ParentRunner.runLeaf(ParentRunner.java:271)
	at org.junit.runners.BlockJUnit4ClassRunner.runChild(BlockJUnit4ClassRunner.java:70)
	at org.junit.runners.BlockJUnit4ClassRunner.runChild(BlockJUnit4ClassRunner.java:50)
	at org.junit.runners.ParentRunner$3.run(ParentRunner.java:238)
	at org.junit.runners.ParentRunner$1.schedule(ParentRunner.java:63)
	at org.junit.runners.ParentRunner.runChildren(ParentRunner.java:236)
	at org.junit.runners.ParentRunner.access$000(ParentRunner.java:53)
	at org.junit.runners.ParentRunner$2.evaluate(ParentRunner.java:229)
	at org.junit.runners.ParentRunner.run(ParentRunner.java:309)
	at org.junit.runners.Suite.runChild(Suite.java:127)
	at org.junit.runners.Suite.runChild(Suite.java:26)
	at org.junit.runners.ParentRunner$3.run(ParentRunner.java:238)
	at org.junit.runners.ParentRunner$1.schedule(ParentRunner.java:63)
	at org.junit.runners.ParentRunner.runChildren(ParentRunner.java:236)
	at org.junit.runners.ParentRunner.access$000(ParentRunner.java:53)
	at org.junit.runners.ParentRunner$2.evaluate(ParentRunner.java:229)
	at org.junit.runners.ParentRunner.run(ParentRunner.java:309)
	at org.junit.runner.JUnitCore.run(JUnitCore.java:160)
	at org.junit.runner.JUnitCore.run(JUnitCore.java:138)
	at org.junit.runner.JUnitCore.run(JUnitCore.java:117)
	at sbst.benchmark.coverage.TestExecutionTask.call(TestExecutionTask.java:54)
	at sbst.benchmark.coverage.TestExecutionTask.call(TestExecutionTask.java:15)
	at java.util.concurrent.FutureTask.run(FutureTask.java:266)
	at java.util.concurrent.ThreadPoolExecutor.runWorker(ThreadPoolExecutor.java:1149)
	at java.util.concurrent.ThreadPoolExecutor$Worker.run(ThreadPoolExecutor.java:624)
	at java.lang.Thread.run(Thread.java:750)

Failure: [test(org.jsoup.nodes.DocumentType_setPubSysKey_3850840810): java.lang.Object cannot be cast to java.lang.String]
Failing Tests: test(org.jsoup.nodes.DocumentType_setPubSysKey_3850840810)
java.lang.ClassCastException: java.lang.Object cannot be cast to java.lang.String
	at org.jsoup.nodes.LeafNode.ensureAttributes(LeafNode.java:24)
	at org.jsoup.nodes.LeafNode.attr(LeafNode.java:49)
	at org.jsoup.nodes.DocumentType.attr(DocumentType.java:12)
	at org.jsoup.nodes.DocumentType.setPubSysKey(DocumentType.java:40)
	at sun.reflect.NativeMethodAccessorImpl.invoke0(Native Method)
	at sun.reflect.NativeMethodAccessorImpl.invoke(NativeMethodAccessorImpl.java:62)
	at sun.reflect.DelegatingMethodAccessorImpl.invoke(DelegatingMethodAccessorImpl.java:43)
	at java.lang.reflect.Method.invoke(Method.java:498)
	at org.jsoup.nodes.ReflectionUtils.callMethod(ReflectionUtils.java:238)
	at org.jsoup.nodes.DocumentType_setPubSysKey_3850840810.test(DocumentType_setPubSysKey_3850840810.java:43)
	at sun.reflect.NativeMethodAccessorImpl.invoke0(Native Method)
	at sun.reflect.NativeMethodAccessorImpl.invoke(NativeMethodAccessorImpl.java:62)
	at sun.reflect.DelegatingMethodAccessorImpl.invoke(DelegatingMethodAccessorImpl.java:43)
	at java.lang.reflect.Method.invoke(Method.java:498)
	at org.junit.runners.model.FrameworkMethod$1.runReflectiveCall(FrameworkMethod.java:47)
	at org.junit.internal.runners.model.ReflectiveCallable.run(ReflectiveCallable.java:12)
	at org.junit.runners.model.FrameworkMethod.invokeExplosively(FrameworkMethod.java:44)
	at org.junit.internal.runners.statements.InvokeMethod.evaluate(InvokeMethod.java:17)
	at org.junit.internal.runners.statements.RunBefores.evaluate(RunBefores.java:26)
	at org.junit.runners.ParentRunner.runLeaf(ParentRunner.java:271)
	at org.junit.runners.BlockJUnit4ClassRunner.runChild(BlockJUnit4ClassRunner.java:70)
	at org.junit.runners.BlockJUnit4ClassRunner.runChild(BlockJUnit4ClassRunner.java:50)
	at org.junit.runners.ParentRunner$3.run(ParentRunner.java:238)
	at org.junit.runners.ParentRunner$1.schedule(ParentRunner.java:63)
	at org.junit.runners.ParentRunner.runChildren(ParentRunner.java:236)
	at org.junit.runners.ParentRunner.access$000(ParentRunner.java:53)
	at org.junit.runners.ParentRunner$2.evaluate(ParentRunner.java:229)
	at org.junit.runners.ParentRunner.run(ParentRunner.java:309)
	at org.junit.runners.Suite.runChild(Suite.java:127)
	at org.junit.runners.Suite.runChild(Suite.java:26)
	at org.junit.runners.ParentRunner$3.run(ParentRunner.java:238)
	at org.junit.runners.ParentRunner$1.schedule(ParentRunner.java:63)
	at org.junit.runners.ParentRunner.runChildren(ParentRunner.java:236)
	at org.junit.runners.ParentRunner.access$000(ParentRunner.java:53)
	at org.junit.runners.ParentRunner$2.evaluate(ParentRunner.java:229)
	at org.junit.runners.ParentRunner.run(ParentRunner.java:309)
	at org.junit.runner.JUnitCore.run(JUnitCore.java:160)
	at org.junit.runner.JUnitCore.run(JUnitCore.java:138)
	at org.junit.runner.JUnitCore.run(JUnitCore.java:117)
	at sbst.benchmark.coverage.TestExecutionTask.call(TestExecutionTask.java:54)
	at sbst.benchmark.coverage.TestExecutionTask.call(TestExecutionTask.java:15)
	at java.util.concurrent.FutureTask.run(FutureTask.java:266)
	at java.util.concurrent.ThreadPoolExecutor.runWorker(ThreadPoolExecutor.java:1149)
	at java.util.concurrent.ThreadPoolExecutor$Worker.run(ThreadPoolExecutor.java:624)
	at java.lang.Thread.run(Thread.java:750)

Failure: [initializationError(org.jsoup.nodes.EqualityUtils): No runnable methods]
Failing Tests: initializationError(org.jsoup.nodes.EqualityUtils)
java.lang.Exception: No runnable methods
	at org.junit.runners.BlockJUnit4ClassRunner.validateInstanceMethods(BlockJUnit4ClassRunner.java:169)
	at org.junit.runners.BlockJUnit4ClassRunner.collectInitializationErrors(BlockJUnit4ClassRunner.java:104)
	at org.junit.runners.ParentRunner.validate(ParentRunner.java:355)
	at org.junit.runners.ParentRunner.<init>(ParentRunner.java:76)
	at org.junit.runners.BlockJUnit4ClassRunner.<init>(BlockJUnit4ClassRunner.java:57)
	at org.junit.internal.builders.JUnit4Builder.runnerForClass(JUnit4Builder.java:10)
	at org.junit.runners.model.RunnerBuilder.safeRunnerForClass(RunnerBuilder.java:59)
	at org.junit.internal.builders.AllDefaultPossibilitiesBuilder.runnerForClass(AllDefaultPossibilitiesBuilder.java:26)
	at org.junit.runner.Computer.getRunner(Computer.java:40)
	at org.junit.runner.Computer$1.runnerForClass(Computer.java:31)
	at org.junit.runners.model.RunnerBuilder.safeRunnerForClass(RunnerBuilder.java:59)
	at org.junit.runners.model.RunnerBuilder.runners(RunnerBuilder.java:101)
	at org.junit.runners.model.RunnerBuilder.runners(RunnerBuilder.java:87)
	at org.junit.runners.Suite.<init>(Suite.java:80)
	at org.junit.runner.Computer.getSuite(Computer.java:28)
	at org.junit.runner.Request.classes(Request.java:75)
	at org.junit.runner.JUnitCore.run(JUnitCore.java:117)
	at sbst.benchmark.coverage.TestExecutionTask.call(TestExecutionTask.java:54)
	at sbst.benchmark.coverage.TestExecutionTask.call(TestExecutionTask.java:15)
	at java.util.concurrent.FutureTask.run(FutureTask.java:266)
	at java.util.concurrent.ThreadPoolExecutor.runWorker(ThreadPoolExecutor.java:1149)
	at java.util.concurrent.ThreadPoolExecutor$Worker.run(ThreadPoolExecutor.java:624)
	at java.lang.Thread.run(Thread.java:750)

Failure: [initializationError(org.jsoup.nodes.ReflectionUtils): No runnable methods]
Failing Tests: initializationError(org.jsoup.nodes.ReflectionUtils)
java.lang.Exception: No runnable methods
	at org.junit.runners.BlockJUnit4ClassRunner.validateInstanceMethods(BlockJUnit4ClassRunner.java:169)
	at org.junit.runners.BlockJUnit4ClassRunner.collectInitializationErrors(BlockJUnit4ClassRunner.java:104)
	at org.junit.runners.ParentRunner.validate(ParentRunner.java:355)
	at org.junit.runners.ParentRunner.<init>(ParentRunner.java:76)
	at org.junit.runners.BlockJUnit4ClassRunner.<init>(BlockJUnit4ClassRunner.java:57)
	at org.junit.internal.builders.JUnit4Builder.runnerForClass(JUnit4Builder.java:10)
	at org.junit.runners.model.RunnerBuilder.safeRunnerForClass(RunnerBuilder.java:59)
	at org.junit.internal.builders.AllDefaultPossibilitiesBuilder.runnerForClass(AllDefaultPossibilitiesBuilder.java:26)
	at org.junit.runner.Computer.getRunner(Computer.java:40)
	at org.junit.runner.Computer$1.runnerForClass(Computer.java:31)
	at org.junit.runners.model.RunnerBuilder.safeRunnerForClass(RunnerBuilder.java:59)
	at org.junit.runners.model.RunnerBuilder.runners(RunnerBuilder.java:101)
	at org.junit.runners.model.RunnerBuilder.runners(RunnerBuilder.java:87)
	at org.junit.runners.Suite.<init>(Suite.java:80)
	at org.junit.runner.Computer.getSuite(Computer.java:28)
	at org.junit.runner.Request.classes(Request.java:75)
	at org.junit.runner.JUnitCore.run(JUnitCore.java:117)
	at sbst.benchmark.coverage.TestExecutionTask.call(TestExecutionTask.java:54)
	at sbst.benchmark.coverage.TestExecutionTask.call(TestExecutionTask.java:15)
	at java.util.concurrent.FutureTask.run(FutureTask.java:266)
	at java.util.concurrent.ThreadPoolExecutor.runWorker(ThreadPoolExecutor.java:1149)
	at java.util.concurrent.ThreadPoolExecutor$Worker.run(ThreadPoolExecutor.java:624)
	at java.lang.Thread.run(Thread.java:750)

Executions terminated
Failure: [test(org.jsoup.nodes.DocumentType_init_11749183581): null]
Failing Tests: test(org.jsoup.nodes.DocumentType_init_11749183581)
java.lang.reflect.InvocationTargetException
	at sun.reflect.NativeConstructorAccessorImpl.newInstance0(Native Method)
	at sun.reflect.NativeConstructorAccessorImpl.newInstance(NativeConstructorAccessorImpl.java:62)
	at sun.reflect.DelegatingConstructorAccessorImpl.newInstance(DelegatingConstructorAccessorImpl.java:45)
	at java.lang.reflect.Constructor.newInstance(Constructor.java:423)
	at org.jsoup.nodes.ReflectionUtils.callConstructor(ReflectionUtils.java:231)
	at org.jsoup.nodes.DocumentType_init_11749183581.test(DocumentType_init_11749183581.java:40)
	at sun.reflect.NativeMethodAccessorImpl.invoke0(Native Method)
	at sun.reflect.NativeMethodAccessorImpl.invoke(NativeMethodAccessorImpl.java:62)
	at sun.reflect.DelegatingMethodAccessorImpl.invoke(DelegatingMethodAccessorImpl.java:43)
	at java.lang.reflect.Method.invoke(Method.java:498)
	at org.junit.runners.model.FrameworkMethod$1.runReflectiveCall(FrameworkMethod.java:47)
	at org.junit.internal.runners.model.ReflectiveCallable.run(ReflectiveCallable.java:12)
	at org.junit.runners.model.FrameworkMethod.invokeExplosively(FrameworkMethod.java:44)
	at org.junit.internal.runners.statements.InvokeMethod.evaluate(InvokeMethod.java:17)
	at org.junit.internal.runners.statements.RunBefores.evaluate(RunBefores.java:26)
	at org.junit.runners.ParentRunner.runLeaf(ParentRunner.java:271)
	at org.junit.runners.BlockJUnit4ClassRunner.runChild(BlockJUnit4ClassRunner.java:70)
	at org.junit.runners.BlockJUnit4ClassRunner.runChild(BlockJUnit4ClassRunner.java:50)
	at org.junit.runners.ParentRunner$3.run(ParentRunner.java:238)
	at org.junit.runners.ParentRunner$1.schedule(ParentRunner.java:63)
	at org.junit.runners.ParentRunner.runChildren(ParentRunner.java:236)
	at org.junit.runners.ParentRunner.access$000(ParentRunner.java:53)
	at org.junit.runners.ParentRunner$2.evaluate(ParentRunner.java:229)
	at org.junit.runners.ParentRunner.run(ParentRunner.java:309)
	at org.junit.runners.Suite.runChild(Suite.java:127)
	at org.junit.runners.Suite.runChild(Suite.java:26)
	at org.junit.runners.ParentRunner$3.run(ParentRunner.java:238)
	at org.junit.runners.ParentRunner$1.schedule(ParentRunner.java:63)
	at org.junit.runners.ParentRunner.runChildren(ParentRunner.java:236)
	at org.junit.runners.ParentRunner.access$000(ParentRunner.java:53)
	at org.junit.runners.ParentRunner$2.evaluate(ParentRunner.java:229)
	at org.junit.runners.ParentRunner.run(ParentRunner.java:309)
	at org.junit.runner.JUnitCore.run(JUnitCore.java:160)
	at org.junit.runner.JUnitCore.run(JUnitCore.java:138)
	at org.junit.runner.JUnitCore.run(JUnitCore.java:117)
	at sbst.benchmark.coverage.TestExecutionTask.call(TestExecutionTask.java:54)
	at sbst.benchmark.coverage.TestExecutionTask.call(TestExecutionTask.java:15)
	at java.util.concurrent.FutureTask.run(FutureTask.java:266)
	at java.util.concurrent.ThreadPoolExecutor.runWorker(ThreadPoolExecutor.java:1149)
	at java.util.concurrent.ThreadPoolExecutor$Worker.run(ThreadPoolExecutor.java:624)
	at java.lang.Thread.run(Thread.java:750)
Caused by: org.jsoup.helper.ValidationException: Object must not be null
	at org.jsoup.nodes.DocumentType.<init>(DocumentType.java:29)
	... 41 more

Failure: [test(org.jsoup.nodes.DocumentType_outerHtmlHead_4720243990): null]
Failing Tests: test(org.jsoup.nodes.DocumentType_outerHtmlHead_4720243990)
java.lang.NullPointerException
	at org.jsoup.nodes.DocumentType.outerHtmlHead(DocumentType.java:87)
	at sun.reflect.NativeMethodAccessorImpl.invoke0(Native Method)
	at sun.reflect.NativeMethodAccessorImpl.invoke(NativeMethodAccessorImpl.java:62)
	at sun.reflect.DelegatingMethodAccessorImpl.invoke(DelegatingMethodAccessorImpl.java:43)
	at java.lang.reflect.Method.invoke(Method.java:498)
	at org.jsoup.nodes.ReflectionUtils.callMethod(ReflectionUtils.java:238)
	at org.jsoup.nodes.DocumentType_outerHtmlHead_4720243990.test(DocumentType_outerHtmlHead_4720243990.java:83)
	at sun.reflect.NativeMethodAccessorImpl.invoke0(Native Method)
	at sun.reflect.NativeMethodAccessorImpl.invoke(NativeMethodAccessorImpl.java:62)
	at sun.reflect.DelegatingMethodAccessorImpl.invoke(DelegatingMethodAccessorImpl.java:43)
	at java.lang.reflect.Method.invoke(Method.java:498)
	at org.junit.runners.model.FrameworkMethod$1.runReflectiveCall(FrameworkMethod.java:47)
	at org.junit.internal.runners.model.ReflectiveCallable.run(ReflectiveCallable.java:12)
	at org.junit.runners.model.FrameworkMethod.invokeExplosively(FrameworkMethod.java:44)
	at org.junit.internal.runners.statements.InvokeMethod.evaluate(InvokeMethod.java:17)
	at org.junit.internal.runners.statements.RunBefores.evaluate(RunBefores.java:26)
	at org.junit.runners.ParentRunner.runLeaf(ParentRunner.java:271)
	at org.junit.runners.BlockJUnit4ClassRunner.runChild(BlockJUnit4ClassRunner.java:70)
	at org.junit.runners.BlockJUnit4ClassRunner.runChild(BlockJUnit4ClassRunner.java:50)
	at org.junit.runners.ParentRunner$3.run(ParentRunner.java:238)
	at org.junit.runners.ParentRunner$1.schedule(ParentRunner.java:63)
	at org.junit.runners.ParentRunner.runChildren(ParentRunner.java:236)
	at org.junit.runners.ParentRunner.access$000(ParentRunner.java:53)
	at org.junit.runners.ParentRunner$2.evaluate(ParentRunner.java:229)
	at org.junit.runners.ParentRunner.run(ParentRunner.java:309)
	at org.junit.runners.Suite.runChild(Suite.java:127)
	at org.junit.runners.Suite.runChild(Suite.java:26)
	at org.junit.runners.ParentRunner$3.run(ParentRunner.java:238)
	at org.junit.runners.ParentRunner$1.schedule(ParentRunner.java:63)
	at org.junit.runners.ParentRunner.runChildren(ParentRunner.java:236)
	at org.junit.runners.ParentRunner.access$000(ParentRunner.java:53)
	at org.junit.runners.ParentRunner$2.evaluate(ParentRunner.java:229)
	at org.junit.runners.ParentRunner.run(ParentRunner.java:309)
	at org.junit.runner.JUnitCore.run(JUnitCore.java:160)
	at org.junit.runner.JUnitCore.run(JUnitCore.java:138)
	at org.junit.runner.JUnitCore.run(JUnitCore.java:117)
	at sbst.benchmark.coverage.TestExecutionTask.call(TestExecutionTask.java:54)
	at sbst.benchmark.coverage.TestExecutionTask.call(TestExecutionTask.java:15)
	at java.util.concurrent.FutureTask.run(FutureTask.java:266)
	at java.util.concurrent.ThreadPoolExecutor.runWorker(ThreadPoolExecutor.java:1149)
	at java.util.concurrent.ThreadPoolExecutor$Worker.run(ThreadPoolExecutor.java:624)
	at java.lang.Thread.run(Thread.java:750)

Failure: [test(org.jsoup.nodes.DocumentType_outerHtmlHead_4720243991): null]
Running the tests: [SBSTDummyForCoverageAndMutationCalculation, org.jsoup.nodes.DocumentType_has_14561205660, org.jsoup.nodes.DocumentType_has_14561205661, org.jsoup.nodes.DocumentType_init_11749183580, org.jsoup.nodes.DocumentType_init_11749183581, org.jsoup.nodes.DocumentType_name_2439028450, org.jsoup.nodes.DocumentType_name_2439028451, org.jsoup.nodes.DocumentType_nodeName_18602329970, org.jsoup.nodes.DocumentType_nodeName_18602329971, org.jsoup.nodes.DocumentType_outerHtmlHead_4720243990, org.jsoup.nodes.DocumentType_outerHtmlHead_4720243991, org.jsoup.nodes.DocumentType_outerHtmlTail_1319226550, org.jsoup.nodes.DocumentType_outerHtmlTail_1319226551, org.jsoup.nodes.DocumentType_publicId_15818877160, org.jsoup.nodes.DocumentType_publicId_15818877161, org.jsoup.nodes.DocumentType_setPubSysKey_3850840810, org.jsoup.nodes.DocumentType_setPubSysKey_3850840811, org.jsoup.nodes.DocumentType_systemId_14514738900, org.jsoup.nodes.DocumentType_systemId_14514738901, org.jsoup.nodes.DocumentType_updatePubSyskey_18391763970, org.jsoup.nodes.DocumentType_updatePubSyskey_18391763971, org.jsoup.nodes.EqualityUtils, org.jsoup.nodes.ReflectionUtils]
Failing Tests: test(org.jsoup.nodes.DocumentType_outerHtmlHead_4720243991)
java.lang.NullPointerException
	at org.jsoup.nodes.DocumentType.outerHtmlHead(DocumentType.java:85)
	at sun.reflect.NativeMethodAccessorImpl.invoke0(Native Method)
	at sun.reflect.NativeMethodAccessorImpl.invoke(NativeMethodAccessorImpl.java:62)
	at sun.reflect.DelegatingMethodAccessorImpl.invoke(DelegatingMethodAccessorImpl.java:43)
	at java.lang.reflect.Method.invoke(Method.java:498)
	at org.jsoup.nodes.ReflectionUtils.callMethod(ReflectionUtils.java:238)
	at org.jsoup.nodes.DocumentType_outerHtmlHead_4720243991.test(DocumentType_outerHtmlHead_4720243991.java:48)
	at sun.reflect.NativeMethodAccessorImpl.invoke0(Native Method)
	at sun.reflect.NativeMethodAccessorImpl.invoke(NativeMethodAccessorImpl.java:62)
	at sun.reflect.DelegatingMethodAccessorImpl.invoke(DelegatingMethodAccessorImpl.java:43)
	at java.lang.reflect.Method.invoke(Method.java:498)
	at org.junit.runners.model.FrameworkMethod$1.runReflectiveCall(FrameworkMethod.java:47)
	at org.junit.internal.runners.model.ReflectiveCallable.run(ReflectiveCallable.java:12)
	at org.junit.runners.model.FrameworkMethod.invokeExplosively(FrameworkMethod.java:44)
	at org.junit.internal.runners.statements.InvokeMethod.evaluate(InvokeMethod.java:17)
	at org.junit.internal.runners.statements.RunBefores.evaluate(RunBefores.java:26)
	at org.junit.runners.ParentRunner.runLeaf(ParentRunner.java:271)
	at org.junit.runners.BlockJUnit4ClassRunner.runChild(BlockJUnit4ClassRunner.java:70)
	at org.junit.runners.BlockJUnit4ClassRunner.runChild(BlockJUnit4ClassRunner.java:50)
	at org.junit.runners.ParentRunner$3.run(ParentRunner.java:238)
	at org.junit.runners.ParentRunner$1.schedule(ParentRunner.java:63)
	at org.junit.runners.ParentRunner.runChildren(ParentRunner.java:236)
	at org.junit.runners.ParentRunner.access$000(ParentRunner.java:53)
	at org.junit.runners.ParentRunner$2.evaluate(ParentRunner.java:229)
	at org.junit.runners.ParentRunner.run(ParentRunner.java:309)
	at org.junit.runners.Suite.runChild(Suite.java:127)
	at org.junit.runners.Suite.runChild(Suite.java:26)
	at org.junit.runners.ParentRunner$3.run(ParentRunner.java:238)
	at org.junit.runners.ParentRunner$1.schedule(ParentRunner.java:63)
	at org.junit.runners.ParentRunner.runChildren(ParentRunner.java:236)
	at org.junit.runners.ParentRunner.access$000(ParentRunner.java:53)
	at org.junit.runners.ParentRunner$2.evaluate(ParentRunner.java:229)
	at org.junit.runners.ParentRunner.run(ParentRunner.java:309)
	at org.junit.runner.JUnitCore.run(JUnitCore.java:160)
	at org.junit.runner.JUnitCore.run(JUnitCore.java:138)
	at org.junit.runner.JUnitCore.run(JUnitCore.java:117)
	at sbst.benchmark.coverage.TestExecutionTask.call(TestExecutionTask.java:54)
	at sbst.benchmark.coverage.TestExecutionTask.call(TestExecutionTask.java:15)
	at java.util.concurrent.FutureTask.run(FutureTask.java:266)
	at java.util.concurrent.ThreadPoolExecutor.runWorker(ThreadPoolExecutor.java:1149)
	at java.util.concurrent.ThreadPoolExecutor$Worker.run(ThreadPoolExecutor.java:624)
	at java.lang.Thread.run(Thread.java:750)

Failure: [test(org.jsoup.nodes.DocumentType_setPubSysKey_3850840810): java.lang.Object cannot be cast to java.lang.String]
Failing Tests: test(org.jsoup.nodes.DocumentType_setPubSysKey_3850840810)
java.lang.ClassCastException: java.lang.Object cannot be cast to java.lang.String
	at org.jsoup.nodes.LeafNode.ensureAttributes(LeafNode.java:24)
	at org.jsoup.nodes.LeafNode.attr(LeafNode.java:49)
	at org.jsoup.nodes.DocumentType.attr(DocumentType.java:12)
	at org.jsoup.nodes.DocumentType.setPubSysKey(DocumentType.java:40)
	at sun.reflect.NativeMethodAccessorImpl.invoke0(Native Method)
	at sun.reflect.NativeMethodAccessorImpl.invoke(NativeMethodAccessorImpl.java:62)
	at sun.reflect.DelegatingMethodAccessorImpl.invoke(DelegatingMethodAccessorImpl.java:43)
	at java.lang.reflect.Method.invoke(Method.java:498)
	at org.jsoup.nodes.ReflectionUtils.callMethod(ReflectionUtils.java:238)
	at org.jsoup.nodes.DocumentType_setPubSysKey_3850840810.test(DocumentType_setPubSysKey_3850840810.java:43)
	at sun.reflect.NativeMethodAccessorImpl.invoke0(Native Method)
	at sun.reflect.NativeMethodAccessorImpl.invoke(NativeMethodAccessorImpl.java:62)
	at sun.reflect.DelegatingMethodAccessorImpl.invoke(DelegatingMethodAccessorImpl.java:43)
	at java.lang.reflect.Method.invoke(Method.java:498)
	at org.junit.runners.model.FrameworkMethod$1.runReflectiveCall(FrameworkMethod.java:47)
	at org.junit.internal.runners.model.ReflectiveCallable.run(ReflectiveCallable.java:12)
	at org.junit.runners.model.FrameworkMethod.invokeExplosively(FrameworkMethod.java:44)
	at org.junit.internal.runners.statements.InvokeMethod.evaluate(InvokeMethod.java:17)
	at org.junit.internal.runners.statements.RunBefores.evaluate(RunBefores.java:26)
	at org.junit.runners.ParentRunner.runLeaf(ParentRunner.java:271)
	at org.junit.runners.BlockJUnit4ClassRunner.runChild(BlockJUnit4ClassRunner.java:70)
	at org.junit.runners.BlockJUnit4ClassRunner.runChild(BlockJUnit4ClassRunner.java:50)
	at org.junit.runners.ParentRunner$3.run(ParentRunner.java:238)
	at org.junit.runners.ParentRunner$1.schedule(ParentRunner.java:63)
	at org.junit.runners.ParentRunner.runChildren(ParentRunner.java:236)
	at org.junit.runners.ParentRunner.access$000(ParentRunner.java:53)
	at org.junit.runners.ParentRunner$2.evaluate(ParentRunner.java:229)
	at org.junit.runners.ParentRunner.run(ParentRunner.java:309)
	at org.junit.runners.Suite.runChild(Suite.java:127)
	at org.junit.runners.Suite.runChild(Suite.java:26)
	at org.junit.runners.ParentRunner$3.run(ParentRunner.java:238)
	at org.junit.runners.ParentRunner$1.schedule(ParentRunner.java:63)
	at org.junit.runners.ParentRunner.runChildren(ParentRunner.java:236)
	at org.junit.runners.ParentRunner.access$000(ParentRunner.java:53)
	at org.junit.runners.ParentRunner$2.evaluate(ParentRunner.java:229)
	at org.junit.runners.ParentRunner.run(ParentRunner.java:309)
	at org.junit.runner.JUnitCore.run(JUnitCore.java:160)
	at org.junit.runner.JUnitCore.run(JUnitCore.java:138)
	at org.junit.runner.JUnitCore.run(JUnitCore.java:117)
	at sbst.benchmark.coverage.TestExecutionTask.call(TestExecutionTask.java:54)
	at sbst.benchmark.coverage.TestExecutionTask.call(TestExecutionTask.java:15)
	at java.util.concurrent.FutureTask.run(FutureTask.java:266)
	at java.util.concurrent.ThreadPoolExecutor.runWorker(ThreadPoolExecutor.java:1149)
	at java.util.concurrent.ThreadPoolExecutor$Worker.run(ThreadPoolExecutor.java:624)
	at java.lang.Thread.run(Thread.java:750)

Failure: [initializationError(org.jsoup.nodes.EqualityUtils): No runnable methods]
Failing Tests: initializationError(org.jsoup.nodes.EqualityUtils)
java.lang.Exception: No runnable methods
	at org.junit.runners.BlockJUnit4ClassRunner.validateInstanceMethods(BlockJUnit4ClassRunner.java:169)
	at org.junit.runners.BlockJUnit4ClassRunner.collectInitializationErrors(BlockJUnit4ClassRunner.java:104)
	at org.junit.runners.ParentRunner.validate(ParentRunner.java:355)
	at org.junit.runners.ParentRunner.<init>(ParentRunner.java:76)
	at org.junit.runners.BlockJUnit4ClassRunner.<init>(BlockJUnit4ClassRunner.java:57)
	at org.junit.internal.builders.JUnit4Builder.runnerForClass(JUnit4Builder.java:10)
	at org.junit.runners.model.RunnerBuilder.safeRunnerForClass(RunnerBuilder.java:59)
	at org.junit.internal.builders.AllDefaultPossibilitiesBuilder.runnerForClass(AllDefaultPossibilitiesBuilder.java:26)
	at org.junit.runner.Computer.getRunner(Computer.java:40)
	at org.junit.runner.Computer$1.runnerForClass(Computer.java:31)
	at org.junit.runners.model.RunnerBuilder.safeRunnerForClass(RunnerBuilder.java:59)
	at org.junit.runners.model.RunnerBuilder.runners(RunnerBuilder.java:101)
	at org.junit.runners.model.RunnerBuilder.runners(RunnerBuilder.java:87)
	at org.junit.runners.Suite.<init>(Suite.java:80)
	at org.junit.runner.Computer.getSuite(Computer.java:28)
	at org.junit.runner.Request.classes(Request.java:75)
	at org.junit.runner.JUnitCore.run(JUnitCore.java:117)
	at sbst.benchmark.coverage.TestExecutionTask.call(TestExecutionTask.java:54)
	at sbst.benchmark.coverage.TestExecutionTask.call(TestExecutionTask.java:15)
	at java.util.concurrent.FutureTask.run(FutureTask.java:266)
	at java.util.concurrent.ThreadPoolExecutor.runWorker(ThreadPoolExecutor.java:1149)
	at java.util.concurrent.ThreadPoolExecutor$Worker.run(ThreadPoolExecutor.java:624)
	at java.lang.Thread.run(Thread.java:750)

Failure: [initializationError(org.jsoup.nodes.ReflectionUtils): No runnable methods]
Failing Tests: initializationError(org.jsoup.nodes.ReflectionUtils)
java.lang.Exception: No runnable methods
	at org.junit.runners.BlockJUnit4ClassRunner.validateInstanceMethods(BlockJUnit4ClassRunner.java:169)
	at org.junit.runners.BlockJUnit4ClassRunner.collectInitializationErrors(BlockJUnit4ClassRunner.java:104)
	at org.junit.runners.ParentRunner.validate(ParentRunner.java:355)
	at org.junit.runners.ParentRunner.<init>(ParentRunner.java:76)
	at org.junit.runners.BlockJUnit4ClassRunner.<init>(BlockJUnit4ClassRunner.java:57)
	at org.junit.internal.builders.JUnit4Builder.runnerForClass(JUnit4Builder.java:10)
	at org.junit.runners.model.RunnerBuilder.safeRunnerForClass(RunnerBuilder.java:59)
	at org.junit.internal.builders.AllDefaultPossibilitiesBuilder.runnerForClass(AllDefaultPossibilitiesBuilder.java:26)
	at org.junit.runner.Computer.getRunner(Computer.java:40)
	at org.junit.runner.Computer$1.runnerForClass(Computer.java:31)
	at org.junit.runners.model.RunnerBuilder.safeRunnerForClass(RunnerBuilder.java:59)
	at org.junit.runners.model.RunnerBuilder.runners(RunnerBuilder.java:101)
	at org.junit.runners.model.RunnerBuilder.runners(RunnerBuilder.java:87)
	at org.junit.runners.Suite.<init>(Suite.java:80)
	at org.junit.runner.Computer.getSuite(Computer.java:28)
	at org.junit.runner.Request.classes(Request.java:75)
	at org.junit.runner.JUnitCore.run(JUnitCore.java:117)
	at sbst.benchmark.coverage.TestExecutionTask.call(TestExecutionTask.java:54)
	at sbst.benchmark.coverage.TestExecutionTask.call(TestExecutionTask.java:15)
	at java.util.concurrent.FutureTask.run(FutureTask.java:266)
	at java.util.concurrent.ThreadPoolExecutor.runWorker(ThreadPoolExecutor.java:1149)
	at java.util.concurrent.ThreadPoolExecutor$Worker.run(ThreadPoolExecutor.java:624)
	at java.lang.Thread.run(Thread.java:750)

Executions terminated
Running the tests: [SBSTDummyForCoverageAndMutationCalculation, org.jsoup.nodes.DocumentType_has_14561205660, org.jsoup.nodes.DocumentType_has_14561205661, org.jsoup.nodes.DocumentType_init_11749183580, org.jsoup.nodes.DocumentType_init_11749183581, org.jsoup.nodes.DocumentType_name_2439028450, org.jsoup.nodes.DocumentType_name_2439028451, org.jsoup.nodes.DocumentType_nodeName_18602329970, org.jsoup.nodes.DocumentType_nodeName_18602329971, org.jsoup.nodes.DocumentType_outerHtmlHead_4720243990, org.jsoup.nodes.DocumentType_outerHtmlHead_4720243991, org.jsoup.nodes.DocumentType_outerHtmlTail_1319226550, org.jsoup.nodes.DocumentType_outerHtmlTail_1319226551, org.jsoup.nodes.DocumentType_publicId_15818877160, org.jsoup.nodes.DocumentType_publicId_15818877161, org.jsoup.nodes.DocumentType_setPubSysKey_3850840810, org.jsoup.nodes.DocumentType_setPubSysKey_3850840811, org.jsoup.nodes.DocumentType_systemId_14514738900, org.jsoup.nodes.DocumentType_systemId_14514738901, org.jsoup.nodes.DocumentType_updatePubSyskey_18391763970, org.jsoup.nodes.DocumentType_updatePubSyskey_18391763971, org.jsoup.nodes.EqualityUtils, org.jsoup.nodes.ReflectionUtils]
Failure: [test(org.jsoup.nodes.DocumentType_init_11749183581): null]
Failing Tests: test(org.jsoup.nodes.DocumentType_init_11749183581)
java.lang.reflect.InvocationTargetException
	at sun.reflect.NativeConstructorAccessorImpl.newInstance0(Native Method)
	at sun.reflect.NativeConstructorAccessorImpl.newInstance(NativeConstructorAccessorImpl.java:62)
	at sun.reflect.DelegatingConstructorAccessorImpl.newInstance(DelegatingConstructorAccessorImpl.java:45)
	at java.lang.reflect.Constructor.newInstance(Constructor.java:423)
	at org.jsoup.nodes.ReflectionUtils.callConstructor(ReflectionUtils.java:231)
	at org.jsoup.nodes.DocumentType_init_11749183581.test(DocumentType_init_11749183581.java:40)
	at sun.reflect.NativeMethodAccessorImpl.invoke0(Native Method)
	at sun.reflect.NativeMethodAccessorImpl.invoke(NativeMethodAccessorImpl.java:62)
	at sun.reflect.DelegatingMethodAccessorImpl.invoke(DelegatingMethodAccessorImpl.java:43)
	at java.lang.reflect.Method.invoke(Method.java:498)
	at org.junit.runners.model.FrameworkMethod$1.runReflectiveCall(FrameworkMethod.java:47)
	at org.junit.internal.runners.model.ReflectiveCallable.run(ReflectiveCallable.java:12)
	at org.junit.runners.model.FrameworkMethod.invokeExplosively(FrameworkMethod.java:44)
	at org.junit.internal.runners.statements.InvokeMethod.evaluate(InvokeMethod.java:17)
	at org.junit.internal.runners.statements.RunBefores.evaluate(RunBefores.java:26)
	at org.junit.runners.ParentRunner.runLeaf(ParentRunner.java:271)
	at org.junit.runners.BlockJUnit4ClassRunner.runChild(BlockJUnit4ClassRunner.java:70)
	at org.junit.runners.BlockJUnit4ClassRunner.runChild(BlockJUnit4ClassRunner.java:50)
	at org.junit.runners.ParentRunner$3.run(ParentRunner.java:238)
	at org.junit.runners.ParentRunner$1.schedule(ParentRunner.java:63)
	at org.junit.runners.ParentRunner.runChildren(ParentRunner.java:236)
	at org.junit.runners.ParentRunner.access$000(ParentRunner.java:53)
	at org.junit.runners.ParentRunner$2.evaluate(ParentRunner.java:229)
	at org.junit.runners.ParentRunner.run(ParentRunner.java:309)
	at org.junit.runners.Suite.runChild(Suite.java:127)
	at org.junit.runners.Suite.runChild(Suite.java:26)
	at org.junit.runners.ParentRunner$3.run(ParentRunner.java:238)
	at org.junit.runners.ParentRunner$1.schedule(ParentRunner.java:63)
	at org.junit.runners.ParentRunner.runChildren(ParentRunner.java:236)
	at org.junit.runners.ParentRunner.access$000(ParentRunner.java:53)
	at org.junit.runners.ParentRunner$2.evaluate(ParentRunner.java:229)
	at org.junit.runners.ParentRunner.run(ParentRunner.java:309)
	at org.junit.runner.JUnitCore.run(JUnitCore.java:160)
	at org.junit.runner.JUnitCore.run(JUnitCore.java:138)
	at org.junit.runner.JUnitCore.run(JUnitCore.java:117)
	at sbst.benchmark.coverage.TestExecutionTask.call(TestExecutionTask.java:54)
	at sbst.benchmark.coverage.TestExecutionTask.call(TestExecutionTask.java:15)
	at java.util.concurrent.FutureTask.run(FutureTask.java:266)
	at java.util.concurrent.ThreadPoolExecutor.runWorker(ThreadPoolExecutor.java:1149)
	at java.util.concurrent.ThreadPoolExecutor$Worker.run(ThreadPoolExecutor.java:624)
	at java.lang.Thread.run(Thread.java:750)
Caused by: org.jsoup.helper.ValidationException: Object must not be null
	at org.jsoup.nodes.DocumentType.<init>(DocumentType.java:29)
	... 41 more

Failure: [test(org.jsoup.nodes.DocumentType_outerHtmlHead_4720243990): null]
Failing Tests: test(org.jsoup.nodes.DocumentType_outerHtmlHead_4720243990)
java.lang.NullPointerException
	at org.jsoup.nodes.DocumentType.outerHtmlHead(DocumentType.java:87)
	at sun.reflect.NativeMethodAccessorImpl.invoke0(Native Method)
	at sun.reflect.NativeMethodAccessorImpl.invoke(NativeMethodAccessorImpl.java:62)
	at sun.reflect.DelegatingMethodAccessorImpl.invoke(DelegatingMethodAccessorImpl.java:43)
	at java.lang.reflect.Method.invoke(Method.java:498)
	at org.jsoup.nodes.ReflectionUtils.callMethod(ReflectionUtils.java:238)
	at org.jsoup.nodes.DocumentType_outerHtmlHead_4720243990.test(DocumentType_outerHtmlHead_4720243990.java:83)
	at sun.reflect.NativeMethodAccessorImpl.invoke0(Native Method)
	at sun.reflect.NativeMethodAccessorImpl.invoke(NativeMethodAccessorImpl.java:62)
	at sun.reflect.DelegatingMethodAccessorImpl.invoke(DelegatingMethodAccessorImpl.java:43)
	at java.lang.reflect.Method.invoke(Method.java:498)
	at org.junit.runners.model.FrameworkMethod$1.runReflectiveCall(FrameworkMethod.java:47)
	at org.junit.internal.runners.model.ReflectiveCallable.run(ReflectiveCallable.java:12)
	at org.junit.runners.model.FrameworkMethod.invokeExplosively(FrameworkMethod.java:44)
	at org.junit.internal.runners.statements.InvokeMethod.evaluate(InvokeMethod.java:17)
	at org.junit.internal.runners.statements.RunBefores.evaluate(RunBefores.java:26)
	at org.junit.runners.ParentRunner.runLeaf(ParentRunner.java:271)
	at org.junit.runners.BlockJUnit4ClassRunner.runChild(BlockJUnit4ClassRunner.java:70)
	at org.junit.runners.BlockJUnit4ClassRunner.runChild(BlockJUnit4ClassRunner.java:50)
	at org.junit.runners.ParentRunner$3.run(ParentRunner.java:238)
	at org.junit.runners.ParentRunner$1.schedule(ParentRunner.java:63)
	at org.junit.runners.ParentRunner.runChildren(ParentRunner.java:236)
	at org.junit.runners.ParentRunner.access$000(ParentRunner.java:53)
	at org.junit.runners.ParentRunner$2.evaluate(ParentRunner.java:229)
	at org.junit.runners.ParentRunner.run(ParentRunner.java:309)
	at org.junit.runners.Suite.runChild(Suite.java:127)
	at org.junit.runners.Suite.runChild(Suite.java:26)
	at org.junit.runners.ParentRunner$3.run(ParentRunner.java:238)
	at org.junit.runners.ParentRunner$1.schedule(ParentRunner.java:63)
	at org.junit.runners.ParentRunner.runChildren(ParentRunner.java:236)
	at org.junit.runners.ParentRunner.access$000(ParentRunner.java:53)
	at org.junit.runners.ParentRunner$2.evaluate(ParentRunner.java:229)
	at org.junit.runners.ParentRunner.run(ParentRunner.java:309)
	at org.junit.runner.JUnitCore.run(JUnitCore.java:160)
	at org.junit.runner.JUnitCore.run(JUnitCore.java:138)
	at org.junit.runner.JUnitCore.run(JUnitCore.java:117)
	at sbst.benchmark.coverage.TestExecutionTask.call(TestExecutionTask.java:54)
	at sbst.benchmark.coverage.TestExecutionTask.call(TestExecutionTask.java:15)
	at java.util.concurrent.FutureTask.run(FutureTask.java:266)
	at java.util.concurrent.ThreadPoolExecutor.runWorker(ThreadPoolExecutor.java:1149)
	at java.util.concurrent.ThreadPoolExecutor$Worker.run(ThreadPoolExecutor.java:624)
	at java.lang.Thread.run(Thread.java:750)

Failure: [test(org.jsoup.nodes.DocumentType_outerHtmlHead_4720243991): null]
Failing Tests: test(org.jsoup.nodes.DocumentType_outerHtmlHead_4720243991)
java.lang.NullPointerException
	at org.jsoup.nodes.DocumentType.outerHtmlHead(DocumentType.java:85)
	at sun.reflect.NativeMethodAccessorImpl.invoke0(Native Method)
	at sun.reflect.NativeMethodAccessorImpl.invoke(NativeMethodAccessorImpl.java:62)
	at sun.reflect.DelegatingMethodAccessorImpl.invoke(DelegatingMethodAccessorImpl.java:43)
	at java.lang.reflect.Method.invoke(Method.java:498)
	at org.jsoup.nodes.ReflectionUtils.callMethod(ReflectionUtils.java:238)
	at org.jsoup.nodes.DocumentType_outerHtmlHead_4720243991.test(DocumentType_outerHtmlHead_4720243991.java:48)
	at sun.reflect.NativeMethodAccessorImpl.invoke0(Native Method)
	at sun.reflect.NativeMethodAccessorImpl.invoke(NativeMethodAccessorImpl.java:62)
	at sun.reflect.DelegatingMethodAccessorImpl.invoke(DelegatingMethodAccessorImpl.java:43)
	at java.lang.reflect.Method.invoke(Method.java:498)
	at org.junit.runners.model.FrameworkMethod$1.runReflectiveCall(FrameworkMethod.java:47)
	at org.junit.internal.runners.model.ReflectiveCallable.run(ReflectiveCallable.java:12)
	at org.junit.runners.model.FrameworkMethod.invokeExplosively(FrameworkMethod.java:44)
	at org.junit.internal.runners.statements.InvokeMethod.evaluate(InvokeMethod.java:17)
	at org.junit.internal.runners.statements.RunBefores.evaluate(RunBefores.java:26)
	at org.junit.runners.ParentRunner.runLeaf(ParentRunner.java:271)
	at org.junit.runners.BlockJUnit4ClassRunner.runChild(BlockJUnit4ClassRunner.java:70)
	at org.junit.runners.BlockJUnit4ClassRunner.runChild(BlockJUnit4ClassRunner.java:50)
	at org.junit.runners.ParentRunner$3.run(ParentRunner.java:238)
	at org.junit.runners.ParentRunner$1.schedule(ParentRunner.java:63)
	at org.junit.runners.ParentRunner.runChildren(ParentRunner.java:236)
	at org.junit.runners.ParentRunner.access$000(ParentRunner.java:53)
	at org.junit.runners.ParentRunner$2.evaluate(ParentRunner.java:229)
	at org.junit.runners.ParentRunner.run(ParentRunner.java:309)
	at org.junit.runners.Suite.runChild(Suite.java:127)
	at org.junit.runners.Suite.runChild(Suite.java:26)
	at org.junit.runners.ParentRunner$3.run(ParentRunner.java:238)
	at org.junit.runners.ParentRunner$1.schedule(ParentRunner.java:63)
	at org.junit.runners.ParentRunner.runChildren(ParentRunner.java:236)
	at org.junit.runners.ParentRunner.access$000(ParentRunner.java:53)
	at org.junit.runners.ParentRunner$2.evaluate(ParentRunner.java:229)
	at org.junit.runners.ParentRunner.run(ParentRunner.java:309)
	at org.junit.runner.JUnitCore.run(JUnitCore.java:160)
	at org.junit.runner.JUnitCore.run(JUnitCore.java:138)
	at org.junit.runner.JUnitCore.run(JUnitCore.java:117)
	at sbst.benchmark.coverage.TestExecutionTask.call(TestExecutionTask.java:54)
	at sbst.benchmark.coverage.TestExecutionTask.call(TestExecutionTask.java:15)
	at java.util.concurrent.FutureTask.run(FutureTask.java:266)
	at java.util.concurrent.ThreadPoolExecutor.runWorker(ThreadPoolExecutor.java:1149)
	at java.util.concurrent.ThreadPoolExecutor$Worker.run(ThreadPoolExecutor.java:624)
	at java.lang.Thread.run(Thread.java:750)

Failure: [test(org.jsoup.nodes.DocumentType_setPubSysKey_3850840810): java.lang.Object cannot be cast to java.lang.String]
Failing Tests: test(org.jsoup.nodes.DocumentType_setPubSysKey_3850840810)
java.lang.ClassCastException: java.lang.Object cannot be cast to java.lang.String
	at org.jsoup.nodes.LeafNode.ensureAttributes(LeafNode.java:24)
	at org.jsoup.nodes.LeafNode.attr(LeafNode.java:49)
	at org.jsoup.nodes.DocumentType.attr(DocumentType.java:12)
	at org.jsoup.nodes.DocumentType.setPubSysKey(DocumentType.java:40)
	at sun.reflect.NativeMethodAccessorImpl.invoke0(Native Method)
	at sun.reflect.NativeMethodAccessorImpl.invoke(NativeMethodAccessorImpl.java:62)
	at sun.reflect.DelegatingMethodAccessorImpl.invoke(DelegatingMethodAccessorImpl.java:43)
	at java.lang.reflect.Method.invoke(Method.java:498)
	at org.jsoup.nodes.ReflectionUtils.callMethod(ReflectionUtils.java:238)
	at org.jsoup.nodes.DocumentType_setPubSysKey_3850840810.test(DocumentType_setPubSysKey_3850840810.java:43)
	at sun.reflect.NativeMethodAccessorImpl.invoke0(Native Method)
	at sun.reflect.NativeMethodAccessorImpl.invoke(NativeMethodAccessorImpl.java:62)
	at sun.reflect.DelegatingMethodAccessorImpl.invoke(DelegatingMethodAccessorImpl.java:43)
	at java.lang.reflect.Method.invoke(Method.java:498)
	at org.junit.runners.model.FrameworkMethod$1.runReflectiveCall(FrameworkMethod.java:47)
	at org.junit.internal.runners.model.ReflectiveCallable.run(ReflectiveCallable.java:12)
	at org.junit.runners.model.FrameworkMethod.invokeExplosively(FrameworkMethod.java:44)
	at org.junit.internal.runners.statements.InvokeMethod.evaluate(InvokeMethod.java:17)
	at org.junit.internal.runners.statements.RunBefores.evaluate(RunBefores.java:26)
	at org.junit.runners.ParentRunner.runLeaf(ParentRunner.java:271)
	at org.junit.runners.BlockJUnit4ClassRunner.runChild(BlockJUnit4ClassRunner.java:70)
	at org.junit.runners.BlockJUnit4ClassRunner.runChild(BlockJUnit4ClassRunner.java:50)
	at org.junit.runners.ParentRunner$3.run(ParentRunner.java:238)
	at org.junit.runners.ParentRunner$1.schedule(ParentRunner.java:63)
	at org.junit.runners.ParentRunner.runChildren(ParentRunner.java:236)
	at org.junit.runners.ParentRunner.access$000(ParentRunner.java:53)
	at org.junit.runners.ParentRunner$2.evaluate(ParentRunner.java:229)
	at org.junit.runners.ParentRunner.run(ParentRunner.java:309)
	at org.junit.runners.Suite.runChild(Suite.java:127)
	at org.junit.runners.Suite.runChild(Suite.java:26)
	at org.junit.runners.ParentRunner$3.run(ParentRunner.java:238)
	at org.junit.runners.ParentRunner$1.schedule(ParentRunner.java:63)
	at org.junit.runners.ParentRunner.runChildren(ParentRunner.java:236)
	at org.junit.runners.ParentRunner.access$000(ParentRunner.java:53)
	at org.junit.runners.ParentRunner$2.evaluate(ParentRunner.java:229)
	at org.junit.runners.ParentRunner.run(ParentRunner.java:309)
	at org.junit.runner.JUnitCore.run(JUnitCore.java:160)
	at org.junit.runner.JUnitCore.run(JUnitCore.java:138)
	at org.junit.runner.JUnitCore.run(JUnitCore.java:117)
	at sbst.benchmark.coverage.TestExecutionTask.call(TestExecutionTask.java:54)
	at sbst.benchmark.coverage.TestExecutionTask.call(TestExecutionTask.java:15)
	at java.util.concurrent.FutureTask.run(FutureTask.java:266)
	at java.util.concurrent.ThreadPoolExecutor.runWorker(ThreadPoolExecutor.java:1149)
	at java.util.concurrent.ThreadPoolExecutor$Worker.run(ThreadPoolExecutor.java:624)
	at java.lang.Thread.run(Thread.java:750)

Failure: [initializationError(org.jsoup.nodes.EqualityUtils): No runnable methods]
Failing Tests: initializationError(org.jsoup.nodes.EqualityUtils)
java.lang.Exception: No runnable methods
	at org.junit.runners.BlockJUnit4ClassRunner.validateInstanceMethods(BlockJUnit4ClassRunner.java:169)
	at org.junit.runners.BlockJUnit4ClassRunner.collectInitializationErrors(BlockJUnit4ClassRunner.java:104)
	at org.junit.runners.ParentRunner.validate(ParentRunner.java:355)
	at org.junit.runners.ParentRunner.<init>(ParentRunner.java:76)
	at org.junit.runners.BlockJUnit4ClassRunner.<init>(BlockJUnit4ClassRunner.java:57)
	at org.junit.internal.builders.JUnit4Builder.runnerForClass(JUnit4Builder.java:10)
	at org.junit.runners.model.RunnerBuilder.safeRunnerForClass(RunnerBuilder.java:59)
	at org.junit.internal.builders.AllDefaultPossibilitiesBuilder.runnerForClass(AllDefaultPossibilitiesBuilder.java:26)
	at org.junit.runner.Computer.getRunner(Computer.java:40)
	at org.junit.runner.Computer$1.runnerForClass(Computer.java:31)
	at org.junit.runners.model.RunnerBuilder.safeRunnerForClass(RunnerBuilder.java:59)
	at org.junit.runners.model.RunnerBuilder.runners(RunnerBuilder.java:101)
	at org.junit.runners.model.RunnerBuilder.runners(RunnerBuilder.java:87)
	at org.junit.runners.Suite.<init>(Suite.java:80)
	at org.junit.runner.Computer.getSuite(Computer.java:28)
	at org.junit.runner.Request.classes(Request.java:75)
	at org.junit.runner.JUnitCore.run(JUnitCore.java:117)
	at sbst.benchmark.coverage.TestExecutionTask.call(TestExecutionTask.java:54)
	at sbst.benchmark.coverage.TestExecutionTask.call(TestExecutionTask.java:15)
	at java.util.concurrent.FutureTask.run(FutureTask.java:266)
	at java.util.concurrent.ThreadPoolExecutor.runWorker(ThreadPoolExecutor.java:1149)
	at java.util.concurrent.ThreadPoolExecutor$Worker.run(ThreadPoolExecutor.java:624)
	at java.lang.Thread.run(Thread.java:750)

Failure: [initializationError(org.jsoup.nodes.ReflectionUtils): No runnable methods]
Failing Tests: initializationError(org.jsoup.nodes.ReflectionUtils)
java.lang.Exception: No runnable methods
	at org.junit.runners.BlockJUnit4ClassRunner.validateInstanceMethods(BlockJUnit4ClassRunner.java:169)
	at org.junit.runners.BlockJUnit4ClassRunner.collectInitializationErrors(BlockJUnit4ClassRunner.java:104)
	at org.junit.runners.ParentRunner.validate(ParentRunner.java:355)
	at org.junit.runners.ParentRunner.<init>(ParentRunner.java:76)
	at org.junit.runners.BlockJUnit4ClassRunner.<init>(BlockJUnit4ClassRunner.java:57)
	at org.junit.internal.builders.JUnit4Builder.runnerForClass(JUnit4Builder.java:10)
	at org.junit.runners.model.RunnerBuilder.safeRunnerForClass(RunnerBuilder.java:59)
	at org.junit.internal.builders.AllDefaultPossibilitiesBuilder.runnerForClass(AllDefaultPossibilitiesBuilder.java:26)
	at org.junit.runner.Computer.getRunner(Computer.java:40)
	at org.junit.runner.Computer$1.runnerForClass(Computer.java:31)
	at org.junit.runners.model.RunnerBuilder.safeRunnerForClass(RunnerBuilder.java:59)
	at org.junit.runners.model.RunnerBuilder.runners(RunnerBuilder.java:101)
	at org.junit.runners.model.RunnerBuilder.runners(RunnerBuilder.java:87)
	at org.junit.runners.Suite.<init>(Suite.java:80)
	at org.junit.runner.Computer.getSuite(Computer.java:28)
	at org.junit.runner.Request.classes(Request.java:75)
	at org.junit.runner.JUnitCore.run(JUnitCore.java:117)
	at sbst.benchmark.coverage.TestExecutionTask.call(TestExecutionTask.java:54)
	at sbst.benchmark.coverage.TestExecutionTask.call(TestExecutionTask.java:15)
	at java.util.concurrent.FutureTask.run(FutureTask.java:266)
	at java.util.concurrent.ThreadPoolExecutor.runWorker(ThreadPoolExecutor.java:1149)
	at java.util.concurrent.ThreadPoolExecutor$Worker.run(ThreadPoolExecutor.java:624)
	at java.lang.Thread.run(Thread.java:750)

Executions terminated
Failure: [test(org.jsoup.nodes.DocumentType_init_11749183581): null]
Failing Tests: test(org.jsoup.nodes.DocumentType_init_11749183581)
java.lang.reflect.InvocationTargetException
	at sun.reflect.NativeConstructorAccessorImpl.newInstance0(Native Method)
	at sun.reflect.NativeConstructorAccessorImpl.newInstance(NativeConstructorAccessorImpl.java:62)
	at sun.reflect.DelegatingConstructorAccessorImpl.newInstance(DelegatingConstructorAccessorImpl.java:45)
	at java.lang.reflect.Constructor.newInstance(Constructor.java:423)
	at org.jsoup.nodes.ReflectionUtils.callConstructor(ReflectionUtils.java:231)
	at org.jsoup.nodes.DocumentType_init_11749183581.test(DocumentType_init_11749183581.java:40)
	at sun.reflect.NativeMethodAccessorImpl.invoke0(Native Method)
	at sun.reflect.NativeMethodAccessorImpl.invoke(NativeMethodAccessorImpl.java:62)
	at sun.reflect.DelegatingMethodAccessorImpl.invoke(DelegatingMethodAccessorImpl.java:43)
	at java.lang.reflect.Method.invoke(Method.java:498)
	at org.junit.runners.model.FrameworkMethod$1.runReflectiveCall(FrameworkMethod.java:47)
	at org.junit.internal.runners.model.ReflectiveCallable.run(ReflectiveCallable.java:12)
	at org.junit.runners.model.FrameworkMethod.invokeExplosively(FrameworkMethod.java:44)
	at org.junit.internal.runners.statements.InvokeMethod.evaluate(InvokeMethod.java:17)
	at org.junit.internal.runners.statements.RunBefores.evaluate(RunBefores.java:26)
	at org.junit.runners.ParentRunner.runLeaf(ParentRunner.java:271)
	at org.junit.runners.BlockJUnit4ClassRunner.runChild(BlockJUnit4ClassRunner.java:70)
	at org.junit.runners.BlockJUnit4ClassRunner.runChild(BlockJUnit4ClassRunner.java:50)
	at org.junit.runners.ParentRunner$3.run(ParentRunner.java:238)
	at org.junit.runners.ParentRunner$1.schedule(ParentRunner.java:63)
	at org.junit.runners.ParentRunner.runChildren(ParentRunner.java:236)
	at org.junit.runners.ParentRunner.access$000(ParentRunner.java:53)
	at org.junit.runners.ParentRunner$2.evaluate(ParentRunner.java:229)
	at org.junit.runners.ParentRunner.run(ParentRunner.java:309)
	at org.junit.runners.Suite.runChild(Suite.java:127)
	at org.junit.runners.Suite.runChild(Suite.java:26)
	at org.junit.runners.ParentRunner$3.run(ParentRunner.java:238)
	at org.junit.runners.ParentRunner$1.schedule(ParentRunner.java:63)
	at org.junit.runners.ParentRunner.runChildren(ParentRunner.java:236)
	at org.junit.runners.ParentRunner.access$000(ParentRunner.java:53)
	at org.junit.runners.ParentRunner$2.evaluate(ParentRunner.java:229)
	at org.junit.runners.ParentRunner.run(ParentRunner.java:309)
	at org.junit.runner.JUnitCore.run(JUnitCore.java:160)
	at org.junit.runner.JUnitCore.run(JUnitCore.java:138)
	at org.junit.runner.JUnitCore.run(JUnitCore.java:117)
	at sbst.benchmark.coverage.TestExecutionTask.call(TestExecutionTask.java:54)
	at sbst.benchmark.coverage.TestExecutionTask.call(TestExecutionTask.java:15)
	at java.util.concurrent.FutureTask.run(FutureTask.java:266)
	at java.util.concurrent.ThreadPoolExecutor.runWorker(ThreadPoolExecutor.java:1149)
	at java.util.concurrent.ThreadPoolExecutor$Worker.run(ThreadPoolExecutor.java:624)
	at java.lang.Thread.run(Thread.java:750)
Caused by: org.jsoup.helper.ValidationException: Object must not be null
	at org.jsoup.nodes.DocumentType.<init>(DocumentType.java:29)
	... 41 more

Failure: [test(org.jsoup.nodes.DocumentType_outerHtmlHead_4720243990): null]
Failing Tests: test(org.jsoup.nodes.DocumentType_outerHtmlHead_4720243990)
java.lang.NullPointerException
	at org.jsoup.nodes.DocumentType.outerHtmlHead(DocumentType.java:87)
	at sun.reflect.NativeMethodAccessorImpl.invoke0(Native Method)
	at sun.reflect.NativeMethodAccessorImpl.invoke(NativeMethodAccessorImpl.java:62)
	at sun.reflect.DelegatingMethodAccessorImpl.invoke(DelegatingMethodAccessorImpl.java:43)
	at java.lang.reflect.Method.invoke(Method.java:498)
	at org.jsoup.nodes.ReflectionUtils.callMethod(ReflectionUtils.java:238)
	at org.jsoup.nodes.DocumentType_outerHtmlHead_4720243990.test(DocumentType_outerHtmlHead_4720243990.java:83)
	at sun.reflect.NativeMethodAccessorImpl.invoke0(Native Method)
	at sun.reflect.NativeMethodAccessorImpl.invoke(NativeMethodAccessorImpl.java:62)
	at sun.reflect.DelegatingMethodAccessorImpl.invoke(DelegatingMethodAccessorImpl.java:43)
	at java.lang.reflect.Method.invoke(Method.java:498)
	at org.junit.runners.model.FrameworkMethod$1.runReflectiveCall(FrameworkMethod.java:47)
	at org.junit.internal.runners.model.ReflectiveCallable.run(ReflectiveCallable.java:12)
	at org.junit.runners.model.FrameworkMethod.invokeExplosively(FrameworkMethod.java:44)
	at org.junit.internal.runners.statements.InvokeMethod.evaluate(InvokeMethod.java:17)
	at org.junit.internal.runners.statements.RunBefores.evaluate(RunBefores.java:26)
	at org.junit.runners.ParentRunner.runLeaf(ParentRunner.java:271)
	at org.junit.runners.BlockJUnit4ClassRunner.runChild(BlockJUnit4ClassRunner.java:70)
	at org.junit.runners.BlockJUnit4ClassRunner.runChild(BlockJUnit4ClassRunner.java:50)
	at org.junit.runners.ParentRunner$3.run(ParentRunner.java:238)
	at org.junit.runners.ParentRunner$1.schedule(ParentRunner.java:63)
	at org.junit.runners.ParentRunner.runChildren(ParentRunner.java:236)
	at org.junit.runners.ParentRunner.access$000(ParentRunner.java:53)
	at org.junit.runners.ParentRunner$2.evaluate(ParentRunner.java:229)
	at org.junit.runners.ParentRunner.run(ParentRunner.java:309)
	at org.junit.runners.Suite.runChild(Suite.java:127)
	at org.junit.runners.Suite.runChild(Suite.java:26)
	at org.junit.runners.ParentRunner$3.run(ParentRunner.java:238)
	at org.junit.runners.ParentRunner$1.schedule(ParentRunner.java:63)
	at org.junit.runners.ParentRunner.runChildren(ParentRunner.java:236)
	at org.junit.runners.ParentRunner.access$000(ParentRunner.java:53)
	at org.junit.runners.ParentRunner$2.evaluate(ParentRunner.java:229)
	at org.junit.runners.ParentRunner.run(ParentRunner.java:309)
	at org.junit.runner.JUnitCore.run(JUnitCore.java:160)
	at org.junit.runner.JUnitCore.run(JUnitCore.java:138)
	at org.junit.runner.JUnitCore.run(JUnitCore.java:117)
	at sbst.benchmark.coverage.TestExecutionTask.call(TestExecutionTask.java:54)
	at sbst.benchmark.coverage.TestExecutionTask.call(TestExecutionTask.java:15)
	at java.util.concurrent.FutureTask.run(FutureTask.java:266)
	at java.util.concurrent.ThreadPoolExecutor.runWorker(ThreadPoolExecutor.java:1149)
	at java.util.concurrent.ThreadPoolExecutor$Worker.run(ThreadPoolExecutor.java:624)
	at java.lang.Thread.run(Thread.java:750)

Failure: [test(org.jsoup.nodes.DocumentType_outerHtmlHead_4720243991): null]
Failing Tests: test(org.jsoup.nodes.DocumentType_outerHtmlHead_4720243991)
java.lang.NullPointerException
	at org.jsoup.nodes.DocumentType.outerHtmlHead(DocumentType.java:85)
	at sun.reflect.NativeMethodAccessorImpl.invoke0(Native Method)
	at sun.reflect.NativeMethodAccessorImpl.invoke(NativeMethodAccessorImpl.java:62)
	at sun.reflect.DelegatingMethodAccessorImpl.invoke(DelegatingMethodAccessorImpl.java:43)
	at java.lang.reflect.Method.invoke(Method.java:498)
	at org.jsoup.nodes.ReflectionUtils.callMethod(ReflectionUtils.java:238)
	at org.jsoup.nodes.DocumentType_outerHtmlHead_4720243991.test(DocumentType_outerHtmlHead_4720243991.java:48)
	at sun.reflect.NativeMethodAccessorImpl.invoke0(Native Method)
	at sun.reflect.NativeMethodAccessorImpl.invoke(NativeMethodAccessorImpl.java:62)
	at sun.reflect.DelegatingMethodAccessorImpl.invoke(DelegatingMethodAccessorImpl.java:43)
	at java.lang.reflect.Method.invoke(Method.java:498)
	at org.junit.runners.model.FrameworkMethod$1.runReflectiveCall(FrameworkMethod.java:47)
	at org.junit.internal.runners.model.ReflectiveCallable.run(ReflectiveCallable.java:12)
	at org.junit.runners.model.FrameworkMethod.invokeExplosively(FrameworkMethod.java:44)
	at org.junit.internal.runners.statements.InvokeMethod.evaluate(InvokeMethod.java:17)
	at org.junit.internal.runners.statements.RunBefores.evaluate(RunBefores.java:26)
	at org.junit.runners.ParentRunner.runLeaf(ParentRunner.java:271)
	at org.junit.runners.BlockJUnit4ClassRunner.runChild(BlockJUnit4ClassRunner.java:70)
	at org.junit.runners.BlockJUnit4ClassRunner.runChild(BlockJUnit4ClassRunner.java:50)
	at org.junit.runners.ParentRunner$3.run(ParentRunner.java:238)
	at org.junit.runners.ParentRunner$1.schedule(ParentRunner.java:63)
	at org.junit.runners.ParentRunner.runChildren(ParentRunner.java:236)
	at org.junit.runners.ParentRunner.access$000(ParentRunner.java:53)
	at org.junit.runners.ParentRunner$2.evaluate(ParentRunner.java:229)
	at org.junit.runners.ParentRunner.run(ParentRunner.java:309)
	at org.junit.runners.Suite.runChild(Suite.java:127)
	at org.junit.runners.Suite.runChild(Suite.java:26)
	at org.junit.runners.ParentRunner$3.run(ParentRunner.java:238)
	at org.junit.runners.ParentRunner$1.schedule(ParentRunner.java:63)
	at org.junit.runners.ParentRunner.runChildren(ParentRunner.java:236)
	at org.junit.runners.ParentRunner.access$000(ParentRunner.java:53)
	at org.junit.runners.ParentRunner$2.evaluate(ParentRunner.java:229)
	at org.junit.runners.ParentRunner.run(ParentRunner.java:309)
	at org.junit.runner.JUnitCore.run(JUnitCore.java:160)
	at org.junit.runner.JUnitCore.run(JUnitCore.java:138)
	at org.junit.runner.JUnitCore.run(JUnitCore.java:117)
	at sbst.benchmark.coverage.TestExecutionTask.call(TestExecutionTask.java:54)
	at sbst.benchmark.coverage.TestExecutionTask.call(TestExecutionTask.java:15)
	at java.util.concurrent.FutureTask.run(FutureTask.java:266)
	at java.util.concurrent.ThreadPoolExecutor.runWorker(ThreadPoolExecutor.java:1149)
	at java.util.concurrent.ThreadPoolExecutor$Worker.run(ThreadPoolExecutor.java:624)
	at java.lang.Thread.run(Thread.java:750)

Failure: [test(org.jsoup.nodes.DocumentType_setPubSysKey_3850840810): java.lang.Object cannot be cast to java.lang.String]
Failing Tests: test(org.jsoup.nodes.DocumentType_setPubSysKey_3850840810)
java.lang.ClassCastException: java.lang.Object cannot be cast to java.lang.String
	at org.jsoup.nodes.LeafNode.ensureAttributes(LeafNode.java:24)
	at org.jsoup.nodes.LeafNode.attr(LeafNode.java:49)
	at org.jsoup.nodes.DocumentType.attr(DocumentType.java:12)
	at org.jsoup.nodes.DocumentType.setPubSysKey(DocumentType.java:40)
	at sun.reflect.NativeMethodAccessorImpl.invoke0(Native Method)
	at sun.reflect.NativeMethodAccessorImpl.invoke(NativeMethodAccessorImpl.java:62)
	at sun.reflect.DelegatingMethodAccessorImpl.invoke(DelegatingMethodAccessorImpl.java:43)
	at java.lang.reflect.Method.invoke(Method.java:498)
	at org.jsoup.nodes.ReflectionUtils.callMethod(ReflectionUtils.java:238)
	at org.jsoup.nodes.DocumentType_setPubSysKey_3850840810.test(DocumentType_setPubSysKey_3850840810.java:43)
	at sun.reflect.NativeMethodAccessorImpl.invoke0(Native Method)
	at sun.reflect.NativeMethodAccessorImpl.invoke(NativeMethodAccessorImpl.java:62)
	at sun.reflect.DelegatingMethodAccessorImpl.invoke(DelegatingMethodAccessorImpl.java:43)
	at java.lang.reflect.Method.invoke(Method.java:498)
	at org.junit.runners.model.FrameworkMethod$1.runReflectiveCall(FrameworkMethod.java:47)
	at org.junit.internal.runners.model.ReflectiveCallable.run(ReflectiveCallable.java:12)
	at org.junit.runners.model.FrameworkMethod.invokeExplosively(FrameworkMethod.java:44)
	at org.junit.internal.runners.statements.InvokeMethod.evaluate(InvokeMethod.java:17)
	at org.junit.internal.runners.statements.RunBefores.evaluate(RunBefores.java:26)
	at org.junit.runners.ParentRunner.runLeaf(ParentRunner.java:271)
	at org.junit.runners.BlockJUnit4ClassRunner.runChild(BlockJUnit4ClassRunner.java:70)
	at org.junit.runners.BlockJUnit4ClassRunner.runChild(BlockJUnit4ClassRunner.java:50)
	at org.junit.runners.ParentRunner$3.run(ParentRunner.java:238)
	at org.junit.runners.ParentRunner$1.schedule(ParentRunner.java:63)
	at org.junit.runners.ParentRunner.runChildren(ParentRunner.java:236)
	at org.junit.runners.ParentRunner.access$000(ParentRunner.java:53)
	at org.junit.runners.ParentRunner$2.evaluate(ParentRunner.java:229)
	at org.junit.runners.ParentRunner.run(ParentRunner.java:309)
	at org.junit.runners.Suite.runChild(Suite.java:127)
	at org.junit.runners.Suite.runChild(Suite.java:26)
	at org.junit.runners.ParentRunner$3.run(ParentRunner.java:238)
	at org.junit.runners.ParentRunner$1.schedule(ParentRunner.java:63)
	at org.junit.runners.ParentRunner.runChildren(ParentRunner.java:236)
	at org.junit.runners.ParentRunner.access$000(ParentRunner.java:53)
	at org.junit.runners.ParentRunner$2.evaluate(ParentRunner.java:229)
	at org.junit.runners.ParentRunner.run(ParentRunner.java:309)
	at org.junit.runner.JUnitCore.run(JUnitCore.java:160)
	at org.junit.runner.JUnitCore.run(JUnitCore.java:138)
	at org.junit.runner.JUnitCore.run(JUnitCore.java:117)
	at sbst.benchmark.coverage.TestExecutionTask.call(TestExecutionTask.java:54)
	at sbst.benchmark.coverage.TestExecutionTask.call(TestExecutionTask.java:15)
	at java.util.concurrent.FutureTask.run(FutureTask.java:266)
	at java.util.concurrent.ThreadPoolExecutor.runWorker(ThreadPoolExecutor.java:1149)
	at java.util.concurrent.ThreadPoolExecutor$Worker.run(ThreadPoolExecutor.java:624)
	at java.lang.Thread.run(Thread.java:750)

Failure: [initializationError(org.jsoup.nodes.EqualityUtils): No runnable methods]
Failing Tests: initializationError(org.jsoup.nodes.EqualityUtils)
java.lang.Exception: No runnable methods
	at org.junit.runners.BlockJUnit4ClassRunner.validateInstanceMethods(BlockJUnit4ClassRunner.java:169)
	at org.junit.runners.BlockJUnit4ClassRunner.collectInitializationErrors(BlockJUnit4ClassRunner.java:104)
	at org.junit.runners.ParentRunner.validate(ParentRunner.java:355)
	at org.junit.runners.ParentRunner.<init>(ParentRunner.java:76)
	at org.junit.runners.BlockJUnit4ClassRunner.<init>(BlockJUnit4ClassRunner.java:57)
	at org.junit.internal.builders.JUnit4Builder.runnerForClass(JUnit4Builder.java:10)
	at org.junit.runners.model.RunnerBuilder.safeRunnerForClass(RunnerBuilder.java:59)
	at org.junit.internal.builders.AllDefaultPossibilitiesBuilder.runnerForClass(AllDefaultPossibilitiesBuilder.java:26)
	at org.junit.runner.Computer.getRunner(Computer.java:40)
	at org.junit.runner.Computer$1.runnerForClass(Computer.java:31)
	at org.junit.runners.model.RunnerBuilder.safeRunnerForClass(RunnerBuilder.java:59)
	at org.junit.runners.model.RunnerBuilder.runners(RunnerBuilder.java:101)
	at org.junit.runners.model.RunnerBuilder.runners(RunnerBuilder.java:87)
	at org.junit.runners.Suite.<init>(Suite.java:80)
	at org.junit.runner.Computer.getSuite(Computer.java:28)
	at org.junit.runner.Request.classes(Request.java:75)
	at org.junit.runner.JUnitCore.run(JUnitCore.java:117)
	at sbst.benchmark.coverage.TestExecutionTask.call(TestExecutionTask.java:54)
	at sbst.benchmark.coverage.TestExecutionTask.call(TestExecutionTask.java:15)
	at java.util.concurrent.FutureTask.run(FutureTask.java:266)
	at java.util.concurrent.ThreadPoolExecutor.runWorker(ThreadPoolExecutor.java:1149)
	at java.util.concurrent.ThreadPoolExecutor$Worker.run(ThreadPoolExecutor.java:624)
	at java.lang.Thread.run(Thread.java:750)

Failure: [initializationError(org.jsoup.nodes.ReflectionUtils): No runnable methods]
Failing Tests: initializationError(org.jsoup.nodes.ReflectionUtils)
java.lang.Exception: No runnable methods
	at org.junit.runners.BlockJUnit4ClassRunner.validateInstanceMethods(BlockJUnit4ClassRunner.java:169)
	at org.junit.runners.BlockJUnit4ClassRunner.collectInitializationErrors(BlockJUnit4ClassRunner.java:104)
	at org.junit.runners.ParentRunner.validate(ParentRunner.java:355)
	at org.junit.runners.ParentRunner.<init>(ParentRunner.java:76)
	at org.junit.runners.BlockJUnit4ClassRunner.<init>(BlockJUnit4ClassRunner.java:57)
	at org.junit.internal.builders.JUnit4Builder.runnerForClass(JUnit4Builder.java:10)
	at org.junit.runners.model.RunnerBuilder.safeRunnerForClass(RunnerBuilder.java:59)
	at org.junit.internal.builders.AllDefaultPossibilitiesBuilder.runnerForClass(AllDefaultPossibilitiesBuilder.java:26)
	at org.junit.runner.Computer.getRunner(Computer.java:40)
	at org.junit.runner.Computer$1.runnerForClass(Computer.java:31)
	at org.junit.runners.model.RunnerBuilder.safeRunnerForClass(RunnerBuilder.java:59)
	at org.junit.runners.model.RunnerBuilder.runners(RunnerBuilder.java:101)
	at org.junit.runners.model.RunnerBuilder.runners(RunnerBuilder.java:87)
	at org.junit.runners.Suite.<init>(Suite.java:80)
	at org.junit.runner.Computer.getSuite(Computer.java:28)
	at org.junit.runner.Request.classes(Request.java:75)
	at org.junit.runner.JUnitCore.run(JUnitCore.java:117)
	at sbst.benchmark.coverage.TestExecutionTask.call(TestExecutionTask.java:54)
	at sbst.benchmark.coverage.TestExecutionTask.call(TestExecutionTask.java:15)
	at java.util.concurrent.FutureTask.run(FutureTask.java:266)
	at java.util.concurrent.ThreadPoolExecutor.runWorker(ThreadPoolExecutor.java:1149)
	at java.util.concurrent.ThreadPoolExecutor$Worker.run(ThreadPoolExecutor.java:624)
	at java.lang.Thread.run(Thread.java:750)


=== Run Jacoco for Coverage ===
Number of instrumented file = 2459
Running tests with the following classpath: 
/home/kex/results_kex_120/JSOUP-36_1/temp/testcases/jsoup-1.16.2-SNAPSHOT_instrumented.jar:/home/kex/results_kex_120/JSOUP-36_1/temp/testcases/junit-jupiter-params-5.9.3_instrumented.jar:/home/kex/results_kex_120/JSOUP-36_1/temp/testcases/gson-2.10.1_instrumented.jar:/home/kex/results_kex_120/JSOUP-36_1/temp/testcases/jetty-util-ajax-9.4.51.v20230217_instrumented.jar:/home/kex/results_kex_120/JSOUP-36_1/temp/testcases/junit-jupiter-engine-5.9.3_instrumented.jar:/home/kex/results_kex_120/JSOUP-36_1/temp/testcases/jetty-server-9.4.51.v20230217_instrumented.jar:/home/kex/results_kex_120/JSOUP-36_1/temp/testcases/junit-platform-engine-1.9.3_instrumented.jar:/home/kex/results_kex_120/JSOUP-36_1/temp/testcases/junit-jupiter-api-5.9.3_instrumented.jar:/home/kex/results_kex_120/JSOUP-36_1/temp/testcases/apiguardian-api-1.1.2_instrumented.jar:/home/kex/results_kex_120/JSOUP-36_1/temp/testcases/opentest4j-1.2.0_instrumented.jar:/home/kex/results_kex_120/JSOUP-36_1/temp/testcases/javax.servlet-api-3.1.0_instrumented.jar:/home/kex/results_kex_120/JSOUP-36_1/temp/testcases/jetty-util-9.4.51.v20230217_instrumented.jar:/home/kex/results_kex_120/JSOUP-36_1/temp/testcases/jetty-http-9.4.51.v20230217_instrumented.jar:/home/kex/results_kex_120/JSOUP-36_1/temp/testcases/jetty-security-9.4.51.v20230217_instrumented.jar:/home/kex/results_kex_120/JSOUP-36_1/temp/testcases/jsr305-3.0.2_instrumented.jar:/home/kex/results_kex_120/JSOUP-36_1/temp/testcases/jetty-io-9.4.51.v20230217_instrumented.jar:/home/kex/results_kex_120/JSOUP-36_1/temp/testcases/junit-jupiter-5.9.3_instrumented.jar:/home/kex/results_kex_120/JSOUP-36_1/temp/testcases/jetty-servlet-9.4.51.v20230217_instrumented.jar:/usr/local/bin/lib/hamcrest-core.jar:/usr/local/bin/lib/junit.jar:/home/kex/results_kex_120/JSOUP-36_1/temp/testcases/bin
Running the tests: [SBSTDummyForCoverageAndMutationCalculation, org.jsoup.nodes.DocumentType_has_14561205660, org.jsoup.nodes.DocumentType_has_14561205661, org.jsoup.nodes.DocumentType_init_11749183580, org.jsoup.nodes.DocumentType_init_11749183581, org.jsoup.nodes.DocumentType_name_2439028450, org.jsoup.nodes.DocumentType_name_2439028451, org.jsoup.nodes.DocumentType_nodeName_18602329970, org.jsoup.nodes.DocumentType_nodeName_18602329971, org.jsoup.nodes.DocumentType_outerHtmlHead_4720243990, org.jsoup.nodes.DocumentType_outerHtmlHead_4720243991, org.jsoup.nodes.DocumentType_outerHtmlTail_1319226550, org.jsoup.nodes.DocumentType_outerHtmlTail_1319226551, org.jsoup.nodes.DocumentType_publicId_15818877160, org.jsoup.nodes.DocumentType_publicId_15818877161, org.jsoup.nodes.DocumentType_setPubSysKey_3850840810, org.jsoup.nodes.DocumentType_setPubSysKey_3850840811, org.jsoup.nodes.DocumentType_systemId_14514738900, org.jsoup.nodes.DocumentType_systemId_14514738901, org.jsoup.nodes.DocumentType_updatePubSyskey_18391763970, org.jsoup.nodes.DocumentType_updatePubSyskey_18391763971, org.jsoup.nodes.EqualityUtils, org.jsoup.nodes.ReflectionUtils]
Executions terminated
Number of file with coverage information = 264
Extracted coverage data for the class org/jsoup/nodes/DocumentType
Number of file with coverage information = 343
Number of file with coverage information = 218
Number of file with coverage information = 33
Number of file with coverage information = 134
Number of file with coverage information = 357
Number of file with coverage information = 127
Number of file with coverage information = 179
Number of file with coverage information = 3
Number of file with coverage information = 7
Number of file with coverage information = 79
Number of file with coverage information = 327
Number of file with coverage information = 109
Number of file with coverage information = 62
Number of file with coverage information = 35
Number of file with coverage information = 111
Number of file with coverage information = 1
Number of file with coverage information = 70

=== Run PIT ===
Matching Jacoco with PIT: find covered mutations
Executing Mutation Analysis using 23 mutants 
Evaluating mutant -85054324 using tests: [org.jsoup.nodes.DocumentType_has_14561205660, org.jsoup.nodes.DocumentType_has_14561205661, org.jsoup.nodes.DocumentType_init_11749183580, org.jsoup.nodes.DocumentType_init_11749183581, org.jsoup.nodes.DocumentType_name_2439028450, org.jsoup.nodes.DocumentType_name_2439028451, org.jsoup.nodes.DocumentType_nodeName_18602329970, org.jsoup.nodes.DocumentType_nodeName_18602329971, org.jsoup.nodes.DocumentType_outerHtmlHead_4720243990, org.jsoup.nodes.DocumentType_outerHtmlHead_4720243991, org.jsoup.nodes.DocumentType_outerHtmlTail_1319226550, org.jsoup.nodes.DocumentType_outerHtmlTail_1319226551, org.jsoup.nodes.DocumentType_publicId_15818877160, org.jsoup.nodes.DocumentType_publicId_15818877161, org.jsoup.nodes.DocumentType_setPubSysKey_3850840810, org.jsoup.nodes.DocumentType_setPubSysKey_3850840811, org.jsoup.nodes.DocumentType_systemId_14514738900, org.jsoup.nodes.DocumentType_systemId_14514738901, org.jsoup.nodes.DocumentType_updatePubSyskey_18391763970, org.jsoup.nodes.DocumentType_updatePubSyskey_18391763971, org.jsoup.nodes.EqualityUtils, org.jsoup.nodes.ReflectionUtils]

 CP : /usr/local/bin/lib/junit.jar:/usr/local/bin/lib/hamcrest-core.jar:results_kex_120/JSOUP-36_1/temp/testcases/mutated_code/SUT:/home/kex/results_kex_120/JSOUP-36_1/temp/testcases/bin:results_kex_120/JSOUP-36_1/temp/testcases/mutated_code/CUT0

Failed test test(org.jsoup.nodes.DocumentType_has_14561205660)
	 actual test, will stop test execution !
TestExec4MutationTask: Mutant MutationIdentifier [location=Location [clazz=org.jsoup.nodes.DocumentType, method=outerHtmlHead, methodDesc=(Ljava/lang/Appendable;ILorg/jsoup/nodes/Document$OutputSettings;)V], indexes=[21], mutator=org.pitest.mutationtest.engine.gregor.mutators.NegateConditionalsMutator] killed by test (org.jsoup.nodes.DocumentType_has_14561205660),test)
Evaluating mutant 528807008 using tests: [org.jsoup.nodes.DocumentType_has_14561205660, org.jsoup.nodes.DocumentType_has_14561205661, org.jsoup.nodes.DocumentType_init_11749183580, org.jsoup.nodes.DocumentType_init_11749183581, org.jsoup.nodes.DocumentType_name_2439028450, org.jsoup.nodes.DocumentType_name_2439028451, org.jsoup.nodes.DocumentType_nodeName_18602329970, org.jsoup.nodes.DocumentType_nodeName_18602329971, org.jsoup.nodes.DocumentType_outerHtmlHead_4720243990, org.jsoup.nodes.DocumentType_outerHtmlHead_4720243991, org.jsoup.nodes.DocumentType_outerHtmlTail_1319226550, org.jsoup.nodes.DocumentType_outerHtmlTail_1319226551, org.jsoup.nodes.DocumentType_publicId_15818877160, org.jsoup.nodes.DocumentType_publicId_15818877161, org.jsoup.nodes.DocumentType_setPubSysKey_3850840810, org.jsoup.nodes.DocumentType_setPubSysKey_3850840811, org.jsoup.nodes.DocumentType_systemId_14514738900, org.jsoup.nodes.DocumentType_systemId_14514738901, org.jsoup.nodes.DocumentType_updatePubSyskey_18391763970, org.jsoup.nodes.DocumentType_updatePubSyskey_18391763971, org.jsoup.nodes.EqualityUtils, org.jsoup.nodes.ReflectionUtils]

 CP : /usr/local/bin/lib/junit.jar:/usr/local/bin/lib/hamcrest-core.jar:results_kex_120/JSOUP-36_1/temp/testcases/mutated_code/SUT:/home/kex/results_kex_120/JSOUP-36_1/temp/testcases/bin:results_kex_120/JSOUP-36_1/temp/testcases/mutated_code/CUT1

Failed test test(org.jsoup.nodes.DocumentType_has_14561205660)
	 actual test, will stop test execution !
TestExec4MutationTask: Mutant MutationIdentifier [location=Location [clazz=org.jsoup.nodes.DocumentType, method=<init>, methodDesc=(Ljava/lang/String;Ljava/lang/String;Ljava/lang/String;)V], indexes=[16], mutator=org.pitest.mutationtest.engine.gregor.mutators.VoidMethodCallMutator] killed by test (org.jsoup.nodes.DocumentType_has_14561205660),test)
Evaluating mutant 1573386113 using tests: [org.jsoup.nodes.DocumentType_has_14561205660, org.jsoup.nodes.DocumentType_has_14561205661, org.jsoup.nodes.DocumentType_init_11749183580, org.jsoup.nodes.DocumentType_init_11749183581, org.jsoup.nodes.DocumentType_name_2439028450, org.jsoup.nodes.DocumentType_name_2439028451, org.jsoup.nodes.DocumentType_nodeName_18602329970, org.jsoup.nodes.DocumentType_nodeName_18602329971, org.jsoup.nodes.DocumentType_outerHtmlHead_4720243990, org.jsoup.nodes.DocumentType_outerHtmlHead_4720243991, org.jsoup.nodes.DocumentType_outerHtmlTail_1319226550, org.jsoup.nodes.DocumentType_outerHtmlTail_1319226551, org.jsoup.nodes.DocumentType_publicId_15818877160, org.jsoup.nodes.DocumentType_publicId_15818877161, org.jsoup.nodes.DocumentType_setPubSysKey_3850840810, org.jsoup.nodes.DocumentType_setPubSysKey_3850840811, org.jsoup.nodes.DocumentType_systemId_14514738900, org.jsoup.nodes.DocumentType_systemId_14514738901, org.jsoup.nodes.DocumentType_updatePubSyskey_18391763970, org.jsoup.nodes.DocumentType_updatePubSyskey_18391763971, org.jsoup.nodes.EqualityUtils, org.jsoup.nodes.ReflectionUtils]

 CP : /usr/local/bin/lib/junit.jar:/usr/local/bin/lib/hamcrest-core.jar:results_kex_120/JSOUP-36_1/temp/testcases/mutated_code/SUT:/home/kex/results_kex_120/JSOUP-36_1/temp/testcases/bin:results_kex_120/JSOUP-36_1/temp/testcases/mutated_code/CUT2

Failed test test(org.jsoup.nodes.DocumentType_has_14561205660)
	 actual test, will stop test execution !
TestExec4MutationTask: Mutant MutationIdentifier [location=Location [clazz=org.jsoup.nodes.DocumentType, method=publicId, methodDesc=()Ljava/lang/String;], indexes=[6], mutator=org.pitest.mutationtest.engine.gregor.mutators.ReturnValsMutator] killed by test (org.jsoup.nodes.DocumentType_has_14561205660),test)
Evaluating mutant -378225133 using tests: [org.jsoup.nodes.DocumentType_has_14561205660, org.jsoup.nodes.DocumentType_has_14561205661, org.jsoup.nodes.DocumentType_init_11749183580, org.jsoup.nodes.DocumentType_init_11749183581, org.jsoup.nodes.DocumentType_name_2439028450, org.jsoup.nodes.DocumentType_name_2439028451, org.jsoup.nodes.DocumentType_nodeName_18602329970, org.jsoup.nodes.DocumentType_nodeName_18602329971, org.jsoup.nodes.DocumentType_outerHtmlHead_4720243990, org.jsoup.nodes.DocumentType_outerHtmlHead_4720243991, org.jsoup.nodes.DocumentType_outerHtmlTail_1319226550, org.jsoup.nodes.DocumentType_outerHtmlTail_1319226551, org.jsoup.nodes.DocumentType_publicId_15818877160, org.jsoup.nodes.DocumentType_publicId_15818877161, org.jsoup.nodes.DocumentType_setPubSysKey_3850840810, org.jsoup.nodes.DocumentType_setPubSysKey_3850840811, org.jsoup.nodes.DocumentType_systemId_14514738900, org.jsoup.nodes.DocumentType_systemId_14514738901, org.jsoup.nodes.DocumentType_updatePubSyskey_18391763970, org.jsoup.nodes.DocumentType_updatePubSyskey_18391763971, org.jsoup.nodes.EqualityUtils, org.jsoup.nodes.ReflectionUtils]

 CP : /usr/local/bin/lib/junit.jar:/usr/local/bin/lib/hamcrest-core.jar:results_kex_120/JSOUP-36_1/temp/testcases/mutated_code/SUT:/home/kex/results_kex_120/JSOUP-36_1/temp/testcases/bin:results_kex_120/JSOUP-36_1/temp/testcases/mutated_code/CUT3

Failed test test(org.jsoup.nodes.DocumentType_has_14561205660)
	 actual test, will stop test execution !
TestExec4MutationTask: Mutant MutationIdentifier [location=Location [clazz=org.jsoup.nodes.DocumentType, method=has, methodDesc=(Ljava/lang/String;)Z], indexes=[7], mutator=org.pitest.mutationtest.engine.gregor.mutators.NegateConditionalsMutator] killed by test (org.jsoup.nodes.DocumentType_has_14561205660),test)
Evaluating mutant -184239988 using tests: [org.jsoup.nodes.DocumentType_has_14561205660, org.jsoup.nodes.DocumentType_has_14561205661, org.jsoup.nodes.DocumentType_init_11749183580, org.jsoup.nodes.DocumentType_init_11749183581, org.jsoup.nodes.DocumentType_name_2439028450, org.jsoup.nodes.DocumentType_name_2439028451, org.jsoup.nodes.DocumentType_nodeName_18602329970, org.jsoup.nodes.DocumentType_nodeName_18602329971, org.jsoup.nodes.DocumentType_outerHtmlHead_4720243990, org.jsoup.nodes.DocumentType_outerHtmlHead_4720243991, org.jsoup.nodes.DocumentType_outerHtmlTail_1319226550, org.jsoup.nodes.DocumentType_outerHtmlTail_1319226551, org.jsoup.nodes.DocumentType_publicId_15818877160, org.jsoup.nodes.DocumentType_publicId_15818877161, org.jsoup.nodes.DocumentType_setPubSysKey_3850840810, org.jsoup.nodes.DocumentType_setPubSysKey_3850840811, org.jsoup.nodes.DocumentType_systemId_14514738900, org.jsoup.nodes.DocumentType_systemId_14514738901, org.jsoup.nodes.DocumentType_updatePubSyskey_18391763970, org.jsoup.nodes.DocumentType_updatePubSyskey_18391763971, org.jsoup.nodes.EqualityUtils, org.jsoup.nodes.ReflectionUtils]

 CP : /usr/local/bin/lib/junit.jar:/usr/local/bin/lib/hamcrest-core.jar:results_kex_120/JSOUP-36_1/temp/testcases/mutated_code/SUT:/home/kex/results_kex_120/JSOUP-36_1/temp/testcases/bin:results_kex_120/JSOUP-36_1/temp/testcases/mutated_code/CUT4

Failed test test(org.jsoup.nodes.DocumentType_has_14561205660)
	 actual test, will stop test execution !
TestExec4MutationTask: Mutant MutationIdentifier [location=Location [clazz=org.jsoup.nodes.DocumentType, method=updatePubSyskey, methodDesc=()V], indexes=[6], mutator=org.pitest.mutationtest.engine.gregor.mutators.NegateConditionalsMutator] killed by test (org.jsoup.nodes.DocumentType_has_14561205660),test)
Evaluating mutant -1383596312 using tests: [org.jsoup.nodes.DocumentType_has_14561205660, org.jsoup.nodes.DocumentType_has_14561205661, org.jsoup.nodes.DocumentType_init_11749183580, org.jsoup.nodes.DocumentType_init_11749183581, org.jsoup.nodes.DocumentType_name_2439028450, org.jsoup.nodes.DocumentType_name_2439028451, org.jsoup.nodes.DocumentType_nodeName_18602329970, org.jsoup.nodes.DocumentType_nodeName_18602329971, org.jsoup.nodes.DocumentType_outerHtmlHead_4720243990, org.jsoup.nodes.DocumentType_outerHtmlHead_4720243991, org.jsoup.nodes.DocumentType_outerHtmlTail_1319226550, org.jsoup.nodes.DocumentType_outerHtmlTail_1319226551, org.jsoup.nodes.DocumentType_publicId_15818877160, org.jsoup.nodes.DocumentType_publicId_15818877161, org.jsoup.nodes.DocumentType_setPubSysKey_3850840810, org.jsoup.nodes.DocumentType_setPubSysKey_3850840811, org.jsoup.nodes.DocumentType_systemId_14514738900, org.jsoup.nodes.DocumentType_systemId_14514738901, org.jsoup.nodes.DocumentType_updatePubSyskey_18391763970, org.jsoup.nodes.DocumentType_updatePubSyskey_18391763971, org.jsoup.nodes.EqualityUtils, org.jsoup.nodes.ReflectionUtils]

 CP : /usr/local/bin/lib/junit.jar:/usr/local/bin/lib/hamcrest-core.jar:results_kex_120/JSOUP-36_1/temp/testcases/mutated_code/SUT:/home/kex/results_kex_120/JSOUP-36_1/temp/testcases/bin:results_kex_120/JSOUP-36_1/temp/testcases/mutated_code/CUT5

Failed test test(org.jsoup.nodes.DocumentType_has_14561205660)
	 actual test, will stop test execution !
TestExec4MutationTask: Mutant MutationIdentifier [location=Location [clazz=org.jsoup.nodes.DocumentType, method=name, methodDesc=()Ljava/lang/String;], indexes=[6], mutator=org.pitest.mutationtest.engine.gregor.mutators.ReturnValsMutator] killed by test (org.jsoup.nodes.DocumentType_has_14561205660),test)
Evaluating mutant -85069700 using tests: [org.jsoup.nodes.DocumentType_has_14561205660, org.jsoup.nodes.DocumentType_has_14561205661, org.jsoup.nodes.DocumentType_init_11749183580, org.jsoup.nodes.DocumentType_init_11749183581, org.jsoup.nodes.DocumentType_name_2439028450, org.jsoup.nodes.DocumentType_name_2439028451, org.jsoup.nodes.DocumentType_nodeName_18602329970, org.jsoup.nodes.DocumentType_nodeName_18602329971, org.jsoup.nodes.DocumentType_outerHtmlHead_4720243990, org.jsoup.nodes.DocumentType_outerHtmlHead_4720243991, org.jsoup.nodes.DocumentType_outerHtmlTail_1319226550, org.jsoup.nodes.DocumentType_outerHtmlTail_1319226551, org.jsoup.nodes.DocumentType_publicId_15818877160, org.jsoup.nodes.DocumentType_publicId_15818877161, org.jsoup.nodes.DocumentType_setPubSysKey_3850840810, org.jsoup.nodes.DocumentType_setPubSysKey_3850840811, org.jsoup.nodes.DocumentType_systemId_14514738900, org.jsoup.nodes.DocumentType_systemId_14514738901, org.jsoup.nodes.DocumentType_updatePubSyskey_18391763970, org.jsoup.nodes.DocumentType_updatePubSyskey_18391763971, org.jsoup.nodes.EqualityUtils, org.jsoup.nodes.ReflectionUtils]

 CP : /usr/local/bin/lib/junit.jar:/usr/local/bin/lib/hamcrest-core.jar:results_kex_120/JSOUP-36_1/temp/testcases/mutated_code/SUT:/home/kex/results_kex_120/JSOUP-36_1/temp/testcases/bin:results_kex_120/JSOUP-36_1/temp/testcases/mutated_code/CUT6

Failed test test(org.jsoup.nodes.DocumentType_has_14561205660)
	 actual test, will stop test execution !
TestExec4MutationTask: Mutant MutationIdentifier [location=Location [clazz=org.jsoup.nodes.DocumentType, method=outerHtmlHead, methodDesc=(Ljava/lang/Appendable;ILorg/jsoup/nodes/Document$OutputSettings;)V], indexes=[5], mutator=org.pitest.mutationtest.engine.gregor.mutators.NegateConditionalsMutator] killed by test (org.jsoup.nodes.DocumentType_has_14561205660),test)
Evaluating mutant 311780423 using tests: [org.jsoup.nodes.DocumentType_has_14561205660, org.jsoup.nodes.DocumentType_has_14561205661, org.jsoup.nodes.DocumentType_init_11749183580, org.jsoup.nodes.DocumentType_init_11749183581, org.jsoup.nodes.DocumentType_name_2439028450, org.jsoup.nodes.DocumentType_name_2439028451, org.jsoup.nodes.DocumentType_nodeName_18602329970, org.jsoup.nodes.DocumentType_nodeName_18602329971, org.jsoup.nodes.DocumentType_outerHtmlHead_4720243990, org.jsoup.nodes.DocumentType_outerHtmlHead_4720243991, org.jsoup.nodes.DocumentType_outerHtmlTail_1319226550, org.jsoup.nodes.DocumentType_outerHtmlTail_1319226551, org.jsoup.nodes.DocumentType_publicId_15818877160, org.jsoup.nodes.DocumentType_publicId_15818877161, org.jsoup.nodes.DocumentType_setPubSysKey_3850840810, org.jsoup.nodes.DocumentType_setPubSysKey_3850840811, org.jsoup.nodes.DocumentType_systemId_14514738900, org.jsoup.nodes.DocumentType_systemId_14514738901, org.jsoup.nodes.DocumentType_updatePubSyskey_18391763970, org.jsoup.nodes.DocumentType_updatePubSyskey_18391763971, org.jsoup.nodes.EqualityUtils, org.jsoup.nodes.ReflectionUtils]

 CP : /usr/local/bin/lib/junit.jar:/usr/local/bin/lib/hamcrest-core.jar:results_kex_120/JSOUP-36_1/temp/testcases/mutated_code/SUT:/home/kex/results_kex_120/JSOUP-36_1/temp/testcases/bin:results_kex_120/JSOUP-36_1/temp/testcases/mutated_code/CUT7

Failed test test(org.jsoup.nodes.DocumentType_has_14561205660)
	 actual test, will stop test execution !
TestExec4MutationTask: Mutant MutationIdentifier [location=Location [clazz=org.jsoup.nodes.DocumentType, method=systemId, methodDesc=()Ljava/lang/String;], indexes=[6], mutator=org.pitest.mutationtest.engine.gregor.mutators.ReturnValsMutator] killed by test (org.jsoup.nodes.DocumentType_has_14561205660),test)
Evaluating mutant -85066817 using tests: [org.jsoup.nodes.DocumentType_has_14561205660, org.jsoup.nodes.DocumentType_has_14561205661, org.jsoup.nodes.DocumentType_init_11749183580, org.jsoup.nodes.DocumentType_init_11749183581, org.jsoup.nodes.DocumentType_name_2439028450, org.jsoup.nodes.DocumentType_name_2439028451, org.jsoup.nodes.DocumentType_nodeName_18602329970, org.jsoup.nodes.DocumentType_nodeName_18602329971, org.jsoup.nodes.DocumentType_outerHtmlHead_4720243990, org.jsoup.nodes.DocumentType_outerHtmlHead_4720243991, org.jsoup.nodes.DocumentType_outerHtmlTail_1319226550, org.jsoup.nodes.DocumentType_outerHtmlTail_1319226551, org.jsoup.nodes.DocumentType_publicId_15818877160, org.jsoup.nodes.DocumentType_publicId_15818877161, org.jsoup.nodes.DocumentType_setPubSysKey_3850840810, org.jsoup.nodes.DocumentType_setPubSysKey_3850840811, org.jsoup.nodes.DocumentType_systemId_14514738900, org.jsoup.nodes.DocumentType_systemId_14514738901, org.jsoup.nodes.DocumentType_updatePubSyskey_18391763970, org.jsoup.nodes.DocumentType_updatePubSyskey_18391763971, org.jsoup.nodes.EqualityUtils, org.jsoup.nodes.ReflectionUtils]

 CP : /usr/local/bin/lib/junit.jar:/usr/local/bin/lib/hamcrest-core.jar:results_kex_120/JSOUP-36_1/temp/testcases/mutated_code/SUT:/home/kex/results_kex_120/JSOUP-36_1/temp/testcases/bin:results_kex_120/JSOUP-36_1/temp/testcases/mutated_code/CUT8

Failed test test(org.jsoup.nodes.DocumentType_has_14561205660)
	 actual test, will stop test execution !
TestExec4MutationTask: Mutant MutationIdentifier [location=Location [clazz=org.jsoup.nodes.DocumentType, method=outerHtmlHead, methodDesc=(Ljava/lang/Appendable;ILorg/jsoup/nodes/Document$OutputSettings;)V], indexes=[8], mutator=org.pitest.mutationtest.engine.gregor.mutators.NegateConditionalsMutator] killed by test (org.jsoup.nodes.DocumentType_has_14561205660),test)
Evaluating mutant -1681926200 using tests: [org.jsoup.nodes.DocumentType_has_14561205660, org.jsoup.nodes.DocumentType_has_14561205661, org.jsoup.nodes.DocumentType_init_11749183580, org.jsoup.nodes.DocumentType_init_11749183581, org.jsoup.nodes.DocumentType_name_2439028450, org.jsoup.nodes.DocumentType_name_2439028451, org.jsoup.nodes.DocumentType_nodeName_18602329970, org.jsoup.nodes.DocumentType_nodeName_18602329971, org.jsoup.nodes.DocumentType_outerHtmlHead_4720243990, org.jsoup.nodes.DocumentType_outerHtmlHead_4720243991, org.jsoup.nodes.DocumentType_outerHtmlTail_1319226550, org.jsoup.nodes.DocumentType_outerHtmlTail_1319226551, org.jsoup.nodes.DocumentType_publicId_15818877160, org.jsoup.nodes.DocumentType_publicId_15818877161, org.jsoup.nodes.DocumentType_setPubSysKey_3850840810, org.jsoup.nodes.DocumentType_setPubSysKey_3850840811, org.jsoup.nodes.DocumentType_systemId_14514738900, org.jsoup.nodes.DocumentType_systemId_14514738901, org.jsoup.nodes.DocumentType_updatePubSyskey_18391763970, org.jsoup.nodes.DocumentType_updatePubSyskey_18391763971, org.jsoup.nodes.EqualityUtils, org.jsoup.nodes.ReflectionUtils]

 CP : /usr/local/bin/lib/junit.jar:/usr/local/bin/lib/hamcrest-core.jar:results_kex_120/JSOUP-36_1/temp/testcases/mutated_code/SUT:/home/kex/results_kex_120/JSOUP-36_1/temp/testcases/bin:results_kex_120/JSOUP-36_1/temp/testcases/mutated_code/CUT9

Failed test test(org.jsoup.nodes.DocumentType_has_14561205660)
	 actual test, will stop test execution !
TestExec4MutationTask: Mutant MutationIdentifier [location=Location [clazz=org.jsoup.nodes.DocumentType, method=has, methodDesc=(Ljava/lang/String;)Z], indexes=[15], mutator=org.pitest.mutationtest.engine.gregor.mutators.ReturnValsMutator] killed by test (org.jsoup.nodes.DocumentType_has_14561205660),test)
Evaluating mutant 528803164 using tests: [org.jsoup.nodes.DocumentType_has_14561205660, org.jsoup.nodes.DocumentType_has_14561205661, org.jsoup.nodes.DocumentType_init_11749183580, org.jsoup.nodes.DocumentType_init_11749183581, org.jsoup.nodes.DocumentType_name_2439028450, org.jsoup.nodes.DocumentType_name_2439028451, org.jsoup.nodes.DocumentType_nodeName_18602329970, org.jsoup.nodes.DocumentType_nodeName_18602329971, org.jsoup.nodes.DocumentType_outerHtmlHead_4720243990, org.jsoup.nodes.DocumentType_outerHtmlHead_4720243991, org.jsoup.nodes.DocumentType_outerHtmlTail_1319226550, org.jsoup.nodes.DocumentType_outerHtmlTail_1319226551, org.jsoup.nodes.DocumentType_publicId_15818877160, org.jsoup.nodes.DocumentType_publicId_15818877161, org.jsoup.nodes.DocumentType_setPubSysKey_3850840810, org.jsoup.nodes.DocumentType_setPubSysKey_3850840811, org.jsoup.nodes.DocumentType_systemId_14514738900, org.jsoup.nodes.DocumentType_systemId_14514738901, org.jsoup.nodes.DocumentType_updatePubSyskey_18391763970, org.jsoup.nodes.DocumentType_updatePubSyskey_18391763971, org.jsoup.nodes.EqualityUtils, org.jsoup.nodes.ReflectionUtils]

 CP : /usr/local/bin/lib/junit.jar:/usr/local/bin/lib/hamcrest-core.jar:results_kex_120/JSOUP-36_1/temp/testcases/mutated_code/SUT:/home/kex/results_kex_120/JSOUP-36_1/temp/testcases/bin:results_kex_120/JSOUP-36_1/temp/testcases/mutated_code/CUT10

Failed test test(org.jsoup.nodes.DocumentType_has_14561205660)
	 actual test, will stop test execution !
TestExec4MutationTask: Mutant MutationIdentifier [location=Location [clazz=org.jsoup.nodes.DocumentType, method=<init>, methodDesc=(Ljava/lang/String;Ljava/lang/String;Ljava/lang/String;)V], indexes=[12], mutator=org.pitest.mutationtest.engine.gregor.mutators.VoidMethodCallMutator] killed by test (org.jsoup.nodes.DocumentType_has_14561205660),test)
Evaluating mutant 720537608 using tests: [org.jsoup.nodes.DocumentType_has_14561205660, org.jsoup.nodes.DocumentType_has_14561205661, org.jsoup.nodes.DocumentType_init_11749183580, org.jsoup.nodes.DocumentType_init_11749183581, org.jsoup.nodes.DocumentType_name_2439028450, org.jsoup.nodes.DocumentType_name_2439028451, org.jsoup.nodes.DocumentType_nodeName_18602329970, org.jsoup.nodes.DocumentType_nodeName_18602329971, org.jsoup.nodes.DocumentType_outerHtmlHead_4720243990, org.jsoup.nodes.DocumentType_outerHtmlHead_4720243991, org.jsoup.nodes.DocumentType_outerHtmlTail_1319226550, org.jsoup.nodes.DocumentType_outerHtmlTail_1319226551, org.jsoup.nodes.DocumentType_publicId_15818877160, org.jsoup.nodes.DocumentType_publicId_15818877161, org.jsoup.nodes.DocumentType_setPubSysKey_3850840810, org.jsoup.nodes.DocumentType_setPubSysKey_3850840811, org.jsoup.nodes.DocumentType_systemId_14514738900, org.jsoup.nodes.DocumentType_systemId_14514738901, org.jsoup.nodes.DocumentType_updatePubSyskey_18391763970, org.jsoup.nodes.DocumentType_updatePubSyskey_18391763971, org.jsoup.nodes.EqualityUtils, org.jsoup.nodes.ReflectionUtils]

 CP : /usr/local/bin/lib/junit.jar:/usr/local/bin/lib/hamcrest-core.jar:results_kex_120/JSOUP-36_1/temp/testcases/mutated_code/SUT:/home/kex/results_kex_120/JSOUP-36_1/temp/testcases/bin:results_kex_120/JSOUP-36_1/temp/testcases/mutated_code/CUT11

Failed test test(org.jsoup.nodes.DocumentType_has_14561205660)
	 actual test, will stop test execution !
TestExec4MutationTask: Mutant MutationIdentifier [location=Location [clazz=org.jsoup.nodes.DocumentType, method=nodeName, methodDesc=()Ljava/lang/String;], indexes=[4], mutator=org.pitest.mutationtest.engine.gregor.mutators.ReturnValsMutator] killed by test (org.jsoup.nodes.DocumentType_has_14561205660),test)
Evaluating mutant -85046636 using tests: [org.jsoup.nodes.DocumentType_has_14561205660, org.jsoup.nodes.DocumentType_has_14561205661, org.jsoup.nodes.DocumentType_init_11749183580, org.jsoup.nodes.DocumentType_init_11749183581, org.jsoup.nodes.DocumentType_name_2439028450, org.jsoup.nodes.DocumentType_name_2439028451, org.jsoup.nodes.DocumentType_nodeName_18602329970, org.jsoup.nodes.DocumentType_nodeName_18602329971, org.jsoup.nodes.DocumentType_outerHtmlHead_4720243990, org.jsoup.nodes.DocumentType_outerHtmlHead_4720243991, org.jsoup.nodes.DocumentType_outerHtmlTail_1319226550, org.jsoup.nodes.DocumentType_outerHtmlTail_1319226551, org.jsoup.nodes.DocumentType_publicId_15818877160, org.jsoup.nodes.DocumentType_publicId_15818877161, org.jsoup.nodes.DocumentType_setPubSysKey_3850840810, org.jsoup.nodes.DocumentType_setPubSysKey_3850840811, org.jsoup.nodes.DocumentType_systemId_14514738900, org.jsoup.nodes.DocumentType_systemId_14514738901, org.jsoup.nodes.DocumentType_updatePubSyskey_18391763970, org.jsoup.nodes.DocumentType_updatePubSyskey_18391763971, org.jsoup.nodes.EqualityUtils, org.jsoup.nodes.ReflectionUtils]

 CP : /usr/local/bin/lib/junit.jar:/usr/local/bin/lib/hamcrest-core.jar:results_kex_120/JSOUP-36_1/temp/testcases/mutated_code/SUT:/home/kex/results_kex_120/JSOUP-36_1/temp/testcases/bin:results_kex_120/JSOUP-36_1/temp/testcases/mutated_code/CUT12

Failed test test(org.jsoup.nodes.DocumentType_has_14561205660)
	 actual test, will stop test execution !
TestExec4MutationTask: Mutant MutationIdentifier [location=Location [clazz=org.jsoup.nodes.DocumentType, method=outerHtmlHead, methodDesc=(Ljava/lang/Appendable;ILorg/jsoup/nodes/Document$OutputSettings;)V], indexes=[29], mutator=org.pitest.mutationtest.engine.gregor.mutators.NegateConditionalsMutator] killed by test (org.jsoup.nodes.DocumentType_has_14561205660),test)
Evaluating mutant 528799320 using tests: [org.jsoup.nodes.DocumentType_has_14561205660, org.jsoup.nodes.DocumentType_has_14561205661, org.jsoup.nodes.DocumentType_init_11749183580, org.jsoup.nodes.DocumentType_init_11749183581, org.jsoup.nodes.DocumentType_name_2439028450, org.jsoup.nodes.DocumentType_name_2439028451, org.jsoup.nodes.DocumentType_nodeName_18602329970, org.jsoup.nodes.DocumentType_nodeName_18602329971, org.jsoup.nodes.DocumentType_outerHtmlHead_4720243990, org.jsoup.nodes.DocumentType_outerHtmlHead_4720243991, org.jsoup.nodes.DocumentType_outerHtmlTail_1319226550, org.jsoup.nodes.DocumentType_outerHtmlTail_1319226551, org.jsoup.nodes.DocumentType_publicId_15818877160, org.jsoup.nodes.DocumentType_publicId_15818877161, org.jsoup.nodes.DocumentType_setPubSysKey_3850840810, org.jsoup.nodes.DocumentType_setPubSysKey_3850840811, org.jsoup.nodes.DocumentType_systemId_14514738900, org.jsoup.nodes.DocumentType_systemId_14514738901, org.jsoup.nodes.DocumentType_updatePubSyskey_18391763970, org.jsoup.nodes.DocumentType_updatePubSyskey_18391763971, org.jsoup.nodes.EqualityUtils, org.jsoup.nodes.ReflectionUtils]

 CP : /usr/local/bin/lib/junit.jar:/usr/local/bin/lib/hamcrest-core.jar:results_kex_120/JSOUP-36_1/temp/testcases/mutated_code/SUT:/home/kex/results_kex_120/JSOUP-36_1/temp/testcases/bin:results_kex_120/JSOUP-36_1/temp/testcases/mutated_code/CUT13

Failed test test(org.jsoup.nodes.DocumentType_has_14561205660)
	 actual test, will stop test execution !
TestExec4MutationTask: Mutant MutationIdentifier [location=Location [clazz=org.jsoup.nodes.DocumentType, method=<init>, methodDesc=(Ljava/lang/String;Ljava/lang/String;Ljava/lang/String;)V], indexes=[8], mutator=org.pitest.mutationtest.engine.gregor.mutators.VoidMethodCallMutator] killed by test (org.jsoup.nodes.DocumentType_has_14561205660),test)
Evaluating mutant 528831033 using tests: [org.jsoup.nodes.DocumentType_has_14561205660, org.jsoup.nodes.DocumentType_has_14561205661, org.jsoup.nodes.DocumentType_init_11749183580, org.jsoup.nodes.DocumentType_init_11749183581, org.jsoup.nodes.DocumentType_name_2439028450, org.jsoup.nodes.DocumentType_name_2439028451, org.jsoup.nodes.DocumentType_nodeName_18602329970, org.jsoup.nodes.DocumentType_nodeName_18602329971, org.jsoup.nodes.DocumentType_outerHtmlHead_4720243990, org.jsoup.nodes.DocumentType_outerHtmlHead_4720243991, org.jsoup.nodes.DocumentType_outerHtmlTail_1319226550, org.jsoup.nodes.DocumentType_outerHtmlTail_1319226551, org.jsoup.nodes.DocumentType_publicId_15818877160, org.jsoup.nodes.DocumentType_publicId_15818877161, org.jsoup.nodes.DocumentType_setPubSysKey_3850840810, org.jsoup.nodes.DocumentType_setPubSysKey_3850840811, org.jsoup.nodes.DocumentType_systemId_14514738900, org.jsoup.nodes.DocumentType_systemId_14514738901, org.jsoup.nodes.DocumentType_updatePubSyskey_18391763970, org.jsoup.nodes.DocumentType_updatePubSyskey_18391763971, org.jsoup.nodes.EqualityUtils, org.jsoup.nodes.ReflectionUtils]

 CP : /usr/local/bin/lib/junit.jar:/usr/local/bin/lib/hamcrest-core.jar:results_kex_120/JSOUP-36_1/temp/testcases/mutated_code/SUT:/home/kex/results_kex_120/JSOUP-36_1/temp/testcases/bin:results_kex_120/JSOUP-36_1/temp/testcases/mutated_code/CUT14

Failed test test(org.jsoup.nodes.DocumentType_has_14561205660)
	 actual test, will stop test execution !
TestExec4MutationTask: Mutant MutationIdentifier [location=Location [clazz=org.jsoup.nodes.DocumentType, method=<init>, methodDesc=(Ljava/lang/String;Ljava/lang/String;Ljava/lang/String;)V], indexes=[41], mutator=org.pitest.mutationtest.engine.gregor.mutators.VoidMethodCallMutator] killed by test (org.jsoup.nodes.DocumentType_has_14561205660),test)
Evaluating mutant 1459351143 using tests: [org.jsoup.nodes.DocumentType_has_14561205660, org.jsoup.nodes.DocumentType_has_14561205661, org.jsoup.nodes.DocumentType_init_11749183580, org.jsoup.nodes.DocumentType_init_11749183581, org.jsoup.nodes.DocumentType_name_2439028450, org.jsoup.nodes.DocumentType_name_2439028451, org.jsoup.nodes.DocumentType_nodeName_18602329970, org.jsoup.nodes.DocumentType_nodeName_18602329971, org.jsoup.nodes.DocumentType_outerHtmlHead_4720243990, org.jsoup.nodes.DocumentType_outerHtmlHead_4720243991, org.jsoup.nodes.DocumentType_outerHtmlTail_1319226550, org.jsoup.nodes.DocumentType_outerHtmlTail_1319226551, org.jsoup.nodes.DocumentType_publicId_15818877160, org.jsoup.nodes.DocumentType_publicId_15818877161, org.jsoup.nodes.DocumentType_setPubSysKey_3850840810, org.jsoup.nodes.DocumentType_setPubSysKey_3850840811, org.jsoup.nodes.DocumentType_systemId_14514738900, org.jsoup.nodes.DocumentType_systemId_14514738901, org.jsoup.nodes.DocumentType_updatePubSyskey_18391763970, org.jsoup.nodes.DocumentType_updatePubSyskey_18391763971, org.jsoup.nodes.EqualityUtils, org.jsoup.nodes.ReflectionUtils]

 CP : /usr/local/bin/lib/junit.jar:/usr/local/bin/lib/hamcrest-core.jar:results_kex_120/JSOUP-36_1/temp/testcases/mutated_code/SUT:/home/kex/results_kex_120/JSOUP-36_1/temp/testcases/bin:results_kex_120/JSOUP-36_1/temp/testcases/mutated_code/CUT15

Failed test test(org.jsoup.nodes.DocumentType_has_14561205660)
	 actual test, will stop test execution !
TestExec4MutationTask: Mutant MutationIdentifier [location=Location [clazz=org.jsoup.nodes.DocumentType, method=setPubSysKey, methodDesc=(Ljava/lang/String;)V], indexes=[4], mutator=org.pitest.mutationtest.engine.gregor.mutators.NegateConditionalsMutator] killed by test (org.jsoup.nodes.DocumentType_has_14561205660),test)
Evaluating mutant 2143958164 using tests: [org.jsoup.nodes.DocumentType_has_14561205660, org.jsoup.nodes.DocumentType_has_14561205661, org.jsoup.nodes.DocumentType_init_11749183580, org.jsoup.nodes.DocumentType_init_11749183581, org.jsoup.nodes.DocumentType_name_2439028450, org.jsoup.nodes.DocumentType_name_2439028451, org.jsoup.nodes.DocumentType_nodeName_18602329970, org.jsoup.nodes.DocumentType_nodeName_18602329971, org.jsoup.nodes.DocumentType_outerHtmlHead_4720243990, org.jsoup.nodes.DocumentType_outerHtmlHead_4720243991, org.jsoup.nodes.DocumentType_outerHtmlTail_1319226550, org.jsoup.nodes.DocumentType_outerHtmlTail_1319226551, org.jsoup.nodes.DocumentType_publicId_15818877160, org.jsoup.nodes.DocumentType_publicId_15818877161, org.jsoup.nodes.DocumentType_setPubSysKey_3850840810, org.jsoup.nodes.DocumentType_setPubSysKey_3850840811, org.jsoup.nodes.DocumentType_systemId_14514738900, org.jsoup.nodes.DocumentType_systemId_14514738901, org.jsoup.nodes.DocumentType_updatePubSyskey_18391763970, org.jsoup.nodes.DocumentType_updatePubSyskey_18391763971, org.jsoup.nodes.EqualityUtils, org.jsoup.nodes.ReflectionUtils]

 CP : /usr/local/bin/lib/junit.jar:/usr/local/bin/lib/hamcrest-core.jar:results_kex_120/JSOUP-36_1/temp/testcases/mutated_code/SUT:/home/kex/results_kex_120/JSOUP-36_1/temp/testcases/bin:results_kex_120/JSOUP-36_1/temp/testcases/mutated_code/CUT16

Failed test test(org.jsoup.nodes.DocumentType_has_14561205660)
	 actual test, will stop test execution !
TestExec4MutationTask: Mutant MutationIdentifier [location=Location [clazz=org.jsoup.nodes.DocumentType, method=outerHtmlHead, methodDesc=(Ljava/lang/Appendable;ILorg/jsoup/nodes/Document$OutputSettings;)V], indexes=[5], mutator=org.pitest.mutationtest.engine.gregor.mutators.ConditionalsBoundaryMutator] killed by test (org.jsoup.nodes.DocumentType_has_14561205660),test)
Evaluating mutant -85050480 using tests: [org.jsoup.nodes.DocumentType_has_14561205660, org.jsoup.nodes.DocumentType_has_14561205661, org.jsoup.nodes.DocumentType_init_11749183580, org.jsoup.nodes.DocumentType_init_11749183581, org.jsoup.nodes.DocumentType_name_2439028450, org.jsoup.nodes.DocumentType_name_2439028451, org.jsoup.nodes.DocumentType_nodeName_18602329970, org.jsoup.nodes.DocumentType_nodeName_18602329971, org.jsoup.nodes.DocumentType_outerHtmlHead_4720243990, org.jsoup.nodes.DocumentType_outerHtmlHead_4720243991, org.jsoup.nodes.DocumentType_outerHtmlTail_1319226550, org.jsoup.nodes.DocumentType_outerHtmlTail_1319226551, org.jsoup.nodes.DocumentType_publicId_15818877160, org.jsoup.nodes.DocumentType_publicId_15818877161, org.jsoup.nodes.DocumentType_setPubSysKey_3850840810, org.jsoup.nodes.DocumentType_setPubSysKey_3850840811, org.jsoup.nodes.DocumentType_systemId_14514738900, org.jsoup.nodes.DocumentType_systemId_14514738901, org.jsoup.nodes.DocumentType_updatePubSyskey_18391763970, org.jsoup.nodes.DocumentType_updatePubSyskey_18391763971, org.jsoup.nodes.EqualityUtils, org.jsoup.nodes.ReflectionUtils]

 CP : /usr/local/bin/lib/junit.jar:/usr/local/bin/lib/hamcrest-core.jar:results_kex_120/JSOUP-36_1/temp/testcases/mutated_code/SUT:/home/kex/results_kex_120/JSOUP-36_1/temp/testcases/bin:results_kex_120/JSOUP-36_1/temp/testcases/mutated_code/CUT17

Failed test test(org.jsoup.nodes.DocumentType_has_14561205660)
	 actual test, will stop test execution !
TestExec4MutationTask: Mutant MutationIdentifier [location=Location [clazz=org.jsoup.nodes.DocumentType, method=outerHtmlHead, methodDesc=(Ljava/lang/Appendable;ILorg/jsoup/nodes/Document$OutputSettings;)V], indexes=[25], mutator=org.pitest.mutationtest.engine.gregor.mutators.NegateConditionalsMutator] killed by test (org.jsoup.nodes.DocumentType_has_14561205660),test)
Evaluating mutant -184225573 using tests: [org.jsoup.nodes.DocumentType_has_14561205660, org.jsoup.nodes.DocumentType_has_14561205661, org.jsoup.nodes.DocumentType_init_11749183580, org.jsoup.nodes.DocumentType_init_11749183581, org.jsoup.nodes.DocumentType_name_2439028450, org.jsoup.nodes.DocumentType_name_2439028451, org.jsoup.nodes.DocumentType_nodeName_18602329970, org.jsoup.nodes.DocumentType_nodeName_18602329971, org.jsoup.nodes.DocumentType_outerHtmlHead_4720243990, org.jsoup.nodes.DocumentType_outerHtmlHead_4720243991, org.jsoup.nodes.DocumentType_outerHtmlTail_1319226550, org.jsoup.nodes.DocumentType_outerHtmlTail_1319226551, org.jsoup.nodes.DocumentType_publicId_15818877160, org.jsoup.nodes.DocumentType_publicId_15818877161, org.jsoup.nodes.DocumentType_setPubSysKey_3850840810, org.jsoup.nodes.DocumentType_setPubSysKey_3850840811, org.jsoup.nodes.DocumentType_systemId_14514738900, org.jsoup.nodes.DocumentType_systemId_14514738901, org.jsoup.nodes.DocumentType_updatePubSyskey_18391763970, org.jsoup.nodes.DocumentType_updatePubSyskey_18391763971, org.jsoup.nodes.EqualityUtils, org.jsoup.nodes.ReflectionUtils]

 CP : /usr/local/bin/lib/junit.jar:/usr/local/bin/lib/hamcrest-core.jar:results_kex_120/JSOUP-36_1/temp/testcases/mutated_code/SUT:/home/kex/results_kex_120/JSOUP-36_1/temp/testcases/bin:results_kex_120/JSOUP-36_1/temp/testcases/mutated_code/CUT18

Failed test test(org.jsoup.nodes.DocumentType_has_14561205660)
	 actual test, will stop test execution !
TestExec4MutationTask: Mutant MutationIdentifier [location=Location [clazz=org.jsoup.nodes.DocumentType, method=updatePubSyskey, methodDesc=()V], indexes=[21], mutator=org.pitest.mutationtest.engine.gregor.mutators.NegateConditionalsMutator] killed by test (org.jsoup.nodes.DocumentType_has_14561205660),test)
mutationResult.getState() KILLED
* Killed mutant MutationDetails [id=MutationIdentifier [location=Location [clazz=org.jsoup.nodes.DocumentType, method=outerHtmlHead, methodDesc=(Ljava/lang/Appendable;ILorg/jsoup/nodes/Document$OutputSettings;)V], indexes=[21], mutator=org.pitest.mutationtest.engine.gregor.mutators.NegateConditionalsMutator], filename=DocumentType.java, block=13, lineNumber=85, description=negated conditional, testsInOrder=[]]
mutationResult.getState() KILLED
* Killed mutant MutationDetails [id=MutationIdentifier [location=Location [clazz=org.jsoup.nodes.DocumentType, method=<init>, methodDesc=(Ljava/lang/String;Ljava/lang/String;Ljava/lang/String;)V], indexes=[16], mutator=org.pitest.mutationtest.engine.gregor.mutators.VoidMethodCallMutator], filename=DocumentType.java, block=0, lineNumber=31, description=removed call to org/jsoup/helper/Validate::notNull, testsInOrder=[]]
mutationResult.getState() KILLED
* Killed mutant MutationDetails [id=MutationIdentifier [location=Location [clazz=org.jsoup.nodes.DocumentType, method=publicId, methodDesc=()Ljava/lang/String;], indexes=[6], mutator=org.pitest.mutationtest.engine.gregor.mutators.ReturnValsMutator], filename=DocumentType.java, block=8, lineNumber=63, description=mutated return of Object value for org/jsoup/nodes/DocumentType::publicId to ( if (x != null) null else throw new RuntimeException ), testsInOrder=[]]
mutationResult.getState() KILLED
* Killed mutant MutationDetails [id=MutationIdentifier [location=Location [clazz=org.jsoup.nodes.DocumentType, method=has, methodDesc=(Ljava/lang/String;)Z], indexes=[7], mutator=org.pitest.mutationtest.engine.gregor.mutators.NegateConditionalsMutator], filename=DocumentType.java, block=23, lineNumber=107, description=negated conditional, testsInOrder=[]]
mutationResult.getState() KILLED
* Killed mutant MutationDetails [id=MutationIdentifier [location=Location [clazz=org.jsoup.nodes.DocumentType, method=updatePubSyskey, methodDesc=()V], indexes=[6], mutator=org.pitest.mutationtest.engine.gregor.mutators.NegateConditionalsMutator], filename=DocumentType.java, block=3, lineNumber=44, description=negated conditional, testsInOrder=[]]
mutationResult.getState() KILLED
* Killed mutant MutationDetails [id=MutationIdentifier [location=Location [clazz=org.jsoup.nodes.DocumentType, method=name, methodDesc=()Ljava/lang/String;], indexes=[6], mutator=org.pitest.mutationtest.engine.gregor.mutators.ReturnValsMutator], filename=DocumentType.java, block=7, lineNumber=55, description=mutated return of Object value for org/jsoup/nodes/DocumentType::name to ( if (x != null) null else throw new RuntimeException ), testsInOrder=[]]
mutationResult.getState() KILLED
* Killed mutant MutationDetails [id=MutationIdentifier [location=Location [clazz=org.jsoup.nodes.DocumentType, method=outerHtmlHead, methodDesc=(Ljava/lang/Appendable;ILorg/jsoup/nodes/Document$OutputSettings;)V], indexes=[5], mutator=org.pitest.mutationtest.engine.gregor.mutators.NegateConditionalsMutator], filename=DocumentType.java, block=11, lineNumber=82, description=negated conditional, testsInOrder=[]]
mutationResult.getState() KILLED
* Killed mutant MutationDetails [id=MutationIdentifier [location=Location [clazz=org.jsoup.nodes.DocumentType, method=systemId, methodDesc=()Ljava/lang/String;], indexes=[6], mutator=org.pitest.mutationtest.engine.gregor.mutators.ReturnValsMutator], filename=DocumentType.java, block=9, lineNumber=71, description=mutated return of Object value for org/jsoup/nodes/DocumentType::systemId to ( if (x != null) null else throw new RuntimeException ), testsInOrder=[]]
mutationResult.getState() KILLED
* Killed mutant MutationDetails [id=MutationIdentifier [location=Location [clazz=org.jsoup.nodes.DocumentType, method=outerHtmlHead, methodDesc=(Ljava/lang/Appendable;ILorg/jsoup/nodes/Document$OutputSettings;)V], indexes=[8], mutator=org.pitest.mutationtest.engine.gregor.mutators.NegateConditionalsMutator], filename=DocumentType.java, block=12, lineNumber=82, description=negated conditional, testsInOrder=[]]
mutationResult.getState() KILLED
* Killed mutant MutationDetails [id=MutationIdentifier [location=Location [clazz=org.jsoup.nodes.DocumentType, method=has, methodDesc=(Ljava/lang/String;)Z], indexes=[15], mutator=org.pitest.mutationtest.engine.gregor.mutators.ReturnValsMutator], filename=DocumentType.java, block=25, lineNumber=107, description=replaced return of integer sized value with (x == 0 ? 1 : 0), testsInOrder=[]]
mutationResult.getState() KILLED
* Killed mutant MutationDetails [id=MutationIdentifier [location=Location [clazz=org.jsoup.nodes.DocumentType, method=<init>, methodDesc=(Ljava/lang/String;Ljava/lang/String;Ljava/lang/String;)V], indexes=[12], mutator=org.pitest.mutationtest.engine.gregor.mutators.VoidMethodCallMutator], filename=DocumentType.java, block=0, lineNumber=30, description=removed call to org/jsoup/helper/Validate::notNull, testsInOrder=[]]
mutationResult.getState() KILLED
* Killed mutant MutationDetails [id=MutationIdentifier [location=Location [clazz=org.jsoup.nodes.DocumentType, method=nodeName, methodDesc=()Ljava/lang/String;], indexes=[4], mutator=org.pitest.mutationtest.engine.gregor.mutators.ReturnValsMutator], filename=DocumentType.java, block=10, lineNumber=76, description=mutated return of Object value for org/jsoup/nodes/DocumentType::nodeName to ( if (x != null) null else throw new RuntimeException ), testsInOrder=[]]
mutationResult.getState() KILLED
* Killed mutant MutationDetails [id=MutationIdentifier [location=Location [clazz=org.jsoup.nodes.DocumentType, method=outerHtmlHead, methodDesc=(Ljava/lang/Appendable;ILorg/jsoup/nodes/Document$OutputSettings;)V], indexes=[29], mutator=org.pitest.mutationtest.engine.gregor.mutators.NegateConditionalsMutator], filename=DocumentType.java, block=15, lineNumber=85, description=negated conditional, testsInOrder=[]]
mutationResult.getState() KILLED
* Killed mutant MutationDetails [id=MutationIdentifier [location=Location [clazz=org.jsoup.nodes.DocumentType, method=<init>, methodDesc=(Ljava/lang/String;Ljava/lang/String;Ljava/lang/String;)V], indexes=[8], mutator=org.pitest.mutationtest.engine.gregor.mutators.VoidMethodCallMutator], filename=DocumentType.java, block=0, lineNumber=29, description=removed call to org/jsoup/helper/Validate::notNull, testsInOrder=[]]
mutationResult.getState() KILLED
* Killed mutant MutationDetails [id=MutationIdentifier [location=Location [clazz=org.jsoup.nodes.DocumentType, method=<init>, methodDesc=(Ljava/lang/String;Ljava/lang/String;Ljava/lang/String;)V], indexes=[41], mutator=org.pitest.mutationtest.engine.gregor.mutators.VoidMethodCallMutator], filename=DocumentType.java, block=0, lineNumber=35, description=removed call to org/jsoup/nodes/DocumentType::updatePubSyskey, testsInOrder=[]]
mutationResult.getState() KILLED
* Killed mutant MutationDetails [id=MutationIdentifier [location=Location [clazz=org.jsoup.nodes.DocumentType, method=setPubSysKey, methodDesc=(Ljava/lang/String;)V], indexes=[4], mutator=org.pitest.mutationtest.engine.gregor.mutators.NegateConditionalsMutator], filename=DocumentType.java, block=1, lineNumber=39, description=negated conditional, testsInOrder=[]]
mutationResult.getState() KILLED
* Killed mutant MutationDetails [id=MutationIdentifier [location=Location [clazz=org.jsoup.nodes.DocumentType, method=outerHtmlHead, methodDesc=(Ljava/lang/Appendable;ILorg/jsoup/nodes/Document$OutputSettings;)V], indexes=[5], mutator=org.pitest.mutationtest.engine.gregor.mutators.ConditionalsBoundaryMutator], filename=DocumentType.java, block=11, lineNumber=82, description=changed conditional boundary, testsInOrder=[]]
mutationResult.getState() KILLED
* Killed mutant MutationDetails [id=MutationIdentifier [location=Location [clazz=org.jsoup.nodes.DocumentType, method=outerHtmlHead, methodDesc=(Ljava/lang/Appendable;ILorg/jsoup/nodes/Document$OutputSettings;)V], indexes=[25], mutator=org.pitest.mutationtest.engine.gregor.mutators.NegateConditionalsMutator], filename=DocumentType.java, block=14, lineNumber=85, description=negated conditional, testsInOrder=[]]
mutationResult.getState() KILLED
* Killed mutant MutationDetails [id=MutationIdentifier [location=Location [clazz=org.jsoup.nodes.DocumentType, method=updatePubSyskey, methodDesc=()V], indexes=[21], mutator=org.pitest.mutationtest.engine.gregor.mutators.NegateConditionalsMutator], filename=DocumentType.java, block=5, lineNumber=46, description=negated conditional, testsInOrder=[]]

>>> RESULTS:
	Tool name: kex
	Benchmark: JSOUP-36
	Class Under Test: org.jsoup.nodes.DocumentType
	Run number: 1
	Tool preparation time (ms): 4252
	Tool test cases generation time (ms): 136279
	Test cases execution time (ms): 447
	Test case number: 20
	Uncompilable Test Classes: 0
	Broken tests number: 6
	Failing tests number: 0
	Lines total: 38
	Lines covered: 23
	Lines coverage ratio (%): 60.526318
	Conditions total: 26
	Conditions covered: 11
	Conditions coverage ratio (%): 42.307693
	Mutants total: 23
	Mutants covered: 19
	Mutants coverage ratio (%): 82.608696
	Mutants killed: 19
	Mutants killed ratio (%): 82.608696
	Mutants alive: 4


Class org.jsoup.nodes.DocumentType ended.
Stopping process...
Tool subprocess is an instance of java.lang.UNIXProcess
Tool subprocess Id is 192942
Killing master process 192942
Executing command kill -9 192942
Execution of command kill -9 192942 finished.
Process was destroyed
