
>>> TOOL NAME:  kex

>>> BENCHMARK:  JSOUP-35

>>> RUN NUMBER: 1

>>> MODE: --only-compute-metrics
Creating directory ./temp
Creating directory ./temp/data
Creating directory ./temp/testcases
Executing /home/kex/./runtool
>> BENCHMARK
>> /var/benchmarks/projects/jsoup/src/main/java
>> /var/benchmarks/projects/jsoup/target/classes
>> 18
>> /var/benchmarks/projects/jsoup/target/jsoup-1.16.2-SNAPSHOT.jar
>> /var/benchmarks/projects/jsoup/target/dependency/junit-jupiter-params-5.9.3.jar
>> /var/benchmarks/projects/jsoup/target/dependency/gson-2.10.1.jar
>> /var/benchmarks/projects/jsoup/target/dependency/jetty-util-ajax-9.4.51.v20230217.jar
>> /var/benchmarks/projects/jsoup/target/dependency/junit-jupiter-engine-5.9.3.jar
>> /var/benchmarks/projects/jsoup/target/dependency/jetty-server-9.4.51.v20230217.jar
>> /var/benchmarks/projects/jsoup/target/dependency/junit-platform-engine-1.9.3.jar
>> /var/benchmarks/projects/jsoup/target/dependency/junit-jupiter-api-5.9.3.jar
>> /var/benchmarks/projects/jsoup/target/dependency/apiguardian-api-1.1.2.jar
>> /var/benchmarks/projects/jsoup/target/dependency/opentest4j-1.2.0.jar
>> /var/benchmarks/projects/jsoup/target/dependency/javax.servlet-api-3.1.0.jar
>> /var/benchmarks/projects/jsoup/target/dependency/jetty-util-9.4.51.v20230217.jar
>> /var/benchmarks/projects/jsoup/target/dependency/jetty-http-9.4.51.v20230217.jar
>> /var/benchmarks/projects/jsoup/target/dependency/jetty-security-9.4.51.v20230217.jar
>> /var/benchmarks/projects/jsoup/target/dependency/jsr305-3.0.2.jar
>> /var/benchmarks/projects/jsoup/target/dependency/jetty-io-9.4.51.v20230217.jar
>> /var/benchmarks/projects/jsoup/target/dependency/junit-jupiter-5.9.3.jar
>> /var/benchmarks/projects/jsoup/target/dependency/jetty-servlet-9.4.51.v20230217.jar
>> 0
expecting CLASSPATH or READY
<< READY
>> 120


### COMPUTING METRICS ###: org.jsoup.safety.Cleaner


Starting class org.jsoup.safety.Cleaner


Ending class org.jsoup.safety.Cleaner
Creating directory results_kex_120/JSOUP-35_1/temp/testcases/bin
Creating dummy JUnit test file

---Compilation---

===
javac command line:
/usr/bin/javac -sourcepath /home/kex/results_kex_120/JSOUP-35_1/temp/testcases -cp /var/benchmarks/projects/jsoup/target/jsoup-1.16.2-SNAPSHOT.jar:/var/benchmarks/projects/jsoup/target/dependency/junit-jupiter-params-5.9.3.jar:/var/benchmarks/projects/jsoup/target/dependency/gson-2.10.1.jar:/var/benchmarks/projects/jsoup/target/dependency/jetty-util-ajax-9.4.51.v20230217.jar:/var/benchmarks/projects/jsoup/target/dependency/junit-jupiter-engine-5.9.3.jar:/var/benchmarks/projects/jsoup/target/dependency/jetty-server-9.4.51.v20230217.jar:/var/benchmarks/projects/jsoup/target/dependency/junit-platform-engine-1.9.3.jar:/var/benchmarks/projects/jsoup/target/dependency/junit-jupiter-api-5.9.3.jar:/var/benchmarks/projects/jsoup/target/dependency/apiguardian-api-1.1.2.jar:/var/benchmarks/projects/jsoup/target/dependency/opentest4j-1.2.0.jar:/var/benchmarks/projects/jsoup/target/dependency/javax.servlet-api-3.1.0.jar:/var/benchmarks/projects/jsoup/target/dependency/jetty-util-9.4.51.v20230217.jar:/var/benchmarks/projects/jsoup/target/dependency/jetty-http-9.4.51.v20230217.jar:/var/benchmarks/projects/jsoup/target/dependency/jetty-security-9.4.51.v20230217.jar:/var/benchmarks/projects/jsoup/target/dependency/jsr305-3.0.2.jar:/var/benchmarks/projects/jsoup/target/dependency/jetty-io-9.4.51.v20230217.jar:/var/benchmarks/projects/jsoup/target/dependency/junit-jupiter-5.9.3.jar:/var/benchmarks/projects/jsoup/target/dependency/jetty-servlet-9.4.51.v20230217.jar:/usr/local/bin/lib/junit.jar:/usr/local/bin/lib/hamcrest-core.jar -d results_kex_120/JSOUP-35_1/temp/testcases/bin /home/kex/results_kex_120/JSOUP-35_1/temp/testcases/SBSTDummyForCoverageAndMutationCalculation.java


===
javac command line:
/usr/bin/javac -sourcepath /home/kex/results_kex_120/JSOUP-35_1/temp/testcases -cp /var/benchmarks/projects/jsoup/target/jsoup-1.16.2-SNAPSHOT.jar:/var/benchmarks/projects/jsoup/target/dependency/junit-jupiter-params-5.9.3.jar:/var/benchmarks/projects/jsoup/target/dependency/gson-2.10.1.jar:/var/benchmarks/projects/jsoup/target/dependency/jetty-util-ajax-9.4.51.v20230217.jar:/var/benchmarks/projects/jsoup/target/dependency/junit-jupiter-engine-5.9.3.jar:/var/benchmarks/projects/jsoup/target/dependency/jetty-server-9.4.51.v20230217.jar:/var/benchmarks/projects/jsoup/target/dependency/junit-platform-engine-1.9.3.jar:/var/benchmarks/projects/jsoup/target/dependency/junit-jupiter-api-5.9.3.jar:/var/benchmarks/projects/jsoup/target/dependency/apiguardian-api-1.1.2.jar:/var/benchmarks/projects/jsoup/target/dependency/opentest4j-1.2.0.jar:/var/benchmarks/projects/jsoup/target/dependency/javax.servlet-api-3.1.0.jar:/var/benchmarks/projects/jsoup/target/dependency/jetty-util-9.4.51.v20230217.jar:/var/benchmarks/projects/jsoup/target/dependency/jetty-http-9.4.51.v20230217.jar:/var/benchmarks/projects/jsoup/target/dependency/jetty-security-9.4.51.v20230217.jar:/var/benchmarks/projects/jsoup/target/dependency/jsr305-3.0.2.jar:/var/benchmarks/projects/jsoup/target/dependency/jetty-io-9.4.51.v20230217.jar:/var/benchmarks/projects/jsoup/target/dependency/junit-jupiter-5.9.3.jar:/var/benchmarks/projects/jsoup/target/dependency/jetty-servlet-9.4.51.v20230217.jar:/usr/local/bin/lib/junit.jar:/usr/local/bin/lib/hamcrest-core.jar -d results_kex_120/JSOUP-35_1/temp/testcases/bin /home/kex/results_kex_120/JSOUP-35_1/temp/testcases/org/jsoup/safety/Cleaner_clean_17149344720.java

/home/kex/results_kex_120/JSOUP-35_1/temp/testcases/org/jsoup/safety/ReflectionUtils.java:9: warning: Unsafe is internal proprietary API and may be removed in a future release
import sun.misc.Unsafe;
               ^
/home/kex/results_kex_120/JSOUP-35_1/temp/testcases/org/jsoup/safety/ReflectionUtils.java:13: warning: Unsafe is internal proprietary API and may be removed in a future release
    public static final Unsafe UNSAFE;
                        ^
/home/kex/results_kex_120/JSOUP-35_1/temp/testcases/org/jsoup/safety/ReflectionUtils.java:17: warning: Unsafe is internal proprietary API and may be removed in a future release
            final Field uns = Unsafe.class.getDeclaredField("theUnsafe");
                              ^
/home/kex/results_kex_120/JSOUP-35_1/temp/testcases/org/jsoup/safety/ReflectionUtils.java:19: warning: Unsafe is internal proprietary API and may be removed in a future release
            UNSAFE = (Unsafe) uns.get(null);
                      ^
4 warnings
Compiled 'org/jsoup/safety/Cleaner_clean_17149344720.java'

===
javac command line:
/usr/bin/javac -sourcepath /home/kex/results_kex_120/JSOUP-35_1/temp/testcases -cp /var/benchmarks/projects/jsoup/target/jsoup-1.16.2-SNAPSHOT.jar:/var/benchmarks/projects/jsoup/target/dependency/junit-jupiter-params-5.9.3.jar:/var/benchmarks/projects/jsoup/target/dependency/gson-2.10.1.jar:/var/benchmarks/projects/jsoup/target/dependency/jetty-util-ajax-9.4.51.v20230217.jar:/var/benchmarks/projects/jsoup/target/dependency/junit-jupiter-engine-5.9.3.jar:/var/benchmarks/projects/jsoup/target/dependency/jetty-server-9.4.51.v20230217.jar:/var/benchmarks/projects/jsoup/target/dependency/junit-platform-engine-1.9.3.jar:/var/benchmarks/projects/jsoup/target/dependency/junit-jupiter-api-5.9.3.jar:/var/benchmarks/projects/jsoup/target/dependency/apiguardian-api-1.1.2.jar:/var/benchmarks/projects/jsoup/target/dependency/opentest4j-1.2.0.jar:/var/benchmarks/projects/jsoup/target/dependency/javax.servlet-api-3.1.0.jar:/var/benchmarks/projects/jsoup/target/dependency/jetty-util-9.4.51.v20230217.jar:/var/benchmarks/projects/jsoup/target/dependency/jetty-http-9.4.51.v20230217.jar:/var/benchmarks/projects/jsoup/target/dependency/jetty-security-9.4.51.v20230217.jar:/var/benchmarks/projects/jsoup/target/dependency/jsr305-3.0.2.jar:/var/benchmarks/projects/jsoup/target/dependency/jetty-io-9.4.51.v20230217.jar:/var/benchmarks/projects/jsoup/target/dependency/junit-jupiter-5.9.3.jar:/var/benchmarks/projects/jsoup/target/dependency/jetty-servlet-9.4.51.v20230217.jar:/usr/local/bin/lib/junit.jar:/usr/local/bin/lib/hamcrest-core.jar -d results_kex_120/JSOUP-35_1/temp/testcases/bin /home/kex/results_kex_120/JSOUP-35_1/temp/testcases/org/jsoup/safety/Cleaner_clean_17149344721.java

/home/kex/results_kex_120/JSOUP-35_1/temp/testcases/org/jsoup/safety/ReflectionUtils.java:9: warning: Unsafe is internal proprietary API and may be removed in a future release
import sun.misc.Unsafe;
               ^
/home/kex/results_kex_120/JSOUP-35_1/temp/testcases/org/jsoup/safety/ReflectionUtils.java:13: warning: Unsafe is internal proprietary API and may be removed in a future release
    public static final Unsafe UNSAFE;
                        ^
/home/kex/results_kex_120/JSOUP-35_1/temp/testcases/org/jsoup/safety/ReflectionUtils.java:17: warning: Unsafe is internal proprietary API and may be removed in a future release
            final Field uns = Unsafe.class.getDeclaredField("theUnsafe");
                              ^
/home/kex/results_kex_120/JSOUP-35_1/temp/testcases/org/jsoup/safety/ReflectionUtils.java:19: warning: Unsafe is internal proprietary API and may be removed in a future release
            UNSAFE = (Unsafe) uns.get(null);
                      ^
4 warnings
Compiled 'org/jsoup/safety/Cleaner_clean_17149344721.java'

===
javac command line:
/usr/bin/javac -sourcepath /home/kex/results_kex_120/JSOUP-35_1/temp/testcases -cp /var/benchmarks/projects/jsoup/target/jsoup-1.16.2-SNAPSHOT.jar:/var/benchmarks/projects/jsoup/target/dependency/junit-jupiter-params-5.9.3.jar:/var/benchmarks/projects/jsoup/target/dependency/gson-2.10.1.jar:/var/benchmarks/projects/jsoup/target/dependency/jetty-util-ajax-9.4.51.v20230217.jar:/var/benchmarks/projects/jsoup/target/dependency/junit-jupiter-engine-5.9.3.jar:/var/benchmarks/projects/jsoup/target/dependency/jetty-server-9.4.51.v20230217.jar:/var/benchmarks/projects/jsoup/target/dependency/junit-platform-engine-1.9.3.jar:/var/benchmarks/projects/jsoup/target/dependency/junit-jupiter-api-5.9.3.jar:/var/benchmarks/projects/jsoup/target/dependency/apiguardian-api-1.1.2.jar:/var/benchmarks/projects/jsoup/target/dependency/opentest4j-1.2.0.jar:/var/benchmarks/projects/jsoup/target/dependency/javax.servlet-api-3.1.0.jar:/var/benchmarks/projects/jsoup/target/dependency/jetty-util-9.4.51.v20230217.jar:/var/benchmarks/projects/jsoup/target/dependency/jetty-http-9.4.51.v20230217.jar:/var/benchmarks/projects/jsoup/target/dependency/jetty-security-9.4.51.v20230217.jar:/var/benchmarks/projects/jsoup/target/dependency/jsr305-3.0.2.jar:/var/benchmarks/projects/jsoup/target/dependency/jetty-io-9.4.51.v20230217.jar:/var/benchmarks/projects/jsoup/target/dependency/junit-jupiter-5.9.3.jar:/var/benchmarks/projects/jsoup/target/dependency/jetty-servlet-9.4.51.v20230217.jar:/usr/local/bin/lib/junit.jar:/usr/local/bin/lib/hamcrest-core.jar -d results_kex_120/JSOUP-35_1/temp/testcases/bin /home/kex/results_kex_120/JSOUP-35_1/temp/testcases/org/jsoup/safety/Cleaner_copySafeNodes_15577442520.java

/home/kex/results_kex_120/JSOUP-35_1/temp/testcases/org/jsoup/safety/ReflectionUtils.java:9: warning: Unsafe is internal proprietary API and may be removed in a future release
import sun.misc.Unsafe;
               ^
/home/kex/results_kex_120/JSOUP-35_1/temp/testcases/org/jsoup/safety/ReflectionUtils.java:13: warning: Unsafe is internal proprietary API and may be removed in a future release
    public static final Unsafe UNSAFE;
                        ^
/home/kex/results_kex_120/JSOUP-35_1/temp/testcases/org/jsoup/safety/ReflectionUtils.java:17: warning: Unsafe is internal proprietary API and may be removed in a future release
            final Field uns = Unsafe.class.getDeclaredField("theUnsafe");
                              ^
/home/kex/results_kex_120/JSOUP-35_1/temp/testcases/org/jsoup/safety/ReflectionUtils.java:19: warning: Unsafe is internal proprietary API and may be removed in a future release
            UNSAFE = (Unsafe) uns.get(null);
                      ^
4 warnings
Compiled 'org/jsoup/safety/Cleaner_copySafeNodes_15577442520.java'

===
javac command line:
/usr/bin/javac -sourcepath /home/kex/results_kex_120/JSOUP-35_1/temp/testcases -cp /var/benchmarks/projects/jsoup/target/jsoup-1.16.2-SNAPSHOT.jar:/var/benchmarks/projects/jsoup/target/dependency/junit-jupiter-params-5.9.3.jar:/var/benchmarks/projects/jsoup/target/dependency/gson-2.10.1.jar:/var/benchmarks/projects/jsoup/target/dependency/jetty-util-ajax-9.4.51.v20230217.jar:/var/benchmarks/projects/jsoup/target/dependency/junit-jupiter-engine-5.9.3.jar:/var/benchmarks/projects/jsoup/target/dependency/jetty-server-9.4.51.v20230217.jar:/var/benchmarks/projects/jsoup/target/dependency/junit-platform-engine-1.9.3.jar:/var/benchmarks/projects/jsoup/target/dependency/junit-jupiter-api-5.9.3.jar:/var/benchmarks/projects/jsoup/target/dependency/apiguardian-api-1.1.2.jar:/var/benchmarks/projects/jsoup/target/dependency/opentest4j-1.2.0.jar:/var/benchmarks/projects/jsoup/target/dependency/javax.servlet-api-3.1.0.jar:/var/benchmarks/projects/jsoup/target/dependency/jetty-util-9.4.51.v20230217.jar:/var/benchmarks/projects/jsoup/target/dependency/jetty-http-9.4.51.v20230217.jar:/var/benchmarks/projects/jsoup/target/dependency/jetty-security-9.4.51.v20230217.jar:/var/benchmarks/projects/jsoup/target/dependency/jsr305-3.0.2.jar:/var/benchmarks/projects/jsoup/target/dependency/jetty-io-9.4.51.v20230217.jar:/var/benchmarks/projects/jsoup/target/dependency/junit-jupiter-5.9.3.jar:/var/benchmarks/projects/jsoup/target/dependency/jetty-servlet-9.4.51.v20230217.jar:/usr/local/bin/lib/junit.jar:/usr/local/bin/lib/hamcrest-core.jar -d results_kex_120/JSOUP-35_1/temp/testcases/bin /home/kex/results_kex_120/JSOUP-35_1/temp/testcases/org/jsoup/safety/Cleaner_copySafeNodes_15577442521.java

/home/kex/results_kex_120/JSOUP-35_1/temp/testcases/org/jsoup/safety/ReflectionUtils.java:9: warning: Unsafe is internal proprietary API and may be removed in a future release
import sun.misc.Unsafe;
               ^
/home/kex/results_kex_120/JSOUP-35_1/temp/testcases/org/jsoup/safety/ReflectionUtils.java:13: warning: Unsafe is internal proprietary API and may be removed in a future release
    public static final Unsafe UNSAFE;
                        ^
/home/kex/results_kex_120/JSOUP-35_1/temp/testcases/org/jsoup/safety/ReflectionUtils.java:17: warning: Unsafe is internal proprietary API and may be removed in a future release
            final Field uns = Unsafe.class.getDeclaredField("theUnsafe");
                              ^
/home/kex/results_kex_120/JSOUP-35_1/temp/testcases/org/jsoup/safety/ReflectionUtils.java:19: warning: Unsafe is internal proprietary API and may be removed in a future release
            UNSAFE = (Unsafe) uns.get(null);
                      ^
4 warnings
Compiled 'org/jsoup/safety/Cleaner_copySafeNodes_15577442521.java'

===
javac command line:
/usr/bin/javac -sourcepath /home/kex/results_kex_120/JSOUP-35_1/temp/testcases -cp /var/benchmarks/projects/jsoup/target/jsoup-1.16.2-SNAPSHOT.jar:/var/benchmarks/projects/jsoup/target/dependency/junit-jupiter-params-5.9.3.jar:/var/benchmarks/projects/jsoup/target/dependency/gson-2.10.1.jar:/var/benchmarks/projects/jsoup/target/dependency/jetty-util-ajax-9.4.51.v20230217.jar:/var/benchmarks/projects/jsoup/target/dependency/junit-jupiter-engine-5.9.3.jar:/var/benchmarks/projects/jsoup/target/dependency/jetty-server-9.4.51.v20230217.jar:/var/benchmarks/projects/jsoup/target/dependency/junit-platform-engine-1.9.3.jar:/var/benchmarks/projects/jsoup/target/dependency/junit-jupiter-api-5.9.3.jar:/var/benchmarks/projects/jsoup/target/dependency/apiguardian-api-1.1.2.jar:/var/benchmarks/projects/jsoup/target/dependency/opentest4j-1.2.0.jar:/var/benchmarks/projects/jsoup/target/dependency/javax.servlet-api-3.1.0.jar:/var/benchmarks/projects/jsoup/target/dependency/jetty-util-9.4.51.v20230217.jar:/var/benchmarks/projects/jsoup/target/dependency/jetty-http-9.4.51.v20230217.jar:/var/benchmarks/projects/jsoup/target/dependency/jetty-security-9.4.51.v20230217.jar:/var/benchmarks/projects/jsoup/target/dependency/jsr305-3.0.2.jar:/var/benchmarks/projects/jsoup/target/dependency/jetty-io-9.4.51.v20230217.jar:/var/benchmarks/projects/jsoup/target/dependency/junit-jupiter-5.9.3.jar:/var/benchmarks/projects/jsoup/target/dependency/jetty-servlet-9.4.51.v20230217.jar:/usr/local/bin/lib/junit.jar:/usr/local/bin/lib/hamcrest-core.jar -d results_kex_120/JSOUP-35_1/temp/testcases/bin /home/kex/results_kex_120/JSOUP-35_1/temp/testcases/org/jsoup/safety/Cleaner_createSafeElement_5064628040.java

/home/kex/results_kex_120/JSOUP-35_1/temp/testcases/org/jsoup/safety/ReflectionUtils.java:9: warning: Unsafe is internal proprietary API and may be removed in a future release
import sun.misc.Unsafe;
               ^
/home/kex/results_kex_120/JSOUP-35_1/temp/testcases/org/jsoup/safety/ReflectionUtils.java:13: warning: Unsafe is internal proprietary API and may be removed in a future release
    public static final Unsafe UNSAFE;
                        ^
/home/kex/results_kex_120/JSOUP-35_1/temp/testcases/org/jsoup/safety/ReflectionUtils.java:17: warning: Unsafe is internal proprietary API and may be removed in a future release
            final Field uns = Unsafe.class.getDeclaredField("theUnsafe");
                              ^
/home/kex/results_kex_120/JSOUP-35_1/temp/testcases/org/jsoup/safety/ReflectionUtils.java:19: warning: Unsafe is internal proprietary API and may be removed in a future release
            UNSAFE = (Unsafe) uns.get(null);
                      ^
4 warnings
Compiled 'org/jsoup/safety/Cleaner_createSafeElement_5064628040.java'

===
javac command line:
/usr/bin/javac -sourcepath /home/kex/results_kex_120/JSOUP-35_1/temp/testcases -cp /var/benchmarks/projects/jsoup/target/jsoup-1.16.2-SNAPSHOT.jar:/var/benchmarks/projects/jsoup/target/dependency/junit-jupiter-params-5.9.3.jar:/var/benchmarks/projects/jsoup/target/dependency/gson-2.10.1.jar:/var/benchmarks/projects/jsoup/target/dependency/jetty-util-ajax-9.4.51.v20230217.jar:/var/benchmarks/projects/jsoup/target/dependency/junit-jupiter-engine-5.9.3.jar:/var/benchmarks/projects/jsoup/target/dependency/jetty-server-9.4.51.v20230217.jar:/var/benchmarks/projects/jsoup/target/dependency/junit-platform-engine-1.9.3.jar:/var/benchmarks/projects/jsoup/target/dependency/junit-jupiter-api-5.9.3.jar:/var/benchmarks/projects/jsoup/target/dependency/apiguardian-api-1.1.2.jar:/var/benchmarks/projects/jsoup/target/dependency/opentest4j-1.2.0.jar:/var/benchmarks/projects/jsoup/target/dependency/javax.servlet-api-3.1.0.jar:/var/benchmarks/projects/jsoup/target/dependency/jetty-util-9.4.51.v20230217.jar:/var/benchmarks/projects/jsoup/target/dependency/jetty-http-9.4.51.v20230217.jar:/var/benchmarks/projects/jsoup/target/dependency/jetty-security-9.4.51.v20230217.jar:/var/benchmarks/projects/jsoup/target/dependency/jsr305-3.0.2.jar:/var/benchmarks/projects/jsoup/target/dependency/jetty-io-9.4.51.v20230217.jar:/var/benchmarks/projects/jsoup/target/dependency/junit-jupiter-5.9.3.jar:/var/benchmarks/projects/jsoup/target/dependency/jetty-servlet-9.4.51.v20230217.jar:/usr/local/bin/lib/junit.jar:/usr/local/bin/lib/hamcrest-core.jar -d results_kex_120/JSOUP-35_1/temp/testcases/bin /home/kex/results_kex_120/JSOUP-35_1/temp/testcases/org/jsoup/safety/Cleaner_createSafeElement_5064628041.java

/home/kex/results_kex_120/JSOUP-35_1/temp/testcases/org/jsoup/safety/ReflectionUtils.java:9: warning: Unsafe is internal proprietary API and may be removed in a future release
import sun.misc.Unsafe;
               ^
/home/kex/results_kex_120/JSOUP-35_1/temp/testcases/org/jsoup/safety/ReflectionUtils.java:13: warning: Unsafe is internal proprietary API and may be removed in a future release
    public static final Unsafe UNSAFE;
                        ^
/home/kex/results_kex_120/JSOUP-35_1/temp/testcases/org/jsoup/safety/ReflectionUtils.java:17: warning: Unsafe is internal proprietary API and may be removed in a future release
            final Field uns = Unsafe.class.getDeclaredField("theUnsafe");
                              ^
/home/kex/results_kex_120/JSOUP-35_1/temp/testcases/org/jsoup/safety/ReflectionUtils.java:19: warning: Unsafe is internal proprietary API and may be removed in a future release
            UNSAFE = (Unsafe) uns.get(null);
                      ^
4 warnings
Compiled 'org/jsoup/safety/Cleaner_createSafeElement_5064628041.java'

===
javac command line:
/usr/bin/javac -sourcepath /home/kex/results_kex_120/JSOUP-35_1/temp/testcases -cp /var/benchmarks/projects/jsoup/target/jsoup-1.16.2-SNAPSHOT.jar:/var/benchmarks/projects/jsoup/target/dependency/junit-jupiter-params-5.9.3.jar:/var/benchmarks/projects/jsoup/target/dependency/gson-2.10.1.jar:/var/benchmarks/projects/jsoup/target/dependency/jetty-util-ajax-9.4.51.v20230217.jar:/var/benchmarks/projects/jsoup/target/dependency/junit-jupiter-engine-5.9.3.jar:/var/benchmarks/projects/jsoup/target/dependency/jetty-server-9.4.51.v20230217.jar:/var/benchmarks/projects/jsoup/target/dependency/junit-platform-engine-1.9.3.jar:/var/benchmarks/projects/jsoup/target/dependency/junit-jupiter-api-5.9.3.jar:/var/benchmarks/projects/jsoup/target/dependency/apiguardian-api-1.1.2.jar:/var/benchmarks/projects/jsoup/target/dependency/opentest4j-1.2.0.jar:/var/benchmarks/projects/jsoup/target/dependency/javax.servlet-api-3.1.0.jar:/var/benchmarks/projects/jsoup/target/dependency/jetty-util-9.4.51.v20230217.jar:/var/benchmarks/projects/jsoup/target/dependency/jetty-http-9.4.51.v20230217.jar:/var/benchmarks/projects/jsoup/target/dependency/jetty-security-9.4.51.v20230217.jar:/var/benchmarks/projects/jsoup/target/dependency/jsr305-3.0.2.jar:/var/benchmarks/projects/jsoup/target/dependency/jetty-io-9.4.51.v20230217.jar:/var/benchmarks/projects/jsoup/target/dependency/junit-jupiter-5.9.3.jar:/var/benchmarks/projects/jsoup/target/dependency/jetty-servlet-9.4.51.v20230217.jar:/usr/local/bin/lib/junit.jar:/usr/local/bin/lib/hamcrest-core.jar -d results_kex_120/JSOUP-35_1/temp/testcases/bin /home/kex/results_kex_120/JSOUP-35_1/temp/testcases/org/jsoup/safety/Cleaner_init_3886454980.java

/home/kex/results_kex_120/JSOUP-35_1/temp/testcases/org/jsoup/safety/ReflectionUtils.java:9: warning: Unsafe is internal proprietary API and may be removed in a future release
import sun.misc.Unsafe;
               ^
/home/kex/results_kex_120/JSOUP-35_1/temp/testcases/org/jsoup/safety/ReflectionUtils.java:13: warning: Unsafe is internal proprietary API and may be removed in a future release
    public static final Unsafe UNSAFE;
                        ^
/home/kex/results_kex_120/JSOUP-35_1/temp/testcases/org/jsoup/safety/ReflectionUtils.java:17: warning: Unsafe is internal proprietary API and may be removed in a future release
            final Field uns = Unsafe.class.getDeclaredField("theUnsafe");
                              ^
/home/kex/results_kex_120/JSOUP-35_1/temp/testcases/org/jsoup/safety/ReflectionUtils.java:19: warning: Unsafe is internal proprietary API and may be removed in a future release
            UNSAFE = (Unsafe) uns.get(null);
                      ^
4 warnings
Compiled 'org/jsoup/safety/Cleaner_init_3886454980.java'

===
javac command line:
/usr/bin/javac -sourcepath /home/kex/results_kex_120/JSOUP-35_1/temp/testcases -cp /var/benchmarks/projects/jsoup/target/jsoup-1.16.2-SNAPSHOT.jar:/var/benchmarks/projects/jsoup/target/dependency/junit-jupiter-params-5.9.3.jar:/var/benchmarks/projects/jsoup/target/dependency/gson-2.10.1.jar:/var/benchmarks/projects/jsoup/target/dependency/jetty-util-ajax-9.4.51.v20230217.jar:/var/benchmarks/projects/jsoup/target/dependency/junit-jupiter-engine-5.9.3.jar:/var/benchmarks/projects/jsoup/target/dependency/jetty-server-9.4.51.v20230217.jar:/var/benchmarks/projects/jsoup/target/dependency/junit-platform-engine-1.9.3.jar:/var/benchmarks/projects/jsoup/target/dependency/junit-jupiter-api-5.9.3.jar:/var/benchmarks/projects/jsoup/target/dependency/apiguardian-api-1.1.2.jar:/var/benchmarks/projects/jsoup/target/dependency/opentest4j-1.2.0.jar:/var/benchmarks/projects/jsoup/target/dependency/javax.servlet-api-3.1.0.jar:/var/benchmarks/projects/jsoup/target/dependency/jetty-util-9.4.51.v20230217.jar:/var/benchmarks/projects/jsoup/target/dependency/jetty-http-9.4.51.v20230217.jar:/var/benchmarks/projects/jsoup/target/dependency/jetty-security-9.4.51.v20230217.jar:/var/benchmarks/projects/jsoup/target/dependency/jsr305-3.0.2.jar:/var/benchmarks/projects/jsoup/target/dependency/jetty-io-9.4.51.v20230217.jar:/var/benchmarks/projects/jsoup/target/dependency/junit-jupiter-5.9.3.jar:/var/benchmarks/projects/jsoup/target/dependency/jetty-servlet-9.4.51.v20230217.jar:/usr/local/bin/lib/junit.jar:/usr/local/bin/lib/hamcrest-core.jar -d results_kex_120/JSOUP-35_1/temp/testcases/bin /home/kex/results_kex_120/JSOUP-35_1/temp/testcases/org/jsoup/safety/Cleaner_init_3886454981.java

/home/kex/results_kex_120/JSOUP-35_1/temp/testcases/org/jsoup/safety/ReflectionUtils.java:9: warning: Unsafe is internal proprietary API and may be removed in a future release
import sun.misc.Unsafe;
               ^
/home/kex/results_kex_120/JSOUP-35_1/temp/testcases/org/jsoup/safety/ReflectionUtils.java:13: warning: Unsafe is internal proprietary API and may be removed in a future release
    public static final Unsafe UNSAFE;
                        ^
/home/kex/results_kex_120/JSOUP-35_1/temp/testcases/org/jsoup/safety/ReflectionUtils.java:17: warning: Unsafe is internal proprietary API and may be removed in a future release
            final Field uns = Unsafe.class.getDeclaredField("theUnsafe");
                              ^
/home/kex/results_kex_120/JSOUP-35_1/temp/testcases/org/jsoup/safety/ReflectionUtils.java:19: warning: Unsafe is internal proprietary API and may be removed in a future release
            UNSAFE = (Unsafe) uns.get(null);
                      ^
4 warnings
Compiled 'org/jsoup/safety/Cleaner_init_3886454981.java'

===
javac command line:
/usr/bin/javac -sourcepath /home/kex/results_kex_120/JSOUP-35_1/temp/testcases -cp /var/benchmarks/projects/jsoup/target/jsoup-1.16.2-SNAPSHOT.jar:/var/benchmarks/projects/jsoup/target/dependency/junit-jupiter-params-5.9.3.jar:/var/benchmarks/projects/jsoup/target/dependency/gson-2.10.1.jar:/var/benchmarks/projects/jsoup/target/dependency/jetty-util-ajax-9.4.51.v20230217.jar:/var/benchmarks/projects/jsoup/target/dependency/junit-jupiter-engine-5.9.3.jar:/var/benchmarks/projects/jsoup/target/dependency/jetty-server-9.4.51.v20230217.jar:/var/benchmarks/projects/jsoup/target/dependency/junit-platform-engine-1.9.3.jar:/var/benchmarks/projects/jsoup/target/dependency/junit-jupiter-api-5.9.3.jar:/var/benchmarks/projects/jsoup/target/dependency/apiguardian-api-1.1.2.jar:/var/benchmarks/projects/jsoup/target/dependency/opentest4j-1.2.0.jar:/var/benchmarks/projects/jsoup/target/dependency/javax.servlet-api-3.1.0.jar:/var/benchmarks/projects/jsoup/target/dependency/jetty-util-9.4.51.v20230217.jar:/var/benchmarks/projects/jsoup/target/dependency/jetty-http-9.4.51.v20230217.jar:/var/benchmarks/projects/jsoup/target/dependency/jetty-security-9.4.51.v20230217.jar:/var/benchmarks/projects/jsoup/target/dependency/jsr305-3.0.2.jar:/var/benchmarks/projects/jsoup/target/dependency/jetty-io-9.4.51.v20230217.jar:/var/benchmarks/projects/jsoup/target/dependency/junit-jupiter-5.9.3.jar:/var/benchmarks/projects/jsoup/target/dependency/jetty-servlet-9.4.51.v20230217.jar:/usr/local/bin/lib/junit.jar:/usr/local/bin/lib/hamcrest-core.jar -d results_kex_120/JSOUP-35_1/temp/testcases/bin /home/kex/results_kex_120/JSOUP-35_1/temp/testcases/org/jsoup/safety/Cleaner_isValidBodyHtml_5074134310.java

/home/kex/results_kex_120/JSOUP-35_1/temp/testcases/org/jsoup/safety/ReflectionUtils.java:9: warning: Unsafe is internal proprietary API and may be removed in a future release
import sun.misc.Unsafe;
               ^
/home/kex/results_kex_120/JSOUP-35_1/temp/testcases/org/jsoup/safety/ReflectionUtils.java:13: warning: Unsafe is internal proprietary API and may be removed in a future release
    public static final Unsafe UNSAFE;
                        ^
/home/kex/results_kex_120/JSOUP-35_1/temp/testcases/org/jsoup/safety/ReflectionUtils.java:17: warning: Unsafe is internal proprietary API and may be removed in a future release
            final Field uns = Unsafe.class.getDeclaredField("theUnsafe");
                              ^
/home/kex/results_kex_120/JSOUP-35_1/temp/testcases/org/jsoup/safety/ReflectionUtils.java:19: warning: Unsafe is internal proprietary API and may be removed in a future release
            UNSAFE = (Unsafe) uns.get(null);
                      ^
4 warnings
Compiled 'org/jsoup/safety/Cleaner_isValidBodyHtml_5074134310.java'

===
javac command line:
/usr/bin/javac -sourcepath /home/kex/results_kex_120/JSOUP-35_1/temp/testcases -cp /var/benchmarks/projects/jsoup/target/jsoup-1.16.2-SNAPSHOT.jar:/var/benchmarks/projects/jsoup/target/dependency/junit-jupiter-params-5.9.3.jar:/var/benchmarks/projects/jsoup/target/dependency/gson-2.10.1.jar:/var/benchmarks/projects/jsoup/target/dependency/jetty-util-ajax-9.4.51.v20230217.jar:/var/benchmarks/projects/jsoup/target/dependency/junit-jupiter-engine-5.9.3.jar:/var/benchmarks/projects/jsoup/target/dependency/jetty-server-9.4.51.v20230217.jar:/var/benchmarks/projects/jsoup/target/dependency/junit-platform-engine-1.9.3.jar:/var/benchmarks/projects/jsoup/target/dependency/junit-jupiter-api-5.9.3.jar:/var/benchmarks/projects/jsoup/target/dependency/apiguardian-api-1.1.2.jar:/var/benchmarks/projects/jsoup/target/dependency/opentest4j-1.2.0.jar:/var/benchmarks/projects/jsoup/target/dependency/javax.servlet-api-3.1.0.jar:/var/benchmarks/projects/jsoup/target/dependency/jetty-util-9.4.51.v20230217.jar:/var/benchmarks/projects/jsoup/target/dependency/jetty-http-9.4.51.v20230217.jar:/var/benchmarks/projects/jsoup/target/dependency/jetty-security-9.4.51.v20230217.jar:/var/benchmarks/projects/jsoup/target/dependency/jsr305-3.0.2.jar:/var/benchmarks/projects/jsoup/target/dependency/jetty-io-9.4.51.v20230217.jar:/var/benchmarks/projects/jsoup/target/dependency/junit-jupiter-5.9.3.jar:/var/benchmarks/projects/jsoup/target/dependency/jetty-servlet-9.4.51.v20230217.jar:/usr/local/bin/lib/junit.jar:/usr/local/bin/lib/hamcrest-core.jar -d results_kex_120/JSOUP-35_1/temp/testcases/bin /home/kex/results_kex_120/JSOUP-35_1/temp/testcases/org/jsoup/safety/Cleaner_isValidBodyHtml_5074134311.java

/home/kex/results_kex_120/JSOUP-35_1/temp/testcases/org/jsoup/safety/ReflectionUtils.java:9: warning: Unsafe is internal proprietary API and may be removed in a future release
import sun.misc.Unsafe;
               ^
/home/kex/results_kex_120/JSOUP-35_1/temp/testcases/org/jsoup/safety/ReflectionUtils.java:13: warning: Unsafe is internal proprietary API and may be removed in a future release
    public static final Unsafe UNSAFE;
                        ^
/home/kex/results_kex_120/JSOUP-35_1/temp/testcases/org/jsoup/safety/ReflectionUtils.java:17: warning: Unsafe is internal proprietary API and may be removed in a future release
            final Field uns = Unsafe.class.getDeclaredField("theUnsafe");
                              ^
/home/kex/results_kex_120/JSOUP-35_1/temp/testcases/org/jsoup/safety/ReflectionUtils.java:19: warning: Unsafe is internal proprietary API and may be removed in a future release
            UNSAFE = (Unsafe) uns.get(null);
                      ^
4 warnings
Compiled 'org/jsoup/safety/Cleaner_isValidBodyHtml_5074134311.java'

===
javac command line:
/usr/bin/javac -sourcepath /home/kex/results_kex_120/JSOUP-35_1/temp/testcases -cp /var/benchmarks/projects/jsoup/target/jsoup-1.16.2-SNAPSHOT.jar:/var/benchmarks/projects/jsoup/target/dependency/junit-jupiter-params-5.9.3.jar:/var/benchmarks/projects/jsoup/target/dependency/gson-2.10.1.jar:/var/benchmarks/projects/jsoup/target/dependency/jetty-util-ajax-9.4.51.v20230217.jar:/var/benchmarks/projects/jsoup/target/dependency/junit-jupiter-engine-5.9.3.jar:/var/benchmarks/projects/jsoup/target/dependency/jetty-server-9.4.51.v20230217.jar:/var/benchmarks/projects/jsoup/target/dependency/junit-platform-engine-1.9.3.jar:/var/benchmarks/projects/jsoup/target/dependency/junit-jupiter-api-5.9.3.jar:/var/benchmarks/projects/jsoup/target/dependency/apiguardian-api-1.1.2.jar:/var/benchmarks/projects/jsoup/target/dependency/opentest4j-1.2.0.jar:/var/benchmarks/projects/jsoup/target/dependency/javax.servlet-api-3.1.0.jar:/var/benchmarks/projects/jsoup/target/dependency/jetty-util-9.4.51.v20230217.jar:/var/benchmarks/projects/jsoup/target/dependency/jetty-http-9.4.51.v20230217.jar:/var/benchmarks/projects/jsoup/target/dependency/jetty-security-9.4.51.v20230217.jar:/var/benchmarks/projects/jsoup/target/dependency/jsr305-3.0.2.jar:/var/benchmarks/projects/jsoup/target/dependency/jetty-io-9.4.51.v20230217.jar:/var/benchmarks/projects/jsoup/target/dependency/junit-jupiter-5.9.3.jar:/var/benchmarks/projects/jsoup/target/dependency/jetty-servlet-9.4.51.v20230217.jar:/usr/local/bin/lib/junit.jar:/usr/local/bin/lib/hamcrest-core.jar -d results_kex_120/JSOUP-35_1/temp/testcases/bin /home/kex/results_kex_120/JSOUP-35_1/temp/testcases/org/jsoup/safety/Cleaner_isValid_17071088490.java

/home/kex/results_kex_120/JSOUP-35_1/temp/testcases/org/jsoup/safety/ReflectionUtils.java:9: warning: Unsafe is internal proprietary API and may be removed in a future release
import sun.misc.Unsafe;
               ^
/home/kex/results_kex_120/JSOUP-35_1/temp/testcases/org/jsoup/safety/ReflectionUtils.java:13: warning: Unsafe is internal proprietary API and may be removed in a future release
    public static final Unsafe UNSAFE;
                        ^
/home/kex/results_kex_120/JSOUP-35_1/temp/testcases/org/jsoup/safety/ReflectionUtils.java:17: warning: Unsafe is internal proprietary API and may be removed in a future release
            final Field uns = Unsafe.class.getDeclaredField("theUnsafe");
                              ^
/home/kex/results_kex_120/JSOUP-35_1/temp/testcases/org/jsoup/safety/ReflectionUtils.java:19: warning: Unsafe is internal proprietary API and may be removed in a future release
            UNSAFE = (Unsafe) uns.get(null);
                      ^
4 warnings
Compiled 'org/jsoup/safety/Cleaner_isValid_17071088490.java'

===
javac command line:
/usr/bin/javac -sourcepath /home/kex/results_kex_120/JSOUP-35_1/temp/testcases -cp /var/benchmarks/projects/jsoup/target/jsoup-1.16.2-SNAPSHOT.jar:/var/benchmarks/projects/jsoup/target/dependency/junit-jupiter-params-5.9.3.jar:/var/benchmarks/projects/jsoup/target/dependency/gson-2.10.1.jar:/var/benchmarks/projects/jsoup/target/dependency/jetty-util-ajax-9.4.51.v20230217.jar:/var/benchmarks/projects/jsoup/target/dependency/junit-jupiter-engine-5.9.3.jar:/var/benchmarks/projects/jsoup/target/dependency/jetty-server-9.4.51.v20230217.jar:/var/benchmarks/projects/jsoup/target/dependency/junit-platform-engine-1.9.3.jar:/var/benchmarks/projects/jsoup/target/dependency/junit-jupiter-api-5.9.3.jar:/var/benchmarks/projects/jsoup/target/dependency/apiguardian-api-1.1.2.jar:/var/benchmarks/projects/jsoup/target/dependency/opentest4j-1.2.0.jar:/var/benchmarks/projects/jsoup/target/dependency/javax.servlet-api-3.1.0.jar:/var/benchmarks/projects/jsoup/target/dependency/jetty-util-9.4.51.v20230217.jar:/var/benchmarks/projects/jsoup/target/dependency/jetty-http-9.4.51.v20230217.jar:/var/benchmarks/projects/jsoup/target/dependency/jetty-security-9.4.51.v20230217.jar:/var/benchmarks/projects/jsoup/target/dependency/jsr305-3.0.2.jar:/var/benchmarks/projects/jsoup/target/dependency/jetty-io-9.4.51.v20230217.jar:/var/benchmarks/projects/jsoup/target/dependency/junit-jupiter-5.9.3.jar:/var/benchmarks/projects/jsoup/target/dependency/jetty-servlet-9.4.51.v20230217.jar:/usr/local/bin/lib/junit.jar:/usr/local/bin/lib/hamcrest-core.jar -d results_kex_120/JSOUP-35_1/temp/testcases/bin /home/kex/results_kex_120/JSOUP-35_1/temp/testcases/org/jsoup/safety/Cleaner_isValid_17071088491.java

/home/kex/results_kex_120/JSOUP-35_1/temp/testcases/org/jsoup/safety/ReflectionUtils.java:9: warning: Unsafe is internal proprietary API and may be removed in a future release
import sun.misc.Unsafe;
               ^
/home/kex/results_kex_120/JSOUP-35_1/temp/testcases/org/jsoup/safety/ReflectionUtils.java:13: warning: Unsafe is internal proprietary API and may be removed in a future release
    public static final Unsafe UNSAFE;
                        ^
/home/kex/results_kex_120/JSOUP-35_1/temp/testcases/org/jsoup/safety/ReflectionUtils.java:17: warning: Unsafe is internal proprietary API and may be removed in a future release
            final Field uns = Unsafe.class.getDeclaredField("theUnsafe");
                              ^
/home/kex/results_kex_120/JSOUP-35_1/temp/testcases/org/jsoup/safety/ReflectionUtils.java:19: warning: Unsafe is internal proprietary API and may be removed in a future release
            UNSAFE = (Unsafe) uns.get(null);
                      ^
4 warnings
Compiled 'org/jsoup/safety/Cleaner_isValid_17071088491.java'

===
javac command line:
/usr/bin/javac -sourcepath /home/kex/results_kex_120/JSOUP-35_1/temp/testcases -cp /var/benchmarks/projects/jsoup/target/jsoup-1.16.2-SNAPSHOT.jar:/var/benchmarks/projects/jsoup/target/dependency/junit-jupiter-params-5.9.3.jar:/var/benchmarks/projects/jsoup/target/dependency/gson-2.10.1.jar:/var/benchmarks/projects/jsoup/target/dependency/jetty-util-ajax-9.4.51.v20230217.jar:/var/benchmarks/projects/jsoup/target/dependency/junit-jupiter-engine-5.9.3.jar:/var/benchmarks/projects/jsoup/target/dependency/jetty-server-9.4.51.v20230217.jar:/var/benchmarks/projects/jsoup/target/dependency/junit-platform-engine-1.9.3.jar:/var/benchmarks/projects/jsoup/target/dependency/junit-jupiter-api-5.9.3.jar:/var/benchmarks/projects/jsoup/target/dependency/apiguardian-api-1.1.2.jar:/var/benchmarks/projects/jsoup/target/dependency/opentest4j-1.2.0.jar:/var/benchmarks/projects/jsoup/target/dependency/javax.servlet-api-3.1.0.jar:/var/benchmarks/projects/jsoup/target/dependency/jetty-util-9.4.51.v20230217.jar:/var/benchmarks/projects/jsoup/target/dependency/jetty-http-9.4.51.v20230217.jar:/var/benchmarks/projects/jsoup/target/dependency/jetty-security-9.4.51.v20230217.jar:/var/benchmarks/projects/jsoup/target/dependency/jsr305-3.0.2.jar:/var/benchmarks/projects/jsoup/target/dependency/jetty-io-9.4.51.v20230217.jar:/var/benchmarks/projects/jsoup/target/dependency/junit-jupiter-5.9.3.jar:/var/benchmarks/projects/jsoup/target/dependency/jetty-servlet-9.4.51.v20230217.jar:/usr/local/bin/lib/junit.jar:/usr/local/bin/lib/hamcrest-core.jar -d results_kex_120/JSOUP-35_1/temp/testcases/bin /home/kex/results_kex_120/JSOUP-35_1/temp/testcases/org/jsoup/safety/EqualityUtils.java

Compiled 'org/jsoup/safety/EqualityUtils.java'

===
javac command line:
/usr/bin/javac -sourcepath /home/kex/results_kex_120/JSOUP-35_1/temp/testcases -cp /var/benchmarks/projects/jsoup/target/jsoup-1.16.2-SNAPSHOT.jar:/var/benchmarks/projects/jsoup/target/dependency/junit-jupiter-params-5.9.3.jar:/var/benchmarks/projects/jsoup/target/dependency/gson-2.10.1.jar:/var/benchmarks/projects/jsoup/target/dependency/jetty-util-ajax-9.4.51.v20230217.jar:/var/benchmarks/projects/jsoup/target/dependency/junit-jupiter-engine-5.9.3.jar:/var/benchmarks/projects/jsoup/target/dependency/jetty-server-9.4.51.v20230217.jar:/var/benchmarks/projects/jsoup/target/dependency/junit-platform-engine-1.9.3.jar:/var/benchmarks/projects/jsoup/target/dependency/junit-jupiter-api-5.9.3.jar:/var/benchmarks/projects/jsoup/target/dependency/apiguardian-api-1.1.2.jar:/var/benchmarks/projects/jsoup/target/dependency/opentest4j-1.2.0.jar:/var/benchmarks/projects/jsoup/target/dependency/javax.servlet-api-3.1.0.jar:/var/benchmarks/projects/jsoup/target/dependency/jetty-util-9.4.51.v20230217.jar:/var/benchmarks/projects/jsoup/target/dependency/jetty-http-9.4.51.v20230217.jar:/var/benchmarks/projects/jsoup/target/dependency/jetty-security-9.4.51.v20230217.jar:/var/benchmarks/projects/jsoup/target/dependency/jsr305-3.0.2.jar:/var/benchmarks/projects/jsoup/target/dependency/jetty-io-9.4.51.v20230217.jar:/var/benchmarks/projects/jsoup/target/dependency/junit-jupiter-5.9.3.jar:/var/benchmarks/projects/jsoup/target/dependency/jetty-servlet-9.4.51.v20230217.jar:/usr/local/bin/lib/junit.jar:/usr/local/bin/lib/hamcrest-core.jar -d results_kex_120/JSOUP-35_1/temp/testcases/bin /home/kex/results_kex_120/JSOUP-35_1/temp/testcases/org/jsoup/safety/ReflectionUtils.java

/home/kex/results_kex_120/JSOUP-35_1/temp/testcases/org/jsoup/safety/ReflectionUtils.java:9: warning: Unsafe is internal proprietary API and may be removed in a future release
import sun.misc.Unsafe;
               ^
/home/kex/results_kex_120/JSOUP-35_1/temp/testcases/org/jsoup/safety/ReflectionUtils.java:13: warning: Unsafe is internal proprietary API and may be removed in a future release
    public static final Unsafe UNSAFE;
                        ^
/home/kex/results_kex_120/JSOUP-35_1/temp/testcases/org/jsoup/safety/ReflectionUtils.java:17: warning: Unsafe is internal proprietary API and may be removed in a future release
            final Field uns = Unsafe.class.getDeclaredField("theUnsafe");
                              ^
/home/kex/results_kex_120/JSOUP-35_1/temp/testcases/org/jsoup/safety/ReflectionUtils.java:19: warning: Unsafe is internal proprietary API and may be removed in a future release
            UNSAFE = (Unsafe) uns.get(null);
                      ^
4 warnings
Compiled 'org/jsoup/safety/ReflectionUtils.java'

---Timing Information---
Running tests with the following classpath: 
/var/benchmarks/projects/jsoup/target/jsoup-1.16.2-SNAPSHOT.jar:/var/benchmarks/projects/jsoup/target/dependency/junit-jupiter-params-5.9.3.jar:/var/benchmarks/projects/jsoup/target/dependency/gson-2.10.1.jar:/var/benchmarks/projects/jsoup/target/dependency/jetty-util-ajax-9.4.51.v20230217.jar:/var/benchmarks/projects/jsoup/target/dependency/junit-jupiter-engine-5.9.3.jar:/var/benchmarks/projects/jsoup/target/dependency/jetty-server-9.4.51.v20230217.jar:/var/benchmarks/projects/jsoup/target/dependency/junit-platform-engine-1.9.3.jar:/var/benchmarks/projects/jsoup/target/dependency/junit-jupiter-api-5.9.3.jar:/var/benchmarks/projects/jsoup/target/dependency/apiguardian-api-1.1.2.jar:/var/benchmarks/projects/jsoup/target/dependency/opentest4j-1.2.0.jar:/var/benchmarks/projects/jsoup/target/dependency/javax.servlet-api-3.1.0.jar:/var/benchmarks/projects/jsoup/target/dependency/jetty-util-9.4.51.v20230217.jar:/var/benchmarks/projects/jsoup/target/dependency/jetty-http-9.4.51.v20230217.jar:/var/benchmarks/projects/jsoup/target/dependency/jetty-security-9.4.51.v20230217.jar:/var/benchmarks/projects/jsoup/target/dependency/jsr305-3.0.2.jar:/var/benchmarks/projects/jsoup/target/dependency/jetty-io-9.4.51.v20230217.jar:/var/benchmarks/projects/jsoup/target/dependency/junit-jupiter-5.9.3.jar:/var/benchmarks/projects/jsoup/target/dependency/jetty-servlet-9.4.51.v20230217.jar:/usr/local/bin/lib/junit.jar:/usr/local/bin/lib/hamcrest-core.jar:/home/kex/results_kex_120/JSOUP-35_1/temp/testcases/bin
Running the tests: [SBSTDummyForCoverageAndMutationCalculation, org.jsoup.safety.Cleaner_clean_17149344720, org.jsoup.safety.Cleaner_clean_17149344721, org.jsoup.safety.Cleaner_copySafeNodes_15577442520, org.jsoup.safety.Cleaner_copySafeNodes_15577442521, org.jsoup.safety.Cleaner_createSafeElement_5064628040, org.jsoup.safety.Cleaner_createSafeElement_5064628041, org.jsoup.safety.Cleaner_init_3886454980, org.jsoup.safety.Cleaner_init_3886454981, org.jsoup.safety.Cleaner_isValidBodyHtml_5074134310, org.jsoup.safety.Cleaner_isValidBodyHtml_5074134311, org.jsoup.safety.Cleaner_isValid_17071088490, org.jsoup.safety.Cleaner_isValid_17071088491, org.jsoup.safety.EqualityUtils, org.jsoup.safety.ReflectionUtils]
Executions terminated
Failure: [test(org.jsoup.safety.Cleaner_clean_17149344720): 3]
Failing Tests: test(org.jsoup.safety.Cleaner_clean_17149344720)
java.lang.ArrayIndexOutOfBoundsException: 3
	at org.jsoup.nodes.Attributes.indexOfKey(Attributes.java:71)
	at org.jsoup.nodes.Attributes.hasKey(Attributes.java:254)
	at org.jsoup.nodes.Element.searchUpForAttribute(Element.java:124)
	at org.jsoup.nodes.Element.baseUri(Element.java:118)
	at org.jsoup.safety.Cleaner.clean(Cleaner.java:57)
	at sun.reflect.NativeMethodAccessorImpl.invoke0(Native Method)
	at sun.reflect.NativeMethodAccessorImpl.invoke(NativeMethodAccessorImpl.java:62)
	at sun.reflect.DelegatingMethodAccessorImpl.invoke(DelegatingMethodAccessorImpl.java:43)
	at java.lang.reflect.Method.invoke(Method.java:498)
	at org.jsoup.safety.ReflectionUtils.callMethod(ReflectionUtils.java:238)
	at org.jsoup.safety.Cleaner_clean_17149344720.test(Cleaner_clean_17149344720.java:179)
	at sun.reflect.NativeMethodAccessorImpl.invoke0(Native Method)
	at sun.reflect.NativeMethodAccessorImpl.invoke(NativeMethodAccessorImpl.java:62)
	at sun.reflect.DelegatingMethodAccessorImpl.invoke(DelegatingMethodAccessorImpl.java:43)
	at java.lang.reflect.Method.invoke(Method.java:498)
	at org.junit.runners.model.FrameworkMethod$1.runReflectiveCall(FrameworkMethod.java:47)
	at org.junit.internal.runners.model.ReflectiveCallable.run(ReflectiveCallable.java:12)
	at org.junit.runners.model.FrameworkMethod.invokeExplosively(FrameworkMethod.java:44)
	at org.junit.internal.runners.statements.InvokeMethod.evaluate(InvokeMethod.java:17)
	at org.junit.internal.runners.statements.RunBefores.evaluate(RunBefores.java:26)
	at org.junit.runners.ParentRunner.runLeaf(ParentRunner.java:271)
	at org.junit.runners.BlockJUnit4ClassRunner.runChild(BlockJUnit4ClassRunner.java:70)
	at org.junit.runners.BlockJUnit4ClassRunner.runChild(BlockJUnit4ClassRunner.java:50)
	at org.junit.runners.ParentRunner$3.run(ParentRunner.java:238)
	at org.junit.runners.ParentRunner$1.schedule(ParentRunner.java:63)
	at org.junit.runners.ParentRunner.runChildren(ParentRunner.java:236)
	at org.junit.runners.ParentRunner.access$000(ParentRunner.java:53)
	at org.junit.runners.ParentRunner$2.evaluate(ParentRunner.java:229)
	at org.junit.runners.ParentRunner.run(ParentRunner.java:309)
	at org.junit.runners.Suite.runChild(Suite.java:127)
	at org.junit.runners.Suite.runChild(Suite.java:26)
	at org.junit.runners.ParentRunner$3.run(ParentRunner.java:238)
	at org.junit.runners.ParentRunner$1.schedule(ParentRunner.java:63)
	at org.junit.runners.ParentRunner.runChildren(ParentRunner.java:236)
	at org.junit.runners.ParentRunner.access$000(ParentRunner.java:53)
	at org.junit.runners.ParentRunner$2.evaluate(ParentRunner.java:229)
	at org.junit.runners.ParentRunner.run(ParentRunner.java:309)
	at org.junit.runner.JUnitCore.run(JUnitCore.java:160)
	at org.junit.runner.JUnitCore.run(JUnitCore.java:138)
	at org.junit.runner.JUnitCore.run(JUnitCore.java:117)
	at sbst.benchmark.coverage.TestExecutionTask.call(TestExecutionTask.java:54)
	at sbst.benchmark.coverage.TestExecutionTask.call(TestExecutionTask.java:15)
	at java.util.concurrent.FutureTask.run(FutureTask.java:266)
	at java.util.concurrent.ThreadPoolExecutor.runWorker(ThreadPoolExecutor.java:1149)
	at java.util.concurrent.ThreadPoolExecutor$Worker.run(ThreadPoolExecutor.java:624)
	at java.lang.Thread.run(Thread.java:750)

Failure: [test(org.jsoup.safety.Cleaner_clean_17149344721): Object must not be null]
Failing Tests: test(org.jsoup.safety.Cleaner_clean_17149344721)
org.jsoup.helper.ValidationException: Object must not be null
	at org.jsoup.safety.Cleaner.clean(Cleaner.java:55)
	at sun.reflect.NativeMethodAccessorImpl.invoke0(Native Method)
	at sun.reflect.NativeMethodAccessorImpl.invoke(NativeMethodAccessorImpl.java:62)
	at sun.reflect.DelegatingMethodAccessorImpl.invoke(DelegatingMethodAccessorImpl.java:43)
	at java.lang.reflect.Method.invoke(Method.java:498)
	at org.jsoup.safety.ReflectionUtils.callMethod(ReflectionUtils.java:238)
	at org.jsoup.safety.Cleaner_clean_17149344721.test(Cleaner_clean_17149344721.java:39)
	at sun.reflect.NativeMethodAccessorImpl.invoke0(Native Method)
	at sun.reflect.NativeMethodAccessorImpl.invoke(NativeMethodAccessorImpl.java:62)
	at sun.reflect.DelegatingMethodAccessorImpl.invoke(DelegatingMethodAccessorImpl.java:43)
	at java.lang.reflect.Method.invoke(Method.java:498)
	at org.junit.runners.model.FrameworkMethod$1.runReflectiveCall(FrameworkMethod.java:47)
	at org.junit.internal.runners.model.ReflectiveCallable.run(ReflectiveCallable.java:12)
	at org.junit.runners.model.FrameworkMethod.invokeExplosively(FrameworkMethod.java:44)
	at org.junit.internal.runners.statements.InvokeMethod.evaluate(InvokeMethod.java:17)
	at org.junit.internal.runners.statements.RunBefores.evaluate(RunBefores.java:26)
	at org.junit.runners.ParentRunner.runLeaf(ParentRunner.java:271)
	at org.junit.runners.BlockJUnit4ClassRunner.runChild(BlockJUnit4ClassRunner.java:70)
	at org.junit.runners.BlockJUnit4ClassRunner.runChild(BlockJUnit4ClassRunner.java:50)
	at org.junit.runners.ParentRunner$3.run(ParentRunner.java:238)
	at org.junit.runners.ParentRunner$1.schedule(ParentRunner.java:63)
	at org.junit.runners.ParentRunner.runChildren(ParentRunner.java:236)
	at org.junit.runners.ParentRunner.access$000(ParentRunner.java:53)
	at org.junit.runners.ParentRunner$2.evaluate(ParentRunner.java:229)
	at org.junit.runners.ParentRunner.run(ParentRunner.java:309)
	at org.junit.runners.Suite.runChild(Suite.java:127)
	at org.junit.runners.Suite.runChild(Suite.java:26)
	at org.junit.runners.ParentRunner$3.run(ParentRunner.java:238)
	at org.junit.runners.ParentRunner$1.schedule(ParentRunner.java:63)
	at org.junit.runners.ParentRunner.runChildren(ParentRunner.java:236)
	at org.junit.runners.ParentRunner.access$000(ParentRunner.java:53)
	at org.junit.runners.ParentRunner$2.evaluate(ParentRunner.java:229)
	at org.junit.runners.ParentRunner.run(ParentRunner.java:309)
	at org.junit.runner.JUnitCore.run(JUnitCore.java:160)
	at org.junit.runner.JUnitCore.run(JUnitCore.java:138)
	at org.junit.runner.JUnitCore.run(JUnitCore.java:117)
	at sbst.benchmark.coverage.TestExecutionTask.call(TestExecutionTask.java:54)
	at sbst.benchmark.coverage.TestExecutionTask.call(TestExecutionTask.java:15)
	at java.util.concurrent.FutureTask.run(FutureTask.java:266)
	at java.util.concurrent.ThreadPoolExecutor.runWorker(ThreadPoolExecutor.java:1149)
	at java.util.concurrent.ThreadPoolExecutor$Worker.run(ThreadPoolExecutor.java:624)
	at java.lang.Thread.run(Thread.java:750)

Failure: [test(org.jsoup.safety.Cleaner_copySafeNodes_15577442521): Object must not be null]
Failing Tests: test(org.jsoup.safety.Cleaner_copySafeNodes_15577442521)
org.jsoup.helper.ValidationException: Object must not be null
	at org.jsoup.select.NodeTraversor.traverse(NodeTraversor.java:22)
	at org.jsoup.safety.Cleaner.copySafeNodes(Cleaner.java:175)
	at sun.reflect.NativeMethodAccessorImpl.invoke0(Native Method)
	at sun.reflect.NativeMethodAccessorImpl.invoke(NativeMethodAccessorImpl.java:62)
	at sun.reflect.DelegatingMethodAccessorImpl.invoke(DelegatingMethodAccessorImpl.java:43)
	at java.lang.reflect.Method.invoke(Method.java:498)
	at org.jsoup.safety.ReflectionUtils.callMethod(ReflectionUtils.java:238)
	at org.jsoup.safety.Cleaner_copySafeNodes_15577442521.test(Cleaner_copySafeNodes_15577442521.java:41)
	at sun.reflect.NativeMethodAccessorImpl.invoke0(Native Method)
	at sun.reflect.NativeMethodAccessorImpl.invoke(NativeMethodAccessorImpl.java:62)
	at sun.reflect.DelegatingMethodAccessorImpl.invoke(DelegatingMethodAccessorImpl.java:43)
	at java.lang.reflect.Method.invoke(Method.java:498)
	at org.junit.runners.model.FrameworkMethod$1.runReflectiveCall(FrameworkMethod.java:47)
	at org.junit.internal.runners.model.ReflectiveCallable.run(ReflectiveCallable.java:12)
	at org.junit.runners.model.FrameworkMethod.invokeExplosively(FrameworkMethod.java:44)
	at org.junit.internal.runners.statements.InvokeMethod.evaluate(InvokeMethod.java:17)
	at org.junit.internal.runners.statements.RunBefores.evaluate(RunBefores.java:26)
	at org.junit.runners.ParentRunner.runLeaf(ParentRunner.java:271)
	at org.junit.runners.BlockJUnit4ClassRunner.runChild(BlockJUnit4ClassRunner.java:70)
	at org.junit.runners.BlockJUnit4ClassRunner.runChild(BlockJUnit4ClassRunner.java:50)
	at org.junit.runners.ParentRunner$3.run(ParentRunner.java:238)
	at org.junit.runners.ParentRunner$1.schedule(ParentRunner.java:63)
	at org.junit.runners.ParentRunner.runChildren(ParentRunner.java:236)
	at org.junit.runners.ParentRunner.access$000(ParentRunner.java:53)
	at org.junit.runners.ParentRunner$2.evaluate(ParentRunner.java:229)
	at org.junit.runners.ParentRunner.run(ParentRunner.java:309)
	at org.junit.runners.Suite.runChild(Suite.java:127)
	at org.junit.runners.Suite.runChild(Suite.java:26)
	at org.junit.runners.ParentRunner$3.run(ParentRunner.java:238)
	at org.junit.runners.ParentRunner$1.schedule(ParentRunner.java:63)
	at org.junit.runners.ParentRunner.runChildren(ParentRunner.java:236)
	at org.junit.runners.ParentRunner.access$000(ParentRunner.java:53)
	at org.junit.runners.ParentRunner$2.evaluate(ParentRunner.java:229)
	at org.junit.runners.ParentRunner.run(ParentRunner.java:309)
	at org.junit.runner.JUnitCore.run(JUnitCore.java:160)
	at org.junit.runner.JUnitCore.run(JUnitCore.java:138)
	at org.junit.runner.JUnitCore.run(JUnitCore.java:117)
	at sbst.benchmark.coverage.TestExecutionTask.call(TestExecutionTask.java:54)
	at sbst.benchmark.coverage.TestExecutionTask.call(TestExecutionTask.java:15)
	at java.util.concurrent.FutureTask.run(FutureTask.java:266)
	at java.util.concurrent.ThreadPoolExecutor.runWorker(ThreadPoolExecutor.java:1149)
	at java.util.concurrent.ThreadPoolExecutor$Worker.run(ThreadPoolExecutor.java:624)
	at java.lang.Thread.run(Thread.java:750)

Failure: [test(org.jsoup.safety.Cleaner_createSafeElement_5064628040): 3]
Failing Tests: test(org.jsoup.safety.Cleaner_createSafeElement_5064628040)
java.lang.ArrayIndexOutOfBoundsException: 3
	at org.jsoup.nodes.Attributes.indexOfKey(Attributes.java:71)
	at org.jsoup.nodes.Attributes.hasKey(Attributes.java:254)
	at org.jsoup.nodes.Element.searchUpForAttribute(Element.java:124)
	at org.jsoup.nodes.Element.baseUri(Element.java:118)
	at org.jsoup.safety.Cleaner.createSafeElement(Cleaner.java:182)
	at sun.reflect.NativeMethodAccessorImpl.invoke0(Native Method)
	at sun.reflect.NativeMethodAccessorImpl.invoke(NativeMethodAccessorImpl.java:62)
	at sun.reflect.DelegatingMethodAccessorImpl.invoke(DelegatingMethodAccessorImpl.java:43)
	at java.lang.reflect.Method.invoke(Method.java:498)
	at org.jsoup.safety.ReflectionUtils.callMethod(ReflectionUtils.java:238)
	at org.jsoup.safety.Cleaner_createSafeElement_5064628040.test(Cleaner_createSafeElement_5064628040.java:123)
	at sun.reflect.NativeMethodAccessorImpl.invoke0(Native Method)
	at sun.reflect.NativeMethodAccessorImpl.invoke(NativeMethodAccessorImpl.java:62)
	at sun.reflect.DelegatingMethodAccessorImpl.invoke(DelegatingMethodAccessorImpl.java:43)
	at java.lang.reflect.Method.invoke(Method.java:498)
	at org.junit.runners.model.FrameworkMethod$1.runReflectiveCall(FrameworkMethod.java:47)
	at org.junit.internal.runners.model.ReflectiveCallable.run(ReflectiveCallable.java:12)
	at org.junit.runners.model.FrameworkMethod.invokeExplosively(FrameworkMethod.java:44)
	at org.junit.internal.runners.statements.InvokeMethod.evaluate(InvokeMethod.java:17)
	at org.junit.internal.runners.statements.RunBefores.evaluate(RunBefores.java:26)
	at org.junit.runners.ParentRunner.runLeaf(ParentRunner.java:271)
	at org.junit.runners.BlockJUnit4ClassRunner.runChild(BlockJUnit4ClassRunner.java:70)
	at org.junit.runners.BlockJUnit4ClassRunner.runChild(BlockJUnit4ClassRunner.java:50)
	at org.junit.runners.ParentRunner$3.run(ParentRunner.java:238)
	at org.junit.runners.ParentRunner$1.schedule(ParentRunner.java:63)
	at org.junit.runners.ParentRunner.runChildren(ParentRunner.java:236)
	at org.junit.runners.ParentRunner.access$000(ParentRunner.java:53)
	at org.junit.runners.ParentRunner$2.evaluate(ParentRunner.java:229)
	at org.junit.runners.ParentRunner.run(ParentRunner.java:309)
	at org.junit.runners.Suite.runChild(Suite.java:127)
	at org.junit.runners.Suite.runChild(Suite.java:26)
	at org.junit.runners.ParentRunner$3.run(ParentRunner.java:238)
	at org.junit.runners.ParentRunner$1.schedule(ParentRunner.java:63)
	at org.junit.runners.ParentRunner.runChildren(ParentRunner.java:236)
	at org.junit.runners.ParentRunner.access$000(ParentRunner.java:53)
	at org.junit.runners.ParentRunner$2.evaluate(ParentRunner.java:229)
	at org.junit.runners.ParentRunner.run(ParentRunner.java:309)
	at org.junit.runner.JUnitCore.run(JUnitCore.java:160)
	at org.junit.runner.JUnitCore.run(JUnitCore.java:138)
	at org.junit.runner.JUnitCore.run(JUnitCore.java:117)
	at sbst.benchmark.coverage.TestExecutionTask.call(TestExecutionTask.java:54)
	at sbst.benchmark.coverage.TestExecutionTask.call(TestExecutionTask.java:15)
	at java.util.concurrent.FutureTask.run(FutureTask.java:266)
	at java.util.concurrent.ThreadPoolExecutor.runWorker(ThreadPoolExecutor.java:1149)
	at java.util.concurrent.ThreadPoolExecutor$Worker.run(ThreadPoolExecutor.java:624)
	at java.lang.Thread.run(Thread.java:750)

Failure: [test(org.jsoup.safety.Cleaner_createSafeElement_5064628041): null]
Failing Tests: test(org.jsoup.safety.Cleaner_createSafeElement_5064628041)
java.lang.NullPointerException
	at org.jsoup.safety.Cleaner.createSafeElement(Cleaner.java:180)
	at sun.reflect.NativeMethodAccessorImpl.invoke0(Native Method)
	at sun.reflect.NativeMethodAccessorImpl.invoke(NativeMethodAccessorImpl.java:62)
	at sun.reflect.DelegatingMethodAccessorImpl.invoke(DelegatingMethodAccessorImpl.java:43)
	at java.lang.reflect.Method.invoke(Method.java:498)
	at org.jsoup.safety.ReflectionUtils.callMethod(ReflectionUtils.java:238)
	at org.jsoup.safety.Cleaner_createSafeElement_5064628041.test(Cleaner_createSafeElement_5064628041.java:39)
	at sun.reflect.NativeMethodAccessorImpl.invoke0(Native Method)
	at sun.reflect.NativeMethodAccessorImpl.invoke(NativeMethodAccessorImpl.java:62)
	at sun.reflect.DelegatingMethodAccessorImpl.invoke(DelegatingMethodAccessorImpl.java:43)
	at java.lang.reflect.Method.invoke(Method.java:498)
	at org.junit.runners.model.FrameworkMethod$1.runReflectiveCall(FrameworkMethod.java:47)
	at org.junit.internal.runners.model.ReflectiveCallable.run(ReflectiveCallable.java:12)
	at org.junit.runners.model.FrameworkMethod.invokeExplosively(FrameworkMethod.java:44)
	at org.junit.internal.runners.statements.InvokeMethod.evaluate(InvokeMethod.java:17)
	at org.junit.internal.runners.statements.RunBefores.evaluate(RunBefores.java:26)
	at org.junit.runners.ParentRunner.runLeaf(ParentRunner.java:271)
	at org.junit.runners.BlockJUnit4ClassRunner.runChild(BlockJUnit4ClassRunner.java:70)
	at org.junit.runners.BlockJUnit4ClassRunner.runChild(BlockJUnit4ClassRunner.java:50)
	at org.junit.runners.ParentRunner$3.run(ParentRunner.java:238)
	at org.junit.runners.ParentRunner$1.schedule(ParentRunner.java:63)
	at org.junit.runners.ParentRunner.runChildren(ParentRunner.java:236)
	at org.junit.runners.ParentRunner.access$000(ParentRunner.java:53)
	at org.junit.runners.ParentRunner$2.evaluate(ParentRunner.java:229)
	at org.junit.runners.ParentRunner.run(ParentRunner.java:309)
	at org.junit.runners.Suite.runChild(Suite.java:127)
	at org.junit.runners.Suite.runChild(Suite.java:26)
	at org.junit.runners.ParentRunner$3.run(ParentRunner.java:238)
	at org.junit.runners.ParentRunner$1.schedule(ParentRunner.java:63)
	at org.junit.runners.ParentRunner.runChildren(ParentRunner.java:236)
	at org.junit.runners.ParentRunner.access$000(ParentRunner.java:53)
	at org.junit.runners.ParentRunner$2.evaluate(ParentRunner.java:229)
	at org.junit.runners.ParentRunner.run(ParentRunner.java:309)
	at org.junit.runner.JUnitCore.run(JUnitCore.java:160)
	at org.junit.runner.JUnitCore.run(JUnitCore.java:138)
	at org.junit.runner.JUnitCore.run(JUnitCore.java:117)
	at sbst.benchmark.coverage.TestExecutionTask.call(TestExecutionTask.java:54)
	at sbst.benchmark.coverage.TestExecutionTask.call(TestExecutionTask.java:15)
	at java.util.concurrent.FutureTask.run(FutureTask.java:266)
	at java.util.concurrent.ThreadPoolExecutor.runWorker(ThreadPoolExecutor.java:1149)
	at java.util.concurrent.ThreadPoolExecutor$Worker.run(ThreadPoolExecutor.java:624)
	at java.lang.Thread.run(Thread.java:750)

Failure: [test(org.jsoup.safety.Cleaner_init_3886454981): null]
Failing Tests: test(org.jsoup.safety.Cleaner_init_3886454981)
java.lang.reflect.InvocationTargetException
	at sun.reflect.NativeConstructorAccessorImpl.newInstance0(Native Method)
	at sun.reflect.NativeConstructorAccessorImpl.newInstance(NativeConstructorAccessorImpl.java:62)
	at sun.reflect.DelegatingConstructorAccessorImpl.newInstance(DelegatingConstructorAccessorImpl.java:45)
	at java.lang.reflect.Constructor.newInstance(Constructor.java:423)
	at org.jsoup.safety.ReflectionUtils.callConstructor(ReflectionUtils.java:231)
	at org.jsoup.safety.Cleaner_init_3886454981.test(Cleaner_init_3886454981.java:36)
	at sun.reflect.NativeMethodAccessorImpl.invoke0(Native Method)
	at sun.reflect.NativeMethodAccessorImpl.invoke(NativeMethodAccessorImpl.java:62)
	at sun.reflect.DelegatingMethodAccessorImpl.invoke(DelegatingMethodAccessorImpl.java:43)
	at java.lang.reflect.Method.invoke(Method.java:498)
	at org.junit.runners.model.FrameworkMethod$1.runReflectiveCall(FrameworkMethod.java:47)
	at org.junit.internal.runners.model.ReflectiveCallable.run(ReflectiveCallable.java:12)
	at org.junit.runners.model.FrameworkMethod.invokeExplosively(FrameworkMethod.java:44)
	at org.junit.internal.runners.statements.InvokeMethod.evaluate(InvokeMethod.java:17)
	at org.junit.internal.runners.statements.RunBefores.evaluate(RunBefores.java:26)
	at org.junit.runners.ParentRunner.runLeaf(ParentRunner.java:271)
	at org.junit.runners.BlockJUnit4ClassRunner.runChild(BlockJUnit4ClassRunner.java:70)
	at org.junit.runners.BlockJUnit4ClassRunner.runChild(BlockJUnit4ClassRunner.java:50)
	at org.junit.runners.ParentRunner$3.run(ParentRunner.java:238)
	at org.junit.runners.ParentRunner$1.schedule(ParentRunner.java:63)
	at org.junit.runners.ParentRunner.runChildren(ParentRunner.java:236)
	at org.junit.runners.ParentRunner.access$000(ParentRunner.java:53)
	at org.junit.runners.ParentRunner$2.evaluate(ParentRunner.java:229)
	at org.junit.runners.ParentRunner.run(ParentRunner.java:309)
	at org.junit.runners.Suite.runChild(Suite.java:127)
	at org.junit.runners.Suite.runChild(Suite.java:26)
	at org.junit.runners.ParentRunner$3.run(ParentRunner.java:238)
	at org.junit.runners.ParentRunner$1.schedule(ParentRunner.java:63)
	at org.junit.runners.ParentRunner.runChildren(ParentRunner.java:236)
	at org.junit.runners.ParentRunner.access$000(ParentRunner.java:53)
	at org.junit.runners.ParentRunner$2.evaluate(ParentRunner.java:229)
	at org.junit.runners.ParentRunner.run(ParentRunner.java:309)
	at org.junit.runner.JUnitCore.run(JUnitCore.java:160)
	at org.junit.runner.JUnitCore.run(JUnitCore.java:138)
	at org.junit.runner.JUnitCore.run(JUnitCore.java:117)
	at sbst.benchmark.coverage.TestExecutionTask.call(TestExecutionTask.java:54)
	at sbst.benchmark.coverage.TestExecutionTask.call(TestExecutionTask.java:15)
	at java.util.concurrent.FutureTask.run(FutureTask.java:266)
	at java.util.concurrent.ThreadPoolExecutor.runWorker(ThreadPoolExecutor.java:1149)
	at java.util.concurrent.ThreadPoolExecutor$Worker.run(ThreadPoolExecutor.java:624)
	at java.lang.Thread.run(Thread.java:750)
Caused by: org.jsoup.helper.ValidationException: Object must not be null
	at org.jsoup.safety.Cleaner.<init>(Cleaner.java:43)
	... 41 more

Failure: [test(org.jsoup.safety.Cleaner_isValidBodyHtml_5074134311): null]
Failing Tests: test(org.jsoup.safety.Cleaner_isValidBodyHtml_5074134311)
java.lang.NullPointerException
	at java.io.StringReader.<init>(StringReader.java:50)
	at org.jsoup.parser.HtmlTreeBuilder.parseFragment(HtmlTreeBuilder.java:96)
	at org.jsoup.parser.Parser.parseFragment(Parser.java:195)
	at org.jsoup.safety.Cleaner.isValidBodyHtml(Cleaner.java:120)
	at sun.reflect.NativeMethodAccessorImpl.invoke0(Native Method)
	at sun.reflect.NativeMethodAccessorImpl.invoke(NativeMethodAccessorImpl.java:62)
	at sun.reflect.DelegatingMethodAccessorImpl.invoke(DelegatingMethodAccessorImpl.java:43)
	at java.lang.reflect.Method.invoke(Method.java:498)
	at org.jsoup.safety.ReflectionUtils.callMethod(ReflectionUtils.java:238)
	at org.jsoup.safety.Cleaner_isValidBodyHtml_5074134311.test(Cleaner_isValidBodyHtml_5074134311.java:39)
	at sun.reflect.NativeMethodAccessorImpl.invoke0(Native Method)
	at sun.reflect.NativeMethodAccessorImpl.invoke(NativeMethodAccessorImpl.java:62)
	at sun.reflect.DelegatingMethodAccessorImpl.invoke(DelegatingMethodAccessorImpl.java:43)
	at java.lang.reflect.Method.invoke(Method.java:498)
	at org.junit.runners.model.FrameworkMethod$1.runReflectiveCall(FrameworkMethod.java:47)
	at org.junit.internal.runners.model.ReflectiveCallable.run(ReflectiveCallable.java:12)
	at org.junit.runners.model.FrameworkMethod.invokeExplosively(FrameworkMethod.java:44)
	at org.junit.internal.runners.statements.InvokeMethod.evaluate(InvokeMethod.java:17)
	at org.junit.internal.runners.statements.RunBefores.evaluate(RunBefores.java:26)
	at org.junit.runners.ParentRunner.runLeaf(ParentRunner.java:271)
	at org.junit.runners.BlockJUnit4ClassRunner.runChild(BlockJUnit4ClassRunner.java:70)
	at org.junit.runners.BlockJUnit4ClassRunner.runChild(BlockJUnit4ClassRunner.java:50)
	at org.junit.runners.ParentRunner$3.run(ParentRunner.java:238)
	at org.junit.runners.ParentRunner$1.schedule(ParentRunner.java:63)
	at org.junit.runners.ParentRunner.runChildren(ParentRunner.java:236)
	at org.junit.runners.ParentRunner.access$000(ParentRunner.java:53)
	at org.junit.runners.ParentRunner$2.evaluate(ParentRunner.java:229)
	at org.junit.runners.ParentRunner.run(ParentRunner.java:309)
	at org.junit.runners.Suite.runChild(Suite.java:127)
	at org.junit.runners.Suite.runChild(Suite.java:26)
	at org.junit.runners.ParentRunner$3.run(ParentRunner.java:238)
	at org.junit.runners.ParentRunner$1.schedule(ParentRunner.java:63)
	at org.junit.runners.ParentRunner.runChildren(ParentRunner.java:236)
	at org.junit.runners.ParentRunner.access$000(ParentRunner.java:53)
	at org.junit.runners.ParentRunner$2.evaluate(ParentRunner.java:229)
	at org.junit.runners.ParentRunner.run(ParentRunner.java:309)
	at org.junit.runner.JUnitCore.run(JUnitCore.java:160)
	at org.junit.runner.JUnitCore.run(JUnitCore.java:138)
	at org.junit.runner.JUnitCore.run(JUnitCore.java:117)
	at sbst.benchmark.coverage.TestExecutionTask.call(TestExecutionTask.java:54)
	at sbst.benchmark.coverage.TestExecutionTask.call(TestExecutionTask.java:15)
	at java.util.concurrent.FutureTask.run(FutureTask.java:266)
	at java.util.concurrent.ThreadPoolExecutor.runWorker(ThreadPoolExecutor.java:1149)
	at java.util.concurrent.ThreadPoolExecutor$Worker.run(ThreadPoolExecutor.java:624)
	at java.lang.Thread.run(Thread.java:750)

Failure: [test(org.jsoup.safety.Cleaner_isValid_17071088490): 3]
Failing Tests: test(org.jsoup.safety.Cleaner_isValid_17071088490)
java.lang.ArrayIndexOutOfBoundsException: 3
	at org.jsoup.nodes.Attributes.indexOfKey(Attributes.java:71)
	at org.jsoup.nodes.Attributes.hasKey(Attributes.java:254)
	at org.jsoup.nodes.Element.searchUpForAttribute(Element.java:124)
	at org.jsoup.nodes.Element.baseUri(Element.java:118)
	at org.jsoup.safety.Cleaner.isValid(Cleaner.java:89)
	at sun.reflect.NativeMethodAccessorImpl.invoke0(Native Method)
	at sun.reflect.NativeMethodAccessorImpl.invoke(NativeMethodAccessorImpl.java:62)
	at sun.reflect.DelegatingMethodAccessorImpl.invoke(DelegatingMethodAccessorImpl.java:43)
	at java.lang.reflect.Method.invoke(Method.java:498)
	at org.jsoup.safety.ReflectionUtils.callMethod(ReflectionUtils.java:238)
	at org.jsoup.safety.Cleaner_isValid_17071088490.test(Cleaner_isValid_17071088490.java:179)
	at sun.reflect.NativeMethodAccessorImpl.invoke0(Native Method)
	at sun.reflect.NativeMethodAccessorImpl.invoke(NativeMethodAccessorImpl.java:62)
	at sun.reflect.DelegatingMethodAccessorImpl.invoke(DelegatingMethodAccessorImpl.java:43)
	at java.lang.reflect.Method.invoke(Method.java:498)
	at org.junit.runners.model.FrameworkMethod$1.runReflectiveCall(FrameworkMethod.java:47)
	at org.junit.internal.runners.model.ReflectiveCallable.run(ReflectiveCallable.java:12)
	at org.junit.runners.model.FrameworkMethod.invokeExplosively(FrameworkMethod.java:44)
	at org.junit.internal.runners.statements.InvokeMethod.evaluate(InvokeMethod.java:17)
	at org.junit.internal.runners.statements.RunBefores.evaluate(RunBefores.java:26)
	at org.junit.runners.ParentRunner.runLeaf(ParentRunner.java:271)
	at org.junit.runners.BlockJUnit4ClassRunner.runChild(BlockJUnit4ClassRunner.java:70)
	at org.junit.runners.BlockJUnit4ClassRunner.runChild(BlockJUnit4ClassRunner.java:50)
	at org.junit.runners.ParentRunner$3.run(ParentRunner.java:238)
	at org.junit.runners.ParentRunner$1.schedule(ParentRunner.java:63)
	at org.junit.runners.ParentRunner.runChildren(ParentRunner.java:236)
	at org.junit.runners.ParentRunner.access$000(ParentRunner.java:53)
	at org.junit.runners.ParentRunner$2.evaluate(ParentRunner.java:229)
	at org.junit.runners.ParentRunner.run(ParentRunner.java:309)
	at org.junit.runners.Suite.runChild(Suite.java:127)
	at org.junit.runners.Suite.runChild(Suite.java:26)
	at org.junit.runners.ParentRunner$3.run(ParentRunner.java:238)
	at org.junit.runners.ParentRunner$1.schedule(ParentRunner.java:63)
	at org.junit.runners.ParentRunner.runChildren(ParentRunner.java:236)
	at org.junit.runners.ParentRunner.access$000(ParentRunner.java:53)
	at org.junit.runners.ParentRunner$2.evaluate(ParentRunner.java:229)
	at org.junit.runners.ParentRunner.run(ParentRunner.java:309)
	at org.junit.runner.JUnitCore.run(JUnitCore.java:160)
	at org.junit.runner.JUnitCore.run(JUnitCore.java:138)
	at org.junit.runner.JUnitCore.run(JUnitCore.java:117)
	at sbst.benchmark.coverage.TestExecutionTask.call(TestExecutionTask.java:54)
	at sbst.benchmark.coverage.TestExecutionTask.call(TestExecutionTask.java:15)
	at java.util.concurrent.FutureTask.run(FutureTask.java:266)
	at java.util.concurrent.ThreadPoolExecutor.runWorker(ThreadPoolExecutor.java:1149)
	at java.util.concurrent.ThreadPoolExecutor$Worker.run(ThreadPoolExecutor.java:624)
	at java.lang.Thread.run(Thread.java:750)

Failure: [test(org.jsoup.safety.Cleaner_isValid_17071088491): Object must not be null]
Failing Tests: test(org.jsoup.safety.Cleaner_isValid_17071088491)
org.jsoup.helper.ValidationException: Object must not be null
	at org.jsoup.safety.Cleaner.isValid(Cleaner.java:87)
	at sun.reflect.NativeMethodAccessorImpl.invoke0(Native Method)
	at sun.reflect.NativeMethodAccessorImpl.invoke(NativeMethodAccessorImpl.java:62)
	at sun.reflect.DelegatingMethodAccessorImpl.invoke(DelegatingMethodAccessorImpl.java:43)
	at java.lang.reflect.Method.invoke(Method.java:498)
	at org.jsoup.safety.ReflectionUtils.callMethod(ReflectionUtils.java:238)
	at org.jsoup.safety.Cleaner_isValid_17071088491.test(Cleaner_isValid_17071088491.java:39)
	at sun.reflect.NativeMethodAccessorImpl.invoke0(Native Method)
	at sun.reflect.NativeMethodAccessorImpl.invoke(NativeMethodAccessorImpl.java:62)
	at sun.reflect.DelegatingMethodAccessorImpl.invoke(DelegatingMethodAccessorImpl.java:43)
	at java.lang.reflect.Method.invoke(Method.java:498)
	at org.junit.runners.model.FrameworkMethod$1.runReflectiveCall(FrameworkMethod.java:47)
	at org.junit.internal.runners.model.ReflectiveCallable.run(ReflectiveCallable.java:12)
	at org.junit.runners.model.FrameworkMethod.invokeExplosively(FrameworkMethod.java:44)
	at org.junit.internal.runners.statements.InvokeMethod.evaluate(InvokeMethod.java:17)
	at org.junit.internal.runners.statements.RunBefores.evaluate(RunBefores.java:26)
	at org.junit.runners.ParentRunner.runLeaf(ParentRunner.java:271)
	at org.junit.runners.BlockJUnit4ClassRunner.runChild(BlockJUnit4ClassRunner.java:70)
	at org.junit.runners.BlockJUnit4ClassRunner.runChild(BlockJUnit4ClassRunner.java:50)
	at org.junit.runners.ParentRunner$3.run(ParentRunner.java:238)
	at org.junit.runners.ParentRunner$1.schedule(ParentRunner.java:63)
	at org.junit.runners.ParentRunner.runChildren(ParentRunner.java:236)
	at org.junit.runners.ParentRunner.access$000(ParentRunner.java:53)
	at org.junit.runners.ParentRunner$2.evaluate(ParentRunner.java:229)
	at org.junit.runners.ParentRunner.run(ParentRunner.java:309)
	at org.junit.runners.Suite.runChild(Suite.java:127)
	at org.junit.runners.Suite.runChild(Suite.java:26)
	at org.junit.runners.ParentRunner$3.run(ParentRunner.java:238)
	at org.junit.runners.ParentRunner$1.schedule(ParentRunner.java:63)
	at org.junit.runners.ParentRunner.runChildren(ParentRunner.java:236)
	at org.junit.runners.ParentRunner.access$000(ParentRunner.java:53)
	at org.junit.runners.ParentRunner$2.evaluate(ParentRunner.java:229)
	at org.junit.runners.ParentRunner.run(ParentRunner.java:309)
	at org.junit.runner.JUnitCore.run(JUnitCore.java:160)
	at org.junit.runner.JUnitCore.run(JUnitCore.java:138)
	at org.junit.runner.JUnitCore.run(JUnitCore.java:117)
	at sbst.benchmark.coverage.TestExecutionTask.call(TestExecutionTask.java:54)
	at sbst.benchmark.coverage.TestExecutionTask.call(TestExecutionTask.java:15)
	at java.util.concurrent.FutureTask.run(FutureTask.java:266)
	at java.util.concurrent.ThreadPoolExecutor.runWorker(ThreadPoolExecutor.java:1149)
	at java.util.concurrent.ThreadPoolExecutor$Worker.run(ThreadPoolExecutor.java:624)
	at java.lang.Thread.run(Thread.java:750)

Failure: [initializationError(org.jsoup.safety.EqualityUtils): No runnable methods]
Failing Tests: initializationError(org.jsoup.safety.EqualityUtils)
java.lang.Exception: No runnable methods
	at org.junit.runners.BlockJUnit4ClassRunner.validateInstanceMethods(BlockJUnit4ClassRunner.java:169)
	at org.junit.runners.BlockJUnit4ClassRunner.collectInitializationErrors(BlockJUnit4ClassRunner.java:104)
	at org.junit.runners.ParentRunner.validate(ParentRunner.java:355)
	at org.junit.runners.ParentRunner.<init>(ParentRunner.java:76)
	at org.junit.runners.BlockJUnit4ClassRunner.<init>(BlockJUnit4ClassRunner.java:57)
	at org.junit.internal.builders.JUnit4Builder.runnerForClass(JUnit4Builder.java:10)
	at org.junit.runners.model.RunnerBuilder.safeRunnerForClass(RunnerBuilder.java:59)
	at org.junit.internal.builders.AllDefaultPossibilitiesBuilder.runnerForClass(AllDefaultPossibilitiesBuilder.java:26)
	at org.junit.runner.Computer.getRunner(Computer.java:40)
	at org.junit.runner.Computer$1.runnerForClass(Computer.java:31)
	at org.junit.runners.model.RunnerBuilder.safeRunnerForClass(RunnerBuilder.java:59)
	at org.junit.runners.model.RunnerBuilder.runners(RunnerBuilder.java:101)
	at org.junit.runners.model.RunnerBuilder.runners(RunnerBuilder.java:87)
	at org.junit.runners.Suite.<init>(Suite.java:80)
	at org.junit.runner.Computer.getSuite(Computer.java:28)
	at org.junit.runner.Request.classes(Request.java:75)
	at org.junit.runner.JUnitCore.run(JUnitCore.java:117)
	at sbst.benchmark.coverage.TestExecutionTask.call(TestExecutionTask.java:54)
	at sbst.benchmark.coverage.TestExecutionTask.call(TestExecutionTask.java:15)
	at java.util.concurrent.FutureTask.run(FutureTask.java:266)
	at java.util.concurrent.ThreadPoolExecutor.runWorker(ThreadPoolExecutor.java:1149)
	at java.util.concurrent.ThreadPoolExecutor$Worker.run(ThreadPoolExecutor.java:624)
	at java.lang.Thread.run(Thread.java:750)

Failure: [initializationError(org.jsoup.safety.ReflectionUtils): No runnable methods]
Failing Tests: initializationError(org.jsoup.safety.ReflectionUtils)
java.lang.Exception: No runnable methods
	at org.junit.runners.BlockJUnit4ClassRunner.validateInstanceMethods(BlockJUnit4ClassRunner.java:169)
	at org.junit.runners.BlockJUnit4ClassRunner.collectInitializationErrors(BlockJUnit4ClassRunner.java:104)
	at org.junit.runners.ParentRunner.validate(ParentRunner.java:355)
	at org.junit.runners.ParentRunner.<init>(ParentRunner.java:76)
	at org.junit.runners.BlockJUnit4ClassRunner.<init>(BlockJUnit4ClassRunner.java:57)
	at org.junit.internal.builders.JUnit4Builder.runnerForClass(JUnit4Builder.java:10)
	at org.junit.runners.model.RunnerBuilder.safeRunnerForClass(RunnerBuilder.java:59)
	at org.junit.internal.builders.AllDefaultPossibilitiesBuilder.runnerForClass(AllDefaultPossibilitiesBuilder.java:26)
	at org.junit.runner.Computer.getRunner(Computer.java:40)
	at org.junit.runner.Computer$1.runnerForClass(Computer.java:31)
	at org.junit.runners.model.RunnerBuilder.safeRunnerForClass(RunnerBuilder.java:59)
	at org.junit.runners.model.RunnerBuilder.runners(RunnerBuilder.java:101)
	at org.junit.runners.model.RunnerBuilder.runners(RunnerBuilder.java:87)
	at org.junit.runners.Suite.<init>(Suite.java:80)
	at org.junit.runner.Computer.getSuite(Computer.java:28)
	at org.junit.runner.Request.classes(Request.java:75)
	at org.junit.runner.JUnitCore.run(JUnitCore.java:117)
	at sbst.benchmark.coverage.TestExecutionTask.call(TestExecutionTask.java:54)
	at sbst.benchmark.coverage.TestExecutionTask.call(TestExecutionTask.java:15)
	at java.util.concurrent.FutureTask.run(FutureTask.java:266)
	at java.util.concurrent.ThreadPoolExecutor.runWorker(ThreadPoolExecutor.java:1149)
	at java.util.concurrent.ThreadPoolExecutor$Worker.run(ThreadPoolExecutor.java:624)
	at java.lang.Thread.run(Thread.java:750)


---The tests are re-executed other four times to find the flaky ones---
Running the tests: [SBSTDummyForCoverageAndMutationCalculation, org.jsoup.safety.Cleaner_clean_17149344720, org.jsoup.safety.Cleaner_clean_17149344721, org.jsoup.safety.Cleaner_copySafeNodes_15577442520, org.jsoup.safety.Cleaner_copySafeNodes_15577442521, org.jsoup.safety.Cleaner_createSafeElement_5064628040, org.jsoup.safety.Cleaner_createSafeElement_5064628041, org.jsoup.safety.Cleaner_init_3886454980, org.jsoup.safety.Cleaner_init_3886454981, org.jsoup.safety.Cleaner_isValidBodyHtml_5074134310, org.jsoup.safety.Cleaner_isValidBodyHtml_5074134311, org.jsoup.safety.Cleaner_isValid_17071088490, org.jsoup.safety.Cleaner_isValid_17071088491, org.jsoup.safety.EqualityUtils, org.jsoup.safety.ReflectionUtils]
Executions terminated
Failure: [test(org.jsoup.safety.Cleaner_clean_17149344720): 3]
Failing Tests: test(org.jsoup.safety.Cleaner_clean_17149344720)
java.lang.ArrayIndexOutOfBoundsException: 3
	at org.jsoup.nodes.Attributes.indexOfKey(Attributes.java:71)
	at org.jsoup.nodes.Attributes.hasKey(Attributes.java:254)
	at org.jsoup.nodes.Element.searchUpForAttribute(Element.java:124)
	at org.jsoup.nodes.Element.baseUri(Element.java:118)
	at org.jsoup.safety.Cleaner.clean(Cleaner.java:57)
	at sun.reflect.NativeMethodAccessorImpl.invoke0(Native Method)
	at sun.reflect.NativeMethodAccessorImpl.invoke(NativeMethodAccessorImpl.java:62)
	at sun.reflect.DelegatingMethodAccessorImpl.invoke(DelegatingMethodAccessorImpl.java:43)
	at java.lang.reflect.Method.invoke(Method.java:498)
	at org.jsoup.safety.ReflectionUtils.callMethod(ReflectionUtils.java:238)
	at org.jsoup.safety.Cleaner_clean_17149344720.test(Cleaner_clean_17149344720.java:179)
	at sun.reflect.NativeMethodAccessorImpl.invoke0(Native Method)
	at sun.reflect.NativeMethodAccessorImpl.invoke(NativeMethodAccessorImpl.java:62)
	at sun.reflect.DelegatingMethodAccessorImpl.invoke(DelegatingMethodAccessorImpl.java:43)
	at java.lang.reflect.Method.invoke(Method.java:498)
	at org.junit.runners.model.FrameworkMethod$1.runReflectiveCall(FrameworkMethod.java:47)
	at org.junit.internal.runners.model.ReflectiveCallable.run(ReflectiveCallable.java:12)
	at org.junit.runners.model.FrameworkMethod.invokeExplosively(FrameworkMethod.java:44)
	at org.junit.internal.runners.statements.InvokeMethod.evaluate(InvokeMethod.java:17)
	at org.junit.internal.runners.statements.RunBefores.evaluate(RunBefores.java:26)
	at org.junit.runners.ParentRunner.runLeaf(ParentRunner.java:271)
	at org.junit.runners.BlockJUnit4ClassRunner.runChild(BlockJUnit4ClassRunner.java:70)
	at org.junit.runners.BlockJUnit4ClassRunner.runChild(BlockJUnit4ClassRunner.java:50)
	at org.junit.runners.ParentRunner$3.run(ParentRunner.java:238)
	at org.junit.runners.ParentRunner$1.schedule(ParentRunner.java:63)
	at org.junit.runners.ParentRunner.runChildren(ParentRunner.java:236)
	at org.junit.runners.ParentRunner.access$000(ParentRunner.java:53)
	at org.junit.runners.ParentRunner$2.evaluate(ParentRunner.java:229)
	at org.junit.runners.ParentRunner.run(ParentRunner.java:309)
	at org.junit.runners.Suite.runChild(Suite.java:127)
	at org.junit.runners.Suite.runChild(Suite.java:26)
	at org.junit.runners.ParentRunner$3.run(ParentRunner.java:238)
	at org.junit.runners.ParentRunner$1.schedule(ParentRunner.java:63)
	at org.junit.runners.ParentRunner.runChildren(ParentRunner.java:236)
	at org.junit.runners.ParentRunner.access$000(ParentRunner.java:53)
	at org.junit.runners.ParentRunner$2.evaluate(ParentRunner.java:229)
	at org.junit.runners.ParentRunner.run(ParentRunner.java:309)
	at org.junit.runner.JUnitCore.run(JUnitCore.java:160)
	at org.junit.runner.JUnitCore.run(JUnitCore.java:138)
	at org.junit.runner.JUnitCore.run(JUnitCore.java:117)
	at sbst.benchmark.coverage.TestExecutionTask.call(TestExecutionTask.java:54)
	at sbst.benchmark.coverage.TestExecutionTask.call(TestExecutionTask.java:15)
	at java.util.concurrent.FutureTask.run(FutureTask.java:266)
	at java.util.concurrent.ThreadPoolExecutor.runWorker(ThreadPoolExecutor.java:1149)
	at java.util.concurrent.ThreadPoolExecutor$Worker.run(ThreadPoolExecutor.java:624)
	at java.lang.Thread.run(Thread.java:750)

Failure: [test(org.jsoup.safety.Cleaner_clean_17149344721): Object must not be null]
Failing Tests: test(org.jsoup.safety.Cleaner_clean_17149344721)
org.jsoup.helper.ValidationException: Object must not be null
	at org.jsoup.safety.Cleaner.clean(Cleaner.java:55)
	at sun.reflect.NativeMethodAccessorImpl.invoke0(Native Method)
	at sun.reflect.NativeMethodAccessorImpl.invoke(NativeMethodAccessorImpl.java:62)
	at sun.reflect.DelegatingMethodAccessorImpl.invoke(DelegatingMethodAccessorImpl.java:43)
	at java.lang.reflect.Method.invoke(Method.java:498)
	at org.jsoup.safety.ReflectionUtils.callMethod(ReflectionUtils.java:238)
	at org.jsoup.safety.Cleaner_clean_17149344721.test(Cleaner_clean_17149344721.java:39)
	at sun.reflect.NativeMethodAccessorImpl.invoke0(Native Method)
	at sun.reflect.NativeMethodAccessorImpl.invoke(NativeMethodAccessorImpl.java:62)
	at sun.reflect.DelegatingMethodAccessorImpl.invoke(DelegatingMethodAccessorImpl.java:43)
	at java.lang.reflect.Method.invoke(Method.java:498)
	at org.junit.runners.model.FrameworkMethod$1.runReflectiveCall(FrameworkMethod.java:47)
	at org.junit.internal.runners.model.ReflectiveCallable.run(ReflectiveCallable.java:12)
	at org.junit.runners.model.FrameworkMethod.invokeExplosively(FrameworkMethod.java:44)
	at org.junit.internal.runners.statements.InvokeMethod.evaluate(InvokeMethod.java:17)
	at org.junit.internal.runners.statements.RunBefores.evaluate(RunBefores.java:26)
	at org.junit.runners.ParentRunner.runLeaf(ParentRunner.java:271)
	at org.junit.runners.BlockJUnit4ClassRunner.runChild(BlockJUnit4ClassRunner.java:70)
	at org.junit.runners.BlockJUnit4ClassRunner.runChild(BlockJUnit4ClassRunner.java:50)
	at org.junit.runners.ParentRunner$3.run(ParentRunner.java:238)
	at org.junit.runners.ParentRunner$1.schedule(ParentRunner.java:63)
	at org.junit.runners.ParentRunner.runChildren(ParentRunner.java:236)
	at org.junit.runners.ParentRunner.access$000(ParentRunner.java:53)
	at org.junit.runners.ParentRunner$2.evaluate(ParentRunner.java:229)
	at org.junit.runners.ParentRunner.run(ParentRunner.java:309)
	at org.junit.runners.Suite.runChild(Suite.java:127)
	at org.junit.runners.Suite.runChild(Suite.java:26)
	at org.junit.runners.ParentRunner$3.run(ParentRunner.java:238)
	at org.junit.runners.ParentRunner$1.schedule(ParentRunner.java:63)
	at org.junit.runners.ParentRunner.runChildren(ParentRunner.java:236)
	at org.junit.runners.ParentRunner.access$000(ParentRunner.java:53)
	at org.junit.runners.ParentRunner$2.evaluate(ParentRunner.java:229)
	at org.junit.runners.ParentRunner.run(ParentRunner.java:309)
	at org.junit.runner.JUnitCore.run(JUnitCore.java:160)
	at org.junit.runner.JUnitCore.run(JUnitCore.java:138)
	at org.junit.runner.JUnitCore.run(JUnitCore.java:117)
	at sbst.benchmark.coverage.TestExecutionTask.call(TestExecutionTask.java:54)
	at sbst.benchmark.coverage.TestExecutionTask.call(TestExecutionTask.java:15)
	at java.util.concurrent.FutureTask.run(FutureTask.java:266)
	at java.util.concurrent.ThreadPoolExecutor.runWorker(ThreadPoolExecutor.java:1149)
	at java.util.concurrent.ThreadPoolExecutor$Worker.run(ThreadPoolExecutor.java:624)
	at java.lang.Thread.run(Thread.java:750)

Failure: [test(org.jsoup.safety.Cleaner_copySafeNodes_15577442521): Object must not be null]
Failing Tests: test(org.jsoup.safety.Cleaner_copySafeNodes_15577442521)
org.jsoup.helper.ValidationException: Object must not be null
	at org.jsoup.select.NodeTraversor.traverse(NodeTraversor.java:22)
	at org.jsoup.safety.Cleaner.copySafeNodes(Cleaner.java:175)
	at sun.reflect.NativeMethodAccessorImpl.invoke0(Native Method)
	at sun.reflect.NativeMethodAccessorImpl.invoke(NativeMethodAccessorImpl.java:62)
	at sun.reflect.DelegatingMethodAccessorImpl.invoke(DelegatingMethodAccessorImpl.java:43)
	at java.lang.reflect.Method.invoke(Method.java:498)
	at org.jsoup.safety.ReflectionUtils.callMethod(ReflectionUtils.java:238)
	at org.jsoup.safety.Cleaner_copySafeNodes_15577442521.test(Cleaner_copySafeNodes_15577442521.java:41)
	at sun.reflect.NativeMethodAccessorImpl.invoke0(Native Method)
	at sun.reflect.NativeMethodAccessorImpl.invoke(NativeMethodAccessorImpl.java:62)
	at sun.reflect.DelegatingMethodAccessorImpl.invoke(DelegatingMethodAccessorImpl.java:43)
	at java.lang.reflect.Method.invoke(Method.java:498)
	at org.junit.runners.model.FrameworkMethod$1.runReflectiveCall(FrameworkMethod.java:47)
	at org.junit.internal.runners.model.ReflectiveCallable.run(ReflectiveCallable.java:12)
	at org.junit.runners.model.FrameworkMethod.invokeExplosively(FrameworkMethod.java:44)
	at org.junit.internal.runners.statements.InvokeMethod.evaluate(InvokeMethod.java:17)
	at org.junit.internal.runners.statements.RunBefores.evaluate(RunBefores.java:26)
	at org.junit.runners.ParentRunner.runLeaf(ParentRunner.java:271)
	at org.junit.runners.BlockJUnit4ClassRunner.runChild(BlockJUnit4ClassRunner.java:70)
	at org.junit.runners.BlockJUnit4ClassRunner.runChild(BlockJUnit4ClassRunner.java:50)
	at org.junit.runners.ParentRunner$3.run(ParentRunner.java:238)
	at org.junit.runners.ParentRunner$1.schedule(ParentRunner.java:63)
	at org.junit.runners.ParentRunner.runChildren(ParentRunner.java:236)
	at org.junit.runners.ParentRunner.access$000(ParentRunner.java:53)
	at org.junit.runners.ParentRunner$2.evaluate(ParentRunner.java:229)
	at org.junit.runners.ParentRunner.run(ParentRunner.java:309)
	at org.junit.runners.Suite.runChild(Suite.java:127)
	at org.junit.runners.Suite.runChild(Suite.java:26)
	at org.junit.runners.ParentRunner$3.run(ParentRunner.java:238)
	at org.junit.runners.ParentRunner$1.schedule(ParentRunner.java:63)
	at org.junit.runners.ParentRunner.runChildren(ParentRunner.java:236)
	at org.junit.runners.ParentRunner.access$000(ParentRunner.java:53)
	at org.junit.runners.ParentRunner$2.evaluate(ParentRunner.java:229)
	at org.junit.runners.ParentRunner.run(ParentRunner.java:309)
	at org.junit.runner.JUnitCore.run(JUnitCore.java:160)
	at org.junit.runner.JUnitCore.run(JUnitCore.java:138)
	at org.junit.runner.JUnitCore.run(JUnitCore.java:117)
	at sbst.benchmark.coverage.TestExecutionTask.call(TestExecutionTask.java:54)
	at sbst.benchmark.coverage.TestExecutionTask.call(TestExecutionTask.java:15)
	at java.util.concurrent.FutureTask.run(FutureTask.java:266)
	at java.util.concurrent.ThreadPoolExecutor.runWorker(ThreadPoolExecutor.java:1149)
	at java.util.concurrent.ThreadPoolExecutor$Worker.run(ThreadPoolExecutor.java:624)
	at java.lang.Thread.run(Thread.java:750)

Running the tests: [SBSTDummyForCoverageAndMutationCalculation, org.jsoup.safety.Cleaner_clean_17149344720, org.jsoup.safety.Cleaner_clean_17149344721, org.jsoup.safety.Cleaner_copySafeNodes_15577442520, org.jsoup.safety.Cleaner_copySafeNodes_15577442521, org.jsoup.safety.Cleaner_createSafeElement_5064628040, org.jsoup.safety.Cleaner_createSafeElement_5064628041, org.jsoup.safety.Cleaner_init_3886454980, org.jsoup.safety.Cleaner_init_3886454981, org.jsoup.safety.Cleaner_isValidBodyHtml_5074134310, org.jsoup.safety.Cleaner_isValidBodyHtml_5074134311, org.jsoup.safety.Cleaner_isValid_17071088490, org.jsoup.safety.Cleaner_isValid_17071088491, org.jsoup.safety.EqualityUtils, org.jsoup.safety.ReflectionUtils]
Failure: [test(org.jsoup.safety.Cleaner_createSafeElement_5064628040): 3]
Failing Tests: test(org.jsoup.safety.Cleaner_createSafeElement_5064628040)
java.lang.ArrayIndexOutOfBoundsException: 3
	at org.jsoup.nodes.Attributes.indexOfKey(Attributes.java:71)
	at org.jsoup.nodes.Attributes.hasKey(Attributes.java:254)
	at org.jsoup.nodes.Element.searchUpForAttribute(Element.java:124)
	at org.jsoup.nodes.Element.baseUri(Element.java:118)
	at org.jsoup.safety.Cleaner.createSafeElement(Cleaner.java:182)
	at sun.reflect.NativeMethodAccessorImpl.invoke0(Native Method)
	at sun.reflect.NativeMethodAccessorImpl.invoke(NativeMethodAccessorImpl.java:62)
	at sun.reflect.DelegatingMethodAccessorImpl.invoke(DelegatingMethodAccessorImpl.java:43)
	at java.lang.reflect.Method.invoke(Method.java:498)
	at org.jsoup.safety.ReflectionUtils.callMethod(ReflectionUtils.java:238)
	at org.jsoup.safety.Cleaner_createSafeElement_5064628040.test(Cleaner_createSafeElement_5064628040.java:123)
	at sun.reflect.NativeMethodAccessorImpl.invoke0(Native Method)
	at sun.reflect.NativeMethodAccessorImpl.invoke(NativeMethodAccessorImpl.java:62)
	at sun.reflect.DelegatingMethodAccessorImpl.invoke(DelegatingMethodAccessorImpl.java:43)
	at java.lang.reflect.Method.invoke(Method.java:498)
	at org.junit.runners.model.FrameworkMethod$1.runReflectiveCall(FrameworkMethod.java:47)
	at org.junit.internal.runners.model.ReflectiveCallable.run(ReflectiveCallable.java:12)
	at org.junit.runners.model.FrameworkMethod.invokeExplosively(FrameworkMethod.java:44)
	at org.junit.internal.runners.statements.InvokeMethod.evaluate(InvokeMethod.java:17)
	at org.junit.internal.runners.statements.RunBefores.evaluate(RunBefores.java:26)
	at org.junit.runners.ParentRunner.runLeaf(ParentRunner.java:271)
	at org.junit.runners.BlockJUnit4ClassRunner.runChild(BlockJUnit4ClassRunner.java:70)
	at org.junit.runners.BlockJUnit4ClassRunner.runChild(BlockJUnit4ClassRunner.java:50)
	at org.junit.runners.ParentRunner$3.run(ParentRunner.java:238)
	at org.junit.runners.ParentRunner$1.schedule(ParentRunner.java:63)
	at org.junit.runners.ParentRunner.runChildren(ParentRunner.java:236)
	at org.junit.runners.ParentRunner.access$000(ParentRunner.java:53)
	at org.junit.runners.ParentRunner$2.evaluate(ParentRunner.java:229)
	at org.junit.runners.ParentRunner.run(ParentRunner.java:309)
	at org.junit.runners.Suite.runChild(Suite.java:127)
	at org.junit.runners.Suite.runChild(Suite.java:26)
	at org.junit.runners.ParentRunner$3.run(ParentRunner.java:238)
	at org.junit.runners.ParentRunner$1.schedule(ParentRunner.java:63)
	at org.junit.runners.ParentRunner.runChildren(ParentRunner.java:236)
	at org.junit.runners.ParentRunner.access$000(ParentRunner.java:53)
	at org.junit.runners.ParentRunner$2.evaluate(ParentRunner.java:229)
	at org.junit.runners.ParentRunner.run(ParentRunner.java:309)
	at org.junit.runner.JUnitCore.run(JUnitCore.java:160)
	at org.junit.runner.JUnitCore.run(JUnitCore.java:138)
	at org.junit.runner.JUnitCore.run(JUnitCore.java:117)
	at sbst.benchmark.coverage.TestExecutionTask.call(TestExecutionTask.java:54)
	at sbst.benchmark.coverage.TestExecutionTask.call(TestExecutionTask.java:15)
	at java.util.concurrent.FutureTask.run(FutureTask.java:266)
	at java.util.concurrent.ThreadPoolExecutor.runWorker(ThreadPoolExecutor.java:1149)
	at java.util.concurrent.ThreadPoolExecutor$Worker.run(ThreadPoolExecutor.java:624)
	at java.lang.Thread.run(Thread.java:750)

Failure: [test(org.jsoup.safety.Cleaner_createSafeElement_5064628041): null]
Failing Tests: test(org.jsoup.safety.Cleaner_createSafeElement_5064628041)
java.lang.NullPointerException
	at org.jsoup.safety.Cleaner.createSafeElement(Cleaner.java:180)
	at sun.reflect.NativeMethodAccessorImpl.invoke0(Native Method)
	at sun.reflect.NativeMethodAccessorImpl.invoke(NativeMethodAccessorImpl.java:62)
	at sun.reflect.DelegatingMethodAccessorImpl.invoke(DelegatingMethodAccessorImpl.java:43)
	at java.lang.reflect.Method.invoke(Method.java:498)
	at org.jsoup.safety.ReflectionUtils.callMethod(ReflectionUtils.java:238)
	at org.jsoup.safety.Cleaner_createSafeElement_5064628041.test(Cleaner_createSafeElement_5064628041.java:39)
	at sun.reflect.NativeMethodAccessorImpl.invoke0(Native Method)
	at sun.reflect.NativeMethodAccessorImpl.invoke(NativeMethodAccessorImpl.java:62)
	at sun.reflect.DelegatingMethodAccessorImpl.invoke(DelegatingMethodAccessorImpl.java:43)
	at java.lang.reflect.Method.invoke(Method.java:498)
	at org.junit.runners.model.FrameworkMethod$1.runReflectiveCall(FrameworkMethod.java:47)
	at org.junit.internal.runners.model.ReflectiveCallable.run(ReflectiveCallable.java:12)
	at org.junit.runners.model.FrameworkMethod.invokeExplosively(FrameworkMethod.java:44)
	at org.junit.internal.runners.statements.InvokeMethod.evaluate(InvokeMethod.java:17)
	at org.junit.internal.runners.statements.RunBefores.evaluate(RunBefores.java:26)
	at org.junit.runners.ParentRunner.runLeaf(ParentRunner.java:271)
	at org.junit.runners.BlockJUnit4ClassRunner.runChild(BlockJUnit4ClassRunner.java:70)
	at org.junit.runners.BlockJUnit4ClassRunner.runChild(BlockJUnit4ClassRunner.java:50)
	at org.junit.runners.ParentRunner$3.run(ParentRunner.java:238)
	at org.junit.runners.ParentRunner$1.schedule(ParentRunner.java:63)
	at org.junit.runners.ParentRunner.runChildren(ParentRunner.java:236)
	at org.junit.runners.ParentRunner.access$000(ParentRunner.java:53)
	at org.junit.runners.ParentRunner$2.evaluate(ParentRunner.java:229)
	at org.junit.runners.ParentRunner.run(ParentRunner.java:309)
	at org.junit.runners.Suite.runChild(Suite.java:127)
	at org.junit.runners.Suite.runChild(Suite.java:26)
	at org.junit.runners.ParentRunner$3.run(ParentRunner.java:238)
	at org.junit.runners.ParentRunner$1.schedule(ParentRunner.java:63)
	at org.junit.runners.ParentRunner.runChildren(ParentRunner.java:236)
	at org.junit.runners.ParentRunner.access$000(ParentRunner.java:53)
	at org.junit.runners.ParentRunner$2.evaluate(ParentRunner.java:229)
	at org.junit.runners.ParentRunner.run(ParentRunner.java:309)
	at org.junit.runner.JUnitCore.run(JUnitCore.java:160)
	at org.junit.runner.JUnitCore.run(JUnitCore.java:138)
	at org.junit.runner.JUnitCore.run(JUnitCore.java:117)
	at sbst.benchmark.coverage.TestExecutionTask.call(TestExecutionTask.java:54)
	at sbst.benchmark.coverage.TestExecutionTask.call(TestExecutionTask.java:15)
	at java.util.concurrent.FutureTask.run(FutureTask.java:266)
	at java.util.concurrent.ThreadPoolExecutor.runWorker(ThreadPoolExecutor.java:1149)
	at java.util.concurrent.ThreadPoolExecutor$Worker.run(ThreadPoolExecutor.java:624)
	at java.lang.Thread.run(Thread.java:750)

Failure: [test(org.jsoup.safety.Cleaner_init_3886454981): null]
Failing Tests: test(org.jsoup.safety.Cleaner_init_3886454981)
java.lang.reflect.InvocationTargetException
	at sun.reflect.NativeConstructorAccessorImpl.newInstance0(Native Method)
	at sun.reflect.NativeConstructorAccessorImpl.newInstance(NativeConstructorAccessorImpl.java:62)
	at sun.reflect.DelegatingConstructorAccessorImpl.newInstance(DelegatingConstructorAccessorImpl.java:45)
	at java.lang.reflect.Constructor.newInstance(Constructor.java:423)
	at org.jsoup.safety.ReflectionUtils.callConstructor(ReflectionUtils.java:231)
	at org.jsoup.safety.Cleaner_init_3886454981.test(Cleaner_init_3886454981.java:36)
	at sun.reflect.NativeMethodAccessorImpl.invoke0(Native Method)
	at sun.reflect.NativeMethodAccessorImpl.invoke(NativeMethodAccessorImpl.java:62)
	at sun.reflect.DelegatingMethodAccessorImpl.invoke(DelegatingMethodAccessorImpl.java:43)
	at java.lang.reflect.Method.invoke(Method.java:498)
	at org.junit.runners.model.FrameworkMethod$1.runReflectiveCall(FrameworkMethod.java:47)
	at org.junit.internal.runners.model.ReflectiveCallable.run(ReflectiveCallable.java:12)
	at org.junit.runners.model.FrameworkMethod.invokeExplosively(FrameworkMethod.java:44)
	at org.junit.internal.runners.statements.InvokeMethod.evaluate(InvokeMethod.java:17)
	at org.junit.internal.runners.statements.RunBefores.evaluate(RunBefores.java:26)
	at org.junit.runners.ParentRunner.runLeaf(ParentRunner.java:271)
	at org.junit.runners.BlockJUnit4ClassRunner.runChild(BlockJUnit4ClassRunner.java:70)
	at org.junit.runners.BlockJUnit4ClassRunner.runChild(BlockJUnit4ClassRunner.java:50)
	at org.junit.runners.ParentRunner$3.run(ParentRunner.java:238)
	at org.junit.runners.ParentRunner$1.schedule(ParentRunner.java:63)
	at org.junit.runners.ParentRunner.runChildren(ParentRunner.java:236)
	at org.junit.runners.ParentRunner.access$000(ParentRunner.java:53)
	at org.junit.runners.ParentRunner$2.evaluate(ParentRunner.java:229)
	at org.junit.runners.ParentRunner.run(ParentRunner.java:309)
	at org.junit.runners.Suite.runChild(Suite.java:127)
	at org.junit.runners.Suite.runChild(Suite.java:26)
	at org.junit.runners.ParentRunner$3.run(ParentRunner.java:238)
	at org.junit.runners.ParentRunner$1.schedule(ParentRunner.java:63)
	at org.junit.runners.ParentRunner.runChildren(ParentRunner.java:236)
	at org.junit.runners.ParentRunner.access$000(ParentRunner.java:53)
	at org.junit.runners.ParentRunner$2.evaluate(ParentRunner.java:229)
	at org.junit.runners.ParentRunner.run(ParentRunner.java:309)
	at org.junit.runner.JUnitCore.run(JUnitCore.java:160)
	at org.junit.runner.JUnitCore.run(JUnitCore.java:138)
	at org.junit.runner.JUnitCore.run(JUnitCore.java:117)
	at sbst.benchmark.coverage.TestExecutionTask.call(TestExecutionTask.java:54)
	at sbst.benchmark.coverage.TestExecutionTask.call(TestExecutionTask.java:15)
	at java.util.concurrent.FutureTask.run(FutureTask.java:266)
	at java.util.concurrent.ThreadPoolExecutor.runWorker(ThreadPoolExecutor.java:1149)
	at java.util.concurrent.ThreadPoolExecutor$Worker.run(ThreadPoolExecutor.java:624)
	at java.lang.Thread.run(Thread.java:750)
Caused by: org.jsoup.helper.ValidationException: Object must not be null
	at org.jsoup.safety.Cleaner.<init>(Cleaner.java:43)
	... 41 more

Failure: [test(org.jsoup.safety.Cleaner_isValidBodyHtml_5074134311): null]
Failing Tests: test(org.jsoup.safety.Cleaner_isValidBodyHtml_5074134311)
java.lang.NullPointerException
	at java.io.StringReader.<init>(StringReader.java:50)
	at org.jsoup.parser.HtmlTreeBuilder.parseFragment(HtmlTreeBuilder.java:96)
	at org.jsoup.parser.Parser.parseFragment(Parser.java:195)
	at org.jsoup.safety.Cleaner.isValidBodyHtml(Cleaner.java:120)
	at sun.reflect.NativeMethodAccessorImpl.invoke0(Native Method)
	at sun.reflect.NativeMethodAccessorImpl.invoke(NativeMethodAccessorImpl.java:62)
	at sun.reflect.DelegatingMethodAccessorImpl.invoke(DelegatingMethodAccessorImpl.java:43)
	at java.lang.reflect.Method.invoke(Method.java:498)
	at org.jsoup.safety.ReflectionUtils.callMethod(ReflectionUtils.java:238)
	at org.jsoup.safety.Cleaner_isValidBodyHtml_5074134311.test(Cleaner_isValidBodyHtml_5074134311.java:39)
	at sun.reflect.NativeMethodAccessorImpl.invoke0(Native Method)
	at sun.reflect.NativeMethodAccessorImpl.invoke(NativeMethodAccessorImpl.java:62)
	at sun.reflect.DelegatingMethodAccessorImpl.invoke(DelegatingMethodAccessorImpl.java:43)
	at java.lang.reflect.Method.invoke(Method.java:498)
	at org.junit.runners.model.FrameworkMethod$1.runReflectiveCall(FrameworkMethod.java:47)
	at org.junit.internal.runners.model.ReflectiveCallable.run(ReflectiveCallable.java:12)
	at org.junit.runners.model.FrameworkMethod.invokeExplosively(FrameworkMethod.java:44)
	at org.junit.internal.runners.statements.InvokeMethod.evaluate(InvokeMethod.java:17)
	at org.junit.internal.runners.statements.RunBefores.evaluate(RunBefores.java:26)
	at org.junit.runners.ParentRunner.runLeaf(ParentRunner.java:271)
	at org.junit.runners.BlockJUnit4ClassRunner.runChild(BlockJUnit4ClassRunner.java:70)
	at org.junit.runners.BlockJUnit4ClassRunner.runChild(BlockJUnit4ClassRunner.java:50)
	at org.junit.runners.ParentRunner$3.run(ParentRunner.java:238)
	at org.junit.runners.ParentRunner$1.schedule(ParentRunner.java:63)
	at org.junit.runners.ParentRunner.runChildren(ParentRunner.java:236)
	at org.junit.runners.ParentRunner.access$000(ParentRunner.java:53)
	at org.junit.runners.ParentRunner$2.evaluate(ParentRunner.java:229)
	at org.junit.runners.ParentRunner.run(ParentRunner.java:309)
	at org.junit.runners.Suite.runChild(Suite.java:127)
	at org.junit.runners.Suite.runChild(Suite.java:26)
	at org.junit.runners.ParentRunner$3.run(ParentRunner.java:238)
	at org.junit.runners.ParentRunner$1.schedule(ParentRunner.java:63)
	at org.junit.runners.ParentRunner.runChildren(ParentRunner.java:236)
	at org.junit.runners.ParentRunner.access$000(ParentRunner.java:53)
	at org.junit.runners.ParentRunner$2.evaluate(ParentRunner.java:229)
	at org.junit.runners.ParentRunner.run(ParentRunner.java:309)
	at org.junit.runner.JUnitCore.run(JUnitCore.java:160)
	at org.junit.runner.JUnitCore.run(JUnitCore.java:138)
	at org.junit.runner.JUnitCore.run(JUnitCore.java:117)
	at sbst.benchmark.coverage.TestExecutionTask.call(TestExecutionTask.java:54)
	at sbst.benchmark.coverage.TestExecutionTask.call(TestExecutionTask.java:15)
	at java.util.concurrent.FutureTask.run(FutureTask.java:266)
	at java.util.concurrent.ThreadPoolExecutor.runWorker(ThreadPoolExecutor.java:1149)
	at java.util.concurrent.ThreadPoolExecutor$Worker.run(ThreadPoolExecutor.java:624)
	at java.lang.Thread.run(Thread.java:750)

Failure: [test(org.jsoup.safety.Cleaner_isValid_17071088490): 3]
Failing Tests: test(org.jsoup.safety.Cleaner_isValid_17071088490)
java.lang.ArrayIndexOutOfBoundsException: 3
	at org.jsoup.nodes.Attributes.indexOfKey(Attributes.java:71)
	at org.jsoup.nodes.Attributes.hasKey(Attributes.java:254)
	at org.jsoup.nodes.Element.searchUpForAttribute(Element.java:124)
	at org.jsoup.nodes.Element.baseUri(Element.java:118)
	at org.jsoup.safety.Cleaner.isValid(Cleaner.java:89)
	at sun.reflect.NativeMethodAccessorImpl.invoke0(Native Method)
	at sun.reflect.NativeMethodAccessorImpl.invoke(NativeMethodAccessorImpl.java:62)
	at sun.reflect.DelegatingMethodAccessorImpl.invoke(DelegatingMethodAccessorImpl.java:43)
	at java.lang.reflect.Method.invoke(Method.java:498)
	at org.jsoup.safety.ReflectionUtils.callMethod(ReflectionUtils.java:238)
	at org.jsoup.safety.Cleaner_isValid_17071088490.test(Cleaner_isValid_17071088490.java:179)
	at sun.reflect.NativeMethodAccessorImpl.invoke0(Native Method)
	at sun.reflect.NativeMethodAccessorImpl.invoke(NativeMethodAccessorImpl.java:62)
	at sun.reflect.DelegatingMethodAccessorImpl.invoke(DelegatingMethodAccessorImpl.java:43)
	at java.lang.reflect.Method.invoke(Method.java:498)
	at org.junit.runners.model.FrameworkMethod$1.runReflectiveCall(FrameworkMethod.java:47)
	at org.junit.internal.runners.model.ReflectiveCallable.run(ReflectiveCallable.java:12)
	at org.junit.runners.model.FrameworkMethod.invokeExplosively(FrameworkMethod.java:44)
	at org.junit.internal.runners.statements.InvokeMethod.evaluate(InvokeMethod.java:17)
	at org.junit.internal.runners.statements.RunBefores.evaluate(RunBefores.java:26)
	at org.junit.runners.ParentRunner.runLeaf(ParentRunner.java:271)
	at org.junit.runners.BlockJUnit4ClassRunner.runChild(BlockJUnit4ClassRunner.java:70)
	at org.junit.runners.BlockJUnit4ClassRunner.runChild(BlockJUnit4ClassRunner.java:50)
	at org.junit.runners.ParentRunner$3.run(ParentRunner.java:238)
	at org.junit.runners.ParentRunner$1.schedule(ParentRunner.java:63)
	at org.junit.runners.ParentRunner.runChildren(ParentRunner.java:236)
	at org.junit.runners.ParentRunner.access$000(ParentRunner.java:53)
	at org.junit.runners.ParentRunner$2.evaluate(ParentRunner.java:229)
	at org.junit.runners.ParentRunner.run(ParentRunner.java:309)
	at org.junit.runners.Suite.runChild(Suite.java:127)
	at org.junit.runners.Suite.runChild(Suite.java:26)
	at org.junit.runners.ParentRunner$3.run(ParentRunner.java:238)
	at org.junit.runners.ParentRunner$1.schedule(ParentRunner.java:63)
	at org.junit.runners.ParentRunner.runChildren(ParentRunner.java:236)
	at org.junit.runners.ParentRunner.access$000(ParentRunner.java:53)
	at org.junit.runners.ParentRunner$2.evaluate(ParentRunner.java:229)
	at org.junit.runners.ParentRunner.run(ParentRunner.java:309)
	at org.junit.runner.JUnitCore.run(JUnitCore.java:160)
	at org.junit.runner.JUnitCore.run(JUnitCore.java:138)
	at org.junit.runner.JUnitCore.run(JUnitCore.java:117)
	at sbst.benchmark.coverage.TestExecutionTask.call(TestExecutionTask.java:54)
	at sbst.benchmark.coverage.TestExecutionTask.call(TestExecutionTask.java:15)
	at java.util.concurrent.FutureTask.run(FutureTask.java:266)
	at java.util.concurrent.ThreadPoolExecutor.runWorker(ThreadPoolExecutor.java:1149)
	at java.util.concurrent.ThreadPoolExecutor$Worker.run(ThreadPoolExecutor.java:624)
	at java.lang.Thread.run(Thread.java:750)

Failure: [test(org.jsoup.safety.Cleaner_isValid_17071088491): Object must not be null]
Failing Tests: test(org.jsoup.safety.Cleaner_isValid_17071088491)
org.jsoup.helper.ValidationException: Object must not be null
	at org.jsoup.safety.Cleaner.isValid(Cleaner.java:87)
	at sun.reflect.NativeMethodAccessorImpl.invoke0(Native Method)
	at sun.reflect.NativeMethodAccessorImpl.invoke(NativeMethodAccessorImpl.java:62)
	at sun.reflect.DelegatingMethodAccessorImpl.invoke(DelegatingMethodAccessorImpl.java:43)
	at java.lang.reflect.Method.invoke(Method.java:498)
	at org.jsoup.safety.ReflectionUtils.callMethod(ReflectionUtils.java:238)
	at org.jsoup.safety.Cleaner_isValid_17071088491.test(Cleaner_isValid_17071088491.java:39)
	at sun.reflect.NativeMethodAccessorImpl.invoke0(Native Method)
	at sun.reflect.NativeMethodAccessorImpl.invoke(NativeMethodAccessorImpl.java:62)
	at sun.reflect.DelegatingMethodAccessorImpl.invoke(DelegatingMethodAccessorImpl.java:43)
	at java.lang.reflect.Method.invoke(Method.java:498)
	at org.junit.runners.model.FrameworkMethod$1.runReflectiveCall(FrameworkMethod.java:47)
	at org.junit.internal.runners.model.ReflectiveCallable.run(ReflectiveCallable.java:12)
	at org.junit.runners.model.FrameworkMethod.invokeExplosively(FrameworkMethod.java:44)
	at org.junit.internal.runners.statements.InvokeMethod.evaluate(InvokeMethod.java:17)
	at org.junit.internal.runners.statements.RunBefores.evaluate(RunBefores.java:26)
	at org.junit.runners.ParentRunner.runLeaf(ParentRunner.java:271)
	at org.junit.runners.BlockJUnit4ClassRunner.runChild(BlockJUnit4ClassRunner.java:70)
	at org.junit.runners.BlockJUnit4ClassRunner.runChild(BlockJUnit4ClassRunner.java:50)
	at org.junit.runners.ParentRunner$3.run(ParentRunner.java:238)
	at org.junit.runners.ParentRunner$1.schedule(ParentRunner.java:63)
	at org.junit.runners.ParentRunner.runChildren(ParentRunner.java:236)
	at org.junit.runners.ParentRunner.access$000(ParentRunner.java:53)
	at org.junit.runners.ParentRunner$2.evaluate(ParentRunner.java:229)
	at org.junit.runners.ParentRunner.run(ParentRunner.java:309)
	at org.junit.runners.Suite.runChild(Suite.java:127)
	at org.junit.runners.Suite.runChild(Suite.java:26)
	at org.junit.runners.ParentRunner$3.run(ParentRunner.java:238)
	at org.junit.runners.ParentRunner$1.schedule(ParentRunner.java:63)
	at org.junit.runners.ParentRunner.runChildren(ParentRunner.java:236)
	at org.junit.runners.ParentRunner.access$000(ParentRunner.java:53)
	at org.junit.runners.ParentRunner$2.evaluate(ParentRunner.java:229)
	at org.junit.runners.ParentRunner.run(ParentRunner.java:309)
	at org.junit.runner.JUnitCore.run(JUnitCore.java:160)
	at org.junit.runner.JUnitCore.run(JUnitCore.java:138)
	at org.junit.runner.JUnitCore.run(JUnitCore.java:117)
	at sbst.benchmark.coverage.TestExecutionTask.call(TestExecutionTask.java:54)
	at sbst.benchmark.coverage.TestExecutionTask.call(TestExecutionTask.java:15)
	at java.util.concurrent.FutureTask.run(FutureTask.java:266)
	at java.util.concurrent.ThreadPoolExecutor.runWorker(ThreadPoolExecutor.java:1149)
	at java.util.concurrent.ThreadPoolExecutor$Worker.run(ThreadPoolExecutor.java:624)
	at java.lang.Thread.run(Thread.java:750)

Failure: [initializationError(org.jsoup.safety.EqualityUtils): No runnable methods]
Failing Tests: initializationError(org.jsoup.safety.EqualityUtils)
java.lang.Exception: No runnable methods
	at org.junit.runners.BlockJUnit4ClassRunner.validateInstanceMethods(BlockJUnit4ClassRunner.java:169)
	at org.junit.runners.BlockJUnit4ClassRunner.collectInitializationErrors(BlockJUnit4ClassRunner.java:104)
	at org.junit.runners.ParentRunner.validate(ParentRunner.java:355)
	at org.junit.runners.ParentRunner.<init>(ParentRunner.java:76)
	at org.junit.runners.BlockJUnit4ClassRunner.<init>(BlockJUnit4ClassRunner.java:57)
	at org.junit.internal.builders.JUnit4Builder.runnerForClass(JUnit4Builder.java:10)
	at org.junit.runners.model.RunnerBuilder.safeRunnerForClass(RunnerBuilder.java:59)
	at org.junit.internal.builders.AllDefaultPossibilitiesBuilder.runnerForClass(AllDefaultPossibilitiesBuilder.java:26)
	at org.junit.runner.Computer.getRunner(Computer.java:40)
	at org.junit.runner.Computer$1.runnerForClass(Computer.java:31)
	at org.junit.runners.model.RunnerBuilder.safeRunnerForClass(RunnerBuilder.java:59)
	at org.junit.runners.model.RunnerBuilder.runners(RunnerBuilder.java:101)
	at org.junit.runners.model.RunnerBuilder.runners(RunnerBuilder.java:87)
	at org.junit.runners.Suite.<init>(Suite.java:80)
	at org.junit.runner.Computer.getSuite(Computer.java:28)
	at org.junit.runner.Request.classes(Request.java:75)
	at org.junit.runner.JUnitCore.run(JUnitCore.java:117)
	at sbst.benchmark.coverage.TestExecutionTask.call(TestExecutionTask.java:54)
	at sbst.benchmark.coverage.TestExecutionTask.call(TestExecutionTask.java:15)
	at java.util.concurrent.FutureTask.run(FutureTask.java:266)
	at java.util.concurrent.ThreadPoolExecutor.runWorker(ThreadPoolExecutor.java:1149)
	at java.util.concurrent.ThreadPoolExecutor$Worker.run(ThreadPoolExecutor.java:624)
	at java.lang.Thread.run(Thread.java:750)

Failure: [initializationError(org.jsoup.safety.ReflectionUtils): No runnable methods]
Failing Tests: initializationError(org.jsoup.safety.ReflectionUtils)
java.lang.Exception: No runnable methods
	at org.junit.runners.BlockJUnit4ClassRunner.validateInstanceMethods(BlockJUnit4ClassRunner.java:169)
	at org.junit.runners.BlockJUnit4ClassRunner.collectInitializationErrors(BlockJUnit4ClassRunner.java:104)
	at org.junit.runners.ParentRunner.validate(ParentRunner.java:355)
	at org.junit.runners.ParentRunner.<init>(ParentRunner.java:76)
	at org.junit.runners.BlockJUnit4ClassRunner.<init>(BlockJUnit4ClassRunner.java:57)
	at org.junit.internal.builders.JUnit4Builder.runnerForClass(JUnit4Builder.java:10)
	at org.junit.runners.model.RunnerBuilder.safeRunnerForClass(RunnerBuilder.java:59)
	at org.junit.internal.builders.AllDefaultPossibilitiesBuilder.runnerForClass(AllDefaultPossibilitiesBuilder.java:26)
	at org.junit.runner.Computer.getRunner(Computer.java:40)
	at org.junit.runner.Computer$1.runnerForClass(Computer.java:31)
	at org.junit.runners.model.RunnerBuilder.safeRunnerForClass(RunnerBuilder.java:59)
	at org.junit.runners.model.RunnerBuilder.runners(RunnerBuilder.java:101)
	at org.junit.runners.model.RunnerBuilder.runners(RunnerBuilder.java:87)
	at org.junit.runners.Suite.<init>(Suite.java:80)
	at org.junit.runner.Computer.getSuite(Computer.java:28)
	at org.junit.runner.Request.classes(Request.java:75)
	at org.junit.runner.JUnitCore.run(JUnitCore.java:117)
	at sbst.benchmark.coverage.TestExecutionTask.call(TestExecutionTask.java:54)
	at sbst.benchmark.coverage.TestExecutionTask.call(TestExecutionTask.java:15)
	at java.util.concurrent.FutureTask.run(FutureTask.java:266)
	at java.util.concurrent.ThreadPoolExecutor.runWorker(ThreadPoolExecutor.java:1149)
	at java.util.concurrent.ThreadPoolExecutor$Worker.run(ThreadPoolExecutor.java:624)
	at java.lang.Thread.run(Thread.java:750)

Executions terminated
Running the tests: [SBSTDummyForCoverageAndMutationCalculation, org.jsoup.safety.Cleaner_clean_17149344720, org.jsoup.safety.Cleaner_clean_17149344721, org.jsoup.safety.Cleaner_copySafeNodes_15577442520, org.jsoup.safety.Cleaner_copySafeNodes_15577442521, org.jsoup.safety.Cleaner_createSafeElement_5064628040, org.jsoup.safety.Cleaner_createSafeElement_5064628041, org.jsoup.safety.Cleaner_init_3886454980, org.jsoup.safety.Cleaner_init_3886454981, org.jsoup.safety.Cleaner_isValidBodyHtml_5074134310, org.jsoup.safety.Cleaner_isValidBodyHtml_5074134311, org.jsoup.safety.Cleaner_isValid_17071088490, org.jsoup.safety.Cleaner_isValid_17071088491, org.jsoup.safety.EqualityUtils, org.jsoup.safety.ReflectionUtils]
Failure: [test(org.jsoup.safety.Cleaner_clean_17149344720): 3]
Failing Tests: test(org.jsoup.safety.Cleaner_clean_17149344720)
java.lang.ArrayIndexOutOfBoundsException: 3
	at org.jsoup.nodes.Attributes.indexOfKey(Attributes.java:71)
	at org.jsoup.nodes.Attributes.hasKey(Attributes.java:254)
	at org.jsoup.nodes.Element.searchUpForAttribute(Element.java:124)
	at org.jsoup.nodes.Element.baseUri(Element.java:118)
	at org.jsoup.safety.Cleaner.clean(Cleaner.java:57)
	at sun.reflect.NativeMethodAccessorImpl.invoke0(Native Method)
	at sun.reflect.NativeMethodAccessorImpl.invoke(NativeMethodAccessorImpl.java:62)
	at sun.reflect.DelegatingMethodAccessorImpl.invoke(DelegatingMethodAccessorImpl.java:43)
	at java.lang.reflect.Method.invoke(Method.java:498)
	at org.jsoup.safety.ReflectionUtils.callMethod(ReflectionUtils.java:238)
	at org.jsoup.safety.Cleaner_clean_17149344720.test(Cleaner_clean_17149344720.java:179)
	at sun.reflect.NativeMethodAccessorImpl.invoke0(Native Method)
	at sun.reflect.NativeMethodAccessorImpl.invoke(NativeMethodAccessorImpl.java:62)
	at sun.reflect.DelegatingMethodAccessorImpl.invoke(DelegatingMethodAccessorImpl.java:43)
	at java.lang.reflect.Method.invoke(Method.java:498)
	at org.junit.runners.model.FrameworkMethod$1.runReflectiveCall(FrameworkMethod.java:47)
	at org.junit.internal.runners.model.ReflectiveCallable.run(ReflectiveCallable.java:12)
	at org.junit.runners.model.FrameworkMethod.invokeExplosively(FrameworkMethod.java:44)
	at org.junit.internal.runners.statements.InvokeMethod.evaluate(InvokeMethod.java:17)
	at org.junit.internal.runners.statements.RunBefores.evaluate(RunBefores.java:26)
	at org.junit.runners.ParentRunner.runLeaf(ParentRunner.java:271)
	at org.junit.runners.BlockJUnit4ClassRunner.runChild(BlockJUnit4ClassRunner.java:70)
	at org.junit.runners.BlockJUnit4ClassRunner.runChild(BlockJUnit4ClassRunner.java:50)
	at org.junit.runners.ParentRunner$3.run(ParentRunner.java:238)
	at org.junit.runners.ParentRunner$1.schedule(ParentRunner.java:63)
	at org.junit.runners.ParentRunner.runChildren(ParentRunner.java:236)
	at org.junit.runners.ParentRunner.access$000(ParentRunner.java:53)
	at org.junit.runners.ParentRunner$2.evaluate(ParentRunner.java:229)
	at org.junit.runners.ParentRunner.run(ParentRunner.java:309)
	at org.junit.runners.Suite.runChild(Suite.java:127)
	at org.junit.runners.Suite.runChild(Suite.java:26)
	at org.junit.runners.ParentRunner$3.run(ParentRunner.java:238)
	at org.junit.runners.ParentRunner$1.schedule(ParentRunner.java:63)
	at org.junit.runners.ParentRunner.runChildren(ParentRunner.java:236)
	at org.junit.runners.ParentRunner.access$000(ParentRunner.java:53)
	at org.junit.runners.ParentRunner$2.evaluate(ParentRunner.java:229)
	at org.junit.runners.ParentRunner.run(ParentRunner.java:309)
	at org.junit.runner.JUnitCore.run(JUnitCore.java:160)
	at org.junit.runner.JUnitCore.run(JUnitCore.java:138)
	at org.junit.runner.JUnitCore.run(JUnitCore.java:117)
	at sbst.benchmark.coverage.TestExecutionTask.call(TestExecutionTask.java:54)
	at sbst.benchmark.coverage.TestExecutionTask.call(TestExecutionTask.java:15)
	at java.util.concurrent.FutureTask.run(FutureTask.java:266)
	at java.util.concurrent.ThreadPoolExecutor.runWorker(ThreadPoolExecutor.java:1149)
	at java.util.concurrent.ThreadPoolExecutor$Worker.run(ThreadPoolExecutor.java:624)
	at java.lang.Thread.run(Thread.java:750)

Failure: [test(org.jsoup.safety.Cleaner_clean_17149344721): Object must not be null]
Failing Tests: test(org.jsoup.safety.Cleaner_clean_17149344721)
org.jsoup.helper.ValidationException: Object must not be null
	at org.jsoup.safety.Cleaner.clean(Cleaner.java:55)
	at sun.reflect.NativeMethodAccessorImpl.invoke0(Native Method)
	at sun.reflect.NativeMethodAccessorImpl.invoke(NativeMethodAccessorImpl.java:62)
	at sun.reflect.DelegatingMethodAccessorImpl.invoke(DelegatingMethodAccessorImpl.java:43)
	at java.lang.reflect.Method.invoke(Method.java:498)
	at org.jsoup.safety.ReflectionUtils.callMethod(ReflectionUtils.java:238)
	at org.jsoup.safety.Cleaner_clean_17149344721.test(Cleaner_clean_17149344721.java:39)
	at sun.reflect.NativeMethodAccessorImpl.invoke0(Native Method)
	at sun.reflect.NativeMethodAccessorImpl.invoke(NativeMethodAccessorImpl.java:62)
	at sun.reflect.DelegatingMethodAccessorImpl.invoke(DelegatingMethodAccessorImpl.java:43)
	at java.lang.reflect.Method.invoke(Method.java:498)
	at org.junit.runners.model.FrameworkMethod$1.runReflectiveCall(FrameworkMethod.java:47)
	at org.junit.internal.runners.model.ReflectiveCallable.run(ReflectiveCallable.java:12)
	at org.junit.runners.model.FrameworkMethod.invokeExplosively(FrameworkMethod.java:44)
	at org.junit.internal.runners.statements.InvokeMethod.evaluate(InvokeMethod.java:17)
	at org.junit.internal.runners.statements.RunBefores.evaluate(RunBefores.java:26)
	at org.junit.runners.ParentRunner.runLeaf(ParentRunner.java:271)
	at org.junit.runners.BlockJUnit4ClassRunner.runChild(BlockJUnit4ClassRunner.java:70)
	at org.junit.runners.BlockJUnit4ClassRunner.runChild(BlockJUnit4ClassRunner.java:50)
	at org.junit.runners.ParentRunner$3.run(ParentRunner.java:238)
	at org.junit.runners.ParentRunner$1.schedule(ParentRunner.java:63)
	at org.junit.runners.ParentRunner.runChildren(ParentRunner.java:236)
	at org.junit.runners.ParentRunner.access$000(ParentRunner.java:53)
	at org.junit.runners.ParentRunner$2.evaluate(ParentRunner.java:229)
	at org.junit.runners.ParentRunner.run(ParentRunner.java:309)
	at org.junit.runners.Suite.runChild(Suite.java:127)
	at org.junit.runners.Suite.runChild(Suite.java:26)
	at org.junit.runners.ParentRunner$3.run(ParentRunner.java:238)
	at org.junit.runners.ParentRunner$1.schedule(ParentRunner.java:63)
	at org.junit.runners.ParentRunner.runChildren(ParentRunner.java:236)
	at org.junit.runners.ParentRunner.access$000(ParentRunner.java:53)
	at org.junit.runners.ParentRunner$2.evaluate(ParentRunner.java:229)
	at org.junit.runners.ParentRunner.run(ParentRunner.java:309)
	at org.junit.runner.JUnitCore.run(JUnitCore.java:160)
	at org.junit.runner.JUnitCore.run(JUnitCore.java:138)
	at org.junit.runner.JUnitCore.run(JUnitCore.java:117)
	at sbst.benchmark.coverage.TestExecutionTask.call(TestExecutionTask.java:54)
	at sbst.benchmark.coverage.TestExecutionTask.call(TestExecutionTask.java:15)
	at java.util.concurrent.FutureTask.run(FutureTask.java:266)
	at java.util.concurrent.ThreadPoolExecutor.runWorker(ThreadPoolExecutor.java:1149)
	at java.util.concurrent.ThreadPoolExecutor$Worker.run(ThreadPoolExecutor.java:624)
	at java.lang.Thread.run(Thread.java:750)

Failure: [test(org.jsoup.safety.Cleaner_copySafeNodes_15577442521): Object must not be null]
Failing Tests: test(org.jsoup.safety.Cleaner_copySafeNodes_15577442521)
org.jsoup.helper.ValidationException: Object must not be null
	at org.jsoup.select.NodeTraversor.traverse(NodeTraversor.java:22)
	at org.jsoup.safety.Cleaner.copySafeNodes(Cleaner.java:175)
	at sun.reflect.NativeMethodAccessorImpl.invoke0(Native Method)
	at sun.reflect.NativeMethodAccessorImpl.invoke(NativeMethodAccessorImpl.java:62)
	at sun.reflect.DelegatingMethodAccessorImpl.invoke(DelegatingMethodAccessorImpl.java:43)
	at java.lang.reflect.Method.invoke(Method.java:498)
	at org.jsoup.safety.ReflectionUtils.callMethod(ReflectionUtils.java:238)
	at org.jsoup.safety.Cleaner_copySafeNodes_15577442521.test(Cleaner_copySafeNodes_15577442521.java:41)
	at sun.reflect.NativeMethodAccessorImpl.invoke0(Native Method)
	at sun.reflect.NativeMethodAccessorImpl.invoke(NativeMethodAccessorImpl.java:62)
	at sun.reflect.DelegatingMethodAccessorImpl.invoke(DelegatingMethodAccessorImpl.java:43)
	at java.lang.reflect.Method.invoke(Method.java:498)
	at org.junit.runners.model.FrameworkMethod$1.runReflectiveCall(FrameworkMethod.java:47)
	at org.junit.internal.runners.model.ReflectiveCallable.run(ReflectiveCallable.java:12)
	at org.junit.runners.model.FrameworkMethod.invokeExplosively(FrameworkMethod.java:44)
	at org.junit.internal.runners.statements.InvokeMethod.evaluate(InvokeMethod.java:17)
	at org.junit.internal.runners.statements.RunBefores.evaluate(RunBefores.java:26)
	at org.junit.runners.ParentRunner.runLeaf(ParentRunner.java:271)
	at org.junit.runners.BlockJUnit4ClassRunner.runChild(BlockJUnit4ClassRunner.java:70)
	at org.junit.runners.BlockJUnit4ClassRunner.runChild(BlockJUnit4ClassRunner.java:50)
	at org.junit.runners.ParentRunner$3.run(ParentRunner.java:238)
	at org.junit.runners.ParentRunner$1.schedule(ParentRunner.java:63)
	at org.junit.runners.ParentRunner.runChildren(ParentRunner.java:236)
	at org.junit.runners.ParentRunner.access$000(ParentRunner.java:53)
	at org.junit.runners.ParentRunner$2.evaluate(ParentRunner.java:229)
	at org.junit.runners.ParentRunner.run(ParentRunner.java:309)
	at org.junit.runners.Suite.runChild(Suite.java:127)
	at org.junit.runners.Suite.runChild(Suite.java:26)
	at org.junit.runners.ParentRunner$3.run(ParentRunner.java:238)
	at org.junit.runners.ParentRunner$1.schedule(ParentRunner.java:63)
	at org.junit.runners.ParentRunner.runChildren(ParentRunner.java:236)
	at org.junit.runners.ParentRunner.access$000(ParentRunner.java:53)
	at org.junit.runners.ParentRunner$2.evaluate(ParentRunner.java:229)
	at org.junit.runners.ParentRunner.run(ParentRunner.java:309)
	at org.junit.runner.JUnitCore.run(JUnitCore.java:160)
	at org.junit.runner.JUnitCore.run(JUnitCore.java:138)
	at org.junit.runner.JUnitCore.run(JUnitCore.java:117)
	at sbst.benchmark.coverage.TestExecutionTask.call(TestExecutionTask.java:54)
	at sbst.benchmark.coverage.TestExecutionTask.call(TestExecutionTask.java:15)
	at java.util.concurrent.FutureTask.run(FutureTask.java:266)
	at java.util.concurrent.ThreadPoolExecutor.runWorker(ThreadPoolExecutor.java:1149)
	at java.util.concurrent.ThreadPoolExecutor$Worker.run(ThreadPoolExecutor.java:624)
	at java.lang.Thread.run(Thread.java:750)

Failure: [test(org.jsoup.safety.Cleaner_createSafeElement_5064628040): 3]
Failing Tests: test(org.jsoup.safety.Cleaner_createSafeElement_5064628040)
java.lang.ArrayIndexOutOfBoundsException: 3
	at org.jsoup.nodes.Attributes.indexOfKey(Attributes.java:71)
	at org.jsoup.nodes.Attributes.hasKey(Attributes.java:254)
	at org.jsoup.nodes.Element.searchUpForAttribute(Element.java:124)
	at org.jsoup.nodes.Element.baseUri(Element.java:118)
	at org.jsoup.safety.Cleaner.createSafeElement(Cleaner.java:182)
	at sun.reflect.NativeMethodAccessorImpl.invoke0(Native Method)
	at sun.reflect.NativeMethodAccessorImpl.invoke(NativeMethodAccessorImpl.java:62)
	at sun.reflect.DelegatingMethodAccessorImpl.invoke(DelegatingMethodAccessorImpl.java:43)
	at java.lang.reflect.Method.invoke(Method.java:498)
	at org.jsoup.safety.ReflectionUtils.callMethod(ReflectionUtils.java:238)
	at org.jsoup.safety.Cleaner_createSafeElement_5064628040.test(Cleaner_createSafeElement_5064628040.java:123)
	at sun.reflect.NativeMethodAccessorImpl.invoke0(Native Method)
	at sun.reflect.NativeMethodAccessorImpl.invoke(NativeMethodAccessorImpl.java:62)
	at sun.reflect.DelegatingMethodAccessorImpl.invoke(DelegatingMethodAccessorImpl.java:43)
	at java.lang.reflect.Method.invoke(Method.java:498)
	at org.junit.runners.model.FrameworkMethod$1.runReflectiveCall(FrameworkMethod.java:47)
	at org.junit.internal.runners.model.ReflectiveCallable.run(ReflectiveCallable.java:12)
	at org.junit.runners.model.FrameworkMethod.invokeExplosively(FrameworkMethod.java:44)
	at org.junit.internal.runners.statements.InvokeMethod.evaluate(InvokeMethod.java:17)
	at org.junit.internal.runners.statements.RunBefores.evaluate(RunBefores.java:26)
	at org.junit.runners.ParentRunner.runLeaf(ParentRunner.java:271)
	at org.junit.runners.BlockJUnit4ClassRunner.runChild(BlockJUnit4ClassRunner.java:70)
	at org.junit.runners.BlockJUnit4ClassRunner.runChild(BlockJUnit4ClassRunner.java:50)
	at org.junit.runners.ParentRunner$3.run(ParentRunner.java:238)
	at org.junit.runners.ParentRunner$1.schedule(ParentRunner.java:63)
	at org.junit.runners.ParentRunner.runChildren(ParentRunner.java:236)
	at org.junit.runners.ParentRunner.access$000(ParentRunner.java:53)
	at org.junit.runners.ParentRunner$2.evaluate(ParentRunner.java:229)
	at org.junit.runners.ParentRunner.run(ParentRunner.java:309)
	at org.junit.runners.Suite.runChild(Suite.java:127)
	at org.junit.runners.Suite.runChild(Suite.java:26)
	at org.junit.runners.ParentRunner$3.run(ParentRunner.java:238)
	at org.junit.runners.ParentRunner$1.schedule(ParentRunner.java:63)
	at org.junit.runners.ParentRunner.runChildren(ParentRunner.java:236)
	at org.junit.runners.ParentRunner.access$000(ParentRunner.java:53)
	at org.junit.runners.ParentRunner$2.evaluate(ParentRunner.java:229)
	at org.junit.runners.ParentRunner.run(ParentRunner.java:309)
	at org.junit.runner.JUnitCore.run(JUnitCore.java:160)
	at org.junit.runner.JUnitCore.run(JUnitCore.java:138)
	at org.junit.runner.JUnitCore.run(JUnitCore.java:117)
	at sbst.benchmark.coverage.TestExecutionTask.call(TestExecutionTask.java:54)
	at sbst.benchmark.coverage.TestExecutionTask.call(TestExecutionTask.java:15)
	at java.util.concurrent.FutureTask.run(FutureTask.java:266)
	at java.util.concurrent.ThreadPoolExecutor.runWorker(ThreadPoolExecutor.java:1149)
	at java.util.concurrent.ThreadPoolExecutor$Worker.run(ThreadPoolExecutor.java:624)
	at java.lang.Thread.run(Thread.java:750)

Failure: [test(org.jsoup.safety.Cleaner_createSafeElement_5064628041): null]
Failing Tests: test(org.jsoup.safety.Cleaner_createSafeElement_5064628041)
java.lang.NullPointerException
	at org.jsoup.safety.Cleaner.createSafeElement(Cleaner.java:180)
	at sun.reflect.NativeMethodAccessorImpl.invoke0(Native Method)
	at sun.reflect.NativeMethodAccessorImpl.invoke(NativeMethodAccessorImpl.java:62)
	at sun.reflect.DelegatingMethodAccessorImpl.invoke(DelegatingMethodAccessorImpl.java:43)
	at java.lang.reflect.Method.invoke(Method.java:498)
	at org.jsoup.safety.ReflectionUtils.callMethod(ReflectionUtils.java:238)
	at org.jsoup.safety.Cleaner_createSafeElement_5064628041.test(Cleaner_createSafeElement_5064628041.java:39)
	at sun.reflect.NativeMethodAccessorImpl.invoke0(Native Method)
	at sun.reflect.NativeMethodAccessorImpl.invoke(NativeMethodAccessorImpl.java:62)
	at sun.reflect.DelegatingMethodAccessorImpl.invoke(DelegatingMethodAccessorImpl.java:43)
	at java.lang.reflect.Method.invoke(Method.java:498)
	at org.junit.runners.model.FrameworkMethod$1.runReflectiveCall(FrameworkMethod.java:47)
	at org.junit.internal.runners.model.ReflectiveCallable.run(ReflectiveCallable.java:12)
	at org.junit.runners.model.FrameworkMethod.invokeExplosively(FrameworkMethod.java:44)
	at org.junit.internal.runners.statements.InvokeMethod.evaluate(InvokeMethod.java:17)
	at org.junit.internal.runners.statements.RunBefores.evaluate(RunBefores.java:26)
	at org.junit.runners.ParentRunner.runLeaf(ParentRunner.java:271)
	at org.junit.runners.BlockJUnit4ClassRunner.runChild(BlockJUnit4ClassRunner.java:70)
	at org.junit.runners.BlockJUnit4ClassRunner.runChild(BlockJUnit4ClassRunner.java:50)
	at org.junit.runners.ParentRunner$3.run(ParentRunner.java:238)
	at org.junit.runners.ParentRunner$1.schedule(ParentRunner.java:63)
	at org.junit.runners.ParentRunner.runChildren(ParentRunner.java:236)
	at org.junit.runners.ParentRunner.access$000(ParentRunner.java:53)
	at org.junit.runners.ParentRunner$2.evaluate(ParentRunner.java:229)
	at org.junit.runners.ParentRunner.run(ParentRunner.java:309)
	at org.junit.runners.Suite.runChild(Suite.java:127)
	at org.junit.runners.Suite.runChild(Suite.java:26)
	at org.junit.runners.ParentRunner$3.run(ParentRunner.java:238)
	at org.junit.runners.ParentRunner$1.schedule(ParentRunner.java:63)
	at org.junit.runners.ParentRunner.runChildren(ParentRunner.java:236)
	at org.junit.runners.ParentRunner.access$000(ParentRunner.java:53)
	at org.junit.runners.ParentRunner$2.evaluate(ParentRunner.java:229)
	at org.junit.runners.ParentRunner.run(ParentRunner.java:309)
	at org.junit.runner.JUnitCore.run(JUnitCore.java:160)
	at org.junit.runner.JUnitCore.run(JUnitCore.java:138)
	at org.junit.runner.JUnitCore.run(JUnitCore.java:117)
	at sbst.benchmark.coverage.TestExecutionTask.call(TestExecutionTask.java:54)
	at sbst.benchmark.coverage.TestExecutionTask.call(TestExecutionTask.java:15)
	at java.util.concurrent.FutureTask.run(FutureTask.java:266)
	at java.util.concurrent.ThreadPoolExecutor.runWorker(ThreadPoolExecutor.java:1149)
	at java.util.concurrent.ThreadPoolExecutor$Worker.run(ThreadPoolExecutor.java:624)
	at java.lang.Thread.run(Thread.java:750)

Failure: [test(org.jsoup.safety.Cleaner_init_3886454981): null]
Failing Tests: test(org.jsoup.safety.Cleaner_init_3886454981)
java.lang.reflect.InvocationTargetException
	at sun.reflect.NativeConstructorAccessorImpl.newInstance0(Native Method)
	at sun.reflect.NativeConstructorAccessorImpl.newInstance(NativeConstructorAccessorImpl.java:62)
	at sun.reflect.DelegatingConstructorAccessorImpl.newInstance(DelegatingConstructorAccessorImpl.java:45)
	at java.lang.reflect.Constructor.newInstance(Constructor.java:423)
	at org.jsoup.safety.ReflectionUtils.callConstructor(ReflectionUtils.java:231)
	at org.jsoup.safety.Cleaner_init_3886454981.test(Cleaner_init_3886454981.java:36)
	at sun.reflect.NativeMethodAccessorImpl.invoke0(Native Method)
	at sun.reflect.NativeMethodAccessorImpl.invoke(NativeMethodAccessorImpl.java:62)
	at sun.reflect.DelegatingMethodAccessorImpl.invoke(DelegatingMethodAccessorImpl.java:43)
	at java.lang.reflect.Method.invoke(Method.java:498)
	at org.junit.runners.model.FrameworkMethod$1.runReflectiveCall(FrameworkMethod.java:47)
	at org.junit.internal.runners.model.ReflectiveCallable.run(ReflectiveCallable.java:12)
	at org.junit.runners.model.FrameworkMethod.invokeExplosively(FrameworkMethod.java:44)
	at org.junit.internal.runners.statements.InvokeMethod.evaluate(InvokeMethod.java:17)
	at org.junit.internal.runners.statements.RunBefores.evaluate(RunBefores.java:26)
	at org.junit.runners.ParentRunner.runLeaf(ParentRunner.java:271)
	at org.junit.runners.BlockJUnit4ClassRunner.runChild(BlockJUnit4ClassRunner.java:70)
	at org.junit.runners.BlockJUnit4ClassRunner.runChild(BlockJUnit4ClassRunner.java:50)
	at org.junit.runners.ParentRunner$3.run(ParentRunner.java:238)
	at org.junit.runners.ParentRunner$1.schedule(ParentRunner.java:63)
	at org.junit.runners.ParentRunner.runChildren(ParentRunner.java:236)
	at org.junit.runners.ParentRunner.access$000(ParentRunner.java:53)
	at org.junit.runners.ParentRunner$2.evaluate(ParentRunner.java:229)
	at org.junit.runners.ParentRunner.run(ParentRunner.java:309)
	at org.junit.runners.Suite.runChild(Suite.java:127)
	at org.junit.runners.Suite.runChild(Suite.java:26)
	at org.junit.runners.ParentRunner$3.run(ParentRunner.java:238)
	at org.junit.runners.ParentRunner$1.schedule(ParentRunner.java:63)
	at org.junit.runners.ParentRunner.runChildren(ParentRunner.java:236)
	at org.junit.runners.ParentRunner.access$000(ParentRunner.java:53)
	at org.junit.runners.ParentRunner$2.evaluate(ParentRunner.java:229)
	at org.junit.runners.ParentRunner.run(ParentRunner.java:309)
	at org.junit.runner.JUnitCore.run(JUnitCore.java:160)
	at org.junit.runner.JUnitCore.run(JUnitCore.java:138)
	at org.junit.runner.JUnitCore.run(JUnitCore.java:117)
	at sbst.benchmark.coverage.TestExecutionTask.call(TestExecutionTask.java:54)
	at sbst.benchmark.coverage.TestExecutionTask.call(TestExecutionTask.java:15)
	at java.util.concurrent.FutureTask.run(FutureTask.java:266)
	at java.util.concurrent.ThreadPoolExecutor.runWorker(ThreadPoolExecutor.java:1149)
	at java.util.concurrent.ThreadPoolExecutor$Worker.run(ThreadPoolExecutor.java:624)
	at java.lang.Thread.run(Thread.java:750)
Caused by: org.jsoup.helper.ValidationException: Object must not be null
	at org.jsoup.safety.Cleaner.<init>(Cleaner.java:43)
	... 41 more

Failure: [test(org.jsoup.safety.Cleaner_isValidBodyHtml_5074134311): null]
Failing Tests: test(org.jsoup.safety.Cleaner_isValidBodyHtml_5074134311)
java.lang.NullPointerException
	at java.io.StringReader.<init>(StringReader.java:50)
	at org.jsoup.parser.HtmlTreeBuilder.parseFragment(HtmlTreeBuilder.java:96)
	at org.jsoup.parser.Parser.parseFragment(Parser.java:195)
	at org.jsoup.safety.Cleaner.isValidBodyHtml(Cleaner.java:120)
	at sun.reflect.NativeMethodAccessorImpl.invoke0(Native Method)
	at sun.reflect.NativeMethodAccessorImpl.invoke(NativeMethodAccessorImpl.java:62)
	at sun.reflect.DelegatingMethodAccessorImpl.invoke(DelegatingMethodAccessorImpl.java:43)
	at java.lang.reflect.Method.invoke(Method.java:498)
	at org.jsoup.safety.ReflectionUtils.callMethod(ReflectionUtils.java:238)
	at org.jsoup.safety.Cleaner_isValidBodyHtml_5074134311.test(Cleaner_isValidBodyHtml_5074134311.java:39)
	at sun.reflect.NativeMethodAccessorImpl.invoke0(Native Method)
	at sun.reflect.NativeMethodAccessorImpl.invoke(NativeMethodAccessorImpl.java:62)
	at sun.reflect.DelegatingMethodAccessorImpl.invoke(DelegatingMethodAccessorImpl.java:43)
	at java.lang.reflect.Method.invoke(Method.java:498)
	at org.junit.runners.model.FrameworkMethod$1.runReflectiveCall(FrameworkMethod.java:47)
	at org.junit.internal.runners.model.ReflectiveCallable.run(ReflectiveCallable.java:12)
	at org.junit.runners.model.FrameworkMethod.invokeExplosively(FrameworkMethod.java:44)
	at org.junit.internal.runners.statements.InvokeMethod.evaluate(InvokeMethod.java:17)
	at org.junit.internal.runners.statements.RunBefores.evaluate(RunBefores.java:26)
	at org.junit.runners.ParentRunner.runLeaf(ParentRunner.java:271)
	at org.junit.runners.BlockJUnit4ClassRunner.runChild(BlockJUnit4ClassRunner.java:70)
	at org.junit.runners.BlockJUnit4ClassRunner.runChild(BlockJUnit4ClassRunner.java:50)
	at org.junit.runners.ParentRunner$3.run(ParentRunner.java:238)
	at org.junit.runners.ParentRunner$1.schedule(ParentRunner.java:63)
	at org.junit.runners.ParentRunner.runChildren(ParentRunner.java:236)
	at org.junit.runners.ParentRunner.access$000(ParentRunner.java:53)
	at org.junit.runners.ParentRunner$2.evaluate(ParentRunner.java:229)
	at org.junit.runners.ParentRunner.run(ParentRunner.java:309)
	at org.junit.runners.Suite.runChild(Suite.java:127)
	at org.junit.runners.Suite.runChild(Suite.java:26)
	at org.junit.runners.ParentRunner$3.run(ParentRunner.java:238)
	at org.junit.runners.ParentRunner$1.schedule(ParentRunner.java:63)
	at org.junit.runners.ParentRunner.runChildren(ParentRunner.java:236)
	at org.junit.runners.ParentRunner.access$000(ParentRunner.java:53)
	at org.junit.runners.ParentRunner$2.evaluate(ParentRunner.java:229)
	at org.junit.runners.ParentRunner.run(ParentRunner.java:309)
	at org.junit.runner.JUnitCore.run(JUnitCore.java:160)
	at org.junit.runner.JUnitCore.run(JUnitCore.java:138)
	at org.junit.runner.JUnitCore.run(JUnitCore.java:117)
	at sbst.benchmark.coverage.TestExecutionTask.call(TestExecutionTask.java:54)
	at sbst.benchmark.coverage.TestExecutionTask.call(TestExecutionTask.java:15)
	at java.util.concurrent.FutureTask.run(FutureTask.java:266)
	at java.util.concurrent.ThreadPoolExecutor.runWorker(ThreadPoolExecutor.java:1149)
	at java.util.concurrent.ThreadPoolExecutor$Worker.run(ThreadPoolExecutor.java:624)
	at java.lang.Thread.run(Thread.java:750)

Failure: [test(org.jsoup.safety.Cleaner_isValid_17071088490): 3]
Failing Tests: test(org.jsoup.safety.Cleaner_isValid_17071088490)
java.lang.ArrayIndexOutOfBoundsException: 3
	at org.jsoup.nodes.Attributes.indexOfKey(Attributes.java:71)
	at org.jsoup.nodes.Attributes.hasKey(Attributes.java:254)
	at org.jsoup.nodes.Element.searchUpForAttribute(Element.java:124)
	at org.jsoup.nodes.Element.baseUri(Element.java:118)
	at org.jsoup.safety.Cleaner.isValid(Cleaner.java:89)
	at sun.reflect.NativeMethodAccessorImpl.invoke0(Native Method)
	at sun.reflect.NativeMethodAccessorImpl.invoke(NativeMethodAccessorImpl.java:62)
	at sun.reflect.DelegatingMethodAccessorImpl.invoke(DelegatingMethodAccessorImpl.java:43)
	at java.lang.reflect.Method.invoke(Method.java:498)
	at org.jsoup.safety.ReflectionUtils.callMethod(ReflectionUtils.java:238)
	at org.jsoup.safety.Cleaner_isValid_17071088490.test(Cleaner_isValid_17071088490.java:179)
	at sun.reflect.NativeMethodAccessorImpl.invoke0(Native Method)
	at sun.reflect.NativeMethodAccessorImpl.invoke(NativeMethodAccessorImpl.java:62)
	at sun.reflect.DelegatingMethodAccessorImpl.invoke(DelegatingMethodAccessorImpl.java:43)
	at java.lang.reflect.Method.invoke(Method.java:498)
	at org.junit.runners.model.FrameworkMethod$1.runReflectiveCall(FrameworkMethod.java:47)
	at org.junit.internal.runners.model.ReflectiveCallable.run(ReflectiveCallable.java:12)
	at org.junit.runners.model.FrameworkMethod.invokeExplosively(FrameworkMethod.java:44)
	at org.junit.internal.runners.statements.InvokeMethod.evaluate(InvokeMethod.java:17)
	at org.junit.internal.runners.statements.RunBefores.evaluate(RunBefores.java:26)
	at org.junit.runners.ParentRunner.runLeaf(ParentRunner.java:271)
	at org.junit.runners.BlockJUnit4ClassRunner.runChild(BlockJUnit4ClassRunner.java:70)
	at org.junit.runners.BlockJUnit4ClassRunner.runChild(BlockJUnit4ClassRunner.java:50)
	at org.junit.runners.ParentRunner$3.run(ParentRunner.java:238)
	at org.junit.runners.ParentRunner$1.schedule(ParentRunner.java:63)
	at org.junit.runners.ParentRunner.runChildren(ParentRunner.java:236)
	at org.junit.runners.ParentRunner.access$000(ParentRunner.java:53)
	at org.junit.runners.ParentRunner$2.evaluate(ParentRunner.java:229)
	at org.junit.runners.ParentRunner.run(ParentRunner.java:309)
	at org.junit.runners.Suite.runChild(Suite.java:127)
	at org.junit.runners.Suite.runChild(Suite.java:26)
	at org.junit.runners.ParentRunner$3.run(ParentRunner.java:238)
	at org.junit.runners.ParentRunner$1.schedule(ParentRunner.java:63)
	at org.junit.runners.ParentRunner.runChildren(ParentRunner.java:236)
	at org.junit.runners.ParentRunner.access$000(ParentRunner.java:53)
	at org.junit.runners.ParentRunner$2.evaluate(ParentRunner.java:229)
	at org.junit.runners.ParentRunner.run(ParentRunner.java:309)
	at org.junit.runner.JUnitCore.run(JUnitCore.java:160)
	at org.junit.runner.JUnitCore.run(JUnitCore.java:138)
	at org.junit.runner.JUnitCore.run(JUnitCore.java:117)
	at sbst.benchmark.coverage.TestExecutionTask.call(TestExecutionTask.java:54)
	at sbst.benchmark.coverage.TestExecutionTask.call(TestExecutionTask.java:15)
	at java.util.concurrent.FutureTask.run(FutureTask.java:266)
	at java.util.concurrent.ThreadPoolExecutor.runWorker(ThreadPoolExecutor.java:1149)
	at java.util.concurrent.ThreadPoolExecutor$Worker.run(ThreadPoolExecutor.java:624)
	at java.lang.Thread.run(Thread.java:750)

Failure: [test(org.jsoup.safety.Cleaner_isValid_17071088491): Object must not be null]
Failing Tests: test(org.jsoup.safety.Cleaner_isValid_17071088491)
org.jsoup.helper.ValidationException: Object must not be null
	at org.jsoup.safety.Cleaner.isValid(Cleaner.java:87)
	at sun.reflect.NativeMethodAccessorImpl.invoke0(Native Method)
	at sun.reflect.NativeMethodAccessorImpl.invoke(NativeMethodAccessorImpl.java:62)
	at sun.reflect.DelegatingMethodAccessorImpl.invoke(DelegatingMethodAccessorImpl.java:43)
	at java.lang.reflect.Method.invoke(Method.java:498)
	at org.jsoup.safety.ReflectionUtils.callMethod(ReflectionUtils.java:238)
	at org.jsoup.safety.Cleaner_isValid_17071088491.test(Cleaner_isValid_17071088491.java:39)
	at sun.reflect.NativeMethodAccessorImpl.invoke0(Native Method)
	at sun.reflect.NativeMethodAccessorImpl.invoke(NativeMethodAccessorImpl.java:62)
	at sun.reflect.DelegatingMethodAccessorImpl.invoke(DelegatingMethodAccessorImpl.java:43)
	at java.lang.reflect.Method.invoke(Method.java:498)
	at org.junit.runners.model.FrameworkMethod$1.runReflectiveCall(FrameworkMethod.java:47)
	at org.junit.internal.runners.model.ReflectiveCallable.run(ReflectiveCallable.java:12)
	at org.junit.runners.model.FrameworkMethod.invokeExplosively(FrameworkMethod.java:44)
	at org.junit.internal.runners.statements.InvokeMethod.evaluate(InvokeMethod.java:17)
	at org.junit.internal.runners.statements.RunBefores.evaluate(RunBefores.java:26)
	at org.junit.runners.ParentRunner.runLeaf(ParentRunner.java:271)
	at org.junit.runners.BlockJUnit4ClassRunner.runChild(BlockJUnit4ClassRunner.java:70)
	at org.junit.runners.BlockJUnit4ClassRunner.runChild(BlockJUnit4ClassRunner.java:50)
	at org.junit.runners.ParentRunner$3.run(ParentRunner.java:238)
	at org.junit.runners.ParentRunner$1.schedule(ParentRunner.java:63)
	at org.junit.runners.ParentRunner.runChildren(ParentRunner.java:236)
	at org.junit.runners.ParentRunner.access$000(ParentRunner.java:53)
	at org.junit.runners.ParentRunner$2.evaluate(ParentRunner.java:229)
	at org.junit.runners.ParentRunner.run(ParentRunner.java:309)
	at org.junit.runners.Suite.runChild(Suite.java:127)
	at org.junit.runners.Suite.runChild(Suite.java:26)
	at org.junit.runners.ParentRunner$3.run(ParentRunner.java:238)
	at org.junit.runners.ParentRunner$1.schedule(ParentRunner.java:63)
	at org.junit.runners.ParentRunner.runChildren(ParentRunner.java:236)
	at org.junit.runners.ParentRunner.access$000(ParentRunner.java:53)
	at org.junit.runners.ParentRunner$2.evaluate(ParentRunner.java:229)
	at org.junit.runners.ParentRunner.run(ParentRunner.java:309)
	at org.junit.runner.JUnitCore.run(JUnitCore.java:160)
	at org.junit.runner.JUnitCore.run(JUnitCore.java:138)
	at org.junit.runner.JUnitCore.run(JUnitCore.java:117)
	at sbst.benchmark.coverage.TestExecutionTask.call(TestExecutionTask.java:54)
	at sbst.benchmark.coverage.TestExecutionTask.call(TestExecutionTask.java:15)
	at java.util.concurrent.FutureTask.run(FutureTask.java:266)
	at java.util.concurrent.ThreadPoolExecutor.runWorker(ThreadPoolExecutor.java:1149)
	at java.util.concurrent.ThreadPoolExecutor$Worker.run(ThreadPoolExecutor.java:624)
	at java.lang.Thread.run(Thread.java:750)

Failure: [initializationError(org.jsoup.safety.EqualityUtils): No runnable methods]
Failing Tests: initializationError(org.jsoup.safety.EqualityUtils)
java.lang.Exception: No runnable methods
	at org.junit.runners.BlockJUnit4ClassRunner.validateInstanceMethods(BlockJUnit4ClassRunner.java:169)
	at org.junit.runners.BlockJUnit4ClassRunner.collectInitializationErrors(BlockJUnit4ClassRunner.java:104)
	at org.junit.runners.ParentRunner.validate(ParentRunner.java:355)
	at org.junit.runners.ParentRunner.<init>(ParentRunner.java:76)
	at org.junit.runners.BlockJUnit4ClassRunner.<init>(BlockJUnit4ClassRunner.java:57)
	at org.junit.internal.builders.JUnit4Builder.runnerForClass(JUnit4Builder.java:10)
	at org.junit.runners.model.RunnerBuilder.safeRunnerForClass(RunnerBuilder.java:59)
	at org.junit.internal.builders.AllDefaultPossibilitiesBuilder.runnerForClass(AllDefaultPossibilitiesBuilder.java:26)
	at org.junit.runner.Computer.getRunner(Computer.java:40)
	at org.junit.runner.Computer$1.runnerForClass(Computer.java:31)
	at org.junit.runners.model.RunnerBuilder.safeRunnerForClass(RunnerBuilder.java:59)
	at org.junit.runners.model.RunnerBuilder.runners(RunnerBuilder.java:101)
	at org.junit.runners.model.RunnerBuilder.runners(RunnerBuilder.java:87)
	at org.junit.runners.Suite.<init>(Suite.java:80)
	at org.junit.runner.Computer.getSuite(Computer.java:28)
	at org.junit.runner.Request.classes(Request.java:75)
	at org.junit.runner.JUnitCore.run(JUnitCore.java:117)
	at sbst.benchmark.coverage.TestExecutionTask.call(TestExecutionTask.java:54)
	at sbst.benchmark.coverage.TestExecutionTask.call(TestExecutionTask.java:15)
	at java.util.concurrent.FutureTask.run(FutureTask.java:266)
	at java.util.concurrent.ThreadPoolExecutor.runWorker(ThreadPoolExecutor.java:1149)
	at java.util.concurrent.ThreadPoolExecutor$Worker.run(ThreadPoolExecutor.java:624)
	at java.lang.Thread.run(Thread.java:750)

Failure: [initializationError(org.jsoup.safety.ReflectionUtils): No runnable methods]
Failing Tests: initializationError(org.jsoup.safety.ReflectionUtils)
java.lang.Exception: No runnable methods
	at org.junit.runners.BlockJUnit4ClassRunner.validateInstanceMethods(BlockJUnit4ClassRunner.java:169)
	at org.junit.runners.BlockJUnit4ClassRunner.collectInitializationErrors(BlockJUnit4ClassRunner.java:104)
	at org.junit.runners.ParentRunner.validate(ParentRunner.java:355)
	at org.junit.runners.ParentRunner.<init>(ParentRunner.java:76)
	at org.junit.runners.BlockJUnit4ClassRunner.<init>(BlockJUnit4ClassRunner.java:57)
	at org.junit.internal.builders.JUnit4Builder.runnerForClass(JUnit4Builder.java:10)
	at org.junit.runners.model.RunnerBuilder.safeRunnerForClass(RunnerBuilder.java:59)
	at org.junit.internal.builders.AllDefaultPossibilitiesBuilder.runnerForClass(AllDefaultPossibilitiesBuilder.java:26)
	at org.junit.runner.Computer.getRunner(Computer.java:40)
	at org.junit.runner.Computer$1.runnerForClass(Computer.java:31)
	at org.junit.runners.model.RunnerBuilder.safeRunnerForClass(RunnerBuilder.java:59)
	at org.junit.runners.model.RunnerBuilder.runners(RunnerBuilder.java:101)
	at org.junit.runners.model.RunnerBuilder.runners(RunnerBuilder.java:87)
	at org.junit.runners.Suite.<init>(Suite.java:80)
	at org.junit.runner.Computer.getSuite(Computer.java:28)
	at org.junit.runner.Request.classes(Request.java:75)
	at org.junit.runner.JUnitCore.run(JUnitCore.java:117)
	at sbst.benchmark.coverage.TestExecutionTask.call(TestExecutionTask.java:54)
	at sbst.benchmark.coverage.TestExecutionTask.call(TestExecutionTask.java:15)
	at java.util.concurrent.FutureTask.run(FutureTask.java:266)
	at java.util.concurrent.ThreadPoolExecutor.runWorker(ThreadPoolExecutor.java:1149)
	at java.util.concurrent.ThreadPoolExecutor$Worker.run(ThreadPoolExecutor.java:624)
	at java.lang.Thread.run(Thread.java:750)

Executions terminated
Running the tests: [SBSTDummyForCoverageAndMutationCalculation, org.jsoup.safety.Cleaner_clean_17149344720, org.jsoup.safety.Cleaner_clean_17149344721, org.jsoup.safety.Cleaner_copySafeNodes_15577442520, org.jsoup.safety.Cleaner_copySafeNodes_15577442521, org.jsoup.safety.Cleaner_createSafeElement_5064628040, org.jsoup.safety.Cleaner_createSafeElement_5064628041, org.jsoup.safety.Cleaner_init_3886454980, org.jsoup.safety.Cleaner_init_3886454981, org.jsoup.safety.Cleaner_isValidBodyHtml_5074134310, org.jsoup.safety.Cleaner_isValidBodyHtml_5074134311, org.jsoup.safety.Cleaner_isValid_17071088490, org.jsoup.safety.Cleaner_isValid_17071088491, org.jsoup.safety.EqualityUtils, org.jsoup.safety.ReflectionUtils]
Failure: [test(org.jsoup.safety.Cleaner_clean_17149344720): 3]
Failing Tests: test(org.jsoup.safety.Cleaner_clean_17149344720)
java.lang.ArrayIndexOutOfBoundsException: 3
	at org.jsoup.nodes.Attributes.indexOfKey(Attributes.java:71)
	at org.jsoup.nodes.Attributes.hasKey(Attributes.java:254)
	at org.jsoup.nodes.Element.searchUpForAttribute(Element.java:124)
	at org.jsoup.nodes.Element.baseUri(Element.java:118)
	at org.jsoup.safety.Cleaner.clean(Cleaner.java:57)
	at sun.reflect.NativeMethodAccessorImpl.invoke0(Native Method)
	at sun.reflect.NativeMethodAccessorImpl.invoke(NativeMethodAccessorImpl.java:62)
	at sun.reflect.DelegatingMethodAccessorImpl.invoke(DelegatingMethodAccessorImpl.java:43)
	at java.lang.reflect.Method.invoke(Method.java:498)
	at org.jsoup.safety.ReflectionUtils.callMethod(ReflectionUtils.java:238)
	at org.jsoup.safety.Cleaner_clean_17149344720.test(Cleaner_clean_17149344720.java:179)
	at sun.reflect.NativeMethodAccessorImpl.invoke0(Native Method)
	at sun.reflect.NativeMethodAccessorImpl.invoke(NativeMethodAccessorImpl.java:62)
	at sun.reflect.DelegatingMethodAccessorImpl.invoke(DelegatingMethodAccessorImpl.java:43)
	at java.lang.reflect.Method.invoke(Method.java:498)
	at org.junit.runners.model.FrameworkMethod$1.runReflectiveCall(FrameworkMethod.java:47)
	at org.junit.internal.runners.model.ReflectiveCallable.run(ReflectiveCallable.java:12)
	at org.junit.runners.model.FrameworkMethod.invokeExplosively(FrameworkMethod.java:44)
	at org.junit.internal.runners.statements.InvokeMethod.evaluate(InvokeMethod.java:17)
	at org.junit.internal.runners.statements.RunBefores.evaluate(RunBefores.java:26)
	at org.junit.runners.ParentRunner.runLeaf(ParentRunner.java:271)
	at org.junit.runners.BlockJUnit4ClassRunner.runChild(BlockJUnit4ClassRunner.java:70)
	at org.junit.runners.BlockJUnit4ClassRunner.runChild(BlockJUnit4ClassRunner.java:50)
	at org.junit.runners.ParentRunner$3.run(ParentRunner.java:238)
	at org.junit.runners.ParentRunner$1.schedule(ParentRunner.java:63)
	at org.junit.runners.ParentRunner.runChildren(ParentRunner.java:236)
	at org.junit.runners.ParentRunner.access$000(ParentRunner.java:53)
	at org.junit.runners.ParentRunner$2.evaluate(ParentRunner.java:229)
	at org.junit.runners.ParentRunner.run(ParentRunner.java:309)
	at org.junit.runners.Suite.runChild(Suite.java:127)
	at org.junit.runners.Suite.runChild(Suite.java:26)
	at org.junit.runners.ParentRunner$3.run(ParentRunner.java:238)
	at org.junit.runners.ParentRunner$1.schedule(ParentRunner.java:63)
	at org.junit.runners.ParentRunner.runChildren(ParentRunner.java:236)
	at org.junit.runners.ParentRunner.access$000(ParentRunner.java:53)
	at org.junit.runners.ParentRunner$2.evaluate(ParentRunner.java:229)
	at org.junit.runners.ParentRunner.run(ParentRunner.java:309)
	at org.junit.runner.JUnitCore.run(JUnitCore.java:160)
	at org.junit.runner.JUnitCore.run(JUnitCore.java:138)
	at org.junit.runner.JUnitCore.run(JUnitCore.java:117)
	at sbst.benchmark.coverage.TestExecutionTask.call(TestExecutionTask.java:54)
	at sbst.benchmark.coverage.TestExecutionTask.call(TestExecutionTask.java:15)
	at java.util.concurrent.FutureTask.run(FutureTask.java:266)
	at java.util.concurrent.ThreadPoolExecutor.runWorker(ThreadPoolExecutor.java:1149)
	at java.util.concurrent.ThreadPoolExecutor$Worker.run(ThreadPoolExecutor.java:624)
	at java.lang.Thread.run(Thread.java:750)

Failure: [test(org.jsoup.safety.Cleaner_clean_17149344721): Object must not be null]
Failing Tests: test(org.jsoup.safety.Cleaner_clean_17149344721)
org.jsoup.helper.ValidationException: Object must not be null
	at org.jsoup.safety.Cleaner.clean(Cleaner.java:55)
	at sun.reflect.NativeMethodAccessorImpl.invoke0(Native Method)
	at sun.reflect.NativeMethodAccessorImpl.invoke(NativeMethodAccessorImpl.java:62)
	at sun.reflect.DelegatingMethodAccessorImpl.invoke(DelegatingMethodAccessorImpl.java:43)
	at java.lang.reflect.Method.invoke(Method.java:498)
	at org.jsoup.safety.ReflectionUtils.callMethod(ReflectionUtils.java:238)
	at org.jsoup.safety.Cleaner_clean_17149344721.test(Cleaner_clean_17149344721.java:39)
	at sun.reflect.NativeMethodAccessorImpl.invoke0(Native Method)
	at sun.reflect.NativeMethodAccessorImpl.invoke(NativeMethodAccessorImpl.java:62)
	at sun.reflect.DelegatingMethodAccessorImpl.invoke(DelegatingMethodAccessorImpl.java:43)
	at java.lang.reflect.Method.invoke(Method.java:498)
	at org.junit.runners.model.FrameworkMethod$1.runReflectiveCall(FrameworkMethod.java:47)
	at org.junit.internal.runners.model.ReflectiveCallable.run(ReflectiveCallable.java:12)
	at org.junit.runners.model.FrameworkMethod.invokeExplosively(FrameworkMethod.java:44)
	at org.junit.internal.runners.statements.InvokeMethod.evaluate(InvokeMethod.java:17)
	at org.junit.internal.runners.statements.RunBefores.evaluate(RunBefores.java:26)
	at org.junit.runners.ParentRunner.runLeaf(ParentRunner.java:271)
	at org.junit.runners.BlockJUnit4ClassRunner.runChild(BlockJUnit4ClassRunner.java:70)
	at org.junit.runners.BlockJUnit4ClassRunner.runChild(BlockJUnit4ClassRunner.java:50)
	at org.junit.runners.ParentRunner$3.run(ParentRunner.java:238)
	at org.junit.runners.ParentRunner$1.schedule(ParentRunner.java:63)
	at org.junit.runners.ParentRunner.runChildren(ParentRunner.java:236)
	at org.junit.runners.ParentRunner.access$000(ParentRunner.java:53)
	at org.junit.runners.ParentRunner$2.evaluate(ParentRunner.java:229)
	at org.junit.runners.ParentRunner.run(ParentRunner.java:309)
	at org.junit.runners.Suite.runChild(Suite.java:127)
	at org.junit.runners.Suite.runChild(Suite.java:26)
	at org.junit.runners.ParentRunner$3.run(ParentRunner.java:238)
	at org.junit.runners.ParentRunner$1.schedule(ParentRunner.java:63)
	at org.junit.runners.ParentRunner.runChildren(ParentRunner.java:236)
	at org.junit.runners.ParentRunner.access$000(ParentRunner.java:53)
	at org.junit.runners.ParentRunner$2.evaluate(ParentRunner.java:229)
	at org.junit.runners.ParentRunner.run(ParentRunner.java:309)
	at org.junit.runner.JUnitCore.run(JUnitCore.java:160)
	at org.junit.runner.JUnitCore.run(JUnitCore.java:138)
	at org.junit.runner.JUnitCore.run(JUnitCore.java:117)
	at sbst.benchmark.coverage.TestExecutionTask.call(TestExecutionTask.java:54)
	at sbst.benchmark.coverage.TestExecutionTask.call(TestExecutionTask.java:15)
	at java.util.concurrent.FutureTask.run(FutureTask.java:266)
	at java.util.concurrent.ThreadPoolExecutor.runWorker(ThreadPoolExecutor.java:1149)
	at java.util.concurrent.ThreadPoolExecutor$Worker.run(ThreadPoolExecutor.java:624)
	at java.lang.Thread.run(Thread.java:750)

Failure: [test(org.jsoup.safety.Cleaner_copySafeNodes_15577442521): Object must not be null]
Failing Tests: test(org.jsoup.safety.Cleaner_copySafeNodes_15577442521)
org.jsoup.helper.ValidationException: Object must not be null
	at org.jsoup.select.NodeTraversor.traverse(NodeTraversor.java:22)
	at org.jsoup.safety.Cleaner.copySafeNodes(Cleaner.java:175)
	at sun.reflect.NativeMethodAccessorImpl.invoke0(Native Method)
	at sun.reflect.NativeMethodAccessorImpl.invoke(NativeMethodAccessorImpl.java:62)
	at sun.reflect.DelegatingMethodAccessorImpl.invoke(DelegatingMethodAccessorImpl.java:43)
	at java.lang.reflect.Method.invoke(Method.java:498)
	at org.jsoup.safety.ReflectionUtils.callMethod(ReflectionUtils.java:238)
	at org.jsoup.safety.Cleaner_copySafeNodes_15577442521.test(Cleaner_copySafeNodes_15577442521.java:41)
	at sun.reflect.NativeMethodAccessorImpl.invoke0(Native Method)
	at sun.reflect.NativeMethodAccessorImpl.invoke(NativeMethodAccessorImpl.java:62)
	at sun.reflect.DelegatingMethodAccessorImpl.invoke(DelegatingMethodAccessorImpl.java:43)
	at java.lang.reflect.Method.invoke(Method.java:498)
	at org.junit.runners.model.FrameworkMethod$1.runReflectiveCall(FrameworkMethod.java:47)
	at org.junit.internal.runners.model.ReflectiveCallable.run(ReflectiveCallable.java:12)
	at org.junit.runners.model.FrameworkMethod.invokeExplosively(FrameworkMethod.java:44)
	at org.junit.internal.runners.statements.InvokeMethod.evaluate(InvokeMethod.java:17)
	at org.junit.internal.runners.statements.RunBefores.evaluate(RunBefores.java:26)
	at org.junit.runners.ParentRunner.runLeaf(ParentRunner.java:271)
	at org.junit.runners.BlockJUnit4ClassRunner.runChild(BlockJUnit4ClassRunner.java:70)
	at org.junit.runners.BlockJUnit4ClassRunner.runChild(BlockJUnit4ClassRunner.java:50)
	at org.junit.runners.ParentRunner$3.run(ParentRunner.java:238)
	at org.junit.runners.ParentRunner$1.schedule(ParentRunner.java:63)
	at org.junit.runners.ParentRunner.runChildren(ParentRunner.java:236)
	at org.junit.runners.ParentRunner.access$000(ParentRunner.java:53)
	at org.junit.runners.ParentRunner$2.evaluate(ParentRunner.java:229)
	at org.junit.runners.ParentRunner.run(ParentRunner.java:309)
	at org.junit.runners.Suite.runChild(Suite.java:127)
	at org.junit.runners.Suite.runChild(Suite.java:26)
	at org.junit.runners.ParentRunner$3.run(ParentRunner.java:238)
	at org.junit.runners.ParentRunner$1.schedule(ParentRunner.java:63)
	at org.junit.runners.ParentRunner.runChildren(ParentRunner.java:236)
	at org.junit.runners.ParentRunner.access$000(ParentRunner.java:53)
	at org.junit.runners.ParentRunner$2.evaluate(ParentRunner.java:229)
	at org.junit.runners.ParentRunner.run(ParentRunner.java:309)
	at org.junit.runner.JUnitCore.run(JUnitCore.java:160)
	at org.junit.runner.JUnitCore.run(JUnitCore.java:138)
	at org.junit.runner.JUnitCore.run(JUnitCore.java:117)
	at sbst.benchmark.coverage.TestExecutionTask.call(TestExecutionTask.java:54)
	at sbst.benchmark.coverage.TestExecutionTask.call(TestExecutionTask.java:15)
	at java.util.concurrent.FutureTask.run(FutureTask.java:266)
	at java.util.concurrent.ThreadPoolExecutor.runWorker(ThreadPoolExecutor.java:1149)
	at java.util.concurrent.ThreadPoolExecutor$Worker.run(ThreadPoolExecutor.java:624)
	at java.lang.Thread.run(Thread.java:750)

Failure: [test(org.jsoup.safety.Cleaner_createSafeElement_5064628040): 3]
Failing Tests: test(org.jsoup.safety.Cleaner_createSafeElement_5064628040)
java.lang.ArrayIndexOutOfBoundsException: 3
	at org.jsoup.nodes.Attributes.indexOfKey(Attributes.java:71)
	at org.jsoup.nodes.Attributes.hasKey(Attributes.java:254)
	at org.jsoup.nodes.Element.searchUpForAttribute(Element.java:124)
	at org.jsoup.nodes.Element.baseUri(Element.java:118)
	at org.jsoup.safety.Cleaner.createSafeElement(Cleaner.java:182)
	at sun.reflect.NativeMethodAccessorImpl.invoke0(Native Method)
	at sun.reflect.NativeMethodAccessorImpl.invoke(NativeMethodAccessorImpl.java:62)
	at sun.reflect.DelegatingMethodAccessorImpl.invoke(DelegatingMethodAccessorImpl.java:43)
	at java.lang.reflect.Method.invoke(Method.java:498)
	at org.jsoup.safety.ReflectionUtils.callMethod(ReflectionUtils.java:238)
	at org.jsoup.safety.Cleaner_createSafeElement_5064628040.test(Cleaner_createSafeElement_5064628040.java:123)
	at sun.reflect.NativeMethodAccessorImpl.invoke0(Native Method)
	at sun.reflect.NativeMethodAccessorImpl.invoke(NativeMethodAccessorImpl.java:62)
	at sun.reflect.DelegatingMethodAccessorImpl.invoke(DelegatingMethodAccessorImpl.java:43)
	at java.lang.reflect.Method.invoke(Method.java:498)
	at org.junit.runners.model.FrameworkMethod$1.runReflectiveCall(FrameworkMethod.java:47)
	at org.junit.internal.runners.model.ReflectiveCallable.run(ReflectiveCallable.java:12)
	at org.junit.runners.model.FrameworkMethod.invokeExplosively(FrameworkMethod.java:44)
	at org.junit.internal.runners.statements.InvokeMethod.evaluate(InvokeMethod.java:17)
	at org.junit.internal.runners.statements.RunBefores.evaluate(RunBefores.java:26)
	at org.junit.runners.ParentRunner.runLeaf(ParentRunner.java:271)
	at org.junit.runners.BlockJUnit4ClassRunner.runChild(BlockJUnit4ClassRunner.java:70)
	at org.junit.runners.BlockJUnit4ClassRunner.runChild(BlockJUnit4ClassRunner.java:50)
	at org.junit.runners.ParentRunner$3.run(ParentRunner.java:238)
	at org.junit.runners.ParentRunner$1.schedule(ParentRunner.java:63)
	at org.junit.runners.ParentRunner.runChildren(ParentRunner.java:236)
	at org.junit.runners.ParentRunner.access$000(ParentRunner.java:53)
	at org.junit.runners.ParentRunner$2.evaluate(ParentRunner.java:229)
	at org.junit.runners.ParentRunner.run(ParentRunner.java:309)
	at org.junit.runners.Suite.runChild(Suite.java:127)
	at org.junit.runners.Suite.runChild(Suite.java:26)
	at org.junit.runners.ParentRunner$3.run(ParentRunner.java:238)
	at org.junit.runners.ParentRunner$1.schedule(ParentRunner.java:63)
	at org.junit.runners.ParentRunner.runChildren(ParentRunner.java:236)
	at org.junit.runners.ParentRunner.access$000(ParentRunner.java:53)
	at org.junit.runners.ParentRunner$2.evaluate(ParentRunner.java:229)
	at org.junit.runners.ParentRunner.run(ParentRunner.java:309)
	at org.junit.runner.JUnitCore.run(JUnitCore.java:160)
	at org.junit.runner.JUnitCore.run(JUnitCore.java:138)
	at org.junit.runner.JUnitCore.run(JUnitCore.java:117)
	at sbst.benchmark.coverage.TestExecutionTask.call(TestExecutionTask.java:54)
	at sbst.benchmark.coverage.TestExecutionTask.call(TestExecutionTask.java:15)
	at java.util.concurrent.FutureTask.run(FutureTask.java:266)
	at java.util.concurrent.ThreadPoolExecutor.runWorker(ThreadPoolExecutor.java:1149)
	at java.util.concurrent.ThreadPoolExecutor$Worker.run(ThreadPoolExecutor.java:624)
	at java.lang.Thread.run(Thread.java:750)

Failure: [test(org.jsoup.safety.Cleaner_createSafeElement_5064628041): null]
Failing Tests: test(org.jsoup.safety.Cleaner_createSafeElement_5064628041)
java.lang.NullPointerException
	at org.jsoup.safety.Cleaner.createSafeElement(Cleaner.java:180)
	at sun.reflect.NativeMethodAccessorImpl.invoke0(Native Method)
	at sun.reflect.NativeMethodAccessorImpl.invoke(NativeMethodAccessorImpl.java:62)
	at sun.reflect.DelegatingMethodAccessorImpl.invoke(DelegatingMethodAccessorImpl.java:43)
	at java.lang.reflect.Method.invoke(Method.java:498)
	at org.jsoup.safety.ReflectionUtils.callMethod(ReflectionUtils.java:238)
	at org.jsoup.safety.Cleaner_createSafeElement_5064628041.test(Cleaner_createSafeElement_5064628041.java:39)
	at sun.reflect.NativeMethodAccessorImpl.invoke0(Native Method)
	at sun.reflect.NativeMethodAccessorImpl.invoke(NativeMethodAccessorImpl.java:62)
	at sun.reflect.DelegatingMethodAccessorImpl.invoke(DelegatingMethodAccessorImpl.java:43)
	at java.lang.reflect.Method.invoke(Method.java:498)
	at org.junit.runners.model.FrameworkMethod$1.runReflectiveCall(FrameworkMethod.java:47)
	at org.junit.internal.runners.model.ReflectiveCallable.run(ReflectiveCallable.java:12)
	at org.junit.runners.model.FrameworkMethod.invokeExplosively(FrameworkMethod.java:44)
	at org.junit.internal.runners.statements.InvokeMethod.evaluate(InvokeMethod.java:17)
	at org.junit.internal.runners.statements.RunBefores.evaluate(RunBefores.java:26)
	at org.junit.runners.ParentRunner.runLeaf(ParentRunner.java:271)
	at org.junit.runners.BlockJUnit4ClassRunner.runChild(BlockJUnit4ClassRunner.java:70)
	at org.junit.runners.BlockJUnit4ClassRunner.runChild(BlockJUnit4ClassRunner.java:50)
	at org.junit.runners.ParentRunner$3.run(ParentRunner.java:238)
	at org.junit.runners.ParentRunner$1.schedule(ParentRunner.java:63)
	at org.junit.runners.ParentRunner.runChildren(ParentRunner.java:236)
	at org.junit.runners.ParentRunner.access$000(ParentRunner.java:53)
	at org.junit.runners.ParentRunner$2.evaluate(ParentRunner.java:229)
	at org.junit.runners.ParentRunner.run(ParentRunner.java:309)
	at org.junit.runners.Suite.runChild(Suite.java:127)
	at org.junit.runners.Suite.runChild(Suite.java:26)
	at org.junit.runners.ParentRunner$3.run(ParentRunner.java:238)
	at org.junit.runners.ParentRunner$1.schedule(ParentRunner.java:63)
	at org.junit.runners.ParentRunner.runChildren(ParentRunner.java:236)
	at org.junit.runners.ParentRunner.access$000(ParentRunner.java:53)
	at org.junit.runners.ParentRunner$2.evaluate(ParentRunner.java:229)
	at org.junit.runners.ParentRunner.run(ParentRunner.java:309)
	at org.junit.runner.JUnitCore.run(JUnitCore.java:160)
	at org.junit.runner.JUnitCore.run(JUnitCore.java:138)
	at org.junit.runner.JUnitCore.run(JUnitCore.java:117)
	at sbst.benchmark.coverage.TestExecutionTask.call(TestExecutionTask.java:54)
	at sbst.benchmark.coverage.TestExecutionTask.call(TestExecutionTask.java:15)
	at java.util.concurrent.FutureTask.run(FutureTask.java:266)
	at java.util.concurrent.ThreadPoolExecutor.runWorker(ThreadPoolExecutor.java:1149)
	at java.util.concurrent.ThreadPoolExecutor$Worker.run(ThreadPoolExecutor.java:624)
	at java.lang.Thread.run(Thread.java:750)

Failure: [test(org.jsoup.safety.Cleaner_init_3886454981): null]
Failing Tests: test(org.jsoup.safety.Cleaner_init_3886454981)
java.lang.reflect.InvocationTargetException
	at sun.reflect.NativeConstructorAccessorImpl.newInstance0(Native Method)
	at sun.reflect.NativeConstructorAccessorImpl.newInstance(NativeConstructorAccessorImpl.java:62)
	at sun.reflect.DelegatingConstructorAccessorImpl.newInstance(DelegatingConstructorAccessorImpl.java:45)
	at java.lang.reflect.Constructor.newInstance(Constructor.java:423)
	at org.jsoup.safety.ReflectionUtils.callConstructor(ReflectionUtils.java:231)
	at org.jsoup.safety.Cleaner_init_3886454981.test(Cleaner_init_3886454981.java:36)
	at sun.reflect.NativeMethodAccessorImpl.invoke0(Native Method)
	at sun.reflect.NativeMethodAccessorImpl.invoke(NativeMethodAccessorImpl.java:62)
	at sun.reflect.DelegatingMethodAccessorImpl.invoke(DelegatingMethodAccessorImpl.java:43)
	at java.lang.reflect.Method.invoke(Method.java:498)
	at org.junit.runners.model.FrameworkMethod$1.runReflectiveCall(FrameworkMethod.java:47)
	at org.junit.internal.runners.model.ReflectiveCallable.run(ReflectiveCallable.java:12)
	at org.junit.runners.model.FrameworkMethod.invokeExplosively(FrameworkMethod.java:44)
	at org.junit.internal.runners.statements.InvokeMethod.evaluate(InvokeMethod.java:17)
	at org.junit.internal.runners.statements.RunBefores.evaluate(RunBefores.java:26)
	at org.junit.runners.ParentRunner.runLeaf(ParentRunner.java:271)
	at org.junit.runners.BlockJUnit4ClassRunner.runChild(BlockJUnit4ClassRunner.java:70)
	at org.junit.runners.BlockJUnit4ClassRunner.runChild(BlockJUnit4ClassRunner.java:50)
	at org.junit.runners.ParentRunner$3.run(ParentRunner.java:238)
	at org.junit.runners.ParentRunner$1.schedule(ParentRunner.java:63)
	at org.junit.runners.ParentRunner.runChildren(ParentRunner.java:236)
	at org.junit.runners.ParentRunner.access$000(ParentRunner.java:53)
	at org.junit.runners.ParentRunner$2.evaluate(ParentRunner.java:229)
	at org.junit.runners.ParentRunner.run(ParentRunner.java:309)
	at org.junit.runners.Suite.runChild(Suite.java:127)
	at org.junit.runners.Suite.runChild(Suite.java:26)
	at org.junit.runners.ParentRunner$3.run(ParentRunner.java:238)
	at org.junit.runners.ParentRunner$1.schedule(ParentRunner.java:63)
	at org.junit.runners.ParentRunner.runChildren(ParentRunner.java:236)
	at org.junit.runners.ParentRunner.access$000(ParentRunner.java:53)
	at org.junit.runners.ParentRunner$2.evaluate(ParentRunner.java:229)
	at org.junit.runners.ParentRunner.run(ParentRunner.java:309)
	at org.junit.runner.JUnitCore.run(JUnitCore.java:160)
	at org.junit.runner.JUnitCore.run(JUnitCore.java:138)
	at org.junit.runner.JUnitCore.run(JUnitCore.java:117)
	at sbst.benchmark.coverage.TestExecutionTask.call(TestExecutionTask.java:54)
	at sbst.benchmark.coverage.TestExecutionTask.call(TestExecutionTask.java:15)
	at java.util.concurrent.FutureTask.run(FutureTask.java:266)
	at java.util.concurrent.ThreadPoolExecutor.runWorker(ThreadPoolExecutor.java:1149)
	at java.util.concurrent.ThreadPoolExecutor$Worker.run(ThreadPoolExecutor.java:624)
	at java.lang.Thread.run(Thread.java:750)
Caused by: org.jsoup.helper.ValidationException: Object must not be null
	at org.jsoup.safety.Cleaner.<init>(Cleaner.java:43)
	... 41 more

Failure: [test(org.jsoup.safety.Cleaner_isValidBodyHtml_5074134311): null]
Failing Tests: test(org.jsoup.safety.Cleaner_isValidBodyHtml_5074134311)
java.lang.NullPointerException
	at java.io.StringReader.<init>(StringReader.java:50)
	at org.jsoup.parser.HtmlTreeBuilder.parseFragment(HtmlTreeBuilder.java:96)
	at org.jsoup.parser.Parser.parseFragment(Parser.java:195)
	at org.jsoup.safety.Cleaner.isValidBodyHtml(Cleaner.java:120)
	at sun.reflect.NativeMethodAccessorImpl.invoke0(Native Method)
	at sun.reflect.NativeMethodAccessorImpl.invoke(NativeMethodAccessorImpl.java:62)
	at sun.reflect.DelegatingMethodAccessorImpl.invoke(DelegatingMethodAccessorImpl.java:43)
	at java.lang.reflect.Method.invoke(Method.java:498)
	at org.jsoup.safety.ReflectionUtils.callMethod(ReflectionUtils.java:238)
	at org.jsoup.safety.Cleaner_isValidBodyHtml_5074134311.test(Cleaner_isValidBodyHtml_5074134311.java:39)
	at sun.reflect.NativeMethodAccessorImpl.invoke0(Native Method)
	at sun.reflect.NativeMethodAccessorImpl.invoke(NativeMethodAccessorImpl.java:62)
	at sun.reflect.DelegatingMethodAccessorImpl.invoke(DelegatingMethodAccessorImpl.java:43)
	at java.lang.reflect.Method.invoke(Method.java:498)
	at org.junit.runners.model.FrameworkMethod$1.runReflectiveCall(FrameworkMethod.java:47)
	at org.junit.internal.runners.model.ReflectiveCallable.run(ReflectiveCallable.java:12)
	at org.junit.runners.model.FrameworkMethod.invokeExplosively(FrameworkMethod.java:44)
	at org.junit.internal.runners.statements.InvokeMethod.evaluate(InvokeMethod.java:17)
	at org.junit.internal.runners.statements.RunBefores.evaluate(RunBefores.java:26)
	at org.junit.runners.ParentRunner.runLeaf(ParentRunner.java:271)
	at org.junit.runners.BlockJUnit4ClassRunner.runChild(BlockJUnit4ClassRunner.java:70)
	at org.junit.runners.BlockJUnit4ClassRunner.runChild(BlockJUnit4ClassRunner.java:50)
	at org.junit.runners.ParentRunner$3.run(ParentRunner.java:238)
	at org.junit.runners.ParentRunner$1.schedule(ParentRunner.java:63)
	at org.junit.runners.ParentRunner.runChildren(ParentRunner.java:236)
	at org.junit.runners.ParentRunner.access$000(ParentRunner.java:53)
	at org.junit.runners.ParentRunner$2.evaluate(ParentRunner.java:229)
	at org.junit.runners.ParentRunner.run(ParentRunner.java:309)
	at org.junit.runners.Suite.runChild(Suite.java:127)
	at org.junit.runners.Suite.runChild(Suite.java:26)
	at org.junit.runners.ParentRunner$3.run(ParentRunner.java:238)
	at org.junit.runners.ParentRunner$1.schedule(ParentRunner.java:63)
	at org.junit.runners.ParentRunner.runChildren(ParentRunner.java:236)
	at org.junit.runners.ParentRunner.access$000(ParentRunner.java:53)
	at org.junit.runners.ParentRunner$2.evaluate(ParentRunner.java:229)
	at org.junit.runners.ParentRunner.run(ParentRunner.java:309)
	at org.junit.runner.JUnitCore.run(JUnitCore.java:160)
	at org.junit.runner.JUnitCore.run(JUnitCore.java:138)
	at org.junit.runner.JUnitCore.run(JUnitCore.java:117)
	at sbst.benchmark.coverage.TestExecutionTask.call(TestExecutionTask.java:54)
	at sbst.benchmark.coverage.TestExecutionTask.call(TestExecutionTask.java:15)
	at java.util.concurrent.FutureTask.run(FutureTask.java:266)
	at java.util.concurrent.ThreadPoolExecutor.runWorker(ThreadPoolExecutor.java:1149)
	at java.util.concurrent.ThreadPoolExecutor$Worker.run(ThreadPoolExecutor.java:624)
	at java.lang.Thread.run(Thread.java:750)

Failure: [test(org.jsoup.safety.Cleaner_isValid_17071088490): 3]
Failing Tests: test(org.jsoup.safety.Cleaner_isValid_17071088490)
java.lang.ArrayIndexOutOfBoundsException: 3
	at org.jsoup.nodes.Attributes.indexOfKey(Attributes.java:71)
	at org.jsoup.nodes.Attributes.hasKey(Attributes.java:254)
	at org.jsoup.nodes.Element.searchUpForAttribute(Element.java:124)
	at org.jsoup.nodes.Element.baseUri(Element.java:118)
	at org.jsoup.safety.Cleaner.isValid(Cleaner.java:89)
	at sun.reflect.NativeMethodAccessorImpl.invoke0(Native Method)
	at sun.reflect.NativeMethodAccessorImpl.invoke(NativeMethodAccessorImpl.java:62)
	at sun.reflect.DelegatingMethodAccessorImpl.invoke(DelegatingMethodAccessorImpl.java:43)
	at java.lang.reflect.Method.invoke(Method.java:498)
	at org.jsoup.safety.ReflectionUtils.callMethod(ReflectionUtils.java:238)
	at org.jsoup.safety.Cleaner_isValid_17071088490.test(Cleaner_isValid_17071088490.java:179)
	at sun.reflect.NativeMethodAccessorImpl.invoke0(Native Method)
	at sun.reflect.NativeMethodAccessorImpl.invoke(NativeMethodAccessorImpl.java:62)
	at sun.reflect.DelegatingMethodAccessorImpl.invoke(DelegatingMethodAccessorImpl.java:43)
	at java.lang.reflect.Method.invoke(Method.java:498)
	at org.junit.runners.model.FrameworkMethod$1.runReflectiveCall(FrameworkMethod.java:47)
	at org.junit.internal.runners.model.ReflectiveCallable.run(ReflectiveCallable.java:12)
	at org.junit.runners.model.FrameworkMethod.invokeExplosively(FrameworkMethod.java:44)
	at org.junit.internal.runners.statements.InvokeMethod.evaluate(InvokeMethod.java:17)
	at org.junit.internal.runners.statements.RunBefores.evaluate(RunBefores.java:26)
	at org.junit.runners.ParentRunner.runLeaf(ParentRunner.java:271)
	at org.junit.runners.BlockJUnit4ClassRunner.runChild(BlockJUnit4ClassRunner.java:70)
	at org.junit.runners.BlockJUnit4ClassRunner.runChild(BlockJUnit4ClassRunner.java:50)
	at org.junit.runners.ParentRunner$3.run(ParentRunner.java:238)
	at org.junit.runners.ParentRunner$1.schedule(ParentRunner.java:63)
	at org.junit.runners.ParentRunner.runChildren(ParentRunner.java:236)
	at org.junit.runners.ParentRunner.access$000(ParentRunner.java:53)
	at org.junit.runners.ParentRunner$2.evaluate(ParentRunner.java:229)
	at org.junit.runners.ParentRunner.run(ParentRunner.java:309)
	at org.junit.runners.Suite.runChild(Suite.java:127)
	at org.junit.runners.Suite.runChild(Suite.java:26)
	at org.junit.runners.ParentRunner$3.run(ParentRunner.java:238)
	at org.junit.runners.ParentRunner$1.schedule(ParentRunner.java:63)
	at org.junit.runners.ParentRunner.runChildren(ParentRunner.java:236)
	at org.junit.runners.ParentRunner.access$000(ParentRunner.java:53)
	at org.junit.runners.ParentRunner$2.evaluate(ParentRunner.java:229)
	at org.junit.runners.ParentRunner.run(ParentRunner.java:309)
	at org.junit.runner.JUnitCore.run(JUnitCore.java:160)
	at org.junit.runner.JUnitCore.run(JUnitCore.java:138)
	at org.junit.runner.JUnitCore.run(JUnitCore.java:117)
	at sbst.benchmark.coverage.TestExecutionTask.call(TestExecutionTask.java:54)
	at sbst.benchmark.coverage.TestExecutionTask.call(TestExecutionTask.java:15)
	at java.util.concurrent.FutureTask.run(FutureTask.java:266)
	at java.util.concurrent.ThreadPoolExecutor.runWorker(ThreadPoolExecutor.java:1149)
	at java.util.concurrent.ThreadPoolExecutor$Worker.run(ThreadPoolExecutor.java:624)
	at java.lang.Thread.run(Thread.java:750)

Failure: [test(org.jsoup.safety.Cleaner_isValid_17071088491): Object must not be null]
Failing Tests: test(org.jsoup.safety.Cleaner_isValid_17071088491)
org.jsoup.helper.ValidationException: Object must not be null
	at org.jsoup.safety.Cleaner.isValid(Cleaner.java:87)
	at sun.reflect.NativeMethodAccessorImpl.invoke0(Native Method)
	at sun.reflect.NativeMethodAccessorImpl.invoke(NativeMethodAccessorImpl.java:62)
	at sun.reflect.DelegatingMethodAccessorImpl.invoke(DelegatingMethodAccessorImpl.java:43)
	at java.lang.reflect.Method.invoke(Method.java:498)
	at org.jsoup.safety.ReflectionUtils.callMethod(ReflectionUtils.java:238)
	at org.jsoup.safety.Cleaner_isValid_17071088491.test(Cleaner_isValid_17071088491.java:39)
	at sun.reflect.NativeMethodAccessorImpl.invoke0(Native Method)
	at sun.reflect.NativeMethodAccessorImpl.invoke(NativeMethodAccessorImpl.java:62)
	at sun.reflect.DelegatingMethodAccessorImpl.invoke(DelegatingMethodAccessorImpl.java:43)
	at java.lang.reflect.Method.invoke(Method.java:498)
	at org.junit.runners.model.FrameworkMethod$1.runReflectiveCall(FrameworkMethod.java:47)
	at org.junit.internal.runners.model.ReflectiveCallable.run(ReflectiveCallable.java:12)
	at org.junit.runners.model.FrameworkMethod.invokeExplosively(FrameworkMethod.java:44)
	at org.junit.internal.runners.statements.InvokeMethod.evaluate(InvokeMethod.java:17)
	at org.junit.internal.runners.statements.RunBefores.evaluate(RunBefores.java:26)
	at org.junit.runners.ParentRunner.runLeaf(ParentRunner.java:271)
	at org.junit.runners.BlockJUnit4ClassRunner.runChild(BlockJUnit4ClassRunner.java:70)
	at org.junit.runners.BlockJUnit4ClassRunner.runChild(BlockJUnit4ClassRunner.java:50)
	at org.junit.runners.ParentRunner$3.run(ParentRunner.java:238)
	at org.junit.runners.ParentRunner$1.schedule(ParentRunner.java:63)
	at org.junit.runners.ParentRunner.runChildren(ParentRunner.java:236)
	at org.junit.runners.ParentRunner.access$000(ParentRunner.java:53)
	at org.junit.runners.ParentRunner$2.evaluate(ParentRunner.java:229)
	at org.junit.runners.ParentRunner.run(ParentRunner.java:309)
	at org.junit.runners.Suite.runChild(Suite.java:127)
	at org.junit.runners.Suite.runChild(Suite.java:26)
	at org.junit.runners.ParentRunner$3.run(ParentRunner.java:238)
	at org.junit.runners.ParentRunner$1.schedule(ParentRunner.java:63)
	at org.junit.runners.ParentRunner.runChildren(ParentRunner.java:236)
	at org.junit.runners.ParentRunner.access$000(ParentRunner.java:53)
	at org.junit.runners.ParentRunner$2.evaluate(ParentRunner.java:229)
	at org.junit.runners.ParentRunner.run(ParentRunner.java:309)
	at org.junit.runner.JUnitCore.run(JUnitCore.java:160)
	at org.junit.runner.JUnitCore.run(JUnitCore.java:138)
	at org.junit.runner.JUnitCore.run(JUnitCore.java:117)
	at sbst.benchmark.coverage.TestExecutionTask.call(TestExecutionTask.java:54)
	at sbst.benchmark.coverage.TestExecutionTask.call(TestExecutionTask.java:15)
	at java.util.concurrent.FutureTask.run(FutureTask.java:266)
	at java.util.concurrent.ThreadPoolExecutor.runWorker(ThreadPoolExecutor.java:1149)
	at java.util.concurrent.ThreadPoolExecutor$Worker.run(ThreadPoolExecutor.java:624)
	at java.lang.Thread.run(Thread.java:750)

Failure: [initializationError(org.jsoup.safety.EqualityUtils): No runnable methods]
Failing Tests: initializationError(org.jsoup.safety.EqualityUtils)
java.lang.Exception: No runnable methods
	at org.junit.runners.BlockJUnit4ClassRunner.validateInstanceMethods(BlockJUnit4ClassRunner.java:169)
	at org.junit.runners.BlockJUnit4ClassRunner.collectInitializationErrors(BlockJUnit4ClassRunner.java:104)
	at org.junit.runners.ParentRunner.validate(ParentRunner.java:355)
	at org.junit.runners.ParentRunner.<init>(ParentRunner.java:76)
	at org.junit.runners.BlockJUnit4ClassRunner.<init>(BlockJUnit4ClassRunner.java:57)
	at org.junit.internal.builders.JUnit4Builder.runnerForClass(JUnit4Builder.java:10)
	at org.junit.runners.model.RunnerBuilder.safeRunnerForClass(RunnerBuilder.java:59)
	at org.junit.internal.builders.AllDefaultPossibilitiesBuilder.runnerForClass(AllDefaultPossibilitiesBuilder.java:26)
	at org.junit.runner.Computer.getRunner(Computer.java:40)
	at org.junit.runner.Computer$1.runnerForClass(Computer.java:31)
	at org.junit.runners.model.RunnerBuilder.safeRunnerForClass(RunnerBuilder.java:59)
	at org.junit.runners.model.RunnerBuilder.runners(RunnerBuilder.java:101)
	at org.junit.runners.model.RunnerBuilder.runners(RunnerBuilder.java:87)
	at org.junit.runners.Suite.<init>(Suite.java:80)
	at org.junit.runner.Computer.getSuite(Computer.java:28)
	at org.junit.runner.Request.classes(Request.java:75)
	at org.junit.runner.JUnitCore.run(JUnitCore.java:117)
	at sbst.benchmark.coverage.TestExecutionTask.call(TestExecutionTask.java:54)
	at sbst.benchmark.coverage.TestExecutionTask.call(TestExecutionTask.java:15)
	at java.util.concurrent.FutureTask.run(FutureTask.java:266)
	at java.util.concurrent.ThreadPoolExecutor.runWorker(ThreadPoolExecutor.java:1149)
	at java.util.concurrent.ThreadPoolExecutor$Worker.run(ThreadPoolExecutor.java:624)
	at java.lang.Thread.run(Thread.java:750)

Failure: [initializationError(org.jsoup.safety.ReflectionUtils): No runnable methods]
Failing Tests: initializationError(org.jsoup.safety.ReflectionUtils)
java.lang.Exception: No runnable methods
	at org.junit.runners.BlockJUnit4ClassRunner.validateInstanceMethods(BlockJUnit4ClassRunner.java:169)
	at org.junit.runners.BlockJUnit4ClassRunner.collectInitializationErrors(BlockJUnit4ClassRunner.java:104)
	at org.junit.runners.ParentRunner.validate(ParentRunner.java:355)
	at org.junit.runners.ParentRunner.<init>(ParentRunner.java:76)
	at org.junit.runners.BlockJUnit4ClassRunner.<init>(BlockJUnit4ClassRunner.java:57)
	at org.junit.internal.builders.JUnit4Builder.runnerForClass(JUnit4Builder.java:10)
	at org.junit.runners.model.RunnerBuilder.safeRunnerForClass(RunnerBuilder.java:59)
	at org.junit.internal.builders.AllDefaultPossibilitiesBuilder.runnerForClass(AllDefaultPossibilitiesBuilder.java:26)
	at org.junit.runner.Computer.getRunner(Computer.java:40)
	at org.junit.runner.Computer$1.runnerForClass(Computer.java:31)
	at org.junit.runners.model.RunnerBuilder.safeRunnerForClass(RunnerBuilder.java:59)
	at org.junit.runners.model.RunnerBuilder.runners(RunnerBuilder.java:101)
	at org.junit.runners.model.RunnerBuilder.runners(RunnerBuilder.java:87)
	at org.junit.runners.Suite.<init>(Suite.java:80)
	at org.junit.runner.Computer.getSuite(Computer.java:28)
	at org.junit.runner.Request.classes(Request.java:75)
	at org.junit.runner.JUnitCore.run(JUnitCore.java:117)
	at sbst.benchmark.coverage.TestExecutionTask.call(TestExecutionTask.java:54)
	at sbst.benchmark.coverage.TestExecutionTask.call(TestExecutionTask.java:15)
	at java.util.concurrent.FutureTask.run(FutureTask.java:266)
	at java.util.concurrent.ThreadPoolExecutor.runWorker(ThreadPoolExecutor.java:1149)
	at java.util.concurrent.ThreadPoolExecutor$Worker.run(ThreadPoolExecutor.java:624)
	at java.lang.Thread.run(Thread.java:750)

Executions terminated
Failure: [test(org.jsoup.safety.Cleaner_clean_17149344720): 3]
Failing Tests: test(org.jsoup.safety.Cleaner_clean_17149344720)
java.lang.ArrayIndexOutOfBoundsException: 3
	at org.jsoup.nodes.Attributes.indexOfKey(Attributes.java:71)
	at org.jsoup.nodes.Attributes.hasKey(Attributes.java:254)
	at org.jsoup.nodes.Element.searchUpForAttribute(Element.java:124)
	at org.jsoup.nodes.Element.baseUri(Element.java:118)
	at org.jsoup.safety.Cleaner.clean(Cleaner.java:57)
	at sun.reflect.NativeMethodAccessorImpl.invoke0(Native Method)
	at sun.reflect.NativeMethodAccessorImpl.invoke(NativeMethodAccessorImpl.java:62)
	at sun.reflect.DelegatingMethodAccessorImpl.invoke(DelegatingMethodAccessorImpl.java:43)
	at java.lang.reflect.Method.invoke(Method.java:498)
	at org.jsoup.safety.ReflectionUtils.callMethod(ReflectionUtils.java:238)
	at org.jsoup.safety.Cleaner_clean_17149344720.test(Cleaner_clean_17149344720.java:179)
	at sun.reflect.NativeMethodAccessorImpl.invoke0(Native Method)
	at sun.reflect.NativeMethodAccessorImpl.invoke(NativeMethodAccessorImpl.java:62)
	at sun.reflect.DelegatingMethodAccessorImpl.invoke(DelegatingMethodAccessorImpl.java:43)
	at java.lang.reflect.Method.invoke(Method.java:498)
	at org.junit.runners.model.FrameworkMethod$1.runReflectiveCall(FrameworkMethod.java:47)
	at org.junit.internal.runners.model.ReflectiveCallable.run(ReflectiveCallable.java:12)
	at org.junit.runners.model.FrameworkMethod.invokeExplosively(FrameworkMethod.java:44)
	at org.junit.internal.runners.statements.InvokeMethod.evaluate(InvokeMethod.java:17)
	at org.junit.internal.runners.statements.RunBefores.evaluate(RunBefores.java:26)
	at org.junit.runners.ParentRunner.runLeaf(ParentRunner.java:271)
	at org.junit.runners.BlockJUnit4ClassRunner.runChild(BlockJUnit4ClassRunner.java:70)
	at org.junit.runners.BlockJUnit4ClassRunner.runChild(BlockJUnit4ClassRunner.java:50)
	at org.junit.runners.ParentRunner$3.run(ParentRunner.java:238)
	at org.junit.runners.ParentRunner$1.schedule(ParentRunner.java:63)
	at org.junit.runners.ParentRunner.runChildren(ParentRunner.java:236)
	at org.junit.runners.ParentRunner.access$000(ParentRunner.java:53)
	at org.junit.runners.ParentRunner$2.evaluate(ParentRunner.java:229)
	at org.junit.runners.ParentRunner.run(ParentRunner.java:309)
	at org.junit.runners.Suite.runChild(Suite.java:127)
	at org.junit.runners.Suite.runChild(Suite.java:26)
	at org.junit.runners.ParentRunner$3.run(ParentRunner.java:238)
	at org.junit.runners.ParentRunner$1.schedule(ParentRunner.java:63)
	at org.junit.runners.ParentRunner.runChildren(ParentRunner.java:236)
	at org.junit.runners.ParentRunner.access$000(ParentRunner.java:53)
	at org.junit.runners.ParentRunner$2.evaluate(ParentRunner.java:229)
	at org.junit.runners.ParentRunner.run(ParentRunner.java:309)
	at org.junit.runner.JUnitCore.run(JUnitCore.java:160)
	at org.junit.runner.JUnitCore.run(JUnitCore.java:138)
	at org.junit.runner.JUnitCore.run(JUnitCore.java:117)
	at sbst.benchmark.coverage.TestExecutionTask.call(TestExecutionTask.java:54)
	at sbst.benchmark.coverage.TestExecutionTask.call(TestExecutionTask.java:15)
	at java.util.concurrent.FutureTask.run(FutureTask.java:266)
	at java.util.concurrent.ThreadPoolExecutor.runWorker(ThreadPoolExecutor.java:1149)
	at java.util.concurrent.ThreadPoolExecutor$Worker.run(ThreadPoolExecutor.java:624)
	at java.lang.Thread.run(Thread.java:750)

Failure: [test(org.jsoup.safety.Cleaner_clean_17149344721): Object must not be null]
Failing Tests: test(org.jsoup.safety.Cleaner_clean_17149344721)
org.jsoup.helper.ValidationException: Object must not be null
	at org.jsoup.safety.Cleaner.clean(Cleaner.java:55)
	at sun.reflect.NativeMethodAccessorImpl.invoke0(Native Method)
	at sun.reflect.NativeMethodAccessorImpl.invoke(NativeMethodAccessorImpl.java:62)
	at sun.reflect.DelegatingMethodAccessorImpl.invoke(DelegatingMethodAccessorImpl.java:43)
	at java.lang.reflect.Method.invoke(Method.java:498)
	at org.jsoup.safety.ReflectionUtils.callMethod(ReflectionUtils.java:238)
	at org.jsoup.safety.Cleaner_clean_17149344721.test(Cleaner_clean_17149344721.java:39)
	at sun.reflect.NativeMethodAccessorImpl.invoke0(Native Method)
	at sun.reflect.NativeMethodAccessorImpl.invoke(NativeMethodAccessorImpl.java:62)
	at sun.reflect.DelegatingMethodAccessorImpl.invoke(DelegatingMethodAccessorImpl.java:43)
	at java.lang.reflect.Method.invoke(Method.java:498)
	at org.junit.runners.model.FrameworkMethod$1.runReflectiveCall(FrameworkMethod.java:47)
	at org.junit.internal.runners.model.ReflectiveCallable.run(ReflectiveCallable.java:12)
	at org.junit.runners.model.FrameworkMethod.invokeExplosively(FrameworkMethod.java:44)
	at org.junit.internal.runners.statements.InvokeMethod.evaluate(InvokeMethod.java:17)
	at org.junit.internal.runners.statements.RunBefores.evaluate(RunBefores.java:26)
	at org.junit.runners.ParentRunner.runLeaf(ParentRunner.java:271)
	at org.junit.runners.BlockJUnit4ClassRunner.runChild(BlockJUnit4ClassRunner.java:70)
	at org.junit.runners.BlockJUnit4ClassRunner.runChild(BlockJUnit4ClassRunner.java:50)
	at org.junit.runners.ParentRunner$3.run(ParentRunner.java:238)
	at org.junit.runners.ParentRunner$1.schedule(ParentRunner.java:63)
	at org.junit.runners.ParentRunner.runChildren(ParentRunner.java:236)
	at org.junit.runners.ParentRunner.access$000(ParentRunner.java:53)
	at org.junit.runners.ParentRunner$2.evaluate(ParentRunner.java:229)
	at org.junit.runners.ParentRunner.run(ParentRunner.java:309)
	at org.junit.runners.Suite.runChild(Suite.java:127)
	at org.junit.runners.Suite.runChild(Suite.java:26)
	at org.junit.runners.ParentRunner$3.run(ParentRunner.java:238)
	at org.junit.runners.ParentRunner$1.schedule(ParentRunner.java:63)
	at org.junit.runners.ParentRunner.runChildren(ParentRunner.java:236)
	at org.junit.runners.ParentRunner.access$000(ParentRunner.java:53)
	at org.junit.runners.ParentRunner$2.evaluate(ParentRunner.java:229)
	at org.junit.runners.ParentRunner.run(ParentRunner.java:309)
	at org.junit.runner.JUnitCore.run(JUnitCore.java:160)
	at org.junit.runner.JUnitCore.run(JUnitCore.java:138)
	at org.junit.runner.JUnitCore.run(JUnitCore.java:117)
	at sbst.benchmark.coverage.TestExecutionTask.call(TestExecutionTask.java:54)
	at sbst.benchmark.coverage.TestExecutionTask.call(TestExecutionTask.java:15)
	at java.util.concurrent.FutureTask.run(FutureTask.java:266)
	at java.util.concurrent.ThreadPoolExecutor.runWorker(ThreadPoolExecutor.java:1149)
	at java.util.concurrent.ThreadPoolExecutor$Worker.run(ThreadPoolExecutor.java:624)
	at java.lang.Thread.run(Thread.java:750)

Failure: [test(org.jsoup.safety.Cleaner_copySafeNodes_15577442521): Object must not be null]
Failing Tests: test(org.jsoup.safety.Cleaner_copySafeNodes_15577442521)
org.jsoup.helper.ValidationException: Object must not be null
	at org.jsoup.select.NodeTraversor.traverse(NodeTraversor.java:22)
	at org.jsoup.safety.Cleaner.copySafeNodes(Cleaner.java:175)
	at sun.reflect.NativeMethodAccessorImpl.invoke0(Native Method)
	at sun.reflect.NativeMethodAccessorImpl.invoke(NativeMethodAccessorImpl.java:62)
	at sun.reflect.DelegatingMethodAccessorImpl.invoke(DelegatingMethodAccessorImpl.java:43)
	at java.lang.reflect.Method.invoke(Method.java:498)
	at org.jsoup.safety.ReflectionUtils.callMethod(ReflectionUtils.java:238)
	at org.jsoup.safety.Cleaner_copySafeNodes_15577442521.test(Cleaner_copySafeNodes_15577442521.java:41)
	at sun.reflect.NativeMethodAccessorImpl.invoke0(Native Method)
	at sun.reflect.NativeMethodAccessorImpl.invoke(NativeMethodAccessorImpl.java:62)
	at sun.reflect.DelegatingMethodAccessorImpl.invoke(DelegatingMethodAccessorImpl.java:43)
	at java.lang.reflect.Method.invoke(Method.java:498)
	at org.junit.runners.model.FrameworkMethod$1.runReflectiveCall(FrameworkMethod.java:47)
	at org.junit.internal.runners.model.ReflectiveCallable.run(ReflectiveCallable.java:12)
	at org.junit.runners.model.FrameworkMethod.invokeExplosively(FrameworkMethod.java:44)
	at org.junit.internal.runners.statements.InvokeMethod.evaluate(InvokeMethod.java:17)
	at org.junit.internal.runners.statements.RunBefores.evaluate(RunBefores.java:26)
	at org.junit.runners.ParentRunner.runLeaf(ParentRunner.java:271)
	at org.junit.runners.BlockJUnit4ClassRunner.runChild(BlockJUnit4ClassRunner.java:70)
	at org.junit.runners.BlockJUnit4ClassRunner.runChild(BlockJUnit4ClassRunner.java:50)
	at org.junit.runners.ParentRunner$3.run(ParentRunner.java:238)
	at org.junit.runners.ParentRunner$1.schedule(ParentRunner.java:63)
	at org.junit.runners.ParentRunner.runChildren(ParentRunner.java:236)
	at org.junit.runners.ParentRunner.access$000(ParentRunner.java:53)
	at org.junit.runners.ParentRunner$2.evaluate(ParentRunner.java:229)
	at org.junit.runners.ParentRunner.run(ParentRunner.java:309)
	at org.junit.runners.Suite.runChild(Suite.java:127)
	at org.junit.runners.Suite.runChild(Suite.java:26)
	at org.junit.runners.ParentRunner$3.run(ParentRunner.java:238)
	at org.junit.runners.ParentRunner$1.schedule(ParentRunner.java:63)
	at org.junit.runners.ParentRunner.runChildren(ParentRunner.java:236)
	at org.junit.runners.ParentRunner.access$000(ParentRunner.java:53)
	at org.junit.runners.ParentRunner$2.evaluate(ParentRunner.java:229)
	at org.junit.runners.ParentRunner.run(ParentRunner.java:309)
	at org.junit.runner.JUnitCore.run(JUnitCore.java:160)
	at org.junit.runner.JUnitCore.run(JUnitCore.java:138)
	at org.junit.runner.JUnitCore.run(JUnitCore.java:117)
	at sbst.benchmark.coverage.TestExecutionTask.call(TestExecutionTask.java:54)
	at sbst.benchmark.coverage.TestExecutionTask.call(TestExecutionTask.java:15)
	at java.util.concurrent.FutureTask.run(FutureTask.java:266)
	at java.util.concurrent.ThreadPoolExecutor.runWorker(ThreadPoolExecutor.java:1149)
	at java.util.concurrent.ThreadPoolExecutor$Worker.run(ThreadPoolExecutor.java:624)
	at java.lang.Thread.run(Thread.java:750)

Failure: [test(org.jsoup.safety.Cleaner_createSafeElement_5064628040): 3]
Failing Tests: test(org.jsoup.safety.Cleaner_createSafeElement_5064628040)
java.lang.ArrayIndexOutOfBoundsException: 3
	at org.jsoup.nodes.Attributes.indexOfKey(Attributes.java:71)
	at org.jsoup.nodes.Attributes.hasKey(Attributes.java:254)
	at org.jsoup.nodes.Element.searchUpForAttribute(Element.java:124)
	at org.jsoup.nodes.Element.baseUri(Element.java:118)
	at org.jsoup.safety.Cleaner.createSafeElement(Cleaner.java:182)
	at sun.reflect.NativeMethodAccessorImpl.invoke0(Native Method)
	at sun.reflect.NativeMethodAccessorImpl.invoke(NativeMethodAccessorImpl.java:62)
	at sun.reflect.DelegatingMethodAccessorImpl.invoke(DelegatingMethodAccessorImpl.java:43)
	at java.lang.reflect.Method.invoke(Method.java:498)
	at org.jsoup.safety.ReflectionUtils.callMethod(ReflectionUtils.java:238)
	at org.jsoup.safety.Cleaner_createSafeElement_5064628040.test(Cleaner_createSafeElement_5064628040.java:123)
	at sun.reflect.NativeMethodAccessorImpl.invoke0(Native Method)
	at sun.reflect.NativeMethodAccessorImpl.invoke(NativeMethodAccessorImpl.java:62)
	at sun.reflect.DelegatingMethodAccessorImpl.invoke(DelegatingMethodAccessorImpl.java:43)
	at java.lang.reflect.Method.invoke(Method.java:498)
	at org.junit.runners.model.FrameworkMethod$1.runReflectiveCall(FrameworkMethod.java:47)
	at org.junit.internal.runners.model.ReflectiveCallable.run(ReflectiveCallable.java:12)
	at org.junit.runners.model.FrameworkMethod.invokeExplosively(FrameworkMethod.java:44)
	at org.junit.internal.runners.statements.InvokeMethod.evaluate(InvokeMethod.java:17)
	at org.junit.internal.runners.statements.RunBefores.evaluate(RunBefores.java:26)
	at org.junit.runners.ParentRunner.runLeaf(ParentRunner.java:271)
	at org.junit.runners.BlockJUnit4ClassRunner.runChild(BlockJUnit4ClassRunner.java:70)
	at org.junit.runners.BlockJUnit4ClassRunner.runChild(BlockJUnit4ClassRunner.java:50)
	at org.junit.runners.ParentRunner$3.run(ParentRunner.java:238)
	at org.junit.runners.ParentRunner$1.schedule(ParentRunner.java:63)
	at org.junit.runners.ParentRunner.runChildren(ParentRunner.java:236)
	at org.junit.runners.ParentRunner.access$000(ParentRunner.java:53)
	at org.junit.runners.ParentRunner$2.evaluate(ParentRunner.java:229)
	at org.junit.runners.ParentRunner.run(ParentRunner.java:309)
	at org.junit.runners.Suite.runChild(Suite.java:127)
	at org.junit.runners.Suite.runChild(Suite.java:26)
	at org.junit.runners.ParentRunner$3.run(ParentRunner.java:238)
	at org.junit.runners.ParentRunner$1.schedule(ParentRunner.java:63)
	at org.junit.runners.ParentRunner.runChildren(ParentRunner.java:236)
	at org.junit.runners.ParentRunner.access$000(ParentRunner.java:53)
	at org.junit.runners.ParentRunner$2.evaluate(ParentRunner.java:229)
	at org.junit.runners.ParentRunner.run(ParentRunner.java:309)
	at org.junit.runner.JUnitCore.run(JUnitCore.java:160)
	at org.junit.runner.JUnitCore.run(JUnitCore.java:138)
	at org.junit.runner.JUnitCore.run(JUnitCore.java:117)
	at sbst.benchmark.coverage.TestExecutionTask.call(TestExecutionTask.java:54)
	at sbst.benchmark.coverage.TestExecutionTask.call(TestExecutionTask.java:15)
	at java.util.concurrent.FutureTask.run(FutureTask.java:266)
	at java.util.concurrent.ThreadPoolExecutor.runWorker(ThreadPoolExecutor.java:1149)
	at java.util.concurrent.ThreadPoolExecutor$Worker.run(ThreadPoolExecutor.java:624)
	at java.lang.Thread.run(Thread.java:750)

Failure: [test(org.jsoup.safety.Cleaner_createSafeElement_5064628041): null]
Failing Tests: test(org.jsoup.safety.Cleaner_createSafeElement_5064628041)
java.lang.NullPointerException
	at org.jsoup.safety.Cleaner.createSafeElement(Cleaner.java:180)
	at sun.reflect.NativeMethodAccessorImpl.invoke0(Native Method)
	at sun.reflect.NativeMethodAccessorImpl.invoke(NativeMethodAccessorImpl.java:62)
	at sun.reflect.DelegatingMethodAccessorImpl.invoke(DelegatingMethodAccessorImpl.java:43)
	at java.lang.reflect.Method.invoke(Method.java:498)
	at org.jsoup.safety.ReflectionUtils.callMethod(ReflectionUtils.java:238)
	at org.jsoup.safety.Cleaner_createSafeElement_5064628041.test(Cleaner_createSafeElement_5064628041.java:39)
	at sun.reflect.NativeMethodAccessorImpl.invoke0(Native Method)
	at sun.reflect.NativeMethodAccessorImpl.invoke(NativeMethodAccessorImpl.java:62)
	at sun.reflect.DelegatingMethodAccessorImpl.invoke(DelegatingMethodAccessorImpl.java:43)
	at java.lang.reflect.Method.invoke(Method.java:498)
	at org.junit.runners.model.FrameworkMethod$1.runReflectiveCall(FrameworkMethod.java:47)
	at org.junit.internal.runners.model.ReflectiveCallable.run(ReflectiveCallable.java:12)
	at org.junit.runners.model.FrameworkMethod.invokeExplosively(FrameworkMethod.java:44)
	at org.junit.internal.runners.statements.InvokeMethod.evaluate(InvokeMethod.java:17)
	at org.junit.internal.runners.statements.RunBefores.evaluate(RunBefores.java:26)
	at org.junit.runners.ParentRunner.runLeaf(ParentRunner.java:271)
	at org.junit.runners.BlockJUnit4ClassRunner.runChild(BlockJUnit4ClassRunner.java:70)
	at org.junit.runners.BlockJUnit4ClassRunner.runChild(BlockJUnit4ClassRunner.java:50)
	at org.junit.runners.ParentRunner$3.run(ParentRunner.java:238)
	at org.junit.runners.ParentRunner$1.schedule(ParentRunner.java:63)
	at org.junit.runners.ParentRunner.runChildren(ParentRunner.java:236)
	at org.junit.runners.ParentRunner.access$000(ParentRunner.java:53)
	at org.junit.runners.ParentRunner$2.evaluate(ParentRunner.java:229)
	at org.junit.runners.ParentRunner.run(ParentRunner.java:309)
	at org.junit.runners.Suite.runChild(Suite.java:127)
	at org.junit.runners.Suite.runChild(Suite.java:26)
	at org.junit.runners.ParentRunner$3.run(ParentRunner.java:238)
	at org.junit.runners.ParentRunner$1.schedule(ParentRunner.java:63)
	at org.junit.runners.ParentRunner.runChildren(ParentRunner.java:236)
	at org.junit.runners.ParentRunner.access$000(ParentRunner.java:53)
	at org.junit.runners.ParentRunner$2.evaluate(ParentRunner.java:229)
	at org.junit.runners.ParentRunner.run(ParentRunner.java:309)
	at org.junit.runner.JUnitCore.run(JUnitCore.java:160)
	at org.junit.runner.JUnitCore.run(JUnitCore.java:138)
	at org.junit.runner.JUnitCore.run(JUnitCore.java:117)
	at sbst.benchmark.coverage.TestExecutionTask.call(TestExecutionTask.java:54)
	at sbst.benchmark.coverage.TestExecutionTask.call(TestExecutionTask.java:15)
	at java.util.concurrent.FutureTask.run(FutureTask.java:266)
	at java.util.concurrent.ThreadPoolExecutor.runWorker(ThreadPoolExecutor.java:1149)
	at java.util.concurrent.ThreadPoolExecutor$Worker.run(ThreadPoolExecutor.java:624)
	at java.lang.Thread.run(Thread.java:750)

Failure: [test(org.jsoup.safety.Cleaner_init_3886454981): null]
Failing Tests: test(org.jsoup.safety.Cleaner_init_3886454981)
java.lang.reflect.InvocationTargetException
	at sun.reflect.NativeConstructorAccessorImpl.newInstance0(Native Method)
	at sun.reflect.NativeConstructorAccessorImpl.newInstance(NativeConstructorAccessorImpl.java:62)
	at sun.reflect.DelegatingConstructorAccessorImpl.newInstance(DelegatingConstructorAccessorImpl.java:45)
	at java.lang.reflect.Constructor.newInstance(Constructor.java:423)
	at org.jsoup.safety.ReflectionUtils.callConstructor(ReflectionUtils.java:231)
	at org.jsoup.safety.Cleaner_init_3886454981.test(Cleaner_init_3886454981.java:36)
	at sun.reflect.NativeMethodAccessorImpl.invoke0(Native Method)
	at sun.reflect.NativeMethodAccessorImpl.invoke(NativeMethodAccessorImpl.java:62)
	at sun.reflect.DelegatingMethodAccessorImpl.invoke(DelegatingMethodAccessorImpl.java:43)
	at java.lang.reflect.Method.invoke(Method.java:498)
	at org.junit.runners.model.FrameworkMethod$1.runReflectiveCall(FrameworkMethod.java:47)
	at org.junit.internal.runners.model.ReflectiveCallable.run(ReflectiveCallable.java:12)
	at org.junit.runners.model.FrameworkMethod.invokeExplosively(FrameworkMethod.java:44)
	at org.junit.internal.runners.statements.InvokeMethod.evaluate(InvokeMethod.java:17)
	at org.junit.internal.runners.statements.RunBefores.evaluate(RunBefores.java:26)
	at org.junit.runners.ParentRunner.runLeaf(ParentRunner.java:271)
	at org.junit.runners.BlockJUnit4ClassRunner.runChild(BlockJUnit4ClassRunner.java:70)
	at org.junit.runners.BlockJUnit4ClassRunner.runChild(BlockJUnit4ClassRunner.java:50)
	at org.junit.runners.ParentRunner$3.run(ParentRunner.java:238)
	at org.junit.runners.ParentRunner$1.schedule(ParentRunner.java:63)
	at org.junit.runners.ParentRunner.runChildren(ParentRunner.java:236)
	at org.junit.runners.ParentRunner.access$000(ParentRunner.java:53)
	at org.junit.runners.ParentRunner$2.evaluate(ParentRunner.java:229)
	at org.junit.runners.ParentRunner.run(ParentRunner.java:309)
	at org.junit.runners.Suite.runChild(Suite.java:127)
	at org.junit.runners.Suite.runChild(Suite.java:26)
	at org.junit.runners.ParentRunner$3.run(ParentRunner.java:238)
	at org.junit.runners.ParentRunner$1.schedule(ParentRunner.java:63)
	at org.junit.runners.ParentRunner.runChildren(ParentRunner.java:236)
	at org.junit.runners.ParentRunner.access$000(ParentRunner.java:53)
	at org.junit.runners.ParentRunner$2.evaluate(ParentRunner.java:229)
	at org.junit.runners.ParentRunner.run(ParentRunner.java:309)
	at org.junit.runner.JUnitCore.run(JUnitCore.java:160)
	at org.junit.runner.JUnitCore.run(JUnitCore.java:138)
	at org.junit.runner.JUnitCore.run(JUnitCore.java:117)
	at sbst.benchmark.coverage.TestExecutionTask.call(TestExecutionTask.java:54)
	at sbst.benchmark.coverage.TestExecutionTask.call(TestExecutionTask.java:15)
	at java.util.concurrent.FutureTask.run(FutureTask.java:266)
	at java.util.concurrent.ThreadPoolExecutor.runWorker(ThreadPoolExecutor.java:1149)
	at java.util.concurrent.ThreadPoolExecutor$Worker.run(ThreadPoolExecutor.java:624)
	at java.lang.Thread.run(Thread.java:750)
Caused by: org.jsoup.helper.ValidationException: Object must not be null
	at org.jsoup.safety.Cleaner.<init>(Cleaner.java:43)
	... 41 more

Failure: [test(org.jsoup.safety.Cleaner_isValidBodyHtml_5074134311): null]
Failing Tests: test(org.jsoup.safety.Cleaner_isValidBodyHtml_5074134311)
java.lang.NullPointerException
	at java.io.StringReader.<init>(StringReader.java:50)
	at org.jsoup.parser.HtmlTreeBuilder.parseFragment(HtmlTreeBuilder.java:96)
	at org.jsoup.parser.Parser.parseFragment(Parser.java:195)
	at org.jsoup.safety.Cleaner.isValidBodyHtml(Cleaner.java:120)
	at sun.reflect.NativeMethodAccessorImpl.invoke0(Native Method)
	at sun.reflect.NativeMethodAccessorImpl.invoke(NativeMethodAccessorImpl.java:62)
	at sun.reflect.DelegatingMethodAccessorImpl.invoke(DelegatingMethodAccessorImpl.java:43)
	at java.lang.reflect.Method.invoke(Method.java:498)
	at org.jsoup.safety.ReflectionUtils.callMethod(ReflectionUtils.java:238)
	at org.jsoup.safety.Cleaner_isValidBodyHtml_5074134311.test(Cleaner_isValidBodyHtml_5074134311.java:39)
	at sun.reflect.NativeMethodAccessorImpl.invoke0(Native Method)
	at sun.reflect.NativeMethodAccessorImpl.invoke(NativeMethodAccessorImpl.java:62)
	at sun.reflect.DelegatingMethodAccessorImpl.invoke(DelegatingMethodAccessorImpl.java:43)
	at java.lang.reflect.Method.invoke(Method.java:498)
	at org.junit.runners.model.FrameworkMethod$1.runReflectiveCall(FrameworkMethod.java:47)
	at org.junit.internal.runners.model.ReflectiveCallable.run(ReflectiveCallable.java:12)
	at org.junit.runners.model.FrameworkMethod.invokeExplosively(FrameworkMethod.java:44)
	at org.junit.internal.runners.statements.InvokeMethod.evaluate(InvokeMethod.java:17)
	at org.junit.internal.runners.statements.RunBefores.evaluate(RunBefores.java:26)
	at org.junit.runners.ParentRunner.runLeaf(ParentRunner.java:271)
	at org.junit.runners.BlockJUnit4ClassRunner.runChild(BlockJUnit4ClassRunner.java:70)
	at org.junit.runners.BlockJUnit4ClassRunner.runChild(BlockJUnit4ClassRunner.java:50)
	at org.junit.runners.ParentRunner$3.run(ParentRunner.java:238)
	at org.junit.runners.ParentRunner$1.schedule(ParentRunner.java:63)
	at org.junit.runners.ParentRunner.runChildren(ParentRunner.java:236)
	at org.junit.runners.ParentRunner.access$000(ParentRunner.java:53)
	at org.junit.runners.ParentRunner$2.evaluate(ParentRunner.java:229)
	at org.junit.runners.ParentRunner.run(ParentRunner.java:309)
	at org.junit.runners.Suite.runChild(Suite.java:127)
	at org.junit.runners.Suite.runChild(Suite.java:26)
	at org.junit.runners.ParentRunner$3.run(ParentRunner.java:238)
	at org.junit.runners.ParentRunner$1.schedule(ParentRunner.java:63)
	at org.junit.runners.ParentRunner.runChildren(ParentRunner.java:236)
	at org.junit.runners.ParentRunner.access$000(ParentRunner.java:53)
	at org.junit.runners.ParentRunner$2.evaluate(ParentRunner.java:229)
	at org.junit.runners.ParentRunner.run(ParentRunner.java:309)
	at org.junit.runner.JUnitCore.run(JUnitCore.java:160)
	at org.junit.runner.JUnitCore.run(JUnitCore.java:138)
	at org.junit.runner.JUnitCore.run(JUnitCore.java:117)
	at sbst.benchmark.coverage.TestExecutionTask.call(TestExecutionTask.java:54)
	at sbst.benchmark.coverage.TestExecutionTask.call(TestExecutionTask.java:15)
	at java.util.concurrent.FutureTask.run(FutureTask.java:266)
	at java.util.concurrent.ThreadPoolExecutor.runWorker(ThreadPoolExecutor.java:1149)
	at java.util.concurrent.ThreadPoolExecutor$Worker.run(ThreadPoolExecutor.java:624)
	at java.lang.Thread.run(Thread.java:750)

Failure: [test(org.jsoup.safety.Cleaner_isValid_17071088490): 3]
Failing Tests: test(org.jsoup.safety.Cleaner_isValid_17071088490)
java.lang.ArrayIndexOutOfBoundsException: 3
	at org.jsoup.nodes.Attributes.indexOfKey(Attributes.java:71)
	at org.jsoup.nodes.Attributes.hasKey(Attributes.java:254)
	at org.jsoup.nodes.Element.searchUpForAttribute(Element.java:124)
	at org.jsoup.nodes.Element.baseUri(Element.java:118)
	at org.jsoup.safety.Cleaner.isValid(Cleaner.java:89)
	at sun.reflect.NativeMethodAccessorImpl.invoke0(Native Method)
	at sun.reflect.NativeMethodAccessorImpl.invoke(NativeMethodAccessorImpl.java:62)
	at sun.reflect.DelegatingMethodAccessorImpl.invoke(DelegatingMethodAccessorImpl.java:43)
	at java.lang.reflect.Method.invoke(Method.java:498)
	at org.jsoup.safety.ReflectionUtils.callMethod(ReflectionUtils.java:238)
	at org.jsoup.safety.Cleaner_isValid_17071088490.test(Cleaner_isValid_17071088490.java:179)
	at sun.reflect.NativeMethodAccessorImpl.invoke0(Native Method)
	at sun.reflect.NativeMethodAccessorImpl.invoke(NativeMethodAccessorImpl.java:62)
	at sun.reflect.DelegatingMethodAccessorImpl.invoke(DelegatingMethodAccessorImpl.java:43)
	at java.lang.reflect.Method.invoke(Method.java:498)
	at org.junit.runners.model.FrameworkMethod$1.runReflectiveCall(FrameworkMethod.java:47)
	at org.junit.internal.runners.model.ReflectiveCallable.run(ReflectiveCallable.java:12)
	at org.junit.runners.model.FrameworkMethod.invokeExplosively(FrameworkMethod.java:44)
	at org.junit.internal.runners.statements.InvokeMethod.evaluate(InvokeMethod.java:17)
	at org.junit.internal.runners.statements.RunBefores.evaluate(RunBefores.java:26)
	at org.junit.runners.ParentRunner.runLeaf(ParentRunner.java:271)
	at org.junit.runners.BlockJUnit4ClassRunner.runChild(BlockJUnit4ClassRunner.java:70)
	at org.junit.runners.BlockJUnit4ClassRunner.runChild(BlockJUnit4ClassRunner.java:50)
	at org.junit.runners.ParentRunner$3.run(ParentRunner.java:238)
	at org.junit.runners.ParentRunner$1.schedule(ParentRunner.java:63)
	at org.junit.runners.ParentRunner.runChildren(ParentRunner.java:236)
	at org.junit.runners.ParentRunner.access$000(ParentRunner.java:53)
	at org.junit.runners.ParentRunner$2.evaluate(ParentRunner.java:229)
	at org.junit.runners.ParentRunner.run(ParentRunner.java:309)
	at org.junit.runners.Suite.runChild(Suite.java:127)
	at org.junit.runners.Suite.runChild(Suite.java:26)
	at org.junit.runners.ParentRunner$3.run(ParentRunner.java:238)
	at org.junit.runners.ParentRunner$1.schedule(ParentRunner.java:63)
	at org.junit.runners.ParentRunner.runChildren(ParentRunner.java:236)
	at org.junit.runners.ParentRunner.access$000(ParentRunner.java:53)
	at org.junit.runners.ParentRunner$2.evaluate(ParentRunner.java:229)
	at org.junit.runners.ParentRunner.run(ParentRunner.java:309)
	at org.junit.runner.JUnitCore.run(JUnitCore.java:160)
	at org.junit.runner.JUnitCore.run(JUnitCore.java:138)
	at org.junit.runner.JUnitCore.run(JUnitCore.java:117)
	at sbst.benchmark.coverage.TestExecutionTask.call(TestExecutionTask.java:54)
	at sbst.benchmark.coverage.TestExecutionTask.call(TestExecutionTask.java:15)
	at java.util.concurrent.FutureTask.run(FutureTask.java:266)
	at java.util.concurrent.ThreadPoolExecutor.runWorker(ThreadPoolExecutor.java:1149)
	at java.util.concurrent.ThreadPoolExecutor$Worker.run(ThreadPoolExecutor.java:624)
	at java.lang.Thread.run(Thread.java:750)

Failure: [test(org.jsoup.safety.Cleaner_isValid_17071088491): Object must not be null]
Failing Tests: test(org.jsoup.safety.Cleaner_isValid_17071088491)
org.jsoup.helper.ValidationException: Object must not be null
	at org.jsoup.safety.Cleaner.isValid(Cleaner.java:87)
	at sun.reflect.NativeMethodAccessorImpl.invoke0(Native Method)
	at sun.reflect.NativeMethodAccessorImpl.invoke(NativeMethodAccessorImpl.java:62)
	at sun.reflect.DelegatingMethodAccessorImpl.invoke(DelegatingMethodAccessorImpl.java:43)
	at java.lang.reflect.Method.invoke(Method.java:498)
	at org.jsoup.safety.ReflectionUtils.callMethod(ReflectionUtils.java:238)
	at org.jsoup.safety.Cleaner_isValid_17071088491.test(Cleaner_isValid_17071088491.java:39)
	at sun.reflect.NativeMethodAccessorImpl.invoke0(Native Method)
	at sun.reflect.NativeMethodAccessorImpl.invoke(NativeMethodAccessorImpl.java:62)
	at sun.reflect.DelegatingMethodAccessorImpl.invoke(DelegatingMethodAccessorImpl.java:43)
	at java.lang.reflect.Method.invoke(Method.java:498)
	at org.junit.runners.model.FrameworkMethod$1.runReflectiveCall(FrameworkMethod.java:47)
	at org.junit.internal.runners.model.ReflectiveCallable.run(ReflectiveCallable.java:12)
	at org.junit.runners.model.FrameworkMethod.invokeExplosively(FrameworkMethod.java:44)
	at org.junit.internal.runners.statements.InvokeMethod.evaluate(InvokeMethod.java:17)
	at org.junit.internal.runners.statements.RunBefores.evaluate(RunBefores.java:26)
	at org.junit.runners.ParentRunner.runLeaf(ParentRunner.java:271)
	at org.junit.runners.BlockJUnit4ClassRunner.runChild(BlockJUnit4ClassRunner.java:70)
	at org.junit.runners.BlockJUnit4ClassRunner.runChild(BlockJUnit4ClassRunner.java:50)
	at org.junit.runners.ParentRunner$3.run(ParentRunner.java:238)
	at org.junit.runners.ParentRunner$1.schedule(ParentRunner.java:63)
	at org.junit.runners.ParentRunner.runChildren(ParentRunner.java:236)
	at org.junit.runners.ParentRunner.access$000(ParentRunner.java:53)
	at org.junit.runners.ParentRunner$2.evaluate(ParentRunner.java:229)
	at org.junit.runners.ParentRunner.run(ParentRunner.java:309)
	at org.junit.runners.Suite.runChild(Suite.java:127)
	at org.junit.runners.Suite.runChild(Suite.java:26)
	at org.junit.runners.ParentRunner$3.run(ParentRunner.java:238)
	at org.junit.runners.ParentRunner$1.schedule(ParentRunner.java:63)
	at org.junit.runners.ParentRunner.runChildren(ParentRunner.java:236)
	at org.junit.runners.ParentRunner.access$000(ParentRunner.java:53)
	at org.junit.runners.ParentRunner$2.evaluate(ParentRunner.java:229)
	at org.junit.runners.ParentRunner.run(ParentRunner.java:309)
	at org.junit.runner.JUnitCore.run(JUnitCore.java:160)
	at org.junit.runner.JUnitCore.run(JUnitCore.java:138)
	at org.junit.runner.JUnitCore.run(JUnitCore.java:117)
	at sbst.benchmark.coverage.TestExecutionTask.call(TestExecutionTask.java:54)
	at sbst.benchmark.coverage.TestExecutionTask.call(TestExecutionTask.java:15)
	at java.util.concurrent.FutureTask.run(FutureTask.java:266)
	at java.util.concurrent.ThreadPoolExecutor.runWorker(ThreadPoolExecutor.java:1149)
	at java.util.concurrent.ThreadPoolExecutor$Worker.run(ThreadPoolExecutor.java:624)
	at java.lang.Thread.run(Thread.java:750)

Failure: [initializationError(org.jsoup.safety.EqualityUtils): No runnable methods]
Failing Tests: initializationError(org.jsoup.safety.EqualityUtils)
java.lang.Exception: No runnable methods
	at org.junit.runners.BlockJUnit4ClassRunner.validateInstanceMethods(BlockJUnit4ClassRunner.java:169)
	at org.junit.runners.BlockJUnit4ClassRunner.collectInitializationErrors(BlockJUnit4ClassRunner.java:104)
	at org.junit.runners.ParentRunner.validate(ParentRunner.java:355)
	at org.junit.runners.ParentRunner.<init>(ParentRunner.java:76)
	at org.junit.runners.BlockJUnit4ClassRunner.<init>(BlockJUnit4ClassRunner.java:57)
	at org.junit.internal.builders.JUnit4Builder.runnerForClass(JUnit4Builder.java:10)
	at org.junit.runners.model.RunnerBuilder.safeRunnerForClass(RunnerBuilder.java:59)
	at org.junit.internal.builders.AllDefaultPossibilitiesBuilder.runnerForClass(AllDefaultPossibilitiesBuilder.java:26)
	at org.junit.runner.Computer.getRunner(Computer.java:40)
	at org.junit.runner.Computer$1.runnerForClass(Computer.java:31)
	at org.junit.runners.model.RunnerBuilder.safeRunnerForClass(RunnerBuilder.java:59)
	at org.junit.runners.model.RunnerBuilder.runners(RunnerBuilder.java:101)
	at org.junit.runners.model.RunnerBuilder.runners(RunnerBuilder.java:87)
	at org.junit.runners.Suite.<init>(Suite.java:80)
	at org.junit.runner.Computer.getSuite(Computer.java:28)
	at org.junit.runner.Request.classes(Request.java:75)
	at org.junit.runner.JUnitCore.run(JUnitCore.java:117)
	at sbst.benchmark.coverage.TestExecutionTask.call(TestExecutionTask.java:54)
	at sbst.benchmark.coverage.TestExecutionTask.call(TestExecutionTask.java:15)
	at java.util.concurrent.FutureTask.run(FutureTask.java:266)
	at java.util.concurrent.ThreadPoolExecutor.runWorker(ThreadPoolExecutor.java:1149)
	at java.util.concurrent.ThreadPoolExecutor$Worker.run(ThreadPoolExecutor.java:624)
	at java.lang.Thread.run(Thread.java:750)

Failure: [initializationError(org.jsoup.safety.ReflectionUtils): No runnable methods]
Failing Tests: initializationError(org.jsoup.safety.ReflectionUtils)
java.lang.Exception: No runnable methods
	at org.junit.runners.BlockJUnit4ClassRunner.validateInstanceMethods(BlockJUnit4ClassRunner.java:169)
	at org.junit.runners.BlockJUnit4ClassRunner.collectInitializationErrors(BlockJUnit4ClassRunner.java:104)
	at org.junit.runners.ParentRunner.validate(ParentRunner.java:355)
	at org.junit.runners.ParentRunner.<init>(ParentRunner.java:76)
	at org.junit.runners.BlockJUnit4ClassRunner.<init>(BlockJUnit4ClassRunner.java:57)
	at org.junit.internal.builders.JUnit4Builder.runnerForClass(JUnit4Builder.java:10)
	at org.junit.runners.model.RunnerBuilder.safeRunnerForClass(RunnerBuilder.java:59)
	at org.junit.internal.builders.AllDefaultPossibilitiesBuilder.runnerForClass(AllDefaultPossibilitiesBuilder.java:26)
	at org.junit.runner.Computer.getRunner(Computer.java:40)
	at org.junit.runner.Computer$1.runnerForClass(Computer.java:31)
	at org.junit.runners.model.RunnerBuilder.safeRunnerForClass(RunnerBuilder.java:59)
	at org.junit.runners.model.RunnerBuilder.runners(RunnerBuilder.java:101)
	at org.junit.runners.model.RunnerBuilder.runners(RunnerBuilder.java:87)
	at org.junit.runners.Suite.<init>(Suite.java:80)
	at org.junit.runner.Computer.getSuite(Computer.java:28)
	at org.junit.runner.Request.classes(Request.java:75)
	at org.junit.runner.JUnitCore.run(JUnitCore.java:117)
	at sbst.benchmark.coverage.TestExecutionTask.call(TestExecutionTask.java:54)
	at sbst.benchmark.coverage.TestExecutionTask.call(TestExecutionTask.java:15)
	at java.util.concurrent.FutureTask.run(FutureTask.java:266)
	at java.util.concurrent.ThreadPoolExecutor.runWorker(ThreadPoolExecutor.java:1149)
	at java.util.concurrent.ThreadPoolExecutor$Worker.run(ThreadPoolExecutor.java:624)
	at java.lang.Thread.run(Thread.java:750)


=== Run Jacoco for Coverage ===
Number of instrumented file = 2459
Running tests with the following classpath: 
/home/kex/results_kex_120/JSOUP-35_1/temp/testcases/jsoup-1.16.2-SNAPSHOT_instrumented.jar:/home/kex/results_kex_120/JSOUP-35_1/temp/testcases/junit-jupiter-params-5.9.3_instrumented.jar:/home/kex/results_kex_120/JSOUP-35_1/temp/testcases/gson-2.10.1_instrumented.jar:/home/kex/results_kex_120/JSOUP-35_1/temp/testcases/jetty-util-ajax-9.4.51.v20230217_instrumented.jar:/home/kex/results_kex_120/JSOUP-35_1/temp/testcases/junit-jupiter-engine-5.9.3_instrumented.jar:/home/kex/results_kex_120/JSOUP-35_1/temp/testcases/jetty-server-9.4.51.v20230217_instrumented.jar:/home/kex/results_kex_120/JSOUP-35_1/temp/testcases/junit-platform-engine-1.9.3_instrumented.jar:/home/kex/results_kex_120/JSOUP-35_1/temp/testcases/junit-jupiter-api-5.9.3_instrumented.jar:/home/kex/results_kex_120/JSOUP-35_1/temp/testcases/apiguardian-api-1.1.2_instrumented.jar:/home/kex/results_kex_120/JSOUP-35_1/temp/testcases/opentest4j-1.2.0_instrumented.jar:/home/kex/results_kex_120/JSOUP-35_1/temp/testcases/javax.servlet-api-3.1.0_instrumented.jar:/home/kex/results_kex_120/JSOUP-35_1/temp/testcases/jetty-util-9.4.51.v20230217_instrumented.jar:/home/kex/results_kex_120/JSOUP-35_1/temp/testcases/jetty-http-9.4.51.v20230217_instrumented.jar:/home/kex/results_kex_120/JSOUP-35_1/temp/testcases/jetty-security-9.4.51.v20230217_instrumented.jar:/home/kex/results_kex_120/JSOUP-35_1/temp/testcases/jsr305-3.0.2_instrumented.jar:/home/kex/results_kex_120/JSOUP-35_1/temp/testcases/jetty-io-9.4.51.v20230217_instrumented.jar:/home/kex/results_kex_120/JSOUP-35_1/temp/testcases/junit-jupiter-5.9.3_instrumented.jar:/home/kex/results_kex_120/JSOUP-35_1/temp/testcases/jetty-servlet-9.4.51.v20230217_instrumented.jar:/usr/local/bin/lib/hamcrest-core.jar:/usr/local/bin/lib/junit.jar:/home/kex/results_kex_120/JSOUP-35_1/temp/testcases/bin
Running the tests: [SBSTDummyForCoverageAndMutationCalculation, org.jsoup.safety.Cleaner_clean_17149344720, org.jsoup.safety.Cleaner_clean_17149344721, org.jsoup.safety.Cleaner_copySafeNodes_15577442520, org.jsoup.safety.Cleaner_copySafeNodes_15577442521, org.jsoup.safety.Cleaner_createSafeElement_5064628040, org.jsoup.safety.Cleaner_createSafeElement_5064628041, org.jsoup.safety.Cleaner_init_3886454980, org.jsoup.safety.Cleaner_init_3886454981, org.jsoup.safety.Cleaner_isValidBodyHtml_5074134310, org.jsoup.safety.Cleaner_isValidBodyHtml_5074134311, org.jsoup.safety.Cleaner_isValid_17071088490, org.jsoup.safety.Cleaner_isValid_17071088491, org.jsoup.safety.EqualityUtils, org.jsoup.safety.ReflectionUtils]
Executions terminated
Number of file with coverage information = 264
Extracted coverage data for the class org/jsoup/safety/Cleaner
Number of file with coverage information = 343
Number of file with coverage information = 218
Number of file with coverage information = 33
Number of file with coverage information = 134
Number of file with coverage information = 357
Number of file with coverage information = 127
Number of file with coverage information = 179
Number of file with coverage information = 3
Number of file with coverage information = 7
Number of file with coverage information = 79
Number of file with coverage information = 327
Number of file with coverage information = 109
Number of file with coverage information = 62
Number of file with coverage information = 35
Number of file with coverage information = 111
Number of file with coverage information = 1
Number of file with coverage information = 70

=== Run PIT ===
Matching Jacoco with PIT: find covered mutations
Executing Mutation Analysis using 21 mutants 
Evaluating mutant -709463561 using tests: [org.jsoup.safety.Cleaner_clean_17149344720, org.jsoup.safety.Cleaner_clean_17149344721, org.jsoup.safety.Cleaner_copySafeNodes_15577442520, org.jsoup.safety.Cleaner_copySafeNodes_15577442521, org.jsoup.safety.Cleaner_createSafeElement_5064628040, org.jsoup.safety.Cleaner_createSafeElement_5064628041, org.jsoup.safety.Cleaner_init_3886454980, org.jsoup.safety.Cleaner_init_3886454981, org.jsoup.safety.Cleaner_isValidBodyHtml_5074134310, org.jsoup.safety.Cleaner_isValidBodyHtml_5074134311, org.jsoup.safety.Cleaner_isValid_17071088490, org.jsoup.safety.Cleaner_isValid_17071088491, org.jsoup.safety.EqualityUtils, org.jsoup.safety.ReflectionUtils]

 CP : /usr/local/bin/lib/junit.jar:/usr/local/bin/lib/hamcrest-core.jar:results_kex_120/JSOUP-35_1/temp/testcases/mutated_code/SUT:/home/kex/results_kex_120/JSOUP-35_1/temp/testcases/bin:results_kex_120/JSOUP-35_1/temp/testcases/mutated_code/CUT0

Failed test test(org.jsoup.safety.Cleaner_clean_17149344720)
	 flaky test, ignore !
Failed test test(org.jsoup.safety.Cleaner_clean_17149344721)
	 flaky test, ignore !
Failed test test(org.jsoup.safety.Cleaner_copySafeNodes_15577442520)
	 actual test, will stop test execution !
TestExec4MutationTask: Mutant MutationIdentifier [location=Location [clazz=org.jsoup.safety.Cleaner, method=copySafeNodes, methodDesc=(Lorg/jsoup/nodes/Element;Lorg/jsoup/nodes/Element;)I], indexes=[20], mutator=org.pitest.mutationtest.engine.gregor.mutators.ReturnValsMutator] killed by test (org.jsoup.safety.Cleaner_copySafeNodes_15577442520),test)
Evaluating mutant 554626952 using tests: [org.jsoup.safety.Cleaner_clean_17149344720, org.jsoup.safety.Cleaner_clean_17149344721, org.jsoup.safety.Cleaner_copySafeNodes_15577442520, org.jsoup.safety.Cleaner_copySafeNodes_15577442521, org.jsoup.safety.Cleaner_createSafeElement_5064628040, org.jsoup.safety.Cleaner_createSafeElement_5064628041, org.jsoup.safety.Cleaner_init_3886454980, org.jsoup.safety.Cleaner_init_3886454981, org.jsoup.safety.Cleaner_isValidBodyHtml_5074134310, org.jsoup.safety.Cleaner_isValidBodyHtml_5074134311, org.jsoup.safety.Cleaner_isValid_17071088490, org.jsoup.safety.Cleaner_isValid_17071088491, org.jsoup.safety.EqualityUtils, org.jsoup.safety.ReflectionUtils]

 CP : /usr/local/bin/lib/junit.jar:/usr/local/bin/lib/hamcrest-core.jar:results_kex_120/JSOUP-35_1/temp/testcases/mutated_code/SUT:/home/kex/results_kex_120/JSOUP-35_1/temp/testcases/bin:results_kex_120/JSOUP-35_1/temp/testcases/mutated_code/CUT1

Failed test test(org.jsoup.safety.Cleaner_clean_17149344720)
	 flaky test, ignore !
Failed test test(org.jsoup.safety.Cleaner_clean_17149344721)
	 flaky test, ignore !
Failed test test(org.jsoup.safety.Cleaner_copySafeNodes_15577442520)
	 actual test, will stop test execution !
TestExec4MutationTask: Mutant MutationIdentifier [location=Location [clazz=org.jsoup.safety.Cleaner, method=<init>, methodDesc=(Lorg/jsoup/safety/Safelist;)V], indexes=[8], mutator=org.pitest.mutationtest.engine.gregor.mutators.VoidMethodCallMutator] killed by test (org.jsoup.safety.Cleaner_copySafeNodes_15577442520),test)
Evaluating mutant 1772901515 using tests: [org.jsoup.safety.Cleaner_clean_17149344720, org.jsoup.safety.Cleaner_clean_17149344721, org.jsoup.safety.Cleaner_copySafeNodes_15577442520, org.jsoup.safety.Cleaner_copySafeNodes_15577442521, org.jsoup.safety.Cleaner_createSafeElement_5064628040, org.jsoup.safety.Cleaner_createSafeElement_5064628041, org.jsoup.safety.Cleaner_init_3886454980, org.jsoup.safety.Cleaner_init_3886454981, org.jsoup.safety.Cleaner_isValidBodyHtml_5074134310, org.jsoup.safety.Cleaner_isValidBodyHtml_5074134311, org.jsoup.safety.Cleaner_isValid_17071088490, org.jsoup.safety.Cleaner_isValid_17071088491, org.jsoup.safety.EqualityUtils, org.jsoup.safety.ReflectionUtils]

 CP : /usr/local/bin/lib/junit.jar:/usr/local/bin/lib/hamcrest-core.jar:results_kex_120/JSOUP-35_1/temp/testcases/mutated_code/SUT:/home/kex/results_kex_120/JSOUP-35_1/temp/testcases/bin:results_kex_120/JSOUP-35_1/temp/testcases/mutated_code/CUT2

Failed test test(org.jsoup.safety.Cleaner_clean_17149344720)
	 flaky test, ignore !
Failed test test(org.jsoup.safety.Cleaner_clean_17149344721)
	 flaky test, ignore !
Failed test test(org.jsoup.safety.Cleaner_copySafeNodes_15577442520)
	 actual test, will stop test execution !
TestExec4MutationTask: Mutant MutationIdentifier [location=Location [clazz=org.jsoup.safety.Cleaner, method=isValid, methodDesc=(Lorg/jsoup/nodes/Document;)Z], indexes=[4], mutator=org.pitest.mutationtest.engine.gregor.mutators.VoidMethodCallMutator] killed by test (org.jsoup.safety.Cleaner_copySafeNodes_15577442520),test)
Evaluating mutant -914764351 using tests: [org.jsoup.safety.Cleaner_clean_17149344720, org.jsoup.safety.Cleaner_clean_17149344721, org.jsoup.safety.Cleaner_copySafeNodes_15577442520, org.jsoup.safety.Cleaner_copySafeNodes_15577442521, org.jsoup.safety.Cleaner_createSafeElement_5064628040, org.jsoup.safety.Cleaner_createSafeElement_5064628041, org.jsoup.safety.Cleaner_init_3886454980, org.jsoup.safety.Cleaner_init_3886454981, org.jsoup.safety.Cleaner_isValidBodyHtml_5074134310, org.jsoup.safety.Cleaner_isValidBodyHtml_5074134311, org.jsoup.safety.Cleaner_isValid_17071088490, org.jsoup.safety.Cleaner_isValid_17071088491, org.jsoup.safety.EqualityUtils, org.jsoup.safety.ReflectionUtils]

 CP : /usr/local/bin/lib/junit.jar:/usr/local/bin/lib/hamcrest-core.jar:results_kex_120/JSOUP-35_1/temp/testcases/mutated_code/SUT:/home/kex/results_kex_120/JSOUP-35_1/temp/testcases/bin:results_kex_120/JSOUP-35_1/temp/testcases/mutated_code/CUT3

Failed test test(org.jsoup.safety.Cleaner_clean_17149344720)
	 flaky test, ignore !
Failed test test(org.jsoup.safety.Cleaner_clean_17149344721)
	 flaky test, ignore !
Failed test test(org.jsoup.safety.Cleaner_copySafeNodes_15577442520)
	 actual test, will stop test execution !
TestExec4MutationTask: Mutant MutationIdentifier [location=Location [clazz=org.jsoup.safety.Cleaner, method=copySafeNodes, methodDesc=(Lorg/jsoup/nodes/Element;Lorg/jsoup/nodes/Element;)I], indexes=[15], mutator=org.pitest.mutationtest.engine.gregor.mutators.VoidMethodCallMutator] killed by test (org.jsoup.safety.Cleaner_copySafeNodes_15577442520),test)
Evaluating mutant -534579013 using tests: [org.jsoup.safety.Cleaner_clean_17149344720, org.jsoup.safety.Cleaner_clean_17149344721, org.jsoup.safety.Cleaner_copySafeNodes_15577442520, org.jsoup.safety.Cleaner_copySafeNodes_15577442521, org.jsoup.safety.Cleaner_createSafeElement_5064628040, org.jsoup.safety.Cleaner_createSafeElement_5064628041, org.jsoup.safety.Cleaner_init_3886454980, org.jsoup.safety.Cleaner_init_3886454981, org.jsoup.safety.Cleaner_isValidBodyHtml_5074134310, org.jsoup.safety.Cleaner_isValidBodyHtml_5074134311, org.jsoup.safety.Cleaner_isValid_17071088490, org.jsoup.safety.Cleaner_isValid_17071088491, org.jsoup.safety.EqualityUtils, org.jsoup.safety.ReflectionUtils]

 CP : /usr/local/bin/lib/junit.jar:/usr/local/bin/lib/hamcrest-core.jar:results_kex_120/JSOUP-35_1/temp/testcases/mutated_code/SUT:/home/kex/results_kex_120/JSOUP-35_1/temp/testcases/bin:results_kex_120/JSOUP-35_1/temp/testcases/mutated_code/CUT4

Failed test test(org.jsoup.safety.Cleaner_clean_17149344720)
	 flaky test, ignore !
Failed test test(org.jsoup.safety.Cleaner_clean_17149344721)
	 flaky test, ignore !
Failed test test(org.jsoup.safety.Cleaner_copySafeNodes_15577442520)
	 actual test, will stop test execution !
TestExec4MutationTask: Mutant MutationIdentifier [location=Location [clazz=org.jsoup.safety.Cleaner, method=isValidBodyHtml, methodDesc=(Ljava/lang/String;)Z], indexes=[48], mutator=org.pitest.mutationtest.engine.gregor.mutators.NegateConditionalsMutator] killed by test (org.jsoup.safety.Cleaner_copySafeNodes_15577442520),test)
Evaluating mutant -534581896 using tests: [org.jsoup.safety.Cleaner_clean_17149344720, org.jsoup.safety.Cleaner_clean_17149344721, org.jsoup.safety.Cleaner_copySafeNodes_15577442520, org.jsoup.safety.Cleaner_copySafeNodes_15577442521, org.jsoup.safety.Cleaner_createSafeElement_5064628040, org.jsoup.safety.Cleaner_createSafeElement_5064628041, org.jsoup.safety.Cleaner_init_3886454980, org.jsoup.safety.Cleaner_init_3886454981, org.jsoup.safety.Cleaner_isValidBodyHtml_5074134310, org.jsoup.safety.Cleaner_isValidBodyHtml_5074134311, org.jsoup.safety.Cleaner_isValid_17071088490, org.jsoup.safety.Cleaner_isValid_17071088491, org.jsoup.safety.EqualityUtils, org.jsoup.safety.ReflectionUtils]

 CP : /usr/local/bin/lib/junit.jar:/usr/local/bin/lib/hamcrest-core.jar:results_kex_120/JSOUP-35_1/temp/testcases/mutated_code/SUT:/home/kex/results_kex_120/JSOUP-35_1/temp/testcases/bin:results_kex_120/JSOUP-35_1/temp/testcases/mutated_code/CUT5

Failed test test(org.jsoup.safety.Cleaner_clean_17149344720)
	 flaky test, ignore !
Failed test test(org.jsoup.safety.Cleaner_clean_17149344721)
	 flaky test, ignore !
Failed test test(org.jsoup.safety.Cleaner_copySafeNodes_15577442520)
	 actual test, will stop test execution !
TestExec4MutationTask: Mutant MutationIdentifier [location=Location [clazz=org.jsoup.safety.Cleaner, method=isValidBodyHtml, methodDesc=(Ljava/lang/String;)Z], indexes=[45], mutator=org.pitest.mutationtest.engine.gregor.mutators.NegateConditionalsMutator] killed by test (org.jsoup.safety.Cleaner_copySafeNodes_15577442520),test)
Evaluating mutant -1838280080 using tests: [org.jsoup.safety.Cleaner_clean_17149344720, org.jsoup.safety.Cleaner_clean_17149344721, org.jsoup.safety.Cleaner_copySafeNodes_15577442520, org.jsoup.safety.Cleaner_copySafeNodes_15577442521, org.jsoup.safety.Cleaner_createSafeElement_5064628040, org.jsoup.safety.Cleaner_createSafeElement_5064628041, org.jsoup.safety.Cleaner_init_3886454980, org.jsoup.safety.Cleaner_init_3886454981, org.jsoup.safety.Cleaner_isValidBodyHtml_5074134310, org.jsoup.safety.Cleaner_isValidBodyHtml_5074134311, org.jsoup.safety.Cleaner_isValid_17071088490, org.jsoup.safety.Cleaner_isValid_17071088491, org.jsoup.safety.EqualityUtils, org.jsoup.safety.ReflectionUtils]

 CP : /usr/local/bin/lib/junit.jar:/usr/local/bin/lib/hamcrest-core.jar:results_kex_120/JSOUP-35_1/temp/testcases/mutated_code/SUT:/home/kex/results_kex_120/JSOUP-35_1/temp/testcases/bin:results_kex_120/JSOUP-35_1/temp/testcases/mutated_code/CUT6

Failed test test(org.jsoup.safety.Cleaner_clean_17149344720)
	 flaky test, ignore !
Failed test test(org.jsoup.safety.Cleaner_clean_17149344721)
	 flaky test, ignore !
Failed test test(org.jsoup.safety.Cleaner_copySafeNodes_15577442520)
	 actual test, will stop test execution !
TestExec4MutationTask: Mutant MutationIdentifier [location=Location [clazz=org.jsoup.safety.Cleaner, method=isValidBodyHtml, methodDesc=(Ljava/lang/String;)Z], indexes=[56], mutator=org.pitest.mutationtest.engine.gregor.mutators.ReturnValsMutator] killed by test (org.jsoup.safety.Cleaner_copySafeNodes_15577442520),test)
Evaluating mutant -1488445897 using tests: [org.jsoup.safety.Cleaner_clean_17149344720, org.jsoup.safety.Cleaner_clean_17149344721, org.jsoup.safety.Cleaner_copySafeNodes_15577442520, org.jsoup.safety.Cleaner_copySafeNodes_15577442521, org.jsoup.safety.Cleaner_createSafeElement_5064628040, org.jsoup.safety.Cleaner_createSafeElement_5064628041, org.jsoup.safety.Cleaner_init_3886454980, org.jsoup.safety.Cleaner_init_3886454981, org.jsoup.safety.Cleaner_isValidBodyHtml_5074134310, org.jsoup.safety.Cleaner_isValidBodyHtml_5074134311, org.jsoup.safety.Cleaner_isValid_17071088490, org.jsoup.safety.Cleaner_isValid_17071088491, org.jsoup.safety.EqualityUtils, org.jsoup.safety.ReflectionUtils]

 CP : /usr/local/bin/lib/junit.jar:/usr/local/bin/lib/hamcrest-core.jar:results_kex_120/JSOUP-35_1/temp/testcases/mutated_code/SUT:/home/kex/results_kex_120/JSOUP-35_1/temp/testcases/bin:results_kex_120/JSOUP-35_1/temp/testcases/mutated_code/CUT7

Failed test test(org.jsoup.safety.Cleaner_clean_17149344720)
	 flaky test, ignore !
Failed test test(org.jsoup.safety.Cleaner_clean_17149344721)
	 flaky test, ignore !
Failed test test(org.jsoup.safety.Cleaner_copySafeNodes_15577442520)
	 actual test, will stop test execution !
TestExec4MutationTask: Mutant MutationIdentifier [location=Location [clazz=org.jsoup.safety.Cleaner, method=clean, methodDesc=(Lorg/jsoup/nodes/Document;)Lorg/jsoup/nodes/Document;], indexes=[4], mutator=org.pitest.mutationtest.engine.gregor.mutators.VoidMethodCallMutator] killed by test (org.jsoup.safety.Cleaner_copySafeNodes_15577442520),test)
mutationResult.getState() KILLED
* Killed mutant MutationDetails [id=MutationIdentifier [location=Location [clazz=org.jsoup.safety.Cleaner, method=copySafeNodes, methodDesc=(Lorg/jsoup/nodes/Element;Lorg/jsoup/nodes/Element;)I], indexes=[20], mutator=org.pitest.mutationtest.engine.gregor.mutators.ReturnValsMutator], filename=Cleaner.java, block=10, lineNumber=176, description=replaced return of integer sized value with (x == 0 ? 1 : 0), testsInOrder=[]]
mutationResult.getState() KILLED
* Killed mutant MutationDetails [id=MutationIdentifier [location=Location [clazz=org.jsoup.safety.Cleaner, method=<init>, methodDesc=(Lorg/jsoup/safety/Safelist;)V], indexes=[8], mutator=org.pitest.mutationtest.engine.gregor.mutators.VoidMethodCallMutator], filename=Cleaner.java, block=0, lineNumber=43, description=removed call to org/jsoup/helper/Validate::notNull, testsInOrder=[]]
mutationResult.getState() KILLED
* Killed mutant MutationDetails [id=MutationIdentifier [location=Location [clazz=org.jsoup.safety.Cleaner, method=isValid, methodDesc=(Lorg/jsoup/nodes/Document;)Z], indexes=[4], mutator=org.pitest.mutationtest.engine.gregor.mutators.VoidMethodCallMutator], filename=Cleaner.java, block=2, lineNumber=87, description=removed call to org/jsoup/helper/Validate::notNull, testsInOrder=[]]
mutationResult.getState() KILLED
* Killed mutant MutationDetails [id=MutationIdentifier [location=Location [clazz=org.jsoup.safety.Cleaner, method=copySafeNodes, methodDesc=(Lorg/jsoup/nodes/Element;Lorg/jsoup/nodes/Element;)I], indexes=[15], mutator=org.pitest.mutationtest.engine.gregor.mutators.VoidMethodCallMutator], filename=Cleaner.java, block=10, lineNumber=175, description=removed call to org/jsoup/select/NodeTraversor::traverse, testsInOrder=[]]
mutationResult.getState() KILLED
* Killed mutant MutationDetails [id=MutationIdentifier [location=Location [clazz=org.jsoup.safety.Cleaner, method=isValidBodyHtml, methodDesc=(Ljava/lang/String;)Z], indexes=[48], mutator=org.pitest.mutationtest.engine.gregor.mutators.NegateConditionalsMutator], filename=Cleaner.java, block=7, lineNumber=123, description=negated conditional, testsInOrder=[]]
mutationResult.getState() KILLED
* Killed mutant MutationDetails [id=MutationIdentifier [location=Location [clazz=org.jsoup.safety.Cleaner, method=isValidBodyHtml, methodDesc=(Ljava/lang/String;)Z], indexes=[45], mutator=org.pitest.mutationtest.engine.gregor.mutators.NegateConditionalsMutator], filename=Cleaner.java, block=6, lineNumber=123, description=negated conditional, testsInOrder=[]]
mutationResult.getState() KILLED
* Killed mutant MutationDetails [id=MutationIdentifier [location=Location [clazz=org.jsoup.safety.Cleaner, method=isValidBodyHtml, methodDesc=(Ljava/lang/String;)Z], indexes=[56], mutator=org.pitest.mutationtest.engine.gregor.mutators.ReturnValsMutator], filename=Cleaner.java, block=9, lineNumber=123, description=replaced return of integer sized value with (x == 0 ? 1 : 0), testsInOrder=[]]
mutationResult.getState() KILLED
* Killed mutant MutationDetails [id=MutationIdentifier [location=Location [clazz=org.jsoup.safety.Cleaner, method=clean, methodDesc=(Lorg/jsoup/nodes/Document;)Lorg/jsoup/nodes/Document;], indexes=[4], mutator=org.pitest.mutationtest.engine.gregor.mutators.VoidMethodCallMutator], filename=Cleaner.java, block=1, lineNumber=55, description=removed call to org/jsoup/helper/Validate::notNull, testsInOrder=[]]

>>> RESULTS:
	Tool name: kex
	Benchmark: JSOUP-35
	Class Under Test: org.jsoup.safety.Cleaner
	Run number: 1
	Tool preparation time (ms): 3233
	Tool test cases generation time (ms): 134506
	Test cases execution time (ms): 531
	Test case number: 12
	Uncompilable Test Classes: 0
	Broken tests number: 11
	Failing tests number: 0
	Lines total: 41
	Lines covered: 18
	Lines coverage ratio (%): 43.90244
	Conditions total: 16
	Conditions covered: 2
	Conditions coverage ratio (%): 12.5
	Mutants total: 21
	Mutants covered: 8
	Mutants coverage ratio (%): 38.095238
	Mutants killed: 8
	Mutants killed ratio (%): 38.095238
	Mutants alive: 13


Class org.jsoup.safety.Cleaner ended.
Stopping process...
Tool subprocess is an instance of java.lang.UNIXProcess
Tool subprocess Id is 218912
Killing master process 218912
Executing command kill -9 218912
Execution of command kill -9 218912 finished.
Process was destroyed
