
>>> TOOL NAME:  kex

>>> BENCHMARK:  COLLECTIONS-22

>>> RUN NUMBER: 1

>>> MODE: --only-compute-metrics
Creating directory ./temp
Creating directory ./temp/data
Creating directory ./temp/testcases
Executing /home/kex/./runtool
>> BENCHMARK
>> /var/benchmarks/projects/commons-collections/src/main/java
>> /var/benchmarks/projects/commons-collections/target/classes
>> 23
>> /var/benchmarks/projects/commons-collections/target/commons-collections4-4.5-SNAPSHOT.jar
>> /var/benchmarks/projects/commons-collections/target/dependency/error_prone_annotations-2.18.0.jar
>> /var/benchmarks/projects/commons-collections/target/dependency/junit-jupiter-params-5.9.3.jar
>> /var/benchmarks/projects/commons-collections/target/dependency/hamcrest-core-1.3.jar
>> /var/benchmarks/projects/commons-collections/target/dependency/easymock-5.1.0.jar
>> /var/benchmarks/projects/commons-collections/target/dependency/checker-qual-3.33.0.jar
>> /var/benchmarks/projects/commons-collections/target/dependency/junit-jupiter-engine-5.9.3.jar
>> /var/benchmarks/projects/commons-collections/target/dependency/junit-platform-engine-1.9.3.jar
>> /var/benchmarks/projects/commons-collections/target/dependency/commons-lang3-3.13.0.jar
>> /var/benchmarks/projects/commons-collections/target/dependency/listenablefuture-9999.0-empty-to-avoid-conflict-with-guava.jar
>> /var/benchmarks/projects/commons-collections/target/dependency/junit-jupiter-api-5.9.3.jar
>> /var/benchmarks/projects/commons-collections/target/dependency/commons-codec-1.16.0.jar
>> /var/benchmarks/projects/commons-collections/target/dependency/apiguardian-api-1.1.2.jar
>> /var/benchmarks/projects/commons-collections/target/dependency/opentest4j-1.2.0.jar
>> /var/benchmarks/projects/commons-collections/target/dependency/failureaccess-1.0.1.jar
>> /var/benchmarks/projects/commons-collections/target/dependency/jsr305-3.0.2.jar
>> /var/benchmarks/projects/commons-collections/target/dependency/objenesis-3.3.jar
>> /var/benchmarks/projects/commons-collections/target/dependency/guava-testlib-32.1.2-jre.jar
>> /var/benchmarks/projects/commons-collections/target/dependency/j2objc-annotations-2.8.jar
>> /var/benchmarks/projects/commons-collections/target/dependency/hamcrest-2.2.jar
>> /var/benchmarks/projects/commons-collections/target/dependency/junit-4.13.2.jar
>> /var/benchmarks/projects/commons-collections/target/dependency/commons-io-2.13.0.jar
>> /var/benchmarks/projects/commons-collections/target/dependency/guava-32.1.2-jre.jar
>> 0
expecting CLASSPATH or READY
<< READY
>> 120


### COMPUTING METRICS ###: org.apache.commons.collections4.ArrayStack


Starting class org.apache.commons.collections4.ArrayStack


Ending class org.apache.commons.collections4.ArrayStack
Creating directory results_kex_120/COLLECTIONS-22_1/temp/testcases/bin
Creating dummy JUnit test file

---Compilation---

===
javac command line:
/usr/bin/javac -sourcepath /home/kex/results_kex_120/COLLECTIONS-22_1/temp/testcases -cp /var/benchmarks/projects/commons-collections/target/commons-collections4-4.5-SNAPSHOT.jar:/var/benchmarks/projects/commons-collections/target/dependency/error_prone_annotations-2.18.0.jar:/var/benchmarks/projects/commons-collections/target/dependency/junit-jupiter-params-5.9.3.jar:/var/benchmarks/projects/commons-collections/target/dependency/hamcrest-core-1.3.jar:/var/benchmarks/projects/commons-collections/target/dependency/easymock-5.1.0.jar:/var/benchmarks/projects/commons-collections/target/dependency/checker-qual-3.33.0.jar:/var/benchmarks/projects/commons-collections/target/dependency/junit-jupiter-engine-5.9.3.jar:/var/benchmarks/projects/commons-collections/target/dependency/junit-platform-engine-1.9.3.jar:/var/benchmarks/projects/commons-collections/target/dependency/commons-lang3-3.13.0.jar:/var/benchmarks/projects/commons-collections/target/dependency/listenablefuture-9999.0-empty-to-avoid-conflict-with-guava.jar:/var/benchmarks/projects/commons-collections/target/dependency/junit-jupiter-api-5.9.3.jar:/var/benchmarks/projects/commons-collections/target/dependency/commons-codec-1.16.0.jar:/var/benchmarks/projects/commons-collections/target/dependency/apiguardian-api-1.1.2.jar:/var/benchmarks/projects/commons-collections/target/dependency/opentest4j-1.2.0.jar:/var/benchmarks/projects/commons-collections/target/dependency/failureaccess-1.0.1.jar:/var/benchmarks/projects/commons-collections/target/dependency/jsr305-3.0.2.jar:/var/benchmarks/projects/commons-collections/target/dependency/objenesis-3.3.jar:/var/benchmarks/projects/commons-collections/target/dependency/guava-testlib-32.1.2-jre.jar:/var/benchmarks/projects/commons-collections/target/dependency/j2objc-annotations-2.8.jar:/var/benchmarks/projects/commons-collections/target/dependency/hamcrest-2.2.jar:/var/benchmarks/projects/commons-collections/target/dependency/junit-4.13.2.jar:/var/benchmarks/projects/commons-collections/target/dependency/commons-io-2.13.0.jar:/var/benchmarks/projects/commons-collections/target/dependency/guava-32.1.2-jre.jar:/usr/local/bin/lib/junit.jar:/usr/local/bin/lib/hamcrest-core.jar -d results_kex_120/COLLECTIONS-22_1/temp/testcases/bin /home/kex/results_kex_120/COLLECTIONS-22_1/temp/testcases/SBSTDummyForCoverageAndMutationCalculation.java


===
javac command line:
/usr/bin/javac -sourcepath /home/kex/results_kex_120/COLLECTIONS-22_1/temp/testcases -cp /var/benchmarks/projects/commons-collections/target/commons-collections4-4.5-SNAPSHOT.jar:/var/benchmarks/projects/commons-collections/target/dependency/error_prone_annotations-2.18.0.jar:/var/benchmarks/projects/commons-collections/target/dependency/junit-jupiter-params-5.9.3.jar:/var/benchmarks/projects/commons-collections/target/dependency/hamcrest-core-1.3.jar:/var/benchmarks/projects/commons-collections/target/dependency/easymock-5.1.0.jar:/var/benchmarks/projects/commons-collections/target/dependency/checker-qual-3.33.0.jar:/var/benchmarks/projects/commons-collections/target/dependency/junit-jupiter-engine-5.9.3.jar:/var/benchmarks/projects/commons-collections/target/dependency/junit-platform-engine-1.9.3.jar:/var/benchmarks/projects/commons-collections/target/dependency/commons-lang3-3.13.0.jar:/var/benchmarks/projects/commons-collections/target/dependency/listenablefuture-9999.0-empty-to-avoid-conflict-with-guava.jar:/var/benchmarks/projects/commons-collections/target/dependency/junit-jupiter-api-5.9.3.jar:/var/benchmarks/projects/commons-collections/target/dependency/commons-codec-1.16.0.jar:/var/benchmarks/projects/commons-collections/target/dependency/apiguardian-api-1.1.2.jar:/var/benchmarks/projects/commons-collections/target/dependency/opentest4j-1.2.0.jar:/var/benchmarks/projects/commons-collections/target/dependency/failureaccess-1.0.1.jar:/var/benchmarks/projects/commons-collections/target/dependency/jsr305-3.0.2.jar:/var/benchmarks/projects/commons-collections/target/dependency/objenesis-3.3.jar:/var/benchmarks/projects/commons-collections/target/dependency/guava-testlib-32.1.2-jre.jar:/var/benchmarks/projects/commons-collections/target/dependency/j2objc-annotations-2.8.jar:/var/benchmarks/projects/commons-collections/target/dependency/hamcrest-2.2.jar:/var/benchmarks/projects/commons-collections/target/dependency/junit-4.13.2.jar:/var/benchmarks/projects/commons-collections/target/dependency/commons-io-2.13.0.jar:/var/benchmarks/projects/commons-collections/target/dependency/guava-32.1.2-jre.jar:/usr/local/bin/lib/junit.jar:/usr/local/bin/lib/hamcrest-core.jar -d results_kex_120/COLLECTIONS-22_1/temp/testcases/bin /home/kex/results_kex_120/COLLECTIONS-22_1/temp/testcases/org/apache/commons/collections4/ArrayStack_empty_6213467740.java

/home/kex/results_kex_120/COLLECTIONS-22_1/temp/testcases/org/apache/commons/collections4/ReflectionUtils.java:9: warning: Unsafe is internal proprietary API and may be removed in a future release
import sun.misc.Unsafe;
               ^
/home/kex/results_kex_120/COLLECTIONS-22_1/temp/testcases/org/apache/commons/collections4/ReflectionUtils.java:13: warning: Unsafe is internal proprietary API and may be removed in a future release
    public static final Unsafe UNSAFE;
                        ^
/home/kex/results_kex_120/COLLECTIONS-22_1/temp/testcases/org/apache/commons/collections4/ReflectionUtils.java:17: warning: Unsafe is internal proprietary API and may be removed in a future release
            final Field uns = Unsafe.class.getDeclaredField("theUnsafe");
                              ^
/home/kex/results_kex_120/COLLECTIONS-22_1/temp/testcases/org/apache/commons/collections4/ReflectionUtils.java:19: warning: Unsafe is internal proprietary API and may be removed in a future release
            UNSAFE = (Unsafe) uns.get(null);
                      ^
4 warnings
Compiled 'org/apache/commons/collections4/ArrayStack_empty_6213467740.java'

===
javac command line:
/usr/bin/javac -sourcepath /home/kex/results_kex_120/COLLECTIONS-22_1/temp/testcases -cp /var/benchmarks/projects/commons-collections/target/commons-collections4-4.5-SNAPSHOT.jar:/var/benchmarks/projects/commons-collections/target/dependency/error_prone_annotations-2.18.0.jar:/var/benchmarks/projects/commons-collections/target/dependency/junit-jupiter-params-5.9.3.jar:/var/benchmarks/projects/commons-collections/target/dependency/hamcrest-core-1.3.jar:/var/benchmarks/projects/commons-collections/target/dependency/easymock-5.1.0.jar:/var/benchmarks/projects/commons-collections/target/dependency/checker-qual-3.33.0.jar:/var/benchmarks/projects/commons-collections/target/dependency/junit-jupiter-engine-5.9.3.jar:/var/benchmarks/projects/commons-collections/target/dependency/junit-platform-engine-1.9.3.jar:/var/benchmarks/projects/commons-collections/target/dependency/commons-lang3-3.13.0.jar:/var/benchmarks/projects/commons-collections/target/dependency/listenablefuture-9999.0-empty-to-avoid-conflict-with-guava.jar:/var/benchmarks/projects/commons-collections/target/dependency/junit-jupiter-api-5.9.3.jar:/var/benchmarks/projects/commons-collections/target/dependency/commons-codec-1.16.0.jar:/var/benchmarks/projects/commons-collections/target/dependency/apiguardian-api-1.1.2.jar:/var/benchmarks/projects/commons-collections/target/dependency/opentest4j-1.2.0.jar:/var/benchmarks/projects/commons-collections/target/dependency/failureaccess-1.0.1.jar:/var/benchmarks/projects/commons-collections/target/dependency/jsr305-3.0.2.jar:/var/benchmarks/projects/commons-collections/target/dependency/objenesis-3.3.jar:/var/benchmarks/projects/commons-collections/target/dependency/guava-testlib-32.1.2-jre.jar:/var/benchmarks/projects/commons-collections/target/dependency/j2objc-annotations-2.8.jar:/var/benchmarks/projects/commons-collections/target/dependency/hamcrest-2.2.jar:/var/benchmarks/projects/commons-collections/target/dependency/junit-4.13.2.jar:/var/benchmarks/projects/commons-collections/target/dependency/commons-io-2.13.0.jar:/var/benchmarks/projects/commons-collections/target/dependency/guava-32.1.2-jre.jar:/usr/local/bin/lib/junit.jar:/usr/local/bin/lib/hamcrest-core.jar -d results_kex_120/COLLECTIONS-22_1/temp/testcases/bin /home/kex/results_kex_120/COLLECTIONS-22_1/temp/testcases/org/apache/commons/collections4/ArrayStack_init_1488388190.java

/home/kex/results_kex_120/COLLECTIONS-22_1/temp/testcases/org/apache/commons/collections4/ReflectionUtils.java:9: warning: Unsafe is internal proprietary API and may be removed in a future release
import sun.misc.Unsafe;
               ^
/home/kex/results_kex_120/COLLECTIONS-22_1/temp/testcases/org/apache/commons/collections4/ReflectionUtils.java:13: warning: Unsafe is internal proprietary API and may be removed in a future release
    public static final Unsafe UNSAFE;
                        ^
/home/kex/results_kex_120/COLLECTIONS-22_1/temp/testcases/org/apache/commons/collections4/ReflectionUtils.java:17: warning: Unsafe is internal proprietary API and may be removed in a future release
            final Field uns = Unsafe.class.getDeclaredField("theUnsafe");
                              ^
/home/kex/results_kex_120/COLLECTIONS-22_1/temp/testcases/org/apache/commons/collections4/ReflectionUtils.java:19: warning: Unsafe is internal proprietary API and may be removed in a future release
            UNSAFE = (Unsafe) uns.get(null);
                      ^
4 warnings
Compiled 'org/apache/commons/collections4/ArrayStack_init_1488388190.java'

===
javac command line:
/usr/bin/javac -sourcepath /home/kex/results_kex_120/COLLECTIONS-22_1/temp/testcases -cp /var/benchmarks/projects/commons-collections/target/commons-collections4-4.5-SNAPSHOT.jar:/var/benchmarks/projects/commons-collections/target/dependency/error_prone_annotations-2.18.0.jar:/var/benchmarks/projects/commons-collections/target/dependency/junit-jupiter-params-5.9.3.jar:/var/benchmarks/projects/commons-collections/target/dependency/hamcrest-core-1.3.jar:/var/benchmarks/projects/commons-collections/target/dependency/easymock-5.1.0.jar:/var/benchmarks/projects/commons-collections/target/dependency/checker-qual-3.33.0.jar:/var/benchmarks/projects/commons-collections/target/dependency/junit-jupiter-engine-5.9.3.jar:/var/benchmarks/projects/commons-collections/target/dependency/junit-platform-engine-1.9.3.jar:/var/benchmarks/projects/commons-collections/target/dependency/commons-lang3-3.13.0.jar:/var/benchmarks/projects/commons-collections/target/dependency/listenablefuture-9999.0-empty-to-avoid-conflict-with-guava.jar:/var/benchmarks/projects/commons-collections/target/dependency/junit-jupiter-api-5.9.3.jar:/var/benchmarks/projects/commons-collections/target/dependency/commons-codec-1.16.0.jar:/var/benchmarks/projects/commons-collections/target/dependency/apiguardian-api-1.1.2.jar:/var/benchmarks/projects/commons-collections/target/dependency/opentest4j-1.2.0.jar:/var/benchmarks/projects/commons-collections/target/dependency/failureaccess-1.0.1.jar:/var/benchmarks/projects/commons-collections/target/dependency/jsr305-3.0.2.jar:/var/benchmarks/projects/commons-collections/target/dependency/objenesis-3.3.jar:/var/benchmarks/projects/commons-collections/target/dependency/guava-testlib-32.1.2-jre.jar:/var/benchmarks/projects/commons-collections/target/dependency/j2objc-annotations-2.8.jar:/var/benchmarks/projects/commons-collections/target/dependency/hamcrest-2.2.jar:/var/benchmarks/projects/commons-collections/target/dependency/junit-4.13.2.jar:/var/benchmarks/projects/commons-collections/target/dependency/commons-io-2.13.0.jar:/var/benchmarks/projects/commons-collections/target/dependency/guava-32.1.2-jre.jar:/usr/local/bin/lib/junit.jar:/usr/local/bin/lib/hamcrest-core.jar -d results_kex_120/COLLECTIONS-22_1/temp/testcases/bin /home/kex/results_kex_120/COLLECTIONS-22_1/temp/testcases/org/apache/commons/collections4/ArrayStack_init_1488388191.java

/home/kex/results_kex_120/COLLECTIONS-22_1/temp/testcases/org/apache/commons/collections4/ReflectionUtils.java:9: warning: Unsafe is internal proprietary API and may be removed in a future release
import sun.misc.Unsafe;
               ^
/home/kex/results_kex_120/COLLECTIONS-22_1/temp/testcases/org/apache/commons/collections4/ReflectionUtils.java:13: warning: Unsafe is internal proprietary API and may be removed in a future release
    public static final Unsafe UNSAFE;
                        ^
/home/kex/results_kex_120/COLLECTIONS-22_1/temp/testcases/org/apache/commons/collections4/ReflectionUtils.java:17: warning: Unsafe is internal proprietary API and may be removed in a future release
            final Field uns = Unsafe.class.getDeclaredField("theUnsafe");
                              ^
/home/kex/results_kex_120/COLLECTIONS-22_1/temp/testcases/org/apache/commons/collections4/ReflectionUtils.java:19: warning: Unsafe is internal proprietary API and may be removed in a future release
            UNSAFE = (Unsafe) uns.get(null);
                      ^
4 warnings
Compiled 'org/apache/commons/collections4/ArrayStack_init_1488388191.java'

===
javac command line:
/usr/bin/javac -sourcepath /home/kex/results_kex_120/COLLECTIONS-22_1/temp/testcases -cp /var/benchmarks/projects/commons-collections/target/commons-collections4-4.5-SNAPSHOT.jar:/var/benchmarks/projects/commons-collections/target/dependency/error_prone_annotations-2.18.0.jar:/var/benchmarks/projects/commons-collections/target/dependency/junit-jupiter-params-5.9.3.jar:/var/benchmarks/projects/commons-collections/target/dependency/hamcrest-core-1.3.jar:/var/benchmarks/projects/commons-collections/target/dependency/easymock-5.1.0.jar:/var/benchmarks/projects/commons-collections/target/dependency/checker-qual-3.33.0.jar:/var/benchmarks/projects/commons-collections/target/dependency/junit-jupiter-engine-5.9.3.jar:/var/benchmarks/projects/commons-collections/target/dependency/junit-platform-engine-1.9.3.jar:/var/benchmarks/projects/commons-collections/target/dependency/commons-lang3-3.13.0.jar:/var/benchmarks/projects/commons-collections/target/dependency/listenablefuture-9999.0-empty-to-avoid-conflict-with-guava.jar:/var/benchmarks/projects/commons-collections/target/dependency/junit-jupiter-api-5.9.3.jar:/var/benchmarks/projects/commons-collections/target/dependency/commons-codec-1.16.0.jar:/var/benchmarks/projects/commons-collections/target/dependency/apiguardian-api-1.1.2.jar:/var/benchmarks/projects/commons-collections/target/dependency/opentest4j-1.2.0.jar:/var/benchmarks/projects/commons-collections/target/dependency/failureaccess-1.0.1.jar:/var/benchmarks/projects/commons-collections/target/dependency/jsr305-3.0.2.jar:/var/benchmarks/projects/commons-collections/target/dependency/objenesis-3.3.jar:/var/benchmarks/projects/commons-collections/target/dependency/guava-testlib-32.1.2-jre.jar:/var/benchmarks/projects/commons-collections/target/dependency/j2objc-annotations-2.8.jar:/var/benchmarks/projects/commons-collections/target/dependency/hamcrest-2.2.jar:/var/benchmarks/projects/commons-collections/target/dependency/junit-4.13.2.jar:/var/benchmarks/projects/commons-collections/target/dependency/commons-io-2.13.0.jar:/var/benchmarks/projects/commons-collections/target/dependency/guava-32.1.2-jre.jar:/usr/local/bin/lib/junit.jar:/usr/local/bin/lib/hamcrest-core.jar -d results_kex_120/COLLECTIONS-22_1/temp/testcases/bin /home/kex/results_kex_120/COLLECTIONS-22_1/temp/testcases/org/apache/commons/collections4/ArrayStack_init_1488407410.java

/home/kex/results_kex_120/COLLECTIONS-22_1/temp/testcases/org/apache/commons/collections4/ReflectionUtils.java:9: warning: Unsafe is internal proprietary API and may be removed in a future release
import sun.misc.Unsafe;
               ^
/home/kex/results_kex_120/COLLECTIONS-22_1/temp/testcases/org/apache/commons/collections4/ReflectionUtils.java:13: warning: Unsafe is internal proprietary API and may be removed in a future release
    public static final Unsafe UNSAFE;
                        ^
/home/kex/results_kex_120/COLLECTIONS-22_1/temp/testcases/org/apache/commons/collections4/ReflectionUtils.java:17: warning: Unsafe is internal proprietary API and may be removed in a future release
            final Field uns = Unsafe.class.getDeclaredField("theUnsafe");
                              ^
/home/kex/results_kex_120/COLLECTIONS-22_1/temp/testcases/org/apache/commons/collections4/ReflectionUtils.java:19: warning: Unsafe is internal proprietary API and may be removed in a future release
            UNSAFE = (Unsafe) uns.get(null);
                      ^
4 warnings
Compiled 'org/apache/commons/collections4/ArrayStack_init_1488407410.java'

===
javac command line:
/usr/bin/javac -sourcepath /home/kex/results_kex_120/COLLECTIONS-22_1/temp/testcases -cp /var/benchmarks/projects/commons-collections/target/commons-collections4-4.5-SNAPSHOT.jar:/var/benchmarks/projects/commons-collections/target/dependency/error_prone_annotations-2.18.0.jar:/var/benchmarks/projects/commons-collections/target/dependency/junit-jupiter-params-5.9.3.jar:/var/benchmarks/projects/commons-collections/target/dependency/hamcrest-core-1.3.jar:/var/benchmarks/projects/commons-collections/target/dependency/easymock-5.1.0.jar:/var/benchmarks/projects/commons-collections/target/dependency/checker-qual-3.33.0.jar:/var/benchmarks/projects/commons-collections/target/dependency/junit-jupiter-engine-5.9.3.jar:/var/benchmarks/projects/commons-collections/target/dependency/junit-platform-engine-1.9.3.jar:/var/benchmarks/projects/commons-collections/target/dependency/commons-lang3-3.13.0.jar:/var/benchmarks/projects/commons-collections/target/dependency/listenablefuture-9999.0-empty-to-avoid-conflict-with-guava.jar:/var/benchmarks/projects/commons-collections/target/dependency/junit-jupiter-api-5.9.3.jar:/var/benchmarks/projects/commons-collections/target/dependency/commons-codec-1.16.0.jar:/var/benchmarks/projects/commons-collections/target/dependency/apiguardian-api-1.1.2.jar:/var/benchmarks/projects/commons-collections/target/dependency/opentest4j-1.2.0.jar:/var/benchmarks/projects/commons-collections/target/dependency/failureaccess-1.0.1.jar:/var/benchmarks/projects/commons-collections/target/dependency/jsr305-3.0.2.jar:/var/benchmarks/projects/commons-collections/target/dependency/objenesis-3.3.jar:/var/benchmarks/projects/commons-collections/target/dependency/guava-testlib-32.1.2-jre.jar:/var/benchmarks/projects/commons-collections/target/dependency/j2objc-annotations-2.8.jar:/var/benchmarks/projects/commons-collections/target/dependency/hamcrest-2.2.jar:/var/benchmarks/projects/commons-collections/target/dependency/junit-4.13.2.jar:/var/benchmarks/projects/commons-collections/target/dependency/commons-io-2.13.0.jar:/var/benchmarks/projects/commons-collections/target/dependency/guava-32.1.2-jre.jar:/usr/local/bin/lib/junit.jar:/usr/local/bin/lib/hamcrest-core.jar -d results_kex_120/COLLECTIONS-22_1/temp/testcases/bin /home/kex/results_kex_120/COLLECTIONS-22_1/temp/testcases/org/apache/commons/collections4/ArrayStack_init_1488407411.java

/home/kex/results_kex_120/COLLECTIONS-22_1/temp/testcases/org/apache/commons/collections4/ReflectionUtils.java:9: warning: Unsafe is internal proprietary API and may be removed in a future release
import sun.misc.Unsafe;
               ^
/home/kex/results_kex_120/COLLECTIONS-22_1/temp/testcases/org/apache/commons/collections4/ReflectionUtils.java:13: warning: Unsafe is internal proprietary API and may be removed in a future release
    public static final Unsafe UNSAFE;
                        ^
/home/kex/results_kex_120/COLLECTIONS-22_1/temp/testcases/org/apache/commons/collections4/ReflectionUtils.java:17: warning: Unsafe is internal proprietary API and may be removed in a future release
            final Field uns = Unsafe.class.getDeclaredField("theUnsafe");
                              ^
/home/kex/results_kex_120/COLLECTIONS-22_1/temp/testcases/org/apache/commons/collections4/ReflectionUtils.java:19: warning: Unsafe is internal proprietary API and may be removed in a future release
            UNSAFE = (Unsafe) uns.get(null);
                      ^
4 warnings
Compiled 'org/apache/commons/collections4/ArrayStack_init_1488407411.java'

===
javac command line:
/usr/bin/javac -sourcepath /home/kex/results_kex_120/COLLECTIONS-22_1/temp/testcases -cp /var/benchmarks/projects/commons-collections/target/commons-collections4-4.5-SNAPSHOT.jar:/var/benchmarks/projects/commons-collections/target/dependency/error_prone_annotations-2.18.0.jar:/var/benchmarks/projects/commons-collections/target/dependency/junit-jupiter-params-5.9.3.jar:/var/benchmarks/projects/commons-collections/target/dependency/hamcrest-core-1.3.jar:/var/benchmarks/projects/commons-collections/target/dependency/easymock-5.1.0.jar:/var/benchmarks/projects/commons-collections/target/dependency/checker-qual-3.33.0.jar:/var/benchmarks/projects/commons-collections/target/dependency/junit-jupiter-engine-5.9.3.jar:/var/benchmarks/projects/commons-collections/target/dependency/junit-platform-engine-1.9.3.jar:/var/benchmarks/projects/commons-collections/target/dependency/commons-lang3-3.13.0.jar:/var/benchmarks/projects/commons-collections/target/dependency/listenablefuture-9999.0-empty-to-avoid-conflict-with-guava.jar:/var/benchmarks/projects/commons-collections/target/dependency/junit-jupiter-api-5.9.3.jar:/var/benchmarks/projects/commons-collections/target/dependency/commons-codec-1.16.0.jar:/var/benchmarks/projects/commons-collections/target/dependency/apiguardian-api-1.1.2.jar:/var/benchmarks/projects/commons-collections/target/dependency/opentest4j-1.2.0.jar:/var/benchmarks/projects/commons-collections/target/dependency/failureaccess-1.0.1.jar:/var/benchmarks/projects/commons-collections/target/dependency/jsr305-3.0.2.jar:/var/benchmarks/projects/commons-collections/target/dependency/objenesis-3.3.jar:/var/benchmarks/projects/commons-collections/target/dependency/guava-testlib-32.1.2-jre.jar:/var/benchmarks/projects/commons-collections/target/dependency/j2objc-annotations-2.8.jar:/var/benchmarks/projects/commons-collections/target/dependency/hamcrest-2.2.jar:/var/benchmarks/projects/commons-collections/target/dependency/junit-4.13.2.jar:/var/benchmarks/projects/commons-collections/target/dependency/commons-io-2.13.0.jar:/var/benchmarks/projects/commons-collections/target/dependency/guava-32.1.2-jre.jar:/usr/local/bin/lib/junit.jar:/usr/local/bin/lib/hamcrest-core.jar -d results_kex_120/COLLECTIONS-22_1/temp/testcases/bin /home/kex/results_kex_120/COLLECTIONS-22_1/temp/testcases/org/apache/commons/collections4/ArrayStack_peek_20908264750.java

/home/kex/results_kex_120/COLLECTIONS-22_1/temp/testcases/org/apache/commons/collections4/ReflectionUtils.java:9: warning: Unsafe is internal proprietary API and may be removed in a future release
import sun.misc.Unsafe;
               ^
/home/kex/results_kex_120/COLLECTIONS-22_1/temp/testcases/org/apache/commons/collections4/ReflectionUtils.java:13: warning: Unsafe is internal proprietary API and may be removed in a future release
    public static final Unsafe UNSAFE;
                        ^
/home/kex/results_kex_120/COLLECTIONS-22_1/temp/testcases/org/apache/commons/collections4/ReflectionUtils.java:17: warning: Unsafe is internal proprietary API and may be removed in a future release
            final Field uns = Unsafe.class.getDeclaredField("theUnsafe");
                              ^
/home/kex/results_kex_120/COLLECTIONS-22_1/temp/testcases/org/apache/commons/collections4/ReflectionUtils.java:19: warning: Unsafe is internal proprietary API and may be removed in a future release
            UNSAFE = (Unsafe) uns.get(null);
                      ^
4 warnings
Compiled 'org/apache/commons/collections4/ArrayStack_peek_20908264750.java'

===
javac command line:
/usr/bin/javac -sourcepath /home/kex/results_kex_120/COLLECTIONS-22_1/temp/testcases -cp /var/benchmarks/projects/commons-collections/target/commons-collections4-4.5-SNAPSHOT.jar:/var/benchmarks/projects/commons-collections/target/dependency/error_prone_annotations-2.18.0.jar:/var/benchmarks/projects/commons-collections/target/dependency/junit-jupiter-params-5.9.3.jar:/var/benchmarks/projects/commons-collections/target/dependency/hamcrest-core-1.3.jar:/var/benchmarks/projects/commons-collections/target/dependency/easymock-5.1.0.jar:/var/benchmarks/projects/commons-collections/target/dependency/checker-qual-3.33.0.jar:/var/benchmarks/projects/commons-collections/target/dependency/junit-jupiter-engine-5.9.3.jar:/var/benchmarks/projects/commons-collections/target/dependency/junit-platform-engine-1.9.3.jar:/var/benchmarks/projects/commons-collections/target/dependency/commons-lang3-3.13.0.jar:/var/benchmarks/projects/commons-collections/target/dependency/listenablefuture-9999.0-empty-to-avoid-conflict-with-guava.jar:/var/benchmarks/projects/commons-collections/target/dependency/junit-jupiter-api-5.9.3.jar:/var/benchmarks/projects/commons-collections/target/dependency/commons-codec-1.16.0.jar:/var/benchmarks/projects/commons-collections/target/dependency/apiguardian-api-1.1.2.jar:/var/benchmarks/projects/commons-collections/target/dependency/opentest4j-1.2.0.jar:/var/benchmarks/projects/commons-collections/target/dependency/failureaccess-1.0.1.jar:/var/benchmarks/projects/commons-collections/target/dependency/jsr305-3.0.2.jar:/var/benchmarks/projects/commons-collections/target/dependency/objenesis-3.3.jar:/var/benchmarks/projects/commons-collections/target/dependency/guava-testlib-32.1.2-jre.jar:/var/benchmarks/projects/commons-collections/target/dependency/j2objc-annotations-2.8.jar:/var/benchmarks/projects/commons-collections/target/dependency/hamcrest-2.2.jar:/var/benchmarks/projects/commons-collections/target/dependency/junit-4.13.2.jar:/var/benchmarks/projects/commons-collections/target/dependency/commons-io-2.13.0.jar:/var/benchmarks/projects/commons-collections/target/dependency/guava-32.1.2-jre.jar:/usr/local/bin/lib/junit.jar:/usr/local/bin/lib/hamcrest-core.jar -d results_kex_120/COLLECTIONS-22_1/temp/testcases/bin /home/kex/results_kex_120/COLLECTIONS-22_1/temp/testcases/org/apache/commons/collections4/ArrayStack_peek_20908283970.java

/home/kex/results_kex_120/COLLECTIONS-22_1/temp/testcases/org/apache/commons/collections4/ReflectionUtils.java:9: warning: Unsafe is internal proprietary API and may be removed in a future release
import sun.misc.Unsafe;
               ^
/home/kex/results_kex_120/COLLECTIONS-22_1/temp/testcases/org/apache/commons/collections4/ReflectionUtils.java:13: warning: Unsafe is internal proprietary API and may be removed in a future release
    public static final Unsafe UNSAFE;
                        ^
/home/kex/results_kex_120/COLLECTIONS-22_1/temp/testcases/org/apache/commons/collections4/ReflectionUtils.java:17: warning: Unsafe is internal proprietary API and may be removed in a future release
            final Field uns = Unsafe.class.getDeclaredField("theUnsafe");
                              ^
/home/kex/results_kex_120/COLLECTIONS-22_1/temp/testcases/org/apache/commons/collections4/ReflectionUtils.java:19: warning: Unsafe is internal proprietary API and may be removed in a future release
            UNSAFE = (Unsafe) uns.get(null);
                      ^
4 warnings
Compiled 'org/apache/commons/collections4/ArrayStack_peek_20908283970.java'

===
javac command line:
/usr/bin/javac -sourcepath /home/kex/results_kex_120/COLLECTIONS-22_1/temp/testcases -cp /var/benchmarks/projects/commons-collections/target/commons-collections4-4.5-SNAPSHOT.jar:/var/benchmarks/projects/commons-collections/target/dependency/error_prone_annotations-2.18.0.jar:/var/benchmarks/projects/commons-collections/target/dependency/junit-jupiter-params-5.9.3.jar:/var/benchmarks/projects/commons-collections/target/dependency/hamcrest-core-1.3.jar:/var/benchmarks/projects/commons-collections/target/dependency/easymock-5.1.0.jar:/var/benchmarks/projects/commons-collections/target/dependency/checker-qual-3.33.0.jar:/var/benchmarks/projects/commons-collections/target/dependency/junit-jupiter-engine-5.9.3.jar:/var/benchmarks/projects/commons-collections/target/dependency/junit-platform-engine-1.9.3.jar:/var/benchmarks/projects/commons-collections/target/dependency/commons-lang3-3.13.0.jar:/var/benchmarks/projects/commons-collections/target/dependency/listenablefuture-9999.0-empty-to-avoid-conflict-with-guava.jar:/var/benchmarks/projects/commons-collections/target/dependency/junit-jupiter-api-5.9.3.jar:/var/benchmarks/projects/commons-collections/target/dependency/commons-codec-1.16.0.jar:/var/benchmarks/projects/commons-collections/target/dependency/apiguardian-api-1.1.2.jar:/var/benchmarks/projects/commons-collections/target/dependency/opentest4j-1.2.0.jar:/var/benchmarks/projects/commons-collections/target/dependency/failureaccess-1.0.1.jar:/var/benchmarks/projects/commons-collections/target/dependency/jsr305-3.0.2.jar:/var/benchmarks/projects/commons-collections/target/dependency/objenesis-3.3.jar:/var/benchmarks/projects/commons-collections/target/dependency/guava-testlib-32.1.2-jre.jar:/var/benchmarks/projects/commons-collections/target/dependency/j2objc-annotations-2.8.jar:/var/benchmarks/projects/commons-collections/target/dependency/hamcrest-2.2.jar:/var/benchmarks/projects/commons-collections/target/dependency/junit-4.13.2.jar:/var/benchmarks/projects/commons-collections/target/dependency/commons-io-2.13.0.jar:/var/benchmarks/projects/commons-collections/target/dependency/guava-32.1.2-jre.jar:/usr/local/bin/lib/junit.jar:/usr/local/bin/lib/hamcrest-core.jar -d results_kex_120/COLLECTIONS-22_1/temp/testcases/bin /home/kex/results_kex_120/COLLECTIONS-22_1/temp/testcases/org/apache/commons/collections4/ArrayStack_pop_11051769910.java

/home/kex/results_kex_120/COLLECTIONS-22_1/temp/testcases/org/apache/commons/collections4/ReflectionUtils.java:9: warning: Unsafe is internal proprietary API and may be removed in a future release
import sun.misc.Unsafe;
               ^
/home/kex/results_kex_120/COLLECTIONS-22_1/temp/testcases/org/apache/commons/collections4/ReflectionUtils.java:13: warning: Unsafe is internal proprietary API and may be removed in a future release
    public static final Unsafe UNSAFE;
                        ^
/home/kex/results_kex_120/COLLECTIONS-22_1/temp/testcases/org/apache/commons/collections4/ReflectionUtils.java:17: warning: Unsafe is internal proprietary API and may be removed in a future release
            final Field uns = Unsafe.class.getDeclaredField("theUnsafe");
                              ^
/home/kex/results_kex_120/COLLECTIONS-22_1/temp/testcases/org/apache/commons/collections4/ReflectionUtils.java:19: warning: Unsafe is internal proprietary API and may be removed in a future release
            UNSAFE = (Unsafe) uns.get(null);
                      ^
4 warnings
Compiled 'org/apache/commons/collections4/ArrayStack_pop_11051769910.java'

===
javac command line:
/usr/bin/javac -sourcepath /home/kex/results_kex_120/COLLECTIONS-22_1/temp/testcases -cp /var/benchmarks/projects/commons-collections/target/commons-collections4-4.5-SNAPSHOT.jar:/var/benchmarks/projects/commons-collections/target/dependency/error_prone_annotations-2.18.0.jar:/var/benchmarks/projects/commons-collections/target/dependency/junit-jupiter-params-5.9.3.jar:/var/benchmarks/projects/commons-collections/target/dependency/hamcrest-core-1.3.jar:/var/benchmarks/projects/commons-collections/target/dependency/easymock-5.1.0.jar:/var/benchmarks/projects/commons-collections/target/dependency/checker-qual-3.33.0.jar:/var/benchmarks/projects/commons-collections/target/dependency/junit-jupiter-engine-5.9.3.jar:/var/benchmarks/projects/commons-collections/target/dependency/junit-platform-engine-1.9.3.jar:/var/benchmarks/projects/commons-collections/target/dependency/commons-lang3-3.13.0.jar:/var/benchmarks/projects/commons-collections/target/dependency/listenablefuture-9999.0-empty-to-avoid-conflict-with-guava.jar:/var/benchmarks/projects/commons-collections/target/dependency/junit-jupiter-api-5.9.3.jar:/var/benchmarks/projects/commons-collections/target/dependency/commons-codec-1.16.0.jar:/var/benchmarks/projects/commons-collections/target/dependency/apiguardian-api-1.1.2.jar:/var/benchmarks/projects/commons-collections/target/dependency/opentest4j-1.2.0.jar:/var/benchmarks/projects/commons-collections/target/dependency/failureaccess-1.0.1.jar:/var/benchmarks/projects/commons-collections/target/dependency/jsr305-3.0.2.jar:/var/benchmarks/projects/commons-collections/target/dependency/objenesis-3.3.jar:/var/benchmarks/projects/commons-collections/target/dependency/guava-testlib-32.1.2-jre.jar:/var/benchmarks/projects/commons-collections/target/dependency/j2objc-annotations-2.8.jar:/var/benchmarks/projects/commons-collections/target/dependency/hamcrest-2.2.jar:/var/benchmarks/projects/commons-collections/target/dependency/junit-4.13.2.jar:/var/benchmarks/projects/commons-collections/target/dependency/commons-io-2.13.0.jar:/var/benchmarks/projects/commons-collections/target/dependency/guava-32.1.2-jre.jar:/usr/local/bin/lib/junit.jar:/usr/local/bin/lib/hamcrest-core.jar -d results_kex_120/COLLECTIONS-22_1/temp/testcases/bin /home/kex/results_kex_120/COLLECTIONS-22_1/temp/testcases/org/apache/commons/collections4/ArrayStack_push_21190930630.java

/home/kex/results_kex_120/COLLECTIONS-22_1/temp/testcases/org/apache/commons/collections4/ReflectionUtils.java:9: warning: Unsafe is internal proprietary API and may be removed in a future release
import sun.misc.Unsafe;
               ^
/home/kex/results_kex_120/COLLECTIONS-22_1/temp/testcases/org/apache/commons/collections4/ReflectionUtils.java:13: warning: Unsafe is internal proprietary API and may be removed in a future release
    public static final Unsafe UNSAFE;
                        ^
/home/kex/results_kex_120/COLLECTIONS-22_1/temp/testcases/org/apache/commons/collections4/ReflectionUtils.java:17: warning: Unsafe is internal proprietary API and may be removed in a future release
            final Field uns = Unsafe.class.getDeclaredField("theUnsafe");
                              ^
/home/kex/results_kex_120/COLLECTIONS-22_1/temp/testcases/org/apache/commons/collections4/ReflectionUtils.java:19: warning: Unsafe is internal proprietary API and may be removed in a future release
            UNSAFE = (Unsafe) uns.get(null);
                      ^
4 warnings
Compiled 'org/apache/commons/collections4/ArrayStack_push_21190930630.java'

===
javac command line:
/usr/bin/javac -sourcepath /home/kex/results_kex_120/COLLECTIONS-22_1/temp/testcases -cp /var/benchmarks/projects/commons-collections/target/commons-collections4-4.5-SNAPSHOT.jar:/var/benchmarks/projects/commons-collections/target/dependency/error_prone_annotations-2.18.0.jar:/var/benchmarks/projects/commons-collections/target/dependency/junit-jupiter-params-5.9.3.jar:/var/benchmarks/projects/commons-collections/target/dependency/hamcrest-core-1.3.jar:/var/benchmarks/projects/commons-collections/target/dependency/easymock-5.1.0.jar:/var/benchmarks/projects/commons-collections/target/dependency/checker-qual-3.33.0.jar:/var/benchmarks/projects/commons-collections/target/dependency/junit-jupiter-engine-5.9.3.jar:/var/benchmarks/projects/commons-collections/target/dependency/junit-platform-engine-1.9.3.jar:/var/benchmarks/projects/commons-collections/target/dependency/commons-lang3-3.13.0.jar:/var/benchmarks/projects/commons-collections/target/dependency/listenablefuture-9999.0-empty-to-avoid-conflict-with-guava.jar:/var/benchmarks/projects/commons-collections/target/dependency/junit-jupiter-api-5.9.3.jar:/var/benchmarks/projects/commons-collections/target/dependency/commons-codec-1.16.0.jar:/var/benchmarks/projects/commons-collections/target/dependency/apiguardian-api-1.1.2.jar:/var/benchmarks/projects/commons-collections/target/dependency/opentest4j-1.2.0.jar:/var/benchmarks/projects/commons-collections/target/dependency/failureaccess-1.0.1.jar:/var/benchmarks/projects/commons-collections/target/dependency/jsr305-3.0.2.jar:/var/benchmarks/projects/commons-collections/target/dependency/objenesis-3.3.jar:/var/benchmarks/projects/commons-collections/target/dependency/guava-testlib-32.1.2-jre.jar:/var/benchmarks/projects/commons-collections/target/dependency/j2objc-annotations-2.8.jar:/var/benchmarks/projects/commons-collections/target/dependency/hamcrest-2.2.jar:/var/benchmarks/projects/commons-collections/target/dependency/junit-4.13.2.jar:/var/benchmarks/projects/commons-collections/target/dependency/commons-io-2.13.0.jar:/var/benchmarks/projects/commons-collections/target/dependency/guava-32.1.2-jre.jar:/usr/local/bin/lib/junit.jar:/usr/local/bin/lib/hamcrest-core.jar -d results_kex_120/COLLECTIONS-22_1/temp/testcases/bin /home/kex/results_kex_120/COLLECTIONS-22_1/temp/testcases/org/apache/commons/collections4/ArrayStack_search_19609778440.java

/home/kex/results_kex_120/COLLECTIONS-22_1/temp/testcases/org/apache/commons/collections4/ReflectionUtils.java:9: warning: Unsafe is internal proprietary API and may be removed in a future release
import sun.misc.Unsafe;
               ^
/home/kex/results_kex_120/COLLECTIONS-22_1/temp/testcases/org/apache/commons/collections4/ReflectionUtils.java:13: warning: Unsafe is internal proprietary API and may be removed in a future release
    public static final Unsafe UNSAFE;
                        ^
/home/kex/results_kex_120/COLLECTIONS-22_1/temp/testcases/org/apache/commons/collections4/ReflectionUtils.java:17: warning: Unsafe is internal proprietary API and may be removed in a future release
            final Field uns = Unsafe.class.getDeclaredField("theUnsafe");
                              ^
/home/kex/results_kex_120/COLLECTIONS-22_1/temp/testcases/org/apache/commons/collections4/ReflectionUtils.java:19: warning: Unsafe is internal proprietary API and may be removed in a future release
            UNSAFE = (Unsafe) uns.get(null);
                      ^
4 warnings
Compiled 'org/apache/commons/collections4/ArrayStack_search_19609778440.java'

===
javac command line:
/usr/bin/javac -sourcepath /home/kex/results_kex_120/COLLECTIONS-22_1/temp/testcases -cp /var/benchmarks/projects/commons-collections/target/commons-collections4-4.5-SNAPSHOT.jar:/var/benchmarks/projects/commons-collections/target/dependency/error_prone_annotations-2.18.0.jar:/var/benchmarks/projects/commons-collections/target/dependency/junit-jupiter-params-5.9.3.jar:/var/benchmarks/projects/commons-collections/target/dependency/hamcrest-core-1.3.jar:/var/benchmarks/projects/commons-collections/target/dependency/easymock-5.1.0.jar:/var/benchmarks/projects/commons-collections/target/dependency/checker-qual-3.33.0.jar:/var/benchmarks/projects/commons-collections/target/dependency/junit-jupiter-engine-5.9.3.jar:/var/benchmarks/projects/commons-collections/target/dependency/junit-platform-engine-1.9.3.jar:/var/benchmarks/projects/commons-collections/target/dependency/commons-lang3-3.13.0.jar:/var/benchmarks/projects/commons-collections/target/dependency/listenablefuture-9999.0-empty-to-avoid-conflict-with-guava.jar:/var/benchmarks/projects/commons-collections/target/dependency/junit-jupiter-api-5.9.3.jar:/var/benchmarks/projects/commons-collections/target/dependency/commons-codec-1.16.0.jar:/var/benchmarks/projects/commons-collections/target/dependency/apiguardian-api-1.1.2.jar:/var/benchmarks/projects/commons-collections/target/dependency/opentest4j-1.2.0.jar:/var/benchmarks/projects/commons-collections/target/dependency/failureaccess-1.0.1.jar:/var/benchmarks/projects/commons-collections/target/dependency/jsr305-3.0.2.jar:/var/benchmarks/projects/commons-collections/target/dependency/objenesis-3.3.jar:/var/benchmarks/projects/commons-collections/target/dependency/guava-testlib-32.1.2-jre.jar:/var/benchmarks/projects/commons-collections/target/dependency/j2objc-annotations-2.8.jar:/var/benchmarks/projects/commons-collections/target/dependency/hamcrest-2.2.jar:/var/benchmarks/projects/commons-collections/target/dependency/junit-4.13.2.jar:/var/benchmarks/projects/commons-collections/target/dependency/commons-io-2.13.0.jar:/var/benchmarks/projects/commons-collections/target/dependency/guava-32.1.2-jre.jar:/usr/local/bin/lib/junit.jar:/usr/local/bin/lib/hamcrest-core.jar -d results_kex_120/COLLECTIONS-22_1/temp/testcases/bin /home/kex/results_kex_120/COLLECTIONS-22_1/temp/testcases/org/apache/commons/collections4/EqualityUtils.java

Compiled 'org/apache/commons/collections4/EqualityUtils.java'

===
javac command line:
/usr/bin/javac -sourcepath /home/kex/results_kex_120/COLLECTIONS-22_1/temp/testcases -cp /var/benchmarks/projects/commons-collections/target/commons-collections4-4.5-SNAPSHOT.jar:/var/benchmarks/projects/commons-collections/target/dependency/error_prone_annotations-2.18.0.jar:/var/benchmarks/projects/commons-collections/target/dependency/junit-jupiter-params-5.9.3.jar:/var/benchmarks/projects/commons-collections/target/dependency/hamcrest-core-1.3.jar:/var/benchmarks/projects/commons-collections/target/dependency/easymock-5.1.0.jar:/var/benchmarks/projects/commons-collections/target/dependency/checker-qual-3.33.0.jar:/var/benchmarks/projects/commons-collections/target/dependency/junit-jupiter-engine-5.9.3.jar:/var/benchmarks/projects/commons-collections/target/dependency/junit-platform-engine-1.9.3.jar:/var/benchmarks/projects/commons-collections/target/dependency/commons-lang3-3.13.0.jar:/var/benchmarks/projects/commons-collections/target/dependency/listenablefuture-9999.0-empty-to-avoid-conflict-with-guava.jar:/var/benchmarks/projects/commons-collections/target/dependency/junit-jupiter-api-5.9.3.jar:/var/benchmarks/projects/commons-collections/target/dependency/commons-codec-1.16.0.jar:/var/benchmarks/projects/commons-collections/target/dependency/apiguardian-api-1.1.2.jar:/var/benchmarks/projects/commons-collections/target/dependency/opentest4j-1.2.0.jar:/var/benchmarks/projects/commons-collections/target/dependency/failureaccess-1.0.1.jar:/var/benchmarks/projects/commons-collections/target/dependency/jsr305-3.0.2.jar:/var/benchmarks/projects/commons-collections/target/dependency/objenesis-3.3.jar:/var/benchmarks/projects/commons-collections/target/dependency/guava-testlib-32.1.2-jre.jar:/var/benchmarks/projects/commons-collections/target/dependency/j2objc-annotations-2.8.jar:/var/benchmarks/projects/commons-collections/target/dependency/hamcrest-2.2.jar:/var/benchmarks/projects/commons-collections/target/dependency/junit-4.13.2.jar:/var/benchmarks/projects/commons-collections/target/dependency/commons-io-2.13.0.jar:/var/benchmarks/projects/commons-collections/target/dependency/guava-32.1.2-jre.jar:/usr/local/bin/lib/junit.jar:/usr/local/bin/lib/hamcrest-core.jar -d results_kex_120/COLLECTIONS-22_1/temp/testcases/bin /home/kex/results_kex_120/COLLECTIONS-22_1/temp/testcases/org/apache/commons/collections4/ReflectionUtils.java

/home/kex/results_kex_120/COLLECTIONS-22_1/temp/testcases/org/apache/commons/collections4/ReflectionUtils.java:9: warning: Unsafe is internal proprietary API and may be removed in a future release
import sun.misc.Unsafe;
               ^
/home/kex/results_kex_120/COLLECTIONS-22_1/temp/testcases/org/apache/commons/collections4/ReflectionUtils.java:13: warning: Unsafe is internal proprietary API and may be removed in a future release
    public static final Unsafe UNSAFE;
                        ^
/home/kex/results_kex_120/COLLECTIONS-22_1/temp/testcases/org/apache/commons/collections4/ReflectionUtils.java:17: warning: Unsafe is internal proprietary API and may be removed in a future release
            final Field uns = Unsafe.class.getDeclaredField("theUnsafe");
                              ^
/home/kex/results_kex_120/COLLECTIONS-22_1/temp/testcases/org/apache/commons/collections4/ReflectionUtils.java:19: warning: Unsafe is internal proprietary API and may be removed in a future release
            UNSAFE = (Unsafe) uns.get(null);
                      ^
4 warnings
Compiled 'org/apache/commons/collections4/ReflectionUtils.java'

---Timing Information---
Running tests with the following classpath: 
/var/benchmarks/projects/commons-collections/target/commons-collections4-4.5-SNAPSHOT.jar:/var/benchmarks/projects/commons-collections/target/dependency/error_prone_annotations-2.18.0.jar:/var/benchmarks/projects/commons-collections/target/dependency/junit-jupiter-params-5.9.3.jar:/var/benchmarks/projects/commons-collections/target/dependency/hamcrest-core-1.3.jar:/var/benchmarks/projects/commons-collections/target/dependency/easymock-5.1.0.jar:/var/benchmarks/projects/commons-collections/target/dependency/checker-qual-3.33.0.jar:/var/benchmarks/projects/commons-collections/target/dependency/junit-jupiter-engine-5.9.3.jar:/var/benchmarks/projects/commons-collections/target/dependency/junit-platform-engine-1.9.3.jar:/var/benchmarks/projects/commons-collections/target/dependency/commons-lang3-3.13.0.jar:/var/benchmarks/projects/commons-collections/target/dependency/listenablefuture-9999.0-empty-to-avoid-conflict-with-guava.jar:/var/benchmarks/projects/commons-collections/target/dependency/junit-jupiter-api-5.9.3.jar:/var/benchmarks/projects/commons-collections/target/dependency/commons-codec-1.16.0.jar:/var/benchmarks/projects/commons-collections/target/dependency/apiguardian-api-1.1.2.jar:/var/benchmarks/projects/commons-collections/target/dependency/opentest4j-1.2.0.jar:/var/benchmarks/projects/commons-collections/target/dependency/failureaccess-1.0.1.jar:/var/benchmarks/projects/commons-collections/target/dependency/jsr305-3.0.2.jar:/var/benchmarks/projects/commons-collections/target/dependency/objenesis-3.3.jar:/var/benchmarks/projects/commons-collections/target/dependency/guava-testlib-32.1.2-jre.jar:/var/benchmarks/projects/commons-collections/target/dependency/j2objc-annotations-2.8.jar:/var/benchmarks/projects/commons-collections/target/dependency/hamcrest-2.2.jar:/var/benchmarks/projects/commons-collections/target/dependency/junit-4.13.2.jar:/var/benchmarks/projects/commons-collections/target/dependency/commons-io-2.13.0.jar:/var/benchmarks/projects/commons-collections/target/dependency/guava-32.1.2-jre.jar:/usr/local/bin/lib/junit.jar:/usr/local/bin/lib/hamcrest-core.jar:/home/kex/results_kex_120/COLLECTIONS-22_1/temp/testcases/bin
Running the tests: [SBSTDummyForCoverageAndMutationCalculation, org.apache.commons.collections4.ArrayStack_empty_6213467740, org.apache.commons.collections4.ArrayStack_init_1488388190, org.apache.commons.collections4.ArrayStack_init_1488388191, org.apache.commons.collections4.ArrayStack_init_1488407410, org.apache.commons.collections4.ArrayStack_init_1488407411, org.apache.commons.collections4.ArrayStack_peek_20908264750, org.apache.commons.collections4.ArrayStack_peek_20908283970, org.apache.commons.collections4.ArrayStack_pop_11051769910, org.apache.commons.collections4.ArrayStack_push_21190930630, org.apache.commons.collections4.ArrayStack_search_19609778440, org.apache.commons.collections4.EqualityUtils, org.apache.commons.collections4.ReflectionUtils]
Executions terminated
Failure: [test(org.apache.commons.collections4.ArrayStack_init_1488407410): null]
Failing Tests: test(org.apache.commons.collections4.ArrayStack_init_1488407410)
java.lang.reflect.InvocationTargetException
	at sun.reflect.NativeConstructorAccessorImpl.newInstance0(Native Method)
	at sun.reflect.NativeConstructorAccessorImpl.newInstance(NativeConstructorAccessorImpl.java:62)
	at sun.reflect.DelegatingConstructorAccessorImpl.newInstance(DelegatingConstructorAccessorImpl.java:45)
	at java.lang.reflect.Constructor.newInstance(Constructor.java:423)
	at org.apache.commons.collections4.ReflectionUtils.callConstructor(ReflectionUtils.java:231)
	at org.apache.commons.collections4.ArrayStack_init_1488407410.test(ArrayStack_init_1488407410.java:39)
	at sun.reflect.NativeMethodAccessorImpl.invoke0(Native Method)
	at sun.reflect.NativeMethodAccessorImpl.invoke(NativeMethodAccessorImpl.java:62)
	at sun.reflect.DelegatingMethodAccessorImpl.invoke(DelegatingMethodAccessorImpl.java:43)
	at java.lang.reflect.Method.invoke(Method.java:498)
	at org.junit.runners.model.FrameworkMethod$1.runReflectiveCall(FrameworkMethod.java:47)
	at org.junit.internal.runners.model.ReflectiveCallable.run(ReflectiveCallable.java:12)
	at org.junit.runners.model.FrameworkMethod.invokeExplosively(FrameworkMethod.java:44)
	at org.junit.internal.runners.statements.InvokeMethod.evaluate(InvokeMethod.java:17)
	at org.junit.internal.runners.statements.RunBefores.evaluate(RunBefores.java:26)
	at org.junit.runners.ParentRunner.runLeaf(ParentRunner.java:271)
	at org.junit.runners.BlockJUnit4ClassRunner.runChild(BlockJUnit4ClassRunner.java:70)
	at org.junit.runners.BlockJUnit4ClassRunner.runChild(BlockJUnit4ClassRunner.java:50)
	at org.junit.runners.ParentRunner$3.run(ParentRunner.java:238)
	at org.junit.runners.ParentRunner$1.schedule(ParentRunner.java:63)
	at org.junit.runners.ParentRunner.runChildren(ParentRunner.java:236)
	at org.junit.runners.ParentRunner.access$000(ParentRunner.java:53)
	at org.junit.runners.ParentRunner$2.evaluate(ParentRunner.java:229)
	at org.junit.runners.ParentRunner.run(ParentRunner.java:309)
	at org.junit.runners.Suite.runChild(Suite.java:127)
	at org.junit.runners.Suite.runChild(Suite.java:26)
	at org.junit.runners.ParentRunner$3.run(ParentRunner.java:238)
	at org.junit.runners.ParentRunner$1.schedule(ParentRunner.java:63)
	at org.junit.runners.ParentRunner.runChildren(ParentRunner.java:236)
	at org.junit.runners.ParentRunner.access$000(ParentRunner.java:53)
	at org.junit.runners.ParentRunner$2.evaluate(ParentRunner.java:229)
	at org.junit.runners.ParentRunner.run(ParentRunner.java:309)
	at org.junit.runner.JUnitCore.run(JUnitCore.java:160)
	at org.junit.runner.JUnitCore.run(JUnitCore.java:138)
	at org.junit.runner.JUnitCore.run(JUnitCore.java:117)
	at sbst.benchmark.coverage.TestExecutionTask.call(TestExecutionTask.java:54)
	at sbst.benchmark.coverage.TestExecutionTask.call(TestExecutionTask.java:15)
	at java.util.concurrent.FutureTask.run(FutureTask.java:266)
	at java.util.concurrent.ThreadPoolExecutor.runWorker(ThreadPoolExecutor.java:1149)
	at java.util.concurrent.ThreadPoolExecutor$Worker.run(ThreadPoolExecutor.java:624)
	at java.lang.Thread.run(Thread.java:750)
Caused by: java.lang.OutOfMemoryError: Java heap space
	at java.util.ArrayList.<init>(ArrayList.java:153)
	at org.apache.commons.collections4.ArrayStack.<init>(ArrayStack.java:67)
	at sun.reflect.NativeConstructorAccessorImpl.newInstance0(Native Method)
	at sun.reflect.NativeConstructorAccessorImpl.newInstance(NativeConstructorAccessorImpl.java:62)
	at sun.reflect.DelegatingConstructorAccessorImpl.newInstance(DelegatingConstructorAccessorImpl.java:45)
	at java.lang.reflect.Constructor.newInstance(Constructor.java:423)
	at org.apache.commons.collections4.ReflectionUtils.callConstructor(ReflectionUtils.java:231)
	at org.apache.commons.collections4.ArrayStack_init_1488407410.test(ArrayStack_init_1488407410.java:39)
	at sun.reflect.NativeMethodAccessorImpl.invoke0(Native Method)
	at sun.reflect.NativeMethodAccessorImpl.invoke(NativeMethodAccessorImpl.java:62)
	at sun.reflect.DelegatingMethodAccessorImpl.invoke(DelegatingMethodAccessorImpl.java:43)
	at java.lang.reflect.Method.invoke(Method.java:498)
	at org.junit.runners.model.FrameworkMethod$1.runReflectiveCall(FrameworkMethod.java:47)
	at org.junit.internal.runners.model.ReflectiveCallable.run(ReflectiveCallable.java:12)
	at org.junit.runners.model.FrameworkMethod.invokeExplosively(FrameworkMethod.java:44)
	at org.junit.internal.runners.statements.InvokeMethod.evaluate(InvokeMethod.java:17)
	at org.junit.internal.runners.statements.RunBefores.evaluate(RunBefores.java:26)
	at org.junit.runners.ParentRunner.runLeaf(ParentRunner.java:271)
	at org.junit.runners.BlockJUnit4ClassRunner.runChild(BlockJUnit4ClassRunner.java:70)
	at org.junit.runners.BlockJUnit4ClassRunner.runChild(BlockJUnit4ClassRunner.java:50)
	at org.junit.runners.ParentRunner$3.run(ParentRunner.java:238)
	at org.junit.runners.ParentRunner$1.schedule(ParentRunner.java:63)
	at org.junit.runners.ParentRunner.runChildren(ParentRunner.java:236)
	at org.junit.runners.ParentRunner.access$000(ParentRunner.java:53)
	at org.junit.runners.ParentRunner$2.evaluate(ParentRunner.java:229)
	at org.junit.runners.ParentRunner.run(ParentRunner.java:309)
	at org.junit.runners.Suite.runChild(Suite.java:127)
	at org.junit.runners.Suite.runChild(Suite.java:26)
	at org.junit.runners.ParentRunner$3.run(ParentRunner.java:238)
	at org.junit.runners.ParentRunner$1.schedule(ParentRunner.java:63)
	at org.junit.runners.ParentRunner.runChildren(ParentRunner.java:236)
	at org.junit.runners.ParentRunner.access$000(ParentRunner.java:53)

Failure: [test(org.apache.commons.collections4.ArrayStack_peek_20908264750): null]
Failing Tests: test(org.apache.commons.collections4.ArrayStack_peek_20908264750)
java.util.EmptyStackException
	at org.apache.commons.collections4.ArrayStack.peek(ArrayStack.java:91)
	at sun.reflect.NativeMethodAccessorImpl.invoke0(Native Method)
	at sun.reflect.NativeMethodAccessorImpl.invoke(NativeMethodAccessorImpl.java:62)
	at sun.reflect.DelegatingMethodAccessorImpl.invoke(DelegatingMethodAccessorImpl.java:43)
	at java.lang.reflect.Method.invoke(Method.java:498)
	at org.apache.commons.collections4.ReflectionUtils.callMethod(ReflectionUtils.java:238)
	at org.apache.commons.collections4.ArrayStack_peek_20908264750.test(ArrayStack_peek_20908264750.java:39)
	at sun.reflect.NativeMethodAccessorImpl.invoke0(Native Method)
	at sun.reflect.NativeMethodAccessorImpl.invoke(NativeMethodAccessorImpl.java:62)
	at sun.reflect.DelegatingMethodAccessorImpl.invoke(DelegatingMethodAccessorImpl.java:43)
	at java.lang.reflect.Method.invoke(Method.java:498)
	at org.junit.runners.model.FrameworkMethod$1.runReflectiveCall(FrameworkMethod.java:47)
	at org.junit.internal.runners.model.ReflectiveCallable.run(ReflectiveCallable.java:12)
	at org.junit.runners.model.FrameworkMethod.invokeExplosively(FrameworkMethod.java:44)
	at org.junit.internal.runners.statements.InvokeMethod.evaluate(InvokeMethod.java:17)
	at org.junit.internal.runners.statements.RunBefores.evaluate(RunBefores.java:26)
	at org.junit.runners.ParentRunner.runLeaf(ParentRunner.java:271)
	at org.junit.runners.BlockJUnit4ClassRunner.runChild(BlockJUnit4ClassRunner.java:70)
	at org.junit.runners.BlockJUnit4ClassRunner.runChild(BlockJUnit4ClassRunner.java:50)
	at org.junit.runners.ParentRunner$3.run(ParentRunner.java:238)
	at org.junit.runners.ParentRunner$1.schedule(ParentRunner.java:63)
	at org.junit.runners.ParentRunner.runChildren(ParentRunner.java:236)
	at org.junit.runners.ParentRunner.access$000(ParentRunner.java:53)
	at org.junit.runners.ParentRunner$2.evaluate(ParentRunner.java:229)
	at org.junit.runners.ParentRunner.run(ParentRunner.java:309)
	at org.junit.runners.Suite.runChild(Suite.java:127)
	at org.junit.runners.Suite.runChild(Suite.java:26)
	at org.junit.runners.ParentRunner$3.run(ParentRunner.java:238)
	at org.junit.runners.ParentRunner$1.schedule(ParentRunner.java:63)
	at org.junit.runners.ParentRunner.runChildren(ParentRunner.java:236)
	at org.junit.runners.ParentRunner.access$000(ParentRunner.java:53)
	at org.junit.runners.ParentRunner$2.evaluate(ParentRunner.java:229)
	at org.junit.runners.ParentRunner.run(ParentRunner.java:309)
	at org.junit.runner.JUnitCore.run(JUnitCore.java:160)
	at org.junit.runner.JUnitCore.run(JUnitCore.java:138)
	at org.junit.runner.JUnitCore.run(JUnitCore.java:117)
	at sbst.benchmark.coverage.TestExecutionTask.call(TestExecutionTask.java:54)
	at sbst.benchmark.coverage.TestExecutionTask.call(TestExecutionTask.java:15)
	at java.util.concurrent.FutureTask.run(FutureTask.java:266)
	at java.util.concurrent.ThreadPoolExecutor.runWorker(ThreadPoolExecutor.java:1149)
	at java.util.concurrent.ThreadPoolExecutor$Worker.run(ThreadPoolExecutor.java:624)
	at java.lang.Thread.run(Thread.java:750)

Failure: [test(org.apache.commons.collections4.ArrayStack_peek_20908283970): null]
Failing Tests: test(org.apache.commons.collections4.ArrayStack_peek_20908283970)
java.util.EmptyStackException
	at org.apache.commons.collections4.ArrayStack.peek(ArrayStack.java:108)
	at sun.reflect.NativeMethodAccessorImpl.invoke0(Native Method)
	at sun.reflect.NativeMethodAccessorImpl.invoke(NativeMethodAccessorImpl.java:62)
	at sun.reflect.DelegatingMethodAccessorImpl.invoke(DelegatingMethodAccessorImpl.java:43)
	at java.lang.reflect.Method.invoke(Method.java:498)
	at org.apache.commons.collections4.ReflectionUtils.callMethod(ReflectionUtils.java:238)
	at org.apache.commons.collections4.ArrayStack_peek_20908283970.test(ArrayStack_peek_20908283970.java:44)
	at sun.reflect.NativeMethodAccessorImpl.invoke0(Native Method)
	at sun.reflect.NativeMethodAccessorImpl.invoke(NativeMethodAccessorImpl.java:62)
	at sun.reflect.DelegatingMethodAccessorImpl.invoke(DelegatingMethodAccessorImpl.java:43)
	at java.lang.reflect.Method.invoke(Method.java:498)
	at org.junit.runners.model.FrameworkMethod$1.runReflectiveCall(FrameworkMethod.java:47)
	at org.junit.internal.runners.model.ReflectiveCallable.run(ReflectiveCallable.java:12)
	at org.junit.runners.model.FrameworkMethod.invokeExplosively(FrameworkMethod.java:44)
	at org.junit.internal.runners.statements.InvokeMethod.evaluate(InvokeMethod.java:17)
	at org.junit.internal.runners.statements.RunBefores.evaluate(RunBefores.java:26)
	at org.junit.runners.ParentRunner.runLeaf(ParentRunner.java:271)
	at org.junit.runners.BlockJUnit4ClassRunner.runChild(BlockJUnit4ClassRunner.java:70)
	at org.junit.runners.BlockJUnit4ClassRunner.runChild(BlockJUnit4ClassRunner.java:50)
	at org.junit.runners.ParentRunner$3.run(ParentRunner.java:238)
	at org.junit.runners.ParentRunner$1.schedule(ParentRunner.java:63)
	at org.junit.runners.ParentRunner.runChildren(ParentRunner.java:236)
	at org.junit.runners.ParentRunner.access$000(ParentRunner.java:53)
	at org.junit.runners.ParentRunner$2.evaluate(ParentRunner.java:229)
	at org.junit.runners.ParentRunner.run(ParentRunner.java:309)
	at org.junit.runners.Suite.runChild(Suite.java:127)
	at org.junit.runners.Suite.runChild(Suite.java:26)
	at org.junit.runners.ParentRunner$3.run(ParentRunner.java:238)
	at org.junit.runners.ParentRunner$1.schedule(ParentRunner.java:63)
	at org.junit.runners.ParentRunner.runChildren(ParentRunner.java:236)
	at org.junit.runners.ParentRunner.access$000(ParentRunner.java:53)
	at org.junit.runners.ParentRunner$2.evaluate(ParentRunner.java:229)
	at org.junit.runners.ParentRunner.run(ParentRunner.java:309)
	at org.junit.runner.JUnitCore.run(JUnitCore.java:160)
	at org.junit.runner.JUnitCore.run(JUnitCore.java:138)
	at org.junit.runner.JUnitCore.run(JUnitCore.java:117)
	at sbst.benchmark.coverage.TestExecutionTask.call(TestExecutionTask.java:54)
	at sbst.benchmark.coverage.TestExecutionTask.call(TestExecutionTask.java:15)
	at java.util.concurrent.FutureTask.run(FutureTask.java:266)
	at java.util.concurrent.ThreadPoolExecutor.runWorker(ThreadPoolExecutor.java:1149)
	at java.util.concurrent.ThreadPoolExecutor$Worker.run(ThreadPoolExecutor.java:624)
	at java.lang.Thread.run(Thread.java:750)

Failure: [test(org.apache.commons.collections4.ArrayStack_pop_11051769910): null]
Failing Tests: test(org.apache.commons.collections4.ArrayStack_pop_11051769910)
java.util.EmptyStackException
	at org.apache.commons.collections4.ArrayStack.pop(ArrayStack.java:122)
	at sun.reflect.NativeMethodAccessorImpl.invoke0(Native Method)
	at sun.reflect.NativeMethodAccessorImpl.invoke(NativeMethodAccessorImpl.java:62)
	at sun.reflect.DelegatingMethodAccessorImpl.invoke(DelegatingMethodAccessorImpl.java:43)
	at java.lang.reflect.Method.invoke(Method.java:498)
	at org.apache.commons.collections4.ReflectionUtils.callMethod(ReflectionUtils.java:238)
	at org.apache.commons.collections4.ArrayStack_pop_11051769910.test(ArrayStack_pop_11051769910.java:39)
	at sun.reflect.NativeMethodAccessorImpl.invoke0(Native Method)
	at sun.reflect.NativeMethodAccessorImpl.invoke(NativeMethodAccessorImpl.java:62)
	at sun.reflect.DelegatingMethodAccessorImpl.invoke(DelegatingMethodAccessorImpl.java:43)
	at java.lang.reflect.Method.invoke(Method.java:498)
	at org.junit.runners.model.FrameworkMethod$1.runReflectiveCall(FrameworkMethod.java:47)
	at org.junit.internal.runners.model.ReflectiveCallable.run(ReflectiveCallable.java:12)
	at org.junit.runners.model.FrameworkMethod.invokeExplosively(FrameworkMethod.java:44)
	at org.junit.internal.runners.statements.InvokeMethod.evaluate(InvokeMethod.java:17)
	at org.junit.internal.runners.statements.RunBefores.evaluate(RunBefores.java:26)
	at org.junit.runners.ParentRunner.runLeaf(ParentRunner.java:271)
	at org.junit.runners.BlockJUnit4ClassRunner.runChild(BlockJUnit4ClassRunner.java:70)
	at org.junit.runners.BlockJUnit4ClassRunner.runChild(BlockJUnit4ClassRunner.java:50)
	at org.junit.runners.ParentRunner$3.run(ParentRunner.java:238)
	at org.junit.runners.ParentRunner$1.schedule(ParentRunner.java:63)
	at org.junit.runners.ParentRunner.runChildren(ParentRunner.java:236)
	at org.junit.runners.ParentRunner.access$000(ParentRunner.java:53)
	at org.junit.runners.ParentRunner$2.evaluate(ParentRunner.java:229)
	at org.junit.runners.ParentRunner.run(ParentRunner.java:309)
	at org.junit.runners.Suite.runChild(Suite.java:127)
	at org.junit.runners.Suite.runChild(Suite.java:26)
	at org.junit.runners.ParentRunner$3.run(ParentRunner.java:238)
	at org.junit.runners.ParentRunner$1.schedule(ParentRunner.java:63)
	at org.junit.runners.ParentRunner.runChildren(ParentRunner.java:236)
	at org.junit.runners.ParentRunner.access$000(ParentRunner.java:53)
	at org.junit.runners.ParentRunner$2.evaluate(ParentRunner.java:229)
	at org.junit.runners.ParentRunner.run(ParentRunner.java:309)
	at org.junit.runner.JUnitCore.run(JUnitCore.java:160)
	at org.junit.runner.JUnitCore.run(JUnitCore.java:138)
	at org.junit.runner.JUnitCore.run(JUnitCore.java:117)
	at sbst.benchmark.coverage.TestExecutionTask.call(TestExecutionTask.java:54)
	at sbst.benchmark.coverage.TestExecutionTask.call(TestExecutionTask.java:15)
	at java.util.concurrent.FutureTask.run(FutureTask.java:266)
	at java.util.concurrent.ThreadPoolExecutor.runWorker(ThreadPoolExecutor.java:1149)
	at java.util.concurrent.ThreadPoolExecutor$Worker.run(ThreadPoolExecutor.java:624)
	at java.lang.Thread.run(Thread.java:750)

Failure: [test(org.apache.commons.collections4.ArrayStack_push_21190930630): null]
Failing Tests: test(org.apache.commons.collections4.ArrayStack_push_21190930630)
java.lang.NullPointerException
	at java.util.ArrayList.ensureExplicitCapacity(ArrayList.java:240)
	at java.util.ArrayList.ensureCapacityInternal(ArrayList.java:233)
	at java.util.ArrayList.add(ArrayList.java:464)
	at org.apache.commons.collections4.ArrayStack.push(ArrayStack.java:135)
	at sun.reflect.NativeMethodAccessorImpl.invoke0(Native Method)
	at sun.reflect.NativeMethodAccessorImpl.invoke(NativeMethodAccessorImpl.java:62)
	at sun.reflect.DelegatingMethodAccessorImpl.invoke(DelegatingMethodAccessorImpl.java:43)
	at java.lang.reflect.Method.invoke(Method.java:498)
	at org.apache.commons.collections4.ReflectionUtils.callMethod(ReflectionUtils.java:238)
	at org.apache.commons.collections4.ArrayStack_push_21190930630.test(ArrayStack_push_21190930630.java:41)
	at sun.reflect.NativeMethodAccessorImpl.invoke0(Native Method)
	at sun.reflect.NativeMethodAccessorImpl.invoke(NativeMethodAccessorImpl.java:62)
	at sun.reflect.DelegatingMethodAccessorImpl.invoke(DelegatingMethodAccessorImpl.java:43)
	at java.lang.reflect.Method.invoke(Method.java:498)
	at org.junit.runners.model.FrameworkMethod$1.runReflectiveCall(FrameworkMethod.java:47)
	at org.junit.internal.runners.model.ReflectiveCallable.run(ReflectiveCallable.java:12)
	at org.junit.runners.model.FrameworkMethod.invokeExplosively(FrameworkMethod.java:44)
	at org.junit.internal.runners.statements.InvokeMethod.evaluate(InvokeMethod.java:17)
	at org.junit.internal.runners.statements.RunBefores.evaluate(RunBefores.java:26)
	at org.junit.runners.ParentRunner.runLeaf(ParentRunner.java:271)
	at org.junit.runners.BlockJUnit4ClassRunner.runChild(BlockJUnit4ClassRunner.java:70)
	at org.junit.runners.BlockJUnit4ClassRunner.runChild(BlockJUnit4ClassRunner.java:50)
	at org.junit.runners.ParentRunner$3.run(ParentRunner.java:238)
	at org.junit.runners.ParentRunner$1.schedule(ParentRunner.java:63)
	at org.junit.runners.ParentRunner.runChildren(ParentRunner.java:236)
	at org.junit.runners.ParentRunner.access$000(ParentRunner.java:53)
	at org.junit.runners.ParentRunner$2.evaluate(ParentRunner.java:229)
	at org.junit.runners.ParentRunner.run(ParentRunner.java:309)
	at org.junit.runners.Suite.runChild(Suite.java:127)
	at org.junit.runners.Suite.runChild(Suite.java:26)
	at org.junit.runners.ParentRunner$3.run(ParentRunner.java:238)
	at org.junit.runners.ParentRunner$1.schedule(ParentRunner.java:63)
	at org.junit.runners.ParentRunner.runChildren(ParentRunner.java:236)
	at org.junit.runners.ParentRunner.access$000(ParentRunner.java:53)
	at org.junit.runners.ParentRunner$2.evaluate(ParentRunner.java:229)
	at org.junit.runners.ParentRunner.run(ParentRunner.java:309)
	at org.junit.runner.JUnitCore.run(JUnitCore.java:160)
	at org.junit.runner.JUnitCore.run(JUnitCore.java:138)
	at org.junit.runner.JUnitCore.run(JUnitCore.java:117)
	at sbst.benchmark.coverage.TestExecutionTask.call(TestExecutionTask.java:54)
	at sbst.benchmark.coverage.TestExecutionTask.call(TestExecutionTask.java:15)
	at java.util.concurrent.FutureTask.run(FutureTask.java:266)
	at java.util.concurrent.ThreadPoolExecutor.runWorker(ThreadPoolExecutor.java:1149)
	at java.util.concurrent.ThreadPoolExecutor$Worker.run(ThreadPoolExecutor.java:624)
	at java.lang.Thread.run(Thread.java:750)

Failure: [initializationError(org.apache.commons.collections4.EqualityUtils): No runnable methods]
Failing Tests: initializationError(org.apache.commons.collections4.EqualityUtils)
java.lang.Exception: No runnable methods
	at org.junit.runners.BlockJUnit4ClassRunner.validateInstanceMethods(BlockJUnit4ClassRunner.java:169)
	at org.junit.runners.BlockJUnit4ClassRunner.collectInitializationErrors(BlockJUnit4ClassRunner.java:104)
	at org.junit.runners.ParentRunner.validate(ParentRunner.java:355)
	at org.junit.runners.ParentRunner.<init>(ParentRunner.java:76)
	at org.junit.runners.BlockJUnit4ClassRunner.<init>(BlockJUnit4ClassRunner.java:57)
	at org.junit.internal.builders.JUnit4Builder.runnerForClass(JUnit4Builder.java:10)
	at org.junit.runners.model.RunnerBuilder.safeRunnerForClass(RunnerBuilder.java:59)
	at org.junit.internal.builders.AllDefaultPossibilitiesBuilder.runnerForClass(AllDefaultPossibilitiesBuilder.java:26)
	at org.junit.runner.Computer.getRunner(Computer.java:40)
	at org.junit.runner.Computer$1.runnerForClass(Computer.java:31)
	at org.junit.runners.model.RunnerBuilder.safeRunnerForClass(RunnerBuilder.java:59)
	at org.junit.runners.model.RunnerBuilder.runners(RunnerBuilder.java:101)
	at org.junit.runners.model.RunnerBuilder.runners(RunnerBuilder.java:87)
	at org.junit.runners.Suite.<init>(Suite.java:80)
	at org.junit.runner.Computer.getSuite(Computer.java:28)
	at org.junit.runner.Request.classes(Request.java:75)
	at org.junit.runner.JUnitCore.run(JUnitCore.java:117)
	at sbst.benchmark.coverage.TestExecutionTask.call(TestExecutionTask.java:54)
	at sbst.benchmark.coverage.TestExecutionTask.call(TestExecutionTask.java:15)
	at java.util.concurrent.FutureTask.run(FutureTask.java:266)
	at java.util.concurrent.ThreadPoolExecutor.runWorker(ThreadPoolExecutor.java:1149)
	at java.util.concurrent.ThreadPoolExecutor$Worker.run(ThreadPoolExecutor.java:624)
	at java.lang.Thread.run(Thread.java:750)

Failure: [initializationError(org.apache.commons.collections4.ReflectionUtils): No runnable methods]
Failing Tests: initializationError(org.apache.commons.collections4.ReflectionUtils)
java.lang.Exception: No runnable methods
	at org.junit.runners.BlockJUnit4ClassRunner.validateInstanceMethods(BlockJUnit4ClassRunner.java:169)
	at org.junit.runners.BlockJUnit4ClassRunner.collectInitializationErrors(BlockJUnit4ClassRunner.java:104)
	at org.junit.runners.ParentRunner.validate(ParentRunner.java:355)
	at org.junit.runners.ParentRunner.<init>(ParentRunner.java:76)
	at org.junit.runners.BlockJUnit4ClassRunner.<init>(BlockJUnit4ClassRunner.java:57)
	at org.junit.internal.builders.JUnit4Builder.runnerForClass(JUnit4Builder.java:10)
	at org.junit.runners.model.RunnerBuilder.safeRunnerForClass(RunnerBuilder.java:59)
	at org.junit.internal.builders.AllDefaultPossibilitiesBuilder.runnerForClass(AllDefaultPossibilitiesBuilder.java:26)
	at org.junit.runner.Computer.getRunner(Computer.java:40)
	at org.junit.runner.Computer$1.runnerForClass(Computer.java:31)
	at org.junit.runners.model.RunnerBuilder.safeRunnerForClass(RunnerBuilder.java:59)
	at org.junit.runners.model.RunnerBuilder.runners(RunnerBuilder.java:101)
	at org.junit.runners.model.RunnerBuilder.runners(RunnerBuilder.java:87)
	at org.junit.runners.Suite.<init>(Suite.java:80)
	at org.junit.runner.Computer.getSuite(Computer.java:28)
	at org.junit.runner.Request.classes(Request.java:75)
	at org.junit.runner.JUnitCore.run(JUnitCore.java:117)
	at sbst.benchmark.coverage.TestExecutionTask.call(TestExecutionTask.java:54)
	at sbst.benchmark.coverage.TestExecutionTask.call(TestExecutionTask.java:15)
	at java.util.concurrent.FutureTask.run(FutureTask.java:266)
	at java.util.concurrent.ThreadPoolExecutor.runWorker(ThreadPoolExecutor.java:1149)
	at java.util.concurrent.ThreadPoolExecutor$Worker.run(ThreadPoolExecutor.java:624)
	at java.lang.Thread.run(Thread.java:750)


---The tests are re-executed other four times to find the flaky ones---
Running the tests: [SBSTDummyForCoverageAndMutationCalculation, org.apache.commons.collections4.ArrayStack_empty_6213467740, org.apache.commons.collections4.ArrayStack_init_1488388190, org.apache.commons.collections4.ArrayStack_init_1488388191, org.apache.commons.collections4.ArrayStack_init_1488407410, org.apache.commons.collections4.ArrayStack_init_1488407411, org.apache.commons.collections4.ArrayStack_peek_20908264750, org.apache.commons.collections4.ArrayStack_peek_20908283970, org.apache.commons.collections4.ArrayStack_pop_11051769910, org.apache.commons.collections4.ArrayStack_push_21190930630, org.apache.commons.collections4.ArrayStack_search_19609778440, org.apache.commons.collections4.EqualityUtils, org.apache.commons.collections4.ReflectionUtils]
Executions terminated
Running the tests: [SBSTDummyForCoverageAndMutationCalculation, org.apache.commons.collections4.ArrayStack_empty_6213467740, org.apache.commons.collections4.ArrayStack_init_1488388190, org.apache.commons.collections4.ArrayStack_init_1488388191, org.apache.commons.collections4.ArrayStack_init_1488407410, org.apache.commons.collections4.ArrayStack_init_1488407411, org.apache.commons.collections4.ArrayStack_peek_20908264750, org.apache.commons.collections4.ArrayStack_peek_20908283970, org.apache.commons.collections4.ArrayStack_pop_11051769910, org.apache.commons.collections4.ArrayStack_push_21190930630, org.apache.commons.collections4.ArrayStack_search_19609778440, org.apache.commons.collections4.EqualityUtils, org.apache.commons.collections4.ReflectionUtils]
Failure: [test(org.apache.commons.collections4.ArrayStack_init_1488407410): null]
Failing Tests: test(org.apache.commons.collections4.ArrayStack_init_1488407410)
java.lang.reflect.InvocationTargetException
	at sun.reflect.NativeConstructorAccessorImpl.newInstance0(Native Method)
	at sun.reflect.NativeConstructorAccessorImpl.newInstance(NativeConstructorAccessorImpl.java:62)
	at sun.reflect.DelegatingConstructorAccessorImpl.newInstance(DelegatingConstructorAccessorImpl.java:45)
	at java.lang.reflect.Constructor.newInstance(Constructor.java:423)
	at org.apache.commons.collections4.ReflectionUtils.callConstructor(ReflectionUtils.java:231)
	at org.apache.commons.collections4.ArrayStack_init_1488407410.test(ArrayStack_init_1488407410.java:39)
	at sun.reflect.NativeMethodAccessorImpl.invoke0(Native Method)
	at sun.reflect.NativeMethodAccessorImpl.invoke(NativeMethodAccessorImpl.java:62)
	at sun.reflect.DelegatingMethodAccessorImpl.invoke(DelegatingMethodAccessorImpl.java:43)
	at java.lang.reflect.Method.invoke(Method.java:498)
	at org.junit.runners.model.FrameworkMethod$1.runReflectiveCall(FrameworkMethod.java:47)
	at org.junit.internal.runners.model.ReflectiveCallable.run(ReflectiveCallable.java:12)
	at org.junit.runners.model.FrameworkMethod.invokeExplosively(FrameworkMethod.java:44)
	at org.junit.internal.runners.statements.InvokeMethod.evaluate(InvokeMethod.java:17)
	at org.junit.internal.runners.statements.RunBefores.evaluate(RunBefores.java:26)
	at org.junit.runners.ParentRunner.runLeaf(ParentRunner.java:271)
	at org.junit.runners.BlockJUnit4ClassRunner.runChild(BlockJUnit4ClassRunner.java:70)
	at org.junit.runners.BlockJUnit4ClassRunner.runChild(BlockJUnit4ClassRunner.java:50)
	at org.junit.runners.ParentRunner$3.run(ParentRunner.java:238)
	at org.junit.runners.ParentRunner$1.schedule(ParentRunner.java:63)
	at org.junit.runners.ParentRunner.runChildren(ParentRunner.java:236)
	at org.junit.runners.ParentRunner.access$000(ParentRunner.java:53)
	at org.junit.runners.ParentRunner$2.evaluate(ParentRunner.java:229)
	at org.junit.runners.ParentRunner.run(ParentRunner.java:309)
	at org.junit.runners.Suite.runChild(Suite.java:127)
	at org.junit.runners.Suite.runChild(Suite.java:26)
	at org.junit.runners.ParentRunner$3.run(ParentRunner.java:238)
	at org.junit.runners.ParentRunner$1.schedule(ParentRunner.java:63)
	at org.junit.runners.ParentRunner.runChildren(ParentRunner.java:236)
	at org.junit.runners.ParentRunner.access$000(ParentRunner.java:53)
	at org.junit.runners.ParentRunner$2.evaluate(ParentRunner.java:229)
	at org.junit.runners.ParentRunner.run(ParentRunner.java:309)
	at org.junit.runner.JUnitCore.run(JUnitCore.java:160)
	at org.junit.runner.JUnitCore.run(JUnitCore.java:138)
	at org.junit.runner.JUnitCore.run(JUnitCore.java:117)
	at sbst.benchmark.coverage.TestExecutionTask.call(TestExecutionTask.java:54)
	at sbst.benchmark.coverage.TestExecutionTask.call(TestExecutionTask.java:15)
	at java.util.concurrent.FutureTask.run(FutureTask.java:266)
	at java.util.concurrent.ThreadPoolExecutor.runWorker(ThreadPoolExecutor.java:1149)
	at java.util.concurrent.ThreadPoolExecutor$Worker.run(ThreadPoolExecutor.java:624)
	at java.lang.Thread.run(Thread.java:750)
Caused by: java.lang.OutOfMemoryError: Java heap space
	at java.util.ArrayList.<init>(ArrayList.java:153)
	at org.apache.commons.collections4.ArrayStack.<init>(ArrayStack.java:67)
	at sun.reflect.NativeConstructorAccessorImpl.newInstance0(Native Method)
	at sun.reflect.NativeConstructorAccessorImpl.newInstance(NativeConstructorAccessorImpl.java:62)
	at sun.reflect.DelegatingConstructorAccessorImpl.newInstance(DelegatingConstructorAccessorImpl.java:45)
	at java.lang.reflect.Constructor.newInstance(Constructor.java:423)
	at org.apache.commons.collections4.ReflectionUtils.callConstructor(ReflectionUtils.java:231)
	at org.apache.commons.collections4.ArrayStack_init_1488407410.test(ArrayStack_init_1488407410.java:39)
	at sun.reflect.NativeMethodAccessorImpl.invoke0(Native Method)
	at sun.reflect.NativeMethodAccessorImpl.invoke(NativeMethodAccessorImpl.java:62)
	at sun.reflect.DelegatingMethodAccessorImpl.invoke(DelegatingMethodAccessorImpl.java:43)
	at java.lang.reflect.Method.invoke(Method.java:498)
	at org.junit.runners.model.FrameworkMethod$1.runReflectiveCall(FrameworkMethod.java:47)
	at org.junit.internal.runners.model.ReflectiveCallable.run(ReflectiveCallable.java:12)
	at org.junit.runners.model.FrameworkMethod.invokeExplosively(FrameworkMethod.java:44)
	at org.junit.internal.runners.statements.InvokeMethod.evaluate(InvokeMethod.java:17)
	at org.junit.internal.runners.statements.RunBefores.evaluate(RunBefores.java:26)
	at org.junit.runners.ParentRunner.runLeaf(ParentRunner.java:271)
	at org.junit.runners.BlockJUnit4ClassRunner.runChild(BlockJUnit4ClassRunner.java:70)
	at org.junit.runners.BlockJUnit4ClassRunner.runChild(BlockJUnit4ClassRunner.java:50)
	at org.junit.runners.ParentRunner$3.run(ParentRunner.java:238)
	at org.junit.runners.ParentRunner$1.schedule(ParentRunner.java:63)
	at org.junit.runners.ParentRunner.runChildren(ParentRunner.java:236)
	at org.junit.runners.ParentRunner.access$000(ParentRunner.java:53)
	at org.junit.runners.ParentRunner$2.evaluate(ParentRunner.java:229)
	at org.junit.runners.ParentRunner.run(ParentRunner.java:309)
	at org.junit.runners.Suite.runChild(Suite.java:127)
	at org.junit.runners.Suite.runChild(Suite.java:26)
	at org.junit.runners.ParentRunner$3.run(ParentRunner.java:238)
	at org.junit.runners.ParentRunner$1.schedule(ParentRunner.java:63)
	at org.junit.runners.ParentRunner.runChildren(ParentRunner.java:236)
	at org.junit.runners.ParentRunner.access$000(ParentRunner.java:53)

Failure: [test(org.apache.commons.collections4.ArrayStack_peek_20908264750): null]
Failing Tests: test(org.apache.commons.collections4.ArrayStack_peek_20908264750)
java.util.EmptyStackException
	at org.apache.commons.collections4.ArrayStack.peek(ArrayStack.java:91)
	at sun.reflect.NativeMethodAccessorImpl.invoke0(Native Method)
	at sun.reflect.NativeMethodAccessorImpl.invoke(NativeMethodAccessorImpl.java:62)
	at sun.reflect.DelegatingMethodAccessorImpl.invoke(DelegatingMethodAccessorImpl.java:43)
	at java.lang.reflect.Method.invoke(Method.java:498)
	at org.apache.commons.collections4.ReflectionUtils.callMethod(ReflectionUtils.java:238)
	at org.apache.commons.collections4.ArrayStack_peek_20908264750.test(ArrayStack_peek_20908264750.java:39)
	at sun.reflect.NativeMethodAccessorImpl.invoke0(Native Method)
	at sun.reflect.NativeMethodAccessorImpl.invoke(NativeMethodAccessorImpl.java:62)
	at sun.reflect.DelegatingMethodAccessorImpl.invoke(DelegatingMethodAccessorImpl.java:43)
	at java.lang.reflect.Method.invoke(Method.java:498)
	at org.junit.runners.model.FrameworkMethod$1.runReflectiveCall(FrameworkMethod.java:47)
	at org.junit.internal.runners.model.ReflectiveCallable.run(ReflectiveCallable.java:12)
	at org.junit.runners.model.FrameworkMethod.invokeExplosively(FrameworkMethod.java:44)
	at org.junit.internal.runners.statements.InvokeMethod.evaluate(InvokeMethod.java:17)
	at org.junit.internal.runners.statements.RunBefores.evaluate(RunBefores.java:26)
	at org.junit.runners.ParentRunner.runLeaf(ParentRunner.java:271)
	at org.junit.runners.BlockJUnit4ClassRunner.runChild(BlockJUnit4ClassRunner.java:70)
	at org.junit.runners.BlockJUnit4ClassRunner.runChild(BlockJUnit4ClassRunner.java:50)
	at org.junit.runners.ParentRunner$3.run(ParentRunner.java:238)
	at org.junit.runners.ParentRunner$1.schedule(ParentRunner.java:63)
	at org.junit.runners.ParentRunner.runChildren(ParentRunner.java:236)
	at org.junit.runners.ParentRunner.access$000(ParentRunner.java:53)
	at org.junit.runners.ParentRunner$2.evaluate(ParentRunner.java:229)
	at org.junit.runners.ParentRunner.run(ParentRunner.java:309)
	at org.junit.runners.Suite.runChild(Suite.java:127)
	at org.junit.runners.Suite.runChild(Suite.java:26)
	at org.junit.runners.ParentRunner$3.run(ParentRunner.java:238)
	at org.junit.runners.ParentRunner$1.schedule(ParentRunner.java:63)
	at org.junit.runners.ParentRunner.runChildren(ParentRunner.java:236)
	at org.junit.runners.ParentRunner.access$000(ParentRunner.java:53)
	at org.junit.runners.ParentRunner$2.evaluate(ParentRunner.java:229)
	at org.junit.runners.ParentRunner.run(ParentRunner.java:309)
	at org.junit.runner.JUnitCore.run(JUnitCore.java:160)
	at org.junit.runner.JUnitCore.run(JUnitCore.java:138)
	at org.junit.runner.JUnitCore.run(JUnitCore.java:117)
	at sbst.benchmark.coverage.TestExecutionTask.call(TestExecutionTask.java:54)
	at sbst.benchmark.coverage.TestExecutionTask.call(TestExecutionTask.java:15)
	at java.util.concurrent.FutureTask.run(FutureTask.java:266)
	at java.util.concurrent.ThreadPoolExecutor.runWorker(ThreadPoolExecutor.java:1149)
	at java.util.concurrent.ThreadPoolExecutor$Worker.run(ThreadPoolExecutor.java:624)
	at java.lang.Thread.run(Thread.java:750)

Failure: [test(org.apache.commons.collections4.ArrayStack_peek_20908283970): null]
Failing Tests: test(org.apache.commons.collections4.ArrayStack_peek_20908283970)
java.util.EmptyStackException
	at org.apache.commons.collections4.ArrayStack.peek(ArrayStack.java:108)
	at sun.reflect.NativeMethodAccessorImpl.invoke0(Native Method)
	at sun.reflect.NativeMethodAccessorImpl.invoke(NativeMethodAccessorImpl.java:62)
	at sun.reflect.DelegatingMethodAccessorImpl.invoke(DelegatingMethodAccessorImpl.java:43)
	at java.lang.reflect.Method.invoke(Method.java:498)
	at org.apache.commons.collections4.ReflectionUtils.callMethod(ReflectionUtils.java:238)
	at org.apache.commons.collections4.ArrayStack_peek_20908283970.test(ArrayStack_peek_20908283970.java:44)
	at sun.reflect.NativeMethodAccessorImpl.invoke0(Native Method)
	at sun.reflect.NativeMethodAccessorImpl.invoke(NativeMethodAccessorImpl.java:62)
	at sun.reflect.DelegatingMethodAccessorImpl.invoke(DelegatingMethodAccessorImpl.java:43)
	at java.lang.reflect.Method.invoke(Method.java:498)
	at org.junit.runners.model.FrameworkMethod$1.runReflectiveCall(FrameworkMethod.java:47)
	at org.junit.internal.runners.model.ReflectiveCallable.run(ReflectiveCallable.java:12)
	at org.junit.runners.model.FrameworkMethod.invokeExplosively(FrameworkMethod.java:44)
	at org.junit.internal.runners.statements.InvokeMethod.evaluate(InvokeMethod.java:17)
	at org.junit.internal.runners.statements.RunBefores.evaluate(RunBefores.java:26)
	at org.junit.runners.ParentRunner.runLeaf(ParentRunner.java:271)
	at org.junit.runners.BlockJUnit4ClassRunner.runChild(BlockJUnit4ClassRunner.java:70)
	at org.junit.runners.BlockJUnit4ClassRunner.runChild(BlockJUnit4ClassRunner.java:50)
	at org.junit.runners.ParentRunner$3.run(ParentRunner.java:238)
	at org.junit.runners.ParentRunner$1.schedule(ParentRunner.java:63)
	at org.junit.runners.ParentRunner.runChildren(ParentRunner.java:236)
	at org.junit.runners.ParentRunner.access$000(ParentRunner.java:53)
	at org.junit.runners.ParentRunner$2.evaluate(ParentRunner.java:229)
	at org.junit.runners.ParentRunner.run(ParentRunner.java:309)
	at org.junit.runners.Suite.runChild(Suite.java:127)
	at org.junit.runners.Suite.runChild(Suite.java:26)
	at org.junit.runners.ParentRunner$3.run(ParentRunner.java:238)
	at org.junit.runners.ParentRunner$1.schedule(ParentRunner.java:63)
	at org.junit.runners.ParentRunner.runChildren(ParentRunner.java:236)
	at org.junit.runners.ParentRunner.access$000(ParentRunner.java:53)
	at org.junit.runners.ParentRunner$2.evaluate(ParentRunner.java:229)
	at org.junit.runners.ParentRunner.run(ParentRunner.java:309)
	at org.junit.runner.JUnitCore.run(JUnitCore.java:160)
	at org.junit.runner.JUnitCore.run(JUnitCore.java:138)
	at org.junit.runner.JUnitCore.run(JUnitCore.java:117)
	at sbst.benchmark.coverage.TestExecutionTask.call(TestExecutionTask.java:54)
	at sbst.benchmark.coverage.TestExecutionTask.call(TestExecutionTask.java:15)
	at java.util.concurrent.FutureTask.run(FutureTask.java:266)
	at java.util.concurrent.ThreadPoolExecutor.runWorker(ThreadPoolExecutor.java:1149)
	at java.util.concurrent.ThreadPoolExecutor$Worker.run(ThreadPoolExecutor.java:624)
	at java.lang.Thread.run(Thread.java:750)

Failure: [test(org.apache.commons.collections4.ArrayStack_pop_11051769910): null]
Failing Tests: test(org.apache.commons.collections4.ArrayStack_pop_11051769910)
java.util.EmptyStackException
	at org.apache.commons.collections4.ArrayStack.pop(ArrayStack.java:122)
	at sun.reflect.NativeMethodAccessorImpl.invoke0(Native Method)
	at sun.reflect.NativeMethodAccessorImpl.invoke(NativeMethodAccessorImpl.java:62)
	at sun.reflect.DelegatingMethodAccessorImpl.invoke(DelegatingMethodAccessorImpl.java:43)
	at java.lang.reflect.Method.invoke(Method.java:498)
	at org.apache.commons.collections4.ReflectionUtils.callMethod(ReflectionUtils.java:238)
	at org.apache.commons.collections4.ArrayStack_pop_11051769910.test(ArrayStack_pop_11051769910.java:39)
	at sun.reflect.NativeMethodAccessorImpl.invoke0(Native Method)
	at sun.reflect.NativeMethodAccessorImpl.invoke(NativeMethodAccessorImpl.java:62)
	at sun.reflect.DelegatingMethodAccessorImpl.invoke(DelegatingMethodAccessorImpl.java:43)
	at java.lang.reflect.Method.invoke(Method.java:498)
	at org.junit.runners.model.FrameworkMethod$1.runReflectiveCall(FrameworkMethod.java:47)
	at org.junit.internal.runners.model.ReflectiveCallable.run(ReflectiveCallable.java:12)
	at org.junit.runners.model.FrameworkMethod.invokeExplosively(FrameworkMethod.java:44)
	at org.junit.internal.runners.statements.InvokeMethod.evaluate(InvokeMethod.java:17)
	at org.junit.internal.runners.statements.RunBefores.evaluate(RunBefores.java:26)
	at org.junit.runners.ParentRunner.runLeaf(ParentRunner.java:271)
	at org.junit.runners.BlockJUnit4ClassRunner.runChild(BlockJUnit4ClassRunner.java:70)
	at org.junit.runners.BlockJUnit4ClassRunner.runChild(BlockJUnit4ClassRunner.java:50)
	at org.junit.runners.ParentRunner$3.run(ParentRunner.java:238)
	at org.junit.runners.ParentRunner$1.schedule(ParentRunner.java:63)
	at org.junit.runners.ParentRunner.runChildren(ParentRunner.java:236)
	at org.junit.runners.ParentRunner.access$000(ParentRunner.java:53)
	at org.junit.runners.ParentRunner$2.evaluate(ParentRunner.java:229)
	at org.junit.runners.ParentRunner.run(ParentRunner.java:309)
	at org.junit.runners.Suite.runChild(Suite.java:127)
	at org.junit.runners.Suite.runChild(Suite.java:26)
	at org.junit.runners.ParentRunner$3.run(ParentRunner.java:238)
	at org.junit.runners.ParentRunner$1.schedule(ParentRunner.java:63)
	at org.junit.runners.ParentRunner.runChildren(ParentRunner.java:236)
	at org.junit.runners.ParentRunner.access$000(ParentRunner.java:53)
	at org.junit.runners.ParentRunner$2.evaluate(ParentRunner.java:229)
	at org.junit.runners.ParentRunner.run(ParentRunner.java:309)
	at org.junit.runner.JUnitCore.run(JUnitCore.java:160)
	at org.junit.runner.JUnitCore.run(JUnitCore.java:138)
	at org.junit.runner.JUnitCore.run(JUnitCore.java:117)
	at sbst.benchmark.coverage.TestExecutionTask.call(TestExecutionTask.java:54)
	at sbst.benchmark.coverage.TestExecutionTask.call(TestExecutionTask.java:15)
	at java.util.concurrent.FutureTask.run(FutureTask.java:266)
	at java.util.concurrent.ThreadPoolExecutor.runWorker(ThreadPoolExecutor.java:1149)
	at java.util.concurrent.ThreadPoolExecutor$Worker.run(ThreadPoolExecutor.java:624)
	at java.lang.Thread.run(Thread.java:750)

Failure: [test(org.apache.commons.collections4.ArrayStack_push_21190930630): null]
Failing Tests: test(org.apache.commons.collections4.ArrayStack_push_21190930630)
java.lang.NullPointerException
	at java.util.ArrayList.ensureExplicitCapacity(ArrayList.java:240)
	at java.util.ArrayList.ensureCapacityInternal(ArrayList.java:233)
	at java.util.ArrayList.add(ArrayList.java:464)
	at org.apache.commons.collections4.ArrayStack.push(ArrayStack.java:135)
	at sun.reflect.NativeMethodAccessorImpl.invoke0(Native Method)
	at sun.reflect.NativeMethodAccessorImpl.invoke(NativeMethodAccessorImpl.java:62)
	at sun.reflect.DelegatingMethodAccessorImpl.invoke(DelegatingMethodAccessorImpl.java:43)
	at java.lang.reflect.Method.invoke(Method.java:498)
	at org.apache.commons.collections4.ReflectionUtils.callMethod(ReflectionUtils.java:238)
	at org.apache.commons.collections4.ArrayStack_push_21190930630.test(ArrayStack_push_21190930630.java:41)
	at sun.reflect.NativeMethodAccessorImpl.invoke0(Native Method)
	at sun.reflect.NativeMethodAccessorImpl.invoke(NativeMethodAccessorImpl.java:62)
	at sun.reflect.DelegatingMethodAccessorImpl.invoke(DelegatingMethodAccessorImpl.java:43)
	at java.lang.reflect.Method.invoke(Method.java:498)
	at org.junit.runners.model.FrameworkMethod$1.runReflectiveCall(FrameworkMethod.java:47)
	at org.junit.internal.runners.model.ReflectiveCallable.run(ReflectiveCallable.java:12)
	at org.junit.runners.model.FrameworkMethod.invokeExplosively(FrameworkMethod.java:44)
	at org.junit.internal.runners.statements.InvokeMethod.evaluate(InvokeMethod.java:17)
	at org.junit.internal.runners.statements.RunBefores.evaluate(RunBefores.java:26)
	at org.junit.runners.ParentRunner.runLeaf(ParentRunner.java:271)
	at org.junit.runners.BlockJUnit4ClassRunner.runChild(BlockJUnit4ClassRunner.java:70)
	at org.junit.runners.BlockJUnit4ClassRunner.runChild(BlockJUnit4ClassRunner.java:50)
	at org.junit.runners.ParentRunner$3.run(ParentRunner.java:238)
	at org.junit.runners.ParentRunner$1.schedule(ParentRunner.java:63)
	at org.junit.runners.ParentRunner.runChildren(ParentRunner.java:236)
	at org.junit.runners.ParentRunner.access$000(ParentRunner.java:53)
	at org.junit.runners.ParentRunner$2.evaluate(ParentRunner.java:229)
	at org.junit.runners.ParentRunner.run(ParentRunner.java:309)
	at org.junit.runners.Suite.runChild(Suite.java:127)
	at org.junit.runners.Suite.runChild(Suite.java:26)
	at org.junit.runners.ParentRunner$3.run(ParentRunner.java:238)
	at org.junit.runners.ParentRunner$1.schedule(ParentRunner.java:63)
	at org.junit.runners.ParentRunner.runChildren(ParentRunner.java:236)
	at org.junit.runners.ParentRunner.access$000(ParentRunner.java:53)
	at org.junit.runners.ParentRunner$2.evaluate(ParentRunner.java:229)
	at org.junit.runners.ParentRunner.run(ParentRunner.java:309)
	at org.junit.runner.JUnitCore.run(JUnitCore.java:160)
	at org.junit.runner.JUnitCore.run(JUnitCore.java:138)
	at org.junit.runner.JUnitCore.run(JUnitCore.java:117)
	at sbst.benchmark.coverage.TestExecutionTask.call(TestExecutionTask.java:54)
	at sbst.benchmark.coverage.TestExecutionTask.call(TestExecutionTask.java:15)
	at java.util.concurrent.FutureTask.run(FutureTask.java:266)
	at java.util.concurrent.ThreadPoolExecutor.runWorker(ThreadPoolExecutor.java:1149)
	at java.util.concurrent.ThreadPoolExecutor$Worker.run(ThreadPoolExecutor.java:624)
	at java.lang.Thread.run(Thread.java:750)

Failure: [initializationError(org.apache.commons.collections4.EqualityUtils): No runnable methods]
Failing Tests: initializationError(org.apache.commons.collections4.EqualityUtils)
java.lang.Exception: No runnable methods
	at org.junit.runners.BlockJUnit4ClassRunner.validateInstanceMethods(BlockJUnit4ClassRunner.java:169)
	at org.junit.runners.BlockJUnit4ClassRunner.collectInitializationErrors(BlockJUnit4ClassRunner.java:104)
	at org.junit.runners.ParentRunner.validate(ParentRunner.java:355)
	at org.junit.runners.ParentRunner.<init>(ParentRunner.java:76)
	at org.junit.runners.BlockJUnit4ClassRunner.<init>(BlockJUnit4ClassRunner.java:57)
	at org.junit.internal.builders.JUnit4Builder.runnerForClass(JUnit4Builder.java:10)
	at org.junit.runners.model.RunnerBuilder.safeRunnerForClass(RunnerBuilder.java:59)
	at org.junit.internal.builders.AllDefaultPossibilitiesBuilder.runnerForClass(AllDefaultPossibilitiesBuilder.java:26)
	at org.junit.runner.Computer.getRunner(Computer.java:40)
	at org.junit.runner.Computer$1.runnerForClass(Computer.java:31)
	at org.junit.runners.model.RunnerBuilder.safeRunnerForClass(RunnerBuilder.java:59)
	at org.junit.runners.model.RunnerBuilder.runners(RunnerBuilder.java:101)
	at org.junit.runners.model.RunnerBuilder.runners(RunnerBuilder.java:87)
	at org.junit.runners.Suite.<init>(Suite.java:80)
	at org.junit.runner.Computer.getSuite(Computer.java:28)
	at org.junit.runner.Request.classes(Request.java:75)
	at org.junit.runner.JUnitCore.run(JUnitCore.java:117)
	at sbst.benchmark.coverage.TestExecutionTask.call(TestExecutionTask.java:54)
	at sbst.benchmark.coverage.TestExecutionTask.call(TestExecutionTask.java:15)
	at java.util.concurrent.FutureTask.run(FutureTask.java:266)
	at java.util.concurrent.ThreadPoolExecutor.runWorker(ThreadPoolExecutor.java:1149)
	at java.util.concurrent.ThreadPoolExecutor$Worker.run(ThreadPoolExecutor.java:624)
	at java.lang.Thread.run(Thread.java:750)

Failure: [initializationError(org.apache.commons.collections4.ReflectionUtils): No runnable methods]
Failing Tests: initializationError(org.apache.commons.collections4.ReflectionUtils)
java.lang.Exception: No runnable methods
	at org.junit.runners.BlockJUnit4ClassRunner.validateInstanceMethods(BlockJUnit4ClassRunner.java:169)
	at org.junit.runners.BlockJUnit4ClassRunner.collectInitializationErrors(BlockJUnit4ClassRunner.java:104)
	at org.junit.runners.ParentRunner.validate(ParentRunner.java:355)
	at org.junit.runners.ParentRunner.<init>(ParentRunner.java:76)
	at org.junit.runners.BlockJUnit4ClassRunner.<init>(BlockJUnit4ClassRunner.java:57)
	at org.junit.internal.builders.JUnit4Builder.runnerForClass(JUnit4Builder.java:10)
	at org.junit.runners.model.RunnerBuilder.safeRunnerForClass(RunnerBuilder.java:59)
	at org.junit.internal.builders.AllDefaultPossibilitiesBuilder.runnerForClass(AllDefaultPossibilitiesBuilder.java:26)
	at org.junit.runner.Computer.getRunner(Computer.java:40)
	at org.junit.runner.Computer$1.runnerForClass(Computer.java:31)
	at org.junit.runners.model.RunnerBuilder.safeRunnerForClass(RunnerBuilder.java:59)
	at org.junit.runners.model.RunnerBuilder.runners(RunnerBuilder.java:101)
	at org.junit.runners.model.RunnerBuilder.runners(RunnerBuilder.java:87)
	at org.junit.runners.Suite.<init>(Suite.java:80)
	at org.junit.runner.Computer.getSuite(Computer.java:28)
	at org.junit.runner.Request.classes(Request.java:75)
	at org.junit.runner.JUnitCore.run(JUnitCore.java:117)
	at sbst.benchmark.coverage.TestExecutionTask.call(TestExecutionTask.java:54)
	at sbst.benchmark.coverage.TestExecutionTask.call(TestExecutionTask.java:15)
	at java.util.concurrent.FutureTask.run(FutureTask.java:266)
	at java.util.concurrent.ThreadPoolExecutor.runWorker(ThreadPoolExecutor.java:1149)
	at java.util.concurrent.ThreadPoolExecutor$Worker.run(ThreadPoolExecutor.java:624)
	at java.lang.Thread.run(Thread.java:750)

Executions terminated
Failure: [test(org.apache.commons.collections4.ArrayStack_init_1488407410): null]
Failing Tests: test(org.apache.commons.collections4.ArrayStack_init_1488407410)
java.lang.reflect.InvocationTargetException
	at sun.reflect.NativeConstructorAccessorImpl.newInstance0(Native Method)
	at sun.reflect.NativeConstructorAccessorImpl.newInstance(NativeConstructorAccessorImpl.java:62)
	at sun.reflect.DelegatingConstructorAccessorImpl.newInstance(DelegatingConstructorAccessorImpl.java:45)
	at java.lang.reflect.Constructor.newInstance(Constructor.java:423)
	at org.apache.commons.collections4.ReflectionUtils.callConstructor(ReflectionUtils.java:231)
	at org.apache.commons.collections4.ArrayStack_init_1488407410.test(ArrayStack_init_1488407410.java:39)
	at sun.reflect.NativeMethodAccessorImpl.invoke0(Native Method)
	at sun.reflect.NativeMethodAccessorImpl.invoke(NativeMethodAccessorImpl.java:62)
	at sun.reflect.DelegatingMethodAccessorImpl.invoke(DelegatingMethodAccessorImpl.java:43)
	at java.lang.reflect.Method.invoke(Method.java:498)
	at org.junit.runners.model.FrameworkMethod$1.runReflectiveCall(FrameworkMethod.java:47)
	at org.junit.internal.runners.model.ReflectiveCallable.run(ReflectiveCallable.java:12)
	at org.junit.runners.model.FrameworkMethod.invokeExplosively(FrameworkMethod.java:44)
	at org.junit.internal.runners.statements.InvokeMethod.evaluate(InvokeMethod.java:17)
	at org.junit.internal.runners.statements.RunBefores.evaluate(RunBefores.java:26)
	at org.junit.runners.ParentRunner.runLeaf(ParentRunner.java:271)
	at org.junit.runners.BlockJUnit4ClassRunner.runChild(BlockJUnit4ClassRunner.java:70)
	at org.junit.runners.BlockJUnit4ClassRunner.runChild(BlockJUnit4ClassRunner.java:50)
	at org.junit.runners.ParentRunner$3.run(ParentRunner.java:238)
	at org.junit.runners.ParentRunner$1.schedule(ParentRunner.java:63)
	at org.junit.runners.ParentRunner.runChildren(ParentRunner.java:236)
	at org.junit.runners.ParentRunner.access$000(ParentRunner.java:53)
	at org.junit.runners.ParentRunner$2.evaluate(ParentRunner.java:229)
	at org.junit.runners.ParentRunner.run(ParentRunner.java:309)
	at org.junit.runners.Suite.runChild(Suite.java:127)
	at org.junit.runners.Suite.runChild(Suite.java:26)
	at org.junit.runners.ParentRunner$3.run(ParentRunner.java:238)
	at org.junit.runners.ParentRunner$1.schedule(ParentRunner.java:63)
	at org.junit.runners.ParentRunner.runChildren(ParentRunner.java:236)
	at org.junit.runners.ParentRunner.access$000(ParentRunner.java:53)
	at org.junit.runners.ParentRunner$2.evaluate(ParentRunner.java:229)
	at org.junit.runners.ParentRunner.run(ParentRunner.java:309)
	at org.junit.runner.JUnitCore.run(JUnitCore.java:160)
	at org.junit.runner.JUnitCore.run(JUnitCore.java:138)
	at org.junit.runner.JUnitCore.run(JUnitCore.java:117)
	at sbst.benchmark.coverage.TestExecutionTask.call(TestExecutionTask.java:54)
	at sbst.benchmark.coverage.TestExecutionTask.call(TestExecutionTask.java:15)
	at java.util.concurrent.FutureTask.run(FutureTask.java:266)
	at java.util.concurrent.ThreadPoolExecutor.runWorker(ThreadPoolExecutor.java:1149)
	at java.util.concurrent.ThreadPoolExecutor$Worker.run(ThreadPoolExecutor.java:624)
	at java.lang.Thread.run(Thread.java:750)
Caused by: java.lang.OutOfMemoryError: Java heap space

Failure: [test(org.apache.commons.collections4.ArrayStack_peek_20908264750): null]
Failing Tests: test(org.apache.commons.collections4.ArrayStack_peek_20908264750)
java.util.EmptyStackException
	at org.apache.commons.collections4.ArrayStack.peek(ArrayStack.java:91)
	at sun.reflect.NativeMethodAccessorImpl.invoke0(Native Method)
	at sun.reflect.NativeMethodAccessorImpl.invoke(NativeMethodAccessorImpl.java:62)
	at sun.reflect.DelegatingMethodAccessorImpl.invoke(DelegatingMethodAccessorImpl.java:43)
	at java.lang.reflect.Method.invoke(Method.java:498)
	at org.apache.commons.collections4.ReflectionUtils.callMethod(ReflectionUtils.java:238)
	at org.apache.commons.collections4.ArrayStack_peek_20908264750.test(ArrayStack_peek_20908264750.java:39)
	at sun.reflect.NativeMethodAccessorImpl.invoke0(Native Method)
	at sun.reflect.NativeMethodAccessorImpl.invoke(NativeMethodAccessorImpl.java:62)
	at sun.reflect.DelegatingMethodAccessorImpl.invoke(DelegatingMethodAccessorImpl.java:43)
	at java.lang.reflect.Method.invoke(Method.java:498)
	at org.junit.runners.model.FrameworkMethod$1.runReflectiveCall(FrameworkMethod.java:47)
	at org.junit.internal.runners.model.ReflectiveCallable.run(ReflectiveCallable.java:12)
	at org.junit.runners.model.FrameworkMethod.invokeExplosively(FrameworkMethod.java:44)
	at org.junit.internal.runners.statements.InvokeMethod.evaluate(InvokeMethod.java:17)
	at org.junit.internal.runners.statements.RunBefores.evaluate(RunBefores.java:26)
	at org.junit.runners.ParentRunner.runLeaf(ParentRunner.java:271)
	at org.junit.runners.BlockJUnit4ClassRunner.runChild(BlockJUnit4ClassRunner.java:70)
	at org.junit.runners.BlockJUnit4ClassRunner.runChild(BlockJUnit4ClassRunner.java:50)
	at org.junit.runners.ParentRunner$3.run(ParentRunner.java:238)
	at org.junit.runners.ParentRunner$1.schedule(ParentRunner.java:63)
	at org.junit.runners.ParentRunner.runChildren(ParentRunner.java:236)
	at org.junit.runners.ParentRunner.access$000(ParentRunner.java:53)
	at org.junit.runners.ParentRunner$2.evaluate(ParentRunner.java:229)
	at org.junit.runners.ParentRunner.run(ParentRunner.java:309)
	at org.junit.runners.Suite.runChild(Suite.java:127)
	at org.junit.runners.Suite.runChild(Suite.java:26)
	at org.junit.runners.ParentRunner$3.run(ParentRunner.java:238)
	at org.junit.runners.ParentRunner$1.schedule(ParentRunner.java:63)
	at org.junit.runners.ParentRunner.runChildren(ParentRunner.java:236)
	at org.junit.runners.ParentRunner.access$000(ParentRunner.java:53)
	at org.junit.runners.ParentRunner$2.evaluate(ParentRunner.java:229)
	at org.junit.runners.ParentRunner.run(ParentRunner.java:309)
	at org.junit.runner.JUnitCore.run(JUnitCore.java:160)
	at org.junit.runner.JUnitCore.run(JUnitCore.java:138)
	at org.junit.runner.JUnitCore.run(JUnitCore.java:117)
	at sbst.benchmark.coverage.TestExecutionTask.call(TestExecutionTask.java:54)
	at sbst.benchmark.coverage.TestExecutionTask.call(TestExecutionTask.java:15)
	at java.util.concurrent.FutureTask.run(FutureTask.java:266)
	at java.util.concurrent.ThreadPoolExecutor.runWorker(ThreadPoolExecutor.java:1149)
	at java.util.concurrent.ThreadPoolExecutor$Worker.run(ThreadPoolExecutor.java:624)
	at java.lang.Thread.run(Thread.java:750)

Failure: [test(org.apache.commons.collections4.ArrayStack_peek_20908283970): null]
Failing Tests: test(org.apache.commons.collections4.ArrayStack_peek_20908283970)
java.util.EmptyStackException
	at org.apache.commons.collections4.ArrayStack.peek(ArrayStack.java:108)
	at sun.reflect.NativeMethodAccessorImpl.invoke0(Native Method)
	at sun.reflect.NativeMethodAccessorImpl.invoke(NativeMethodAccessorImpl.java:62)
	at sun.reflect.DelegatingMethodAccessorImpl.invoke(DelegatingMethodAccessorImpl.java:43)
	at java.lang.reflect.Method.invoke(Method.java:498)
	at org.apache.commons.collections4.ReflectionUtils.callMethod(ReflectionUtils.java:238)
	at org.apache.commons.collections4.ArrayStack_peek_20908283970.test(ArrayStack_peek_20908283970.java:44)
	at sun.reflect.NativeMethodAccessorImpl.invoke0(Native Method)
	at sun.reflect.NativeMethodAccessorImpl.invoke(NativeMethodAccessorImpl.java:62)
	at sun.reflect.DelegatingMethodAccessorImpl.invoke(DelegatingMethodAccessorImpl.java:43)
	at java.lang.reflect.Method.invoke(Method.java:498)
	at org.junit.runners.model.FrameworkMethod$1.runReflectiveCall(FrameworkMethod.java:47)
	at org.junit.internal.runners.model.ReflectiveCallable.run(ReflectiveCallable.java:12)
	at org.junit.runners.model.FrameworkMethod.invokeExplosively(FrameworkMethod.java:44)
	at org.junit.internal.runners.statements.InvokeMethod.evaluate(InvokeMethod.java:17)
	at org.junit.internal.runners.statements.RunBefores.evaluate(RunBefores.java:26)
	at org.junit.runners.ParentRunner.runLeaf(ParentRunner.java:271)
	at org.junit.runners.BlockJUnit4ClassRunner.runChild(BlockJUnit4ClassRunner.java:70)
	at org.junit.runners.BlockJUnit4ClassRunner.runChild(BlockJUnit4ClassRunner.java:50)
	at org.junit.runners.ParentRunner$3.run(ParentRunner.java:238)
	at org.junit.runners.ParentRunner$1.schedule(ParentRunner.java:63)
	at org.junit.runners.ParentRunner.runChildren(ParentRunner.java:236)
	at org.junit.runners.ParentRunner.access$000(ParentRunner.java:53)
	at org.junit.runners.ParentRunner$2.evaluate(ParentRunner.java:229)
	at org.junit.runners.ParentRunner.run(ParentRunner.java:309)
	at org.junit.runners.Suite.runChild(Suite.java:127)
	at org.junit.runners.Suite.runChild(Suite.java:26)
	at org.junit.runners.ParentRunner$3.run(ParentRunner.java:238)
	at org.junit.runners.ParentRunner$1.schedule(ParentRunner.java:63)
	at org.junit.runners.ParentRunner.runChildren(ParentRunner.java:236)
	at org.junit.runners.ParentRunner.access$000(ParentRunner.java:53)
	at org.junit.runners.ParentRunner$2.evaluate(ParentRunner.java:229)
	at org.junit.runners.ParentRunner.run(ParentRunner.java:309)
	at org.junit.runner.JUnitCore.run(JUnitCore.java:160)
	at org.junit.runner.JUnitCore.run(JUnitCore.java:138)
	at org.junit.runner.JUnitCore.run(JUnitCore.java:117)
	at sbst.benchmark.coverage.TestExecutionTask.call(TestExecutionTask.java:54)
	at sbst.benchmark.coverage.TestExecutionTask.call(TestExecutionTask.java:15)
	at java.util.concurrent.FutureTask.run(FutureTask.java:266)
	at java.util.concurrent.ThreadPoolExecutor.runWorker(ThreadPoolExecutor.java:1149)
	at java.util.concurrent.ThreadPoolExecutor$Worker.run(ThreadPoolExecutor.java:624)
	at java.lang.Thread.run(Thread.java:750)

Failure: [test(org.apache.commons.collections4.ArrayStack_pop_11051769910): null]
Failing Tests: test(org.apache.commons.collections4.ArrayStack_pop_11051769910)
java.util.EmptyStackException
	at org.apache.commons.collections4.ArrayStack.pop(ArrayStack.java:122)
	at sun.reflect.NativeMethodAccessorImpl.invoke0(Native Method)
	at sun.reflect.NativeMethodAccessorImpl.invoke(NativeMethodAccessorImpl.java:62)
	at sun.reflect.DelegatingMethodAccessorImpl.invoke(DelegatingMethodAccessorImpl.java:43)
	at java.lang.reflect.Method.invoke(Method.java:498)
	at org.apache.commons.collections4.ReflectionUtils.callMethod(ReflectionUtils.java:238)
	at org.apache.commons.collections4.ArrayStack_pop_11051769910.test(ArrayStack_pop_11051769910.java:39)
	at sun.reflect.NativeMethodAccessorImpl.invoke0(Native Method)
	at sun.reflect.NativeMethodAccessorImpl.invoke(NativeMethodAccessorImpl.java:62)
	at sun.reflect.DelegatingMethodAccessorImpl.invoke(DelegatingMethodAccessorImpl.java:43)
	at java.lang.reflect.Method.invoke(Method.java:498)
	at org.junit.runners.model.FrameworkMethod$1.runReflectiveCall(FrameworkMethod.java:47)
	at org.junit.internal.runners.model.ReflectiveCallable.run(ReflectiveCallable.java:12)
	at org.junit.runners.model.FrameworkMethod.invokeExplosively(FrameworkMethod.java:44)
	at org.junit.internal.runners.statements.InvokeMethod.evaluate(InvokeMethod.java:17)
	at org.junit.internal.runners.statements.RunBefores.evaluate(RunBefores.java:26)
	at org.junit.runners.ParentRunner.runLeaf(ParentRunner.java:271)
	at org.junit.runners.BlockJUnit4ClassRunner.runChild(BlockJUnit4ClassRunner.java:70)
	at org.junit.runners.BlockJUnit4ClassRunner.runChild(BlockJUnit4ClassRunner.java:50)
	at org.junit.runners.ParentRunner$3.run(ParentRunner.java:238)
	at org.junit.runners.ParentRunner$1.schedule(ParentRunner.java:63)
	at org.junit.runners.ParentRunner.runChildren(ParentRunner.java:236)
	at org.junit.runners.ParentRunner.access$000(ParentRunner.java:53)
	at org.junit.runners.ParentRunner$2.evaluate(ParentRunner.java:229)
	at org.junit.runners.ParentRunner.run(ParentRunner.java:309)
	at org.junit.runners.Suite.runChild(Suite.java:127)
	at org.junit.runners.Suite.runChild(Suite.java:26)
	at org.junit.runners.ParentRunner$3.run(ParentRunner.java:238)
	at org.junit.runners.ParentRunner$1.schedule(ParentRunner.java:63)
	at org.junit.runners.ParentRunner.runChildren(ParentRunner.java:236)
	at org.junit.runners.ParentRunner.access$000(ParentRunner.java:53)
	at org.junit.runners.ParentRunner$2.evaluate(ParentRunner.java:229)
	at org.junit.runners.ParentRunner.run(ParentRunner.java:309)
	at org.junit.runner.JUnitCore.run(JUnitCore.java:160)
	at org.junit.runner.JUnitCore.run(JUnitCore.java:138)
	at org.junit.runner.JUnitCore.run(JUnitCore.java:117)
	at sbst.benchmark.coverage.TestExecutionTask.call(TestExecutionTask.java:54)
	at sbst.benchmark.coverage.TestExecutionTask.call(TestExecutionTask.java:15)
	at java.util.concurrent.FutureTask.run(FutureTask.java:266)
	at java.util.concurrent.ThreadPoolExecutor.runWorker(ThreadPoolExecutor.java:1149)
	at java.util.concurrent.ThreadPoolExecutor$Worker.run(ThreadPoolExecutor.java:624)
	at java.lang.Thread.run(Thread.java:750)

Failure: [test(org.apache.commons.collections4.ArrayStack_push_21190930630): null]
Failing Tests: test(org.apache.commons.collections4.ArrayStack_push_21190930630)
java.lang.NullPointerException
	at java.util.ArrayList.ensureExplicitCapacity(ArrayList.java:240)
	at java.util.ArrayList.ensureCapacityInternal(ArrayList.java:233)
	at java.util.ArrayList.add(ArrayList.java:464)
	at org.apache.commons.collections4.ArrayStack.push(ArrayStack.java:135)
	at sun.reflect.NativeMethodAccessorImpl.invoke0(Native Method)
	at sun.reflect.NativeMethodAccessorImpl.invoke(NativeMethodAccessorImpl.java:62)
	at sun.reflect.DelegatingMethodAccessorImpl.invoke(DelegatingMethodAccessorImpl.java:43)
	at java.lang.reflect.Method.invoke(Method.java:498)
	at org.apache.commons.collections4.ReflectionUtils.callMethod(ReflectionUtils.java:238)
	at org.apache.commons.collections4.ArrayStack_push_21190930630.test(ArrayStack_push_21190930630.java:41)
	at sun.reflect.NativeMethodAccessorImpl.invoke0(Native Method)
	at sun.reflect.NativeMethodAccessorImpl.invoke(NativeMethodAccessorImpl.java:62)
	at sun.reflect.DelegatingMethodAccessorImpl.invoke(DelegatingMethodAccessorImpl.java:43)
	at java.lang.reflect.Method.invoke(Method.java:498)
	at org.junit.runners.model.FrameworkMethod$1.runReflectiveCall(FrameworkMethod.java:47)
	at org.junit.internal.runners.model.ReflectiveCallable.run(ReflectiveCallable.java:12)
	at org.junit.runners.model.FrameworkMethod.invokeExplosively(FrameworkMethod.java:44)
	at org.junit.internal.runners.statements.InvokeMethod.evaluate(InvokeMethod.java:17)
	at org.junit.internal.runners.statements.RunBefores.evaluate(RunBefores.java:26)
	at org.junit.runners.ParentRunner.runLeaf(ParentRunner.java:271)
	at org.junit.runners.BlockJUnit4ClassRunner.runChild(BlockJUnit4ClassRunner.java:70)
	at org.junit.runners.BlockJUnit4ClassRunner.runChild(BlockJUnit4ClassRunner.java:50)
	at org.junit.runners.ParentRunner$3.run(ParentRunner.java:238)
	at org.junit.runners.ParentRunner$1.schedule(ParentRunner.java:63)
	at org.junit.runners.ParentRunner.runChildren(ParentRunner.java:236)
	at org.junit.runners.ParentRunner.access$000(ParentRunner.java:53)
	at org.junit.runners.ParentRunner$2.evaluate(ParentRunner.java:229)
	at org.junit.runners.ParentRunner.run(ParentRunner.java:309)
	at org.junit.runners.Suite.runChild(Suite.java:127)
	at org.junit.runners.Suite.runChild(Suite.java:26)
	at org.junit.runners.ParentRunner$3.run(ParentRunner.java:238)
	at org.junit.runners.ParentRunner$1.schedule(ParentRunner.java:63)
	at org.junit.runners.ParentRunner.runChildren(ParentRunner.java:236)
	at org.junit.runners.ParentRunner.access$000(ParentRunner.java:53)
	at org.junit.runners.ParentRunner$2.evaluate(ParentRunner.java:229)
	at org.junit.runners.ParentRunner.run(ParentRunner.java:309)
	at org.junit.runner.JUnitCore.run(JUnitCore.java:160)
	at org.junit.runner.JUnitCore.run(JUnitCore.java:138)
	at org.junit.runner.JUnitCore.run(JUnitCore.java:117)
	at sbst.benchmark.coverage.TestExecutionTask.call(TestExecutionTask.java:54)
	at sbst.benchmark.coverage.TestExecutionTask.call(TestExecutionTask.java:15)
	at java.util.concurrent.FutureTask.run(FutureTask.java:266)
	at java.util.concurrent.ThreadPoolExecutor.runWorker(ThreadPoolExecutor.java:1149)
	at java.util.concurrent.ThreadPoolExecutor$Worker.run(ThreadPoolExecutor.java:624)
	at java.lang.Thread.run(Thread.java:750)

Failure: [initializationError(org.apache.commons.collections4.EqualityUtils): No runnable methods]
Failing Tests: initializationError(org.apache.commons.collections4.EqualityUtils)
java.lang.Exception: No runnable methods
	at org.junit.runners.BlockJUnit4ClassRunner.validateInstanceMethods(BlockJUnit4ClassRunner.java:169)
	at org.junit.runners.BlockJUnit4ClassRunner.collectInitializationErrors(BlockJUnit4ClassRunner.java:104)
	at org.junit.runners.ParentRunner.validate(ParentRunner.java:355)
	at org.junit.runners.ParentRunner.<init>(ParentRunner.java:76)
	at org.junit.runners.BlockJUnit4ClassRunner.<init>(BlockJUnit4ClassRunner.java:57)
	at org.junit.internal.builders.JUnit4Builder.runnerForClass(JUnit4Builder.java:10)
	at org.junit.runners.model.RunnerBuilder.safeRunnerForClass(RunnerBuilder.java:59)
	at org.junit.internal.builders.AllDefaultPossibilitiesBuilder.runnerForClass(AllDefaultPossibilitiesBuilder.java:26)
	at org.junit.runner.Computer.getRunner(Computer.java:40)
	at org.junit.runner.Computer$1.runnerForClass(Computer.java:31)
	at org.junit.runners.model.RunnerBuilder.safeRunnerForClass(RunnerBuilder.java:59)
	at org.junit.runners.model.RunnerBuilder.runners(RunnerBuilder.java:101)
	at org.junit.runners.model.RunnerBuilder.runners(RunnerBuilder.java:87)
	at org.junit.runners.Suite.<init>(Suite.java:80)
	at org.junit.runner.Computer.getSuite(Computer.java:28)
	at org.junit.runner.Request.classes(Request.java:75)
	at org.junit.runner.JUnitCore.run(JUnitCore.java:117)
	at sbst.benchmark.coverage.TestExecutionTask.call(TestExecutionTask.java:54)
	at sbst.benchmark.coverage.TestExecutionTask.call(TestExecutionTask.java:15)
	at java.util.concurrent.FutureTask.run(FutureTask.java:266)
	at java.util.concurrent.ThreadPoolExecutor.runWorker(ThreadPoolExecutor.java:1149)
	at java.util.concurrent.ThreadPoolExecutor$Worker.run(ThreadPoolExecutor.java:624)
	at java.lang.Thread.run(Thread.java:750)

Failure: [initializationError(org.apache.commons.collections4.ReflectionUtils): No runnable methods]
Failing Tests: initializationError(org.apache.commons.collections4.ReflectionUtils)
java.lang.Exception: No runnable methods
	at org.junit.runners.BlockJUnit4ClassRunner.validateInstanceMethods(BlockJUnit4ClassRunner.java:169)
	at org.junit.runners.BlockJUnit4ClassRunner.collectInitializationErrors(BlockJUnit4ClassRunner.java:104)
	at org.junit.runners.ParentRunner.validate(ParentRunner.java:355)
	at org.junit.runners.ParentRunner.<init>(ParentRunner.java:76)
	at org.junit.runners.BlockJUnit4ClassRunner.<init>(BlockJUnit4ClassRunner.java:57)
	at org.junit.internal.builders.JUnit4Builder.runnerForClass(JUnit4Builder.java:10)
	at org.junit.runners.model.RunnerBuilder.safeRunnerForClass(RunnerBuilder.java:59)
	at org.junit.internal.builders.AllDefaultPossibilitiesBuilder.runnerForClass(AllDefaultPossibilitiesBuilder.java:26)
	at org.junit.runner.Computer.getRunner(Computer.java:40)
	at org.junit.runner.Computer$1.runnerForClass(Computer.java:31)
	at org.junit.runners.model.RunnerBuilder.safeRunnerForClass(RunnerBuilder.java:59)
	at org.junit.runners.model.RunnerBuilder.runners(RunnerBuilder.java:101)
	at org.junit.runners.model.RunnerBuilder.runners(RunnerBuilder.java:87)
	at org.junit.runners.Suite.<init>(Suite.java:80)
	at org.junit.runner.Computer.getSuite(Computer.java:28)
	at org.junit.runner.Request.classes(Request.java:75)
	at org.junit.runner.JUnitCore.run(JUnitCore.java:117)
	at sbst.benchmark.coverage.TestExecutionTask.call(TestExecutionTask.java:54)
	at sbst.benchmark.coverage.TestExecutionTask.call(TestExecutionTask.java:15)
	at java.util.concurrent.FutureTask.run(FutureTask.java:266)
	at java.util.concurrent.ThreadPoolExecutor.runWorker(ThreadPoolExecutor.java:1149)
	at java.util.concurrent.ThreadPoolExecutor$Worker.run(ThreadPoolExecutor.java:624)
	at java.lang.Thread.run(Thread.java:750)

Running the tests: [SBSTDummyForCoverageAndMutationCalculation, org.apache.commons.collections4.ArrayStack_empty_6213467740, org.apache.commons.collections4.ArrayStack_init_1488388190, org.apache.commons.collections4.ArrayStack_init_1488388191, org.apache.commons.collections4.ArrayStack_init_1488407410, org.apache.commons.collections4.ArrayStack_init_1488407411, org.apache.commons.collections4.ArrayStack_peek_20908264750, org.apache.commons.collections4.ArrayStack_peek_20908283970, org.apache.commons.collections4.ArrayStack_pop_11051769910, org.apache.commons.collections4.ArrayStack_push_21190930630, org.apache.commons.collections4.ArrayStack_search_19609778440, org.apache.commons.collections4.EqualityUtils, org.apache.commons.collections4.ReflectionUtils]
Executions terminated
Failure: [test(org.apache.commons.collections4.ArrayStack_init_1488407410): null]
Failing Tests: test(org.apache.commons.collections4.ArrayStack_init_1488407410)
java.lang.reflect.InvocationTargetException
	at sun.reflect.NativeConstructorAccessorImpl.newInstance0(Native Method)
	at sun.reflect.NativeConstructorAccessorImpl.newInstance(NativeConstructorAccessorImpl.java:62)
	at sun.reflect.DelegatingConstructorAccessorImpl.newInstance(DelegatingConstructorAccessorImpl.java:45)
	at java.lang.reflect.Constructor.newInstance(Constructor.java:423)
	at org.apache.commons.collections4.ReflectionUtils.callConstructor(ReflectionUtils.java:231)
	at org.apache.commons.collections4.ArrayStack_init_1488407410.test(ArrayStack_init_1488407410.java:39)
	at sun.reflect.NativeMethodAccessorImpl.invoke0(Native Method)
	at sun.reflect.NativeMethodAccessorImpl.invoke(NativeMethodAccessorImpl.java:62)
	at sun.reflect.DelegatingMethodAccessorImpl.invoke(DelegatingMethodAccessorImpl.java:43)
	at java.lang.reflect.Method.invoke(Method.java:498)
	at org.junit.runners.model.FrameworkMethod$1.runReflectiveCall(FrameworkMethod.java:47)
	at org.junit.internal.runners.model.ReflectiveCallable.run(ReflectiveCallable.java:12)
	at org.junit.runners.model.FrameworkMethod.invokeExplosively(FrameworkMethod.java:44)
	at org.junit.internal.runners.statements.InvokeMethod.evaluate(InvokeMethod.java:17)
	at org.junit.internal.runners.statements.RunBefores.evaluate(RunBefores.java:26)
	at org.junit.runners.ParentRunner.runLeaf(ParentRunner.java:271)
	at org.junit.runners.BlockJUnit4ClassRunner.runChild(BlockJUnit4ClassRunner.java:70)
	at org.junit.runners.BlockJUnit4ClassRunner.runChild(BlockJUnit4ClassRunner.java:50)
	at org.junit.runners.ParentRunner$3.run(ParentRunner.java:238)
	at org.junit.runners.ParentRunner$1.schedule(ParentRunner.java:63)
	at org.junit.runners.ParentRunner.runChildren(ParentRunner.java:236)
	at org.junit.runners.ParentRunner.access$000(ParentRunner.java:53)
	at org.junit.runners.ParentRunner$2.evaluate(ParentRunner.java:229)
	at org.junit.runners.ParentRunner.run(ParentRunner.java:309)
	at org.junit.runners.Suite.runChild(Suite.java:127)
	at org.junit.runners.Suite.runChild(Suite.java:26)
	at org.junit.runners.ParentRunner$3.run(ParentRunner.java:238)
	at org.junit.runners.ParentRunner$1.schedule(ParentRunner.java:63)
	at org.junit.runners.ParentRunner.runChildren(ParentRunner.java:236)
	at org.junit.runners.ParentRunner.access$000(ParentRunner.java:53)
	at org.junit.runners.ParentRunner$2.evaluate(ParentRunner.java:229)
	at org.junit.runners.ParentRunner.run(ParentRunner.java:309)
	at org.junit.runner.JUnitCore.run(JUnitCore.java:160)
	at org.junit.runner.JUnitCore.run(JUnitCore.java:138)
	at org.junit.runner.JUnitCore.run(JUnitCore.java:117)
	at sbst.benchmark.coverage.TestExecutionTask.call(TestExecutionTask.java:54)
	at sbst.benchmark.coverage.TestExecutionTask.call(TestExecutionTask.java:15)
	at java.util.concurrent.FutureTask.run(FutureTask.java:266)
	at java.util.concurrent.ThreadPoolExecutor.runWorker(ThreadPoolExecutor.java:1149)
	at java.util.concurrent.ThreadPoolExecutor$Worker.run(ThreadPoolExecutor.java:624)
	at java.lang.Thread.run(Thread.java:750)
Caused by: java.lang.OutOfMemoryError: Java heap space

Failure: [test(org.apache.commons.collections4.ArrayStack_peek_20908264750): null]
Failing Tests: test(org.apache.commons.collections4.ArrayStack_peek_20908264750)
java.util.EmptyStackException
	at org.apache.commons.collections4.ArrayStack.peek(ArrayStack.java:91)
	at sun.reflect.NativeMethodAccessorImpl.invoke0(Native Method)
	at sun.reflect.NativeMethodAccessorImpl.invoke(NativeMethodAccessorImpl.java:62)
	at sun.reflect.DelegatingMethodAccessorImpl.invoke(DelegatingMethodAccessorImpl.java:43)
	at java.lang.reflect.Method.invoke(Method.java:498)
	at org.apache.commons.collections4.ReflectionUtils.callMethod(ReflectionUtils.java:238)
	at org.apache.commons.collections4.ArrayStack_peek_20908264750.test(ArrayStack_peek_20908264750.java:39)
	at sun.reflect.NativeMethodAccessorImpl.invoke0(Native Method)
	at sun.reflect.NativeMethodAccessorImpl.invoke(NativeMethodAccessorImpl.java:62)
	at sun.reflect.DelegatingMethodAccessorImpl.invoke(DelegatingMethodAccessorImpl.java:43)
	at java.lang.reflect.Method.invoke(Method.java:498)
	at org.junit.runners.model.FrameworkMethod$1.runReflectiveCall(FrameworkMethod.java:47)
	at org.junit.internal.runners.model.ReflectiveCallable.run(ReflectiveCallable.java:12)
	at org.junit.runners.model.FrameworkMethod.invokeExplosively(FrameworkMethod.java:44)
	at org.junit.internal.runners.statements.InvokeMethod.evaluate(InvokeMethod.java:17)
	at org.junit.internal.runners.statements.RunBefores.evaluate(RunBefores.java:26)
	at org.junit.runners.ParentRunner.runLeaf(ParentRunner.java:271)
	at org.junit.runners.BlockJUnit4ClassRunner.runChild(BlockJUnit4ClassRunner.java:70)
	at org.junit.runners.BlockJUnit4ClassRunner.runChild(BlockJUnit4ClassRunner.java:50)
	at org.junit.runners.ParentRunner$3.run(ParentRunner.java:238)
	at org.junit.runners.ParentRunner$1.schedule(ParentRunner.java:63)
	at org.junit.runners.ParentRunner.runChildren(ParentRunner.java:236)
	at org.junit.runners.ParentRunner.access$000(ParentRunner.java:53)
	at org.junit.runners.ParentRunner$2.evaluate(ParentRunner.java:229)
	at org.junit.runners.ParentRunner.run(ParentRunner.java:309)
	at org.junit.runners.Suite.runChild(Suite.java:127)
	at org.junit.runners.Suite.runChild(Suite.java:26)
	at org.junit.runners.ParentRunner$3.run(ParentRunner.java:238)
	at org.junit.runners.ParentRunner$1.schedule(ParentRunner.java:63)
	at org.junit.runners.ParentRunner.runChildren(ParentRunner.java:236)
	at org.junit.runners.ParentRunner.access$000(ParentRunner.java:53)
	at org.junit.runners.ParentRunner$2.evaluate(ParentRunner.java:229)
	at org.junit.runners.ParentRunner.run(ParentRunner.java:309)
	at org.junit.runner.JUnitCore.run(JUnitCore.java:160)
	at org.junit.runner.JUnitCore.run(JUnitCore.java:138)
	at org.junit.runner.JUnitCore.run(JUnitCore.java:117)
	at sbst.benchmark.coverage.TestExecutionTask.call(TestExecutionTask.java:54)
	at sbst.benchmark.coverage.TestExecutionTask.call(TestExecutionTask.java:15)
	at java.util.concurrent.FutureTask.run(FutureTask.java:266)
	at java.util.concurrent.ThreadPoolExecutor.runWorker(ThreadPoolExecutor.java:1149)
	at java.util.concurrent.ThreadPoolExecutor$Worker.run(ThreadPoolExecutor.java:624)
	at java.lang.Thread.run(Thread.java:750)

Failure: [test(org.apache.commons.collections4.ArrayStack_peek_20908283970): null]
Running the tests: [SBSTDummyForCoverageAndMutationCalculation, org.apache.commons.collections4.ArrayStack_empty_6213467740, org.apache.commons.collections4.ArrayStack_init_1488388190, org.apache.commons.collections4.ArrayStack_init_1488388191, org.apache.commons.collections4.ArrayStack_init_1488407410, org.apache.commons.collections4.ArrayStack_init_1488407411, org.apache.commons.collections4.ArrayStack_peek_20908264750, org.apache.commons.collections4.ArrayStack_peek_20908283970, org.apache.commons.collections4.ArrayStack_pop_11051769910, org.apache.commons.collections4.ArrayStack_push_21190930630, org.apache.commons.collections4.ArrayStack_search_19609778440, org.apache.commons.collections4.EqualityUtils, org.apache.commons.collections4.ReflectionUtils]
Failing Tests: test(org.apache.commons.collections4.ArrayStack_peek_20908283970)
java.util.EmptyStackException
	at org.apache.commons.collections4.ArrayStack.peek(ArrayStack.java:108)
	at sun.reflect.NativeMethodAccessorImpl.invoke0(Native Method)
	at sun.reflect.NativeMethodAccessorImpl.invoke(NativeMethodAccessorImpl.java:62)
	at sun.reflect.DelegatingMethodAccessorImpl.invoke(DelegatingMethodAccessorImpl.java:43)
	at java.lang.reflect.Method.invoke(Method.java:498)
	at org.apache.commons.collections4.ReflectionUtils.callMethod(ReflectionUtils.java:238)
	at org.apache.commons.collections4.ArrayStack_peek_20908283970.test(ArrayStack_peek_20908283970.java:44)
	at sun.reflect.NativeMethodAccessorImpl.invoke0(Native Method)
	at sun.reflect.NativeMethodAccessorImpl.invoke(NativeMethodAccessorImpl.java:62)
	at sun.reflect.DelegatingMethodAccessorImpl.invoke(DelegatingMethodAccessorImpl.java:43)
	at java.lang.reflect.Method.invoke(Method.java:498)
	at org.junit.runners.model.FrameworkMethod$1.runReflectiveCall(FrameworkMethod.java:47)
	at org.junit.internal.runners.model.ReflectiveCallable.run(ReflectiveCallable.java:12)
	at org.junit.runners.model.FrameworkMethod.invokeExplosively(FrameworkMethod.java:44)
	at org.junit.internal.runners.statements.InvokeMethod.evaluate(InvokeMethod.java:17)
	at org.junit.internal.runners.statements.RunBefores.evaluate(RunBefores.java:26)
	at org.junit.runners.ParentRunner.runLeaf(ParentRunner.java:271)
	at org.junit.runners.BlockJUnit4ClassRunner.runChild(BlockJUnit4ClassRunner.java:70)
	at org.junit.runners.BlockJUnit4ClassRunner.runChild(BlockJUnit4ClassRunner.java:50)
	at org.junit.runners.ParentRunner$3.run(ParentRunner.java:238)
	at org.junit.runners.ParentRunner$1.schedule(ParentRunner.java:63)
	at org.junit.runners.ParentRunner.runChildren(ParentRunner.java:236)
	at org.junit.runners.ParentRunner.access$000(ParentRunner.java:53)
	at org.junit.runners.ParentRunner$2.evaluate(ParentRunner.java:229)
	at org.junit.runners.ParentRunner.run(ParentRunner.java:309)
	at org.junit.runners.Suite.runChild(Suite.java:127)
	at org.junit.runners.Suite.runChild(Suite.java:26)
	at org.junit.runners.ParentRunner$3.run(ParentRunner.java:238)
	at org.junit.runners.ParentRunner$1.schedule(ParentRunner.java:63)
	at org.junit.runners.ParentRunner.runChildren(ParentRunner.java:236)
	at org.junit.runners.ParentRunner.access$000(ParentRunner.java:53)
	at org.junit.runners.ParentRunner$2.evaluate(ParentRunner.java:229)
	at org.junit.runners.ParentRunner.run(ParentRunner.java:309)
	at org.junit.runner.JUnitCore.run(JUnitCore.java:160)
	at org.junit.runner.JUnitCore.run(JUnitCore.java:138)
	at org.junit.runner.JUnitCore.run(JUnitCore.java:117)
	at sbst.benchmark.coverage.TestExecutionTask.call(TestExecutionTask.java:54)
	at sbst.benchmark.coverage.TestExecutionTask.call(TestExecutionTask.java:15)
	at java.util.concurrent.FutureTask.run(FutureTask.java:266)
	at java.util.concurrent.ThreadPoolExecutor.runWorker(ThreadPoolExecutor.java:1149)
	at java.util.concurrent.ThreadPoolExecutor$Worker.run(ThreadPoolExecutor.java:624)
	at java.lang.Thread.run(Thread.java:750)

Failure: [test(org.apache.commons.collections4.ArrayStack_pop_11051769910): null]
Failing Tests: test(org.apache.commons.collections4.ArrayStack_pop_11051769910)
java.util.EmptyStackException
	at org.apache.commons.collections4.ArrayStack.pop(ArrayStack.java:122)
	at sun.reflect.NativeMethodAccessorImpl.invoke0(Native Method)
	at sun.reflect.NativeMethodAccessorImpl.invoke(NativeMethodAccessorImpl.java:62)
	at sun.reflect.DelegatingMethodAccessorImpl.invoke(DelegatingMethodAccessorImpl.java:43)
	at java.lang.reflect.Method.invoke(Method.java:498)
	at org.apache.commons.collections4.ReflectionUtils.callMethod(ReflectionUtils.java:238)
	at org.apache.commons.collections4.ArrayStack_pop_11051769910.test(ArrayStack_pop_11051769910.java:39)
	at sun.reflect.NativeMethodAccessorImpl.invoke0(Native Method)
	at sun.reflect.NativeMethodAccessorImpl.invoke(NativeMethodAccessorImpl.java:62)
	at sun.reflect.DelegatingMethodAccessorImpl.invoke(DelegatingMethodAccessorImpl.java:43)
	at java.lang.reflect.Method.invoke(Method.java:498)
	at org.junit.runners.model.FrameworkMethod$1.runReflectiveCall(FrameworkMethod.java:47)
	at org.junit.internal.runners.model.ReflectiveCallable.run(ReflectiveCallable.java:12)
	at org.junit.runners.model.FrameworkMethod.invokeExplosively(FrameworkMethod.java:44)
	at org.junit.internal.runners.statements.InvokeMethod.evaluate(InvokeMethod.java:17)
	at org.junit.internal.runners.statements.RunBefores.evaluate(RunBefores.java:26)
	at org.junit.runners.ParentRunner.runLeaf(ParentRunner.java:271)
	at org.junit.runners.BlockJUnit4ClassRunner.runChild(BlockJUnit4ClassRunner.java:70)
	at org.junit.runners.BlockJUnit4ClassRunner.runChild(BlockJUnit4ClassRunner.java:50)
	at org.junit.runners.ParentRunner$3.run(ParentRunner.java:238)
	at org.junit.runners.ParentRunner$1.schedule(ParentRunner.java:63)
	at org.junit.runners.ParentRunner.runChildren(ParentRunner.java:236)
	at org.junit.runners.ParentRunner.access$000(ParentRunner.java:53)
	at org.junit.runners.ParentRunner$2.evaluate(ParentRunner.java:229)
	at org.junit.runners.ParentRunner.run(ParentRunner.java:309)
	at org.junit.runners.Suite.runChild(Suite.java:127)
	at org.junit.runners.Suite.runChild(Suite.java:26)
	at org.junit.runners.ParentRunner$3.run(ParentRunner.java:238)
	at org.junit.runners.ParentRunner$1.schedule(ParentRunner.java:63)
	at org.junit.runners.ParentRunner.runChildren(ParentRunner.java:236)
	at org.junit.runners.ParentRunner.access$000(ParentRunner.java:53)
	at org.junit.runners.ParentRunner$2.evaluate(ParentRunner.java:229)
	at org.junit.runners.ParentRunner.run(ParentRunner.java:309)
	at org.junit.runner.JUnitCore.run(JUnitCore.java:160)
	at org.junit.runner.JUnitCore.run(JUnitCore.java:138)
	at org.junit.runner.JUnitCore.run(JUnitCore.java:117)
	at sbst.benchmark.coverage.TestExecutionTask.call(TestExecutionTask.java:54)
	at sbst.benchmark.coverage.TestExecutionTask.call(TestExecutionTask.java:15)
	at java.util.concurrent.FutureTask.run(FutureTask.java:266)
	at java.util.concurrent.ThreadPoolExecutor.runWorker(ThreadPoolExecutor.java:1149)
	at java.util.concurrent.ThreadPoolExecutor$Worker.run(ThreadPoolExecutor.java:624)
	at java.lang.Thread.run(Thread.java:750)

Failure: [test(org.apache.commons.collections4.ArrayStack_push_21190930630): null]
Failing Tests: test(org.apache.commons.collections4.ArrayStack_push_21190930630)
java.lang.NullPointerException
	at java.util.ArrayList.ensureExplicitCapacity(ArrayList.java:240)
	at java.util.ArrayList.ensureCapacityInternal(ArrayList.java:233)
	at java.util.ArrayList.add(ArrayList.java:464)
	at org.apache.commons.collections4.ArrayStack.push(ArrayStack.java:135)
	at sun.reflect.NativeMethodAccessorImpl.invoke0(Native Method)
	at sun.reflect.NativeMethodAccessorImpl.invoke(NativeMethodAccessorImpl.java:62)
	at sun.reflect.DelegatingMethodAccessorImpl.invoke(DelegatingMethodAccessorImpl.java:43)
	at java.lang.reflect.Method.invoke(Method.java:498)
	at org.apache.commons.collections4.ReflectionUtils.callMethod(ReflectionUtils.java:238)
	at org.apache.commons.collections4.ArrayStack_push_21190930630.test(ArrayStack_push_21190930630.java:41)
	at sun.reflect.NativeMethodAccessorImpl.invoke0(Native Method)
	at sun.reflect.NativeMethodAccessorImpl.invoke(NativeMethodAccessorImpl.java:62)
	at sun.reflect.DelegatingMethodAccessorImpl.invoke(DelegatingMethodAccessorImpl.java:43)
	at java.lang.reflect.Method.invoke(Method.java:498)
	at org.junit.runners.model.FrameworkMethod$1.runReflectiveCall(FrameworkMethod.java:47)
	at org.junit.internal.runners.model.ReflectiveCallable.run(ReflectiveCallable.java:12)
	at org.junit.runners.model.FrameworkMethod.invokeExplosively(FrameworkMethod.java:44)
	at org.junit.internal.runners.statements.InvokeMethod.evaluate(InvokeMethod.java:17)
	at org.junit.internal.runners.statements.RunBefores.evaluate(RunBefores.java:26)
	at org.junit.runners.ParentRunner.runLeaf(ParentRunner.java:271)
	at org.junit.runners.BlockJUnit4ClassRunner.runChild(BlockJUnit4ClassRunner.java:70)
	at org.junit.runners.BlockJUnit4ClassRunner.runChild(BlockJUnit4ClassRunner.java:50)
	at org.junit.runners.ParentRunner$3.run(ParentRunner.java:238)
	at org.junit.runners.ParentRunner$1.schedule(ParentRunner.java:63)
	at org.junit.runners.ParentRunner.runChildren(ParentRunner.java:236)
	at org.junit.runners.ParentRunner.access$000(ParentRunner.java:53)
	at org.junit.runners.ParentRunner$2.evaluate(ParentRunner.java:229)
	at org.junit.runners.ParentRunner.run(ParentRunner.java:309)
	at org.junit.runners.Suite.runChild(Suite.java:127)
	at org.junit.runners.Suite.runChild(Suite.java:26)
	at org.junit.runners.ParentRunner$3.run(ParentRunner.java:238)
	at org.junit.runners.ParentRunner$1.schedule(ParentRunner.java:63)
	at org.junit.runners.ParentRunner.runChildren(ParentRunner.java:236)
	at org.junit.runners.ParentRunner.access$000(ParentRunner.java:53)
	at org.junit.runners.ParentRunner$2.evaluate(ParentRunner.java:229)
	at org.junit.runners.ParentRunner.run(ParentRunner.java:309)
	at org.junit.runner.JUnitCore.run(JUnitCore.java:160)
	at org.junit.runner.JUnitCore.run(JUnitCore.java:138)
	at org.junit.runner.JUnitCore.run(JUnitCore.java:117)
	at sbst.benchmark.coverage.TestExecutionTask.call(TestExecutionTask.java:54)
	at sbst.benchmark.coverage.TestExecutionTask.call(TestExecutionTask.java:15)
	at java.util.concurrent.FutureTask.run(FutureTask.java:266)
	at java.util.concurrent.ThreadPoolExecutor.runWorker(ThreadPoolExecutor.java:1149)
	at java.util.concurrent.ThreadPoolExecutor$Worker.run(ThreadPoolExecutor.java:624)
	at java.lang.Thread.run(Thread.java:750)

Failure: [initializationError(org.apache.commons.collections4.EqualityUtils): No runnable methods]
Failing Tests: initializationError(org.apache.commons.collections4.EqualityUtils)
java.lang.Exception: No runnable methods
	at org.junit.runners.BlockJUnit4ClassRunner.validateInstanceMethods(BlockJUnit4ClassRunner.java:169)
	at org.junit.runners.BlockJUnit4ClassRunner.collectInitializationErrors(BlockJUnit4ClassRunner.java:104)
	at org.junit.runners.ParentRunner.validate(ParentRunner.java:355)
	at org.junit.runners.ParentRunner.<init>(ParentRunner.java:76)
	at org.junit.runners.BlockJUnit4ClassRunner.<init>(BlockJUnit4ClassRunner.java:57)
	at org.junit.internal.builders.JUnit4Builder.runnerForClass(JUnit4Builder.java:10)
	at org.junit.runners.model.RunnerBuilder.safeRunnerForClass(RunnerBuilder.java:59)
	at org.junit.internal.builders.AllDefaultPossibilitiesBuilder.runnerForClass(AllDefaultPossibilitiesBuilder.java:26)
	at org.junit.runner.Computer.getRunner(Computer.java:40)
	at org.junit.runner.Computer$1.runnerForClass(Computer.java:31)
	at org.junit.runners.model.RunnerBuilder.safeRunnerForClass(RunnerBuilder.java:59)
	at org.junit.runners.model.RunnerBuilder.runners(RunnerBuilder.java:101)
	at org.junit.runners.model.RunnerBuilder.runners(RunnerBuilder.java:87)
	at org.junit.runners.Suite.<init>(Suite.java:80)
	at org.junit.runner.Computer.getSuite(Computer.java:28)
	at org.junit.runner.Request.classes(Request.java:75)
	at org.junit.runner.JUnitCore.run(JUnitCore.java:117)
	at sbst.benchmark.coverage.TestExecutionTask.call(TestExecutionTask.java:54)
	at sbst.benchmark.coverage.TestExecutionTask.call(TestExecutionTask.java:15)
	at java.util.concurrent.FutureTask.run(FutureTask.java:266)
	at java.util.concurrent.ThreadPoolExecutor.runWorker(ThreadPoolExecutor.java:1149)
	at java.util.concurrent.ThreadPoolExecutor$Worker.run(ThreadPoolExecutor.java:624)
	at java.lang.Thread.run(Thread.java:750)

Failure: [initializationError(org.apache.commons.collections4.ReflectionUtils): No runnable methods]
Failing Tests: initializationError(org.apache.commons.collections4.ReflectionUtils)
java.lang.Exception: No runnable methods
	at org.junit.runners.BlockJUnit4ClassRunner.validateInstanceMethods(BlockJUnit4ClassRunner.java:169)
	at org.junit.runners.BlockJUnit4ClassRunner.collectInitializationErrors(BlockJUnit4ClassRunner.java:104)
	at org.junit.runners.ParentRunner.validate(ParentRunner.java:355)
	at org.junit.runners.ParentRunner.<init>(ParentRunner.java:76)
	at org.junit.runners.BlockJUnit4ClassRunner.<init>(BlockJUnit4ClassRunner.java:57)
	at org.junit.internal.builders.JUnit4Builder.runnerForClass(JUnit4Builder.java:10)
	at org.junit.runners.model.RunnerBuilder.safeRunnerForClass(RunnerBuilder.java:59)
	at org.junit.internal.builders.AllDefaultPossibilitiesBuilder.runnerForClass(AllDefaultPossibilitiesBuilder.java:26)
	at org.junit.runner.Computer.getRunner(Computer.java:40)
	at org.junit.runner.Computer$1.runnerForClass(Computer.java:31)
	at org.junit.runners.model.RunnerBuilder.safeRunnerForClass(RunnerBuilder.java:59)
	at org.junit.runners.model.RunnerBuilder.runners(RunnerBuilder.java:101)
	at org.junit.runners.model.RunnerBuilder.runners(RunnerBuilder.java:87)
	at org.junit.runners.Suite.<init>(Suite.java:80)
	at org.junit.runner.Computer.getSuite(Computer.java:28)
	at org.junit.runner.Request.classes(Request.java:75)
	at org.junit.runner.JUnitCore.run(JUnitCore.java:117)
	at sbst.benchmark.coverage.TestExecutionTask.call(TestExecutionTask.java:54)
	at sbst.benchmark.coverage.TestExecutionTask.call(TestExecutionTask.java:15)
	at java.util.concurrent.FutureTask.run(FutureTask.java:266)
	at java.util.concurrent.ThreadPoolExecutor.runWorker(ThreadPoolExecutor.java:1149)
	at java.util.concurrent.ThreadPoolExecutor$Worker.run(ThreadPoolExecutor.java:624)
	at java.lang.Thread.run(Thread.java:750)

Executions terminated
Failure: [test(org.apache.commons.collections4.ArrayStack_init_1488407410): null]
Failing Tests: test(org.apache.commons.collections4.ArrayStack_init_1488407410)
java.lang.reflect.InvocationTargetException
	at sun.reflect.NativeConstructorAccessorImpl.newInstance0(Native Method)
	at sun.reflect.NativeConstructorAccessorImpl.newInstance(NativeConstructorAccessorImpl.java:62)
	at sun.reflect.DelegatingConstructorAccessorImpl.newInstance(DelegatingConstructorAccessorImpl.java:45)
	at java.lang.reflect.Constructor.newInstance(Constructor.java:423)
	at org.apache.commons.collections4.ReflectionUtils.callConstructor(ReflectionUtils.java:231)
	at org.apache.commons.collections4.ArrayStack_init_1488407410.test(ArrayStack_init_1488407410.java:39)
	at sun.reflect.NativeMethodAccessorImpl.invoke0(Native Method)
	at sun.reflect.NativeMethodAccessorImpl.invoke(NativeMethodAccessorImpl.java:62)
	at sun.reflect.DelegatingMethodAccessorImpl.invoke(DelegatingMethodAccessorImpl.java:43)
	at java.lang.reflect.Method.invoke(Method.java:498)
	at org.junit.runners.model.FrameworkMethod$1.runReflectiveCall(FrameworkMethod.java:47)
	at org.junit.internal.runners.model.ReflectiveCallable.run(ReflectiveCallable.java:12)
	at org.junit.runners.model.FrameworkMethod.invokeExplosively(FrameworkMethod.java:44)
	at org.junit.internal.runners.statements.InvokeMethod.evaluate(InvokeMethod.java:17)
	at org.junit.internal.runners.statements.RunBefores.evaluate(RunBefores.java:26)
	at org.junit.runners.ParentRunner.runLeaf(ParentRunner.java:271)
	at org.junit.runners.BlockJUnit4ClassRunner.runChild(BlockJUnit4ClassRunner.java:70)
	at org.junit.runners.BlockJUnit4ClassRunner.runChild(BlockJUnit4ClassRunner.java:50)
	at org.junit.runners.ParentRunner$3.run(ParentRunner.java:238)
	at org.junit.runners.ParentRunner$1.schedule(ParentRunner.java:63)
	at org.junit.runners.ParentRunner.runChildren(ParentRunner.java:236)
	at org.junit.runners.ParentRunner.access$000(ParentRunner.java:53)
	at org.junit.runners.ParentRunner$2.evaluate(ParentRunner.java:229)
	at org.junit.runners.ParentRunner.run(ParentRunner.java:309)
	at org.junit.runners.Suite.runChild(Suite.java:127)
	at org.junit.runners.Suite.runChild(Suite.java:26)
	at org.junit.runners.ParentRunner$3.run(ParentRunner.java:238)
	at org.junit.runners.ParentRunner$1.schedule(ParentRunner.java:63)
	at org.junit.runners.ParentRunner.runChildren(ParentRunner.java:236)
	at org.junit.runners.ParentRunner.access$000(ParentRunner.java:53)
	at org.junit.runners.ParentRunner$2.evaluate(ParentRunner.java:229)
	at org.junit.runners.ParentRunner.run(ParentRunner.java:309)
	at org.junit.runner.JUnitCore.run(JUnitCore.java:160)
	at org.junit.runner.JUnitCore.run(JUnitCore.java:138)
	at org.junit.runner.JUnitCore.run(JUnitCore.java:117)
	at sbst.benchmark.coverage.TestExecutionTask.call(TestExecutionTask.java:54)
	at sbst.benchmark.coverage.TestExecutionTask.call(TestExecutionTask.java:15)
	at java.util.concurrent.FutureTask.run(FutureTask.java:266)
	at java.util.concurrent.ThreadPoolExecutor.runWorker(ThreadPoolExecutor.java:1149)
	at java.util.concurrent.ThreadPoolExecutor$Worker.run(ThreadPoolExecutor.java:624)
	at java.lang.Thread.run(Thread.java:750)
Caused by: java.lang.OutOfMemoryError: Java heap space

Failure: [test(org.apache.commons.collections4.ArrayStack_peek_20908264750): null]
Failing Tests: test(org.apache.commons.collections4.ArrayStack_peek_20908264750)
java.util.EmptyStackException
	at org.apache.commons.collections4.ArrayStack.peek(ArrayStack.java:91)
	at sun.reflect.NativeMethodAccessorImpl.invoke0(Native Method)
	at sun.reflect.NativeMethodAccessorImpl.invoke(NativeMethodAccessorImpl.java:62)
	at sun.reflect.DelegatingMethodAccessorImpl.invoke(DelegatingMethodAccessorImpl.java:43)
	at java.lang.reflect.Method.invoke(Method.java:498)
	at org.apache.commons.collections4.ReflectionUtils.callMethod(ReflectionUtils.java:238)
	at org.apache.commons.collections4.ArrayStack_peek_20908264750.test(ArrayStack_peek_20908264750.java:39)
	at sun.reflect.NativeMethodAccessorImpl.invoke0(Native Method)
	at sun.reflect.NativeMethodAccessorImpl.invoke(NativeMethodAccessorImpl.java:62)
	at sun.reflect.DelegatingMethodAccessorImpl.invoke(DelegatingMethodAccessorImpl.java:43)
	at java.lang.reflect.Method.invoke(Method.java:498)
	at org.junit.runners.model.FrameworkMethod$1.runReflectiveCall(FrameworkMethod.java:47)
	at org.junit.internal.runners.model.ReflectiveCallable.run(ReflectiveCallable.java:12)
	at org.junit.runners.model.FrameworkMethod.invokeExplosively(FrameworkMethod.java:44)
	at org.junit.internal.runners.statements.InvokeMethod.evaluate(InvokeMethod.java:17)
	at org.junit.internal.runners.statements.RunBefores.evaluate(RunBefores.java:26)
	at org.junit.runners.ParentRunner.runLeaf(ParentRunner.java:271)
	at org.junit.runners.BlockJUnit4ClassRunner.runChild(BlockJUnit4ClassRunner.java:70)
	at org.junit.runners.BlockJUnit4ClassRunner.runChild(BlockJUnit4ClassRunner.java:50)
	at org.junit.runners.ParentRunner$3.run(ParentRunner.java:238)
	at org.junit.runners.ParentRunner$1.schedule(ParentRunner.java:63)
	at org.junit.runners.ParentRunner.runChildren(ParentRunner.java:236)
	at org.junit.runners.ParentRunner.access$000(ParentRunner.java:53)
	at org.junit.runners.ParentRunner$2.evaluate(ParentRunner.java:229)
	at org.junit.runners.ParentRunner.run(ParentRunner.java:309)
	at org.junit.runners.Suite.runChild(Suite.java:127)
	at org.junit.runners.Suite.runChild(Suite.java:26)
	at org.junit.runners.ParentRunner$3.run(ParentRunner.java:238)
	at org.junit.runners.ParentRunner$1.schedule(ParentRunner.java:63)
	at org.junit.runners.ParentRunner.runChildren(ParentRunner.java:236)
	at org.junit.runners.ParentRunner.access$000(ParentRunner.java:53)
	at org.junit.runners.ParentRunner$2.evaluate(ParentRunner.java:229)
	at org.junit.runners.ParentRunner.run(ParentRunner.java:309)
	at org.junit.runner.JUnitCore.run(JUnitCore.java:160)
	at org.junit.runner.JUnitCore.run(JUnitCore.java:138)
	at org.junit.runner.JUnitCore.run(JUnitCore.java:117)
	at sbst.benchmark.coverage.TestExecutionTask.call(TestExecutionTask.java:54)
	at sbst.benchmark.coverage.TestExecutionTask.call(TestExecutionTask.java:15)
	at java.util.concurrent.FutureTask.run(FutureTask.java:266)
	at java.util.concurrent.ThreadPoolExecutor.runWorker(ThreadPoolExecutor.java:1149)
	at java.util.concurrent.ThreadPoolExecutor$Worker.run(ThreadPoolExecutor.java:624)
	at java.lang.Thread.run(Thread.java:750)

Failure: [test(org.apache.commons.collections4.ArrayStack_peek_20908283970): null]
Failing Tests: test(org.apache.commons.collections4.ArrayStack_peek_20908283970)
java.util.EmptyStackException
	at org.apache.commons.collections4.ArrayStack.peek(ArrayStack.java:108)
	at sun.reflect.NativeMethodAccessorImpl.invoke0(Native Method)
	at sun.reflect.NativeMethodAccessorImpl.invoke(NativeMethodAccessorImpl.java:62)
	at sun.reflect.DelegatingMethodAccessorImpl.invoke(DelegatingMethodAccessorImpl.java:43)
	at java.lang.reflect.Method.invoke(Method.java:498)
	at org.apache.commons.collections4.ReflectionUtils.callMethod(ReflectionUtils.java:238)
	at org.apache.commons.collections4.ArrayStack_peek_20908283970.test(ArrayStack_peek_20908283970.java:44)
	at sun.reflect.NativeMethodAccessorImpl.invoke0(Native Method)
	at sun.reflect.NativeMethodAccessorImpl.invoke(NativeMethodAccessorImpl.java:62)
	at sun.reflect.DelegatingMethodAccessorImpl.invoke(DelegatingMethodAccessorImpl.java:43)
	at java.lang.reflect.Method.invoke(Method.java:498)
	at org.junit.runners.model.FrameworkMethod$1.runReflectiveCall(FrameworkMethod.java:47)
	at org.junit.internal.runners.model.ReflectiveCallable.run(ReflectiveCallable.java:12)
	at org.junit.runners.model.FrameworkMethod.invokeExplosively(FrameworkMethod.java:44)
	at org.junit.internal.runners.statements.InvokeMethod.evaluate(InvokeMethod.java:17)
	at org.junit.internal.runners.statements.RunBefores.evaluate(RunBefores.java:26)
	at org.junit.runners.ParentRunner.runLeaf(ParentRunner.java:271)
	at org.junit.runners.BlockJUnit4ClassRunner.runChild(BlockJUnit4ClassRunner.java:70)
	at org.junit.runners.BlockJUnit4ClassRunner.runChild(BlockJUnit4ClassRunner.java:50)
	at org.junit.runners.ParentRunner$3.run(ParentRunner.java:238)
	at org.junit.runners.ParentRunner$1.schedule(ParentRunner.java:63)
	at org.junit.runners.ParentRunner.runChildren(ParentRunner.java:236)
	at org.junit.runners.ParentRunner.access$000(ParentRunner.java:53)
	at org.junit.runners.ParentRunner$2.evaluate(ParentRunner.java:229)
	at org.junit.runners.ParentRunner.run(ParentRunner.java:309)
	at org.junit.runners.Suite.runChild(Suite.java:127)
	at org.junit.runners.Suite.runChild(Suite.java:26)
	at org.junit.runners.ParentRunner$3.run(ParentRunner.java:238)
	at org.junit.runners.ParentRunner$1.schedule(ParentRunner.java:63)
	at org.junit.runners.ParentRunner.runChildren(ParentRunner.java:236)
	at org.junit.runners.ParentRunner.access$000(ParentRunner.java:53)
	at org.junit.runners.ParentRunner$2.evaluate(ParentRunner.java:229)
	at org.junit.runners.ParentRunner.run(ParentRunner.java:309)
	at org.junit.runner.JUnitCore.run(JUnitCore.java:160)
	at org.junit.runner.JUnitCore.run(JUnitCore.java:138)
	at org.junit.runner.JUnitCore.run(JUnitCore.java:117)
	at sbst.benchmark.coverage.TestExecutionTask.call(TestExecutionTask.java:54)
	at sbst.benchmark.coverage.TestExecutionTask.call(TestExecutionTask.java:15)
	at java.util.concurrent.FutureTask.run(FutureTask.java:266)
	at java.util.concurrent.ThreadPoolExecutor.runWorker(ThreadPoolExecutor.java:1149)
	at java.util.concurrent.ThreadPoolExecutor$Worker.run(ThreadPoolExecutor.java:624)
	at java.lang.Thread.run(Thread.java:750)

Failure: [test(org.apache.commons.collections4.ArrayStack_pop_11051769910): null]
Failing Tests: test(org.apache.commons.collections4.ArrayStack_pop_11051769910)
java.util.EmptyStackException
	at org.apache.commons.collections4.ArrayStack.pop(ArrayStack.java:122)
	at sun.reflect.NativeMethodAccessorImpl.invoke0(Native Method)
	at sun.reflect.NativeMethodAccessorImpl.invoke(NativeMethodAccessorImpl.java:62)
	at sun.reflect.DelegatingMethodAccessorImpl.invoke(DelegatingMethodAccessorImpl.java:43)
	at java.lang.reflect.Method.invoke(Method.java:498)
	at org.apache.commons.collections4.ReflectionUtils.callMethod(ReflectionUtils.java:238)
	at org.apache.commons.collections4.ArrayStack_pop_11051769910.test(ArrayStack_pop_11051769910.java:39)
	at sun.reflect.NativeMethodAccessorImpl.invoke0(Native Method)
	at sun.reflect.NativeMethodAccessorImpl.invoke(NativeMethodAccessorImpl.java:62)
	at sun.reflect.DelegatingMethodAccessorImpl.invoke(DelegatingMethodAccessorImpl.java:43)
	at java.lang.reflect.Method.invoke(Method.java:498)
	at org.junit.runners.model.FrameworkMethod$1.runReflectiveCall(FrameworkMethod.java:47)
	at org.junit.internal.runners.model.ReflectiveCallable.run(ReflectiveCallable.java:12)
	at org.junit.runners.model.FrameworkMethod.invokeExplosively(FrameworkMethod.java:44)
	at org.junit.internal.runners.statements.InvokeMethod.evaluate(InvokeMethod.java:17)
	at org.junit.internal.runners.statements.RunBefores.evaluate(RunBefores.java:26)
	at org.junit.runners.ParentRunner.runLeaf(ParentRunner.java:271)
	at org.junit.runners.BlockJUnit4ClassRunner.runChild(BlockJUnit4ClassRunner.java:70)
	at org.junit.runners.BlockJUnit4ClassRunner.runChild(BlockJUnit4ClassRunner.java:50)
	at org.junit.runners.ParentRunner$3.run(ParentRunner.java:238)
	at org.junit.runners.ParentRunner$1.schedule(ParentRunner.java:63)
	at org.junit.runners.ParentRunner.runChildren(ParentRunner.java:236)
	at org.junit.runners.ParentRunner.access$000(ParentRunner.java:53)
	at org.junit.runners.ParentRunner$2.evaluate(ParentRunner.java:229)
	at org.junit.runners.ParentRunner.run(ParentRunner.java:309)
	at org.junit.runners.Suite.runChild(Suite.java:127)
	at org.junit.runners.Suite.runChild(Suite.java:26)
	at org.junit.runners.ParentRunner$3.run(ParentRunner.java:238)
	at org.junit.runners.ParentRunner$1.schedule(ParentRunner.java:63)
	at org.junit.runners.ParentRunner.runChildren(ParentRunner.java:236)
	at org.junit.runners.ParentRunner.access$000(ParentRunner.java:53)
	at org.junit.runners.ParentRunner$2.evaluate(ParentRunner.java:229)
	at org.junit.runners.ParentRunner.run(ParentRunner.java:309)
	at org.junit.runner.JUnitCore.run(JUnitCore.java:160)
	at org.junit.runner.JUnitCore.run(JUnitCore.java:138)
	at org.junit.runner.JUnitCore.run(JUnitCore.java:117)
	at sbst.benchmark.coverage.TestExecutionTask.call(TestExecutionTask.java:54)
	at sbst.benchmark.coverage.TestExecutionTask.call(TestExecutionTask.java:15)
	at java.util.concurrent.FutureTask.run(FutureTask.java:266)
	at java.util.concurrent.ThreadPoolExecutor.runWorker(ThreadPoolExecutor.java:1149)
	at java.util.concurrent.ThreadPoolExecutor$Worker.run(ThreadPoolExecutor.java:624)
	at java.lang.Thread.run(Thread.java:750)

Failure: [test(org.apache.commons.collections4.ArrayStack_push_21190930630): null]
Failing Tests: test(org.apache.commons.collections4.ArrayStack_push_21190930630)
java.lang.NullPointerException
	at java.util.ArrayList.ensureExplicitCapacity(ArrayList.java:240)
	at java.util.ArrayList.ensureCapacityInternal(ArrayList.java:233)
	at java.util.ArrayList.add(ArrayList.java:464)
	at org.apache.commons.collections4.ArrayStack.push(ArrayStack.java:135)
	at sun.reflect.NativeMethodAccessorImpl.invoke0(Native Method)
	at sun.reflect.NativeMethodAccessorImpl.invoke(NativeMethodAccessorImpl.java:62)
	at sun.reflect.DelegatingMethodAccessorImpl.invoke(DelegatingMethodAccessorImpl.java:43)
	at java.lang.reflect.Method.invoke(Method.java:498)
	at org.apache.commons.collections4.ReflectionUtils.callMethod(ReflectionUtils.java:238)
	at org.apache.commons.collections4.ArrayStack_push_21190930630.test(ArrayStack_push_21190930630.java:41)
	at sun.reflect.NativeMethodAccessorImpl.invoke0(Native Method)
	at sun.reflect.NativeMethodAccessorImpl.invoke(NativeMethodAccessorImpl.java:62)
	at sun.reflect.DelegatingMethodAccessorImpl.invoke(DelegatingMethodAccessorImpl.java:43)
	at java.lang.reflect.Method.invoke(Method.java:498)
	at org.junit.runners.model.FrameworkMethod$1.runReflectiveCall(FrameworkMethod.java:47)
	at org.junit.internal.runners.model.ReflectiveCallable.run(ReflectiveCallable.java:12)
	at org.junit.runners.model.FrameworkMethod.invokeExplosively(FrameworkMethod.java:44)
	at org.junit.internal.runners.statements.InvokeMethod.evaluate(InvokeMethod.java:17)
	at org.junit.internal.runners.statements.RunBefores.evaluate(RunBefores.java:26)
	at org.junit.runners.ParentRunner.runLeaf(ParentRunner.java:271)
	at org.junit.runners.BlockJUnit4ClassRunner.runChild(BlockJUnit4ClassRunner.java:70)
	at org.junit.runners.BlockJUnit4ClassRunner.runChild(BlockJUnit4ClassRunner.java:50)
	at org.junit.runners.ParentRunner$3.run(ParentRunner.java:238)
	at org.junit.runners.ParentRunner$1.schedule(ParentRunner.java:63)
	at org.junit.runners.ParentRunner.runChildren(ParentRunner.java:236)
	at org.junit.runners.ParentRunner.access$000(ParentRunner.java:53)
	at org.junit.runners.ParentRunner$2.evaluate(ParentRunner.java:229)
	at org.junit.runners.ParentRunner.run(ParentRunner.java:309)
	at org.junit.runners.Suite.runChild(Suite.java:127)
	at org.junit.runners.Suite.runChild(Suite.java:26)
	at org.junit.runners.ParentRunner$3.run(ParentRunner.java:238)
	at org.junit.runners.ParentRunner$1.schedule(ParentRunner.java:63)
	at org.junit.runners.ParentRunner.runChildren(ParentRunner.java:236)
	at org.junit.runners.ParentRunner.access$000(ParentRunner.java:53)
	at org.junit.runners.ParentRunner$2.evaluate(ParentRunner.java:229)
	at org.junit.runners.ParentRunner.run(ParentRunner.java:309)
	at org.junit.runner.JUnitCore.run(JUnitCore.java:160)
	at org.junit.runner.JUnitCore.run(JUnitCore.java:138)
	at org.junit.runner.JUnitCore.run(JUnitCore.java:117)
	at sbst.benchmark.coverage.TestExecutionTask.call(TestExecutionTask.java:54)
	at sbst.benchmark.coverage.TestExecutionTask.call(TestExecutionTask.java:15)
	at java.util.concurrent.FutureTask.run(FutureTask.java:266)
	at java.util.concurrent.ThreadPoolExecutor.runWorker(ThreadPoolExecutor.java:1149)
	at java.util.concurrent.ThreadPoolExecutor$Worker.run(ThreadPoolExecutor.java:624)
	at java.lang.Thread.run(Thread.java:750)

Failure: [initializationError(org.apache.commons.collections4.EqualityUtils): No runnable methods]
Failing Tests: initializationError(org.apache.commons.collections4.EqualityUtils)
java.lang.Exception: No runnable methods
	at org.junit.runners.BlockJUnit4ClassRunner.validateInstanceMethods(BlockJUnit4ClassRunner.java:169)
	at org.junit.runners.BlockJUnit4ClassRunner.collectInitializationErrors(BlockJUnit4ClassRunner.java:104)
	at org.junit.runners.ParentRunner.validate(ParentRunner.java:355)
	at org.junit.runners.ParentRunner.<init>(ParentRunner.java:76)
	at org.junit.runners.BlockJUnit4ClassRunner.<init>(BlockJUnit4ClassRunner.java:57)
	at org.junit.internal.builders.JUnit4Builder.runnerForClass(JUnit4Builder.java:10)
	at org.junit.runners.model.RunnerBuilder.safeRunnerForClass(RunnerBuilder.java:59)
	at org.junit.internal.builders.AllDefaultPossibilitiesBuilder.runnerForClass(AllDefaultPossibilitiesBuilder.java:26)
	at org.junit.runner.Computer.getRunner(Computer.java:40)
	at org.junit.runner.Computer$1.runnerForClass(Computer.java:31)
	at org.junit.runners.model.RunnerBuilder.safeRunnerForClass(RunnerBuilder.java:59)
	at org.junit.runners.model.RunnerBuilder.runners(RunnerBuilder.java:101)
	at org.junit.runners.model.RunnerBuilder.runners(RunnerBuilder.java:87)
	at org.junit.runners.Suite.<init>(Suite.java:80)
	at org.junit.runner.Computer.getSuite(Computer.java:28)
	at org.junit.runner.Request.classes(Request.java:75)
	at org.junit.runner.JUnitCore.run(JUnitCore.java:117)
	at sbst.benchmark.coverage.TestExecutionTask.call(TestExecutionTask.java:54)
	at sbst.benchmark.coverage.TestExecutionTask.call(TestExecutionTask.java:15)
	at java.util.concurrent.FutureTask.run(FutureTask.java:266)
	at java.util.concurrent.ThreadPoolExecutor.runWorker(ThreadPoolExecutor.java:1149)
	at java.util.concurrent.ThreadPoolExecutor$Worker.run(ThreadPoolExecutor.java:624)
	at java.lang.Thread.run(Thread.java:750)

Failure: [initializationError(org.apache.commons.collections4.ReflectionUtils): No runnable methods]
Failing Tests: initializationError(org.apache.commons.collections4.ReflectionUtils)
java.lang.Exception: No runnable methods
	at org.junit.runners.BlockJUnit4ClassRunner.validateInstanceMethods(BlockJUnit4ClassRunner.java:169)
	at org.junit.runners.BlockJUnit4ClassRunner.collectInitializationErrors(BlockJUnit4ClassRunner.java:104)
	at org.junit.runners.ParentRunner.validate(ParentRunner.java:355)
	at org.junit.runners.ParentRunner.<init>(ParentRunner.java:76)
	at org.junit.runners.BlockJUnit4ClassRunner.<init>(BlockJUnit4ClassRunner.java:57)
	at org.junit.internal.builders.JUnit4Builder.runnerForClass(JUnit4Builder.java:10)
	at org.junit.runners.model.RunnerBuilder.safeRunnerForClass(RunnerBuilder.java:59)
	at org.junit.internal.builders.AllDefaultPossibilitiesBuilder.runnerForClass(AllDefaultPossibilitiesBuilder.java:26)
	at org.junit.runner.Computer.getRunner(Computer.java:40)
	at org.junit.runner.Computer$1.runnerForClass(Computer.java:31)
	at org.junit.runners.model.RunnerBuilder.safeRunnerForClass(RunnerBuilder.java:59)
	at org.junit.runners.model.RunnerBuilder.runners(RunnerBuilder.java:101)
	at org.junit.runners.model.RunnerBuilder.runners(RunnerBuilder.java:87)
	at org.junit.runners.Suite.<init>(Suite.java:80)
	at org.junit.runner.Computer.getSuite(Computer.java:28)
	at org.junit.runner.Request.classes(Request.java:75)
	at org.junit.runner.JUnitCore.run(JUnitCore.java:117)
	at sbst.benchmark.coverage.TestExecutionTask.call(TestExecutionTask.java:54)
	at sbst.benchmark.coverage.TestExecutionTask.call(TestExecutionTask.java:15)
	at java.util.concurrent.FutureTask.run(FutureTask.java:266)
	at java.util.concurrent.ThreadPoolExecutor.runWorker(ThreadPoolExecutor.java:1149)
	at java.util.concurrent.ThreadPoolExecutor$Worker.run(ThreadPoolExecutor.java:624)
	at java.lang.Thread.run(Thread.java:750)


=== Run Jacoco for Coverage ===
Number of instrumented file = 8644
Running tests with the following classpath: 
/home/kex/results_kex_120/COLLECTIONS-22_1/temp/testcases/commons-collections4-4.5-SNAPSHOT_instrumented.jar:/home/kex/results_kex_120/COLLECTIONS-22_1/temp/testcases/error_prone_annotations-2.18.0_instrumented.jar:/home/kex/results_kex_120/COLLECTIONS-22_1/temp/testcases/junit-jupiter-params-5.9.3_instrumented.jar:/home/kex/results_kex_120/COLLECTIONS-22_1/temp/testcases/hamcrest-core-1.3_instrumented.jar:/home/kex/results_kex_120/COLLECTIONS-22_1/temp/testcases/easymock-5.1.0_instrumented.jar:/home/kex/results_kex_120/COLLECTIONS-22_1/temp/testcases/checker-qual-3.33.0_instrumented.jar:/home/kex/results_kex_120/COLLECTIONS-22_1/temp/testcases/junit-jupiter-engine-5.9.3_instrumented.jar:/home/kex/results_kex_120/COLLECTIONS-22_1/temp/testcases/junit-platform-engine-1.9.3_instrumented.jar:/home/kex/results_kex_120/COLLECTIONS-22_1/temp/testcases/commons-lang3-3.13.0_instrumented.jar:/home/kex/results_kex_120/COLLECTIONS-22_1/temp/testcases/listenablefuture-9999.0-empty-to-avoid-conflict-with-guava_instrumented.jar:/home/kex/results_kex_120/COLLECTIONS-22_1/temp/testcases/junit-jupiter-api-5.9.3_instrumented.jar:/home/kex/results_kex_120/COLLECTIONS-22_1/temp/testcases/commons-codec-1.16.0_instrumented.jar:/home/kex/results_kex_120/COLLECTIONS-22_1/temp/testcases/apiguardian-api-1.1.2_instrumented.jar:/home/kex/results_kex_120/COLLECTIONS-22_1/temp/testcases/opentest4j-1.2.0_instrumented.jar:/home/kex/results_kex_120/COLLECTIONS-22_1/temp/testcases/failureaccess-1.0.1_instrumented.jar:/home/kex/results_kex_120/COLLECTIONS-22_1/temp/testcases/jsr305-3.0.2_instrumented.jar:/home/kex/results_kex_120/COLLECTIONS-22_1/temp/testcases/objenesis-3.3_instrumented.jar:/home/kex/results_kex_120/COLLECTIONS-22_1/temp/testcases/guava-testlib-32.1.2-jre_instrumented.jar:/home/kex/results_kex_120/COLLECTIONS-22_1/temp/testcases/j2objc-annotations-2.8_instrumented.jar:/home/kex/results_kex_120/COLLECTIONS-22_1/temp/testcases/hamcrest-2.2_instrumented.jar:/home/kex/results_kex_120/COLLECTIONS-22_1/temp/testcases/junit-4.13.2_instrumented.jar:/home/kex/results_kex_120/COLLECTIONS-22_1/temp/testcases/commons-io-2.13.0_instrumented.jar:/home/kex/results_kex_120/COLLECTIONS-22_1/temp/testcases/guava-32.1.2-jre_instrumented.jar:/usr/local/bin/lib/hamcrest-core.jar:/usr/local/bin/lib/junit.jar:/home/kex/results_kex_120/COLLECTIONS-22_1/temp/testcases/bin
Running the tests: [SBSTDummyForCoverageAndMutationCalculation, org.apache.commons.collections4.ArrayStack_empty_6213467740, org.apache.commons.collections4.ArrayStack_init_1488388190, org.apache.commons.collections4.ArrayStack_init_1488388191, org.apache.commons.collections4.ArrayStack_init_1488407410, org.apache.commons.collections4.ArrayStack_init_1488407411, org.apache.commons.collections4.ArrayStack_peek_20908264750, org.apache.commons.collections4.ArrayStack_peek_20908283970, org.apache.commons.collections4.ArrayStack_pop_11051769910, org.apache.commons.collections4.ArrayStack_push_21190930630, org.apache.commons.collections4.ArrayStack_search_19609778440, org.apache.commons.collections4.EqualityUtils, org.apache.commons.collections4.ReflectionUtils]
Executions terminated
Number of file with coverage information = 566
Extracted coverage data for the class org/apache/commons/collections4/ArrayStack
Number of file with coverage information = 26
Number of file with coverage information = 343
Number of file with coverage information = 45
Number of file with coverage information = 2827
Number of file with coverage information = 358
Number of file with coverage information = 134
Number of file with coverage information = 127
Number of file with coverage information = 390
Number of file with coverage information = 0
Number of file with coverage information = 179
Number of file with coverage information = 109
Number of file with coverage information = 3
Number of file with coverage information = 7
Number of file with coverage information = 2
Number of file with coverage information = 35
Number of file with coverage information = 43
Number of file with coverage information = 630
Number of file with coverage information = 13
Number of file with coverage information = 108
Number of file with coverage information = 350
Number of file with coverage information = 329
Number of file with coverage information = 2020

=== Run PIT ===
Matching Jacoco with PIT: find covered mutations
Executing Mutation Analysis using 26 mutants 
Evaluating mutant 1927350883 using tests: [org.apache.commons.collections4.ArrayStack_empty_6213467740, org.apache.commons.collections4.ArrayStack_init_1488388190, org.apache.commons.collections4.ArrayStack_init_1488388191, org.apache.commons.collections4.ArrayStack_init_1488407410, org.apache.commons.collections4.ArrayStack_init_1488407411, org.apache.commons.collections4.ArrayStack_peek_20908264750, org.apache.commons.collections4.ArrayStack_peek_20908283970, org.apache.commons.collections4.ArrayStack_pop_11051769910, org.apache.commons.collections4.ArrayStack_push_21190930630, org.apache.commons.collections4.ArrayStack_search_19609778440, org.apache.commons.collections4.EqualityUtils, org.apache.commons.collections4.ReflectionUtils]

 CP : /usr/local/bin/lib/junit.jar:/usr/local/bin/lib/hamcrest-core.jar:results_kex_120/COLLECTIONS-22_1/temp/testcases/mutated_code/SUT:/home/kex/results_kex_120/COLLECTIONS-22_1/temp/testcases/bin:results_kex_120/COLLECTIONS-22_1/temp/testcases/mutated_code/CUT0

Failed test test(org.apache.commons.collections4.ArrayStack_init_1488407410)
	 flaky test, ignore !
Failed test test(org.apache.commons.collections4.ArrayStack_peek_20908264750)
	 flaky test, ignore !
Failed test test(org.apache.commons.collections4.ArrayStack_peek_20908283970)
	 flaky test, ignore !
Failed test test(org.apache.commons.collections4.ArrayStack_pop_11051769910)
	 flaky test, ignore !
Failed test test(org.apache.commons.collections4.ArrayStack_push_21190930630)
	 flaky test, ignore !
Failed test initializationError(org.apache.commons.collections4.EqualityUtils)
	 flaky test, ignore !
Failed test initializationError(org.apache.commons.collections4.ReflectionUtils)
	 flaky test, ignore !
TestExec4MutationTask: Only some tests triggered the timeout. Kill the mutant: 1927350883
Evaluating mutant -834392858 using tests: [org.apache.commons.collections4.ArrayStack_empty_6213467740, org.apache.commons.collections4.ArrayStack_init_1488388190, org.apache.commons.collections4.ArrayStack_init_1488388191, org.apache.commons.collections4.ArrayStack_init_1488407410, org.apache.commons.collections4.ArrayStack_init_1488407411, org.apache.commons.collections4.ArrayStack_peek_20908264750, org.apache.commons.collections4.ArrayStack_peek_20908283970, org.apache.commons.collections4.ArrayStack_pop_11051769910, org.apache.commons.collections4.ArrayStack_push_21190930630, org.apache.commons.collections4.ArrayStack_search_19609778440, org.apache.commons.collections4.EqualityUtils, org.apache.commons.collections4.ReflectionUtils]

 CP : /usr/local/bin/lib/junit.jar:/usr/local/bin/lib/hamcrest-core.jar:results_kex_120/COLLECTIONS-22_1/temp/testcases/mutated_code/SUT:/home/kex/results_kex_120/COLLECTIONS-22_1/temp/testcases/bin:results_kex_120/COLLECTIONS-22_1/temp/testcases/mutated_code/CUT1

Failed test test(org.apache.commons.collections4.ArrayStack_init_1488407410)
	 flaky test, ignore !
Failed test test(org.apache.commons.collections4.ArrayStack_peek_20908264750)
	 flaky test, ignore !
Failed test test(org.apache.commons.collections4.ArrayStack_peek_20908283970)
	 flaky test, ignore !
Failed test test(org.apache.commons.collections4.ArrayStack_pop_11051769910)
	 flaky test, ignore !
Failed test test(org.apache.commons.collections4.ArrayStack_push_21190930630)
	 flaky test, ignore !
Failed test initializationError(org.apache.commons.collections4.EqualityUtils)
	 flaky test, ignore !
Failed test initializationError(org.apache.commons.collections4.ReflectionUtils)
	 flaky test, ignore !
TestExec4MutationTask: Only some tests triggered the timeout. Kill the mutant: -834392858
Evaluating mutant -1156284464 using tests: [org.apache.commons.collections4.ArrayStack_empty_6213467740, org.apache.commons.collections4.ArrayStack_init_1488388190, org.apache.commons.collections4.ArrayStack_init_1488388191, org.apache.commons.collections4.ArrayStack_init_1488407410, org.apache.commons.collections4.ArrayStack_init_1488407411, org.apache.commons.collections4.ArrayStack_peek_20908264750, org.apache.commons.collections4.ArrayStack_peek_20908283970, org.apache.commons.collections4.ArrayStack_pop_11051769910, org.apache.commons.collections4.ArrayStack_push_21190930630, org.apache.commons.collections4.ArrayStack_search_19609778440, org.apache.commons.collections4.EqualityUtils, org.apache.commons.collections4.ReflectionUtils]

 CP : /usr/local/bin/lib/junit.jar:/usr/local/bin/lib/hamcrest-core.jar:results_kex_120/COLLECTIONS-22_1/temp/testcases/mutated_code/SUT:/home/kex/results_kex_120/COLLECTIONS-22_1/temp/testcases/bin:results_kex_120/COLLECTIONS-22_1/temp/testcases/mutated_code/CUT2

Failed test test(org.apache.commons.collections4.ArrayStack_init_1488407410)
	 flaky test, ignore !
Failed test test(org.apache.commons.collections4.ArrayStack_peek_20908264750)
	 flaky test, ignore !
Failed test test(org.apache.commons.collections4.ArrayStack_peek_20908283970)
	 flaky test, ignore !
Failed test test(org.apache.commons.collections4.ArrayStack_pop_11051769910)
	 flaky test, ignore !
Failed test test(org.apache.commons.collections4.ArrayStack_push_21190930630)
	 flaky test, ignore !
Failed test test(org.apache.commons.collections4.ArrayStack_search_19609778440)
	 actual test, will stop test execution !
TestExec4MutationTask: Mutant MutationIdentifier [location=Location [clazz=org.apache.commons.collections4.ArrayStack, method=search, methodDesc=(Ljava/lang/Object;)I], indexes=[6], mutator=org.pitest.mutationtest.engine.gregor.mutators.MathMutator] killed by test (org.apache.commons.collections4.ArrayStack_search_19609778440),test)
Evaluating mutant -1165986459 using tests: [org.apache.commons.collections4.ArrayStack_empty_6213467740, org.apache.commons.collections4.ArrayStack_init_1488388190, org.apache.commons.collections4.ArrayStack_init_1488388191, org.apache.commons.collections4.ArrayStack_init_1488407410, org.apache.commons.collections4.ArrayStack_init_1488407411, org.apache.commons.collections4.ArrayStack_peek_20908264750, org.apache.commons.collections4.ArrayStack_peek_20908283970, org.apache.commons.collections4.ArrayStack_pop_11051769910, org.apache.commons.collections4.ArrayStack_push_21190930630, org.apache.commons.collections4.ArrayStack_search_19609778440, org.apache.commons.collections4.EqualityUtils, org.apache.commons.collections4.ReflectionUtils]

 CP : /usr/local/bin/lib/junit.jar:/usr/local/bin/lib/hamcrest-core.jar:results_kex_120/COLLECTIONS-22_1/temp/testcases/mutated_code/SUT:/home/kex/results_kex_120/COLLECTIONS-22_1/temp/testcases/bin:results_kex_120/COLLECTIONS-22_1/temp/testcases/mutated_code/CUT3

Failed test test(org.apache.commons.collections4.ArrayStack_init_1488407410)
	 flaky test, ignore !
Failed test test(org.apache.commons.collections4.ArrayStack_peek_20908264750)
	 flaky test, ignore !
Failed test test(org.apache.commons.collections4.ArrayStack_peek_20908283970)
	 flaky test, ignore !
Failed test test(org.apache.commons.collections4.ArrayStack_pop_11051769910)
	 flaky test, ignore !
Failed test test(org.apache.commons.collections4.ArrayStack_push_21190930630)
	 flaky test, ignore !
Failed test initializationError(org.apache.commons.collections4.EqualityUtils)
	 flaky test, ignore !
Failed test initializationError(org.apache.commons.collections4.ReflectionUtils)
	 flaky test, ignore !
TestExec4MutationTask: Only some tests triggered the timeout. Kill the mutant: -1165986459
Evaluating mutant -138588549 using tests: [org.apache.commons.collections4.ArrayStack_empty_6213467740, org.apache.commons.collections4.ArrayStack_init_1488388190, org.apache.commons.collections4.ArrayStack_init_1488388191, org.apache.commons.collections4.ArrayStack_init_1488407410, org.apache.commons.collections4.ArrayStack_init_1488407411, org.apache.commons.collections4.ArrayStack_peek_20908264750, org.apache.commons.collections4.ArrayStack_peek_20908283970, org.apache.commons.collections4.ArrayStack_pop_11051769910, org.apache.commons.collections4.ArrayStack_push_21190930630, org.apache.commons.collections4.ArrayStack_search_19609778440, org.apache.commons.collections4.EqualityUtils, org.apache.commons.collections4.ReflectionUtils]

 CP : /usr/local/bin/lib/junit.jar:/usr/local/bin/lib/hamcrest-core.jar:results_kex_120/COLLECTIONS-22_1/temp/testcases/mutated_code/SUT:/home/kex/results_kex_120/COLLECTIONS-22_1/temp/testcases/bin:results_kex_120/COLLECTIONS-22_1/temp/testcases/mutated_code/CUT4

Failed test test(org.apache.commons.collections4.ArrayStack_init_1488407410)
	 flaky test, ignore !
Failed test test(org.apache.commons.collections4.ArrayStack_peek_20908264750)
	 flaky test, ignore !
Failed test test(org.apache.commons.collections4.ArrayStack_peek_20908283970)
	 flaky test, ignore !
Failed test test(org.apache.commons.collections4.ArrayStack_pop_11051769910)
	 flaky test, ignore !
Failed test test(org.apache.commons.collections4.ArrayStack_push_21190930630)
	 flaky test, ignore !
Failed test initializationError(org.apache.commons.collections4.EqualityUtils)
	 flaky test, ignore !
Failed test initializationError(org.apache.commons.collections4.ReflectionUtils)
	 flaky test, ignore !
TestExec4MutationTask: Only some tests triggered the timeout. Kill the mutant: -138588549
Evaluating mutant -1658050870 using tests: [org.apache.commons.collections4.ArrayStack_empty_6213467740, org.apache.commons.collections4.ArrayStack_init_1488388190, org.apache.commons.collections4.ArrayStack_init_1488388191, org.apache.commons.collections4.ArrayStack_init_1488407410, org.apache.commons.collections4.ArrayStack_init_1488407411, org.apache.commons.collections4.ArrayStack_peek_20908264750, org.apache.commons.collections4.ArrayStack_peek_20908283970, org.apache.commons.collections4.ArrayStack_pop_11051769910, org.apache.commons.collections4.ArrayStack_push_21190930630, org.apache.commons.collections4.ArrayStack_search_19609778440, org.apache.commons.collections4.EqualityUtils, org.apache.commons.collections4.ReflectionUtils]

 CP : /usr/local/bin/lib/junit.jar:/usr/local/bin/lib/hamcrest-core.jar:results_kex_120/COLLECTIONS-22_1/temp/testcases/mutated_code/SUT:/home/kex/results_kex_120/COLLECTIONS-22_1/temp/testcases/bin:results_kex_120/COLLECTIONS-22_1/temp/testcases/mutated_code/CUT5

Failed test test(org.apache.commons.collections4.ArrayStack_init_1488407410)
	 flaky test, ignore !
Failed test test(org.apache.commons.collections4.ArrayStack_peek_20908264750)
	 flaky test, ignore !
Failed test test(org.apache.commons.collections4.ArrayStack_peek_20908283970)
	 flaky test, ignore !
Failed test test(org.apache.commons.collections4.ArrayStack_pop_11051769910)
	 flaky test, ignore !
Failed test test(org.apache.commons.collections4.ArrayStack_push_21190930630)
	 flaky test, ignore !
Failed test initializationError(org.apache.commons.collections4.EqualityUtils)
	 flaky test, ignore !
Failed test initializationError(org.apache.commons.collections4.ReflectionUtils)
	 flaky test, ignore !
TestExec4MutationTask: Only some tests triggered the timeout. Kill the mutant: -1658050870
Evaluating mutant 1125453701 using tests: [org.apache.commons.collections4.ArrayStack_empty_6213467740, org.apache.commons.collections4.ArrayStack_init_1488388190, org.apache.commons.collections4.ArrayStack_init_1488388191, org.apache.commons.collections4.ArrayStack_init_1488407410, org.apache.commons.collections4.ArrayStack_init_1488407411, org.apache.commons.collections4.ArrayStack_peek_20908264750, org.apache.commons.collections4.ArrayStack_peek_20908283970, org.apache.commons.collections4.ArrayStack_pop_11051769910, org.apache.commons.collections4.ArrayStack_push_21190930630, org.apache.commons.collections4.ArrayStack_search_19609778440, org.apache.commons.collections4.EqualityUtils, org.apache.commons.collections4.ReflectionUtils]

 CP : /usr/local/bin/lib/junit.jar:/usr/local/bin/lib/hamcrest-core.jar:results_kex_120/COLLECTIONS-22_1/temp/testcases/mutated_code/SUT:/home/kex/results_kex_120/COLLECTIONS-22_1/temp/testcases/bin:results_kex_120/COLLECTIONS-22_1/temp/testcases/mutated_code/CUT6

Failed test test(org.apache.commons.collections4.ArrayStack_init_1488407410)
	 flaky test, ignore !
Failed test test(org.apache.commons.collections4.ArrayStack_peek_20908264750)
	 flaky test, ignore !
Failed test test(org.apache.commons.collections4.ArrayStack_peek_20908283970)
	 flaky test, ignore !
Failed test test(org.apache.commons.collections4.ArrayStack_pop_11051769910)
	 flaky test, ignore !
Failed test test(org.apache.commons.collections4.ArrayStack_push_21190930630)
	 flaky test, ignore !
Failed test initializationError(org.apache.commons.collections4.EqualityUtils)
	 flaky test, ignore !
Failed test initializationError(org.apache.commons.collections4.ReflectionUtils)
	 flaky test, ignore !
TestExec4MutationTask: Only some tests triggered the timeout. Kill the mutant: 1125453701
Evaluating mutant -354382477 using tests: [org.apache.commons.collections4.ArrayStack_empty_6213467740, org.apache.commons.collections4.ArrayStack_init_1488388190, org.apache.commons.collections4.ArrayStack_init_1488388191, org.apache.commons.collections4.ArrayStack_init_1488407410, org.apache.commons.collections4.ArrayStack_init_1488407411, org.apache.commons.collections4.ArrayStack_peek_20908264750, org.apache.commons.collections4.ArrayStack_peek_20908283970, org.apache.commons.collections4.ArrayStack_pop_11051769910, org.apache.commons.collections4.ArrayStack_push_21190930630, org.apache.commons.collections4.ArrayStack_search_19609778440, org.apache.commons.collections4.EqualityUtils, org.apache.commons.collections4.ReflectionUtils]

 CP : /usr/local/bin/lib/junit.jar:/usr/local/bin/lib/hamcrest-core.jar:results_kex_120/COLLECTIONS-22_1/temp/testcases/mutated_code/SUT:/home/kex/results_kex_120/COLLECTIONS-22_1/temp/testcases/bin:results_kex_120/COLLECTIONS-22_1/temp/testcases/mutated_code/CUT7

Failed test test(org.apache.commons.collections4.ArrayStack_init_1488407410)
	 flaky test, ignore !
Failed test test(org.apache.commons.collections4.ArrayStack_peek_20908264750)
	 flaky test, ignore !
Failed test test(org.apache.commons.collections4.ArrayStack_peek_20908283970)
	 flaky test, ignore !
Failed test test(org.apache.commons.collections4.ArrayStack_pop_11051769910)
	 flaky test, ignore !
Failed test test(org.apache.commons.collections4.ArrayStack_push_21190930630)
	 flaky test, ignore !
Failed test test(org.apache.commons.collections4.ArrayStack_search_19609778440)
	 actual test, will stop test execution !
TestExec4MutationTask: Mutant MutationIdentifier [location=Location [clazz=org.apache.commons.collections4.ArrayStack, method=search, methodDesc=(Ljava/lang/Object;)I], indexes=[16], mutator=org.pitest.mutationtest.engine.gregor.mutators.NegateConditionalsMutator] killed by test (org.apache.commons.collections4.ArrayStack_search_19609778440),test)
Evaluating mutant -1801368460 using tests: [org.apache.commons.collections4.ArrayStack_empty_6213467740, org.apache.commons.collections4.ArrayStack_init_1488388190, org.apache.commons.collections4.ArrayStack_init_1488388191, org.apache.commons.collections4.ArrayStack_init_1488407410, org.apache.commons.collections4.ArrayStack_init_1488407411, org.apache.commons.collections4.ArrayStack_peek_20908264750, org.apache.commons.collections4.ArrayStack_peek_20908283970, org.apache.commons.collections4.ArrayStack_pop_11051769910, org.apache.commons.collections4.ArrayStack_push_21190930630, org.apache.commons.collections4.ArrayStack_search_19609778440, org.apache.commons.collections4.EqualityUtils, org.apache.commons.collections4.ReflectionUtils]

 CP : /usr/local/bin/lib/junit.jar:/usr/local/bin/lib/hamcrest-core.jar:results_kex_120/COLLECTIONS-22_1/temp/testcases/mutated_code/SUT:/home/kex/results_kex_120/COLLECTIONS-22_1/temp/testcases/bin:results_kex_120/COLLECTIONS-22_1/temp/testcases/mutated_code/CUT8

Failed test test(org.apache.commons.collections4.ArrayStack_init_1488407410)
	 flaky test, ignore !
Failed test test(org.apache.commons.collections4.ArrayStack_peek_20908264750)
	 flaky test, ignore !
Failed test test(org.apache.commons.collections4.ArrayStack_peek_20908283970)
	 flaky test, ignore !
Failed test test(org.apache.commons.collections4.ArrayStack_pop_11051769910)
	 flaky test, ignore !
Failed test test(org.apache.commons.collections4.ArrayStack_push_21190930630)
	 flaky test, ignore !
Failed test initializationError(org.apache.commons.collections4.EqualityUtils)
	 flaky test, ignore !
Failed test initializationError(org.apache.commons.collections4.ReflectionUtils)
	 flaky test, ignore !
TestExec4MutationTask: Only some tests triggered the timeout. Kill the mutant: -1801368460
Evaluating mutant 1125451779 using tests: [org.apache.commons.collections4.ArrayStack_empty_6213467740, org.apache.commons.collections4.ArrayStack_init_1488388190, org.apache.commons.collections4.ArrayStack_init_1488388191, org.apache.commons.collections4.ArrayStack_init_1488407410, org.apache.commons.collections4.ArrayStack_init_1488407411, org.apache.commons.collections4.ArrayStack_peek_20908264750, org.apache.commons.collections4.ArrayStack_peek_20908283970, org.apache.commons.collections4.ArrayStack_pop_11051769910, org.apache.commons.collections4.ArrayStack_push_21190930630, org.apache.commons.collections4.ArrayStack_search_19609778440, org.apache.commons.collections4.EqualityUtils, org.apache.commons.collections4.ReflectionUtils]

 CP : /usr/local/bin/lib/junit.jar:/usr/local/bin/lib/hamcrest-core.jar:results_kex_120/COLLECTIONS-22_1/temp/testcases/mutated_code/SUT:/home/kex/results_kex_120/COLLECTIONS-22_1/temp/testcases/bin:results_kex_120/COLLECTIONS-22_1/temp/testcases/mutated_code/CUT9

Failed test test(org.apache.commons.collections4.ArrayStack_init_1488407410)
	 flaky test, ignore !
Failed test test(org.apache.commons.collections4.ArrayStack_peek_20908264750)
	 flaky test, ignore !
Failed test test(org.apache.commons.collections4.ArrayStack_peek_20908283970)
	 flaky test, ignore !
Failed test test(org.apache.commons.collections4.ArrayStack_pop_11051769910)
	 flaky test, ignore !
Failed test test(org.apache.commons.collections4.ArrayStack_push_21190930630)
	 flaky test, ignore !
Failed test initializationError(org.apache.commons.collections4.EqualityUtils)
	 flaky test, ignore !
Failed test initializationError(org.apache.commons.collections4.ReflectionUtils)
	 flaky test, ignore !
TestExec4MutationTask: Only some tests triggered the timeout. Kill the mutant: 1125451779
Evaluating mutant 1874645387 using tests: [org.apache.commons.collections4.ArrayStack_empty_6213467740, org.apache.commons.collections4.ArrayStack_init_1488388190, org.apache.commons.collections4.ArrayStack_init_1488388191, org.apache.commons.collections4.ArrayStack_init_1488407410, org.apache.commons.collections4.ArrayStack_init_1488407411, org.apache.commons.collections4.ArrayStack_peek_20908264750, org.apache.commons.collections4.ArrayStack_peek_20908283970, org.apache.commons.collections4.ArrayStack_pop_11051769910, org.apache.commons.collections4.ArrayStack_push_21190930630, org.apache.commons.collections4.ArrayStack_search_19609778440, org.apache.commons.collections4.EqualityUtils, org.apache.commons.collections4.ReflectionUtils]

 CP : /usr/local/bin/lib/junit.jar:/usr/local/bin/lib/hamcrest-core.jar:results_kex_120/COLLECTIONS-22_1/temp/testcases/mutated_code/SUT:/home/kex/results_kex_120/COLLECTIONS-22_1/temp/testcases/bin:results_kex_120/COLLECTIONS-22_1/temp/testcases/mutated_code/CUT10

Failed test test(org.apache.commons.collections4.ArrayStack_init_1488407410)
	 flaky test, ignore !
Failed test test(org.apache.commons.collections4.ArrayStack_peek_20908264750)
	 flaky test, ignore !
Failed test test(org.apache.commons.collections4.ArrayStack_peek_20908283970)
	 flaky test, ignore !
Failed test test(org.apache.commons.collections4.ArrayStack_pop_11051769910)
	 flaky test, ignore !
Failed test test(org.apache.commons.collections4.ArrayStack_push_21190930630)
	 flaky test, ignore !
Failed test initializationError(org.apache.commons.collections4.EqualityUtils)
	 flaky test, ignore !
Failed test initializationError(org.apache.commons.collections4.ReflectionUtils)
	 flaky test, ignore !
TestExec4MutationTask: Only some tests triggered the timeout. Kill the mutant: 1874645387
Evaluating mutant 264570972 using tests: [org.apache.commons.collections4.ArrayStack_empty_6213467740, org.apache.commons.collections4.ArrayStack_init_1488388190, org.apache.commons.collections4.ArrayStack_init_1488388191, org.apache.commons.collections4.ArrayStack_init_1488407410, org.apache.commons.collections4.ArrayStack_init_1488407411, org.apache.commons.collections4.ArrayStack_peek_20908264750, org.apache.commons.collections4.ArrayStack_peek_20908283970, org.apache.commons.collections4.ArrayStack_pop_11051769910, org.apache.commons.collections4.ArrayStack_push_21190930630, org.apache.commons.collections4.ArrayStack_search_19609778440, org.apache.commons.collections4.EqualityUtils, org.apache.commons.collections4.ReflectionUtils]

 CP : /usr/local/bin/lib/junit.jar:/usr/local/bin/lib/hamcrest-core.jar:results_kex_120/COLLECTIONS-22_1/temp/testcases/mutated_code/SUT:/home/kex/results_kex_120/COLLECTIONS-22_1/temp/testcases/bin:results_kex_120/COLLECTIONS-22_1/temp/testcases/mutated_code/CUT11

Failed test test(org.apache.commons.collections4.ArrayStack_init_1488407410)
	 flaky test, ignore !
Failed test test(org.apache.commons.collections4.ArrayStack_peek_20908264750)
	 flaky test, ignore !
Failed test test(org.apache.commons.collections4.ArrayStack_peek_20908283970)
	 flaky test, ignore !
Failed test test(org.apache.commons.collections4.ArrayStack_pop_11051769910)
	 flaky test, ignore !
Failed test test(org.apache.commons.collections4.ArrayStack_push_21190930630)
	 flaky test, ignore !
Failed test initializationError(org.apache.commons.collections4.EqualityUtils)
	 flaky test, ignore !
Failed test initializationError(org.apache.commons.collections4.ReflectionUtils)
	 flaky test, ignore !
TestExec4MutationTask: Only some tests triggered the timeout. Kill the mutant: 264570972
Evaluating mutant 1394635006 using tests: [org.apache.commons.collections4.ArrayStack_empty_6213467740, org.apache.commons.collections4.ArrayStack_init_1488388190, org.apache.commons.collections4.ArrayStack_init_1488388191, org.apache.commons.collections4.ArrayStack_init_1488407410, org.apache.commons.collections4.ArrayStack_init_1488407411, org.apache.commons.collections4.ArrayStack_peek_20908264750, org.apache.commons.collections4.ArrayStack_peek_20908283970, org.apache.commons.collections4.ArrayStack_pop_11051769910, org.apache.commons.collections4.ArrayStack_push_21190930630, org.apache.commons.collections4.ArrayStack_search_19609778440, org.apache.commons.collections4.EqualityUtils, org.apache.commons.collections4.ReflectionUtils]

 CP : /usr/local/bin/lib/junit.jar:/usr/local/bin/lib/hamcrest-core.jar:results_kex_120/COLLECTIONS-22_1/temp/testcases/mutated_code/SUT:/home/kex/results_kex_120/COLLECTIONS-22_1/temp/testcases/bin:results_kex_120/COLLECTIONS-22_1/temp/testcases/mutated_code/CUT12

Failed test test(org.apache.commons.collections4.ArrayStack_init_1488407410)
	 flaky test, ignore !
Failed test test(org.apache.commons.collections4.ArrayStack_peek_20908264750)
	 flaky test, ignore !
Failed test test(org.apache.commons.collections4.ArrayStack_peek_20908283970)
	 flaky test, ignore !
Failed test test(org.apache.commons.collections4.ArrayStack_pop_11051769910)
	 flaky test, ignore !
Failed test test(org.apache.commons.collections4.ArrayStack_push_21190930630)
	 flaky test, ignore !
Failed test initializationError(org.apache.commons.collections4.EqualityUtils)
	 flaky test, ignore !
Failed test initializationError(org.apache.commons.collections4.ReflectionUtils)
	 flaky test, ignore !
TestExec4MutationTask: Only some tests triggered the timeout. Kill the mutant: 1394635006
mutationResult.getState() KILLED
* Killed mutant MutationDetails [id=MutationIdentifier [location=Location [clazz=org.apache.commons.collections4.ArrayStack, method=peek, methodDesc=(I)Ljava/lang/Object;], indexes=[13], mutator=org.pitest.mutationtest.engine.gregor.mutators.NegateConditionalsMutator], filename=ArrayStack.java, block=6, lineNumber=107, description=negated conditional, testsInOrder=[]]
* Alived mutant MutationDetails [id=MutationIdentifier [location=Location [clazz=org.apache.commons.collections4.ArrayStack, method=peek, methodDesc=(I)Ljava/lang/Object;], indexes=[13], mutator=org.pitest.mutationtest.engine.gregor.mutators.NegateConditionalsMutator], filename=ArrayStack.java, block=6, lineNumber=107, description=negated conditional, testsInOrder=[]]
mutationResult.getState() KILLED
* Killed mutant MutationDetails [id=MutationIdentifier [location=Location [clazz=org.apache.commons.collections4.ArrayStack, method=peek, methodDesc=()Ljava/lang/Object;], indexes=[9], mutator=org.pitest.mutationtest.engine.gregor.mutators.NegateConditionalsMutator], filename=ArrayStack.java, block=3, lineNumber=90, description=negated conditional, testsInOrder=[]]
* Alived mutant MutationDetails [id=MutationIdentifier [location=Location [clazz=org.apache.commons.collections4.ArrayStack, method=peek, methodDesc=()Ljava/lang/Object;], indexes=[9], mutator=org.pitest.mutationtest.engine.gregor.mutators.NegateConditionalsMutator], filename=ArrayStack.java, block=3, lineNumber=90, description=negated conditional, testsInOrder=[]]
mutationResult.getState() KILLED
* Killed mutant MutationDetails [id=MutationIdentifier [location=Location [clazz=org.apache.commons.collections4.ArrayStack, method=search, methodDesc=(Ljava/lang/Object;)I], indexes=[6], mutator=org.pitest.mutationtest.engine.gregor.mutators.MathMutator], filename=ArrayStack.java, block=13, lineNumber=151, description=Replaced integer subtraction with addition, testsInOrder=[]]
mutationResult.getState() KILLED
* Killed mutant MutationDetails [id=MutationIdentifier [location=Location [clazz=org.apache.commons.collections4.ArrayStack, method=empty, methodDesc=()Z], indexes=[5], mutator=org.pitest.mutationtest.engine.gregor.mutators.ReturnValsMutator], filename=ArrayStack.java, block=2, lineNumber=79, description=replaced return of integer sized value with (x == 0 ? 1 : 0), testsInOrder=[]]
* Alived mutant MutationDetails [id=MutationIdentifier [location=Location [clazz=org.apache.commons.collections4.ArrayStack, method=empty, methodDesc=()Z], indexes=[5], mutator=org.pitest.mutationtest.engine.gregor.mutators.ReturnValsMutator], filename=ArrayStack.java, block=2, lineNumber=79, description=replaced return of integer sized value with (x == 0 ? 1 : 0), testsInOrder=[]]
mutationResult.getState() KILLED
* Killed mutant MutationDetails [id=MutationIdentifier [location=Location [clazz=org.apache.commons.collections4.ArrayStack, method=peek, methodDesc=(I)Ljava/lang/Object;], indexes=[13], mutator=org.pitest.mutationtest.engine.gregor.mutators.ConditionalsBoundaryMutator], filename=ArrayStack.java, block=6, lineNumber=107, description=changed conditional boundary, testsInOrder=[]]
* Alived mutant MutationDetails [id=MutationIdentifier [location=Location [clazz=org.apache.commons.collections4.ArrayStack, method=peek, methodDesc=(I)Ljava/lang/Object;], indexes=[13], mutator=org.pitest.mutationtest.engine.gregor.mutators.ConditionalsBoundaryMutator], filename=ArrayStack.java, block=6, lineNumber=107, description=changed conditional boundary, testsInOrder=[]]
mutationResult.getState() KILLED
* Killed mutant MutationDetails [id=MutationIdentifier [location=Location [clazz=org.apache.commons.collections4.ArrayStack, method=search, methodDesc=(Ljava/lang/Object;)I], indexes=[58], mutator=org.pitest.mutationtest.engine.gregor.mutators.ReturnValsMutator], filename=ArrayStack.java, block=20, lineNumber=162, description=replaced return of integer sized value with (x == 0 ? 1 : 0), testsInOrder=[]]
* Alived mutant MutationDetails [id=MutationIdentifier [location=Location [clazz=org.apache.commons.collections4.ArrayStack, method=search, methodDesc=(Ljava/lang/Object;)I], indexes=[58], mutator=org.pitest.mutationtest.engine.gregor.mutators.ReturnValsMutator], filename=ArrayStack.java, block=20, lineNumber=162, description=replaced return of integer sized value with (x == 0 ? 1 : 0), testsInOrder=[]]
mutationResult.getState() KILLED
* Killed mutant MutationDetails [id=MutationIdentifier [location=Location [clazz=org.apache.commons.collections4.ArrayStack, method=peek, methodDesc=(I)Ljava/lang/Object;], indexes=[8], mutator=org.pitest.mutationtest.engine.gregor.mutators.MathMutator], filename=ArrayStack.java, block=6, lineNumber=106, description=Replaced integer subtraction with addition, testsInOrder=[]]
* Alived mutant MutationDetails [id=MutationIdentifier [location=Location [clazz=org.apache.commons.collections4.ArrayStack, method=peek, methodDesc=(I)Ljava/lang/Object;], indexes=[8], mutator=org.pitest.mutationtest.engine.gregor.mutators.MathMutator], filename=ArrayStack.java, block=6, lineNumber=106, description=Replaced integer subtraction with addition, testsInOrder=[]]
mutationResult.getState() KILLED
* Killed mutant MutationDetails [id=MutationIdentifier [location=Location [clazz=org.apache.commons.collections4.ArrayStack, method=search, methodDesc=(Ljava/lang/Object;)I], indexes=[16], mutator=org.pitest.mutationtest.engine.gregor.mutators.NegateConditionalsMutator], filename=ArrayStack.java, block=13, lineNumber=153, description=negated conditional, testsInOrder=[]]
mutationResult.getState() KILLED
* Killed mutant MutationDetails [id=MutationIdentifier [location=Location [clazz=org.apache.commons.collections4.ArrayStack, method=pop, methodDesc=()Ljava/lang/Object;], indexes=[9], mutator=org.pitest.mutationtest.engine.gregor.mutators.ConditionalsBoundaryMutator], filename=ArrayStack.java, block=9, lineNumber=121, description=changed conditional boundary, testsInOrder=[]]
* Alived mutant MutationDetails [id=MutationIdentifier [location=Location [clazz=org.apache.commons.collections4.ArrayStack, method=pop, methodDesc=()Ljava/lang/Object;], indexes=[9], mutator=org.pitest.mutationtest.engine.gregor.mutators.ConditionalsBoundaryMutator], filename=ArrayStack.java, block=9, lineNumber=121, description=changed conditional boundary, testsInOrder=[]]
mutationResult.getState() KILLED
* Killed mutant MutationDetails [id=MutationIdentifier [location=Location [clazz=org.apache.commons.collections4.ArrayStack, method=peek, methodDesc=(I)Ljava/lang/Object;], indexes=[6], mutator=org.pitest.mutationtest.engine.gregor.mutators.MathMutator], filename=ArrayStack.java, block=6, lineNumber=106, description=Replaced integer subtraction with addition, testsInOrder=[]]
* Alived mutant MutationDetails [id=MutationIdentifier [location=Location [clazz=org.apache.commons.collections4.ArrayStack, method=peek, methodDesc=(I)Ljava/lang/Object;], indexes=[6], mutator=org.pitest.mutationtest.engine.gregor.mutators.MathMutator], filename=ArrayStack.java, block=6, lineNumber=106, description=Replaced integer subtraction with addition, testsInOrder=[]]
mutationResult.getState() KILLED
* Killed mutant MutationDetails [id=MutationIdentifier [location=Location [clazz=org.apache.commons.collections4.ArrayStack, method=search, methodDesc=(Ljava/lang/Object;)I], indexes=[16], mutator=org.pitest.mutationtest.engine.gregor.mutators.ConditionalsBoundaryMutator], filename=ArrayStack.java, block=13, lineNumber=153, description=changed conditional boundary, testsInOrder=[]]
* Alived mutant MutationDetails [id=MutationIdentifier [location=Location [clazz=org.apache.commons.collections4.ArrayStack, method=search, methodDesc=(Ljava/lang/Object;)I], indexes=[16], mutator=org.pitest.mutationtest.engine.gregor.mutators.ConditionalsBoundaryMutator], filename=ArrayStack.java, block=13, lineNumber=153, description=changed conditional boundary, testsInOrder=[]]
mutationResult.getState() KILLED
* Killed mutant MutationDetails [id=MutationIdentifier [location=Location [clazz=org.apache.commons.collections4.ArrayStack, method=pop, methodDesc=()Ljava/lang/Object;], indexes=[9], mutator=org.pitest.mutationtest.engine.gregor.mutators.NegateConditionalsMutator], filename=ArrayStack.java, block=9, lineNumber=121, description=negated conditional, testsInOrder=[]]
* Alived mutant MutationDetails [id=MutationIdentifier [location=Location [clazz=org.apache.commons.collections4.ArrayStack, method=pop, methodDesc=()Ljava/lang/Object;], indexes=[9], mutator=org.pitest.mutationtest.engine.gregor.mutators.NegateConditionalsMutator], filename=ArrayStack.java, block=9, lineNumber=121, description=negated conditional, testsInOrder=[]]
mutationResult.getState() KILLED
* Killed mutant MutationDetails [id=MutationIdentifier [location=Location [clazz=org.apache.commons.collections4.ArrayStack, method=peek, methodDesc=()Ljava/lang/Object;], indexes=[9], mutator=org.pitest.mutationtest.engine.gregor.mutators.ConditionalsBoundaryMutator], filename=ArrayStack.java, block=3, lineNumber=90, description=changed conditional boundary, testsInOrder=[]]
* Alived mutant MutationDetails [id=MutationIdentifier [location=Location [clazz=org.apache.commons.collections4.ArrayStack, method=peek, methodDesc=()Ljava/lang/Object;], indexes=[9], mutator=org.pitest.mutationtest.engine.gregor.mutators.ConditionalsBoundaryMutator], filename=ArrayStack.java, block=3, lineNumber=90, description=changed conditional boundary, testsInOrder=[]]

>>> RESULTS:
	Tool name: kex
	Benchmark: COLLECTIONS-22
	Class Under Test: org.apache.commons.collections4.ArrayStack
	Run number: 1
	Tool preparation time (ms): 9312
	Tool test cases generation time (ms): 149536
	Test cases execution time (ms): 328
	Test case number: 10
	Uncompilable Test Classes: 0
	Broken tests number: 7
	Failing tests number: 0
	Lines total: 30
	Lines covered: 18
	Lines coverage ratio (%): 60.000004
	Conditions total: 16
	Conditions covered: 4
	Conditions coverage ratio (%): 25.0
	Mutants total: 26
	Mutants covered: 13
	Mutants coverage ratio (%): 50.0
	Mutants killed: 13
	Mutants killed ratio (%): 50.0
	Mutants alive: 13


Class org.apache.commons.collections4.ArrayStack ended.
Stopping process...
Tool subprocess is an instance of java.lang.UNIXProcess
Tool subprocess Id is 200249
Killing master process 200249
Executing command kill -9 200249
Execution of command kill -9 200249 finished.
Process was destroyed
