
>>> TOOL NAME:  kex

>>> BENCHMARK:  COLLECTIONS-12

>>> RUN NUMBER: 1

>>> MODE: --only-compute-metrics
Creating directory ./temp
Creating directory ./temp/data
Creating directory ./temp/testcases
Executing /home/kex/./runtool
>> BENCHMARK
>> /var/benchmarks/projects/commons-collections/src/main/java
>> /var/benchmarks/projects/commons-collections/target/classes
>> 23
>> /var/benchmarks/projects/commons-collections/target/commons-collections4-4.5-SNAPSHOT.jar
>> /var/benchmarks/projects/commons-collections/target/dependency/error_prone_annotations-2.18.0.jar
>> /var/benchmarks/projects/commons-collections/target/dependency/junit-jupiter-params-5.9.3.jar
>> /var/benchmarks/projects/commons-collections/target/dependency/hamcrest-core-1.3.jar
>> /var/benchmarks/projects/commons-collections/target/dependency/easymock-5.1.0.jar
>> /var/benchmarks/projects/commons-collections/target/dependency/checker-qual-3.33.0.jar
>> /var/benchmarks/projects/commons-collections/target/dependency/junit-jupiter-engine-5.9.3.jar
>> /var/benchmarks/projects/commons-collections/target/dependency/junit-platform-engine-1.9.3.jar
>> /var/benchmarks/projects/commons-collections/target/dependency/commons-lang3-3.13.0.jar
>> /var/benchmarks/projects/commons-collections/target/dependency/listenablefuture-9999.0-empty-to-avoid-conflict-with-guava.jar
>> /var/benchmarks/projects/commons-collections/target/dependency/junit-jupiter-api-5.9.3.jar
>> /var/benchmarks/projects/commons-collections/target/dependency/commons-codec-1.16.0.jar
>> /var/benchmarks/projects/commons-collections/target/dependency/apiguardian-api-1.1.2.jar
>> /var/benchmarks/projects/commons-collections/target/dependency/opentest4j-1.2.0.jar
>> /var/benchmarks/projects/commons-collections/target/dependency/failureaccess-1.0.1.jar
>> /var/benchmarks/projects/commons-collections/target/dependency/jsr305-3.0.2.jar
>> /var/benchmarks/projects/commons-collections/target/dependency/objenesis-3.3.jar
>> /var/benchmarks/projects/commons-collections/target/dependency/guava-testlib-32.1.2-jre.jar
>> /var/benchmarks/projects/commons-collections/target/dependency/j2objc-annotations-2.8.jar
>> /var/benchmarks/projects/commons-collections/target/dependency/hamcrest-2.2.jar
>> /var/benchmarks/projects/commons-collections/target/dependency/junit-4.13.2.jar
>> /var/benchmarks/projects/commons-collections/target/dependency/commons-io-2.13.0.jar
>> /var/benchmarks/projects/commons-collections/target/dependency/guava-32.1.2-jre.jar
>> 0
expecting CLASSPATH or READY
<< READY
>> 120


### COMPUTING METRICS ###: org.apache.commons.collections4.functors.CloneTransformer


Starting class org.apache.commons.collections4.functors.CloneTransformer


Ending class org.apache.commons.collections4.functors.CloneTransformer
Creating directory results_kex_120/COLLECTIONS-12_1/temp/testcases/bin
Creating dummy JUnit test file

---Compilation---

===
javac command line:
/usr/bin/javac -sourcepath /home/kex/results_kex_120/COLLECTIONS-12_1/temp/testcases -cp /var/benchmarks/projects/commons-collections/target/commons-collections4-4.5-SNAPSHOT.jar:/var/benchmarks/projects/commons-collections/target/dependency/error_prone_annotations-2.18.0.jar:/var/benchmarks/projects/commons-collections/target/dependency/junit-jupiter-params-5.9.3.jar:/var/benchmarks/projects/commons-collections/target/dependency/hamcrest-core-1.3.jar:/var/benchmarks/projects/commons-collections/target/dependency/easymock-5.1.0.jar:/var/benchmarks/projects/commons-collections/target/dependency/checker-qual-3.33.0.jar:/var/benchmarks/projects/commons-collections/target/dependency/junit-jupiter-engine-5.9.3.jar:/var/benchmarks/projects/commons-collections/target/dependency/junit-platform-engine-1.9.3.jar:/var/benchmarks/projects/commons-collections/target/dependency/commons-lang3-3.13.0.jar:/var/benchmarks/projects/commons-collections/target/dependency/listenablefuture-9999.0-empty-to-avoid-conflict-with-guava.jar:/var/benchmarks/projects/commons-collections/target/dependency/junit-jupiter-api-5.9.3.jar:/var/benchmarks/projects/commons-collections/target/dependency/commons-codec-1.16.0.jar:/var/benchmarks/projects/commons-collections/target/dependency/apiguardian-api-1.1.2.jar:/var/benchmarks/projects/commons-collections/target/dependency/opentest4j-1.2.0.jar:/var/benchmarks/projects/commons-collections/target/dependency/failureaccess-1.0.1.jar:/var/benchmarks/projects/commons-collections/target/dependency/jsr305-3.0.2.jar:/var/benchmarks/projects/commons-collections/target/dependency/objenesis-3.3.jar:/var/benchmarks/projects/commons-collections/target/dependency/guava-testlib-32.1.2-jre.jar:/var/benchmarks/projects/commons-collections/target/dependency/j2objc-annotations-2.8.jar:/var/benchmarks/projects/commons-collections/target/dependency/hamcrest-2.2.jar:/var/benchmarks/projects/commons-collections/target/dependency/junit-4.13.2.jar:/var/benchmarks/projects/commons-collections/target/dependency/commons-io-2.13.0.jar:/var/benchmarks/projects/commons-collections/target/dependency/guava-32.1.2-jre.jar:/usr/local/bin/lib/junit.jar:/usr/local/bin/lib/hamcrest-core.jar -d results_kex_120/COLLECTIONS-12_1/temp/testcases/bin /home/kex/results_kex_120/COLLECTIONS-12_1/temp/testcases/SBSTDummyForCoverageAndMutationCalculation.java


===
javac command line:
/usr/bin/javac -sourcepath /home/kex/results_kex_120/COLLECTIONS-12_1/temp/testcases -cp /var/benchmarks/projects/commons-collections/target/commons-collections4-4.5-SNAPSHOT.jar:/var/benchmarks/projects/commons-collections/target/dependency/error_prone_annotations-2.18.0.jar:/var/benchmarks/projects/commons-collections/target/dependency/junit-jupiter-params-5.9.3.jar:/var/benchmarks/projects/commons-collections/target/dependency/hamcrest-core-1.3.jar:/var/benchmarks/projects/commons-collections/target/dependency/easymock-5.1.0.jar:/var/benchmarks/projects/commons-collections/target/dependency/checker-qual-3.33.0.jar:/var/benchmarks/projects/commons-collections/target/dependency/junit-jupiter-engine-5.9.3.jar:/var/benchmarks/projects/commons-collections/target/dependency/junit-platform-engine-1.9.3.jar:/var/benchmarks/projects/commons-collections/target/dependency/commons-lang3-3.13.0.jar:/var/benchmarks/projects/commons-collections/target/dependency/listenablefuture-9999.0-empty-to-avoid-conflict-with-guava.jar:/var/benchmarks/projects/commons-collections/target/dependency/junit-jupiter-api-5.9.3.jar:/var/benchmarks/projects/commons-collections/target/dependency/commons-codec-1.16.0.jar:/var/benchmarks/projects/commons-collections/target/dependency/apiguardian-api-1.1.2.jar:/var/benchmarks/projects/commons-collections/target/dependency/opentest4j-1.2.0.jar:/var/benchmarks/projects/commons-collections/target/dependency/failureaccess-1.0.1.jar:/var/benchmarks/projects/commons-collections/target/dependency/jsr305-3.0.2.jar:/var/benchmarks/projects/commons-collections/target/dependency/objenesis-3.3.jar:/var/benchmarks/projects/commons-collections/target/dependency/guava-testlib-32.1.2-jre.jar:/var/benchmarks/projects/commons-collections/target/dependency/j2objc-annotations-2.8.jar:/var/benchmarks/projects/commons-collections/target/dependency/hamcrest-2.2.jar:/var/benchmarks/projects/commons-collections/target/dependency/junit-4.13.2.jar:/var/benchmarks/projects/commons-collections/target/dependency/commons-io-2.13.0.jar:/var/benchmarks/projects/commons-collections/target/dependency/guava-32.1.2-jre.jar:/usr/local/bin/lib/junit.jar:/usr/local/bin/lib/hamcrest-core.jar -d results_kex_120/COLLECTIONS-12_1/temp/testcases/bin /home/kex/results_kex_120/COLLECTIONS-12_1/temp/testcases/org/apache/commons/collections4/functors/CloneTransformer_cloneTransformer_1978131750.java

/home/kex/results_kex_120/COLLECTIONS-12_1/temp/testcases/org/apache/commons/collections4/functors/ReflectionUtils.java:9: warning: Unsafe is internal proprietary API and may be removed in a future release
import sun.misc.Unsafe;
               ^
/home/kex/results_kex_120/COLLECTIONS-12_1/temp/testcases/org/apache/commons/collections4/functors/ReflectionUtils.java:13: warning: Unsafe is internal proprietary API and may be removed in a future release
    public static final Unsafe UNSAFE;
                        ^
/home/kex/results_kex_120/COLLECTIONS-12_1/temp/testcases/org/apache/commons/collections4/functors/ReflectionUtils.java:17: warning: Unsafe is internal proprietary API and may be removed in a future release
            final Field uns = Unsafe.class.getDeclaredField("theUnsafe");
                              ^
/home/kex/results_kex_120/COLLECTIONS-12_1/temp/testcases/org/apache/commons/collections4/functors/ReflectionUtils.java:19: warning: Unsafe is internal proprietary API and may be removed in a future release
            UNSAFE = (Unsafe) uns.get(null);
                      ^
4 warnings
Compiled 'org/apache/commons/collections4/functors/CloneTransformer_cloneTransformer_1978131750.java'

===
javac command line:
/usr/bin/javac -sourcepath /home/kex/results_kex_120/COLLECTIONS-12_1/temp/testcases -cp /var/benchmarks/projects/commons-collections/target/commons-collections4-4.5-SNAPSHOT.jar:/var/benchmarks/projects/commons-collections/target/dependency/error_prone_annotations-2.18.0.jar:/var/benchmarks/projects/commons-collections/target/dependency/junit-jupiter-params-5.9.3.jar:/var/benchmarks/projects/commons-collections/target/dependency/hamcrest-core-1.3.jar:/var/benchmarks/projects/commons-collections/target/dependency/easymock-5.1.0.jar:/var/benchmarks/projects/commons-collections/target/dependency/checker-qual-3.33.0.jar:/var/benchmarks/projects/commons-collections/target/dependency/junit-jupiter-engine-5.9.3.jar:/var/benchmarks/projects/commons-collections/target/dependency/junit-platform-engine-1.9.3.jar:/var/benchmarks/projects/commons-collections/target/dependency/commons-lang3-3.13.0.jar:/var/benchmarks/projects/commons-collections/target/dependency/listenablefuture-9999.0-empty-to-avoid-conflict-with-guava.jar:/var/benchmarks/projects/commons-collections/target/dependency/junit-jupiter-api-5.9.3.jar:/var/benchmarks/projects/commons-collections/target/dependency/commons-codec-1.16.0.jar:/var/benchmarks/projects/commons-collections/target/dependency/apiguardian-api-1.1.2.jar:/var/benchmarks/projects/commons-collections/target/dependency/opentest4j-1.2.0.jar:/var/benchmarks/projects/commons-collections/target/dependency/failureaccess-1.0.1.jar:/var/benchmarks/projects/commons-collections/target/dependency/jsr305-3.0.2.jar:/var/benchmarks/projects/commons-collections/target/dependency/objenesis-3.3.jar:/var/benchmarks/projects/commons-collections/target/dependency/guava-testlib-32.1.2-jre.jar:/var/benchmarks/projects/commons-collections/target/dependency/j2objc-annotations-2.8.jar:/var/benchmarks/projects/commons-collections/target/dependency/hamcrest-2.2.jar:/var/benchmarks/projects/commons-collections/target/dependency/junit-4.13.2.jar:/var/benchmarks/projects/commons-collections/target/dependency/commons-io-2.13.0.jar:/var/benchmarks/projects/commons-collections/target/dependency/guava-32.1.2-jre.jar:/usr/local/bin/lib/junit.jar:/usr/local/bin/lib/hamcrest-core.jar -d results_kex_120/COLLECTIONS-12_1/temp/testcases/bin /home/kex/results_kex_120/COLLECTIONS-12_1/temp/testcases/org/apache/commons/collections4/functors/CloneTransformer_cloneTransformer_1978131751.java

/home/kex/results_kex_120/COLLECTIONS-12_1/temp/testcases/org/apache/commons/collections4/functors/ReflectionUtils.java:9: warning: Unsafe is internal proprietary API and may be removed in a future release
import sun.misc.Unsafe;
               ^
/home/kex/results_kex_120/COLLECTIONS-12_1/temp/testcases/org/apache/commons/collections4/functors/ReflectionUtils.java:13: warning: Unsafe is internal proprietary API and may be removed in a future release
    public static final Unsafe UNSAFE;
                        ^
/home/kex/results_kex_120/COLLECTIONS-12_1/temp/testcases/org/apache/commons/collections4/functors/ReflectionUtils.java:17: warning: Unsafe is internal proprietary API and may be removed in a future release
            final Field uns = Unsafe.class.getDeclaredField("theUnsafe");
                              ^
/home/kex/results_kex_120/COLLECTIONS-12_1/temp/testcases/org/apache/commons/collections4/functors/ReflectionUtils.java:19: warning: Unsafe is internal proprietary API and may be removed in a future release
            UNSAFE = (Unsafe) uns.get(null);
                      ^
4 warnings
Compiled 'org/apache/commons/collections4/functors/CloneTransformer_cloneTransformer_1978131751.java'

===
javac command line:
/usr/bin/javac -sourcepath /home/kex/results_kex_120/COLLECTIONS-12_1/temp/testcases -cp /var/benchmarks/projects/commons-collections/target/commons-collections4-4.5-SNAPSHOT.jar:/var/benchmarks/projects/commons-collections/target/dependency/error_prone_annotations-2.18.0.jar:/var/benchmarks/projects/commons-collections/target/dependency/junit-jupiter-params-5.9.3.jar:/var/benchmarks/projects/commons-collections/target/dependency/hamcrest-core-1.3.jar:/var/benchmarks/projects/commons-collections/target/dependency/easymock-5.1.0.jar:/var/benchmarks/projects/commons-collections/target/dependency/checker-qual-3.33.0.jar:/var/benchmarks/projects/commons-collections/target/dependency/junit-jupiter-engine-5.9.3.jar:/var/benchmarks/projects/commons-collections/target/dependency/junit-platform-engine-1.9.3.jar:/var/benchmarks/projects/commons-collections/target/dependency/commons-lang3-3.13.0.jar:/var/benchmarks/projects/commons-collections/target/dependency/listenablefuture-9999.0-empty-to-avoid-conflict-with-guava.jar:/var/benchmarks/projects/commons-collections/target/dependency/junit-jupiter-api-5.9.3.jar:/var/benchmarks/projects/commons-collections/target/dependency/commons-codec-1.16.0.jar:/var/benchmarks/projects/commons-collections/target/dependency/apiguardian-api-1.1.2.jar:/var/benchmarks/projects/commons-collections/target/dependency/opentest4j-1.2.0.jar:/var/benchmarks/projects/commons-collections/target/dependency/failureaccess-1.0.1.jar:/var/benchmarks/projects/commons-collections/target/dependency/jsr305-3.0.2.jar:/var/benchmarks/projects/commons-collections/target/dependency/objenesis-3.3.jar:/var/benchmarks/projects/commons-collections/target/dependency/guava-testlib-32.1.2-jre.jar:/var/benchmarks/projects/commons-collections/target/dependency/j2objc-annotations-2.8.jar:/var/benchmarks/projects/commons-collections/target/dependency/hamcrest-2.2.jar:/var/benchmarks/projects/commons-collections/target/dependency/junit-4.13.2.jar:/var/benchmarks/projects/commons-collections/target/dependency/commons-io-2.13.0.jar:/var/benchmarks/projects/commons-collections/target/dependency/guava-32.1.2-jre.jar:/usr/local/bin/lib/junit.jar:/usr/local/bin/lib/hamcrest-core.jar -d results_kex_120/COLLECTIONS-12_1/temp/testcases/bin /home/kex/results_kex_120/COLLECTIONS-12_1/temp/testcases/org/apache/commons/collections4/functors/CloneTransformer_init_8807305150.java

/home/kex/results_kex_120/COLLECTIONS-12_1/temp/testcases/org/apache/commons/collections4/functors/ReflectionUtils.java:9: warning: Unsafe is internal proprietary API and may be removed in a future release
import sun.misc.Unsafe;
               ^
/home/kex/results_kex_120/COLLECTIONS-12_1/temp/testcases/org/apache/commons/collections4/functors/ReflectionUtils.java:13: warning: Unsafe is internal proprietary API and may be removed in a future release
    public static final Unsafe UNSAFE;
                        ^
/home/kex/results_kex_120/COLLECTIONS-12_1/temp/testcases/org/apache/commons/collections4/functors/ReflectionUtils.java:17: warning: Unsafe is internal proprietary API and may be removed in a future release
            final Field uns = Unsafe.class.getDeclaredField("theUnsafe");
                              ^
/home/kex/results_kex_120/COLLECTIONS-12_1/temp/testcases/org/apache/commons/collections4/functors/ReflectionUtils.java:19: warning: Unsafe is internal proprietary API and may be removed in a future release
            UNSAFE = (Unsafe) uns.get(null);
                      ^
4 warnings
Compiled 'org/apache/commons/collections4/functors/CloneTransformer_init_8807305150.java'

===
javac command line:
/usr/bin/javac -sourcepath /home/kex/results_kex_120/COLLECTIONS-12_1/temp/testcases -cp /var/benchmarks/projects/commons-collections/target/commons-collections4-4.5-SNAPSHOT.jar:/var/benchmarks/projects/commons-collections/target/dependency/error_prone_annotations-2.18.0.jar:/var/benchmarks/projects/commons-collections/target/dependency/junit-jupiter-params-5.9.3.jar:/var/benchmarks/projects/commons-collections/target/dependency/hamcrest-core-1.3.jar:/var/benchmarks/projects/commons-collections/target/dependency/easymock-5.1.0.jar:/var/benchmarks/projects/commons-collections/target/dependency/checker-qual-3.33.0.jar:/var/benchmarks/projects/commons-collections/target/dependency/junit-jupiter-engine-5.9.3.jar:/var/benchmarks/projects/commons-collections/target/dependency/junit-platform-engine-1.9.3.jar:/var/benchmarks/projects/commons-collections/target/dependency/commons-lang3-3.13.0.jar:/var/benchmarks/projects/commons-collections/target/dependency/listenablefuture-9999.0-empty-to-avoid-conflict-with-guava.jar:/var/benchmarks/projects/commons-collections/target/dependency/junit-jupiter-api-5.9.3.jar:/var/benchmarks/projects/commons-collections/target/dependency/commons-codec-1.16.0.jar:/var/benchmarks/projects/commons-collections/target/dependency/apiguardian-api-1.1.2.jar:/var/benchmarks/projects/commons-collections/target/dependency/opentest4j-1.2.0.jar:/var/benchmarks/projects/commons-collections/target/dependency/failureaccess-1.0.1.jar:/var/benchmarks/projects/commons-collections/target/dependency/jsr305-3.0.2.jar:/var/benchmarks/projects/commons-collections/target/dependency/objenesis-3.3.jar:/var/benchmarks/projects/commons-collections/target/dependency/guava-testlib-32.1.2-jre.jar:/var/benchmarks/projects/commons-collections/target/dependency/j2objc-annotations-2.8.jar:/var/benchmarks/projects/commons-collections/target/dependency/hamcrest-2.2.jar:/var/benchmarks/projects/commons-collections/target/dependency/junit-4.13.2.jar:/var/benchmarks/projects/commons-collections/target/dependency/commons-io-2.13.0.jar:/var/benchmarks/projects/commons-collections/target/dependency/guava-32.1.2-jre.jar:/usr/local/bin/lib/junit.jar:/usr/local/bin/lib/hamcrest-core.jar -d results_kex_120/COLLECTIONS-12_1/temp/testcases/bin /home/kex/results_kex_120/COLLECTIONS-12_1/temp/testcases/org/apache/commons/collections4/functors/CloneTransformer_init_8807305151.java

/home/kex/results_kex_120/COLLECTIONS-12_1/temp/testcases/org/apache/commons/collections4/functors/ReflectionUtils.java:9: warning: Unsafe is internal proprietary API and may be removed in a future release
import sun.misc.Unsafe;
               ^
/home/kex/results_kex_120/COLLECTIONS-12_1/temp/testcases/org/apache/commons/collections4/functors/ReflectionUtils.java:13: warning: Unsafe is internal proprietary API and may be removed in a future release
    public static final Unsafe UNSAFE;
                        ^
/home/kex/results_kex_120/COLLECTIONS-12_1/temp/testcases/org/apache/commons/collections4/functors/ReflectionUtils.java:17: warning: Unsafe is internal proprietary API and may be removed in a future release
            final Field uns = Unsafe.class.getDeclaredField("theUnsafe");
                              ^
/home/kex/results_kex_120/COLLECTIONS-12_1/temp/testcases/org/apache/commons/collections4/functors/ReflectionUtils.java:19: warning: Unsafe is internal proprietary API and may be removed in a future release
            UNSAFE = (Unsafe) uns.get(null);
                      ^
4 warnings
Compiled 'org/apache/commons/collections4/functors/CloneTransformer_init_8807305151.java'

===
javac command line:
/usr/bin/javac -sourcepath /home/kex/results_kex_120/COLLECTIONS-12_1/temp/testcases -cp /var/benchmarks/projects/commons-collections/target/commons-collections4-4.5-SNAPSHOT.jar:/var/benchmarks/projects/commons-collections/target/dependency/error_prone_annotations-2.18.0.jar:/var/benchmarks/projects/commons-collections/target/dependency/junit-jupiter-params-5.9.3.jar:/var/benchmarks/projects/commons-collections/target/dependency/hamcrest-core-1.3.jar:/var/benchmarks/projects/commons-collections/target/dependency/easymock-5.1.0.jar:/var/benchmarks/projects/commons-collections/target/dependency/checker-qual-3.33.0.jar:/var/benchmarks/projects/commons-collections/target/dependency/junit-jupiter-engine-5.9.3.jar:/var/benchmarks/projects/commons-collections/target/dependency/junit-platform-engine-1.9.3.jar:/var/benchmarks/projects/commons-collections/target/dependency/commons-lang3-3.13.0.jar:/var/benchmarks/projects/commons-collections/target/dependency/listenablefuture-9999.0-empty-to-avoid-conflict-with-guava.jar:/var/benchmarks/projects/commons-collections/target/dependency/junit-jupiter-api-5.9.3.jar:/var/benchmarks/projects/commons-collections/target/dependency/commons-codec-1.16.0.jar:/var/benchmarks/projects/commons-collections/target/dependency/apiguardian-api-1.1.2.jar:/var/benchmarks/projects/commons-collections/target/dependency/opentest4j-1.2.0.jar:/var/benchmarks/projects/commons-collections/target/dependency/failureaccess-1.0.1.jar:/var/benchmarks/projects/commons-collections/target/dependency/jsr305-3.0.2.jar:/var/benchmarks/projects/commons-collections/target/dependency/objenesis-3.3.jar:/var/benchmarks/projects/commons-collections/target/dependency/guava-testlib-32.1.2-jre.jar:/var/benchmarks/projects/commons-collections/target/dependency/j2objc-annotations-2.8.jar:/var/benchmarks/projects/commons-collections/target/dependency/hamcrest-2.2.jar:/var/benchmarks/projects/commons-collections/target/dependency/junit-4.13.2.jar:/var/benchmarks/projects/commons-collections/target/dependency/commons-io-2.13.0.jar:/var/benchmarks/projects/commons-collections/target/dependency/guava-32.1.2-jre.jar:/usr/local/bin/lib/junit.jar:/usr/local/bin/lib/hamcrest-core.jar -d results_kex_120/COLLECTIONS-12_1/temp/testcases/bin /home/kex/results_kex_120/COLLECTIONS-12_1/temp/testcases/org/apache/commons/collections4/functors/CloneTransformer_transform_1236770130.java

/home/kex/results_kex_120/COLLECTIONS-12_1/temp/testcases/org/apache/commons/collections4/functors/ReflectionUtils.java:9: warning: Unsafe is internal proprietary API and may be removed in a future release
import sun.misc.Unsafe;
               ^
/home/kex/results_kex_120/COLLECTIONS-12_1/temp/testcases/org/apache/commons/collections4/functors/ReflectionUtils.java:13: warning: Unsafe is internal proprietary API and may be removed in a future release
    public static final Unsafe UNSAFE;
                        ^
/home/kex/results_kex_120/COLLECTIONS-12_1/temp/testcases/org/apache/commons/collections4/functors/ReflectionUtils.java:17: warning: Unsafe is internal proprietary API and may be removed in a future release
            final Field uns = Unsafe.class.getDeclaredField("theUnsafe");
                              ^
/home/kex/results_kex_120/COLLECTIONS-12_1/temp/testcases/org/apache/commons/collections4/functors/ReflectionUtils.java:19: warning: Unsafe is internal proprietary API and may be removed in a future release
            UNSAFE = (Unsafe) uns.get(null);
                      ^
4 warnings
Compiled 'org/apache/commons/collections4/functors/CloneTransformer_transform_1236770130.java'

===
javac command line:
/usr/bin/javac -sourcepath /home/kex/results_kex_120/COLLECTIONS-12_1/temp/testcases -cp /var/benchmarks/projects/commons-collections/target/commons-collections4-4.5-SNAPSHOT.jar:/var/benchmarks/projects/commons-collections/target/dependency/error_prone_annotations-2.18.0.jar:/var/benchmarks/projects/commons-collections/target/dependency/junit-jupiter-params-5.9.3.jar:/var/benchmarks/projects/commons-collections/target/dependency/hamcrest-core-1.3.jar:/var/benchmarks/projects/commons-collections/target/dependency/easymock-5.1.0.jar:/var/benchmarks/projects/commons-collections/target/dependency/checker-qual-3.33.0.jar:/var/benchmarks/projects/commons-collections/target/dependency/junit-jupiter-engine-5.9.3.jar:/var/benchmarks/projects/commons-collections/target/dependency/junit-platform-engine-1.9.3.jar:/var/benchmarks/projects/commons-collections/target/dependency/commons-lang3-3.13.0.jar:/var/benchmarks/projects/commons-collections/target/dependency/listenablefuture-9999.0-empty-to-avoid-conflict-with-guava.jar:/var/benchmarks/projects/commons-collections/target/dependency/junit-jupiter-api-5.9.3.jar:/var/benchmarks/projects/commons-collections/target/dependency/commons-codec-1.16.0.jar:/var/benchmarks/projects/commons-collections/target/dependency/apiguardian-api-1.1.2.jar:/var/benchmarks/projects/commons-collections/target/dependency/opentest4j-1.2.0.jar:/var/benchmarks/projects/commons-collections/target/dependency/failureaccess-1.0.1.jar:/var/benchmarks/projects/commons-collections/target/dependency/jsr305-3.0.2.jar:/var/benchmarks/projects/commons-collections/target/dependency/objenesis-3.3.jar:/var/benchmarks/projects/commons-collections/target/dependency/guava-testlib-32.1.2-jre.jar:/var/benchmarks/projects/commons-collections/target/dependency/j2objc-annotations-2.8.jar:/var/benchmarks/projects/commons-collections/target/dependency/hamcrest-2.2.jar:/var/benchmarks/projects/commons-collections/target/dependency/junit-4.13.2.jar:/var/benchmarks/projects/commons-collections/target/dependency/commons-io-2.13.0.jar:/var/benchmarks/projects/commons-collections/target/dependency/guava-32.1.2-jre.jar:/usr/local/bin/lib/junit.jar:/usr/local/bin/lib/hamcrest-core.jar -d results_kex_120/COLLECTIONS-12_1/temp/testcases/bin /home/kex/results_kex_120/COLLECTIONS-12_1/temp/testcases/org/apache/commons/collections4/functors/CloneTransformer_transform_1236770131.java

/home/kex/results_kex_120/COLLECTIONS-12_1/temp/testcases/org/apache/commons/collections4/functors/ReflectionUtils.java:9: warning: Unsafe is internal proprietary API and may be removed in a future release
import sun.misc.Unsafe;
               ^
/home/kex/results_kex_120/COLLECTIONS-12_1/temp/testcases/org/apache/commons/collections4/functors/ReflectionUtils.java:13: warning: Unsafe is internal proprietary API and may be removed in a future release
    public static final Unsafe UNSAFE;
                        ^
/home/kex/results_kex_120/COLLECTIONS-12_1/temp/testcases/org/apache/commons/collections4/functors/ReflectionUtils.java:17: warning: Unsafe is internal proprietary API and may be removed in a future release
            final Field uns = Unsafe.class.getDeclaredField("theUnsafe");
                              ^
/home/kex/results_kex_120/COLLECTIONS-12_1/temp/testcases/org/apache/commons/collections4/functors/ReflectionUtils.java:19: warning: Unsafe is internal proprietary API and may be removed in a future release
            UNSAFE = (Unsafe) uns.get(null);
                      ^
4 warnings
Compiled 'org/apache/commons/collections4/functors/CloneTransformer_transform_1236770131.java'

===
javac command line:
/usr/bin/javac -sourcepath /home/kex/results_kex_120/COLLECTIONS-12_1/temp/testcases -cp /var/benchmarks/projects/commons-collections/target/commons-collections4-4.5-SNAPSHOT.jar:/var/benchmarks/projects/commons-collections/target/dependency/error_prone_annotations-2.18.0.jar:/var/benchmarks/projects/commons-collections/target/dependency/junit-jupiter-params-5.9.3.jar:/var/benchmarks/projects/commons-collections/target/dependency/hamcrest-core-1.3.jar:/var/benchmarks/projects/commons-collections/target/dependency/easymock-5.1.0.jar:/var/benchmarks/projects/commons-collections/target/dependency/checker-qual-3.33.0.jar:/var/benchmarks/projects/commons-collections/target/dependency/junit-jupiter-engine-5.9.3.jar:/var/benchmarks/projects/commons-collections/target/dependency/junit-platform-engine-1.9.3.jar:/var/benchmarks/projects/commons-collections/target/dependency/commons-lang3-3.13.0.jar:/var/benchmarks/projects/commons-collections/target/dependency/listenablefuture-9999.0-empty-to-avoid-conflict-with-guava.jar:/var/benchmarks/projects/commons-collections/target/dependency/junit-jupiter-api-5.9.3.jar:/var/benchmarks/projects/commons-collections/target/dependency/commons-codec-1.16.0.jar:/var/benchmarks/projects/commons-collections/target/dependency/apiguardian-api-1.1.2.jar:/var/benchmarks/projects/commons-collections/target/dependency/opentest4j-1.2.0.jar:/var/benchmarks/projects/commons-collections/target/dependency/failureaccess-1.0.1.jar:/var/benchmarks/projects/commons-collections/target/dependency/jsr305-3.0.2.jar:/var/benchmarks/projects/commons-collections/target/dependency/objenesis-3.3.jar:/var/benchmarks/projects/commons-collections/target/dependency/guava-testlib-32.1.2-jre.jar:/var/benchmarks/projects/commons-collections/target/dependency/j2objc-annotations-2.8.jar:/var/benchmarks/projects/commons-collections/target/dependency/hamcrest-2.2.jar:/var/benchmarks/projects/commons-collections/target/dependency/junit-4.13.2.jar:/var/benchmarks/projects/commons-collections/target/dependency/commons-io-2.13.0.jar:/var/benchmarks/projects/commons-collections/target/dependency/guava-32.1.2-jre.jar:/usr/local/bin/lib/junit.jar:/usr/local/bin/lib/hamcrest-core.jar -d results_kex_120/COLLECTIONS-12_1/temp/testcases/bin /home/kex/results_kex_120/COLLECTIONS-12_1/temp/testcases/org/apache/commons/collections4/functors/EqualityUtils.java

Compiled 'org/apache/commons/collections4/functors/EqualityUtils.java'

===
javac command line:
/usr/bin/javac -sourcepath /home/kex/results_kex_120/COLLECTIONS-12_1/temp/testcases -cp /var/benchmarks/projects/commons-collections/target/commons-collections4-4.5-SNAPSHOT.jar:/var/benchmarks/projects/commons-collections/target/dependency/error_prone_annotations-2.18.0.jar:/var/benchmarks/projects/commons-collections/target/dependency/junit-jupiter-params-5.9.3.jar:/var/benchmarks/projects/commons-collections/target/dependency/hamcrest-core-1.3.jar:/var/benchmarks/projects/commons-collections/target/dependency/easymock-5.1.0.jar:/var/benchmarks/projects/commons-collections/target/dependency/checker-qual-3.33.0.jar:/var/benchmarks/projects/commons-collections/target/dependency/junit-jupiter-engine-5.9.3.jar:/var/benchmarks/projects/commons-collections/target/dependency/junit-platform-engine-1.9.3.jar:/var/benchmarks/projects/commons-collections/target/dependency/commons-lang3-3.13.0.jar:/var/benchmarks/projects/commons-collections/target/dependency/listenablefuture-9999.0-empty-to-avoid-conflict-with-guava.jar:/var/benchmarks/projects/commons-collections/target/dependency/junit-jupiter-api-5.9.3.jar:/var/benchmarks/projects/commons-collections/target/dependency/commons-codec-1.16.0.jar:/var/benchmarks/projects/commons-collections/target/dependency/apiguardian-api-1.1.2.jar:/var/benchmarks/projects/commons-collections/target/dependency/opentest4j-1.2.0.jar:/var/benchmarks/projects/commons-collections/target/dependency/failureaccess-1.0.1.jar:/var/benchmarks/projects/commons-collections/target/dependency/jsr305-3.0.2.jar:/var/benchmarks/projects/commons-collections/target/dependency/objenesis-3.3.jar:/var/benchmarks/projects/commons-collections/target/dependency/guava-testlib-32.1.2-jre.jar:/var/benchmarks/projects/commons-collections/target/dependency/j2objc-annotations-2.8.jar:/var/benchmarks/projects/commons-collections/target/dependency/hamcrest-2.2.jar:/var/benchmarks/projects/commons-collections/target/dependency/junit-4.13.2.jar:/var/benchmarks/projects/commons-collections/target/dependency/commons-io-2.13.0.jar:/var/benchmarks/projects/commons-collections/target/dependency/guava-32.1.2-jre.jar:/usr/local/bin/lib/junit.jar:/usr/local/bin/lib/hamcrest-core.jar -d results_kex_120/COLLECTIONS-12_1/temp/testcases/bin /home/kex/results_kex_120/COLLECTIONS-12_1/temp/testcases/org/apache/commons/collections4/functors/ReflectionUtils.java

/home/kex/results_kex_120/COLLECTIONS-12_1/temp/testcases/org/apache/commons/collections4/functors/ReflectionUtils.java:9: warning: Unsafe is internal proprietary API and may be removed in a future release
import sun.misc.Unsafe;
               ^
/home/kex/results_kex_120/COLLECTIONS-12_1/temp/testcases/org/apache/commons/collections4/functors/ReflectionUtils.java:13: warning: Unsafe is internal proprietary API and may be removed in a future release
    public static final Unsafe UNSAFE;
                        ^
/home/kex/results_kex_120/COLLECTIONS-12_1/temp/testcases/org/apache/commons/collections4/functors/ReflectionUtils.java:17: warning: Unsafe is internal proprietary API and may be removed in a future release
            final Field uns = Unsafe.class.getDeclaredField("theUnsafe");
                              ^
/home/kex/results_kex_120/COLLECTIONS-12_1/temp/testcases/org/apache/commons/collections4/functors/ReflectionUtils.java:19: warning: Unsafe is internal proprietary API and may be removed in a future release
            UNSAFE = (Unsafe) uns.get(null);
                      ^
4 warnings
Compiled 'org/apache/commons/collections4/functors/ReflectionUtils.java'

---Timing Information---
Running tests with the following classpath: 
/var/benchmarks/projects/commons-collections/target/commons-collections4-4.5-SNAPSHOT.jar:/var/benchmarks/projects/commons-collections/target/dependency/error_prone_annotations-2.18.0.jar:/var/benchmarks/projects/commons-collections/target/dependency/junit-jupiter-params-5.9.3.jar:/var/benchmarks/projects/commons-collections/target/dependency/hamcrest-core-1.3.jar:/var/benchmarks/projects/commons-collections/target/dependency/easymock-5.1.0.jar:/var/benchmarks/projects/commons-collections/target/dependency/checker-qual-3.33.0.jar:/var/benchmarks/projects/commons-collections/target/dependency/junit-jupiter-engine-5.9.3.jar:/var/benchmarks/projects/commons-collections/target/dependency/junit-platform-engine-1.9.3.jar:/var/benchmarks/projects/commons-collections/target/dependency/commons-lang3-3.13.0.jar:/var/benchmarks/projects/commons-collections/target/dependency/listenablefuture-9999.0-empty-to-avoid-conflict-with-guava.jar:/var/benchmarks/projects/commons-collections/target/dependency/junit-jupiter-api-5.9.3.jar:/var/benchmarks/projects/commons-collections/target/dependency/commons-codec-1.16.0.jar:/var/benchmarks/projects/commons-collections/target/dependency/apiguardian-api-1.1.2.jar:/var/benchmarks/projects/commons-collections/target/dependency/opentest4j-1.2.0.jar:/var/benchmarks/projects/commons-collections/target/dependency/failureaccess-1.0.1.jar:/var/benchmarks/projects/commons-collections/target/dependency/jsr305-3.0.2.jar:/var/benchmarks/projects/commons-collections/target/dependency/objenesis-3.3.jar:/var/benchmarks/projects/commons-collections/target/dependency/guava-testlib-32.1.2-jre.jar:/var/benchmarks/projects/commons-collections/target/dependency/j2objc-annotations-2.8.jar:/var/benchmarks/projects/commons-collections/target/dependency/hamcrest-2.2.jar:/var/benchmarks/projects/commons-collections/target/dependency/junit-4.13.2.jar:/var/benchmarks/projects/commons-collections/target/dependency/commons-io-2.13.0.jar:/var/benchmarks/projects/commons-collections/target/dependency/guava-32.1.2-jre.jar:/usr/local/bin/lib/junit.jar:/usr/local/bin/lib/hamcrest-core.jar:/home/kex/results_kex_120/COLLECTIONS-12_1/temp/testcases/bin
Running the tests: [SBSTDummyForCoverageAndMutationCalculation, org.apache.commons.collections4.functors.CloneTransformer_cloneTransformer_1978131750, org.apache.commons.collections4.functors.CloneTransformer_cloneTransformer_1978131751, org.apache.commons.collections4.functors.CloneTransformer_init_8807305150, org.apache.commons.collections4.functors.CloneTransformer_init_8807305151, org.apache.commons.collections4.functors.CloneTransformer_transform_1236770130, org.apache.commons.collections4.functors.CloneTransformer_transform_1236770131, org.apache.commons.collections4.functors.EqualityUtils, org.apache.commons.collections4.functors.ReflectionUtils]
Executions terminated
Failure: [test(org.apache.commons.collections4.functors.CloneTransformer_transform_1236770130): The prototype must be cloneable via a public clone method]
Failing Tests: test(org.apache.commons.collections4.functors.CloneTransformer_transform_1236770130)
java.lang.IllegalArgumentException: The prototype must be cloneable via a public clone method
	at org.apache.commons.collections4.functors.PrototypeFactory.prototypeFactory(PrototypeFactory.java:87)
	at org.apache.commons.collections4.functors.CloneTransformer.transform(CloneTransformer.java:69)
	at sun.reflect.NativeMethodAccessorImpl.invoke0(Native Method)
	at sun.reflect.NativeMethodAccessorImpl.invoke(NativeMethodAccessorImpl.java:62)
	at sun.reflect.DelegatingMethodAccessorImpl.invoke(DelegatingMethodAccessorImpl.java:43)
	at java.lang.reflect.Method.invoke(Method.java:498)
	at org.apache.commons.collections4.functors.ReflectionUtils.callMethod(ReflectionUtils.java:238)
	at org.apache.commons.collections4.functors.CloneTransformer_transform_1236770130.test(CloneTransformer_transform_1236770130.java:40)
	at sun.reflect.NativeMethodAccessorImpl.invoke0(Native Method)
	at sun.reflect.NativeMethodAccessorImpl.invoke(NativeMethodAccessorImpl.java:62)
	at sun.reflect.DelegatingMethodAccessorImpl.invoke(DelegatingMethodAccessorImpl.java:43)
	at java.lang.reflect.Method.invoke(Method.java:498)
	at org.junit.runners.model.FrameworkMethod$1.runReflectiveCall(FrameworkMethod.java:47)
	at org.junit.internal.runners.model.ReflectiveCallable.run(ReflectiveCallable.java:12)
	at org.junit.runners.model.FrameworkMethod.invokeExplosively(FrameworkMethod.java:44)
	at org.junit.internal.runners.statements.InvokeMethod.evaluate(InvokeMethod.java:17)
	at org.junit.internal.runners.statements.RunBefores.evaluate(RunBefores.java:26)
	at org.junit.runners.ParentRunner.runLeaf(ParentRunner.java:271)
	at org.junit.runners.BlockJUnit4ClassRunner.runChild(BlockJUnit4ClassRunner.java:70)
	at org.junit.runners.BlockJUnit4ClassRunner.runChild(BlockJUnit4ClassRunner.java:50)
	at org.junit.runners.ParentRunner$3.run(ParentRunner.java:238)
	at org.junit.runners.ParentRunner$1.schedule(ParentRunner.java:63)
	at org.junit.runners.ParentRunner.runChildren(ParentRunner.java:236)
	at org.junit.runners.ParentRunner.access$000(ParentRunner.java:53)
	at org.junit.runners.ParentRunner$2.evaluate(ParentRunner.java:229)
	at org.junit.runners.ParentRunner.run(ParentRunner.java:309)
	at org.junit.runners.Suite.runChild(Suite.java:127)
	at org.junit.runners.Suite.runChild(Suite.java:26)
	at org.junit.runners.ParentRunner$3.run(ParentRunner.java:238)
	at org.junit.runners.ParentRunner$1.schedule(ParentRunner.java:63)
	at org.junit.runners.ParentRunner.runChildren(ParentRunner.java:236)
	at org.junit.runners.ParentRunner.access$000(ParentRunner.java:53)
	at org.junit.runners.ParentRunner$2.evaluate(ParentRunner.java:229)
	at org.junit.runners.ParentRunner.run(ParentRunner.java:309)
	at org.junit.runner.JUnitCore.run(JUnitCore.java:160)
	at org.junit.runner.JUnitCore.run(JUnitCore.java:138)
	at org.junit.runner.JUnitCore.run(JUnitCore.java:117)
	at sbst.benchmark.coverage.TestExecutionTask.call(TestExecutionTask.java:54)
	at sbst.benchmark.coverage.TestExecutionTask.call(TestExecutionTask.java:15)
	at java.util.concurrent.FutureTask.run(FutureTask.java:266)
	at java.util.concurrent.ThreadPoolExecutor.runWorker(ThreadPoolExecutor.java:1149)
	at java.util.concurrent.ThreadPoolExecutor$Worker.run(ThreadPoolExecutor.java:624)
	at java.lang.Thread.run(Thread.java:750)

Failure: [initializationError(org.apache.commons.collections4.functors.EqualityUtils): No runnable methods]
Failing Tests: initializationError(org.apache.commons.collections4.functors.EqualityUtils)
java.lang.Exception: No runnable methods
	at org.junit.runners.BlockJUnit4ClassRunner.validateInstanceMethods(BlockJUnit4ClassRunner.java:169)
	at org.junit.runners.BlockJUnit4ClassRunner.collectInitializationErrors(BlockJUnit4ClassRunner.java:104)
	at org.junit.runners.ParentRunner.validate(ParentRunner.java:355)
	at org.junit.runners.ParentRunner.<init>(ParentRunner.java:76)
	at org.junit.runners.BlockJUnit4ClassRunner.<init>(BlockJUnit4ClassRunner.java:57)
	at org.junit.internal.builders.JUnit4Builder.runnerForClass(JUnit4Builder.java:10)
	at org.junit.runners.model.RunnerBuilder.safeRunnerForClass(RunnerBuilder.java:59)
	at org.junit.internal.builders.AllDefaultPossibilitiesBuilder.runnerForClass(AllDefaultPossibilitiesBuilder.java:26)
	at org.junit.runner.Computer.getRunner(Computer.java:40)
	at org.junit.runner.Computer$1.runnerForClass(Computer.java:31)
	at org.junit.runners.model.RunnerBuilder.safeRunnerForClass(RunnerBuilder.java:59)
	at org.junit.runners.model.RunnerBuilder.runners(RunnerBuilder.java:101)
	at org.junit.runners.model.RunnerBuilder.runners(RunnerBuilder.java:87)
	at org.junit.runners.Suite.<init>(Suite.java:80)
	at org.junit.runner.Computer.getSuite(Computer.java:28)
	at org.junit.runner.Request.classes(Request.java:75)
	at org.junit.runner.JUnitCore.run(JUnitCore.java:117)
	at sbst.benchmark.coverage.TestExecutionTask.call(TestExecutionTask.java:54)
	at sbst.benchmark.coverage.TestExecutionTask.call(TestExecutionTask.java:15)
	at java.util.concurrent.FutureTask.run(FutureTask.java:266)
	at java.util.concurrent.ThreadPoolExecutor.runWorker(ThreadPoolExecutor.java:1149)
	at java.util.concurrent.ThreadPoolExecutor$Worker.run(ThreadPoolExecutor.java:624)
	at java.lang.Thread.run(Thread.java:750)

Failure: [initializationError(org.apache.commons.collections4.functors.ReflectionUtils): No runnable methods]
Failing Tests: initializationError(org.apache.commons.collections4.functors.ReflectionUtils)
java.lang.Exception: No runnable methods
	at org.junit.runners.BlockJUnit4ClassRunner.validateInstanceMethods(BlockJUnit4ClassRunner.java:169)
	at org.junit.runners.BlockJUnit4ClassRunner.collectInitializationErrors(BlockJUnit4ClassRunner.java:104)
	at org.junit.runners.ParentRunner.validate(ParentRunner.java:355)
	at org.junit.runners.ParentRunner.<init>(ParentRunner.java:76)
	at org.junit.runners.BlockJUnit4ClassRunner.<init>(BlockJUnit4ClassRunner.java:57)
	at org.junit.internal.builders.JUnit4Builder.runnerForClass(JUnit4Builder.java:10)
	at org.junit.runners.model.RunnerBuilder.safeRunnerForClass(RunnerBuilder.java:59)
	at org.junit.internal.builders.AllDefaultPossibilitiesBuilder.runnerForClass(AllDefaultPossibilitiesBuilder.java:26)
	at org.junit.runner.Computer.getRunner(Computer.java:40)
	at org.junit.runner.Computer$1.runnerForClass(Computer.java:31)
	at org.junit.runners.model.RunnerBuilder.safeRunnerForClass(RunnerBuilder.java:59)
	at org.junit.runners.model.RunnerBuilder.runners(RunnerBuilder.java:101)
	at org.junit.runners.model.RunnerBuilder.runners(RunnerBuilder.java:87)
	at org.junit.runners.Suite.<init>(Suite.java:80)
	at org.junit.runner.Computer.getSuite(Computer.java:28)
	at org.junit.runner.Request.classes(Request.java:75)
	at org.junit.runner.JUnitCore.run(JUnitCore.java:117)
	at sbst.benchmark.coverage.TestExecutionTask.call(TestExecutionTask.java:54)
	at sbst.benchmark.coverage.TestExecutionTask.call(TestExecutionTask.java:15)
	at java.util.concurrent.FutureTask.run(FutureTask.java:266)
	at java.util.concurrent.ThreadPoolExecutor.runWorker(ThreadPoolExecutor.java:1149)
	at java.util.concurrent.ThreadPoolExecutor$Worker.run(ThreadPoolExecutor.java:624)
	at java.lang.Thread.run(Thread.java:750)


---The tests are re-executed other four times to find the flaky ones---
Running the tests: [SBSTDummyForCoverageAndMutationCalculation, org.apache.commons.collections4.functors.CloneTransformer_cloneTransformer_1978131750, org.apache.commons.collections4.functors.CloneTransformer_cloneTransformer_1978131751, org.apache.commons.collections4.functors.CloneTransformer_init_8807305150, org.apache.commons.collections4.functors.CloneTransformer_init_8807305151, org.apache.commons.collections4.functors.CloneTransformer_transform_1236770130, org.apache.commons.collections4.functors.CloneTransformer_transform_1236770131, org.apache.commons.collections4.functors.EqualityUtils, org.apache.commons.collections4.functors.ReflectionUtils]
Executions terminated
Running the tests: [SBSTDummyForCoverageAndMutationCalculation, org.apache.commons.collections4.functors.CloneTransformer_cloneTransformer_1978131750, org.apache.commons.collections4.functors.CloneTransformer_cloneTransformer_1978131751, org.apache.commons.collections4.functors.CloneTransformer_init_8807305150, org.apache.commons.collections4.functors.CloneTransformer_init_8807305151, org.apache.commons.collections4.functors.CloneTransformer_transform_1236770130, org.apache.commons.collections4.functors.CloneTransformer_transform_1236770131, org.apache.commons.collections4.functors.EqualityUtils, org.apache.commons.collections4.functors.ReflectionUtils]
Failure: [test(org.apache.commons.collections4.functors.CloneTransformer_transform_1236770130): The prototype must be cloneable via a public clone method]
Failing Tests: test(org.apache.commons.collections4.functors.CloneTransformer_transform_1236770130)
java.lang.IllegalArgumentException: The prototype must be cloneable via a public clone method
	at org.apache.commons.collections4.functors.PrototypeFactory.prototypeFactory(PrototypeFactory.java:87)
	at org.apache.commons.collections4.functors.CloneTransformer.transform(CloneTransformer.java:69)
	at sun.reflect.NativeMethodAccessorImpl.invoke0(Native Method)
	at sun.reflect.NativeMethodAccessorImpl.invoke(NativeMethodAccessorImpl.java:62)
	at sun.reflect.DelegatingMethodAccessorImpl.invoke(DelegatingMethodAccessorImpl.java:43)
	at java.lang.reflect.Method.invoke(Method.java:498)
	at org.apache.commons.collections4.functors.ReflectionUtils.callMethod(ReflectionUtils.java:238)
	at org.apache.commons.collections4.functors.CloneTransformer_transform_1236770130.test(CloneTransformer_transform_1236770130.java:40)
	at sun.reflect.NativeMethodAccessorImpl.invoke0(Native Method)
	at sun.reflect.NativeMethodAccessorImpl.invoke(NativeMethodAccessorImpl.java:62)
	at sun.reflect.DelegatingMethodAccessorImpl.invoke(DelegatingMethodAccessorImpl.java:43)
	at java.lang.reflect.Method.invoke(Method.java:498)
	at org.junit.runners.model.FrameworkMethod$1.runReflectiveCall(FrameworkMethod.java:47)
	at org.junit.internal.runners.model.ReflectiveCallable.run(ReflectiveCallable.java:12)
	at org.junit.runners.model.FrameworkMethod.invokeExplosively(FrameworkMethod.java:44)
	at org.junit.internal.runners.statements.InvokeMethod.evaluate(InvokeMethod.java:17)
	at org.junit.internal.runners.statements.RunBefores.evaluate(RunBefores.java:26)
	at org.junit.runners.ParentRunner.runLeaf(ParentRunner.java:271)
	at org.junit.runners.BlockJUnit4ClassRunner.runChild(BlockJUnit4ClassRunner.java:70)
	at org.junit.runners.BlockJUnit4ClassRunner.runChild(BlockJUnit4ClassRunner.java:50)
	at org.junit.runners.ParentRunner$3.run(ParentRunner.java:238)
	at org.junit.runners.ParentRunner$1.schedule(ParentRunner.java:63)
	at org.junit.runners.ParentRunner.runChildren(ParentRunner.java:236)
	at org.junit.runners.ParentRunner.access$000(ParentRunner.java:53)
	at org.junit.runners.ParentRunner$2.evaluate(ParentRunner.java:229)
	at org.junit.runners.ParentRunner.run(ParentRunner.java:309)
	at org.junit.runners.Suite.runChild(Suite.java:127)
	at org.junit.runners.Suite.runChild(Suite.java:26)
	at org.junit.runners.ParentRunner$3.run(ParentRunner.java:238)
	at org.junit.runners.ParentRunner$1.schedule(ParentRunner.java:63)
	at org.junit.runners.ParentRunner.runChildren(ParentRunner.java:236)
	at org.junit.runners.ParentRunner.access$000(ParentRunner.java:53)
	at org.junit.runners.ParentRunner$2.evaluate(ParentRunner.java:229)
	at org.junit.runners.ParentRunner.run(ParentRunner.java:309)
	at org.junit.runner.JUnitCore.run(JUnitCore.java:160)
	at org.junit.runner.JUnitCore.run(JUnitCore.java:138)
	at org.junit.runner.JUnitCore.run(JUnitCore.java:117)
	at sbst.benchmark.coverage.TestExecutionTask.call(TestExecutionTask.java:54)
	at sbst.benchmark.coverage.TestExecutionTask.call(TestExecutionTask.java:15)
	at java.util.concurrent.FutureTask.run(FutureTask.java:266)
	at java.util.concurrent.ThreadPoolExecutor.runWorker(ThreadPoolExecutor.java:1149)
	at java.util.concurrent.ThreadPoolExecutor$Worker.run(ThreadPoolExecutor.java:624)
	at java.lang.Thread.run(Thread.java:750)

Failure: [initializationError(org.apache.commons.collections4.functors.EqualityUtils): No runnable methods]
Failing Tests: initializationError(org.apache.commons.collections4.functors.EqualityUtils)
java.lang.Exception: No runnable methods
	at org.junit.runners.BlockJUnit4ClassRunner.validateInstanceMethods(BlockJUnit4ClassRunner.java:169)
	at org.junit.runners.BlockJUnit4ClassRunner.collectInitializationErrors(BlockJUnit4ClassRunner.java:104)
	at org.junit.runners.ParentRunner.validate(ParentRunner.java:355)
	at org.junit.runners.ParentRunner.<init>(ParentRunner.java:76)
	at org.junit.runners.BlockJUnit4ClassRunner.<init>(BlockJUnit4ClassRunner.java:57)
	at org.junit.internal.builders.JUnit4Builder.runnerForClass(JUnit4Builder.java:10)
	at org.junit.runners.model.RunnerBuilder.safeRunnerForClass(RunnerBuilder.java:59)
	at org.junit.internal.builders.AllDefaultPossibilitiesBuilder.runnerForClass(AllDefaultPossibilitiesBuilder.java:26)
	at org.junit.runner.Computer.getRunner(Computer.java:40)
	at org.junit.runner.Computer$1.runnerForClass(Computer.java:31)
	at org.junit.runners.model.RunnerBuilder.safeRunnerForClass(RunnerBuilder.java:59)
	at org.junit.runners.model.RunnerBuilder.runners(RunnerBuilder.java:101)
	at org.junit.runners.model.RunnerBuilder.runners(RunnerBuilder.java:87)
	at org.junit.runners.Suite.<init>(Suite.java:80)
	at org.junit.runner.Computer.getSuite(Computer.java:28)
	at org.junit.runner.Request.classes(Request.java:75)
	at org.junit.runner.JUnitCore.run(JUnitCore.java:117)
	at sbst.benchmark.coverage.TestExecutionTask.call(TestExecutionTask.java:54)
	at sbst.benchmark.coverage.TestExecutionTask.call(TestExecutionTask.java:15)
	at java.util.concurrent.FutureTask.run(FutureTask.java:266)
	at java.util.concurrent.ThreadPoolExecutor.runWorker(ThreadPoolExecutor.java:1149)
	at java.util.concurrent.ThreadPoolExecutor$Worker.run(ThreadPoolExecutor.java:624)
	at java.lang.Thread.run(Thread.java:750)

Failure: [initializationError(org.apache.commons.collections4.functors.ReflectionUtils): No runnable methods]
Failing Tests: initializationError(org.apache.commons.collections4.functors.ReflectionUtils)
java.lang.Exception: No runnable methods
	at org.junit.runners.BlockJUnit4ClassRunner.validateInstanceMethods(BlockJUnit4ClassRunner.java:169)
	at org.junit.runners.BlockJUnit4ClassRunner.collectInitializationErrors(BlockJUnit4ClassRunner.java:104)
	at org.junit.runners.ParentRunner.validate(ParentRunner.java:355)
	at org.junit.runners.ParentRunner.<init>(ParentRunner.java:76)
	at org.junit.runners.BlockJUnit4ClassRunner.<init>(BlockJUnit4ClassRunner.java:57)
	at org.junit.internal.builders.JUnit4Builder.runnerForClass(JUnit4Builder.java:10)
	at org.junit.runners.model.RunnerBuilder.safeRunnerForClass(RunnerBuilder.java:59)
	at org.junit.internal.builders.AllDefaultPossibilitiesBuilder.runnerForClass(AllDefaultPossibilitiesBuilder.java:26)
	at org.junit.runner.Computer.getRunner(Computer.java:40)
	at org.junit.runner.Computer$1.runnerForClass(Computer.java:31)
	at org.junit.runners.model.RunnerBuilder.safeRunnerForClass(RunnerBuilder.java:59)
	at org.junit.runners.model.RunnerBuilder.runners(RunnerBuilder.java:101)
	at org.junit.runners.model.RunnerBuilder.runners(RunnerBuilder.java:87)
	at org.junit.runners.Suite.<init>(Suite.java:80)
	at org.junit.runner.Computer.getSuite(Computer.java:28)
	at org.junit.runner.Request.classes(Request.java:75)
	at org.junit.runner.JUnitCore.run(JUnitCore.java:117)
	at sbst.benchmark.coverage.TestExecutionTask.call(TestExecutionTask.java:54)
	at sbst.benchmark.coverage.TestExecutionTask.call(TestExecutionTask.java:15)
	at java.util.concurrent.FutureTask.run(FutureTask.java:266)
	at java.util.concurrent.ThreadPoolExecutor.runWorker(ThreadPoolExecutor.java:1149)
	at java.util.concurrent.ThreadPoolExecutor$Worker.run(ThreadPoolExecutor.java:624)
	at java.lang.Thread.run(Thread.java:750)

Executions terminated
Running the tests: [SBSTDummyForCoverageAndMutationCalculation, org.apache.commons.collections4.functors.CloneTransformer_cloneTransformer_1978131750, org.apache.commons.collections4.functors.CloneTransformer_cloneTransformer_1978131751, org.apache.commons.collections4.functors.CloneTransformer_init_8807305150, org.apache.commons.collections4.functors.CloneTransformer_init_8807305151, org.apache.commons.collections4.functors.CloneTransformer_transform_1236770130, org.apache.commons.collections4.functors.CloneTransformer_transform_1236770131, org.apache.commons.collections4.functors.EqualityUtils, org.apache.commons.collections4.functors.ReflectionUtils]
Failure: [test(org.apache.commons.collections4.functors.CloneTransformer_transform_1236770130): The prototype must be cloneable via a public clone method]
Failing Tests: test(org.apache.commons.collections4.functors.CloneTransformer_transform_1236770130)
java.lang.IllegalArgumentException: The prototype must be cloneable via a public clone method
	at org.apache.commons.collections4.functors.PrototypeFactory.prototypeFactory(PrototypeFactory.java:87)
	at org.apache.commons.collections4.functors.CloneTransformer.transform(CloneTransformer.java:69)
	at sun.reflect.NativeMethodAccessorImpl.invoke0(Native Method)
	at sun.reflect.NativeMethodAccessorImpl.invoke(NativeMethodAccessorImpl.java:62)
	at sun.reflect.DelegatingMethodAccessorImpl.invoke(DelegatingMethodAccessorImpl.java:43)
	at java.lang.reflect.Method.invoke(Method.java:498)
	at org.apache.commons.collections4.functors.ReflectionUtils.callMethod(ReflectionUtils.java:238)
	at org.apache.commons.collections4.functors.CloneTransformer_transform_1236770130.test(CloneTransformer_transform_1236770130.java:40)
	at sun.reflect.NativeMethodAccessorImpl.invoke0(Native Method)
	at sun.reflect.NativeMethodAccessorImpl.invoke(NativeMethodAccessorImpl.java:62)
	at sun.reflect.DelegatingMethodAccessorImpl.invoke(DelegatingMethodAccessorImpl.java:43)
	at java.lang.reflect.Method.invoke(Method.java:498)
	at org.junit.runners.model.FrameworkMethod$1.runReflectiveCall(FrameworkMethod.java:47)
	at org.junit.internal.runners.model.ReflectiveCallable.run(ReflectiveCallable.java:12)
	at org.junit.runners.model.FrameworkMethod.invokeExplosively(FrameworkMethod.java:44)
	at org.junit.internal.runners.statements.InvokeMethod.evaluate(InvokeMethod.java:17)
	at org.junit.internal.runners.statements.RunBefores.evaluate(RunBefores.java:26)
	at org.junit.runners.ParentRunner.runLeaf(ParentRunner.java:271)
	at org.junit.runners.BlockJUnit4ClassRunner.runChild(BlockJUnit4ClassRunner.java:70)
	at org.junit.runners.BlockJUnit4ClassRunner.runChild(BlockJUnit4ClassRunner.java:50)
	at org.junit.runners.ParentRunner$3.run(ParentRunner.java:238)
	at org.junit.runners.ParentRunner$1.schedule(ParentRunner.java:63)
	at org.junit.runners.ParentRunner.runChildren(ParentRunner.java:236)
	at org.junit.runners.ParentRunner.access$000(ParentRunner.java:53)
	at org.junit.runners.ParentRunner$2.evaluate(ParentRunner.java:229)
	at org.junit.runners.ParentRunner.run(ParentRunner.java:309)
	at org.junit.runners.Suite.runChild(Suite.java:127)
	at org.junit.runners.Suite.runChild(Suite.java:26)
	at org.junit.runners.ParentRunner$3.run(ParentRunner.java:238)
	at org.junit.runners.ParentRunner$1.schedule(ParentRunner.java:63)
	at org.junit.runners.ParentRunner.runChildren(ParentRunner.java:236)
	at org.junit.runners.ParentRunner.access$000(ParentRunner.java:53)
	at org.junit.runners.ParentRunner$2.evaluate(ParentRunner.java:229)
	at org.junit.runners.ParentRunner.run(ParentRunner.java:309)
	at org.junit.runner.JUnitCore.run(JUnitCore.java:160)
	at org.junit.runner.JUnitCore.run(JUnitCore.java:138)
	at org.junit.runner.JUnitCore.run(JUnitCore.java:117)
	at sbst.benchmark.coverage.TestExecutionTask.call(TestExecutionTask.java:54)
	at sbst.benchmark.coverage.TestExecutionTask.call(TestExecutionTask.java:15)
	at java.util.concurrent.FutureTask.run(FutureTask.java:266)
	at java.util.concurrent.ThreadPoolExecutor.runWorker(ThreadPoolExecutor.java:1149)
	at java.util.concurrent.ThreadPoolExecutor$Worker.run(ThreadPoolExecutor.java:624)
	at java.lang.Thread.run(Thread.java:750)

Failure: [initializationError(org.apache.commons.collections4.functors.EqualityUtils): No runnable methods]
Failing Tests: initializationError(org.apache.commons.collections4.functors.EqualityUtils)
java.lang.Exception: No runnable methods
	at org.junit.runners.BlockJUnit4ClassRunner.validateInstanceMethods(BlockJUnit4ClassRunner.java:169)
	at org.junit.runners.BlockJUnit4ClassRunner.collectInitializationErrors(BlockJUnit4ClassRunner.java:104)
	at org.junit.runners.ParentRunner.validate(ParentRunner.java:355)
	at org.junit.runners.ParentRunner.<init>(ParentRunner.java:76)
	at org.junit.runners.BlockJUnit4ClassRunner.<init>(BlockJUnit4ClassRunner.java:57)
	at org.junit.internal.builders.JUnit4Builder.runnerForClass(JUnit4Builder.java:10)
	at org.junit.runners.model.RunnerBuilder.safeRunnerForClass(RunnerBuilder.java:59)
	at org.junit.internal.builders.AllDefaultPossibilitiesBuilder.runnerForClass(AllDefaultPossibilitiesBuilder.java:26)
	at org.junit.runner.Computer.getRunner(Computer.java:40)
	at org.junit.runner.Computer$1.runnerForClass(Computer.java:31)
	at org.junit.runners.model.RunnerBuilder.safeRunnerForClass(RunnerBuilder.java:59)
	at org.junit.runners.model.RunnerBuilder.runners(RunnerBuilder.java:101)
	at org.junit.runners.model.RunnerBuilder.runners(RunnerBuilder.java:87)
	at org.junit.runners.Suite.<init>(Suite.java:80)
	at org.junit.runner.Computer.getSuite(Computer.java:28)
	at org.junit.runner.Request.classes(Request.java:75)
	at org.junit.runner.JUnitCore.run(JUnitCore.java:117)
	at sbst.benchmark.coverage.TestExecutionTask.call(TestExecutionTask.java:54)
	at sbst.benchmark.coverage.TestExecutionTask.call(TestExecutionTask.java:15)
	at java.util.concurrent.FutureTask.run(FutureTask.java:266)
	at java.util.concurrent.ThreadPoolExecutor.runWorker(ThreadPoolExecutor.java:1149)
	at java.util.concurrent.ThreadPoolExecutor$Worker.run(ThreadPoolExecutor.java:624)
	at java.lang.Thread.run(Thread.java:750)

Failure: [initializationError(org.apache.commons.collections4.functors.ReflectionUtils): No runnable methods]
Failing Tests: initializationError(org.apache.commons.collections4.functors.ReflectionUtils)
java.lang.Exception: No runnable methods
	at org.junit.runners.BlockJUnit4ClassRunner.validateInstanceMethods(BlockJUnit4ClassRunner.java:169)
	at org.junit.runners.BlockJUnit4ClassRunner.collectInitializationErrors(BlockJUnit4ClassRunner.java:104)
	at org.junit.runners.ParentRunner.validate(ParentRunner.java:355)
	at org.junit.runners.ParentRunner.<init>(ParentRunner.java:76)
	at org.junit.runners.BlockJUnit4ClassRunner.<init>(BlockJUnit4ClassRunner.java:57)
	at org.junit.internal.builders.JUnit4Builder.runnerForClass(JUnit4Builder.java:10)
	at org.junit.runners.model.RunnerBuilder.safeRunnerForClass(RunnerBuilder.java:59)
	at org.junit.internal.builders.AllDefaultPossibilitiesBuilder.runnerForClass(AllDefaultPossibilitiesBuilder.java:26)
	at org.junit.runner.Computer.getRunner(Computer.java:40)
	at org.junit.runner.Computer$1.runnerForClass(Computer.java:31)
	at org.junit.runners.model.RunnerBuilder.safeRunnerForClass(RunnerBuilder.java:59)
	at org.junit.runners.model.RunnerBuilder.runners(RunnerBuilder.java:101)
	at org.junit.runners.model.RunnerBuilder.runners(RunnerBuilder.java:87)
	at org.junit.runners.Suite.<init>(Suite.java:80)
	at org.junit.runner.Computer.getSuite(Computer.java:28)
	at org.junit.runner.Request.classes(Request.java:75)
	at org.junit.runner.JUnitCore.run(JUnitCore.java:117)
	at sbst.benchmark.coverage.TestExecutionTask.call(TestExecutionTask.java:54)
	at sbst.benchmark.coverage.TestExecutionTask.call(TestExecutionTask.java:15)
	at java.util.concurrent.FutureTask.run(FutureTask.java:266)
	at java.util.concurrent.ThreadPoolExecutor.runWorker(ThreadPoolExecutor.java:1149)
	at java.util.concurrent.ThreadPoolExecutor$Worker.run(ThreadPoolExecutor.java:624)
	at java.lang.Thread.run(Thread.java:750)

Executions terminated
Failure: [test(org.apache.commons.collections4.functors.CloneTransformer_transform_1236770130): The prototype must be cloneable via a public clone method]
Running the tests: [SBSTDummyForCoverageAndMutationCalculation, org.apache.commons.collections4.functors.CloneTransformer_cloneTransformer_1978131750, org.apache.commons.collections4.functors.CloneTransformer_cloneTransformer_1978131751, org.apache.commons.collections4.functors.CloneTransformer_init_8807305150, org.apache.commons.collections4.functors.CloneTransformer_init_8807305151, org.apache.commons.collections4.functors.CloneTransformer_transform_1236770130, org.apache.commons.collections4.functors.CloneTransformer_transform_1236770131, org.apache.commons.collections4.functors.EqualityUtils, org.apache.commons.collections4.functors.ReflectionUtils]
Failing Tests: test(org.apache.commons.collections4.functors.CloneTransformer_transform_1236770130)
java.lang.IllegalArgumentException: The prototype must be cloneable via a public clone method
	at org.apache.commons.collections4.functors.PrototypeFactory.prototypeFactory(PrototypeFactory.java:87)
	at org.apache.commons.collections4.functors.CloneTransformer.transform(CloneTransformer.java:69)
	at sun.reflect.NativeMethodAccessorImpl.invoke0(Native Method)
	at sun.reflect.NativeMethodAccessorImpl.invoke(NativeMethodAccessorImpl.java:62)
	at sun.reflect.DelegatingMethodAccessorImpl.invoke(DelegatingMethodAccessorImpl.java:43)
	at java.lang.reflect.Method.invoke(Method.java:498)
	at org.apache.commons.collections4.functors.ReflectionUtils.callMethod(ReflectionUtils.java:238)
	at org.apache.commons.collections4.functors.CloneTransformer_transform_1236770130.test(CloneTransformer_transform_1236770130.java:40)
	at sun.reflect.NativeMethodAccessorImpl.invoke0(Native Method)
	at sun.reflect.NativeMethodAccessorImpl.invoke(NativeMethodAccessorImpl.java:62)
	at sun.reflect.DelegatingMethodAccessorImpl.invoke(DelegatingMethodAccessorImpl.java:43)
	at java.lang.reflect.Method.invoke(Method.java:498)
	at org.junit.runners.model.FrameworkMethod$1.runReflectiveCall(FrameworkMethod.java:47)
	at org.junit.internal.runners.model.ReflectiveCallable.run(ReflectiveCallable.java:12)
	at org.junit.runners.model.FrameworkMethod.invokeExplosively(FrameworkMethod.java:44)
	at org.junit.internal.runners.statements.InvokeMethod.evaluate(InvokeMethod.java:17)
	at org.junit.internal.runners.statements.RunBefores.evaluate(RunBefores.java:26)
	at org.junit.runners.ParentRunner.runLeaf(ParentRunner.java:271)
	at org.junit.runners.BlockJUnit4ClassRunner.runChild(BlockJUnit4ClassRunner.java:70)
	at org.junit.runners.BlockJUnit4ClassRunner.runChild(BlockJUnit4ClassRunner.java:50)
	at org.junit.runners.ParentRunner$3.run(ParentRunner.java:238)
	at org.junit.runners.ParentRunner$1.schedule(ParentRunner.java:63)
	at org.junit.runners.ParentRunner.runChildren(ParentRunner.java:236)
	at org.junit.runners.ParentRunner.access$000(ParentRunner.java:53)
	at org.junit.runners.ParentRunner$2.evaluate(ParentRunner.java:229)
	at org.junit.runners.ParentRunner.run(ParentRunner.java:309)
	at org.junit.runners.Suite.runChild(Suite.java:127)
	at org.junit.runners.Suite.runChild(Suite.java:26)
	at org.junit.runners.ParentRunner$3.run(ParentRunner.java:238)
	at org.junit.runners.ParentRunner$1.schedule(ParentRunner.java:63)
	at org.junit.runners.ParentRunner.runChildren(ParentRunner.java:236)
	at org.junit.runners.ParentRunner.access$000(ParentRunner.java:53)
	at org.junit.runners.ParentRunner$2.evaluate(ParentRunner.java:229)
	at org.junit.runners.ParentRunner.run(ParentRunner.java:309)
	at org.junit.runner.JUnitCore.run(JUnitCore.java:160)
	at org.junit.runner.JUnitCore.run(JUnitCore.java:138)
	at org.junit.runner.JUnitCore.run(JUnitCore.java:117)
	at sbst.benchmark.coverage.TestExecutionTask.call(TestExecutionTask.java:54)
	at sbst.benchmark.coverage.TestExecutionTask.call(TestExecutionTask.java:15)
	at java.util.concurrent.FutureTask.run(FutureTask.java:266)
	at java.util.concurrent.ThreadPoolExecutor.runWorker(ThreadPoolExecutor.java:1149)
	at java.util.concurrent.ThreadPoolExecutor$Worker.run(ThreadPoolExecutor.java:624)
	at java.lang.Thread.run(Thread.java:750)

Failure: [initializationError(org.apache.commons.collections4.functors.EqualityUtils): No runnable methods]
Failing Tests: initializationError(org.apache.commons.collections4.functors.EqualityUtils)
java.lang.Exception: No runnable methods
	at org.junit.runners.BlockJUnit4ClassRunner.validateInstanceMethods(BlockJUnit4ClassRunner.java:169)
	at org.junit.runners.BlockJUnit4ClassRunner.collectInitializationErrors(BlockJUnit4ClassRunner.java:104)
	at org.junit.runners.ParentRunner.validate(ParentRunner.java:355)
	at org.junit.runners.ParentRunner.<init>(ParentRunner.java:76)
	at org.junit.runners.BlockJUnit4ClassRunner.<init>(BlockJUnit4ClassRunner.java:57)
	at org.junit.internal.builders.JUnit4Builder.runnerForClass(JUnit4Builder.java:10)
	at org.junit.runners.model.RunnerBuilder.safeRunnerForClass(RunnerBuilder.java:59)
	at org.junit.internal.builders.AllDefaultPossibilitiesBuilder.runnerForClass(AllDefaultPossibilitiesBuilder.java:26)
	at org.junit.runner.Computer.getRunner(Computer.java:40)
	at org.junit.runner.Computer$1.runnerForClass(Computer.java:31)
	at org.junit.runners.model.RunnerBuilder.safeRunnerForClass(RunnerBuilder.java:59)
	at org.junit.runners.model.RunnerBuilder.runners(RunnerBuilder.java:101)
	at org.junit.runners.model.RunnerBuilder.runners(RunnerBuilder.java:87)
	at org.junit.runners.Suite.<init>(Suite.java:80)
	at org.junit.runner.Computer.getSuite(Computer.java:28)
	at org.junit.runner.Request.classes(Request.java:75)
	at org.junit.runner.JUnitCore.run(JUnitCore.java:117)
	at sbst.benchmark.coverage.TestExecutionTask.call(TestExecutionTask.java:54)
	at sbst.benchmark.coverage.TestExecutionTask.call(TestExecutionTask.java:15)
	at java.util.concurrent.FutureTask.run(FutureTask.java:266)
	at java.util.concurrent.ThreadPoolExecutor.runWorker(ThreadPoolExecutor.java:1149)
	at java.util.concurrent.ThreadPoolExecutor$Worker.run(ThreadPoolExecutor.java:624)
	at java.lang.Thread.run(Thread.java:750)

Failure: [initializationError(org.apache.commons.collections4.functors.ReflectionUtils): No runnable methods]
Failing Tests: initializationError(org.apache.commons.collections4.functors.ReflectionUtils)
java.lang.Exception: No runnable methods
	at org.junit.runners.BlockJUnit4ClassRunner.validateInstanceMethods(BlockJUnit4ClassRunner.java:169)
	at org.junit.runners.BlockJUnit4ClassRunner.collectInitializationErrors(BlockJUnit4ClassRunner.java:104)
	at org.junit.runners.ParentRunner.validate(ParentRunner.java:355)
	at org.junit.runners.ParentRunner.<init>(ParentRunner.java:76)
	at org.junit.runners.BlockJUnit4ClassRunner.<init>(BlockJUnit4ClassRunner.java:57)
	at org.junit.internal.builders.JUnit4Builder.runnerForClass(JUnit4Builder.java:10)
	at org.junit.runners.model.RunnerBuilder.safeRunnerForClass(RunnerBuilder.java:59)
	at org.junit.internal.builders.AllDefaultPossibilitiesBuilder.runnerForClass(AllDefaultPossibilitiesBuilder.java:26)
	at org.junit.runner.Computer.getRunner(Computer.java:40)
	at org.junit.runner.Computer$1.runnerForClass(Computer.java:31)
	at org.junit.runners.model.RunnerBuilder.safeRunnerForClass(RunnerBuilder.java:59)
	at org.junit.runners.model.RunnerBuilder.runners(RunnerBuilder.java:101)
	at org.junit.runners.model.RunnerBuilder.runners(RunnerBuilder.java:87)
	at org.junit.runners.Suite.<init>(Suite.java:80)
	at org.junit.runner.Computer.getSuite(Computer.java:28)
	at org.junit.runner.Request.classes(Request.java:75)
	at org.junit.runner.JUnitCore.run(JUnitCore.java:117)
	at sbst.benchmark.coverage.TestExecutionTask.call(TestExecutionTask.java:54)
	at sbst.benchmark.coverage.TestExecutionTask.call(TestExecutionTask.java:15)
	at java.util.concurrent.FutureTask.run(FutureTask.java:266)
	at java.util.concurrent.ThreadPoolExecutor.runWorker(ThreadPoolExecutor.java:1149)
	at java.util.concurrent.ThreadPoolExecutor$Worker.run(ThreadPoolExecutor.java:624)
	at java.lang.Thread.run(Thread.java:750)

Executions terminated
Failure: [test(org.apache.commons.collections4.functors.CloneTransformer_transform_1236770130): The prototype must be cloneable via a public clone method]
Failing Tests: test(org.apache.commons.collections4.functors.CloneTransformer_transform_1236770130)
java.lang.IllegalArgumentException: The prototype must be cloneable via a public clone method
	at org.apache.commons.collections4.functors.PrototypeFactory.prototypeFactory(PrototypeFactory.java:87)
	at org.apache.commons.collections4.functors.CloneTransformer.transform(CloneTransformer.java:69)
	at sun.reflect.NativeMethodAccessorImpl.invoke0(Native Method)
	at sun.reflect.NativeMethodAccessorImpl.invoke(NativeMethodAccessorImpl.java:62)
	at sun.reflect.DelegatingMethodAccessorImpl.invoke(DelegatingMethodAccessorImpl.java:43)
	at java.lang.reflect.Method.invoke(Method.java:498)
	at org.apache.commons.collections4.functors.ReflectionUtils.callMethod(ReflectionUtils.java:238)
	at org.apache.commons.collections4.functors.CloneTransformer_transform_1236770130.test(CloneTransformer_transform_1236770130.java:40)
	at sun.reflect.NativeMethodAccessorImpl.invoke0(Native Method)
	at sun.reflect.NativeMethodAccessorImpl.invoke(NativeMethodAccessorImpl.java:62)
	at sun.reflect.DelegatingMethodAccessorImpl.invoke(DelegatingMethodAccessorImpl.java:43)
	at java.lang.reflect.Method.invoke(Method.java:498)
	at org.junit.runners.model.FrameworkMethod$1.runReflectiveCall(FrameworkMethod.java:47)
	at org.junit.internal.runners.model.ReflectiveCallable.run(ReflectiveCallable.java:12)
	at org.junit.runners.model.FrameworkMethod.invokeExplosively(FrameworkMethod.java:44)
	at org.junit.internal.runners.statements.InvokeMethod.evaluate(InvokeMethod.java:17)
	at org.junit.internal.runners.statements.RunBefores.evaluate(RunBefores.java:26)
	at org.junit.runners.ParentRunner.runLeaf(ParentRunner.java:271)
	at org.junit.runners.BlockJUnit4ClassRunner.runChild(BlockJUnit4ClassRunner.java:70)
	at org.junit.runners.BlockJUnit4ClassRunner.runChild(BlockJUnit4ClassRunner.java:50)
	at org.junit.runners.ParentRunner$3.run(ParentRunner.java:238)
	at org.junit.runners.ParentRunner$1.schedule(ParentRunner.java:63)
	at org.junit.runners.ParentRunner.runChildren(ParentRunner.java:236)
	at org.junit.runners.ParentRunner.access$000(ParentRunner.java:53)
	at org.junit.runners.ParentRunner$2.evaluate(ParentRunner.java:229)
	at org.junit.runners.ParentRunner.run(ParentRunner.java:309)
	at org.junit.runners.Suite.runChild(Suite.java:127)
	at org.junit.runners.Suite.runChild(Suite.java:26)
	at org.junit.runners.ParentRunner$3.run(ParentRunner.java:238)
	at org.junit.runners.ParentRunner$1.schedule(ParentRunner.java:63)
	at org.junit.runners.ParentRunner.runChildren(ParentRunner.java:236)
	at org.junit.runners.ParentRunner.access$000(ParentRunner.java:53)
	at org.junit.runners.ParentRunner$2.evaluate(ParentRunner.java:229)
	at org.junit.runners.ParentRunner.run(ParentRunner.java:309)
	at org.junit.runner.JUnitCore.run(JUnitCore.java:160)
	at org.junit.runner.JUnitCore.run(JUnitCore.java:138)
	at org.junit.runner.JUnitCore.run(JUnitCore.java:117)
	at sbst.benchmark.coverage.TestExecutionTask.call(TestExecutionTask.java:54)
	at sbst.benchmark.coverage.TestExecutionTask.call(TestExecutionTask.java:15)
	at java.util.concurrent.FutureTask.run(FutureTask.java:266)
	at java.util.concurrent.ThreadPoolExecutor.runWorker(ThreadPoolExecutor.java:1149)
	at java.util.concurrent.ThreadPoolExecutor$Worker.run(ThreadPoolExecutor.java:624)
	at java.lang.Thread.run(Thread.java:750)

Failure: [initializationError(org.apache.commons.collections4.functors.EqualityUtils): No runnable methods]
Failing Tests: initializationError(org.apache.commons.collections4.functors.EqualityUtils)
java.lang.Exception: No runnable methods
	at org.junit.runners.BlockJUnit4ClassRunner.validateInstanceMethods(BlockJUnit4ClassRunner.java:169)
	at org.junit.runners.BlockJUnit4ClassRunner.collectInitializationErrors(BlockJUnit4ClassRunner.java:104)
	at org.junit.runners.ParentRunner.validate(ParentRunner.java:355)
	at org.junit.runners.ParentRunner.<init>(ParentRunner.java:76)
	at org.junit.runners.BlockJUnit4ClassRunner.<init>(BlockJUnit4ClassRunner.java:57)
	at org.junit.internal.builders.JUnit4Builder.runnerForClass(JUnit4Builder.java:10)
	at org.junit.runners.model.RunnerBuilder.safeRunnerForClass(RunnerBuilder.java:59)
	at org.junit.internal.builders.AllDefaultPossibilitiesBuilder.runnerForClass(AllDefaultPossibilitiesBuilder.java:26)
	at org.junit.runner.Computer.getRunner(Computer.java:40)
	at org.junit.runner.Computer$1.runnerForClass(Computer.java:31)
	at org.junit.runners.model.RunnerBuilder.safeRunnerForClass(RunnerBuilder.java:59)
	at org.junit.runners.model.RunnerBuilder.runners(RunnerBuilder.java:101)
	at org.junit.runners.model.RunnerBuilder.runners(RunnerBuilder.java:87)
	at org.junit.runners.Suite.<init>(Suite.java:80)
	at org.junit.runner.Computer.getSuite(Computer.java:28)
	at org.junit.runner.Request.classes(Request.java:75)
	at org.junit.runner.JUnitCore.run(JUnitCore.java:117)
	at sbst.benchmark.coverage.TestExecutionTask.call(TestExecutionTask.java:54)
	at sbst.benchmark.coverage.TestExecutionTask.call(TestExecutionTask.java:15)
	at java.util.concurrent.FutureTask.run(FutureTask.java:266)
	at java.util.concurrent.ThreadPoolExecutor.runWorker(ThreadPoolExecutor.java:1149)
	at java.util.concurrent.ThreadPoolExecutor$Worker.run(ThreadPoolExecutor.java:624)
	at java.lang.Thread.run(Thread.java:750)

Failure: [initializationError(org.apache.commons.collections4.functors.ReflectionUtils): No runnable methods]
Failing Tests: initializationError(org.apache.commons.collections4.functors.ReflectionUtils)
java.lang.Exception: No runnable methods
	at org.junit.runners.BlockJUnit4ClassRunner.validateInstanceMethods(BlockJUnit4ClassRunner.java:169)
	at org.junit.runners.BlockJUnit4ClassRunner.collectInitializationErrors(BlockJUnit4ClassRunner.java:104)
	at org.junit.runners.ParentRunner.validate(ParentRunner.java:355)
	at org.junit.runners.ParentRunner.<init>(ParentRunner.java:76)
	at org.junit.runners.BlockJUnit4ClassRunner.<init>(BlockJUnit4ClassRunner.java:57)
	at org.junit.internal.builders.JUnit4Builder.runnerForClass(JUnit4Builder.java:10)
	at org.junit.runners.model.RunnerBuilder.safeRunnerForClass(RunnerBuilder.java:59)
	at org.junit.internal.builders.AllDefaultPossibilitiesBuilder.runnerForClass(AllDefaultPossibilitiesBuilder.java:26)
	at org.junit.runner.Computer.getRunner(Computer.java:40)
	at org.junit.runner.Computer$1.runnerForClass(Computer.java:31)
	at org.junit.runners.model.RunnerBuilder.safeRunnerForClass(RunnerBuilder.java:59)
	at org.junit.runners.model.RunnerBuilder.runners(RunnerBuilder.java:101)
	at org.junit.runners.model.RunnerBuilder.runners(RunnerBuilder.java:87)
	at org.junit.runners.Suite.<init>(Suite.java:80)
	at org.junit.runner.Computer.getSuite(Computer.java:28)
	at org.junit.runner.Request.classes(Request.java:75)
	at org.junit.runner.JUnitCore.run(JUnitCore.java:117)
	at sbst.benchmark.coverage.TestExecutionTask.call(TestExecutionTask.java:54)
	at sbst.benchmark.coverage.TestExecutionTask.call(TestExecutionTask.java:15)
	at java.util.concurrent.FutureTask.run(FutureTask.java:266)
	at java.util.concurrent.ThreadPoolExecutor.runWorker(ThreadPoolExecutor.java:1149)
	at java.util.concurrent.ThreadPoolExecutor$Worker.run(ThreadPoolExecutor.java:624)
	at java.lang.Thread.run(Thread.java:750)


=== Run Jacoco for Coverage ===
Number of instrumented file = 8644
Running tests with the following classpath: 
/home/kex/results_kex_120/COLLECTIONS-12_1/temp/testcases/commons-collections4-4.5-SNAPSHOT_instrumented.jar:/home/kex/results_kex_120/COLLECTIONS-12_1/temp/testcases/error_prone_annotations-2.18.0_instrumented.jar:/home/kex/results_kex_120/COLLECTIONS-12_1/temp/testcases/junit-jupiter-params-5.9.3_instrumented.jar:/home/kex/results_kex_120/COLLECTIONS-12_1/temp/testcases/hamcrest-core-1.3_instrumented.jar:/home/kex/results_kex_120/COLLECTIONS-12_1/temp/testcases/easymock-5.1.0_instrumented.jar:/home/kex/results_kex_120/COLLECTIONS-12_1/temp/testcases/checker-qual-3.33.0_instrumented.jar:/home/kex/results_kex_120/COLLECTIONS-12_1/temp/testcases/junit-jupiter-engine-5.9.3_instrumented.jar:/home/kex/results_kex_120/COLLECTIONS-12_1/temp/testcases/junit-platform-engine-1.9.3_instrumented.jar:/home/kex/results_kex_120/COLLECTIONS-12_1/temp/testcases/commons-lang3-3.13.0_instrumented.jar:/home/kex/results_kex_120/COLLECTIONS-12_1/temp/testcases/listenablefuture-9999.0-empty-to-avoid-conflict-with-guava_instrumented.jar:/home/kex/results_kex_120/COLLECTIONS-12_1/temp/testcases/junit-jupiter-api-5.9.3_instrumented.jar:/home/kex/results_kex_120/COLLECTIONS-12_1/temp/testcases/commons-codec-1.16.0_instrumented.jar:/home/kex/results_kex_120/COLLECTIONS-12_1/temp/testcases/apiguardian-api-1.1.2_instrumented.jar:/home/kex/results_kex_120/COLLECTIONS-12_1/temp/testcases/opentest4j-1.2.0_instrumented.jar:/home/kex/results_kex_120/COLLECTIONS-12_1/temp/testcases/failureaccess-1.0.1_instrumented.jar:/home/kex/results_kex_120/COLLECTIONS-12_1/temp/testcases/jsr305-3.0.2_instrumented.jar:/home/kex/results_kex_120/COLLECTIONS-12_1/temp/testcases/objenesis-3.3_instrumented.jar:/home/kex/results_kex_120/COLLECTIONS-12_1/temp/testcases/guava-testlib-32.1.2-jre_instrumented.jar:/home/kex/results_kex_120/COLLECTIONS-12_1/temp/testcases/j2objc-annotations-2.8_instrumented.jar:/home/kex/results_kex_120/COLLECTIONS-12_1/temp/testcases/hamcrest-2.2_instrumented.jar:/home/kex/results_kex_120/COLLECTIONS-12_1/temp/testcases/junit-4.13.2_instrumented.jar:/home/kex/results_kex_120/COLLECTIONS-12_1/temp/testcases/commons-io-2.13.0_instrumented.jar:/home/kex/results_kex_120/COLLECTIONS-12_1/temp/testcases/guava-32.1.2-jre_instrumented.jar:/usr/local/bin/lib/hamcrest-core.jar:/usr/local/bin/lib/junit.jar:/home/kex/results_kex_120/COLLECTIONS-12_1/temp/testcases/bin
Running the tests: [SBSTDummyForCoverageAndMutationCalculation, org.apache.commons.collections4.functors.CloneTransformer_cloneTransformer_1978131750, org.apache.commons.collections4.functors.CloneTransformer_cloneTransformer_1978131751, org.apache.commons.collections4.functors.CloneTransformer_init_8807305150, org.apache.commons.collections4.functors.CloneTransformer_init_8807305151, org.apache.commons.collections4.functors.CloneTransformer_transform_1236770130, org.apache.commons.collections4.functors.CloneTransformer_transform_1236770131, org.apache.commons.collections4.functors.EqualityUtils, org.apache.commons.collections4.functors.ReflectionUtils]
Executions terminated
Number of file with coverage information = 566
Extracted coverage data for the class org/apache/commons/collections4/functors/CloneTransformer
Number of file with coverage information = 26
Number of file with coverage information = 343
Number of file with coverage information = 45
Number of file with coverage information = 2827
Number of file with coverage information = 358
Number of file with coverage information = 134
Number of file with coverage information = 127
Number of file with coverage information = 390
Number of file with coverage information = 0
Number of file with coverage information = 179
Number of file with coverage information = 109
Number of file with coverage information = 3
Number of file with coverage information = 7
Number of file with coverage information = 2
Number of file with coverage information = 35
Number of file with coverage information = 43
Number of file with coverage information = 630
Number of file with coverage information = 13
Number of file with coverage information = 108
Number of file with coverage information = 350
Number of file with coverage information = 329
Number of file with coverage information = 2020

=== Run PIT ===
Matching Jacoco with PIT: find covered mutations
Executing Mutation Analysis using 4 mutants 
Evaluating mutant -1315092855 using tests: [org.apache.commons.collections4.functors.CloneTransformer_cloneTransformer_1978131750, org.apache.commons.collections4.functors.CloneTransformer_cloneTransformer_1978131751, org.apache.commons.collections4.functors.CloneTransformer_init_8807305150, org.apache.commons.collections4.functors.CloneTransformer_init_8807305151, org.apache.commons.collections4.functors.CloneTransformer_transform_1236770130, org.apache.commons.collections4.functors.CloneTransformer_transform_1236770131, org.apache.commons.collections4.functors.EqualityUtils, org.apache.commons.collections4.functors.ReflectionUtils]

 CP : /usr/local/bin/lib/junit.jar:/usr/local/bin/lib/hamcrest-core.jar:results_kex_120/COLLECTIONS-12_1/temp/testcases/mutated_code/SUT:/home/kex/results_kex_120/COLLECTIONS-12_1/temp/testcases/bin:results_kex_120/COLLECTIONS-12_1/temp/testcases/mutated_code/CUT0

Failed test test(org.apache.commons.collections4.functors.CloneTransformer_cloneTransformer_1978131750)
	 actual test, will stop test execution !
TestExec4MutationTask: Mutant MutationIdentifier [location=Location [clazz=org.apache.commons.collections4.functors.CloneTransformer, method=transform, methodDesc=(Ljava/lang/Object;)Ljava/lang/Object;], indexes=[8], mutator=org.pitest.mutationtest.engine.gregor.mutators.ReturnValsMutator] killed by test (org.apache.commons.collections4.functors.CloneTransformer_cloneTransformer_1978131750),test)
Evaluating mutant -654242890 using tests: [org.apache.commons.collections4.functors.CloneTransformer_cloneTransformer_1978131750, org.apache.commons.collections4.functors.CloneTransformer_cloneTransformer_1978131751, org.apache.commons.collections4.functors.CloneTransformer_init_8807305150, org.apache.commons.collections4.functors.CloneTransformer_init_8807305151, org.apache.commons.collections4.functors.CloneTransformer_transform_1236770130, org.apache.commons.collections4.functors.CloneTransformer_transform_1236770131, org.apache.commons.collections4.functors.EqualityUtils, org.apache.commons.collections4.functors.ReflectionUtils]

 CP : /usr/local/bin/lib/junit.jar:/usr/local/bin/lib/hamcrest-core.jar:results_kex_120/COLLECTIONS-12_1/temp/testcases/mutated_code/SUT:/home/kex/results_kex_120/COLLECTIONS-12_1/temp/testcases/bin:results_kex_120/COLLECTIONS-12_1/temp/testcases/mutated_code/CUT1

Failed test test(org.apache.commons.collections4.functors.CloneTransformer_cloneTransformer_1978131750)
	 actual test, will stop test execution !
TestExec4MutationTask: Mutant MutationIdentifier [location=Location [clazz=org.apache.commons.collections4.functors.CloneTransformer, method=cloneTransformer, methodDesc=()Lorg/apache/commons/collections4/Transformer;], indexes=[4], mutator=org.pitest.mutationtest.engine.gregor.mutators.ReturnValsMutator] killed by test (org.apache.commons.collections4.functors.CloneTransformer_cloneTransformer_1978131750),test)
Evaluating mutant -11387944 using tests: [org.apache.commons.collections4.functors.CloneTransformer_cloneTransformer_1978131750, org.apache.commons.collections4.functors.CloneTransformer_cloneTransformer_1978131751, org.apache.commons.collections4.functors.CloneTransformer_init_8807305150, org.apache.commons.collections4.functors.CloneTransformer_init_8807305151, org.apache.commons.collections4.functors.CloneTransformer_transform_1236770130, org.apache.commons.collections4.functors.CloneTransformer_transform_1236770131, org.apache.commons.collections4.functors.EqualityUtils, org.apache.commons.collections4.functors.ReflectionUtils]

 CP : /usr/local/bin/lib/junit.jar:/usr/local/bin/lib/hamcrest-core.jar:results_kex_120/COLLECTIONS-12_1/temp/testcases/mutated_code/SUT:/home/kex/results_kex_120/COLLECTIONS-12_1/temp/testcases/bin:results_kex_120/COLLECTIONS-12_1/temp/testcases/mutated_code/CUT2

Failed test test(org.apache.commons.collections4.functors.CloneTransformer_cloneTransformer_1978131750)
	 actual test, will stop test execution !
TestExec4MutationTask: Mutant MutationIdentifier [location=Location [clazz=org.apache.commons.collections4.functors.CloneTransformer, method=transform, methodDesc=(Ljava/lang/Object;)Ljava/lang/Object;], indexes=[4], mutator=org.pitest.mutationtest.engine.gregor.mutators.NegateConditionalsMutator] killed by test (org.apache.commons.collections4.functors.CloneTransformer_cloneTransformer_1978131750),test)
mutationResult.getState() KILLED
* Killed mutant MutationDetails [id=MutationIdentifier [location=Location [clazz=org.apache.commons.collections4.functors.CloneTransformer, method=transform, methodDesc=(Ljava/lang/Object;)Ljava/lang/Object;], indexes=[8], mutator=org.pitest.mutationtest.engine.gregor.mutators.ReturnValsMutator], filename=CloneTransformer.java, block=3, lineNumber=67, description=mutated return of Object value for org/apache/commons/collections4/functors/CloneTransformer::transform to ( if (x != null) null else throw new RuntimeException ), testsInOrder=[]]
mutationResult.getState() KILLED
* Killed mutant MutationDetails [id=MutationIdentifier [location=Location [clazz=org.apache.commons.collections4.functors.CloneTransformer, method=cloneTransformer, methodDesc=()Lorg/apache/commons/collections4/Transformer;], indexes=[4], mutator=org.pitest.mutationtest.engine.gregor.mutators.ReturnValsMutator], filename=CloneTransformer.java, block=0, lineNumber=49, description=mutated return of Object value for org/apache/commons/collections4/functors/CloneTransformer::cloneTransformer to ( if (x != null) null else throw new RuntimeException ), testsInOrder=[]]
mutationResult.getState() KILLED
* Killed mutant MutationDetails [id=MutationIdentifier [location=Location [clazz=org.apache.commons.collections4.functors.CloneTransformer, method=transform, methodDesc=(Ljava/lang/Object;)Ljava/lang/Object;], indexes=[4], mutator=org.pitest.mutationtest.engine.gregor.mutators.NegateConditionalsMutator], filename=CloneTransformer.java, block=2, lineNumber=66, description=negated conditional, testsInOrder=[]]

>>> RESULTS:
	Tool name: kex
	Benchmark: COLLECTIONS-12
	Class Under Test: org.apache.commons.collections4.functors.CloneTransformer
	Run number: 1
	Tool preparation time (ms): 18337
	Tool test cases generation time (ms): 162295
	Test cases execution time (ms): 122
	Test case number: 6
	Uncompilable Test Classes: 0
	Broken tests number: 3
	Failing tests number: 0
	Lines total: 5
	Lines covered: 4
	Lines coverage ratio (%): 80.0
	Conditions total: 2
	Conditions covered: 1
	Conditions coverage ratio (%): 50.0
	Mutants total: 4
	Mutants covered: 3
	Mutants coverage ratio (%): 75.0
	Mutants killed: 3
	Mutants killed ratio (%): 75.0
	Mutants alive: 1


Class org.apache.commons.collections4.functors.CloneTransformer ended.
Stopping process...
Tool subprocess is an instance of java.lang.UNIXProcess
Tool subprocess Id is 167996
Killing master process 167996
Executing command kill -9 167996
Execution of command kill -9 167996 finished.
Process was destroyed
