
>>> TOOL NAME:  kex

>>> BENCHMARK:  TA4J-80

>>> RUN NUMBER: 1

>>> MODE: --only-compute-metrics
Creating directory ./temp
Creating directory ./temp/data
Creating directory ./temp/testcases
Executing /home/kex/./runtool
>> BENCHMARK
>> /var/benchmarks/projects/ta4j/ta4j-core/src/main/java
>> /var/benchmarks/projects/ta4j/ta4j-core/target/classes
>> 12
>> /var/benchmarks/projects/ta4j/ta4j-core/target/ta4j-core-0.15.jar
>> /var/benchmarks/projects/ta4j/ta4j-core/target/dependency/hamcrest-core-1.3.jar
>> /var/benchmarks/projects/ta4j/ta4j-core/target/dependency/commons-io-2.11.0.jar
>> /var/benchmarks/projects/ta4j/ta4j-core/target/dependency/logback-classic-1.2.3.jar
>> /var/benchmarks/projects/ta4j/ta4j-core/target/dependency/commons-math3-3.6.1.jar
>> /var/benchmarks/projects/ta4j/ta4j-core/target/dependency/SparseBitSet-1.2.jar
>> /var/benchmarks/projects/ta4j/ta4j-core/target/dependency/junit-4.13.1.jar
>> /var/benchmarks/projects/ta4j/ta4j-core/target/dependency/logback-core-1.2.3.jar
>> /var/benchmarks/projects/ta4j/ta4j-core/target/dependency/poi-5.2.2.jar
>> /var/benchmarks/projects/ta4j/ta4j-core/target/dependency/commons-codec-1.15.jar
>> /var/benchmarks/projects/ta4j/ta4j-core/target/dependency/commons-collections4-4.4.jar
>> /var/benchmarks/projects/ta4j/ta4j-core/target/dependency/slf4j-api-1.7.25.jar
>> 0
expecting CLASSPATH or READY
<< READY
>> 120


### COMPUTING METRICS ###: org.ta4j.core.criteria.NumberOfConsecutivePositionsCriterion


Starting class org.ta4j.core.criteria.NumberOfConsecutivePositionsCriterion


Ending class org.ta4j.core.criteria.NumberOfConsecutivePositionsCriterion
Creating directory results_kex_120/TA4J-80_1/temp/testcases/bin
Creating dummy JUnit test file

---Compilation---

===
javac command line:
/usr/bin/javac -sourcepath /home/kex/results_kex_120/TA4J-80_1/temp/testcases -cp /var/benchmarks/projects/ta4j/ta4j-core/target/ta4j-core-0.15.jar:/var/benchmarks/projects/ta4j/ta4j-core/target/dependency/hamcrest-core-1.3.jar:/var/benchmarks/projects/ta4j/ta4j-core/target/dependency/commons-io-2.11.0.jar:/var/benchmarks/projects/ta4j/ta4j-core/target/dependency/logback-classic-1.2.3.jar:/var/benchmarks/projects/ta4j/ta4j-core/target/dependency/commons-math3-3.6.1.jar:/var/benchmarks/projects/ta4j/ta4j-core/target/dependency/SparseBitSet-1.2.jar:/var/benchmarks/projects/ta4j/ta4j-core/target/dependency/junit-4.13.1.jar:/var/benchmarks/projects/ta4j/ta4j-core/target/dependency/logback-core-1.2.3.jar:/var/benchmarks/projects/ta4j/ta4j-core/target/dependency/poi-5.2.2.jar:/var/benchmarks/projects/ta4j/ta4j-core/target/dependency/commons-codec-1.15.jar:/var/benchmarks/projects/ta4j/ta4j-core/target/dependency/commons-collections4-4.4.jar:/var/benchmarks/projects/ta4j/ta4j-core/target/dependency/slf4j-api-1.7.25.jar:/usr/local/bin/lib/junit.jar:/usr/local/bin/lib/hamcrest-core.jar -d results_kex_120/TA4J-80_1/temp/testcases/bin /home/kex/results_kex_120/TA4J-80_1/temp/testcases/SBSTDummyForCoverageAndMutationCalculation.java


===
javac command line:
/usr/bin/javac -sourcepath /home/kex/results_kex_120/TA4J-80_1/temp/testcases -cp /var/benchmarks/projects/ta4j/ta4j-core/target/ta4j-core-0.15.jar:/var/benchmarks/projects/ta4j/ta4j-core/target/dependency/hamcrest-core-1.3.jar:/var/benchmarks/projects/ta4j/ta4j-core/target/dependency/commons-io-2.11.0.jar:/var/benchmarks/projects/ta4j/ta4j-core/target/dependency/logback-classic-1.2.3.jar:/var/benchmarks/projects/ta4j/ta4j-core/target/dependency/commons-math3-3.6.1.jar:/var/benchmarks/projects/ta4j/ta4j-core/target/dependency/SparseBitSet-1.2.jar:/var/benchmarks/projects/ta4j/ta4j-core/target/dependency/junit-4.13.1.jar:/var/benchmarks/projects/ta4j/ta4j-core/target/dependency/logback-core-1.2.3.jar:/var/benchmarks/projects/ta4j/ta4j-core/target/dependency/poi-5.2.2.jar:/var/benchmarks/projects/ta4j/ta4j-core/target/dependency/commons-codec-1.15.jar:/var/benchmarks/projects/ta4j/ta4j-core/target/dependency/commons-collections4-4.4.jar:/var/benchmarks/projects/ta4j/ta4j-core/target/dependency/slf4j-api-1.7.25.jar:/usr/local/bin/lib/junit.jar:/usr/local/bin/lib/hamcrest-core.jar -d results_kex_120/TA4J-80_1/temp/testcases/bin /home/kex/results_kex_120/TA4J-80_1/temp/testcases/org/ta4j/core/criteria/EqualityUtils.java

Compiled 'org/ta4j/core/criteria/EqualityUtils.java'

===
javac command line:
/usr/bin/javac -sourcepath /home/kex/results_kex_120/TA4J-80_1/temp/testcases -cp /var/benchmarks/projects/ta4j/ta4j-core/target/ta4j-core-0.15.jar:/var/benchmarks/projects/ta4j/ta4j-core/target/dependency/hamcrest-core-1.3.jar:/var/benchmarks/projects/ta4j/ta4j-core/target/dependency/commons-io-2.11.0.jar:/var/benchmarks/projects/ta4j/ta4j-core/target/dependency/logback-classic-1.2.3.jar:/var/benchmarks/projects/ta4j/ta4j-core/target/dependency/commons-math3-3.6.1.jar:/var/benchmarks/projects/ta4j/ta4j-core/target/dependency/SparseBitSet-1.2.jar:/var/benchmarks/projects/ta4j/ta4j-core/target/dependency/junit-4.13.1.jar:/var/benchmarks/projects/ta4j/ta4j-core/target/dependency/logback-core-1.2.3.jar:/var/benchmarks/projects/ta4j/ta4j-core/target/dependency/poi-5.2.2.jar:/var/benchmarks/projects/ta4j/ta4j-core/target/dependency/commons-codec-1.15.jar:/var/benchmarks/projects/ta4j/ta4j-core/target/dependency/commons-collections4-4.4.jar:/var/benchmarks/projects/ta4j/ta4j-core/target/dependency/slf4j-api-1.7.25.jar:/usr/local/bin/lib/junit.jar:/usr/local/bin/lib/hamcrest-core.jar -d results_kex_120/TA4J-80_1/temp/testcases/bin /home/kex/results_kex_120/TA4J-80_1/temp/testcases/org/ta4j/core/criteria/NumberOfConsecutivePositionsCriterion_betterThan_5105473760.java

/home/kex/results_kex_120/TA4J-80_1/temp/testcases/org/ta4j/core/criteria/ReflectionUtils.java:9: warning: Unsafe is internal proprietary API and may be removed in a future release
import sun.misc.Unsafe;
               ^
/home/kex/results_kex_120/TA4J-80_1/temp/testcases/org/ta4j/core/criteria/ReflectionUtils.java:13: warning: Unsafe is internal proprietary API and may be removed in a future release
    public static final Unsafe UNSAFE;
                        ^
/home/kex/results_kex_120/TA4J-80_1/temp/testcases/org/ta4j/core/criteria/ReflectionUtils.java:17: warning: Unsafe is internal proprietary API and may be removed in a future release
            final Field uns = Unsafe.class.getDeclaredField("theUnsafe");
                              ^
/home/kex/results_kex_120/TA4J-80_1/temp/testcases/org/ta4j/core/criteria/ReflectionUtils.java:19: warning: Unsafe is internal proprietary API and may be removed in a future release
            UNSAFE = (Unsafe) uns.get(null);
                      ^
4 warnings
Compiled 'org/ta4j/core/criteria/NumberOfConsecutivePositionsCriterion_betterThan_5105473760.java'

===
javac command line:
/usr/bin/javac -sourcepath /home/kex/results_kex_120/TA4J-80_1/temp/testcases -cp /var/benchmarks/projects/ta4j/ta4j-core/target/ta4j-core-0.15.jar:/var/benchmarks/projects/ta4j/ta4j-core/target/dependency/hamcrest-core-1.3.jar:/var/benchmarks/projects/ta4j/ta4j-core/target/dependency/commons-io-2.11.0.jar:/var/benchmarks/projects/ta4j/ta4j-core/target/dependency/logback-classic-1.2.3.jar:/var/benchmarks/projects/ta4j/ta4j-core/target/dependency/commons-math3-3.6.1.jar:/var/benchmarks/projects/ta4j/ta4j-core/target/dependency/SparseBitSet-1.2.jar:/var/benchmarks/projects/ta4j/ta4j-core/target/dependency/junit-4.13.1.jar:/var/benchmarks/projects/ta4j/ta4j-core/target/dependency/logback-core-1.2.3.jar:/var/benchmarks/projects/ta4j/ta4j-core/target/dependency/poi-5.2.2.jar:/var/benchmarks/projects/ta4j/ta4j-core/target/dependency/commons-codec-1.15.jar:/var/benchmarks/projects/ta4j/ta4j-core/target/dependency/commons-collections4-4.4.jar:/var/benchmarks/projects/ta4j/ta4j-core/target/dependency/slf4j-api-1.7.25.jar:/usr/local/bin/lib/junit.jar:/usr/local/bin/lib/hamcrest-core.jar -d results_kex_120/TA4J-80_1/temp/testcases/bin /home/kex/results_kex_120/TA4J-80_1/temp/testcases/org/ta4j/core/criteria/NumberOfConsecutivePositionsCriterion_betterThan_5105473761.java

/home/kex/results_kex_120/TA4J-80_1/temp/testcases/org/ta4j/core/criteria/ReflectionUtils.java:9: warning: Unsafe is internal proprietary API and may be removed in a future release
import sun.misc.Unsafe;
               ^
/home/kex/results_kex_120/TA4J-80_1/temp/testcases/org/ta4j/core/criteria/ReflectionUtils.java:13: warning: Unsafe is internal proprietary API and may be removed in a future release
    public static final Unsafe UNSAFE;
                        ^
/home/kex/results_kex_120/TA4J-80_1/temp/testcases/org/ta4j/core/criteria/ReflectionUtils.java:17: warning: Unsafe is internal proprietary API and may be removed in a future release
            final Field uns = Unsafe.class.getDeclaredField("theUnsafe");
                              ^
/home/kex/results_kex_120/TA4J-80_1/temp/testcases/org/ta4j/core/criteria/ReflectionUtils.java:19: warning: Unsafe is internal proprietary API and may be removed in a future release
            UNSAFE = (Unsafe) uns.get(null);
                      ^
4 warnings
Compiled 'org/ta4j/core/criteria/NumberOfConsecutivePositionsCriterion_betterThan_5105473761.java'

===
javac command line:
/usr/bin/javac -sourcepath /home/kex/results_kex_120/TA4J-80_1/temp/testcases -cp /var/benchmarks/projects/ta4j/ta4j-core/target/ta4j-core-0.15.jar:/var/benchmarks/projects/ta4j/ta4j-core/target/dependency/hamcrest-core-1.3.jar:/var/benchmarks/projects/ta4j/ta4j-core/target/dependency/commons-io-2.11.0.jar:/var/benchmarks/projects/ta4j/ta4j-core/target/dependency/logback-classic-1.2.3.jar:/var/benchmarks/projects/ta4j/ta4j-core/target/dependency/commons-math3-3.6.1.jar:/var/benchmarks/projects/ta4j/ta4j-core/target/dependency/SparseBitSet-1.2.jar:/var/benchmarks/projects/ta4j/ta4j-core/target/dependency/junit-4.13.1.jar:/var/benchmarks/projects/ta4j/ta4j-core/target/dependency/logback-core-1.2.3.jar:/var/benchmarks/projects/ta4j/ta4j-core/target/dependency/poi-5.2.2.jar:/var/benchmarks/projects/ta4j/ta4j-core/target/dependency/commons-codec-1.15.jar:/var/benchmarks/projects/ta4j/ta4j-core/target/dependency/commons-collections4-4.4.jar:/var/benchmarks/projects/ta4j/ta4j-core/target/dependency/slf4j-api-1.7.25.jar:/usr/local/bin/lib/junit.jar:/usr/local/bin/lib/hamcrest-core.jar -d results_kex_120/TA4J-80_1/temp/testcases/bin /home/kex/results_kex_120/TA4J-80_1/temp/testcases/org/ta4j/core/criteria/NumberOfConsecutivePositionsCriterion_calculate_13346717230.java

/home/kex/results_kex_120/TA4J-80_1/temp/testcases/org/ta4j/core/criteria/ReflectionUtils.java:9: warning: Unsafe is internal proprietary API and may be removed in a future release
import sun.misc.Unsafe;
               ^
/home/kex/results_kex_120/TA4J-80_1/temp/testcases/org/ta4j/core/criteria/ReflectionUtils.java:13: warning: Unsafe is internal proprietary API and may be removed in a future release
    public static final Unsafe UNSAFE;
                        ^
/home/kex/results_kex_120/TA4J-80_1/temp/testcases/org/ta4j/core/criteria/ReflectionUtils.java:17: warning: Unsafe is internal proprietary API and may be removed in a future release
            final Field uns = Unsafe.class.getDeclaredField("theUnsafe");
                              ^
/home/kex/results_kex_120/TA4J-80_1/temp/testcases/org/ta4j/core/criteria/ReflectionUtils.java:19: warning: Unsafe is internal proprietary API and may be removed in a future release
            UNSAFE = (Unsafe) uns.get(null);
                      ^
4 warnings
Compiled 'org/ta4j/core/criteria/NumberOfConsecutivePositionsCriterion_calculate_13346717230.java'

===
javac command line:
/usr/bin/javac -sourcepath /home/kex/results_kex_120/TA4J-80_1/temp/testcases -cp /var/benchmarks/projects/ta4j/ta4j-core/target/ta4j-core-0.15.jar:/var/benchmarks/projects/ta4j/ta4j-core/target/dependency/hamcrest-core-1.3.jar:/var/benchmarks/projects/ta4j/ta4j-core/target/dependency/commons-io-2.11.0.jar:/var/benchmarks/projects/ta4j/ta4j-core/target/dependency/logback-classic-1.2.3.jar:/var/benchmarks/projects/ta4j/ta4j-core/target/dependency/commons-math3-3.6.1.jar:/var/benchmarks/projects/ta4j/ta4j-core/target/dependency/SparseBitSet-1.2.jar:/var/benchmarks/projects/ta4j/ta4j-core/target/dependency/junit-4.13.1.jar:/var/benchmarks/projects/ta4j/ta4j-core/target/dependency/logback-core-1.2.3.jar:/var/benchmarks/projects/ta4j/ta4j-core/target/dependency/poi-5.2.2.jar:/var/benchmarks/projects/ta4j/ta4j-core/target/dependency/commons-codec-1.15.jar:/var/benchmarks/projects/ta4j/ta4j-core/target/dependency/commons-collections4-4.4.jar:/var/benchmarks/projects/ta4j/ta4j-core/target/dependency/slf4j-api-1.7.25.jar:/usr/local/bin/lib/junit.jar:/usr/local/bin/lib/hamcrest-core.jar -d results_kex_120/TA4J-80_1/temp/testcases/bin /home/kex/results_kex_120/TA4J-80_1/temp/testcases/org/ta4j/core/criteria/NumberOfConsecutivePositionsCriterion_calculate_13346717231.java

/home/kex/results_kex_120/TA4J-80_1/temp/testcases/org/ta4j/core/criteria/ReflectionUtils.java:9: warning: Unsafe is internal proprietary API and may be removed in a future release
import sun.misc.Unsafe;
               ^
/home/kex/results_kex_120/TA4J-80_1/temp/testcases/org/ta4j/core/criteria/ReflectionUtils.java:13: warning: Unsafe is internal proprietary API and may be removed in a future release
    public static final Unsafe UNSAFE;
                        ^
/home/kex/results_kex_120/TA4J-80_1/temp/testcases/org/ta4j/core/criteria/ReflectionUtils.java:17: warning: Unsafe is internal proprietary API and may be removed in a future release
            final Field uns = Unsafe.class.getDeclaredField("theUnsafe");
                              ^
/home/kex/results_kex_120/TA4J-80_1/temp/testcases/org/ta4j/core/criteria/ReflectionUtils.java:19: warning: Unsafe is internal proprietary API and may be removed in a future release
            UNSAFE = (Unsafe) uns.get(null);
                      ^
4 warnings
Compiled 'org/ta4j/core/criteria/NumberOfConsecutivePositionsCriterion_calculate_13346717231.java'

===
javac command line:
/usr/bin/javac -sourcepath /home/kex/results_kex_120/TA4J-80_1/temp/testcases -cp /var/benchmarks/projects/ta4j/ta4j-core/target/ta4j-core-0.15.jar:/var/benchmarks/projects/ta4j/ta4j-core/target/dependency/hamcrest-core-1.3.jar:/var/benchmarks/projects/ta4j/ta4j-core/target/dependency/commons-io-2.11.0.jar:/var/benchmarks/projects/ta4j/ta4j-core/target/dependency/logback-classic-1.2.3.jar:/var/benchmarks/projects/ta4j/ta4j-core/target/dependency/commons-math3-3.6.1.jar:/var/benchmarks/projects/ta4j/ta4j-core/target/dependency/SparseBitSet-1.2.jar:/var/benchmarks/projects/ta4j/ta4j-core/target/dependency/junit-4.13.1.jar:/var/benchmarks/projects/ta4j/ta4j-core/target/dependency/logback-core-1.2.3.jar:/var/benchmarks/projects/ta4j/ta4j-core/target/dependency/poi-5.2.2.jar:/var/benchmarks/projects/ta4j/ta4j-core/target/dependency/commons-codec-1.15.jar:/var/benchmarks/projects/ta4j/ta4j-core/target/dependency/commons-collections4-4.4.jar:/var/benchmarks/projects/ta4j/ta4j-core/target/dependency/slf4j-api-1.7.25.jar:/usr/local/bin/lib/junit.jar:/usr/local/bin/lib/hamcrest-core.jar -d results_kex_120/TA4J-80_1/temp/testcases/bin /home/kex/results_kex_120/TA4J-80_1/temp/testcases/org/ta4j/core/criteria/NumberOfConsecutivePositionsCriterion_calculate_14615767580.java

/home/kex/results_kex_120/TA4J-80_1/temp/testcases/org/ta4j/core/criteria/ReflectionUtils.java:9: warning: Unsafe is internal proprietary API and may be removed in a future release
import sun.misc.Unsafe;
               ^
/home/kex/results_kex_120/TA4J-80_1/temp/testcases/org/ta4j/core/criteria/ReflectionUtils.java:13: warning: Unsafe is internal proprietary API and may be removed in a future release
    public static final Unsafe UNSAFE;
                        ^
/home/kex/results_kex_120/TA4J-80_1/temp/testcases/org/ta4j/core/criteria/ReflectionUtils.java:17: warning: Unsafe is internal proprietary API and may be removed in a future release
            final Field uns = Unsafe.class.getDeclaredField("theUnsafe");
                              ^
/home/kex/results_kex_120/TA4J-80_1/temp/testcases/org/ta4j/core/criteria/ReflectionUtils.java:19: warning: Unsafe is internal proprietary API and may be removed in a future release
            UNSAFE = (Unsafe) uns.get(null);
                      ^
4 warnings
Compiled 'org/ta4j/core/criteria/NumberOfConsecutivePositionsCriterion_calculate_14615767580.java'

===
javac command line:
/usr/bin/javac -sourcepath /home/kex/results_kex_120/TA4J-80_1/temp/testcases -cp /var/benchmarks/projects/ta4j/ta4j-core/target/ta4j-core-0.15.jar:/var/benchmarks/projects/ta4j/ta4j-core/target/dependency/hamcrest-core-1.3.jar:/var/benchmarks/projects/ta4j/ta4j-core/target/dependency/commons-io-2.11.0.jar:/var/benchmarks/projects/ta4j/ta4j-core/target/dependency/logback-classic-1.2.3.jar:/var/benchmarks/projects/ta4j/ta4j-core/target/dependency/commons-math3-3.6.1.jar:/var/benchmarks/projects/ta4j/ta4j-core/target/dependency/SparseBitSet-1.2.jar:/var/benchmarks/projects/ta4j/ta4j-core/target/dependency/junit-4.13.1.jar:/var/benchmarks/projects/ta4j/ta4j-core/target/dependency/logback-core-1.2.3.jar:/var/benchmarks/projects/ta4j/ta4j-core/target/dependency/poi-5.2.2.jar:/var/benchmarks/projects/ta4j/ta4j-core/target/dependency/commons-codec-1.15.jar:/var/benchmarks/projects/ta4j/ta4j-core/target/dependency/commons-collections4-4.4.jar:/var/benchmarks/projects/ta4j/ta4j-core/target/dependency/slf4j-api-1.7.25.jar:/usr/local/bin/lib/junit.jar:/usr/local/bin/lib/hamcrest-core.jar -d results_kex_120/TA4J-80_1/temp/testcases/bin /home/kex/results_kex_120/TA4J-80_1/temp/testcases/org/ta4j/core/criteria/NumberOfConsecutivePositionsCriterion_calculate_14615767581.java

/home/kex/results_kex_120/TA4J-80_1/temp/testcases/org/ta4j/core/criteria/ReflectionUtils.java:9: warning: Unsafe is internal proprietary API and may be removed in a future release
import sun.misc.Unsafe;
               ^
/home/kex/results_kex_120/TA4J-80_1/temp/testcases/org/ta4j/core/criteria/ReflectionUtils.java:13: warning: Unsafe is internal proprietary API and may be removed in a future release
    public static final Unsafe UNSAFE;
                        ^
/home/kex/results_kex_120/TA4J-80_1/temp/testcases/org/ta4j/core/criteria/ReflectionUtils.java:17: warning: Unsafe is internal proprietary API and may be removed in a future release
            final Field uns = Unsafe.class.getDeclaredField("theUnsafe");
                              ^
/home/kex/results_kex_120/TA4J-80_1/temp/testcases/org/ta4j/core/criteria/ReflectionUtils.java:19: warning: Unsafe is internal proprietary API and may be removed in a future release
            UNSAFE = (Unsafe) uns.get(null);
                      ^
4 warnings
Compiled 'org/ta4j/core/criteria/NumberOfConsecutivePositionsCriterion_calculate_14615767581.java'

===
javac command line:
/usr/bin/javac -sourcepath /home/kex/results_kex_120/TA4J-80_1/temp/testcases -cp /var/benchmarks/projects/ta4j/ta4j-core/target/ta4j-core-0.15.jar:/var/benchmarks/projects/ta4j/ta4j-core/target/dependency/hamcrest-core-1.3.jar:/var/benchmarks/projects/ta4j/ta4j-core/target/dependency/commons-io-2.11.0.jar:/var/benchmarks/projects/ta4j/ta4j-core/target/dependency/logback-classic-1.2.3.jar:/var/benchmarks/projects/ta4j/ta4j-core/target/dependency/commons-math3-3.6.1.jar:/var/benchmarks/projects/ta4j/ta4j-core/target/dependency/SparseBitSet-1.2.jar:/var/benchmarks/projects/ta4j/ta4j-core/target/dependency/junit-4.13.1.jar:/var/benchmarks/projects/ta4j/ta4j-core/target/dependency/logback-core-1.2.3.jar:/var/benchmarks/projects/ta4j/ta4j-core/target/dependency/poi-5.2.2.jar:/var/benchmarks/projects/ta4j/ta4j-core/target/dependency/commons-codec-1.15.jar:/var/benchmarks/projects/ta4j/ta4j-core/target/dependency/commons-collections4-4.4.jar:/var/benchmarks/projects/ta4j/ta4j-core/target/dependency/slf4j-api-1.7.25.jar:/usr/local/bin/lib/junit.jar:/usr/local/bin/lib/hamcrest-core.jar -d results_kex_120/TA4J-80_1/temp/testcases/bin /home/kex/results_kex_120/TA4J-80_1/temp/testcases/org/ta4j/core/criteria/NumberOfConsecutivePositionsCriterion_init_3376390320.java

/home/kex/results_kex_120/TA4J-80_1/temp/testcases/org/ta4j/core/criteria/ReflectionUtils.java:9: warning: Unsafe is internal proprietary API and may be removed in a future release
import sun.misc.Unsafe;
               ^
/home/kex/results_kex_120/TA4J-80_1/temp/testcases/org/ta4j/core/criteria/ReflectionUtils.java:13: warning: Unsafe is internal proprietary API and may be removed in a future release
    public static final Unsafe UNSAFE;
                        ^
/home/kex/results_kex_120/TA4J-80_1/temp/testcases/org/ta4j/core/criteria/ReflectionUtils.java:17: warning: Unsafe is internal proprietary API and may be removed in a future release
            final Field uns = Unsafe.class.getDeclaredField("theUnsafe");
                              ^
/home/kex/results_kex_120/TA4J-80_1/temp/testcases/org/ta4j/core/criteria/ReflectionUtils.java:19: warning: Unsafe is internal proprietary API and may be removed in a future release
            UNSAFE = (Unsafe) uns.get(null);
                      ^
4 warnings
Compiled 'org/ta4j/core/criteria/NumberOfConsecutivePositionsCriterion_init_3376390320.java'

===
javac command line:
/usr/bin/javac -sourcepath /home/kex/results_kex_120/TA4J-80_1/temp/testcases -cp /var/benchmarks/projects/ta4j/ta4j-core/target/ta4j-core-0.15.jar:/var/benchmarks/projects/ta4j/ta4j-core/target/dependency/hamcrest-core-1.3.jar:/var/benchmarks/projects/ta4j/ta4j-core/target/dependency/commons-io-2.11.0.jar:/var/benchmarks/projects/ta4j/ta4j-core/target/dependency/logback-classic-1.2.3.jar:/var/benchmarks/projects/ta4j/ta4j-core/target/dependency/commons-math3-3.6.1.jar:/var/benchmarks/projects/ta4j/ta4j-core/target/dependency/SparseBitSet-1.2.jar:/var/benchmarks/projects/ta4j/ta4j-core/target/dependency/junit-4.13.1.jar:/var/benchmarks/projects/ta4j/ta4j-core/target/dependency/logback-core-1.2.3.jar:/var/benchmarks/projects/ta4j/ta4j-core/target/dependency/poi-5.2.2.jar:/var/benchmarks/projects/ta4j/ta4j-core/target/dependency/commons-codec-1.15.jar:/var/benchmarks/projects/ta4j/ta4j-core/target/dependency/commons-collections4-4.4.jar:/var/benchmarks/projects/ta4j/ta4j-core/target/dependency/slf4j-api-1.7.25.jar:/usr/local/bin/lib/junit.jar:/usr/local/bin/lib/hamcrest-core.jar -d results_kex_120/TA4J-80_1/temp/testcases/bin /home/kex/results_kex_120/TA4J-80_1/temp/testcases/org/ta4j/core/criteria/NumberOfConsecutivePositionsCriterion_init_3376390321.java

/home/kex/results_kex_120/TA4J-80_1/temp/testcases/org/ta4j/core/criteria/ReflectionUtils.java:9: warning: Unsafe is internal proprietary API and may be removed in a future release
import sun.misc.Unsafe;
               ^
/home/kex/results_kex_120/TA4J-80_1/temp/testcases/org/ta4j/core/criteria/ReflectionUtils.java:13: warning: Unsafe is internal proprietary API and may be removed in a future release
    public static final Unsafe UNSAFE;
                        ^
/home/kex/results_kex_120/TA4J-80_1/temp/testcases/org/ta4j/core/criteria/ReflectionUtils.java:17: warning: Unsafe is internal proprietary API and may be removed in a future release
            final Field uns = Unsafe.class.getDeclaredField("theUnsafe");
                              ^
/home/kex/results_kex_120/TA4J-80_1/temp/testcases/org/ta4j/core/criteria/ReflectionUtils.java:19: warning: Unsafe is internal proprietary API and may be removed in a future release
            UNSAFE = (Unsafe) uns.get(null);
                      ^
4 warnings
Compiled 'org/ta4j/core/criteria/NumberOfConsecutivePositionsCriterion_init_3376390321.java'

===
javac command line:
/usr/bin/javac -sourcepath /home/kex/results_kex_120/TA4J-80_1/temp/testcases -cp /var/benchmarks/projects/ta4j/ta4j-core/target/ta4j-core-0.15.jar:/var/benchmarks/projects/ta4j/ta4j-core/target/dependency/hamcrest-core-1.3.jar:/var/benchmarks/projects/ta4j/ta4j-core/target/dependency/commons-io-2.11.0.jar:/var/benchmarks/projects/ta4j/ta4j-core/target/dependency/logback-classic-1.2.3.jar:/var/benchmarks/projects/ta4j/ta4j-core/target/dependency/commons-math3-3.6.1.jar:/var/benchmarks/projects/ta4j/ta4j-core/target/dependency/SparseBitSet-1.2.jar:/var/benchmarks/projects/ta4j/ta4j-core/target/dependency/junit-4.13.1.jar:/var/benchmarks/projects/ta4j/ta4j-core/target/dependency/logback-core-1.2.3.jar:/var/benchmarks/projects/ta4j/ta4j-core/target/dependency/poi-5.2.2.jar:/var/benchmarks/projects/ta4j/ta4j-core/target/dependency/commons-codec-1.15.jar:/var/benchmarks/projects/ta4j/ta4j-core/target/dependency/commons-collections4-4.4.jar:/var/benchmarks/projects/ta4j/ta4j-core/target/dependency/slf4j-api-1.7.25.jar:/usr/local/bin/lib/junit.jar:/usr/local/bin/lib/hamcrest-core.jar -d results_kex_120/TA4J-80_1/temp/testcases/bin /home/kex/results_kex_120/TA4J-80_1/temp/testcases/org/ta4j/core/criteria/NumberOfConsecutivePositionsCriterion_isConsecutive_17461543770.java

/home/kex/results_kex_120/TA4J-80_1/temp/testcases/org/ta4j/core/criteria/ReflectionUtils.java:9: warning: Unsafe is internal proprietary API and may be removed in a future release
import sun.misc.Unsafe;
               ^
/home/kex/results_kex_120/TA4J-80_1/temp/testcases/org/ta4j/core/criteria/ReflectionUtils.java:13: warning: Unsafe is internal proprietary API and may be removed in a future release
    public static final Unsafe UNSAFE;
                        ^
/home/kex/results_kex_120/TA4J-80_1/temp/testcases/org/ta4j/core/criteria/ReflectionUtils.java:17: warning: Unsafe is internal proprietary API and may be removed in a future release
            final Field uns = Unsafe.class.getDeclaredField("theUnsafe");
                              ^
/home/kex/results_kex_120/TA4J-80_1/temp/testcases/org/ta4j/core/criteria/ReflectionUtils.java:19: warning: Unsafe is internal proprietary API and may be removed in a future release
            UNSAFE = (Unsafe) uns.get(null);
                      ^
4 warnings
Compiled 'org/ta4j/core/criteria/NumberOfConsecutivePositionsCriterion_isConsecutive_17461543770.java'

===
javac command line:
/usr/bin/javac -sourcepath /home/kex/results_kex_120/TA4J-80_1/temp/testcases -cp /var/benchmarks/projects/ta4j/ta4j-core/target/ta4j-core-0.15.jar:/var/benchmarks/projects/ta4j/ta4j-core/target/dependency/hamcrest-core-1.3.jar:/var/benchmarks/projects/ta4j/ta4j-core/target/dependency/commons-io-2.11.0.jar:/var/benchmarks/projects/ta4j/ta4j-core/target/dependency/logback-classic-1.2.3.jar:/var/benchmarks/projects/ta4j/ta4j-core/target/dependency/commons-math3-3.6.1.jar:/var/benchmarks/projects/ta4j/ta4j-core/target/dependency/SparseBitSet-1.2.jar:/var/benchmarks/projects/ta4j/ta4j-core/target/dependency/junit-4.13.1.jar:/var/benchmarks/projects/ta4j/ta4j-core/target/dependency/logback-core-1.2.3.jar:/var/benchmarks/projects/ta4j/ta4j-core/target/dependency/poi-5.2.2.jar:/var/benchmarks/projects/ta4j/ta4j-core/target/dependency/commons-codec-1.15.jar:/var/benchmarks/projects/ta4j/ta4j-core/target/dependency/commons-collections4-4.4.jar:/var/benchmarks/projects/ta4j/ta4j-core/target/dependency/slf4j-api-1.7.25.jar:/usr/local/bin/lib/junit.jar:/usr/local/bin/lib/hamcrest-core.jar -d results_kex_120/TA4J-80_1/temp/testcases/bin /home/kex/results_kex_120/TA4J-80_1/temp/testcases/org/ta4j/core/criteria/NumberOfConsecutivePositionsCriterion_isConsecutive_17461543771.java

/home/kex/results_kex_120/TA4J-80_1/temp/testcases/org/ta4j/core/criteria/ReflectionUtils.java:9: warning: Unsafe is internal proprietary API and may be removed in a future release
import sun.misc.Unsafe;
               ^
/home/kex/results_kex_120/TA4J-80_1/temp/testcases/org/ta4j/core/criteria/ReflectionUtils.java:13: warning: Unsafe is internal proprietary API and may be removed in a future release
    public static final Unsafe UNSAFE;
                        ^
/home/kex/results_kex_120/TA4J-80_1/temp/testcases/org/ta4j/core/criteria/ReflectionUtils.java:17: warning: Unsafe is internal proprietary API and may be removed in a future release
            final Field uns = Unsafe.class.getDeclaredField("theUnsafe");
                              ^
/home/kex/results_kex_120/TA4J-80_1/temp/testcases/org/ta4j/core/criteria/ReflectionUtils.java:19: warning: Unsafe is internal proprietary API and may be removed in a future release
            UNSAFE = (Unsafe) uns.get(null);
                      ^
4 warnings
Compiled 'org/ta4j/core/criteria/NumberOfConsecutivePositionsCriterion_isConsecutive_17461543771.java'

===
javac command line:
/usr/bin/javac -sourcepath /home/kex/results_kex_120/TA4J-80_1/temp/testcases -cp /var/benchmarks/projects/ta4j/ta4j-core/target/ta4j-core-0.15.jar:/var/benchmarks/projects/ta4j/ta4j-core/target/dependency/hamcrest-core-1.3.jar:/var/benchmarks/projects/ta4j/ta4j-core/target/dependency/commons-io-2.11.0.jar:/var/benchmarks/projects/ta4j/ta4j-core/target/dependency/logback-classic-1.2.3.jar:/var/benchmarks/projects/ta4j/ta4j-core/target/dependency/commons-math3-3.6.1.jar:/var/benchmarks/projects/ta4j/ta4j-core/target/dependency/SparseBitSet-1.2.jar:/var/benchmarks/projects/ta4j/ta4j-core/target/dependency/junit-4.13.1.jar:/var/benchmarks/projects/ta4j/ta4j-core/target/dependency/logback-core-1.2.3.jar:/var/benchmarks/projects/ta4j/ta4j-core/target/dependency/poi-5.2.2.jar:/var/benchmarks/projects/ta4j/ta4j-core/target/dependency/commons-codec-1.15.jar:/var/benchmarks/projects/ta4j/ta4j-core/target/dependency/commons-collections4-4.4.jar:/var/benchmarks/projects/ta4j/ta4j-core/target/dependency/slf4j-api-1.7.25.jar:/usr/local/bin/lib/junit.jar:/usr/local/bin/lib/hamcrest-core.jar -d results_kex_120/TA4J-80_1/temp/testcases/bin /home/kex/results_kex_120/TA4J-80_1/temp/testcases/org/ta4j/core/criteria/ReflectionUtils.java

/home/kex/results_kex_120/TA4J-80_1/temp/testcases/org/ta4j/core/criteria/ReflectionUtils.java:9: warning: Unsafe is internal proprietary API and may be removed in a future release
import sun.misc.Unsafe;
               ^
/home/kex/results_kex_120/TA4J-80_1/temp/testcases/org/ta4j/core/criteria/ReflectionUtils.java:13: warning: Unsafe is internal proprietary API and may be removed in a future release
    public static final Unsafe UNSAFE;
                        ^
/home/kex/results_kex_120/TA4J-80_1/temp/testcases/org/ta4j/core/criteria/ReflectionUtils.java:17: warning: Unsafe is internal proprietary API and may be removed in a future release
            final Field uns = Unsafe.class.getDeclaredField("theUnsafe");
                              ^
/home/kex/results_kex_120/TA4J-80_1/temp/testcases/org/ta4j/core/criteria/ReflectionUtils.java:19: warning: Unsafe is internal proprietary API and may be removed in a future release
            UNSAFE = (Unsafe) uns.get(null);
                      ^
4 warnings
Compiled 'org/ta4j/core/criteria/ReflectionUtils.java'

---Timing Information---
Running tests with the following classpath: 
/var/benchmarks/projects/ta4j/ta4j-core/target/ta4j-core-0.15.jar:/var/benchmarks/projects/ta4j/ta4j-core/target/dependency/hamcrest-core-1.3.jar:/var/benchmarks/projects/ta4j/ta4j-core/target/dependency/commons-io-2.11.0.jar:/var/benchmarks/projects/ta4j/ta4j-core/target/dependency/logback-classic-1.2.3.jar:/var/benchmarks/projects/ta4j/ta4j-core/target/dependency/commons-math3-3.6.1.jar:/var/benchmarks/projects/ta4j/ta4j-core/target/dependency/SparseBitSet-1.2.jar:/var/benchmarks/projects/ta4j/ta4j-core/target/dependency/junit-4.13.1.jar:/var/benchmarks/projects/ta4j/ta4j-core/target/dependency/logback-core-1.2.3.jar:/var/benchmarks/projects/ta4j/ta4j-core/target/dependency/poi-5.2.2.jar:/var/benchmarks/projects/ta4j/ta4j-core/target/dependency/commons-codec-1.15.jar:/var/benchmarks/projects/ta4j/ta4j-core/target/dependency/commons-collections4-4.4.jar:/var/benchmarks/projects/ta4j/ta4j-core/target/dependency/slf4j-api-1.7.25.jar:/usr/local/bin/lib/junit.jar:/usr/local/bin/lib/hamcrest-core.jar:/home/kex/results_kex_120/TA4J-80_1/temp/testcases/bin
Running the tests: [SBSTDummyForCoverageAndMutationCalculation, org.ta4j.core.criteria.EqualityUtils, org.ta4j.core.criteria.NumberOfConsecutivePositionsCriterion_betterThan_5105473760, org.ta4j.core.criteria.NumberOfConsecutivePositionsCriterion_betterThan_5105473761, org.ta4j.core.criteria.NumberOfConsecutivePositionsCriterion_calculate_13346717230, org.ta4j.core.criteria.NumberOfConsecutivePositionsCriterion_calculate_13346717231, org.ta4j.core.criteria.NumberOfConsecutivePositionsCriterion_calculate_14615767580, org.ta4j.core.criteria.NumberOfConsecutivePositionsCriterion_calculate_14615767581, org.ta4j.core.criteria.NumberOfConsecutivePositionsCriterion_init_3376390320, org.ta4j.core.criteria.NumberOfConsecutivePositionsCriterion_init_3376390321, org.ta4j.core.criteria.NumberOfConsecutivePositionsCriterion_isConsecutive_17461543770, org.ta4j.core.criteria.NumberOfConsecutivePositionsCriterion_isConsecutive_17461543771, org.ta4j.core.criteria.ReflectionUtils]
Executions terminated
Failure: [initializationError(org.ta4j.core.criteria.EqualityUtils): No runnable methods]
Failing Tests: initializationError(org.ta4j.core.criteria.EqualityUtils)
java.lang.Exception: No runnable methods
	at org.junit.runners.BlockJUnit4ClassRunner.validateInstanceMethods(BlockJUnit4ClassRunner.java:169)
	at org.junit.runners.BlockJUnit4ClassRunner.collectInitializationErrors(BlockJUnit4ClassRunner.java:104)
	at org.junit.runners.ParentRunner.validate(ParentRunner.java:355)
	at org.junit.runners.ParentRunner.<init>(ParentRunner.java:76)
	at org.junit.runners.BlockJUnit4ClassRunner.<init>(BlockJUnit4ClassRunner.java:57)
	at org.junit.internal.builders.JUnit4Builder.runnerForClass(JUnit4Builder.java:10)
	at org.junit.runners.model.RunnerBuilder.safeRunnerForClass(RunnerBuilder.java:59)
	at org.junit.internal.builders.AllDefaultPossibilitiesBuilder.runnerForClass(AllDefaultPossibilitiesBuilder.java:26)
	at org.junit.runner.Computer.getRunner(Computer.java:40)
	at org.junit.runner.Computer$1.runnerForClass(Computer.java:31)
	at org.junit.runners.model.RunnerBuilder.safeRunnerForClass(RunnerBuilder.java:59)
	at org.junit.runners.model.RunnerBuilder.runners(RunnerBuilder.java:101)
	at org.junit.runners.model.RunnerBuilder.runners(RunnerBuilder.java:87)
	at org.junit.runners.Suite.<init>(Suite.java:80)
	at org.junit.runner.Computer.getSuite(Computer.java:28)
	at org.junit.runner.Request.classes(Request.java:75)
	at org.junit.runner.JUnitCore.run(JUnitCore.java:117)
	at sbst.benchmark.coverage.TestExecutionTask.call(TestExecutionTask.java:54)
	at sbst.benchmark.coverage.TestExecutionTask.call(TestExecutionTask.java:15)
	at java.util.concurrent.FutureTask.run(FutureTask.java:266)
	at java.util.concurrent.ThreadPoolExecutor.runWorker(ThreadPoolExecutor.java:1149)
	at java.util.concurrent.ThreadPoolExecutor$Worker.run(ThreadPoolExecutor.java:624)
	at java.lang.Thread.run(Thread.java:750)

Failure: [test(org.ta4j.core.criteria.NumberOfConsecutivePositionsCriterion_betterThan_5105473760): null]
Failing Tests: test(org.ta4j.core.criteria.NumberOfConsecutivePositionsCriterion_betterThan_5105473760)
java.lang.NullPointerException
	at org.ta4j.core.criteria.NumberOfConsecutivePositionsCriterion.betterThan(NumberOfConsecutivePositionsCriterion.java:85)
	at sun.reflect.NativeMethodAccessorImpl.invoke0(Native Method)
	at sun.reflect.NativeMethodAccessorImpl.invoke(NativeMethodAccessorImpl.java:62)
	at sun.reflect.DelegatingMethodAccessorImpl.invoke(DelegatingMethodAccessorImpl.java:43)
	at java.lang.reflect.Method.invoke(Method.java:498)
	at org.ta4j.core.criteria.ReflectionUtils.callMethod(ReflectionUtils.java:238)
	at org.ta4j.core.criteria.NumberOfConsecutivePositionsCriterion_betterThan_5105473760.test(NumberOfConsecutivePositionsCriterion_betterThan_5105473760.java:47)
	at sun.reflect.NativeMethodAccessorImpl.invoke0(Native Method)
	at sun.reflect.NativeMethodAccessorImpl.invoke(NativeMethodAccessorImpl.java:62)
	at sun.reflect.DelegatingMethodAccessorImpl.invoke(DelegatingMethodAccessorImpl.java:43)
	at java.lang.reflect.Method.invoke(Method.java:498)
	at org.junit.runners.model.FrameworkMethod$1.runReflectiveCall(FrameworkMethod.java:47)
	at org.junit.internal.runners.model.ReflectiveCallable.run(ReflectiveCallable.java:12)
	at org.junit.runners.model.FrameworkMethod.invokeExplosively(FrameworkMethod.java:44)
	at org.junit.internal.runners.statements.InvokeMethod.evaluate(InvokeMethod.java:17)
	at org.junit.internal.runners.statements.RunBefores.evaluate(RunBefores.java:26)
	at org.junit.runners.ParentRunner.runLeaf(ParentRunner.java:271)
	at org.junit.runners.BlockJUnit4ClassRunner.runChild(BlockJUnit4ClassRunner.java:70)
	at org.junit.runners.BlockJUnit4ClassRunner.runChild(BlockJUnit4ClassRunner.java:50)
	at org.junit.runners.ParentRunner$3.run(ParentRunner.java:238)
	at org.junit.runners.ParentRunner$1.schedule(ParentRunner.java:63)
	at org.junit.runners.ParentRunner.runChildren(ParentRunner.java:236)
	at org.junit.runners.ParentRunner.access$000(ParentRunner.java:53)
	at org.junit.runners.ParentRunner$2.evaluate(ParentRunner.java:229)
	at org.junit.runners.ParentRunner.run(ParentRunner.java:309)
	at org.junit.runners.Suite.runChild(Suite.java:127)
	at org.junit.runners.Suite.runChild(Suite.java:26)
	at org.junit.runners.ParentRunner$3.run(ParentRunner.java:238)
	at org.junit.runners.ParentRunner$1.schedule(ParentRunner.java:63)
	at org.junit.runners.ParentRunner.runChildren(ParentRunner.java:236)
	at org.junit.runners.ParentRunner.access$000(ParentRunner.java:53)
	at org.junit.runners.ParentRunner$2.evaluate(ParentRunner.java:229)
	at org.junit.runners.ParentRunner.run(ParentRunner.java:309)
	at org.junit.runner.JUnitCore.run(JUnitCore.java:160)
	at org.junit.runner.JUnitCore.run(JUnitCore.java:138)
	at org.junit.runner.JUnitCore.run(JUnitCore.java:117)
	at sbst.benchmark.coverage.TestExecutionTask.call(TestExecutionTask.java:54)
	at sbst.benchmark.coverage.TestExecutionTask.call(TestExecutionTask.java:15)
	at java.util.concurrent.FutureTask.run(FutureTask.java:266)
	at java.util.concurrent.ThreadPoolExecutor.runWorker(ThreadPoolExecutor.java:1149)
	at java.util.concurrent.ThreadPoolExecutor$Worker.run(ThreadPoolExecutor.java:624)
	at java.lang.Thread.run(Thread.java:750)

Failure: [test(org.ta4j.core.criteria.NumberOfConsecutivePositionsCriterion_betterThan_5105473761): null]
Failing Tests: test(org.ta4j.core.criteria.NumberOfConsecutivePositionsCriterion_betterThan_5105473761)
java.lang.NullPointerException
	at org.ta4j.core.criteria.NumberOfConsecutivePositionsCriterion.betterThan(NumberOfConsecutivePositionsCriterion.java:86)
	at sun.reflect.NativeMethodAccessorImpl.invoke0(Native Method)
	at sun.reflect.NativeMethodAccessorImpl.invoke(NativeMethodAccessorImpl.java:62)
	at sun.reflect.DelegatingMethodAccessorImpl.invoke(DelegatingMethodAccessorImpl.java:43)
	at java.lang.reflect.Method.invoke(Method.java:498)
	at org.ta4j.core.criteria.ReflectionUtils.callMethod(ReflectionUtils.java:238)
	at org.ta4j.core.criteria.NumberOfConsecutivePositionsCriterion_betterThan_5105473761.test(NumberOfConsecutivePositionsCriterion_betterThan_5105473761.java:41)
	at sun.reflect.NativeMethodAccessorImpl.invoke0(Native Method)
	at sun.reflect.NativeMethodAccessorImpl.invoke(NativeMethodAccessorImpl.java:62)
	at sun.reflect.DelegatingMethodAccessorImpl.invoke(DelegatingMethodAccessorImpl.java:43)
	at java.lang.reflect.Method.invoke(Method.java:498)
	at org.junit.runners.model.FrameworkMethod$1.runReflectiveCall(FrameworkMethod.java:47)
	at org.junit.internal.runners.model.ReflectiveCallable.run(ReflectiveCallable.java:12)
	at org.junit.runners.model.FrameworkMethod.invokeExplosively(FrameworkMethod.java:44)
	at org.junit.internal.runners.statements.InvokeMethod.evaluate(InvokeMethod.java:17)
	at org.junit.internal.runners.statements.RunBefores.evaluate(RunBefores.java:26)
	at org.junit.runners.ParentRunner.runLeaf(ParentRunner.java:271)
	at org.junit.runners.BlockJUnit4ClassRunner.runChild(BlockJUnit4ClassRunner.java:70)
	at org.junit.runners.BlockJUnit4ClassRunner.runChild(BlockJUnit4ClassRunner.java:50)
	at org.junit.runners.ParentRunner$3.run(ParentRunner.java:238)
	at org.junit.runners.ParentRunner$1.schedule(ParentRunner.java:63)
	at org.junit.runners.ParentRunner.runChildren(ParentRunner.java:236)
	at org.junit.runners.ParentRunner.access$000(ParentRunner.java:53)
	at org.junit.runners.ParentRunner$2.evaluate(ParentRunner.java:229)
	at org.junit.runners.ParentRunner.run(ParentRunner.java:309)
	at org.junit.runners.Suite.runChild(Suite.java:127)
	at org.junit.runners.Suite.runChild(Suite.java:26)
	at org.junit.runners.ParentRunner$3.run(ParentRunner.java:238)
	at org.junit.runners.ParentRunner$1.schedule(ParentRunner.java:63)
	at org.junit.runners.ParentRunner.runChildren(ParentRunner.java:236)
	at org.junit.runners.ParentRunner.access$000(ParentRunner.java:53)
	at org.junit.runners.ParentRunner$2.evaluate(ParentRunner.java:229)
	at org.junit.runners.ParentRunner.run(ParentRunner.java:309)
	at org.junit.runner.JUnitCore.run(JUnitCore.java:160)
	at org.junit.runner.JUnitCore.run(JUnitCore.java:138)
	at org.junit.runner.JUnitCore.run(JUnitCore.java:117)
	at sbst.benchmark.coverage.TestExecutionTask.call(TestExecutionTask.java:54)
	at sbst.benchmark.coverage.TestExecutionTask.call(TestExecutionTask.java:15)
	at java.util.concurrent.FutureTask.run(FutureTask.java:266)
	at java.util.concurrent.ThreadPoolExecutor.runWorker(ThreadPoolExecutor.java:1149)
	at java.util.concurrent.ThreadPoolExecutor$Worker.run(ThreadPoolExecutor.java:624)
	at java.lang.Thread.run(Thread.java:750)

Failure: [test(org.ta4j.core.criteria.NumberOfConsecutivePositionsCriterion_calculate_13346717230): null]
Failing Tests: test(org.ta4j.core.criteria.NumberOfConsecutivePositionsCriterion_calculate_13346717230)
java.lang.NullPointerException
	at org.ta4j.core.criteria.NumberOfConsecutivePositionsCriterion.calculate(NumberOfConsecutivePositionsCriterion.java:56)
	at sun.reflect.NativeMethodAccessorImpl.invoke0(Native Method)
	at sun.reflect.NativeMethodAccessorImpl.invoke(NativeMethodAccessorImpl.java:62)
	at sun.reflect.DelegatingMethodAccessorImpl.invoke(DelegatingMethodAccessorImpl.java:43)
	at java.lang.reflect.Method.invoke(Method.java:498)
	at org.ta4j.core.criteria.ReflectionUtils.callMethod(ReflectionUtils.java:238)
	at org.ta4j.core.criteria.NumberOfConsecutivePositionsCriterion_calculate_13346717230.test(NumberOfConsecutivePositionsCriterion_calculate_13346717230.java:47)
	at sun.reflect.NativeMethodAccessorImpl.invoke0(Native Method)
	at sun.reflect.NativeMethodAccessorImpl.invoke(NativeMethodAccessorImpl.java:62)
	at sun.reflect.DelegatingMethodAccessorImpl.invoke(DelegatingMethodAccessorImpl.java:43)
	at java.lang.reflect.Method.invoke(Method.java:498)
	at org.junit.runners.model.FrameworkMethod$1.runReflectiveCall(FrameworkMethod.java:47)
	at org.junit.internal.runners.model.ReflectiveCallable.run(ReflectiveCallable.java:12)
	at org.junit.runners.model.FrameworkMethod.invokeExplosively(FrameworkMethod.java:44)
	at org.junit.internal.runners.statements.InvokeMethod.evaluate(InvokeMethod.java:17)
	at org.junit.internal.runners.statements.RunBefores.evaluate(RunBefores.java:26)
	at org.junit.runners.ParentRunner.runLeaf(ParentRunner.java:271)
	at org.junit.runners.BlockJUnit4ClassRunner.runChild(BlockJUnit4ClassRunner.java:70)
	at org.junit.runners.BlockJUnit4ClassRunner.runChild(BlockJUnit4ClassRunner.java:50)
	at org.junit.runners.ParentRunner$3.run(ParentRunner.java:238)
	at org.junit.runners.ParentRunner$1.schedule(ParentRunner.java:63)
	at org.junit.runners.ParentRunner.runChildren(ParentRunner.java:236)
	at org.junit.runners.ParentRunner.access$000(ParentRunner.java:53)
	at org.junit.runners.ParentRunner$2.evaluate(ParentRunner.java:229)
	at org.junit.runners.ParentRunner.run(ParentRunner.java:309)
	at org.junit.runners.Suite.runChild(Suite.java:127)
	at org.junit.runners.Suite.runChild(Suite.java:26)
	at org.junit.runners.ParentRunner$3.run(ParentRunner.java:238)
	at org.junit.runners.ParentRunner$1.schedule(ParentRunner.java:63)
	at org.junit.runners.ParentRunner.runChildren(ParentRunner.java:236)
	at org.junit.runners.ParentRunner.access$000(ParentRunner.java:53)
	at org.junit.runners.ParentRunner$2.evaluate(ParentRunner.java:229)
	at org.junit.runners.ParentRunner.run(ParentRunner.java:309)
	at org.junit.runner.JUnitCore.run(JUnitCore.java:160)
	at org.junit.runner.JUnitCore.run(JUnitCore.java:138)
	at org.junit.runner.JUnitCore.run(JUnitCore.java:117)
	at sbst.benchmark.coverage.TestExecutionTask.call(TestExecutionTask.java:54)
	at sbst.benchmark.coverage.TestExecutionTask.call(TestExecutionTask.java:15)
	at java.util.concurrent.FutureTask.run(FutureTask.java:266)
	at java.util.concurrent.ThreadPoolExecutor.runWorker(ThreadPoolExecutor.java:1149)
	at java.util.concurrent.ThreadPoolExecutor$Worker.run(ThreadPoolExecutor.java:624)
	at java.lang.Thread.run(Thread.java:750)

Failure: [test(org.ta4j.core.criteria.NumberOfConsecutivePositionsCriterion_calculate_13346717231): null]
Failing Tests: test(org.ta4j.core.criteria.NumberOfConsecutivePositionsCriterion_calculate_13346717231)
java.lang.NullPointerException
	at org.ta4j.core.criteria.NumberOfConsecutivePositionsCriterion.calculate(NumberOfConsecutivePositionsCriterion.java:56)
	at sun.reflect.NativeMethodAccessorImpl.invoke0(Native Method)
	at sun.reflect.NativeMethodAccessorImpl.invoke(NativeMethodAccessorImpl.java:62)
	at sun.reflect.DelegatingMethodAccessorImpl.invoke(DelegatingMethodAccessorImpl.java:43)
	at java.lang.reflect.Method.invoke(Method.java:498)
	at org.ta4j.core.criteria.ReflectionUtils.callMethod(ReflectionUtils.java:238)
	at org.ta4j.core.criteria.NumberOfConsecutivePositionsCriterion_calculate_13346717231.test(NumberOfConsecutivePositionsCriterion_calculate_13346717231.java:41)
	at sun.reflect.NativeMethodAccessorImpl.invoke0(Native Method)
	at sun.reflect.NativeMethodAccessorImpl.invoke(NativeMethodAccessorImpl.java:62)
	at sun.reflect.DelegatingMethodAccessorImpl.invoke(DelegatingMethodAccessorImpl.java:43)
	at java.lang.reflect.Method.invoke(Method.java:498)
	at org.junit.runners.model.FrameworkMethod$1.runReflectiveCall(FrameworkMethod.java:47)
	at org.junit.internal.runners.model.ReflectiveCallable.run(ReflectiveCallable.java:12)
	at org.junit.runners.model.FrameworkMethod.invokeExplosively(FrameworkMethod.java:44)
	at org.junit.internal.runners.statements.InvokeMethod.evaluate(InvokeMethod.java:17)
	at org.junit.internal.runners.statements.RunBefores.evaluate(RunBefores.java:26)
	at org.junit.runners.ParentRunner.runLeaf(ParentRunner.java:271)
	at org.junit.runners.BlockJUnit4ClassRunner.runChild(BlockJUnit4ClassRunner.java:70)
	at org.junit.runners.BlockJUnit4ClassRunner.runChild(BlockJUnit4ClassRunner.java:50)
	at org.junit.runners.ParentRunner$3.run(ParentRunner.java:238)
	at org.junit.runners.ParentRunner$1.schedule(ParentRunner.java:63)
	at org.junit.runners.ParentRunner.runChildren(ParentRunner.java:236)
	at org.junit.runners.ParentRunner.access$000(ParentRunner.java:53)
	at org.junit.runners.ParentRunner$2.evaluate(ParentRunner.java:229)
	at org.junit.runners.ParentRunner.run(ParentRunner.java:309)
	at org.junit.runners.Suite.runChild(Suite.java:127)
	at org.junit.runners.Suite.runChild(Suite.java:26)
	at org.junit.runners.ParentRunner$3.run(ParentRunner.java:238)
	at org.junit.runners.ParentRunner$1.schedule(ParentRunner.java:63)
	at org.junit.runners.ParentRunner.runChildren(ParentRunner.java:236)
	at org.junit.runners.ParentRunner.access$000(ParentRunner.java:53)
	at org.junit.runners.ParentRunner$2.evaluate(ParentRunner.java:229)
	at org.junit.runners.ParentRunner.run(ParentRunner.java:309)
	at org.junit.runner.JUnitCore.run(JUnitCore.java:160)
	at org.junit.runner.JUnitCore.run(JUnitCore.java:138)
	at org.junit.runner.JUnitCore.run(JUnitCore.java:117)
	at sbst.benchmark.coverage.TestExecutionTask.call(TestExecutionTask.java:54)
	at sbst.benchmark.coverage.TestExecutionTask.call(TestExecutionTask.java:15)
	at java.util.concurrent.FutureTask.run(FutureTask.java:266)
	at java.util.concurrent.ThreadPoolExecutor.runWorker(ThreadPoolExecutor.java:1149)
	at java.util.concurrent.ThreadPoolExecutor$Worker.run(ThreadPoolExecutor.java:624)
	at java.lang.Thread.run(Thread.java:750)

Failure: [test(org.ta4j.core.criteria.NumberOfConsecutivePositionsCriterion_calculate_14615767580): null]
Failing Tests: test(org.ta4j.core.criteria.NumberOfConsecutivePositionsCriterion_calculate_14615767580)
java.lang.NullPointerException
	at org.ta4j.core.Trade.getValue(Trade.java:412)
	at org.ta4j.core.Position.getGrossProfit(Position.java:282)
	at org.ta4j.core.Position.getProfit(Position.java:237)
	at org.ta4j.core.criteria.NumberOfConsecutivePositionsCriterion.isConsecutive(NumberOfConsecutivePositionsCriterion.java:91)
	at org.ta4j.core.criteria.NumberOfConsecutivePositionsCriterion.calculate(NumberOfConsecutivePositionsCriterion.java:49)
	at sun.reflect.NativeMethodAccessorImpl.invoke0(Native Method)
	at sun.reflect.NativeMethodAccessorImpl.invoke(NativeMethodAccessorImpl.java:62)
	at sun.reflect.DelegatingMethodAccessorImpl.invoke(DelegatingMethodAccessorImpl.java:43)
	at java.lang.reflect.Method.invoke(Method.java:498)
	at org.ta4j.core.criteria.ReflectionUtils.callMethod(ReflectionUtils.java:238)
	at org.ta4j.core.criteria.NumberOfConsecutivePositionsCriterion_calculate_14615767580.test(NumberOfConsecutivePositionsCriterion_calculate_14615767580.java:78)
	at sun.reflect.NativeMethodAccessorImpl.invoke0(Native Method)
	at sun.reflect.NativeMethodAccessorImpl.invoke(NativeMethodAccessorImpl.java:62)
	at sun.reflect.DelegatingMethodAccessorImpl.invoke(DelegatingMethodAccessorImpl.java:43)
	at java.lang.reflect.Method.invoke(Method.java:498)
	at org.junit.runners.model.FrameworkMethod$1.runReflectiveCall(FrameworkMethod.java:47)
	at org.junit.internal.runners.model.ReflectiveCallable.run(ReflectiveCallable.java:12)
	at org.junit.runners.model.FrameworkMethod.invokeExplosively(FrameworkMethod.java:44)
	at org.junit.internal.runners.statements.InvokeMethod.evaluate(InvokeMethod.java:17)
	at org.junit.internal.runners.statements.RunBefores.evaluate(RunBefores.java:26)
	at org.junit.runners.ParentRunner.runLeaf(ParentRunner.java:271)
	at org.junit.runners.BlockJUnit4ClassRunner.runChild(BlockJUnit4ClassRunner.java:70)
	at org.junit.runners.BlockJUnit4ClassRunner.runChild(BlockJUnit4ClassRunner.java:50)
	at org.junit.runners.ParentRunner$3.run(ParentRunner.java:238)
	at org.junit.runners.ParentRunner$1.schedule(ParentRunner.java:63)
	at org.junit.runners.ParentRunner.runChildren(ParentRunner.java:236)
	at org.junit.runners.ParentRunner.access$000(ParentRunner.java:53)
	at org.junit.runners.ParentRunner$2.evaluate(ParentRunner.java:229)
	at org.junit.runners.ParentRunner.run(ParentRunner.java:309)
	at org.junit.runners.Suite.runChild(Suite.java:127)
	at org.junit.runners.Suite.runChild(Suite.java:26)
	at org.junit.runners.ParentRunner$3.run(ParentRunner.java:238)
	at org.junit.runners.ParentRunner$1.schedule(ParentRunner.java:63)
	at org.junit.runners.ParentRunner.runChildren(ParentRunner.java:236)
	at org.junit.runners.ParentRunner.access$000(ParentRunner.java:53)
	at org.junit.runners.ParentRunner$2.evaluate(ParentRunner.java:229)
	at org.junit.runners.ParentRunner.run(ParentRunner.java:309)
	at org.junit.runner.JUnitCore.run(JUnitCore.java:160)
	at org.junit.runner.JUnitCore.run(JUnitCore.java:138)
	at org.junit.runner.JUnitCore.run(JUnitCore.java:117)
	at sbst.benchmark.coverage.TestExecutionTask.call(TestExecutionTask.java:54)
	at sbst.benchmark.coverage.TestExecutionTask.call(TestExecutionTask.java:15)
	at java.util.concurrent.FutureTask.run(FutureTask.java:266)
	at java.util.concurrent.ThreadPoolExecutor.runWorker(ThreadPoolExecutor.java:1149)
	at java.util.concurrent.ThreadPoolExecutor$Worker.run(ThreadPoolExecutor.java:624)
	at java.lang.Thread.run(Thread.java:750)

Failure: [test(org.ta4j.core.criteria.NumberOfConsecutivePositionsCriterion_calculate_14615767581): null]
Failing Tests: test(org.ta4j.core.criteria.NumberOfConsecutivePositionsCriterion_calculate_14615767581)
java.lang.NullPointerException
	at org.ta4j.core.criteria.NumberOfConsecutivePositionsCriterion.isConsecutive(NumberOfConsecutivePositionsCriterion.java:90)
	at org.ta4j.core.criteria.NumberOfConsecutivePositionsCriterion.calculate(NumberOfConsecutivePositionsCriterion.java:49)
	at sun.reflect.NativeMethodAccessorImpl.invoke0(Native Method)
	at sun.reflect.NativeMethodAccessorImpl.invoke(NativeMethodAccessorImpl.java:62)
	at sun.reflect.DelegatingMethodAccessorImpl.invoke(DelegatingMethodAccessorImpl.java:43)
	at java.lang.reflect.Method.invoke(Method.java:498)
	at org.ta4j.core.criteria.ReflectionUtils.callMethod(ReflectionUtils.java:238)
	at org.ta4j.core.criteria.NumberOfConsecutivePositionsCriterion_calculate_14615767581.test(NumberOfConsecutivePositionsCriterion_calculate_14615767581.java:41)
	at sun.reflect.NativeMethodAccessorImpl.invoke0(Native Method)
	at sun.reflect.NativeMethodAccessorImpl.invoke(NativeMethodAccessorImpl.java:62)
	at sun.reflect.DelegatingMethodAccessorImpl.invoke(DelegatingMethodAccessorImpl.java:43)
	at java.lang.reflect.Method.invoke(Method.java:498)
	at org.junit.runners.model.FrameworkMethod$1.runReflectiveCall(FrameworkMethod.java:47)
	at org.junit.internal.runners.model.ReflectiveCallable.run(ReflectiveCallable.java:12)
	at org.junit.runners.model.FrameworkMethod.invokeExplosively(FrameworkMethod.java:44)
	at org.junit.internal.runners.statements.InvokeMethod.evaluate(InvokeMethod.java:17)
	at org.junit.internal.runners.statements.RunBefores.evaluate(RunBefores.java:26)
	at org.junit.runners.ParentRunner.runLeaf(ParentRunner.java:271)
	at org.junit.runners.BlockJUnit4ClassRunner.runChild(BlockJUnit4ClassRunner.java:70)
	at org.junit.runners.BlockJUnit4ClassRunner.runChild(BlockJUnit4ClassRunner.java:50)
	at org.junit.runners.ParentRunner$3.run(ParentRunner.java:238)
	at org.junit.runners.ParentRunner$1.schedule(ParentRunner.java:63)
	at org.junit.runners.ParentRunner.runChildren(ParentRunner.java:236)
	at org.junit.runners.ParentRunner.access$000(ParentRunner.java:53)
	at org.junit.runners.ParentRunner$2.evaluate(ParentRunner.java:229)
	at org.junit.runners.ParentRunner.run(ParentRunner.java:309)
	at org.junit.runners.Suite.runChild(Suite.java:127)
	at org.junit.runners.Suite.runChild(Suite.java:26)
	at org.junit.runners.ParentRunner$3.run(ParentRunner.java:238)
	at org.junit.runners.ParentRunner$1.schedule(ParentRunner.java:63)
	at org.junit.runners.ParentRunner.runChildren(ParentRunner.java:236)
	at org.junit.runners.ParentRunner.access$000(ParentRunner.java:53)
	at org.junit.runners.ParentRunner$2.evaluate(ParentRunner.java:229)
	at org.junit.runners.ParentRunner.run(ParentRunner.java:309)
	at org.junit.runner.JUnitCore.run(JUnitCore.java:160)
	at org.junit.runner.JUnitCore.run(JUnitCore.java:138)
	at org.junit.runner.JUnitCore.run(JUnitCore.java:117)
	at sbst.benchmark.coverage.TestExecutionTask.call(TestExecutionTask.java:54)
	at sbst.benchmark.coverage.TestExecutionTask.call(TestExecutionTask.java:15)
	at java.util.concurrent.FutureTask.run(FutureTask.java:266)
	at java.util.concurrent.ThreadPoolExecutor.runWorker(ThreadPoolExecutor.java:1149)
	at java.util.concurrent.ThreadPoolExecutor$Worker.run(ThreadPoolExecutor.java:624)
	at java.lang.Thread.run(Thread.java:750)

Failure: [test(org.ta4j.core.criteria.NumberOfConsecutivePositionsCriterion_isConsecutive_17461543770): null]
Failing Tests: test(org.ta4j.core.criteria.NumberOfConsecutivePositionsCriterion_isConsecutive_17461543770)
java.lang.NullPointerException
	at org.ta4j.core.Trade.getValue(Trade.java:412)
	at org.ta4j.core.Position.getGrossProfit(Position.java:282)
	at org.ta4j.core.Position.getProfit(Position.java:237)
	at org.ta4j.core.criteria.NumberOfConsecutivePositionsCriterion.isConsecutive(NumberOfConsecutivePositionsCriterion.java:91)
	at sun.reflect.NativeMethodAccessorImpl.invoke0(Native Method)
	at sun.reflect.NativeMethodAccessorImpl.invoke(NativeMethodAccessorImpl.java:62)
	at sun.reflect.DelegatingMethodAccessorImpl.invoke(DelegatingMethodAccessorImpl.java:43)
	at java.lang.reflect.Method.invoke(Method.java:498)
	at org.ta4j.core.criteria.ReflectionUtils.callMethod(ReflectionUtils.java:238)
	at org.ta4j.core.criteria.NumberOfConsecutivePositionsCriterion_isConsecutive_17461543770.test(NumberOfConsecutivePositionsCriterion_isConsecutive_17461543770.java:76)
	at sun.reflect.NativeMethodAccessorImpl.invoke0(Native Method)
	at sun.reflect.NativeMethodAccessorImpl.invoke(NativeMethodAccessorImpl.java:62)
	at sun.reflect.DelegatingMethodAccessorImpl.invoke(DelegatingMethodAccessorImpl.java:43)
	at java.lang.reflect.Method.invoke(Method.java:498)
	at org.junit.runners.model.FrameworkMethod$1.runReflectiveCall(FrameworkMethod.java:47)
	at org.junit.internal.runners.model.ReflectiveCallable.run(ReflectiveCallable.java:12)
	at org.junit.runners.model.FrameworkMethod.invokeExplosively(FrameworkMethod.java:44)
	at org.junit.internal.runners.statements.InvokeMethod.evaluate(InvokeMethod.java:17)
	at org.junit.internal.runners.statements.RunBefores.evaluate(RunBefores.java:26)
	at org.junit.runners.ParentRunner.runLeaf(ParentRunner.java:271)
	at org.junit.runners.BlockJUnit4ClassRunner.runChild(BlockJUnit4ClassRunner.java:70)
	at org.junit.runners.BlockJUnit4ClassRunner.runChild(BlockJUnit4ClassRunner.java:50)
	at org.junit.runners.ParentRunner$3.run(ParentRunner.java:238)
	at org.junit.runners.ParentRunner$1.schedule(ParentRunner.java:63)
	at org.junit.runners.ParentRunner.runChildren(ParentRunner.java:236)
	at org.junit.runners.ParentRunner.access$000(ParentRunner.java:53)
	at org.junit.runners.ParentRunner$2.evaluate(ParentRunner.java:229)
	at org.junit.runners.ParentRunner.run(ParentRunner.java:309)
	at org.junit.runners.Suite.runChild(Suite.java:127)
	at org.junit.runners.Suite.runChild(Suite.java:26)
	at org.junit.runners.ParentRunner$3.run(ParentRunner.java:238)
	at org.junit.runners.ParentRunner$1.schedule(ParentRunner.java:63)
	at org.junit.runners.ParentRunner.runChildren(ParentRunner.java:236)
	at org.junit.runners.ParentRunner.access$000(ParentRunner.java:53)
	at org.junit.runners.ParentRunner$2.evaluate(ParentRunner.java:229)
	at org.junit.runners.ParentRunner.run(ParentRunner.java:309)
	at org.junit.runner.JUnitCore.run(JUnitCore.java:160)
	at org.junit.runner.JUnitCore.run(JUnitCore.java:138)
	at org.junit.runner.JUnitCore.run(JUnitCore.java:117)
	at sbst.benchmark.coverage.TestExecutionTask.call(TestExecutionTask.java:54)
	at sbst.benchmark.coverage.TestExecutionTask.call(TestExecutionTask.java:15)
	at java.util.concurrent.FutureTask.run(FutureTask.java:266)
	at java.util.concurrent.ThreadPoolExecutor.runWorker(ThreadPoolExecutor.java:1149)
	at java.util.concurrent.ThreadPoolExecutor$Worker.run(ThreadPoolExecutor.java:624)
	at java.lang.Thread.run(Thread.java:750)

Failure: [test(org.ta4j.core.criteria.NumberOfConsecutivePositionsCriterion_isConsecutive_17461543771): null]
Failing Tests: test(org.ta4j.core.criteria.NumberOfConsecutivePositionsCriterion_isConsecutive_17461543771)
java.lang.NullPointerException
	at org.ta4j.core.criteria.NumberOfConsecutivePositionsCriterion.isConsecutive(NumberOfConsecutivePositionsCriterion.java:90)
	at sun.reflect.NativeMethodAccessorImpl.invoke0(Native Method)
	at sun.reflect.NativeMethodAccessorImpl.invoke(NativeMethodAccessorImpl.java:62)
	at sun.reflect.DelegatingMethodAccessorImpl.invoke(DelegatingMethodAccessorImpl.java:43)
	at java.lang.reflect.Method.invoke(Method.java:498)
	at org.ta4j.core.criteria.ReflectionUtils.callMethod(ReflectionUtils.java:238)
	at org.ta4j.core.criteria.NumberOfConsecutivePositionsCriterion_isConsecutive_17461543771.test(NumberOfConsecutivePositionsCriterion_isConsecutive_17461543771.java:39)
	at sun.reflect.NativeMethodAccessorImpl.invoke0(Native Method)
	at sun.reflect.NativeMethodAccessorImpl.invoke(NativeMethodAccessorImpl.java:62)
	at sun.reflect.DelegatingMethodAccessorImpl.invoke(DelegatingMethodAccessorImpl.java:43)
	at java.lang.reflect.Method.invoke(Method.java:498)
	at org.junit.runners.model.FrameworkMethod$1.runReflectiveCall(FrameworkMethod.java:47)
	at org.junit.internal.runners.model.ReflectiveCallable.run(ReflectiveCallable.java:12)
	at org.junit.runners.model.FrameworkMethod.invokeExplosively(FrameworkMethod.java:44)
	at org.junit.internal.runners.statements.InvokeMethod.evaluate(InvokeMethod.java:17)
	at org.junit.internal.runners.statements.RunBefores.evaluate(RunBefores.java:26)
	at org.junit.runners.ParentRunner.runLeaf(ParentRunner.java:271)
	at org.junit.runners.BlockJUnit4ClassRunner.runChild(BlockJUnit4ClassRunner.java:70)
	at org.junit.runners.BlockJUnit4ClassRunner.runChild(BlockJUnit4ClassRunner.java:50)
	at org.junit.runners.ParentRunner$3.run(ParentRunner.java:238)
	at org.junit.runners.ParentRunner$1.schedule(ParentRunner.java:63)
	at org.junit.runners.ParentRunner.runChildren(ParentRunner.java:236)
	at org.junit.runners.ParentRunner.access$000(ParentRunner.java:53)
	at org.junit.runners.ParentRunner$2.evaluate(ParentRunner.java:229)
	at org.junit.runners.ParentRunner.run(ParentRunner.java:309)
	at org.junit.runners.Suite.runChild(Suite.java:127)
	at org.junit.runners.Suite.runChild(Suite.java:26)
	at org.junit.runners.ParentRunner$3.run(ParentRunner.java:238)
	at org.junit.runners.ParentRunner$1.schedule(ParentRunner.java:63)
	at org.junit.runners.ParentRunner.runChildren(ParentRunner.java:236)
	at org.junit.runners.ParentRunner.access$000(ParentRunner.java:53)
	at org.junit.runners.ParentRunner$2.evaluate(ParentRunner.java:229)
	at org.junit.runners.ParentRunner.run(ParentRunner.java:309)
	at org.junit.runner.JUnitCore.run(JUnitCore.java:160)
	at org.junit.runner.JUnitCore.run(JUnitCore.java:138)
	at org.junit.runner.JUnitCore.run(JUnitCore.java:117)
	at sbst.benchmark.coverage.TestExecutionTask.call(TestExecutionTask.java:54)
	at sbst.benchmark.coverage.TestExecutionTask.call(TestExecutionTask.java:15)
	at java.util.concurrent.FutureTask.run(FutureTask.java:266)
	at java.util.concurrent.ThreadPoolExecutor.runWorker(ThreadPoolExecutor.java:1149)
	at java.util.concurrent.ThreadPoolExecutor$Worker.run(ThreadPoolExecutor.java:624)
	at java.lang.Thread.run(Thread.java:750)

Failure: [initializationError(org.ta4j.core.criteria.ReflectionUtils): No runnable methods]
Failing Tests: initializationError(org.ta4j.core.criteria.ReflectionUtils)
java.lang.Exception: No runnable methods
	at org.junit.runners.BlockJUnit4ClassRunner.validateInstanceMethods(BlockJUnit4ClassRunner.java:169)
	at org.junit.runners.BlockJUnit4ClassRunner.collectInitializationErrors(BlockJUnit4ClassRunner.java:104)
	at org.junit.runners.ParentRunner.validate(ParentRunner.java:355)
	at org.junit.runners.ParentRunner.<init>(ParentRunner.java:76)
	at org.junit.runners.BlockJUnit4ClassRunner.<init>(BlockJUnit4ClassRunner.java:57)
	at org.junit.internal.builders.JUnit4Builder.runnerForClass(JUnit4Builder.java:10)
	at org.junit.runners.model.RunnerBuilder.safeRunnerForClass(RunnerBuilder.java:59)
	at org.junit.internal.builders.AllDefaultPossibilitiesBuilder.runnerForClass(AllDefaultPossibilitiesBuilder.java:26)
	at org.junit.runner.Computer.getRunner(Computer.java:40)
	at org.junit.runner.Computer$1.runnerForClass(Computer.java:31)
	at org.junit.runners.model.RunnerBuilder.safeRunnerForClass(RunnerBuilder.java:59)
	at org.junit.runners.model.RunnerBuilder.runners(RunnerBuilder.java:101)
	at org.junit.runners.model.RunnerBuilder.runners(RunnerBuilder.java:87)
	at org.junit.runners.Suite.<init>(Suite.java:80)
	at org.junit.runner.Computer.getSuite(Computer.java:28)
	at org.junit.runner.Request.classes(Request.java:75)
	at org.junit.runner.JUnitCore.run(JUnitCore.java:117)
	at sbst.benchmark.coverage.TestExecutionTask.call(TestExecutionTask.java:54)
	at sbst.benchmark.coverage.TestExecutionTask.call(TestExecutionTask.java:15)
	at java.util.concurrent.FutureTask.run(FutureTask.java:266)
	at java.util.concurrent.ThreadPoolExecutor.runWorker(ThreadPoolExecutor.java:1149)
	at java.util.concurrent.ThreadPoolExecutor$Worker.run(ThreadPoolExecutor.java:624)
	at java.lang.Thread.run(Thread.java:750)


---The tests are re-executed other four times to find the flaky ones---
Running the tests: [SBSTDummyForCoverageAndMutationCalculation, org.ta4j.core.criteria.EqualityUtils, org.ta4j.core.criteria.NumberOfConsecutivePositionsCriterion_betterThan_5105473760, org.ta4j.core.criteria.NumberOfConsecutivePositionsCriterion_betterThan_5105473761, org.ta4j.core.criteria.NumberOfConsecutivePositionsCriterion_calculate_13346717230, org.ta4j.core.criteria.NumberOfConsecutivePositionsCriterion_calculate_13346717231, org.ta4j.core.criteria.NumberOfConsecutivePositionsCriterion_calculate_14615767580, org.ta4j.core.criteria.NumberOfConsecutivePositionsCriterion_calculate_14615767581, org.ta4j.core.criteria.NumberOfConsecutivePositionsCriterion_init_3376390320, org.ta4j.core.criteria.NumberOfConsecutivePositionsCriterion_init_3376390321, org.ta4j.core.criteria.NumberOfConsecutivePositionsCriterion_isConsecutive_17461543770, org.ta4j.core.criteria.NumberOfConsecutivePositionsCriterion_isConsecutive_17461543771, org.ta4j.core.criteria.ReflectionUtils]
Executions terminated
Failure: [initializationError(org.ta4j.core.criteria.EqualityUtils): No runnable methods]
Failing Tests: initializationError(org.ta4j.core.criteria.EqualityUtils)
java.lang.Exception: No runnable methods
	at org.junit.runners.BlockJUnit4ClassRunner.validateInstanceMethods(BlockJUnit4ClassRunner.java:169)
	at org.junit.runners.BlockJUnit4ClassRunner.collectInitializationErrors(BlockJUnit4ClassRunner.java:104)
	at org.junit.runners.ParentRunner.validate(ParentRunner.java:355)
	at org.junit.runners.ParentRunner.<init>(ParentRunner.java:76)
	at org.junit.runners.BlockJUnit4ClassRunner.<init>(BlockJUnit4ClassRunner.java:57)
	at org.junit.internal.builders.JUnit4Builder.runnerForClass(JUnit4Builder.java:10)
	at org.junit.runners.model.RunnerBuilder.safeRunnerForClass(RunnerBuilder.java:59)
	at org.junit.internal.builders.AllDefaultPossibilitiesBuilder.runnerForClass(AllDefaultPossibilitiesBuilder.java:26)
	at org.junit.runner.Computer.getRunner(Computer.java:40)
	at org.junit.runner.Computer$1.runnerForClass(Computer.java:31)
	at org.junit.runners.model.RunnerBuilder.safeRunnerForClass(RunnerBuilder.java:59)
	at org.junit.runners.model.RunnerBuilder.runners(RunnerBuilder.java:101)
	at org.junit.runners.model.RunnerBuilder.runners(RunnerBuilder.java:87)
	at org.junit.runners.Suite.<init>(Suite.java:80)
	at org.junit.runner.Computer.getSuite(Computer.java:28)
	at org.junit.runner.Request.classes(Request.java:75)
	at org.junit.runner.JUnitCore.run(JUnitCore.java:117)
	at sbst.benchmark.coverage.TestExecutionTask.call(TestExecutionTask.java:54)
	at sbst.benchmark.coverage.TestExecutionTask.call(TestExecutionTask.java:15)
	at java.util.concurrent.FutureTask.run(FutureTask.java:266)
	at java.util.concurrent.ThreadPoolExecutor.runWorker(ThreadPoolExecutor.java:1149)
	at java.util.concurrent.ThreadPoolExecutor$Worker.run(ThreadPoolExecutor.java:624)
	at java.lang.Thread.run(Thread.java:750)

Failure: [test(org.ta4j.core.criteria.NumberOfConsecutivePositionsCriterion_betterThan_5105473760): null]
Failing Tests: test(org.ta4j.core.criteria.NumberOfConsecutivePositionsCriterion_betterThan_5105473760)
java.lang.NullPointerException
	at org.ta4j.core.criteria.NumberOfConsecutivePositionsCriterion.betterThan(NumberOfConsecutivePositionsCriterion.java:85)
	at sun.reflect.NativeMethodAccessorImpl.invoke0(Native Method)
	at sun.reflect.NativeMethodAccessorImpl.invoke(NativeMethodAccessorImpl.java:62)
	at sun.reflect.DelegatingMethodAccessorImpl.invoke(DelegatingMethodAccessorImpl.java:43)
	at java.lang.reflect.Method.invoke(Method.java:498)
	at org.ta4j.core.criteria.ReflectionUtils.callMethod(ReflectionUtils.java:238)
	at org.ta4j.core.criteria.NumberOfConsecutivePositionsCriterion_betterThan_5105473760.test(NumberOfConsecutivePositionsCriterion_betterThan_5105473760.java:47)
	at sun.reflect.NativeMethodAccessorImpl.invoke0(Native Method)
	at sun.reflect.NativeMethodAccessorImpl.invoke(NativeMethodAccessorImpl.java:62)
	at sun.reflect.DelegatingMethodAccessorImpl.invoke(DelegatingMethodAccessorImpl.java:43)
	at java.lang.reflect.Method.invoke(Method.java:498)
	at org.junit.runners.model.FrameworkMethod$1.runReflectiveCall(FrameworkMethod.java:47)
	at org.junit.internal.runners.model.ReflectiveCallable.run(ReflectiveCallable.java:12)
	at org.junit.runners.model.FrameworkMethod.invokeExplosively(FrameworkMethod.java:44)
	at org.junit.internal.runners.statements.InvokeMethod.evaluate(InvokeMethod.java:17)
	at org.junit.internal.runners.statements.RunBefores.evaluate(RunBefores.java:26)
	at org.junit.runners.ParentRunner.runLeaf(ParentRunner.java:271)
	at org.junit.runners.BlockJUnit4ClassRunner.runChild(BlockJUnit4ClassRunner.java:70)
	at org.junit.runners.BlockJUnit4ClassRunner.runChild(BlockJUnit4ClassRunner.java:50)
	at org.junit.runners.ParentRunner$3.run(ParentRunner.java:238)
	at org.junit.runners.ParentRunner$1.schedule(ParentRunner.java:63)
	at org.junit.runners.ParentRunner.runChildren(ParentRunner.java:236)
	at org.junit.runners.ParentRunner.access$000(ParentRunner.java:53)
	at org.junit.runners.ParentRunner$2.evaluate(ParentRunner.java:229)
	at org.junit.runners.ParentRunner.run(ParentRunner.java:309)
	at org.junit.runners.Suite.runChild(Suite.java:127)
	at org.junit.runners.Suite.runChild(Suite.java:26)
	at org.junit.runners.ParentRunner$3.run(ParentRunner.java:238)
	at org.junit.runners.ParentRunner$1.schedule(ParentRunner.java:63)
	at org.junit.runners.ParentRunner.runChildren(ParentRunner.java:236)
	at org.junit.runners.ParentRunner.access$000(ParentRunner.java:53)
	at org.junit.runners.ParentRunner$2.evaluate(ParentRunner.java:229)
	at org.junit.runners.ParentRunner.run(ParentRunner.java:309)
	at org.junit.runner.JUnitCore.run(JUnitCore.java:160)
	at org.junit.runner.JUnitCore.run(JUnitCore.java:138)
	at org.junit.runner.JUnitCore.run(JUnitCore.java:117)
	at sbst.benchmark.coverage.TestExecutionTask.call(TestExecutionTask.java:54)
	at sbst.benchmark.coverage.TestExecutionTask.call(TestExecutionTask.java:15)
	at java.util.concurrent.FutureTask.run(FutureTask.java:266)
	at java.util.concurrent.ThreadPoolExecutor.runWorker(ThreadPoolExecutor.java:1149)
	at java.util.concurrent.ThreadPoolExecutor$Worker.run(ThreadPoolExecutor.java:624)
	at java.lang.Thread.run(Thread.java:750)

Failure: [test(org.ta4j.core.criteria.NumberOfConsecutivePositionsCriterion_betterThan_5105473761): null]
Running the tests: [SBSTDummyForCoverageAndMutationCalculation, org.ta4j.core.criteria.EqualityUtils, org.ta4j.core.criteria.NumberOfConsecutivePositionsCriterion_betterThan_5105473760, org.ta4j.core.criteria.NumberOfConsecutivePositionsCriterion_betterThan_5105473761, org.ta4j.core.criteria.NumberOfConsecutivePositionsCriterion_calculate_13346717230, org.ta4j.core.criteria.NumberOfConsecutivePositionsCriterion_calculate_13346717231, org.ta4j.core.criteria.NumberOfConsecutivePositionsCriterion_calculate_14615767580, org.ta4j.core.criteria.NumberOfConsecutivePositionsCriterion_calculate_14615767581, org.ta4j.core.criteria.NumberOfConsecutivePositionsCriterion_init_3376390320, org.ta4j.core.criteria.NumberOfConsecutivePositionsCriterion_init_3376390321, org.ta4j.core.criteria.NumberOfConsecutivePositionsCriterion_isConsecutive_17461543770, org.ta4j.core.criteria.NumberOfConsecutivePositionsCriterion_isConsecutive_17461543771, org.ta4j.core.criteria.ReflectionUtils]
Failing Tests: test(org.ta4j.core.criteria.NumberOfConsecutivePositionsCriterion_betterThan_5105473761)
java.lang.NullPointerException
	at org.ta4j.core.criteria.NumberOfConsecutivePositionsCriterion.betterThan(NumberOfConsecutivePositionsCriterion.java:86)
	at sun.reflect.NativeMethodAccessorImpl.invoke0(Native Method)
	at sun.reflect.NativeMethodAccessorImpl.invoke(NativeMethodAccessorImpl.java:62)
	at sun.reflect.DelegatingMethodAccessorImpl.invoke(DelegatingMethodAccessorImpl.java:43)
	at java.lang.reflect.Method.invoke(Method.java:498)
	at org.ta4j.core.criteria.ReflectionUtils.callMethod(ReflectionUtils.java:238)
	at org.ta4j.core.criteria.NumberOfConsecutivePositionsCriterion_betterThan_5105473761.test(NumberOfConsecutivePositionsCriterion_betterThan_5105473761.java:41)
	at sun.reflect.NativeMethodAccessorImpl.invoke0(Native Method)
	at sun.reflect.NativeMethodAccessorImpl.invoke(NativeMethodAccessorImpl.java:62)
	at sun.reflect.DelegatingMethodAccessorImpl.invoke(DelegatingMethodAccessorImpl.java:43)
	at java.lang.reflect.Method.invoke(Method.java:498)
	at org.junit.runners.model.FrameworkMethod$1.runReflectiveCall(FrameworkMethod.java:47)
	at org.junit.internal.runners.model.ReflectiveCallable.run(ReflectiveCallable.java:12)
	at org.junit.runners.model.FrameworkMethod.invokeExplosively(FrameworkMethod.java:44)
	at org.junit.internal.runners.statements.InvokeMethod.evaluate(InvokeMethod.java:17)
	at org.junit.internal.runners.statements.RunBefores.evaluate(RunBefores.java:26)
	at org.junit.runners.ParentRunner.runLeaf(ParentRunner.java:271)
	at org.junit.runners.BlockJUnit4ClassRunner.runChild(BlockJUnit4ClassRunner.java:70)
	at org.junit.runners.BlockJUnit4ClassRunner.runChild(BlockJUnit4ClassRunner.java:50)
	at org.junit.runners.ParentRunner$3.run(ParentRunner.java:238)
	at org.junit.runners.ParentRunner$1.schedule(ParentRunner.java:63)
	at org.junit.runners.ParentRunner.runChildren(ParentRunner.java:236)
	at org.junit.runners.ParentRunner.access$000(ParentRunner.java:53)
	at org.junit.runners.ParentRunner$2.evaluate(ParentRunner.java:229)
	at org.junit.runners.ParentRunner.run(ParentRunner.java:309)
	at org.junit.runners.Suite.runChild(Suite.java:127)
	at org.junit.runners.Suite.runChild(Suite.java:26)
	at org.junit.runners.ParentRunner$3.run(ParentRunner.java:238)
	at org.junit.runners.ParentRunner$1.schedule(ParentRunner.java:63)
	at org.junit.runners.ParentRunner.runChildren(ParentRunner.java:236)
	at org.junit.runners.ParentRunner.access$000(ParentRunner.java:53)
	at org.junit.runners.ParentRunner$2.evaluate(ParentRunner.java:229)
	at org.junit.runners.ParentRunner.run(ParentRunner.java:309)
	at org.junit.runner.JUnitCore.run(JUnitCore.java:160)
	at org.junit.runner.JUnitCore.run(JUnitCore.java:138)
	at org.junit.runner.JUnitCore.run(JUnitCore.java:117)
	at sbst.benchmark.coverage.TestExecutionTask.call(TestExecutionTask.java:54)
	at sbst.benchmark.coverage.TestExecutionTask.call(TestExecutionTask.java:15)
	at java.util.concurrent.FutureTask.run(FutureTask.java:266)
	at java.util.concurrent.ThreadPoolExecutor.runWorker(ThreadPoolExecutor.java:1149)
	at java.util.concurrent.ThreadPoolExecutor$Worker.run(ThreadPoolExecutor.java:624)
	at java.lang.Thread.run(Thread.java:750)

Failure: [test(org.ta4j.core.criteria.NumberOfConsecutivePositionsCriterion_calculate_13346717230): null]
Failing Tests: test(org.ta4j.core.criteria.NumberOfConsecutivePositionsCriterion_calculate_13346717230)
java.lang.NullPointerException
	at org.ta4j.core.criteria.NumberOfConsecutivePositionsCriterion.calculate(NumberOfConsecutivePositionsCriterion.java:56)
	at sun.reflect.NativeMethodAccessorImpl.invoke0(Native Method)
	at sun.reflect.NativeMethodAccessorImpl.invoke(NativeMethodAccessorImpl.java:62)
	at sun.reflect.DelegatingMethodAccessorImpl.invoke(DelegatingMethodAccessorImpl.java:43)
	at java.lang.reflect.Method.invoke(Method.java:498)
	at org.ta4j.core.criteria.ReflectionUtils.callMethod(ReflectionUtils.java:238)
	at org.ta4j.core.criteria.NumberOfConsecutivePositionsCriterion_calculate_13346717230.test(NumberOfConsecutivePositionsCriterion_calculate_13346717230.java:47)
	at sun.reflect.NativeMethodAccessorImpl.invoke0(Native Method)
	at sun.reflect.NativeMethodAccessorImpl.invoke(NativeMethodAccessorImpl.java:62)
	at sun.reflect.DelegatingMethodAccessorImpl.invoke(DelegatingMethodAccessorImpl.java:43)
	at java.lang.reflect.Method.invoke(Method.java:498)
	at org.junit.runners.model.FrameworkMethod$1.runReflectiveCall(FrameworkMethod.java:47)
	at org.junit.internal.runners.model.ReflectiveCallable.run(ReflectiveCallable.java:12)
	at org.junit.runners.model.FrameworkMethod.invokeExplosively(FrameworkMethod.java:44)
	at org.junit.internal.runners.statements.InvokeMethod.evaluate(InvokeMethod.java:17)
	at org.junit.internal.runners.statements.RunBefores.evaluate(RunBefores.java:26)
	at org.junit.runners.ParentRunner.runLeaf(ParentRunner.java:271)
	at org.junit.runners.BlockJUnit4ClassRunner.runChild(BlockJUnit4ClassRunner.java:70)
	at org.junit.runners.BlockJUnit4ClassRunner.runChild(BlockJUnit4ClassRunner.java:50)
	at org.junit.runners.ParentRunner$3.run(ParentRunner.java:238)
	at org.junit.runners.ParentRunner$1.schedule(ParentRunner.java:63)
	at org.junit.runners.ParentRunner.runChildren(ParentRunner.java:236)
	at org.junit.runners.ParentRunner.access$000(ParentRunner.java:53)
	at org.junit.runners.ParentRunner$2.evaluate(ParentRunner.java:229)
	at org.junit.runners.ParentRunner.run(ParentRunner.java:309)
	at org.junit.runners.Suite.runChild(Suite.java:127)
	at org.junit.runners.Suite.runChild(Suite.java:26)
	at org.junit.runners.ParentRunner$3.run(ParentRunner.java:238)
	at org.junit.runners.ParentRunner$1.schedule(ParentRunner.java:63)
	at org.junit.runners.ParentRunner.runChildren(ParentRunner.java:236)
	at org.junit.runners.ParentRunner.access$000(ParentRunner.java:53)
	at org.junit.runners.ParentRunner$2.evaluate(ParentRunner.java:229)
	at org.junit.runners.ParentRunner.run(ParentRunner.java:309)
	at org.junit.runner.JUnitCore.run(JUnitCore.java:160)
	at org.junit.runner.JUnitCore.run(JUnitCore.java:138)
	at org.junit.runner.JUnitCore.run(JUnitCore.java:117)
	at sbst.benchmark.coverage.TestExecutionTask.call(TestExecutionTask.java:54)
	at sbst.benchmark.coverage.TestExecutionTask.call(TestExecutionTask.java:15)
	at java.util.concurrent.FutureTask.run(FutureTask.java:266)
	at java.util.concurrent.ThreadPoolExecutor.runWorker(ThreadPoolExecutor.java:1149)
	at java.util.concurrent.ThreadPoolExecutor$Worker.run(ThreadPoolExecutor.java:624)
	at java.lang.Thread.run(Thread.java:750)

Failure: [test(org.ta4j.core.criteria.NumberOfConsecutivePositionsCriterion_calculate_13346717231): null]
Failing Tests: test(org.ta4j.core.criteria.NumberOfConsecutivePositionsCriterion_calculate_13346717231)
java.lang.NullPointerException
	at org.ta4j.core.criteria.NumberOfConsecutivePositionsCriterion.calculate(NumberOfConsecutivePositionsCriterion.java:56)
	at sun.reflect.NativeMethodAccessorImpl.invoke0(Native Method)
	at sun.reflect.NativeMethodAccessorImpl.invoke(NativeMethodAccessorImpl.java:62)
	at sun.reflect.DelegatingMethodAccessorImpl.invoke(DelegatingMethodAccessorImpl.java:43)
	at java.lang.reflect.Method.invoke(Method.java:498)
	at org.ta4j.core.criteria.ReflectionUtils.callMethod(ReflectionUtils.java:238)
	at org.ta4j.core.criteria.NumberOfConsecutivePositionsCriterion_calculate_13346717231.test(NumberOfConsecutivePositionsCriterion_calculate_13346717231.java:41)
	at sun.reflect.NativeMethodAccessorImpl.invoke0(Native Method)
	at sun.reflect.NativeMethodAccessorImpl.invoke(NativeMethodAccessorImpl.java:62)
	at sun.reflect.DelegatingMethodAccessorImpl.invoke(DelegatingMethodAccessorImpl.java:43)
	at java.lang.reflect.Method.invoke(Method.java:498)
	at org.junit.runners.model.FrameworkMethod$1.runReflectiveCall(FrameworkMethod.java:47)
	at org.junit.internal.runners.model.ReflectiveCallable.run(ReflectiveCallable.java:12)
	at org.junit.runners.model.FrameworkMethod.invokeExplosively(FrameworkMethod.java:44)
	at org.junit.internal.runners.statements.InvokeMethod.evaluate(InvokeMethod.java:17)
	at org.junit.internal.runners.statements.RunBefores.evaluate(RunBefores.java:26)
	at org.junit.runners.ParentRunner.runLeaf(ParentRunner.java:271)
	at org.junit.runners.BlockJUnit4ClassRunner.runChild(BlockJUnit4ClassRunner.java:70)
	at org.junit.runners.BlockJUnit4ClassRunner.runChild(BlockJUnit4ClassRunner.java:50)
	at org.junit.runners.ParentRunner$3.run(ParentRunner.java:238)
	at org.junit.runners.ParentRunner$1.schedule(ParentRunner.java:63)
	at org.junit.runners.ParentRunner.runChildren(ParentRunner.java:236)
	at org.junit.runners.ParentRunner.access$000(ParentRunner.java:53)
	at org.junit.runners.ParentRunner$2.evaluate(ParentRunner.java:229)
	at org.junit.runners.ParentRunner.run(ParentRunner.java:309)
	at org.junit.runners.Suite.runChild(Suite.java:127)
	at org.junit.runners.Suite.runChild(Suite.java:26)
	at org.junit.runners.ParentRunner$3.run(ParentRunner.java:238)
	at org.junit.runners.ParentRunner$1.schedule(ParentRunner.java:63)
	at org.junit.runners.ParentRunner.runChildren(ParentRunner.java:236)
	at org.junit.runners.ParentRunner.access$000(ParentRunner.java:53)
	at org.junit.runners.ParentRunner$2.evaluate(ParentRunner.java:229)
	at org.junit.runners.ParentRunner.run(ParentRunner.java:309)
	at org.junit.runner.JUnitCore.run(JUnitCore.java:160)
	at org.junit.runner.JUnitCore.run(JUnitCore.java:138)
	at org.junit.runner.JUnitCore.run(JUnitCore.java:117)
	at sbst.benchmark.coverage.TestExecutionTask.call(TestExecutionTask.java:54)
	at sbst.benchmark.coverage.TestExecutionTask.call(TestExecutionTask.java:15)
	at java.util.concurrent.FutureTask.run(FutureTask.java:266)
	at java.util.concurrent.ThreadPoolExecutor.runWorker(ThreadPoolExecutor.java:1149)
	at java.util.concurrent.ThreadPoolExecutor$Worker.run(ThreadPoolExecutor.java:624)
	at java.lang.Thread.run(Thread.java:750)

Failure: [test(org.ta4j.core.criteria.NumberOfConsecutivePositionsCriterion_calculate_14615767580): null]
Failing Tests: test(org.ta4j.core.criteria.NumberOfConsecutivePositionsCriterion_calculate_14615767580)
java.lang.NullPointerException
	at org.ta4j.core.Trade.getValue(Trade.java:412)
	at org.ta4j.core.Position.getGrossProfit(Position.java:282)
	at org.ta4j.core.Position.getProfit(Position.java:237)
	at org.ta4j.core.criteria.NumberOfConsecutivePositionsCriterion.isConsecutive(NumberOfConsecutivePositionsCriterion.java:91)
	at org.ta4j.core.criteria.NumberOfConsecutivePositionsCriterion.calculate(NumberOfConsecutivePositionsCriterion.java:49)
	at sun.reflect.NativeMethodAccessorImpl.invoke0(Native Method)
	at sun.reflect.NativeMethodAccessorImpl.invoke(NativeMethodAccessorImpl.java:62)
	at sun.reflect.DelegatingMethodAccessorImpl.invoke(DelegatingMethodAccessorImpl.java:43)
	at java.lang.reflect.Method.invoke(Method.java:498)
	at org.ta4j.core.criteria.ReflectionUtils.callMethod(ReflectionUtils.java:238)
	at org.ta4j.core.criteria.NumberOfConsecutivePositionsCriterion_calculate_14615767580.test(NumberOfConsecutivePositionsCriterion_calculate_14615767580.java:78)
	at sun.reflect.NativeMethodAccessorImpl.invoke0(Native Method)
	at sun.reflect.NativeMethodAccessorImpl.invoke(NativeMethodAccessorImpl.java:62)
	at sun.reflect.DelegatingMethodAccessorImpl.invoke(DelegatingMethodAccessorImpl.java:43)
	at java.lang.reflect.Method.invoke(Method.java:498)
	at org.junit.runners.model.FrameworkMethod$1.runReflectiveCall(FrameworkMethod.java:47)
	at org.junit.internal.runners.model.ReflectiveCallable.run(ReflectiveCallable.java:12)
	at org.junit.runners.model.FrameworkMethod.invokeExplosively(FrameworkMethod.java:44)
	at org.junit.internal.runners.statements.InvokeMethod.evaluate(InvokeMethod.java:17)
	at org.junit.internal.runners.statements.RunBefores.evaluate(RunBefores.java:26)
	at org.junit.runners.ParentRunner.runLeaf(ParentRunner.java:271)
	at org.junit.runners.BlockJUnit4ClassRunner.runChild(BlockJUnit4ClassRunner.java:70)
	at org.junit.runners.BlockJUnit4ClassRunner.runChild(BlockJUnit4ClassRunner.java:50)
	at org.junit.runners.ParentRunner$3.run(ParentRunner.java:238)
	at org.junit.runners.ParentRunner$1.schedule(ParentRunner.java:63)
	at org.junit.runners.ParentRunner.runChildren(ParentRunner.java:236)
	at org.junit.runners.ParentRunner.access$000(ParentRunner.java:53)
	at org.junit.runners.ParentRunner$2.evaluate(ParentRunner.java:229)
	at org.junit.runners.ParentRunner.run(ParentRunner.java:309)
	at org.junit.runners.Suite.runChild(Suite.java:127)
	at org.junit.runners.Suite.runChild(Suite.java:26)
	at org.junit.runners.ParentRunner$3.run(ParentRunner.java:238)
	at org.junit.runners.ParentRunner$1.schedule(ParentRunner.java:63)
	at org.junit.runners.ParentRunner.runChildren(ParentRunner.java:236)
	at org.junit.runners.ParentRunner.access$000(ParentRunner.java:53)
	at org.junit.runners.ParentRunner$2.evaluate(ParentRunner.java:229)
	at org.junit.runners.ParentRunner.run(ParentRunner.java:309)
	at org.junit.runner.JUnitCore.run(JUnitCore.java:160)
	at org.junit.runner.JUnitCore.run(JUnitCore.java:138)
	at org.junit.runner.JUnitCore.run(JUnitCore.java:117)
	at sbst.benchmark.coverage.TestExecutionTask.call(TestExecutionTask.java:54)
	at sbst.benchmark.coverage.TestExecutionTask.call(TestExecutionTask.java:15)
	at java.util.concurrent.FutureTask.run(FutureTask.java:266)
	at java.util.concurrent.ThreadPoolExecutor.runWorker(ThreadPoolExecutor.java:1149)
	at java.util.concurrent.ThreadPoolExecutor$Worker.run(ThreadPoolExecutor.java:624)
	at java.lang.Thread.run(Thread.java:750)

Failure: [test(org.ta4j.core.criteria.NumberOfConsecutivePositionsCriterion_calculate_14615767581): null]
Failing Tests: test(org.ta4j.core.criteria.NumberOfConsecutivePositionsCriterion_calculate_14615767581)
java.lang.NullPointerException
	at org.ta4j.core.criteria.NumberOfConsecutivePositionsCriterion.isConsecutive(NumberOfConsecutivePositionsCriterion.java:90)
	at org.ta4j.core.criteria.NumberOfConsecutivePositionsCriterion.calculate(NumberOfConsecutivePositionsCriterion.java:49)
	at sun.reflect.NativeMethodAccessorImpl.invoke0(Native Method)
	at sun.reflect.NativeMethodAccessorImpl.invoke(NativeMethodAccessorImpl.java:62)
	at sun.reflect.DelegatingMethodAccessorImpl.invoke(DelegatingMethodAccessorImpl.java:43)
	at java.lang.reflect.Method.invoke(Method.java:498)
	at org.ta4j.core.criteria.ReflectionUtils.callMethod(ReflectionUtils.java:238)
	at org.ta4j.core.criteria.NumberOfConsecutivePositionsCriterion_calculate_14615767581.test(NumberOfConsecutivePositionsCriterion_calculate_14615767581.java:41)
	at sun.reflect.NativeMethodAccessorImpl.invoke0(Native Method)
	at sun.reflect.NativeMethodAccessorImpl.invoke(NativeMethodAccessorImpl.java:62)
	at sun.reflect.DelegatingMethodAccessorImpl.invoke(DelegatingMethodAccessorImpl.java:43)
	at java.lang.reflect.Method.invoke(Method.java:498)
	at org.junit.runners.model.FrameworkMethod$1.runReflectiveCall(FrameworkMethod.java:47)
	at org.junit.internal.runners.model.ReflectiveCallable.run(ReflectiveCallable.java:12)
	at org.junit.runners.model.FrameworkMethod.invokeExplosively(FrameworkMethod.java:44)
	at org.junit.internal.runners.statements.InvokeMethod.evaluate(InvokeMethod.java:17)
	at org.junit.internal.runners.statements.RunBefores.evaluate(RunBefores.java:26)
	at org.junit.runners.ParentRunner.runLeaf(ParentRunner.java:271)
	at org.junit.runners.BlockJUnit4ClassRunner.runChild(BlockJUnit4ClassRunner.java:70)
	at org.junit.runners.BlockJUnit4ClassRunner.runChild(BlockJUnit4ClassRunner.java:50)
	at org.junit.runners.ParentRunner$3.run(ParentRunner.java:238)
	at org.junit.runners.ParentRunner$1.schedule(ParentRunner.java:63)
	at org.junit.runners.ParentRunner.runChildren(ParentRunner.java:236)
	at org.junit.runners.ParentRunner.access$000(ParentRunner.java:53)
	at org.junit.runners.ParentRunner$2.evaluate(ParentRunner.java:229)
	at org.junit.runners.ParentRunner.run(ParentRunner.java:309)
	at org.junit.runners.Suite.runChild(Suite.java:127)
	at org.junit.runners.Suite.runChild(Suite.java:26)
	at org.junit.runners.ParentRunner$3.run(ParentRunner.java:238)
	at org.junit.runners.ParentRunner$1.schedule(ParentRunner.java:63)
	at org.junit.runners.ParentRunner.runChildren(ParentRunner.java:236)
	at org.junit.runners.ParentRunner.access$000(ParentRunner.java:53)
	at org.junit.runners.ParentRunner$2.evaluate(ParentRunner.java:229)
	at org.junit.runners.ParentRunner.run(ParentRunner.java:309)
	at org.junit.runner.JUnitCore.run(JUnitCore.java:160)
	at org.junit.runner.JUnitCore.run(JUnitCore.java:138)
	at org.junit.runner.JUnitCore.run(JUnitCore.java:117)
	at sbst.benchmark.coverage.TestExecutionTask.call(TestExecutionTask.java:54)
	at sbst.benchmark.coverage.TestExecutionTask.call(TestExecutionTask.java:15)
	at java.util.concurrent.FutureTask.run(FutureTask.java:266)
	at java.util.concurrent.ThreadPoolExecutor.runWorker(ThreadPoolExecutor.java:1149)
	at java.util.concurrent.ThreadPoolExecutor$Worker.run(ThreadPoolExecutor.java:624)
	at java.lang.Thread.run(Thread.java:750)

Failure: [test(org.ta4j.core.criteria.NumberOfConsecutivePositionsCriterion_isConsecutive_17461543770): null]
Failing Tests: test(org.ta4j.core.criteria.NumberOfConsecutivePositionsCriterion_isConsecutive_17461543770)
java.lang.NullPointerException
	at org.ta4j.core.Trade.getValue(Trade.java:412)
	at org.ta4j.core.Position.getGrossProfit(Position.java:282)
	at org.ta4j.core.Position.getProfit(Position.java:237)
	at org.ta4j.core.criteria.NumberOfConsecutivePositionsCriterion.isConsecutive(NumberOfConsecutivePositionsCriterion.java:91)
	at sun.reflect.NativeMethodAccessorImpl.invoke0(Native Method)
	at sun.reflect.NativeMethodAccessorImpl.invoke(NativeMethodAccessorImpl.java:62)
	at sun.reflect.DelegatingMethodAccessorImpl.invoke(DelegatingMethodAccessorImpl.java:43)
	at java.lang.reflect.Method.invoke(Method.java:498)
	at org.ta4j.core.criteria.ReflectionUtils.callMethod(ReflectionUtils.java:238)
	at org.ta4j.core.criteria.NumberOfConsecutivePositionsCriterion_isConsecutive_17461543770.test(NumberOfConsecutivePositionsCriterion_isConsecutive_17461543770.java:76)
	at sun.reflect.NativeMethodAccessorImpl.invoke0(Native Method)
	at sun.reflect.NativeMethodAccessorImpl.invoke(NativeMethodAccessorImpl.java:62)
	at sun.reflect.DelegatingMethodAccessorImpl.invoke(DelegatingMethodAccessorImpl.java:43)
	at java.lang.reflect.Method.invoke(Method.java:498)
	at org.junit.runners.model.FrameworkMethod$1.runReflectiveCall(FrameworkMethod.java:47)
	at org.junit.internal.runners.model.ReflectiveCallable.run(ReflectiveCallable.java:12)
	at org.junit.runners.model.FrameworkMethod.invokeExplosively(FrameworkMethod.java:44)
	at org.junit.internal.runners.statements.InvokeMethod.evaluate(InvokeMethod.java:17)
	at org.junit.internal.runners.statements.RunBefores.evaluate(RunBefores.java:26)
	at org.junit.runners.ParentRunner.runLeaf(ParentRunner.java:271)
	at org.junit.runners.BlockJUnit4ClassRunner.runChild(BlockJUnit4ClassRunner.java:70)
	at org.junit.runners.BlockJUnit4ClassRunner.runChild(BlockJUnit4ClassRunner.java:50)
	at org.junit.runners.ParentRunner$3.run(ParentRunner.java:238)
	at org.junit.runners.ParentRunner$1.schedule(ParentRunner.java:63)
	at org.junit.runners.ParentRunner.runChildren(ParentRunner.java:236)
	at org.junit.runners.ParentRunner.access$000(ParentRunner.java:53)
	at org.junit.runners.ParentRunner$2.evaluate(ParentRunner.java:229)
	at org.junit.runners.ParentRunner.run(ParentRunner.java:309)
	at org.junit.runners.Suite.runChild(Suite.java:127)
	at org.junit.runners.Suite.runChild(Suite.java:26)
	at org.junit.runners.ParentRunner$3.run(ParentRunner.java:238)
	at org.junit.runners.ParentRunner$1.schedule(ParentRunner.java:63)
	at org.junit.runners.ParentRunner.runChildren(ParentRunner.java:236)
	at org.junit.runners.ParentRunner.access$000(ParentRunner.java:53)
	at org.junit.runners.ParentRunner$2.evaluate(ParentRunner.java:229)
	at org.junit.runners.ParentRunner.run(ParentRunner.java:309)
	at org.junit.runner.JUnitCore.run(JUnitCore.java:160)
	at org.junit.runner.JUnitCore.run(JUnitCore.java:138)
	at org.junit.runner.JUnitCore.run(JUnitCore.java:117)
	at sbst.benchmark.coverage.TestExecutionTask.call(TestExecutionTask.java:54)
	at sbst.benchmark.coverage.TestExecutionTask.call(TestExecutionTask.java:15)
	at java.util.concurrent.FutureTask.run(FutureTask.java:266)
	at java.util.concurrent.ThreadPoolExecutor.runWorker(ThreadPoolExecutor.java:1149)
	at java.util.concurrent.ThreadPoolExecutor$Worker.run(ThreadPoolExecutor.java:624)
	at java.lang.Thread.run(Thread.java:750)

Failure: [test(org.ta4j.core.criteria.NumberOfConsecutivePositionsCriterion_isConsecutive_17461543771): null]
Failing Tests: test(org.ta4j.core.criteria.NumberOfConsecutivePositionsCriterion_isConsecutive_17461543771)
java.lang.NullPointerException
	at org.ta4j.core.criteria.NumberOfConsecutivePositionsCriterion.isConsecutive(NumberOfConsecutivePositionsCriterion.java:90)
	at sun.reflect.NativeMethodAccessorImpl.invoke0(Native Method)
	at sun.reflect.NativeMethodAccessorImpl.invoke(NativeMethodAccessorImpl.java:62)
	at sun.reflect.DelegatingMethodAccessorImpl.invoke(DelegatingMethodAccessorImpl.java:43)
	at java.lang.reflect.Method.invoke(Method.java:498)
	at org.ta4j.core.criteria.ReflectionUtils.callMethod(ReflectionUtils.java:238)
	at org.ta4j.core.criteria.NumberOfConsecutivePositionsCriterion_isConsecutive_17461543771.test(NumberOfConsecutivePositionsCriterion_isConsecutive_17461543771.java:39)
	at sun.reflect.NativeMethodAccessorImpl.invoke0(Native Method)
	at sun.reflect.NativeMethodAccessorImpl.invoke(NativeMethodAccessorImpl.java:62)
	at sun.reflect.DelegatingMethodAccessorImpl.invoke(DelegatingMethodAccessorImpl.java:43)
	at java.lang.reflect.Method.invoke(Method.java:498)
	at org.junit.runners.model.FrameworkMethod$1.runReflectiveCall(FrameworkMethod.java:47)
	at org.junit.internal.runners.model.ReflectiveCallable.run(ReflectiveCallable.java:12)
	at org.junit.runners.model.FrameworkMethod.invokeExplosively(FrameworkMethod.java:44)
	at org.junit.internal.runners.statements.InvokeMethod.evaluate(InvokeMethod.java:17)
	at org.junit.internal.runners.statements.RunBefores.evaluate(RunBefores.java:26)
	at org.junit.runners.ParentRunner.runLeaf(ParentRunner.java:271)
	at org.junit.runners.BlockJUnit4ClassRunner.runChild(BlockJUnit4ClassRunner.java:70)
	at org.junit.runners.BlockJUnit4ClassRunner.runChild(BlockJUnit4ClassRunner.java:50)
	at org.junit.runners.ParentRunner$3.run(ParentRunner.java:238)
	at org.junit.runners.ParentRunner$1.schedule(ParentRunner.java:63)
	at org.junit.runners.ParentRunner.runChildren(ParentRunner.java:236)
	at org.junit.runners.ParentRunner.access$000(ParentRunner.java:53)
	at org.junit.runners.ParentRunner$2.evaluate(ParentRunner.java:229)
	at org.junit.runners.ParentRunner.run(ParentRunner.java:309)
	at org.junit.runners.Suite.runChild(Suite.java:127)
	at org.junit.runners.Suite.runChild(Suite.java:26)
	at org.junit.runners.ParentRunner$3.run(ParentRunner.java:238)
	at org.junit.runners.ParentRunner$1.schedule(ParentRunner.java:63)
	at org.junit.runners.ParentRunner.runChildren(ParentRunner.java:236)
	at org.junit.runners.ParentRunner.access$000(ParentRunner.java:53)
	at org.junit.runners.ParentRunner$2.evaluate(ParentRunner.java:229)
	at org.junit.runners.ParentRunner.run(ParentRunner.java:309)
	at org.junit.runner.JUnitCore.run(JUnitCore.java:160)
	at org.junit.runner.JUnitCore.run(JUnitCore.java:138)
	at org.junit.runner.JUnitCore.run(JUnitCore.java:117)
	at sbst.benchmark.coverage.TestExecutionTask.call(TestExecutionTask.java:54)
	at sbst.benchmark.coverage.TestExecutionTask.call(TestExecutionTask.java:15)
	at java.util.concurrent.FutureTask.run(FutureTask.java:266)
	at java.util.concurrent.ThreadPoolExecutor.runWorker(ThreadPoolExecutor.java:1149)
	at java.util.concurrent.ThreadPoolExecutor$Worker.run(ThreadPoolExecutor.java:624)
	at java.lang.Thread.run(Thread.java:750)

Failure: [initializationError(org.ta4j.core.criteria.ReflectionUtils): No runnable methods]
Failing Tests: initializationError(org.ta4j.core.criteria.ReflectionUtils)
java.lang.Exception: No runnable methods
	at org.junit.runners.BlockJUnit4ClassRunner.validateInstanceMethods(BlockJUnit4ClassRunner.java:169)
	at org.junit.runners.BlockJUnit4ClassRunner.collectInitializationErrors(BlockJUnit4ClassRunner.java:104)
	at org.junit.runners.ParentRunner.validate(ParentRunner.java:355)
	at org.junit.runners.ParentRunner.<init>(ParentRunner.java:76)
	at org.junit.runners.BlockJUnit4ClassRunner.<init>(BlockJUnit4ClassRunner.java:57)
	at org.junit.internal.builders.JUnit4Builder.runnerForClass(JUnit4Builder.java:10)
	at org.junit.runners.model.RunnerBuilder.safeRunnerForClass(RunnerBuilder.java:59)
	at org.junit.internal.builders.AllDefaultPossibilitiesBuilder.runnerForClass(AllDefaultPossibilitiesBuilder.java:26)
	at org.junit.runner.Computer.getRunner(Computer.java:40)
	at org.junit.runner.Computer$1.runnerForClass(Computer.java:31)
	at org.junit.runners.model.RunnerBuilder.safeRunnerForClass(RunnerBuilder.java:59)
	at org.junit.runners.model.RunnerBuilder.runners(RunnerBuilder.java:101)
	at org.junit.runners.model.RunnerBuilder.runners(RunnerBuilder.java:87)
	at org.junit.runners.Suite.<init>(Suite.java:80)
	at org.junit.runner.Computer.getSuite(Computer.java:28)
	at org.junit.runner.Request.classes(Request.java:75)
	at org.junit.runner.JUnitCore.run(JUnitCore.java:117)
	at sbst.benchmark.coverage.TestExecutionTask.call(TestExecutionTask.java:54)
	at sbst.benchmark.coverage.TestExecutionTask.call(TestExecutionTask.java:15)
	at java.util.concurrent.FutureTask.run(FutureTask.java:266)
	at java.util.concurrent.ThreadPoolExecutor.runWorker(ThreadPoolExecutor.java:1149)
	at java.util.concurrent.ThreadPoolExecutor$Worker.run(ThreadPoolExecutor.java:624)
	at java.lang.Thread.run(Thread.java:750)

Executions terminated
Failure: [initializationError(org.ta4j.core.criteria.EqualityUtils): No runnable methods]
Failing Tests: initializationError(org.ta4j.core.criteria.EqualityUtils)
java.lang.Exception: No runnable methods
	at org.junit.runners.BlockJUnit4ClassRunner.validateInstanceMethods(BlockJUnit4ClassRunner.java:169)
	at org.junit.runners.BlockJUnit4ClassRunner.collectInitializationErrors(BlockJUnit4ClassRunner.java:104)
	at org.junit.runners.ParentRunner.validate(ParentRunner.java:355)
	at org.junit.runners.ParentRunner.<init>(ParentRunner.java:76)
	at org.junit.runners.BlockJUnit4ClassRunner.<init>(BlockJUnit4ClassRunner.java:57)
	at org.junit.internal.builders.JUnit4Builder.runnerForClass(JUnit4Builder.java:10)
	at org.junit.runners.model.RunnerBuilder.safeRunnerForClass(RunnerBuilder.java:59)
	at org.junit.internal.builders.AllDefaultPossibilitiesBuilder.runnerForClass(AllDefaultPossibilitiesBuilder.java:26)
	at org.junit.runner.Computer.getRunner(Computer.java:40)
	at org.junit.runner.Computer$1.runnerForClass(Computer.java:31)
	at org.junit.runners.model.RunnerBuilder.safeRunnerForClass(RunnerBuilder.java:59)
	at org.junit.runners.model.RunnerBuilder.runners(RunnerBuilder.java:101)
	at org.junit.runners.model.RunnerBuilder.runners(RunnerBuilder.java:87)
	at org.junit.runners.Suite.<init>(Suite.java:80)
	at org.junit.runner.Computer.getSuite(Computer.java:28)
	at org.junit.runner.Request.classes(Request.java:75)
	at org.junit.runner.JUnitCore.run(JUnitCore.java:117)
	at sbst.benchmark.coverage.TestExecutionTask.call(TestExecutionTask.java:54)
	at sbst.benchmark.coverage.TestExecutionTask.call(TestExecutionTask.java:15)
	at java.util.concurrent.FutureTask.run(FutureTask.java:266)
	at java.util.concurrent.ThreadPoolExecutor.runWorker(ThreadPoolExecutor.java:1149)
	at java.util.concurrent.ThreadPoolExecutor$Worker.run(ThreadPoolExecutor.java:624)
	at java.lang.Thread.run(Thread.java:750)

Failure: [test(org.ta4j.core.criteria.NumberOfConsecutivePositionsCriterion_betterThan_5105473760): null]
Failing Tests: test(org.ta4j.core.criteria.NumberOfConsecutivePositionsCriterion_betterThan_5105473760)
java.lang.NullPointerException
	at org.ta4j.core.criteria.NumberOfConsecutivePositionsCriterion.betterThan(NumberOfConsecutivePositionsCriterion.java:85)
	at sun.reflect.NativeMethodAccessorImpl.invoke0(Native Method)
	at sun.reflect.NativeMethodAccessorImpl.invoke(NativeMethodAccessorImpl.java:62)
	at sun.reflect.DelegatingMethodAccessorImpl.invoke(DelegatingMethodAccessorImpl.java:43)
	at java.lang.reflect.Method.invoke(Method.java:498)
	at org.ta4j.core.criteria.ReflectionUtils.callMethod(ReflectionUtils.java:238)
	at org.ta4j.core.criteria.NumberOfConsecutivePositionsCriterion_betterThan_5105473760.test(NumberOfConsecutivePositionsCriterion_betterThan_5105473760.java:47)
	at sun.reflect.NativeMethodAccessorImpl.invoke0(Native Method)
	at sun.reflect.NativeMethodAccessorImpl.invoke(NativeMethodAccessorImpl.java:62)
	at sun.reflect.DelegatingMethodAccessorImpl.invoke(DelegatingMethodAccessorImpl.java:43)
	at java.lang.reflect.Method.invoke(Method.java:498)
	at org.junit.runners.model.FrameworkMethod$1.runReflectiveCall(FrameworkMethod.java:47)
	at org.junit.internal.runners.model.ReflectiveCallable.run(ReflectiveCallable.java:12)
	at org.junit.runners.model.FrameworkMethod.invokeExplosively(FrameworkMethod.java:44)
	at org.junit.internal.runners.statements.InvokeMethod.evaluate(InvokeMethod.java:17)
	at org.junit.internal.runners.statements.RunBefores.evaluate(RunBefores.java:26)
	at org.junit.runners.ParentRunner.runLeaf(ParentRunner.java:271)
	at org.junit.runners.BlockJUnit4ClassRunner.runChild(BlockJUnit4ClassRunner.java:70)
	at org.junit.runners.BlockJUnit4ClassRunner.runChild(BlockJUnit4ClassRunner.java:50)
	at org.junit.runners.ParentRunner$3.run(ParentRunner.java:238)
	at org.junit.runners.ParentRunner$1.schedule(ParentRunner.java:63)
	at org.junit.runners.ParentRunner.runChildren(ParentRunner.java:236)
	at org.junit.runners.ParentRunner.access$000(ParentRunner.java:53)
	at org.junit.runners.ParentRunner$2.evaluate(ParentRunner.java:229)
	at org.junit.runners.ParentRunner.run(ParentRunner.java:309)
	at org.junit.runners.Suite.runChild(Suite.java:127)
	at org.junit.runners.Suite.runChild(Suite.java:26)
	at org.junit.runners.ParentRunner$3.run(ParentRunner.java:238)
	at org.junit.runners.ParentRunner$1.schedule(ParentRunner.java:63)
	at org.junit.runners.ParentRunner.runChildren(ParentRunner.java:236)
	at org.junit.runners.ParentRunner.access$000(ParentRunner.java:53)
	at org.junit.runners.ParentRunner$2.evaluate(ParentRunner.java:229)
	at org.junit.runners.ParentRunner.run(ParentRunner.java:309)
	at org.junit.runner.JUnitCore.run(JUnitCore.java:160)
	at org.junit.runner.JUnitCore.run(JUnitCore.java:138)
	at org.junit.runner.JUnitCore.run(JUnitCore.java:117)
	at sbst.benchmark.coverage.TestExecutionTask.call(TestExecutionTask.java:54)
	at sbst.benchmark.coverage.TestExecutionTask.call(TestExecutionTask.java:15)
	at java.util.concurrent.FutureTask.run(FutureTask.java:266)
	at java.util.concurrent.ThreadPoolExecutor.runWorker(ThreadPoolExecutor.java:1149)
	at java.util.concurrent.ThreadPoolExecutor$Worker.run(ThreadPoolExecutor.java:624)
	at java.lang.Thread.run(Thread.java:750)

Failure: [test(org.ta4j.core.criteria.NumberOfConsecutivePositionsCriterion_betterThan_5105473761): null]
Failing Tests: test(org.ta4j.core.criteria.NumberOfConsecutivePositionsCriterion_betterThan_5105473761)
java.lang.NullPointerException
	at org.ta4j.core.criteria.NumberOfConsecutivePositionsCriterion.betterThan(NumberOfConsecutivePositionsCriterion.java:86)
	at sun.reflect.NativeMethodAccessorImpl.invoke0(Native Method)
	at sun.reflect.NativeMethodAccessorImpl.invoke(NativeMethodAccessorImpl.java:62)
	at sun.reflect.DelegatingMethodAccessorImpl.invoke(DelegatingMethodAccessorImpl.java:43)
	at java.lang.reflect.Method.invoke(Method.java:498)
	at org.ta4j.core.criteria.ReflectionUtils.callMethod(ReflectionUtils.java:238)
	at org.ta4j.core.criteria.NumberOfConsecutivePositionsCriterion_betterThan_5105473761.test(NumberOfConsecutivePositionsCriterion_betterThan_5105473761.java:41)
	at sun.reflect.NativeMethodAccessorImpl.invoke0(Native Method)
	at sun.reflect.NativeMethodAccessorImpl.invoke(NativeMethodAccessorImpl.java:62)
	at sun.reflect.DelegatingMethodAccessorImpl.invoke(DelegatingMethodAccessorImpl.java:43)
	at java.lang.reflect.Method.invoke(Method.java:498)
	at org.junit.runners.model.FrameworkMethod$1.runReflectiveCall(FrameworkMethod.java:47)
	at org.junit.internal.runners.model.ReflectiveCallable.run(ReflectiveCallable.java:12)
	at org.junit.runners.model.FrameworkMethod.invokeExplosively(FrameworkMethod.java:44)
	at org.junit.internal.runners.statements.InvokeMethod.evaluate(InvokeMethod.java:17)
	at org.junit.internal.runners.statements.RunBefores.evaluate(RunBefores.java:26)
	at org.junit.runners.ParentRunner.runLeaf(ParentRunner.java:271)
	at org.junit.runners.BlockJUnit4ClassRunner.runChild(BlockJUnit4ClassRunner.java:70)
	at org.junit.runners.BlockJUnit4ClassRunner.runChild(BlockJUnit4ClassRunner.java:50)
	at org.junit.runners.ParentRunner$3.run(ParentRunner.java:238)
	at org.junit.runners.ParentRunner$1.schedule(ParentRunner.java:63)
	at org.junit.runners.ParentRunner.runChildren(ParentRunner.java:236)
	at org.junit.runners.ParentRunner.access$000(ParentRunner.java:53)
	at org.junit.runners.ParentRunner$2.evaluate(ParentRunner.java:229)
	at org.junit.runners.ParentRunner.run(ParentRunner.java:309)
	at org.junit.runners.Suite.runChild(Suite.java:127)
	at org.junit.runners.Suite.runChild(Suite.java:26)
	at org.junit.runners.ParentRunner$3.run(ParentRunner.java:238)
	at org.junit.runners.ParentRunner$1.schedule(ParentRunner.java:63)
	at org.junit.runners.ParentRunner.runChildren(ParentRunner.java:236)
	at org.junit.runners.ParentRunner.access$000(ParentRunner.java:53)
	at org.junit.runners.ParentRunner$2.evaluate(ParentRunner.java:229)
	at org.junit.runners.ParentRunner.run(ParentRunner.java:309)
	at org.junit.runner.JUnitCore.run(JUnitCore.java:160)
	at org.junit.runner.JUnitCore.run(JUnitCore.java:138)
	at org.junit.runner.JUnitCore.run(JUnitCore.java:117)
	at sbst.benchmark.coverage.TestExecutionTask.call(TestExecutionTask.java:54)
	at sbst.benchmark.coverage.TestExecutionTask.call(TestExecutionTask.java:15)
	at java.util.concurrent.FutureTask.run(FutureTask.java:266)
	at java.util.concurrent.ThreadPoolExecutor.runWorker(ThreadPoolExecutor.java:1149)
	at java.util.concurrent.ThreadPoolExecutor$Worker.run(ThreadPoolExecutor.java:624)
	at java.lang.Thread.run(Thread.java:750)

Failure: [test(org.ta4j.core.criteria.NumberOfConsecutivePositionsCriterion_calculate_13346717230): null]
Failing Tests: test(org.ta4j.core.criteria.NumberOfConsecutivePositionsCriterion_calculate_13346717230)
java.lang.NullPointerException
	at org.ta4j.core.criteria.NumberOfConsecutivePositionsCriterion.calculate(NumberOfConsecutivePositionsCriterion.java:56)
	at sun.reflect.NativeMethodAccessorImpl.invoke0(Native Method)
	at sun.reflect.NativeMethodAccessorImpl.invoke(NativeMethodAccessorImpl.java:62)
	at sun.reflect.DelegatingMethodAccessorImpl.invoke(DelegatingMethodAccessorImpl.java:43)
	at java.lang.reflect.Method.invoke(Method.java:498)
	at org.ta4j.core.criteria.ReflectionUtils.callMethod(ReflectionUtils.java:238)
	at org.ta4j.core.criteria.NumberOfConsecutivePositionsCriterion_calculate_13346717230.test(NumberOfConsecutivePositionsCriterion_calculate_13346717230.java:47)
	at sun.reflect.NativeMethodAccessorImpl.invoke0(Native Method)
	at sun.reflect.NativeMethodAccessorImpl.invoke(NativeMethodAccessorImpl.java:62)
	at sun.reflect.DelegatingMethodAccessorImpl.invoke(DelegatingMethodAccessorImpl.java:43)
	at java.lang.reflect.Method.invoke(Method.java:498)
	at org.junit.runners.model.FrameworkMethod$1.runReflectiveCall(FrameworkMethod.java:47)
	at org.junit.internal.runners.model.ReflectiveCallable.run(ReflectiveCallable.java:12)
	at org.junit.runners.model.FrameworkMethod.invokeExplosively(FrameworkMethod.java:44)
	at org.junit.internal.runners.statements.InvokeMethod.evaluate(InvokeMethod.java:17)
	at org.junit.internal.runners.statements.RunBefores.evaluate(RunBefores.java:26)
	at org.junit.runners.ParentRunner.runLeaf(ParentRunner.java:271)
	at org.junit.runners.BlockJUnit4ClassRunner.runChild(BlockJUnit4ClassRunner.java:70)
	at org.junit.runners.BlockJUnit4ClassRunner.runChild(BlockJUnit4ClassRunner.java:50)
	at org.junit.runners.ParentRunner$3.run(ParentRunner.java:238)
	at org.junit.runners.ParentRunner$1.schedule(ParentRunner.java:63)
	at org.junit.runners.ParentRunner.runChildren(ParentRunner.java:236)
	at org.junit.runners.ParentRunner.access$000(ParentRunner.java:53)
	at org.junit.runners.ParentRunner$2.evaluate(ParentRunner.java:229)
	at org.junit.runners.ParentRunner.run(ParentRunner.java:309)
	at org.junit.runners.Suite.runChild(Suite.java:127)
	at org.junit.runners.Suite.runChild(Suite.java:26)
	at org.junit.runners.ParentRunner$3.run(ParentRunner.java:238)
	at org.junit.runners.ParentRunner$1.schedule(ParentRunner.java:63)
	at org.junit.runners.ParentRunner.runChildren(ParentRunner.java:236)
	at org.junit.runners.ParentRunner.access$000(ParentRunner.java:53)
	at org.junit.runners.ParentRunner$2.evaluate(ParentRunner.java:229)
	at org.junit.runners.ParentRunner.run(ParentRunner.java:309)
	at org.junit.runner.JUnitCore.run(JUnitCore.java:160)
	at org.junit.runner.JUnitCore.run(JUnitCore.java:138)
	at org.junit.runner.JUnitCore.run(JUnitCore.java:117)
	at sbst.benchmark.coverage.TestExecutionTask.call(TestExecutionTask.java:54)
	at sbst.benchmark.coverage.TestExecutionTask.call(TestExecutionTask.java:15)
	at java.util.concurrent.FutureTask.run(FutureTask.java:266)
	at java.util.concurrent.ThreadPoolExecutor.runWorker(ThreadPoolExecutor.java:1149)
	at java.util.concurrent.ThreadPoolExecutor$Worker.run(ThreadPoolExecutor.java:624)
	at java.lang.Thread.run(Thread.java:750)

Failure: [test(org.ta4j.core.criteria.NumberOfConsecutivePositionsCriterion_calculate_13346717231): null]
Failing Tests: test(org.ta4j.core.criteria.NumberOfConsecutivePositionsCriterion_calculate_13346717231)
java.lang.NullPointerException
	at org.ta4j.core.criteria.NumberOfConsecutivePositionsCriterion.calculate(NumberOfConsecutivePositionsCriterion.java:56)
	at sun.reflect.NativeMethodAccessorImpl.invoke0(Native Method)
	at sun.reflect.NativeMethodAccessorImpl.invoke(NativeMethodAccessorImpl.java:62)
	at sun.reflect.DelegatingMethodAccessorImpl.invoke(DelegatingMethodAccessorImpl.java:43)
	at java.lang.reflect.Method.invoke(Method.java:498)
	at org.ta4j.core.criteria.ReflectionUtils.callMethod(ReflectionUtils.java:238)
	at org.ta4j.core.criteria.NumberOfConsecutivePositionsCriterion_calculate_13346717231.test(NumberOfConsecutivePositionsCriterion_calculate_13346717231.java:41)
	at sun.reflect.NativeMethodAccessorImpl.invoke0(Native Method)
	at sun.reflect.NativeMethodAccessorImpl.invoke(NativeMethodAccessorImpl.java:62)
	at sun.reflect.DelegatingMethodAccessorImpl.invoke(DelegatingMethodAccessorImpl.java:43)
	at java.lang.reflect.Method.invoke(Method.java:498)
	at org.junit.runners.model.FrameworkMethod$1.runReflectiveCall(FrameworkMethod.java:47)
	at org.junit.internal.runners.model.ReflectiveCallable.run(ReflectiveCallable.java:12)
	at org.junit.runners.model.FrameworkMethod.invokeExplosively(FrameworkMethod.java:44)
	at org.junit.internal.runners.statements.InvokeMethod.evaluate(InvokeMethod.java:17)
	at org.junit.internal.runners.statements.RunBefores.evaluate(RunBefores.java:26)
	at org.junit.runners.ParentRunner.runLeaf(ParentRunner.java:271)
	at org.junit.runners.BlockJUnit4ClassRunner.runChild(BlockJUnit4ClassRunner.java:70)
	at org.junit.runners.BlockJUnit4ClassRunner.runChild(BlockJUnit4ClassRunner.java:50)
	at org.junit.runners.ParentRunner$3.run(ParentRunner.java:238)
	at org.junit.runners.ParentRunner$1.schedule(ParentRunner.java:63)
	at org.junit.runners.ParentRunner.runChildren(ParentRunner.java:236)
	at org.junit.runners.ParentRunner.access$000(ParentRunner.java:53)
	at org.junit.runners.ParentRunner$2.evaluate(ParentRunner.java:229)
	at org.junit.runners.ParentRunner.run(ParentRunner.java:309)
	at org.junit.runners.Suite.runChild(Suite.java:127)
	at org.junit.runners.Suite.runChild(Suite.java:26)
	at org.junit.runners.ParentRunner$3.run(ParentRunner.java:238)
	at org.junit.runners.ParentRunner$1.schedule(ParentRunner.java:63)
	at org.junit.runners.ParentRunner.runChildren(ParentRunner.java:236)
	at org.junit.runners.ParentRunner.access$000(ParentRunner.java:53)
	at org.junit.runners.ParentRunner$2.evaluate(ParentRunner.java:229)
	at org.junit.runners.ParentRunner.run(ParentRunner.java:309)
	at org.junit.runner.JUnitCore.run(JUnitCore.java:160)
	at org.junit.runner.JUnitCore.run(JUnitCore.java:138)
	at org.junit.runner.JUnitCore.run(JUnitCore.java:117)
	at sbst.benchmark.coverage.TestExecutionTask.call(TestExecutionTask.java:54)
	at sbst.benchmark.coverage.TestExecutionTask.call(TestExecutionTask.java:15)
	at java.util.concurrent.FutureTask.run(FutureTask.java:266)
	at java.util.concurrent.ThreadPoolExecutor.runWorker(ThreadPoolExecutor.java:1149)
	at java.util.concurrent.ThreadPoolExecutor$Worker.run(ThreadPoolExecutor.java:624)
	at java.lang.Thread.run(Thread.java:750)

Failure: [test(org.ta4j.core.criteria.NumberOfConsecutivePositionsCriterion_calculate_14615767580): null]
Failing Tests: test(org.ta4j.core.criteria.NumberOfConsecutivePositionsCriterion_calculate_14615767580)
java.lang.NullPointerException
	at org.ta4j.core.Trade.getValue(Trade.java:412)
	at org.ta4j.core.Position.getGrossProfit(Position.java:282)
	at org.ta4j.core.Position.getProfit(Position.java:237)
	at org.ta4j.core.criteria.NumberOfConsecutivePositionsCriterion.isConsecutive(NumberOfConsecutivePositionsCriterion.java:91)
	at org.ta4j.core.criteria.NumberOfConsecutivePositionsCriterion.calculate(NumberOfConsecutivePositionsCriterion.java:49)
	at sun.reflect.NativeMethodAccessorImpl.invoke0(Native Method)
	at sun.reflect.NativeMethodAccessorImpl.invoke(NativeMethodAccessorImpl.java:62)
	at sun.reflect.DelegatingMethodAccessorImpl.invoke(DelegatingMethodAccessorImpl.java:43)
	at java.lang.reflect.Method.invoke(Method.java:498)
	at org.ta4j.core.criteria.ReflectionUtils.callMethod(ReflectionUtils.java:238)
	at org.ta4j.core.criteria.NumberOfConsecutivePositionsCriterion_calculate_14615767580.test(NumberOfConsecutivePositionsCriterion_calculate_14615767580.java:78)
	at sun.reflect.NativeMethodAccessorImpl.invoke0(Native Method)
	at sun.reflect.NativeMethodAccessorImpl.invoke(NativeMethodAccessorImpl.java:62)
	at sun.reflect.DelegatingMethodAccessorImpl.invoke(DelegatingMethodAccessorImpl.java:43)
	at java.lang.reflect.Method.invoke(Method.java:498)
	at org.junit.runners.model.FrameworkMethod$1.runReflectiveCall(FrameworkMethod.java:47)
	at org.junit.internal.runners.model.ReflectiveCallable.run(ReflectiveCallable.java:12)
	at org.junit.runners.model.FrameworkMethod.invokeExplosively(FrameworkMethod.java:44)
	at org.junit.internal.runners.statements.InvokeMethod.evaluate(InvokeMethod.java:17)
	at org.junit.internal.runners.statements.RunBefores.evaluate(RunBefores.java:26)
	at org.junit.runners.ParentRunner.runLeaf(ParentRunner.java:271)
	at org.junit.runners.BlockJUnit4ClassRunner.runChild(BlockJUnit4ClassRunner.java:70)
	at org.junit.runners.BlockJUnit4ClassRunner.runChild(BlockJUnit4ClassRunner.java:50)
	at org.junit.runners.ParentRunner$3.run(ParentRunner.java:238)
	at org.junit.runners.ParentRunner$1.schedule(ParentRunner.java:63)
	at org.junit.runners.ParentRunner.runChildren(ParentRunner.java:236)
	at org.junit.runners.ParentRunner.access$000(ParentRunner.java:53)
	at org.junit.runners.ParentRunner$2.evaluate(ParentRunner.java:229)
	at org.junit.runners.ParentRunner.run(ParentRunner.java:309)
	at org.junit.runners.Suite.runChild(Suite.java:127)
	at org.junit.runners.Suite.runChild(Suite.java:26)
	at org.junit.runners.ParentRunner$3.run(ParentRunner.java:238)
	at org.junit.runners.ParentRunner$1.schedule(ParentRunner.java:63)
	at org.junit.runners.ParentRunner.runChildren(ParentRunner.java:236)
	at org.junit.runners.ParentRunner.access$000(ParentRunner.java:53)
	at org.junit.runners.ParentRunner$2.evaluate(ParentRunner.java:229)
	at org.junit.runners.ParentRunner.run(ParentRunner.java:309)
	at org.junit.runner.JUnitCore.run(JUnitCore.java:160)
	at org.junit.runner.JUnitCore.run(JUnitCore.java:138)
	at org.junit.runner.JUnitCore.run(JUnitCore.java:117)
	at sbst.benchmark.coverage.TestExecutionTask.call(TestExecutionTask.java:54)
	at sbst.benchmark.coverage.TestExecutionTask.call(TestExecutionTask.java:15)
	at java.util.concurrent.FutureTask.run(FutureTask.java:266)
	at java.util.concurrent.ThreadPoolExecutor.runWorker(ThreadPoolExecutor.java:1149)
	at java.util.concurrent.ThreadPoolExecutor$Worker.run(ThreadPoolExecutor.java:624)
	at java.lang.Thread.run(Thread.java:750)

Failure: [test(org.ta4j.core.criteria.NumberOfConsecutivePositionsCriterion_calculate_14615767581): null]
Failing Tests: test(org.ta4j.core.criteria.NumberOfConsecutivePositionsCriterion_calculate_14615767581)
java.lang.NullPointerException
	at org.ta4j.core.criteria.NumberOfConsecutivePositionsCriterion.isConsecutive(NumberOfConsecutivePositionsCriterion.java:90)
	at org.ta4j.core.criteria.NumberOfConsecutivePositionsCriterion.calculate(NumberOfConsecutivePositionsCriterion.java:49)
	at sun.reflect.NativeMethodAccessorImpl.invoke0(Native Method)
	at sun.reflect.NativeMethodAccessorImpl.invoke(NativeMethodAccessorImpl.java:62)
	at sun.reflect.DelegatingMethodAccessorImpl.invoke(DelegatingMethodAccessorImpl.java:43)
	at java.lang.reflect.Method.invoke(Method.java:498)
	at org.ta4j.core.criteria.ReflectionUtils.callMethod(ReflectionUtils.java:238)
	at org.ta4j.core.criteria.NumberOfConsecutivePositionsCriterion_calculate_14615767581.test(NumberOfConsecutivePositionsCriterion_calculate_14615767581.java:41)
	at sun.reflect.NativeMethodAccessorImpl.invoke0(Native Method)
	at sun.reflect.NativeMethodAccessorImpl.invoke(NativeMethodAccessorImpl.java:62)
	at sun.reflect.DelegatingMethodAccessorImpl.invoke(DelegatingMethodAccessorImpl.java:43)
	at java.lang.reflect.Method.invoke(Method.java:498)
	at org.junit.runners.model.FrameworkMethod$1.runReflectiveCall(FrameworkMethod.java:47)
	at org.junit.internal.runners.model.ReflectiveCallable.run(ReflectiveCallable.java:12)
	at org.junit.runners.model.FrameworkMethod.invokeExplosively(FrameworkMethod.java:44)
	at org.junit.internal.runners.statements.InvokeMethod.evaluate(InvokeMethod.java:17)
	at org.junit.internal.runners.statements.RunBefores.evaluate(RunBefores.java:26)
	at org.junit.runners.ParentRunner.runLeaf(ParentRunner.java:271)
	at org.junit.runners.BlockJUnit4ClassRunner.runChild(BlockJUnit4ClassRunner.java:70)
	at org.junit.runners.BlockJUnit4ClassRunner.runChild(BlockJUnit4ClassRunner.java:50)
	at org.junit.runners.ParentRunner$3.run(ParentRunner.java:238)
	at org.junit.runners.ParentRunner$1.schedule(ParentRunner.java:63)
	at org.junit.runners.ParentRunner.runChildren(ParentRunner.java:236)
	at org.junit.runners.ParentRunner.access$000(ParentRunner.java:53)
	at org.junit.runners.ParentRunner$2.evaluate(ParentRunner.java:229)
	at org.junit.runners.ParentRunner.run(ParentRunner.java:309)
	at org.junit.runners.Suite.runChild(Suite.java:127)
	at org.junit.runners.Suite.runChild(Suite.java:26)
	at org.junit.runners.ParentRunner$3.run(ParentRunner.java:238)
	at org.junit.runners.ParentRunner$1.schedule(ParentRunner.java:63)
	at org.junit.runners.ParentRunner.runChildren(ParentRunner.java:236)
	at org.junit.runners.ParentRunner.access$000(ParentRunner.java:53)
	at org.junit.runners.ParentRunner$2.evaluate(ParentRunner.java:229)
	at org.junit.runners.ParentRunner.run(ParentRunner.java:309)
	at org.junit.runner.JUnitCore.run(JUnitCore.java:160)
	at org.junit.runner.JUnitCore.run(JUnitCore.java:138)
	at org.junit.runner.JUnitCore.run(JUnitCore.java:117)
	at sbst.benchmark.coverage.TestExecutionTask.call(TestExecutionTask.java:54)
	at sbst.benchmark.coverage.TestExecutionTask.call(TestExecutionTask.java:15)
	at java.util.concurrent.FutureTask.run(FutureTask.java:266)
	at java.util.concurrent.ThreadPoolExecutor.runWorker(ThreadPoolExecutor.java:1149)
	at java.util.concurrent.ThreadPoolExecutor$Worker.run(ThreadPoolExecutor.java:624)
	at java.lang.Thread.run(Thread.java:750)

Failure: [test(org.ta4j.core.criteria.NumberOfConsecutivePositionsCriterion_isConsecutive_17461543770): null]
Failing Tests: test(org.ta4j.core.criteria.NumberOfConsecutivePositionsCriterion_isConsecutive_17461543770)
java.lang.NullPointerException
	at org.ta4j.core.Trade.getValue(Trade.java:412)
	at org.ta4j.core.Position.getGrossProfit(Position.java:282)
	at org.ta4j.core.Position.getProfit(Position.java:237)
	at org.ta4j.core.criteria.NumberOfConsecutivePositionsCriterion.isConsecutive(NumberOfConsecutivePositionsCriterion.java:91)
	at sun.reflect.NativeMethodAccessorImpl.invoke0(Native Method)
	at sun.reflect.NativeMethodAccessorImpl.invoke(NativeMethodAccessorImpl.java:62)
	at sun.reflect.DelegatingMethodAccessorImpl.invoke(DelegatingMethodAccessorImpl.java:43)
	at java.lang.reflect.Method.invoke(Method.java:498)
	at org.ta4j.core.criteria.ReflectionUtils.callMethod(ReflectionUtils.java:238)
	at org.ta4j.core.criteria.NumberOfConsecutivePositionsCriterion_isConsecutive_17461543770.test(NumberOfConsecutivePositionsCriterion_isConsecutive_17461543770.java:76)
	at sun.reflect.NativeMethodAccessorImpl.invoke0(Native Method)
	at sun.reflect.NativeMethodAccessorImpl.invoke(NativeMethodAccessorImpl.java:62)
	at sun.reflect.DelegatingMethodAccessorImpl.invoke(DelegatingMethodAccessorImpl.java:43)
	at java.lang.reflect.Method.invoke(Method.java:498)
	at org.junit.runners.model.FrameworkMethod$1.runReflectiveCall(FrameworkMethod.java:47)
	at org.junit.internal.runners.model.ReflectiveCallable.run(ReflectiveCallable.java:12)
	at org.junit.runners.model.FrameworkMethod.invokeExplosively(FrameworkMethod.java:44)
	at org.junit.internal.runners.statements.InvokeMethod.evaluate(InvokeMethod.java:17)
	at org.junit.internal.runners.statements.RunBefores.evaluate(RunBefores.java:26)
	at org.junit.runners.ParentRunner.runLeaf(ParentRunner.java:271)
	at org.junit.runners.BlockJUnit4ClassRunner.runChild(BlockJUnit4ClassRunner.java:70)
	at org.junit.runners.BlockJUnit4ClassRunner.runChild(BlockJUnit4ClassRunner.java:50)
	at org.junit.runners.ParentRunner$3.run(ParentRunner.java:238)
	at org.junit.runners.ParentRunner$1.schedule(ParentRunner.java:63)
	at org.junit.runners.ParentRunner.runChildren(ParentRunner.java:236)
	at org.junit.runners.ParentRunner.access$000(ParentRunner.java:53)
	at org.junit.runners.ParentRunner$2.evaluate(ParentRunner.java:229)
	at org.junit.runners.ParentRunner.run(ParentRunner.java:309)
	at org.junit.runners.Suite.runChild(Suite.java:127)
	at org.junit.runners.Suite.runChild(Suite.java:26)
	at org.junit.runners.ParentRunner$3.run(ParentRunner.java:238)
	at org.junit.runners.ParentRunner$1.schedule(ParentRunner.java:63)
	at org.junit.runners.ParentRunner.runChildren(ParentRunner.java:236)
	at org.junit.runners.ParentRunner.access$000(ParentRunner.java:53)
	at org.junit.runners.ParentRunner$2.evaluate(ParentRunner.java:229)
	at org.junit.runners.ParentRunner.run(ParentRunner.java:309)
	at org.junit.runner.JUnitCore.run(JUnitCore.java:160)
	at org.junit.runner.JUnitCore.run(JUnitCore.java:138)
	at org.junit.runner.JUnitCore.run(JUnitCore.java:117)
	at sbst.benchmark.coverage.TestExecutionTask.call(TestExecutionTask.java:54)
	at sbst.benchmark.coverage.TestExecutionTask.call(TestExecutionTask.java:15)
	at java.util.concurrent.FutureTask.run(FutureTask.java:266)
	at java.util.concurrent.ThreadPoolExecutor.runWorker(ThreadPoolExecutor.java:1149)
	at java.util.concurrent.ThreadPoolExecutor$Worker.run(ThreadPoolExecutor.java:624)
	at java.lang.Thread.run(Thread.java:750)

Failure: [test(org.ta4j.core.criteria.NumberOfConsecutivePositionsCriterion_isConsecutive_17461543771): null]
Failing Tests: test(org.ta4j.core.criteria.NumberOfConsecutivePositionsCriterion_isConsecutive_17461543771)
java.lang.NullPointerException
	at org.ta4j.core.criteria.NumberOfConsecutivePositionsCriterion.isConsecutive(NumberOfConsecutivePositionsCriterion.java:90)
	at sun.reflect.NativeMethodAccessorImpl.invoke0(Native Method)
	at sun.reflect.NativeMethodAccessorImpl.invoke(NativeMethodAccessorImpl.java:62)
	at sun.reflect.DelegatingMethodAccessorImpl.invoke(DelegatingMethodAccessorImpl.java:43)
	at java.lang.reflect.Method.invoke(Method.java:498)
	at org.ta4j.core.criteria.ReflectionUtils.callMethod(ReflectionUtils.java:238)
	at org.ta4j.core.criteria.NumberOfConsecutivePositionsCriterion_isConsecutive_17461543771.test(NumberOfConsecutivePositionsCriterion_isConsecutive_17461543771.java:39)
	at sun.reflect.NativeMethodAccessorImpl.invoke0(Native Method)
	at sun.reflect.NativeMethodAccessorImpl.invoke(NativeMethodAccessorImpl.java:62)
	at sun.reflect.DelegatingMethodAccessorImpl.invoke(DelegatingMethodAccessorImpl.java:43)
	at java.lang.reflect.Method.invoke(Method.java:498)
	at org.junit.runners.model.FrameworkMethod$1.runReflectiveCall(FrameworkMethod.java:47)
	at org.junit.internal.runners.model.ReflectiveCallable.run(ReflectiveCallable.java:12)
	at org.junit.runners.model.FrameworkMethod.invokeExplosively(FrameworkMethod.java:44)
	at org.junit.internal.runners.statements.InvokeMethod.evaluate(InvokeMethod.java:17)
	at org.junit.internal.runners.statements.RunBefores.evaluate(RunBefores.java:26)
	at org.junit.runners.ParentRunner.runLeaf(ParentRunner.java:271)
	at org.junit.runners.BlockJUnit4ClassRunner.runChild(BlockJUnit4ClassRunner.java:70)
	at org.junit.runners.BlockJUnit4ClassRunner.runChild(BlockJUnit4ClassRunner.java:50)
	at org.junit.runners.ParentRunner$3.run(ParentRunner.java:238)
	at org.junit.runners.ParentRunner$1.schedule(ParentRunner.java:63)
	at org.junit.runners.ParentRunner.runChildren(ParentRunner.java:236)
	at org.junit.runners.ParentRunner.access$000(ParentRunner.java:53)
	at org.junit.runners.ParentRunner$2.evaluate(ParentRunner.java:229)
	at org.junit.runners.ParentRunner.run(ParentRunner.java:309)
	at org.junit.runners.Suite.runChild(Suite.java:127)
	at org.junit.runners.Suite.runChild(Suite.java:26)
	at org.junit.runners.ParentRunner$3.run(ParentRunner.java:238)
	at org.junit.runners.ParentRunner$1.schedule(ParentRunner.java:63)
	at org.junit.runners.ParentRunner.runChildren(ParentRunner.java:236)
	at org.junit.runners.ParentRunner.access$000(ParentRunner.java:53)
	at org.junit.runners.ParentRunner$2.evaluate(ParentRunner.java:229)
	at org.junit.runners.ParentRunner.run(ParentRunner.java:309)
	at org.junit.runner.JUnitCore.run(JUnitCore.java:160)
	at org.junit.runner.JUnitCore.run(JUnitCore.java:138)
	at org.junit.runner.JUnitCore.run(JUnitCore.java:117)
	at sbst.benchmark.coverage.TestExecutionTask.call(TestExecutionTask.java:54)
	at sbst.benchmark.coverage.TestExecutionTask.call(TestExecutionTask.java:15)
	at java.util.concurrent.FutureTask.run(FutureTask.java:266)
	at java.util.concurrent.ThreadPoolExecutor.runWorker(ThreadPoolExecutor.java:1149)
	at java.util.concurrent.ThreadPoolExecutor$Worker.run(ThreadPoolExecutor.java:624)
	at java.lang.Thread.run(Thread.java:750)

Failure: [initializationError(org.ta4j.core.criteria.ReflectionUtils): No runnable methods]
Failing Tests: initializationError(org.ta4j.core.criteria.ReflectionUtils)
java.lang.Exception: No runnable methods
	at org.junit.runners.BlockJUnit4ClassRunner.validateInstanceMethods(BlockJUnit4ClassRunner.java:169)
	at org.junit.runners.BlockJUnit4ClassRunner.collectInitializationErrors(BlockJUnit4ClassRunner.java:104)
	at org.junit.runners.ParentRunner.validate(ParentRunner.java:355)
	at org.junit.runners.ParentRunner.<init>(ParentRunner.java:76)
	at org.junit.runners.BlockJUnit4ClassRunner.<init>(BlockJUnit4ClassRunner.java:57)
	at org.junit.internal.builders.JUnit4Builder.runnerForClass(JUnit4Builder.java:10)
	at org.junit.runners.model.RunnerBuilder.safeRunnerForClass(RunnerBuilder.java:59)
	at org.junit.internal.builders.AllDefaultPossibilitiesBuilder.runnerForClass(AllDefaultPossibilitiesBuilder.java:26)
	at org.junit.runner.Computer.getRunner(Computer.java:40)
	at org.junit.runner.Computer$1.runnerForClass(Computer.java:31)
	at org.junit.runners.model.RunnerBuilder.safeRunnerForClass(RunnerBuilder.java:59)
	at org.junit.runners.model.RunnerBuilder.runners(RunnerBuilder.java:101)
	at org.junit.runners.model.RunnerBuilder.runners(RunnerBuilder.java:87)
	at org.junit.runners.Suite.<init>(Suite.java:80)
	at org.junit.runner.Computer.getSuite(Computer.java:28)
	at org.junit.runner.Request.classes(Request.java:75)
	at org.junit.runner.JUnitCore.run(JUnitCore.java:117)
	at sbst.benchmark.coverage.TestExecutionTask.call(TestExecutionTask.java:54)
	at sbst.benchmark.coverage.TestExecutionTask.call(TestExecutionTask.java:15)
	at java.util.concurrent.FutureTask.run(FutureTask.java:266)
	at java.util.concurrent.ThreadPoolExecutor.runWorker(ThreadPoolExecutor.java:1149)
	at java.util.concurrent.ThreadPoolExecutor$Worker.run(ThreadPoolExecutor.java:624)
	at java.lang.Thread.run(Thread.java:750)

Running the tests: [SBSTDummyForCoverageAndMutationCalculation, org.ta4j.core.criteria.EqualityUtils, org.ta4j.core.criteria.NumberOfConsecutivePositionsCriterion_betterThan_5105473760, org.ta4j.core.criteria.NumberOfConsecutivePositionsCriterion_betterThan_5105473761, org.ta4j.core.criteria.NumberOfConsecutivePositionsCriterion_calculate_13346717230, org.ta4j.core.criteria.NumberOfConsecutivePositionsCriterion_calculate_13346717231, org.ta4j.core.criteria.NumberOfConsecutivePositionsCriterion_calculate_14615767580, org.ta4j.core.criteria.NumberOfConsecutivePositionsCriterion_calculate_14615767581, org.ta4j.core.criteria.NumberOfConsecutivePositionsCriterion_init_3376390320, org.ta4j.core.criteria.NumberOfConsecutivePositionsCriterion_init_3376390321, org.ta4j.core.criteria.NumberOfConsecutivePositionsCriterion_isConsecutive_17461543770, org.ta4j.core.criteria.NumberOfConsecutivePositionsCriterion_isConsecutive_17461543771, org.ta4j.core.criteria.ReflectionUtils]
Executions terminated
Failure: [initializationError(org.ta4j.core.criteria.EqualityUtils): No runnable methods]
Failing Tests: initializationError(org.ta4j.core.criteria.EqualityUtils)
java.lang.Exception: No runnable methods
	at org.junit.runners.BlockJUnit4ClassRunner.validateInstanceMethods(BlockJUnit4ClassRunner.java:169)
	at org.junit.runners.BlockJUnit4ClassRunner.collectInitializationErrors(BlockJUnit4ClassRunner.java:104)
	at org.junit.runners.ParentRunner.validate(ParentRunner.java:355)
	at org.junit.runners.ParentRunner.<init>(ParentRunner.java:76)
	at org.junit.runners.BlockJUnit4ClassRunner.<init>(BlockJUnit4ClassRunner.java:57)
	at org.junit.internal.builders.JUnit4Builder.runnerForClass(JUnit4Builder.java:10)
	at org.junit.runners.model.RunnerBuilder.safeRunnerForClass(RunnerBuilder.java:59)
	at org.junit.internal.builders.AllDefaultPossibilitiesBuilder.runnerForClass(AllDefaultPossibilitiesBuilder.java:26)
	at org.junit.runner.Computer.getRunner(Computer.java:40)
	at org.junit.runner.Computer$1.runnerForClass(Computer.java:31)
	at org.junit.runners.model.RunnerBuilder.safeRunnerForClass(RunnerBuilder.java:59)
	at org.junit.runners.model.RunnerBuilder.runners(RunnerBuilder.java:101)
	at org.junit.runners.model.RunnerBuilder.runners(RunnerBuilder.java:87)
	at org.junit.runners.Suite.<init>(Suite.java:80)
	at org.junit.runner.Computer.getSuite(Computer.java:28)
	at org.junit.runner.Request.classes(Request.java:75)
	at org.junit.runner.JUnitCore.run(JUnitCore.java:117)
	at sbst.benchmark.coverage.TestExecutionTask.call(TestExecutionTask.java:54)
	at sbst.benchmark.coverage.TestExecutionTask.call(TestExecutionTask.java:15)
	at java.util.concurrent.FutureTask.run(FutureTask.java:266)
	at java.util.concurrent.ThreadPoolExecutor.runWorker(ThreadPoolExecutor.java:1149)
	at java.util.concurrent.ThreadPoolExecutor$Worker.run(ThreadPoolExecutor.java:624)
	at java.lang.Thread.run(Thread.java:750)

Failure: [test(org.ta4j.core.criteria.NumberOfConsecutivePositionsCriterion_betterThan_5105473760): null]
Failing Tests: test(org.ta4j.core.criteria.NumberOfConsecutivePositionsCriterion_betterThan_5105473760)
java.lang.NullPointerException
	at org.ta4j.core.criteria.NumberOfConsecutivePositionsCriterion.betterThan(NumberOfConsecutivePositionsCriterion.java:85)
	at sun.reflect.NativeMethodAccessorImpl.invoke0(Native Method)
	at sun.reflect.NativeMethodAccessorImpl.invoke(NativeMethodAccessorImpl.java:62)
	at sun.reflect.DelegatingMethodAccessorImpl.invoke(DelegatingMethodAccessorImpl.java:43)
	at java.lang.reflect.Method.invoke(Method.java:498)
	at org.ta4j.core.criteria.ReflectionUtils.callMethod(ReflectionUtils.java:238)
	at org.ta4j.core.criteria.NumberOfConsecutivePositionsCriterion_betterThan_5105473760.test(NumberOfConsecutivePositionsCriterion_betterThan_5105473760.java:47)
	at sun.reflect.NativeMethodAccessorImpl.invoke0(Native Method)
	at sun.reflect.NativeMethodAccessorImpl.invoke(NativeMethodAccessorImpl.java:62)
	at sun.reflect.DelegatingMethodAccessorImpl.invoke(DelegatingMethodAccessorImpl.java:43)
	at java.lang.reflect.Method.invoke(Method.java:498)
	at org.junit.runners.model.FrameworkMethod$1.runReflectiveCall(FrameworkMethod.java:47)
	at org.junit.internal.runners.model.ReflectiveCallable.run(ReflectiveCallable.java:12)
	at org.junit.runners.model.FrameworkMethod.invokeExplosively(FrameworkMethod.java:44)
	at org.junit.internal.runners.statements.InvokeMethod.evaluate(InvokeMethod.java:17)
	at org.junit.internal.runners.statements.RunBefores.evaluate(RunBefores.java:26)
	at org.junit.runners.ParentRunner.runLeaf(ParentRunner.java:271)
	at org.junit.runners.BlockJUnit4ClassRunner.runChild(BlockJUnit4ClassRunner.java:70)
	at org.junit.runners.BlockJUnit4ClassRunner.runChild(BlockJUnit4ClassRunner.java:50)
	at org.junit.runners.ParentRunner$3.run(ParentRunner.java:238)
	at org.junit.runners.ParentRunner$1.schedule(ParentRunner.java:63)
	at org.junit.runners.ParentRunner.runChildren(ParentRunner.java:236)
	at org.junit.runners.ParentRunner.access$000(ParentRunner.java:53)
	at org.junit.runners.ParentRunner$2.evaluate(ParentRunner.java:229)
	at org.junit.runners.ParentRunner.run(ParentRunner.java:309)
	at org.junit.runners.Suite.runChild(Suite.java:127)
	at org.junit.runners.Suite.runChild(Suite.java:26)
	at org.junit.runners.ParentRunner$3.run(ParentRunner.java:238)
	at org.junit.runners.ParentRunner$1.schedule(ParentRunner.java:63)
	at org.junit.runners.ParentRunner.runChildren(ParentRunner.java:236)
	at org.junit.runners.ParentRunner.access$000(ParentRunner.java:53)
	at org.junit.runners.ParentRunner$2.evaluate(ParentRunner.java:229)
	at org.junit.runners.ParentRunner.run(ParentRunner.java:309)
	at org.junit.runner.JUnitCore.run(JUnitCore.java:160)
	at org.junit.runner.JUnitCore.run(JUnitCore.java:138)
	at org.junit.runner.JUnitCore.run(JUnitCore.java:117)
	at sbst.benchmark.coverage.TestExecutionTask.call(TestExecutionTask.java:54)
	at sbst.benchmark.coverage.TestExecutionTask.call(TestExecutionTask.java:15)
	at java.util.concurrent.FutureTask.run(FutureTask.java:266)
	at java.util.concurrent.ThreadPoolExecutor.runWorker(ThreadPoolExecutor.java:1149)
	at java.util.concurrent.ThreadPoolExecutor$Worker.run(ThreadPoolExecutor.java:624)
	at java.lang.Thread.run(Thread.java:750)

Failure: [test(org.ta4j.core.criteria.NumberOfConsecutivePositionsCriterion_betterThan_5105473761): null]
Failing Tests: test(org.ta4j.core.criteria.NumberOfConsecutivePositionsCriterion_betterThan_5105473761)
java.lang.NullPointerException
	at org.ta4j.core.criteria.NumberOfConsecutivePositionsCriterion.betterThan(NumberOfConsecutivePositionsCriterion.java:86)
	at sun.reflect.NativeMethodAccessorImpl.invoke0(Native Method)
	at sun.reflect.NativeMethodAccessorImpl.invoke(NativeMethodAccessorImpl.java:62)
	at sun.reflect.DelegatingMethodAccessorImpl.invoke(DelegatingMethodAccessorImpl.java:43)
	at java.lang.reflect.Method.invoke(Method.java:498)
	at org.ta4j.core.criteria.ReflectionUtils.callMethod(ReflectionUtils.java:238)
	at org.ta4j.core.criteria.NumberOfConsecutivePositionsCriterion_betterThan_5105473761.test(NumberOfConsecutivePositionsCriterion_betterThan_5105473761.java:41)
	at sun.reflect.NativeMethodAccessorImpl.invoke0(Native Method)
	at sun.reflect.NativeMethodAccessorImpl.invoke(NativeMethodAccessorImpl.java:62)
	at sun.reflect.DelegatingMethodAccessorImpl.invoke(DelegatingMethodAccessorImpl.java:43)
	at java.lang.reflect.Method.invoke(Method.java:498)
	at org.junit.runners.model.FrameworkMethod$1.runReflectiveCall(FrameworkMethod.java:47)
	at org.junit.internal.runners.model.ReflectiveCallable.run(ReflectiveCallable.java:12)
	at org.junit.runners.model.FrameworkMethod.invokeExplosively(FrameworkMethod.java:44)
	at org.junit.internal.runners.statements.InvokeMethod.evaluate(InvokeMethod.java:17)
	at org.junit.internal.runners.statements.RunBefores.evaluate(RunBefores.java:26)
	at org.junit.runners.ParentRunner.runLeaf(ParentRunner.java:271)
	at org.junit.runners.BlockJUnit4ClassRunner.runChild(BlockJUnit4ClassRunner.java:70)
	at org.junit.runners.BlockJUnit4ClassRunner.runChild(BlockJUnit4ClassRunner.java:50)
	at org.junit.runners.ParentRunner$3.run(ParentRunner.java:238)
	at org.junit.runners.ParentRunner$1.schedule(ParentRunner.java:63)
	at org.junit.runners.ParentRunner.runChildren(ParentRunner.java:236)
	at org.junit.runners.ParentRunner.access$000(ParentRunner.java:53)
	at org.junit.runners.ParentRunner$2.evaluate(ParentRunner.java:229)
	at org.junit.runners.ParentRunner.run(ParentRunner.java:309)
	at org.junit.runners.Suite.runChild(Suite.java:127)
	at org.junit.runners.Suite.runChild(Suite.java:26)
	at org.junit.runners.ParentRunner$3.run(ParentRunner.java:238)
	at org.junit.runners.ParentRunner$1.schedule(ParentRunner.java:63)
	at org.junit.runners.ParentRunner.runChildren(ParentRunner.java:236)
	at org.junit.runners.ParentRunner.access$000(ParentRunner.java:53)
	at org.junit.runners.ParentRunner$2.evaluate(ParentRunner.java:229)
	at org.junit.runners.ParentRunner.run(ParentRunner.java:309)
	at org.junit.runner.JUnitCore.run(JUnitCore.java:160)
	at org.junit.runner.JUnitCore.run(JUnitCore.java:138)
	at org.junit.runner.JUnitCore.run(JUnitCore.java:117)
	at sbst.benchmark.coverage.TestExecutionTask.call(TestExecutionTask.java:54)
	at sbst.benchmark.coverage.TestExecutionTask.call(TestExecutionTask.java:15)
	at java.util.concurrent.FutureTask.run(FutureTask.java:266)
	at java.util.concurrent.ThreadPoolExecutor.runWorker(ThreadPoolExecutor.java:1149)
	at java.util.concurrent.ThreadPoolExecutor$Worker.run(ThreadPoolExecutor.java:624)
	at java.lang.Thread.run(Thread.java:750)

Failure: [test(org.ta4j.core.criteria.NumberOfConsecutivePositionsCriterion_calculate_13346717230): null]
Failing Tests: test(org.ta4j.core.criteria.NumberOfConsecutivePositionsCriterion_calculate_13346717230)
java.lang.NullPointerException
	at org.ta4j.core.criteria.NumberOfConsecutivePositionsCriterion.calculate(NumberOfConsecutivePositionsCriterion.java:56)
	at sun.reflect.NativeMethodAccessorImpl.invoke0(Native Method)
	at sun.reflect.NativeMethodAccessorImpl.invoke(NativeMethodAccessorImpl.java:62)
	at sun.reflect.DelegatingMethodAccessorImpl.invoke(DelegatingMethodAccessorImpl.java:43)
	at java.lang.reflect.Method.invoke(Method.java:498)
	at org.ta4j.core.criteria.ReflectionUtils.callMethod(ReflectionUtils.java:238)
	at org.ta4j.core.criteria.NumberOfConsecutivePositionsCriterion_calculate_13346717230.test(NumberOfConsecutivePositionsCriterion_calculate_13346717230.java:47)
	at sun.reflect.NativeMethodAccessorImpl.invoke0(Native Method)
	at sun.reflect.NativeMethodAccessorImpl.invoke(NativeMethodAccessorImpl.java:62)
	at sun.reflect.DelegatingMethodAccessorImpl.invoke(DelegatingMethodAccessorImpl.java:43)
	at java.lang.reflect.Method.invoke(Method.java:498)
	at org.junit.runners.model.FrameworkMethod$1.runReflectiveCall(FrameworkMethod.java:47)
	at org.junit.internal.runners.model.ReflectiveCallable.run(ReflectiveCallable.java:12)
	at org.junit.runners.model.FrameworkMethod.invokeExplosively(FrameworkMethod.java:44)
	at org.junit.internal.runners.statements.InvokeMethod.evaluate(InvokeMethod.java:17)
	at org.junit.internal.runners.statements.RunBefores.evaluate(RunBefores.java:26)
	at org.junit.runners.ParentRunner.runLeaf(ParentRunner.java:271)
	at org.junit.runners.BlockJUnit4ClassRunner.runChild(BlockJUnit4ClassRunner.java:70)
	at org.junit.runners.BlockJUnit4ClassRunner.runChild(BlockJUnit4ClassRunner.java:50)
	at org.junit.runners.ParentRunner$3.run(ParentRunner.java:238)
	at org.junit.runners.ParentRunner$1.schedule(ParentRunner.java:63)
	at org.junit.runners.ParentRunner.runChildren(ParentRunner.java:236)
	at org.junit.runners.ParentRunner.access$000(ParentRunner.java:53)
	at org.junit.runners.ParentRunner$2.evaluate(ParentRunner.java:229)
	at org.junit.runners.ParentRunner.run(ParentRunner.java:309)
	at org.junit.runners.Suite.runChild(Suite.java:127)
	at org.junit.runners.Suite.runChild(Suite.java:26)
	at org.junit.runners.ParentRunner$3.run(ParentRunner.java:238)
	at org.junit.runners.ParentRunner$1.schedule(ParentRunner.java:63)
	at org.junit.runners.ParentRunner.runChildren(ParentRunner.java:236)
	at org.junit.runners.ParentRunner.access$000(ParentRunner.java:53)
	at org.junit.runners.ParentRunner$2.evaluate(ParentRunner.java:229)
	at org.junit.runners.ParentRunner.run(ParentRunner.java:309)
	at org.junit.runner.JUnitCore.run(JUnitCore.java:160)
	at org.junit.runner.JUnitCore.run(JUnitCore.java:138)
	at org.junit.runner.JUnitCore.run(JUnitCore.java:117)
	at sbst.benchmark.coverage.TestExecutionTask.call(TestExecutionTask.java:54)
	at sbst.benchmark.coverage.TestExecutionTask.call(TestExecutionTask.java:15)
	at java.util.concurrent.FutureTask.run(FutureTask.java:266)
	at java.util.concurrent.ThreadPoolExecutor.runWorker(ThreadPoolExecutor.java:1149)
	at java.util.concurrent.ThreadPoolExecutor$Worker.run(ThreadPoolExecutor.java:624)
	at java.lang.Thread.run(Thread.java:750)

Failure: [test(org.ta4j.core.criteria.NumberOfConsecutivePositionsCriterion_calculate_13346717231): null]
Failing Tests: test(org.ta4j.core.criteria.NumberOfConsecutivePositionsCriterion_calculate_13346717231)
java.lang.NullPointerException
	at org.ta4j.core.criteria.NumberOfConsecutivePositionsCriterion.calculate(NumberOfConsecutivePositionsCriterion.java:56)
	at sun.reflect.NativeMethodAccessorImpl.invoke0(Native Method)
	at sun.reflect.NativeMethodAccessorImpl.invoke(NativeMethodAccessorImpl.java:62)
	at sun.reflect.DelegatingMethodAccessorImpl.invoke(DelegatingMethodAccessorImpl.java:43)
	at java.lang.reflect.Method.invoke(Method.java:498)
	at org.ta4j.core.criteria.ReflectionUtils.callMethod(ReflectionUtils.java:238)
	at org.ta4j.core.criteria.NumberOfConsecutivePositionsCriterion_calculate_13346717231.test(NumberOfConsecutivePositionsCriterion_calculate_13346717231.java:41)
	at sun.reflect.NativeMethodAccessorImpl.invoke0(Native Method)
	at sun.reflect.NativeMethodAccessorImpl.invoke(NativeMethodAccessorImpl.java:62)
	at sun.reflect.DelegatingMethodAccessorImpl.invoke(DelegatingMethodAccessorImpl.java:43)
	at java.lang.reflect.Method.invoke(Method.java:498)
	at org.junit.runners.model.FrameworkMethod$1.runReflectiveCall(FrameworkMethod.java:47)
	at org.junit.internal.runners.model.ReflectiveCallable.run(ReflectiveCallable.java:12)
	at org.junit.runners.model.FrameworkMethod.invokeExplosively(FrameworkMethod.java:44)
	at org.junit.internal.runners.statements.InvokeMethod.evaluate(InvokeMethod.java:17)
	at org.junit.internal.runners.statements.RunBefores.evaluate(RunBefores.java:26)
	at org.junit.runners.ParentRunner.runLeaf(ParentRunner.java:271)
	at org.junit.runners.BlockJUnit4ClassRunner.runChild(BlockJUnit4ClassRunner.java:70)
	at org.junit.runners.BlockJUnit4ClassRunner.runChild(BlockJUnit4ClassRunner.java:50)
	at org.junit.runners.ParentRunner$3.run(ParentRunner.java:238)
	at org.junit.runners.ParentRunner$1.schedule(ParentRunner.java:63)
	at org.junit.runners.ParentRunner.runChildren(ParentRunner.java:236)
	at org.junit.runners.ParentRunner.access$000(ParentRunner.java:53)
	at org.junit.runners.ParentRunner$2.evaluate(ParentRunner.java:229)
	at org.junit.runners.ParentRunner.run(ParentRunner.java:309)
	at org.junit.runners.Suite.runChild(Suite.java:127)
	at org.junit.runners.Suite.runChild(Suite.java:26)
	at org.junit.runners.ParentRunner$3.run(ParentRunner.java:238)
	at org.junit.runners.ParentRunner$1.schedule(ParentRunner.java:63)
	at org.junit.runners.ParentRunner.runChildren(ParentRunner.java:236)
	at org.junit.runners.ParentRunner.access$000(ParentRunner.java:53)
	at org.junit.runners.ParentRunner$2.evaluate(ParentRunner.java:229)
	at org.junit.runners.ParentRunner.run(ParentRunner.java:309)
	at org.junit.runner.JUnitCore.run(JUnitCore.java:160)
	at org.junit.runner.JUnitCore.run(JUnitCore.java:138)
	at org.junit.runner.JUnitCore.run(JUnitCore.java:117)
	at sbst.benchmark.coverage.TestExecutionTask.call(TestExecutionTask.java:54)
	at sbst.benchmark.coverage.TestExecutionTask.call(TestExecutionTask.java:15)
	at java.util.concurrent.FutureTask.run(FutureTask.java:266)
	at java.util.concurrent.ThreadPoolExecutor.runWorker(ThreadPoolExecutor.java:1149)
	at java.util.concurrent.ThreadPoolExecutor$Worker.run(ThreadPoolExecutor.java:624)
	at java.lang.Thread.run(Thread.java:750)

Failure: [test(org.ta4j.core.criteria.NumberOfConsecutivePositionsCriterion_calculate_14615767580): null]
Failing Tests: test(org.ta4j.core.criteria.NumberOfConsecutivePositionsCriterion_calculate_14615767580)
java.lang.NullPointerException
	at org.ta4j.core.Trade.getValue(Trade.java:412)
	at org.ta4j.core.Position.getGrossProfit(Position.java:282)
	at org.ta4j.core.Position.getProfit(Position.java:237)
	at org.ta4j.core.criteria.NumberOfConsecutivePositionsCriterion.isConsecutive(NumberOfConsecutivePositionsCriterion.java:91)
	at org.ta4j.core.criteria.NumberOfConsecutivePositionsCriterion.calculate(NumberOfConsecutivePositionsCriterion.java:49)
	at sun.reflect.NativeMethodAccessorImpl.invoke0(Native Method)
	at sun.reflect.NativeMethodAccessorImpl.invoke(NativeMethodAccessorImpl.java:62)
	at sun.reflect.DelegatingMethodAccessorImpl.invoke(DelegatingMethodAccessorImpl.java:43)
	at java.lang.reflect.Method.invoke(Method.java:498)
	at org.ta4j.core.criteria.ReflectionUtils.callMethod(ReflectionUtils.java:238)
	at org.ta4j.core.criteria.NumberOfConsecutivePositionsCriterion_calculate_14615767580.test(NumberOfConsecutivePositionsCriterion_calculate_14615767580.java:78)
	at sun.reflect.NativeMethodAccessorImpl.invoke0(Native Method)
	at sun.reflect.NativeMethodAccessorImpl.invoke(NativeMethodAccessorImpl.java:62)
	at sun.reflect.DelegatingMethodAccessorImpl.invoke(DelegatingMethodAccessorImpl.java:43)
	at java.lang.reflect.Method.invoke(Method.java:498)
	at org.junit.runners.model.FrameworkMethod$1.runReflectiveCall(FrameworkMethod.java:47)
	at org.junit.internal.runners.model.ReflectiveCallable.run(ReflectiveCallable.java:12)
	at org.junit.runners.model.FrameworkMethod.invokeExplosively(FrameworkMethod.java:44)
	at org.junit.internal.runners.statements.InvokeMethod.evaluate(InvokeMethod.java:17)
	at org.junit.internal.runners.statements.RunBefores.evaluate(RunBefores.java:26)
	at org.junit.runners.ParentRunner.runLeaf(ParentRunner.java:271)
	at org.junit.runners.BlockJUnit4ClassRunner.runChild(BlockJUnit4ClassRunner.java:70)
	at org.junit.runners.BlockJUnit4ClassRunner.runChild(BlockJUnit4ClassRunner.java:50)
	at org.junit.runners.ParentRunner$3.run(ParentRunner.java:238)
	at org.junit.runners.ParentRunner$1.schedule(ParentRunner.java:63)
	at org.junit.runners.ParentRunner.runChildren(ParentRunner.java:236)
	at org.junit.runners.ParentRunner.access$000(ParentRunner.java:53)
	at org.junit.runners.ParentRunner$2.evaluate(ParentRunner.java:229)
	at org.junit.runners.ParentRunner.run(ParentRunner.java:309)
	at org.junit.runners.Suite.runChild(Suite.java:127)
	at org.junit.runners.Suite.runChild(Suite.java:26)
	at org.junit.runners.ParentRunner$3.run(ParentRunner.java:238)
	at org.junit.runners.ParentRunner$1.schedule(ParentRunner.java:63)
	at org.junit.runners.ParentRunner.runChildren(ParentRunner.java:236)
	at org.junit.runners.ParentRunner.access$000(ParentRunner.java:53)
	at org.junit.runners.ParentRunner$2.evaluate(ParentRunner.java:229)
	at org.junit.runners.ParentRunner.run(ParentRunner.java:309)
	at org.junit.runner.JUnitCore.run(JUnitCore.java:160)
	at org.junit.runner.JUnitCore.run(JUnitCore.java:138)
	at org.junit.runner.JUnitCore.run(JUnitCore.java:117)
	at sbst.benchmark.coverage.TestExecutionTask.call(TestExecutionTask.java:54)
	at sbst.benchmark.coverage.TestExecutionTask.call(TestExecutionTask.java:15)
	at java.util.concurrent.FutureTask.run(FutureTask.java:266)
	at java.util.concurrent.ThreadPoolExecutor.runWorker(ThreadPoolExecutor.java:1149)
	at java.util.concurrent.ThreadPoolExecutor$Worker.run(ThreadPoolExecutor.java:624)
	at java.lang.Thread.run(Thread.java:750)

Failure: [test(org.ta4j.core.criteria.NumberOfConsecutivePositionsCriterion_calculate_14615767581): null]
Failing Tests: test(org.ta4j.core.criteria.NumberOfConsecutivePositionsCriterion_calculate_14615767581)
java.lang.NullPointerException
	at org.ta4j.core.criteria.NumberOfConsecutivePositionsCriterion.isConsecutive(NumberOfConsecutivePositionsCriterion.java:90)
	at org.ta4j.core.criteria.NumberOfConsecutivePositionsCriterion.calculate(NumberOfConsecutivePositionsCriterion.java:49)
	at sun.reflect.NativeMethodAccessorImpl.invoke0(Native Method)
	at sun.reflect.NativeMethodAccessorImpl.invoke(NativeMethodAccessorImpl.java:62)
	at sun.reflect.DelegatingMethodAccessorImpl.invoke(DelegatingMethodAccessorImpl.java:43)
	at java.lang.reflect.Method.invoke(Method.java:498)
	at org.ta4j.core.criteria.ReflectionUtils.callMethod(ReflectionUtils.java:238)
	at org.ta4j.core.criteria.NumberOfConsecutivePositionsCriterion_calculate_14615767581.test(NumberOfConsecutivePositionsCriterion_calculate_14615767581.java:41)
	at sun.reflect.NativeMethodAccessorImpl.invoke0(Native Method)
	at sun.reflect.NativeMethodAccessorImpl.invoke(NativeMethodAccessorImpl.java:62)
	at sun.reflect.DelegatingMethodAccessorImpl.invoke(DelegatingMethodAccessorImpl.java:43)
	at java.lang.reflect.Method.invoke(Method.java:498)
	at org.junit.runners.model.FrameworkMethod$1.runReflectiveCall(FrameworkMethod.java:47)
	at org.junit.internal.runners.model.ReflectiveCallable.run(ReflectiveCallable.java:12)
	at org.junit.runners.model.FrameworkMethod.invokeExplosively(FrameworkMethod.java:44)
	at org.junit.internal.runners.statements.InvokeMethod.evaluate(InvokeMethod.java:17)
	at org.junit.internal.runners.statements.RunBefores.evaluate(RunBefores.java:26)
	at org.junit.runners.ParentRunner.runLeaf(ParentRunner.java:271)
	at org.junit.runners.BlockJUnit4ClassRunner.runChild(BlockJUnit4ClassRunner.java:70)
	at org.junit.runners.BlockJUnit4ClassRunner.runChild(BlockJUnit4ClassRunner.java:50)
	at org.junit.runners.ParentRunner$3.run(ParentRunner.java:238)
	at org.junit.runners.ParentRunner$1.schedule(ParentRunner.java:63)
	at org.junit.runners.ParentRunner.runChildren(ParentRunner.java:236)
	at org.junit.runners.ParentRunner.access$000(ParentRunner.java:53)
	at org.junit.runners.ParentRunner$2.evaluate(ParentRunner.java:229)
	at org.junit.runners.ParentRunner.run(ParentRunner.java:309)
	at org.junit.runners.Suite.runChild(Suite.java:127)
	at org.junit.runners.Suite.runChild(Suite.java:26)
	at org.junit.runners.ParentRunner$3.run(ParentRunner.java:238)
	at org.junit.runners.ParentRunner$1.schedule(ParentRunner.java:63)
	at org.junit.runners.ParentRunner.runChildren(ParentRunner.java:236)
	at org.junit.runners.ParentRunner.access$000(ParentRunner.java:53)
	at org.junit.runners.ParentRunner$2.evaluate(ParentRunner.java:229)
	at org.junit.runners.ParentRunner.run(ParentRunner.java:309)
	at org.junit.runner.JUnitCore.run(JUnitCore.java:160)
	at org.junit.runner.JUnitCore.run(JUnitCore.java:138)
	at org.junit.runner.JUnitCore.run(JUnitCore.java:117)
	at sbst.benchmark.coverage.TestExecutionTask.call(TestExecutionTask.java:54)
	at sbst.benchmark.coverage.TestExecutionTask.call(TestExecutionTask.java:15)
	at java.util.concurrent.FutureTask.run(FutureTask.java:266)
	at java.util.concurrent.ThreadPoolExecutor.runWorker(ThreadPoolExecutor.java:1149)
	at java.util.concurrent.ThreadPoolExecutor$Worker.run(ThreadPoolExecutor.java:624)
	at java.lang.Thread.run(Thread.java:750)

Failure: [test(org.ta4j.core.criteria.NumberOfConsecutivePositionsCriterion_isConsecutive_17461543770): null]
Running the tests: [SBSTDummyForCoverageAndMutationCalculation, org.ta4j.core.criteria.EqualityUtils, org.ta4j.core.criteria.NumberOfConsecutivePositionsCriterion_betterThan_5105473760, org.ta4j.core.criteria.NumberOfConsecutivePositionsCriterion_betterThan_5105473761, org.ta4j.core.criteria.NumberOfConsecutivePositionsCriterion_calculate_13346717230, org.ta4j.core.criteria.NumberOfConsecutivePositionsCriterion_calculate_13346717231, org.ta4j.core.criteria.NumberOfConsecutivePositionsCriterion_calculate_14615767580, org.ta4j.core.criteria.NumberOfConsecutivePositionsCriterion_calculate_14615767581, org.ta4j.core.criteria.NumberOfConsecutivePositionsCriterion_init_3376390320, org.ta4j.core.criteria.NumberOfConsecutivePositionsCriterion_init_3376390321, org.ta4j.core.criteria.NumberOfConsecutivePositionsCriterion_isConsecutive_17461543770, org.ta4j.core.criteria.NumberOfConsecutivePositionsCriterion_isConsecutive_17461543771, org.ta4j.core.criteria.ReflectionUtils]
Failing Tests: test(org.ta4j.core.criteria.NumberOfConsecutivePositionsCriterion_isConsecutive_17461543770)
java.lang.NullPointerException
	at org.ta4j.core.Trade.getValue(Trade.java:412)
	at org.ta4j.core.Position.getGrossProfit(Position.java:282)
	at org.ta4j.core.Position.getProfit(Position.java:237)
	at org.ta4j.core.criteria.NumberOfConsecutivePositionsCriterion.isConsecutive(NumberOfConsecutivePositionsCriterion.java:91)
	at sun.reflect.NativeMethodAccessorImpl.invoke0(Native Method)
	at sun.reflect.NativeMethodAccessorImpl.invoke(NativeMethodAccessorImpl.java:62)
	at sun.reflect.DelegatingMethodAccessorImpl.invoke(DelegatingMethodAccessorImpl.java:43)
	at java.lang.reflect.Method.invoke(Method.java:498)
	at org.ta4j.core.criteria.ReflectionUtils.callMethod(ReflectionUtils.java:238)
	at org.ta4j.core.criteria.NumberOfConsecutivePositionsCriterion_isConsecutive_17461543770.test(NumberOfConsecutivePositionsCriterion_isConsecutive_17461543770.java:76)
	at sun.reflect.NativeMethodAccessorImpl.invoke0(Native Method)
	at sun.reflect.NativeMethodAccessorImpl.invoke(NativeMethodAccessorImpl.java:62)
	at sun.reflect.DelegatingMethodAccessorImpl.invoke(DelegatingMethodAccessorImpl.java:43)
	at java.lang.reflect.Method.invoke(Method.java:498)
	at org.junit.runners.model.FrameworkMethod$1.runReflectiveCall(FrameworkMethod.java:47)
	at org.junit.internal.runners.model.ReflectiveCallable.run(ReflectiveCallable.java:12)
	at org.junit.runners.model.FrameworkMethod.invokeExplosively(FrameworkMethod.java:44)
	at org.junit.internal.runners.statements.InvokeMethod.evaluate(InvokeMethod.java:17)
	at org.junit.internal.runners.statements.RunBefores.evaluate(RunBefores.java:26)
	at org.junit.runners.ParentRunner.runLeaf(ParentRunner.java:271)
	at org.junit.runners.BlockJUnit4ClassRunner.runChild(BlockJUnit4ClassRunner.java:70)
	at org.junit.runners.BlockJUnit4ClassRunner.runChild(BlockJUnit4ClassRunner.java:50)
	at org.junit.runners.ParentRunner$3.run(ParentRunner.java:238)
	at org.junit.runners.ParentRunner$1.schedule(ParentRunner.java:63)
	at org.junit.runners.ParentRunner.runChildren(ParentRunner.java:236)
	at org.junit.runners.ParentRunner.access$000(ParentRunner.java:53)
	at org.junit.runners.ParentRunner$2.evaluate(ParentRunner.java:229)
	at org.junit.runners.ParentRunner.run(ParentRunner.java:309)
	at org.junit.runners.Suite.runChild(Suite.java:127)
	at org.junit.runners.Suite.runChild(Suite.java:26)
	at org.junit.runners.ParentRunner$3.run(ParentRunner.java:238)
	at org.junit.runners.ParentRunner$1.schedule(ParentRunner.java:63)
	at org.junit.runners.ParentRunner.runChildren(ParentRunner.java:236)
	at org.junit.runners.ParentRunner.access$000(ParentRunner.java:53)
	at org.junit.runners.ParentRunner$2.evaluate(ParentRunner.java:229)
	at org.junit.runners.ParentRunner.run(ParentRunner.java:309)
	at org.junit.runner.JUnitCore.run(JUnitCore.java:160)
	at org.junit.runner.JUnitCore.run(JUnitCore.java:138)
	at org.junit.runner.JUnitCore.run(JUnitCore.java:117)
	at sbst.benchmark.coverage.TestExecutionTask.call(TestExecutionTask.java:54)
	at sbst.benchmark.coverage.TestExecutionTask.call(TestExecutionTask.java:15)
	at java.util.concurrent.FutureTask.run(FutureTask.java:266)
	at java.util.concurrent.ThreadPoolExecutor.runWorker(ThreadPoolExecutor.java:1149)
	at java.util.concurrent.ThreadPoolExecutor$Worker.run(ThreadPoolExecutor.java:624)
	at java.lang.Thread.run(Thread.java:750)

Failure: [test(org.ta4j.core.criteria.NumberOfConsecutivePositionsCriterion_isConsecutive_17461543771): null]
Failing Tests: test(org.ta4j.core.criteria.NumberOfConsecutivePositionsCriterion_isConsecutive_17461543771)
java.lang.NullPointerException
	at org.ta4j.core.criteria.NumberOfConsecutivePositionsCriterion.isConsecutive(NumberOfConsecutivePositionsCriterion.java:90)
	at sun.reflect.NativeMethodAccessorImpl.invoke0(Native Method)
	at sun.reflect.NativeMethodAccessorImpl.invoke(NativeMethodAccessorImpl.java:62)
	at sun.reflect.DelegatingMethodAccessorImpl.invoke(DelegatingMethodAccessorImpl.java:43)
	at java.lang.reflect.Method.invoke(Method.java:498)
	at org.ta4j.core.criteria.ReflectionUtils.callMethod(ReflectionUtils.java:238)
	at org.ta4j.core.criteria.NumberOfConsecutivePositionsCriterion_isConsecutive_17461543771.test(NumberOfConsecutivePositionsCriterion_isConsecutive_17461543771.java:39)
	at sun.reflect.NativeMethodAccessorImpl.invoke0(Native Method)
	at sun.reflect.NativeMethodAccessorImpl.invoke(NativeMethodAccessorImpl.java:62)
	at sun.reflect.DelegatingMethodAccessorImpl.invoke(DelegatingMethodAccessorImpl.java:43)
	at java.lang.reflect.Method.invoke(Method.java:498)
	at org.junit.runners.model.FrameworkMethod$1.runReflectiveCall(FrameworkMethod.java:47)
	at org.junit.internal.runners.model.ReflectiveCallable.run(ReflectiveCallable.java:12)
	at org.junit.runners.model.FrameworkMethod.invokeExplosively(FrameworkMethod.java:44)
	at org.junit.internal.runners.statements.InvokeMethod.evaluate(InvokeMethod.java:17)
	at org.junit.internal.runners.statements.RunBefores.evaluate(RunBefores.java:26)
	at org.junit.runners.ParentRunner.runLeaf(ParentRunner.java:271)
	at org.junit.runners.BlockJUnit4ClassRunner.runChild(BlockJUnit4ClassRunner.java:70)
	at org.junit.runners.BlockJUnit4ClassRunner.runChild(BlockJUnit4ClassRunner.java:50)
	at org.junit.runners.ParentRunner$3.run(ParentRunner.java:238)
	at org.junit.runners.ParentRunner$1.schedule(ParentRunner.java:63)
	at org.junit.runners.ParentRunner.runChildren(ParentRunner.java:236)
	at org.junit.runners.ParentRunner.access$000(ParentRunner.java:53)
	at org.junit.runners.ParentRunner$2.evaluate(ParentRunner.java:229)
	at org.junit.runners.ParentRunner.run(ParentRunner.java:309)
	at org.junit.runners.Suite.runChild(Suite.java:127)
	at org.junit.runners.Suite.runChild(Suite.java:26)
	at org.junit.runners.ParentRunner$3.run(ParentRunner.java:238)
	at org.junit.runners.ParentRunner$1.schedule(ParentRunner.java:63)
	at org.junit.runners.ParentRunner.runChildren(ParentRunner.java:236)
	at org.junit.runners.ParentRunner.access$000(ParentRunner.java:53)
	at org.junit.runners.ParentRunner$2.evaluate(ParentRunner.java:229)
	at org.junit.runners.ParentRunner.run(ParentRunner.java:309)
	at org.junit.runner.JUnitCore.run(JUnitCore.java:160)
	at org.junit.runner.JUnitCore.run(JUnitCore.java:138)
	at org.junit.runner.JUnitCore.run(JUnitCore.java:117)
	at sbst.benchmark.coverage.TestExecutionTask.call(TestExecutionTask.java:54)
	at sbst.benchmark.coverage.TestExecutionTask.call(TestExecutionTask.java:15)
	at java.util.concurrent.FutureTask.run(FutureTask.java:266)
	at java.util.concurrent.ThreadPoolExecutor.runWorker(ThreadPoolExecutor.java:1149)
	at java.util.concurrent.ThreadPoolExecutor$Worker.run(ThreadPoolExecutor.java:624)
	at java.lang.Thread.run(Thread.java:750)

Failure: [initializationError(org.ta4j.core.criteria.ReflectionUtils): No runnable methods]
Failing Tests: initializationError(org.ta4j.core.criteria.ReflectionUtils)
java.lang.Exception: No runnable methods
	at org.junit.runners.BlockJUnit4ClassRunner.validateInstanceMethods(BlockJUnit4ClassRunner.java:169)
	at org.junit.runners.BlockJUnit4ClassRunner.collectInitializationErrors(BlockJUnit4ClassRunner.java:104)
	at org.junit.runners.ParentRunner.validate(ParentRunner.java:355)
	at org.junit.runners.ParentRunner.<init>(ParentRunner.java:76)
	at org.junit.runners.BlockJUnit4ClassRunner.<init>(BlockJUnit4ClassRunner.java:57)
	at org.junit.internal.builders.JUnit4Builder.runnerForClass(JUnit4Builder.java:10)
	at org.junit.runners.model.RunnerBuilder.safeRunnerForClass(RunnerBuilder.java:59)
	at org.junit.internal.builders.AllDefaultPossibilitiesBuilder.runnerForClass(AllDefaultPossibilitiesBuilder.java:26)
	at org.junit.runner.Computer.getRunner(Computer.java:40)
	at org.junit.runner.Computer$1.runnerForClass(Computer.java:31)
	at org.junit.runners.model.RunnerBuilder.safeRunnerForClass(RunnerBuilder.java:59)
	at org.junit.runners.model.RunnerBuilder.runners(RunnerBuilder.java:101)
	at org.junit.runners.model.RunnerBuilder.runners(RunnerBuilder.java:87)
	at org.junit.runners.Suite.<init>(Suite.java:80)
	at org.junit.runner.Computer.getSuite(Computer.java:28)
	at org.junit.runner.Request.classes(Request.java:75)
	at org.junit.runner.JUnitCore.run(JUnitCore.java:117)
	at sbst.benchmark.coverage.TestExecutionTask.call(TestExecutionTask.java:54)
	at sbst.benchmark.coverage.TestExecutionTask.call(TestExecutionTask.java:15)
	at java.util.concurrent.FutureTask.run(FutureTask.java:266)
	at java.util.concurrent.ThreadPoolExecutor.runWorker(ThreadPoolExecutor.java:1149)
	at java.util.concurrent.ThreadPoolExecutor$Worker.run(ThreadPoolExecutor.java:624)
	at java.lang.Thread.run(Thread.java:750)

Executions terminated
Failure: [initializationError(org.ta4j.core.criteria.EqualityUtils): No runnable methods]
Failing Tests: initializationError(org.ta4j.core.criteria.EqualityUtils)
java.lang.Exception: No runnable methods
	at org.junit.runners.BlockJUnit4ClassRunner.validateInstanceMethods(BlockJUnit4ClassRunner.java:169)
	at org.junit.runners.BlockJUnit4ClassRunner.collectInitializationErrors(BlockJUnit4ClassRunner.java:104)
	at org.junit.runners.ParentRunner.validate(ParentRunner.java:355)
	at org.junit.runners.ParentRunner.<init>(ParentRunner.java:76)
	at org.junit.runners.BlockJUnit4ClassRunner.<init>(BlockJUnit4ClassRunner.java:57)
	at org.junit.internal.builders.JUnit4Builder.runnerForClass(JUnit4Builder.java:10)
	at org.junit.runners.model.RunnerBuilder.safeRunnerForClass(RunnerBuilder.java:59)
	at org.junit.internal.builders.AllDefaultPossibilitiesBuilder.runnerForClass(AllDefaultPossibilitiesBuilder.java:26)
	at org.junit.runner.Computer.getRunner(Computer.java:40)
	at org.junit.runner.Computer$1.runnerForClass(Computer.java:31)
	at org.junit.runners.model.RunnerBuilder.safeRunnerForClass(RunnerBuilder.java:59)
	at org.junit.runners.model.RunnerBuilder.runners(RunnerBuilder.java:101)
	at org.junit.runners.model.RunnerBuilder.runners(RunnerBuilder.java:87)
	at org.junit.runners.Suite.<init>(Suite.java:80)
	at org.junit.runner.Computer.getSuite(Computer.java:28)
	at org.junit.runner.Request.classes(Request.java:75)
	at org.junit.runner.JUnitCore.run(JUnitCore.java:117)
	at sbst.benchmark.coverage.TestExecutionTask.call(TestExecutionTask.java:54)
	at sbst.benchmark.coverage.TestExecutionTask.call(TestExecutionTask.java:15)
	at java.util.concurrent.FutureTask.run(FutureTask.java:266)
	at java.util.concurrent.ThreadPoolExecutor.runWorker(ThreadPoolExecutor.java:1149)
	at java.util.concurrent.ThreadPoolExecutor$Worker.run(ThreadPoolExecutor.java:624)
	at java.lang.Thread.run(Thread.java:750)

Failure: [test(org.ta4j.core.criteria.NumberOfConsecutivePositionsCriterion_betterThan_5105473760): null]
Failing Tests: test(org.ta4j.core.criteria.NumberOfConsecutivePositionsCriterion_betterThan_5105473760)
java.lang.NullPointerException
	at org.ta4j.core.criteria.NumberOfConsecutivePositionsCriterion.betterThan(NumberOfConsecutivePositionsCriterion.java:85)
	at sun.reflect.NativeMethodAccessorImpl.invoke0(Native Method)
	at sun.reflect.NativeMethodAccessorImpl.invoke(NativeMethodAccessorImpl.java:62)
	at sun.reflect.DelegatingMethodAccessorImpl.invoke(DelegatingMethodAccessorImpl.java:43)
	at java.lang.reflect.Method.invoke(Method.java:498)
	at org.ta4j.core.criteria.ReflectionUtils.callMethod(ReflectionUtils.java:238)
	at org.ta4j.core.criteria.NumberOfConsecutivePositionsCriterion_betterThan_5105473760.test(NumberOfConsecutivePositionsCriterion_betterThan_5105473760.java:47)
	at sun.reflect.NativeMethodAccessorImpl.invoke0(Native Method)
	at sun.reflect.NativeMethodAccessorImpl.invoke(NativeMethodAccessorImpl.java:62)
	at sun.reflect.DelegatingMethodAccessorImpl.invoke(DelegatingMethodAccessorImpl.java:43)
	at java.lang.reflect.Method.invoke(Method.java:498)
	at org.junit.runners.model.FrameworkMethod$1.runReflectiveCall(FrameworkMethod.java:47)
	at org.junit.internal.runners.model.ReflectiveCallable.run(ReflectiveCallable.java:12)
	at org.junit.runners.model.FrameworkMethod.invokeExplosively(FrameworkMethod.java:44)
	at org.junit.internal.runners.statements.InvokeMethod.evaluate(InvokeMethod.java:17)
	at org.junit.internal.runners.statements.RunBefores.evaluate(RunBefores.java:26)
	at org.junit.runners.ParentRunner.runLeaf(ParentRunner.java:271)
	at org.junit.runners.BlockJUnit4ClassRunner.runChild(BlockJUnit4ClassRunner.java:70)
	at org.junit.runners.BlockJUnit4ClassRunner.runChild(BlockJUnit4ClassRunner.java:50)
	at org.junit.runners.ParentRunner$3.run(ParentRunner.java:238)
	at org.junit.runners.ParentRunner$1.schedule(ParentRunner.java:63)
	at org.junit.runners.ParentRunner.runChildren(ParentRunner.java:236)
	at org.junit.runners.ParentRunner.access$000(ParentRunner.java:53)
	at org.junit.runners.ParentRunner$2.evaluate(ParentRunner.java:229)
	at org.junit.runners.ParentRunner.run(ParentRunner.java:309)
	at org.junit.runners.Suite.runChild(Suite.java:127)
	at org.junit.runners.Suite.runChild(Suite.java:26)
	at org.junit.runners.ParentRunner$3.run(ParentRunner.java:238)
	at org.junit.runners.ParentRunner$1.schedule(ParentRunner.java:63)
	at org.junit.runners.ParentRunner.runChildren(ParentRunner.java:236)
	at org.junit.runners.ParentRunner.access$000(ParentRunner.java:53)
	at org.junit.runners.ParentRunner$2.evaluate(ParentRunner.java:229)
	at org.junit.runners.ParentRunner.run(ParentRunner.java:309)
	at org.junit.runner.JUnitCore.run(JUnitCore.java:160)
	at org.junit.runner.JUnitCore.run(JUnitCore.java:138)
	at org.junit.runner.JUnitCore.run(JUnitCore.java:117)
	at sbst.benchmark.coverage.TestExecutionTask.call(TestExecutionTask.java:54)
	at sbst.benchmark.coverage.TestExecutionTask.call(TestExecutionTask.java:15)
	at java.util.concurrent.FutureTask.run(FutureTask.java:266)
	at java.util.concurrent.ThreadPoolExecutor.runWorker(ThreadPoolExecutor.java:1149)
	at java.util.concurrent.ThreadPoolExecutor$Worker.run(ThreadPoolExecutor.java:624)
	at java.lang.Thread.run(Thread.java:750)

Failure: [test(org.ta4j.core.criteria.NumberOfConsecutivePositionsCriterion_betterThan_5105473761): null]
Failing Tests: test(org.ta4j.core.criteria.NumberOfConsecutivePositionsCriterion_betterThan_5105473761)
java.lang.NullPointerException
	at org.ta4j.core.criteria.NumberOfConsecutivePositionsCriterion.betterThan(NumberOfConsecutivePositionsCriterion.java:86)
	at sun.reflect.NativeMethodAccessorImpl.invoke0(Native Method)
	at sun.reflect.NativeMethodAccessorImpl.invoke(NativeMethodAccessorImpl.java:62)
	at sun.reflect.DelegatingMethodAccessorImpl.invoke(DelegatingMethodAccessorImpl.java:43)
	at java.lang.reflect.Method.invoke(Method.java:498)
	at org.ta4j.core.criteria.ReflectionUtils.callMethod(ReflectionUtils.java:238)
	at org.ta4j.core.criteria.NumberOfConsecutivePositionsCriterion_betterThan_5105473761.test(NumberOfConsecutivePositionsCriterion_betterThan_5105473761.java:41)
	at sun.reflect.NativeMethodAccessorImpl.invoke0(Native Method)
	at sun.reflect.NativeMethodAccessorImpl.invoke(NativeMethodAccessorImpl.java:62)
	at sun.reflect.DelegatingMethodAccessorImpl.invoke(DelegatingMethodAccessorImpl.java:43)
	at java.lang.reflect.Method.invoke(Method.java:498)
	at org.junit.runners.model.FrameworkMethod$1.runReflectiveCall(FrameworkMethod.java:47)
	at org.junit.internal.runners.model.ReflectiveCallable.run(ReflectiveCallable.java:12)
	at org.junit.runners.model.FrameworkMethod.invokeExplosively(FrameworkMethod.java:44)
	at org.junit.internal.runners.statements.InvokeMethod.evaluate(InvokeMethod.java:17)
	at org.junit.internal.runners.statements.RunBefores.evaluate(RunBefores.java:26)
	at org.junit.runners.ParentRunner.runLeaf(ParentRunner.java:271)
	at org.junit.runners.BlockJUnit4ClassRunner.runChild(BlockJUnit4ClassRunner.java:70)
	at org.junit.runners.BlockJUnit4ClassRunner.runChild(BlockJUnit4ClassRunner.java:50)
	at org.junit.runners.ParentRunner$3.run(ParentRunner.java:238)
	at org.junit.runners.ParentRunner$1.schedule(ParentRunner.java:63)
	at org.junit.runners.ParentRunner.runChildren(ParentRunner.java:236)
	at org.junit.runners.ParentRunner.access$000(ParentRunner.java:53)
	at org.junit.runners.ParentRunner$2.evaluate(ParentRunner.java:229)
	at org.junit.runners.ParentRunner.run(ParentRunner.java:309)
	at org.junit.runners.Suite.runChild(Suite.java:127)
	at org.junit.runners.Suite.runChild(Suite.java:26)
	at org.junit.runners.ParentRunner$3.run(ParentRunner.java:238)
	at org.junit.runners.ParentRunner$1.schedule(ParentRunner.java:63)
	at org.junit.runners.ParentRunner.runChildren(ParentRunner.java:236)
	at org.junit.runners.ParentRunner.access$000(ParentRunner.java:53)
	at org.junit.runners.ParentRunner$2.evaluate(ParentRunner.java:229)
	at org.junit.runners.ParentRunner.run(ParentRunner.java:309)
	at org.junit.runner.JUnitCore.run(JUnitCore.java:160)
	at org.junit.runner.JUnitCore.run(JUnitCore.java:138)
	at org.junit.runner.JUnitCore.run(JUnitCore.java:117)
	at sbst.benchmark.coverage.TestExecutionTask.call(TestExecutionTask.java:54)
	at sbst.benchmark.coverage.TestExecutionTask.call(TestExecutionTask.java:15)
	at java.util.concurrent.FutureTask.run(FutureTask.java:266)
	at java.util.concurrent.ThreadPoolExecutor.runWorker(ThreadPoolExecutor.java:1149)
	at java.util.concurrent.ThreadPoolExecutor$Worker.run(ThreadPoolExecutor.java:624)
	at java.lang.Thread.run(Thread.java:750)

Failure: [test(org.ta4j.core.criteria.NumberOfConsecutivePositionsCriterion_calculate_13346717230): null]
Failing Tests: test(org.ta4j.core.criteria.NumberOfConsecutivePositionsCriterion_calculate_13346717230)
java.lang.NullPointerException
	at org.ta4j.core.criteria.NumberOfConsecutivePositionsCriterion.calculate(NumberOfConsecutivePositionsCriterion.java:56)
	at sun.reflect.NativeMethodAccessorImpl.invoke0(Native Method)
	at sun.reflect.NativeMethodAccessorImpl.invoke(NativeMethodAccessorImpl.java:62)
	at sun.reflect.DelegatingMethodAccessorImpl.invoke(DelegatingMethodAccessorImpl.java:43)
	at java.lang.reflect.Method.invoke(Method.java:498)
	at org.ta4j.core.criteria.ReflectionUtils.callMethod(ReflectionUtils.java:238)
	at org.ta4j.core.criteria.NumberOfConsecutivePositionsCriterion_calculate_13346717230.test(NumberOfConsecutivePositionsCriterion_calculate_13346717230.java:47)
	at sun.reflect.NativeMethodAccessorImpl.invoke0(Native Method)
	at sun.reflect.NativeMethodAccessorImpl.invoke(NativeMethodAccessorImpl.java:62)
	at sun.reflect.DelegatingMethodAccessorImpl.invoke(DelegatingMethodAccessorImpl.java:43)
	at java.lang.reflect.Method.invoke(Method.java:498)
	at org.junit.runners.model.FrameworkMethod$1.runReflectiveCall(FrameworkMethod.java:47)
	at org.junit.internal.runners.model.ReflectiveCallable.run(ReflectiveCallable.java:12)
	at org.junit.runners.model.FrameworkMethod.invokeExplosively(FrameworkMethod.java:44)
	at org.junit.internal.runners.statements.InvokeMethod.evaluate(InvokeMethod.java:17)
	at org.junit.internal.runners.statements.RunBefores.evaluate(RunBefores.java:26)
	at org.junit.runners.ParentRunner.runLeaf(ParentRunner.java:271)
	at org.junit.runners.BlockJUnit4ClassRunner.runChild(BlockJUnit4ClassRunner.java:70)
	at org.junit.runners.BlockJUnit4ClassRunner.runChild(BlockJUnit4ClassRunner.java:50)
	at org.junit.runners.ParentRunner$3.run(ParentRunner.java:238)
	at org.junit.runners.ParentRunner$1.schedule(ParentRunner.java:63)
	at org.junit.runners.ParentRunner.runChildren(ParentRunner.java:236)
	at org.junit.runners.ParentRunner.access$000(ParentRunner.java:53)
	at org.junit.runners.ParentRunner$2.evaluate(ParentRunner.java:229)
	at org.junit.runners.ParentRunner.run(ParentRunner.java:309)
	at org.junit.runners.Suite.runChild(Suite.java:127)
	at org.junit.runners.Suite.runChild(Suite.java:26)
	at org.junit.runners.ParentRunner$3.run(ParentRunner.java:238)
	at org.junit.runners.ParentRunner$1.schedule(ParentRunner.java:63)
	at org.junit.runners.ParentRunner.runChildren(ParentRunner.java:236)
	at org.junit.runners.ParentRunner.access$000(ParentRunner.java:53)
	at org.junit.runners.ParentRunner$2.evaluate(ParentRunner.java:229)
	at org.junit.runners.ParentRunner.run(ParentRunner.java:309)
	at org.junit.runner.JUnitCore.run(JUnitCore.java:160)
	at org.junit.runner.JUnitCore.run(JUnitCore.java:138)
	at org.junit.runner.JUnitCore.run(JUnitCore.java:117)
	at sbst.benchmark.coverage.TestExecutionTask.call(TestExecutionTask.java:54)
	at sbst.benchmark.coverage.TestExecutionTask.call(TestExecutionTask.java:15)
	at java.util.concurrent.FutureTask.run(FutureTask.java:266)
	at java.util.concurrent.ThreadPoolExecutor.runWorker(ThreadPoolExecutor.java:1149)
	at java.util.concurrent.ThreadPoolExecutor$Worker.run(ThreadPoolExecutor.java:624)
	at java.lang.Thread.run(Thread.java:750)

Failure: [test(org.ta4j.core.criteria.NumberOfConsecutivePositionsCriterion_calculate_13346717231): null]
Failing Tests: test(org.ta4j.core.criteria.NumberOfConsecutivePositionsCriterion_calculate_13346717231)
java.lang.NullPointerException
	at org.ta4j.core.criteria.NumberOfConsecutivePositionsCriterion.calculate(NumberOfConsecutivePositionsCriterion.java:56)
	at sun.reflect.NativeMethodAccessorImpl.invoke0(Native Method)
	at sun.reflect.NativeMethodAccessorImpl.invoke(NativeMethodAccessorImpl.java:62)
	at sun.reflect.DelegatingMethodAccessorImpl.invoke(DelegatingMethodAccessorImpl.java:43)
	at java.lang.reflect.Method.invoke(Method.java:498)
	at org.ta4j.core.criteria.ReflectionUtils.callMethod(ReflectionUtils.java:238)
	at org.ta4j.core.criteria.NumberOfConsecutivePositionsCriterion_calculate_13346717231.test(NumberOfConsecutivePositionsCriterion_calculate_13346717231.java:41)
	at sun.reflect.NativeMethodAccessorImpl.invoke0(Native Method)
	at sun.reflect.NativeMethodAccessorImpl.invoke(NativeMethodAccessorImpl.java:62)
	at sun.reflect.DelegatingMethodAccessorImpl.invoke(DelegatingMethodAccessorImpl.java:43)
	at java.lang.reflect.Method.invoke(Method.java:498)
	at org.junit.runners.model.FrameworkMethod$1.runReflectiveCall(FrameworkMethod.java:47)
	at org.junit.internal.runners.model.ReflectiveCallable.run(ReflectiveCallable.java:12)
	at org.junit.runners.model.FrameworkMethod.invokeExplosively(FrameworkMethod.java:44)
	at org.junit.internal.runners.statements.InvokeMethod.evaluate(InvokeMethod.java:17)
	at org.junit.internal.runners.statements.RunBefores.evaluate(RunBefores.java:26)
	at org.junit.runners.ParentRunner.runLeaf(ParentRunner.java:271)
	at org.junit.runners.BlockJUnit4ClassRunner.runChild(BlockJUnit4ClassRunner.java:70)
	at org.junit.runners.BlockJUnit4ClassRunner.runChild(BlockJUnit4ClassRunner.java:50)
	at org.junit.runners.ParentRunner$3.run(ParentRunner.java:238)
	at org.junit.runners.ParentRunner$1.schedule(ParentRunner.java:63)
	at org.junit.runners.ParentRunner.runChildren(ParentRunner.java:236)
	at org.junit.runners.ParentRunner.access$000(ParentRunner.java:53)
	at org.junit.runners.ParentRunner$2.evaluate(ParentRunner.java:229)
	at org.junit.runners.ParentRunner.run(ParentRunner.java:309)
	at org.junit.runners.Suite.runChild(Suite.java:127)
	at org.junit.runners.Suite.runChild(Suite.java:26)
	at org.junit.runners.ParentRunner$3.run(ParentRunner.java:238)
	at org.junit.runners.ParentRunner$1.schedule(ParentRunner.java:63)
	at org.junit.runners.ParentRunner.runChildren(ParentRunner.java:236)
	at org.junit.runners.ParentRunner.access$000(ParentRunner.java:53)
	at org.junit.runners.ParentRunner$2.evaluate(ParentRunner.java:229)
	at org.junit.runners.ParentRunner.run(ParentRunner.java:309)
	at org.junit.runner.JUnitCore.run(JUnitCore.java:160)
	at org.junit.runner.JUnitCore.run(JUnitCore.java:138)
	at org.junit.runner.JUnitCore.run(JUnitCore.java:117)
	at sbst.benchmark.coverage.TestExecutionTask.call(TestExecutionTask.java:54)
	at sbst.benchmark.coverage.TestExecutionTask.call(TestExecutionTask.java:15)
	at java.util.concurrent.FutureTask.run(FutureTask.java:266)
	at java.util.concurrent.ThreadPoolExecutor.runWorker(ThreadPoolExecutor.java:1149)
	at java.util.concurrent.ThreadPoolExecutor$Worker.run(ThreadPoolExecutor.java:624)
	at java.lang.Thread.run(Thread.java:750)

Failure: [test(org.ta4j.core.criteria.NumberOfConsecutivePositionsCriterion_calculate_14615767580): null]
Failing Tests: test(org.ta4j.core.criteria.NumberOfConsecutivePositionsCriterion_calculate_14615767580)
java.lang.NullPointerException
	at org.ta4j.core.Trade.getValue(Trade.java:412)
	at org.ta4j.core.Position.getGrossProfit(Position.java:282)
	at org.ta4j.core.Position.getProfit(Position.java:237)
	at org.ta4j.core.criteria.NumberOfConsecutivePositionsCriterion.isConsecutive(NumberOfConsecutivePositionsCriterion.java:91)
	at org.ta4j.core.criteria.NumberOfConsecutivePositionsCriterion.calculate(NumberOfConsecutivePositionsCriterion.java:49)
	at sun.reflect.NativeMethodAccessorImpl.invoke0(Native Method)
	at sun.reflect.NativeMethodAccessorImpl.invoke(NativeMethodAccessorImpl.java:62)
	at sun.reflect.DelegatingMethodAccessorImpl.invoke(DelegatingMethodAccessorImpl.java:43)
	at java.lang.reflect.Method.invoke(Method.java:498)
	at org.ta4j.core.criteria.ReflectionUtils.callMethod(ReflectionUtils.java:238)
	at org.ta4j.core.criteria.NumberOfConsecutivePositionsCriterion_calculate_14615767580.test(NumberOfConsecutivePositionsCriterion_calculate_14615767580.java:78)
	at sun.reflect.NativeMethodAccessorImpl.invoke0(Native Method)
	at sun.reflect.NativeMethodAccessorImpl.invoke(NativeMethodAccessorImpl.java:62)
	at sun.reflect.DelegatingMethodAccessorImpl.invoke(DelegatingMethodAccessorImpl.java:43)
	at java.lang.reflect.Method.invoke(Method.java:498)
	at org.junit.runners.model.FrameworkMethod$1.runReflectiveCall(FrameworkMethod.java:47)
	at org.junit.internal.runners.model.ReflectiveCallable.run(ReflectiveCallable.java:12)
	at org.junit.runners.model.FrameworkMethod.invokeExplosively(FrameworkMethod.java:44)
	at org.junit.internal.runners.statements.InvokeMethod.evaluate(InvokeMethod.java:17)
	at org.junit.internal.runners.statements.RunBefores.evaluate(RunBefores.java:26)
	at org.junit.runners.ParentRunner.runLeaf(ParentRunner.java:271)
	at org.junit.runners.BlockJUnit4ClassRunner.runChild(BlockJUnit4ClassRunner.java:70)
	at org.junit.runners.BlockJUnit4ClassRunner.runChild(BlockJUnit4ClassRunner.java:50)
	at org.junit.runners.ParentRunner$3.run(ParentRunner.java:238)
	at org.junit.runners.ParentRunner$1.schedule(ParentRunner.java:63)
	at org.junit.runners.ParentRunner.runChildren(ParentRunner.java:236)
	at org.junit.runners.ParentRunner.access$000(ParentRunner.java:53)
	at org.junit.runners.ParentRunner$2.evaluate(ParentRunner.java:229)
	at org.junit.runners.ParentRunner.run(ParentRunner.java:309)
	at org.junit.runners.Suite.runChild(Suite.java:127)
	at org.junit.runners.Suite.runChild(Suite.java:26)
	at org.junit.runners.ParentRunner$3.run(ParentRunner.java:238)
	at org.junit.runners.ParentRunner$1.schedule(ParentRunner.java:63)
	at org.junit.runners.ParentRunner.runChildren(ParentRunner.java:236)
	at org.junit.runners.ParentRunner.access$000(ParentRunner.java:53)
	at org.junit.runners.ParentRunner$2.evaluate(ParentRunner.java:229)
	at org.junit.runners.ParentRunner.run(ParentRunner.java:309)
	at org.junit.runner.JUnitCore.run(JUnitCore.java:160)
	at org.junit.runner.JUnitCore.run(JUnitCore.java:138)
	at org.junit.runner.JUnitCore.run(JUnitCore.java:117)
	at sbst.benchmark.coverage.TestExecutionTask.call(TestExecutionTask.java:54)
	at sbst.benchmark.coverage.TestExecutionTask.call(TestExecutionTask.java:15)
	at java.util.concurrent.FutureTask.run(FutureTask.java:266)
	at java.util.concurrent.ThreadPoolExecutor.runWorker(ThreadPoolExecutor.java:1149)
	at java.util.concurrent.ThreadPoolExecutor$Worker.run(ThreadPoolExecutor.java:624)
	at java.lang.Thread.run(Thread.java:750)

Failure: [test(org.ta4j.core.criteria.NumberOfConsecutivePositionsCriterion_calculate_14615767581): null]
Failing Tests: test(org.ta4j.core.criteria.NumberOfConsecutivePositionsCriterion_calculate_14615767581)
java.lang.NullPointerException
	at org.ta4j.core.criteria.NumberOfConsecutivePositionsCriterion.isConsecutive(NumberOfConsecutivePositionsCriterion.java:90)
	at org.ta4j.core.criteria.NumberOfConsecutivePositionsCriterion.calculate(NumberOfConsecutivePositionsCriterion.java:49)
	at sun.reflect.NativeMethodAccessorImpl.invoke0(Native Method)
	at sun.reflect.NativeMethodAccessorImpl.invoke(NativeMethodAccessorImpl.java:62)
	at sun.reflect.DelegatingMethodAccessorImpl.invoke(DelegatingMethodAccessorImpl.java:43)
	at java.lang.reflect.Method.invoke(Method.java:498)
	at org.ta4j.core.criteria.ReflectionUtils.callMethod(ReflectionUtils.java:238)
	at org.ta4j.core.criteria.NumberOfConsecutivePositionsCriterion_calculate_14615767581.test(NumberOfConsecutivePositionsCriterion_calculate_14615767581.java:41)
	at sun.reflect.NativeMethodAccessorImpl.invoke0(Native Method)
	at sun.reflect.NativeMethodAccessorImpl.invoke(NativeMethodAccessorImpl.java:62)
	at sun.reflect.DelegatingMethodAccessorImpl.invoke(DelegatingMethodAccessorImpl.java:43)
	at java.lang.reflect.Method.invoke(Method.java:498)
	at org.junit.runners.model.FrameworkMethod$1.runReflectiveCall(FrameworkMethod.java:47)
	at org.junit.internal.runners.model.ReflectiveCallable.run(ReflectiveCallable.java:12)
	at org.junit.runners.model.FrameworkMethod.invokeExplosively(FrameworkMethod.java:44)
	at org.junit.internal.runners.statements.InvokeMethod.evaluate(InvokeMethod.java:17)
	at org.junit.internal.runners.statements.RunBefores.evaluate(RunBefores.java:26)
	at org.junit.runners.ParentRunner.runLeaf(ParentRunner.java:271)
	at org.junit.runners.BlockJUnit4ClassRunner.runChild(BlockJUnit4ClassRunner.java:70)
	at org.junit.runners.BlockJUnit4ClassRunner.runChild(BlockJUnit4ClassRunner.java:50)
	at org.junit.runners.ParentRunner$3.run(ParentRunner.java:238)
	at org.junit.runners.ParentRunner$1.schedule(ParentRunner.java:63)
	at org.junit.runners.ParentRunner.runChildren(ParentRunner.java:236)
	at org.junit.runners.ParentRunner.access$000(ParentRunner.java:53)
	at org.junit.runners.ParentRunner$2.evaluate(ParentRunner.java:229)
	at org.junit.runners.ParentRunner.run(ParentRunner.java:309)
	at org.junit.runners.Suite.runChild(Suite.java:127)
	at org.junit.runners.Suite.runChild(Suite.java:26)
	at org.junit.runners.ParentRunner$3.run(ParentRunner.java:238)
	at org.junit.runners.ParentRunner$1.schedule(ParentRunner.java:63)
	at org.junit.runners.ParentRunner.runChildren(ParentRunner.java:236)
	at org.junit.runners.ParentRunner.access$000(ParentRunner.java:53)
	at org.junit.runners.ParentRunner$2.evaluate(ParentRunner.java:229)
	at org.junit.runners.ParentRunner.run(ParentRunner.java:309)
	at org.junit.runner.JUnitCore.run(JUnitCore.java:160)
	at org.junit.runner.JUnitCore.run(JUnitCore.java:138)
	at org.junit.runner.JUnitCore.run(JUnitCore.java:117)
	at sbst.benchmark.coverage.TestExecutionTask.call(TestExecutionTask.java:54)
	at sbst.benchmark.coverage.TestExecutionTask.call(TestExecutionTask.java:15)
	at java.util.concurrent.FutureTask.run(FutureTask.java:266)
	at java.util.concurrent.ThreadPoolExecutor.runWorker(ThreadPoolExecutor.java:1149)
	at java.util.concurrent.ThreadPoolExecutor$Worker.run(ThreadPoolExecutor.java:624)
	at java.lang.Thread.run(Thread.java:750)

Failure: [test(org.ta4j.core.criteria.NumberOfConsecutivePositionsCriterion_isConsecutive_17461543770): null]
Failing Tests: test(org.ta4j.core.criteria.NumberOfConsecutivePositionsCriterion_isConsecutive_17461543770)
java.lang.NullPointerException
	at org.ta4j.core.Trade.getValue(Trade.java:412)
	at org.ta4j.core.Position.getGrossProfit(Position.java:282)
	at org.ta4j.core.Position.getProfit(Position.java:237)
	at org.ta4j.core.criteria.NumberOfConsecutivePositionsCriterion.isConsecutive(NumberOfConsecutivePositionsCriterion.java:91)
	at sun.reflect.NativeMethodAccessorImpl.invoke0(Native Method)
	at sun.reflect.NativeMethodAccessorImpl.invoke(NativeMethodAccessorImpl.java:62)
	at sun.reflect.DelegatingMethodAccessorImpl.invoke(DelegatingMethodAccessorImpl.java:43)
	at java.lang.reflect.Method.invoke(Method.java:498)
	at org.ta4j.core.criteria.ReflectionUtils.callMethod(ReflectionUtils.java:238)
	at org.ta4j.core.criteria.NumberOfConsecutivePositionsCriterion_isConsecutive_17461543770.test(NumberOfConsecutivePositionsCriterion_isConsecutive_17461543770.java:76)
	at sun.reflect.NativeMethodAccessorImpl.invoke0(Native Method)
	at sun.reflect.NativeMethodAccessorImpl.invoke(NativeMethodAccessorImpl.java:62)
	at sun.reflect.DelegatingMethodAccessorImpl.invoke(DelegatingMethodAccessorImpl.java:43)
	at java.lang.reflect.Method.invoke(Method.java:498)
	at org.junit.runners.model.FrameworkMethod$1.runReflectiveCall(FrameworkMethod.java:47)
	at org.junit.internal.runners.model.ReflectiveCallable.run(ReflectiveCallable.java:12)
	at org.junit.runners.model.FrameworkMethod.invokeExplosively(FrameworkMethod.java:44)
	at org.junit.internal.runners.statements.InvokeMethod.evaluate(InvokeMethod.java:17)
	at org.junit.internal.runners.statements.RunBefores.evaluate(RunBefores.java:26)
	at org.junit.runners.ParentRunner.runLeaf(ParentRunner.java:271)
	at org.junit.runners.BlockJUnit4ClassRunner.runChild(BlockJUnit4ClassRunner.java:70)
	at org.junit.runners.BlockJUnit4ClassRunner.runChild(BlockJUnit4ClassRunner.java:50)
	at org.junit.runners.ParentRunner$3.run(ParentRunner.java:238)
	at org.junit.runners.ParentRunner$1.schedule(ParentRunner.java:63)
	at org.junit.runners.ParentRunner.runChildren(ParentRunner.java:236)
	at org.junit.runners.ParentRunner.access$000(ParentRunner.java:53)
	at org.junit.runners.ParentRunner$2.evaluate(ParentRunner.java:229)
	at org.junit.runners.ParentRunner.run(ParentRunner.java:309)
	at org.junit.runners.Suite.runChild(Suite.java:127)
	at org.junit.runners.Suite.runChild(Suite.java:26)
	at org.junit.runners.ParentRunner$3.run(ParentRunner.java:238)
	at org.junit.runners.ParentRunner$1.schedule(ParentRunner.java:63)
	at org.junit.runners.ParentRunner.runChildren(ParentRunner.java:236)
	at org.junit.runners.ParentRunner.access$000(ParentRunner.java:53)
	at org.junit.runners.ParentRunner$2.evaluate(ParentRunner.java:229)
	at org.junit.runners.ParentRunner.run(ParentRunner.java:309)
	at org.junit.runner.JUnitCore.run(JUnitCore.java:160)
	at org.junit.runner.JUnitCore.run(JUnitCore.java:138)
	at org.junit.runner.JUnitCore.run(JUnitCore.java:117)
	at sbst.benchmark.coverage.TestExecutionTask.call(TestExecutionTask.java:54)
	at sbst.benchmark.coverage.TestExecutionTask.call(TestExecutionTask.java:15)
	at java.util.concurrent.FutureTask.run(FutureTask.java:266)
	at java.util.concurrent.ThreadPoolExecutor.runWorker(ThreadPoolExecutor.java:1149)
	at java.util.concurrent.ThreadPoolExecutor$Worker.run(ThreadPoolExecutor.java:624)
	at java.lang.Thread.run(Thread.java:750)

Failure: [test(org.ta4j.core.criteria.NumberOfConsecutivePositionsCriterion_isConsecutive_17461543771): null]
Failing Tests: test(org.ta4j.core.criteria.NumberOfConsecutivePositionsCriterion_isConsecutive_17461543771)
java.lang.NullPointerException
	at org.ta4j.core.criteria.NumberOfConsecutivePositionsCriterion.isConsecutive(NumberOfConsecutivePositionsCriterion.java:90)
	at sun.reflect.NativeMethodAccessorImpl.invoke0(Native Method)
	at sun.reflect.NativeMethodAccessorImpl.invoke(NativeMethodAccessorImpl.java:62)
	at sun.reflect.DelegatingMethodAccessorImpl.invoke(DelegatingMethodAccessorImpl.java:43)
	at java.lang.reflect.Method.invoke(Method.java:498)
	at org.ta4j.core.criteria.ReflectionUtils.callMethod(ReflectionUtils.java:238)
	at org.ta4j.core.criteria.NumberOfConsecutivePositionsCriterion_isConsecutive_17461543771.test(NumberOfConsecutivePositionsCriterion_isConsecutive_17461543771.java:39)
	at sun.reflect.NativeMethodAccessorImpl.invoke0(Native Method)
	at sun.reflect.NativeMethodAccessorImpl.invoke(NativeMethodAccessorImpl.java:62)
	at sun.reflect.DelegatingMethodAccessorImpl.invoke(DelegatingMethodAccessorImpl.java:43)
	at java.lang.reflect.Method.invoke(Method.java:498)
	at org.junit.runners.model.FrameworkMethod$1.runReflectiveCall(FrameworkMethod.java:47)
	at org.junit.internal.runners.model.ReflectiveCallable.run(ReflectiveCallable.java:12)
	at org.junit.runners.model.FrameworkMethod.invokeExplosively(FrameworkMethod.java:44)
	at org.junit.internal.runners.statements.InvokeMethod.evaluate(InvokeMethod.java:17)
	at org.junit.internal.runners.statements.RunBefores.evaluate(RunBefores.java:26)
	at org.junit.runners.ParentRunner.runLeaf(ParentRunner.java:271)
	at org.junit.runners.BlockJUnit4ClassRunner.runChild(BlockJUnit4ClassRunner.java:70)
	at org.junit.runners.BlockJUnit4ClassRunner.runChild(BlockJUnit4ClassRunner.java:50)
	at org.junit.runners.ParentRunner$3.run(ParentRunner.java:238)
	at org.junit.runners.ParentRunner$1.schedule(ParentRunner.java:63)
	at org.junit.runners.ParentRunner.runChildren(ParentRunner.java:236)
	at org.junit.runners.ParentRunner.access$000(ParentRunner.java:53)
	at org.junit.runners.ParentRunner$2.evaluate(ParentRunner.java:229)
	at org.junit.runners.ParentRunner.run(ParentRunner.java:309)
	at org.junit.runners.Suite.runChild(Suite.java:127)
	at org.junit.runners.Suite.runChild(Suite.java:26)
	at org.junit.runners.ParentRunner$3.run(ParentRunner.java:238)
	at org.junit.runners.ParentRunner$1.schedule(ParentRunner.java:63)
	at org.junit.runners.ParentRunner.runChildren(ParentRunner.java:236)
	at org.junit.runners.ParentRunner.access$000(ParentRunner.java:53)
	at org.junit.runners.ParentRunner$2.evaluate(ParentRunner.java:229)
	at org.junit.runners.ParentRunner.run(ParentRunner.java:309)
	at org.junit.runner.JUnitCore.run(JUnitCore.java:160)
	at org.junit.runner.JUnitCore.run(JUnitCore.java:138)
	at org.junit.runner.JUnitCore.run(JUnitCore.java:117)
	at sbst.benchmark.coverage.TestExecutionTask.call(TestExecutionTask.java:54)
	at sbst.benchmark.coverage.TestExecutionTask.call(TestExecutionTask.java:15)
	at java.util.concurrent.FutureTask.run(FutureTask.java:266)
	at java.util.concurrent.ThreadPoolExecutor.runWorker(ThreadPoolExecutor.java:1149)
	at java.util.concurrent.ThreadPoolExecutor$Worker.run(ThreadPoolExecutor.java:624)
	at java.lang.Thread.run(Thread.java:750)

Failure: [initializationError(org.ta4j.core.criteria.ReflectionUtils): No runnable methods]
Failing Tests: initializationError(org.ta4j.core.criteria.ReflectionUtils)
java.lang.Exception: No runnable methods
	at org.junit.runners.BlockJUnit4ClassRunner.validateInstanceMethods(BlockJUnit4ClassRunner.java:169)
	at org.junit.runners.BlockJUnit4ClassRunner.collectInitializationErrors(BlockJUnit4ClassRunner.java:104)
	at org.junit.runners.ParentRunner.validate(ParentRunner.java:355)
	at org.junit.runners.ParentRunner.<init>(ParentRunner.java:76)
	at org.junit.runners.BlockJUnit4ClassRunner.<init>(BlockJUnit4ClassRunner.java:57)
	at org.junit.internal.builders.JUnit4Builder.runnerForClass(JUnit4Builder.java:10)
	at org.junit.runners.model.RunnerBuilder.safeRunnerForClass(RunnerBuilder.java:59)
	at org.junit.internal.builders.AllDefaultPossibilitiesBuilder.runnerForClass(AllDefaultPossibilitiesBuilder.java:26)
	at org.junit.runner.Computer.getRunner(Computer.java:40)
	at org.junit.runner.Computer$1.runnerForClass(Computer.java:31)
	at org.junit.runners.model.RunnerBuilder.safeRunnerForClass(RunnerBuilder.java:59)
	at org.junit.runners.model.RunnerBuilder.runners(RunnerBuilder.java:101)
	at org.junit.runners.model.RunnerBuilder.runners(RunnerBuilder.java:87)
	at org.junit.runners.Suite.<init>(Suite.java:80)
	at org.junit.runner.Computer.getSuite(Computer.java:28)
	at org.junit.runner.Request.classes(Request.java:75)
	at org.junit.runner.JUnitCore.run(JUnitCore.java:117)
	at sbst.benchmark.coverage.TestExecutionTask.call(TestExecutionTask.java:54)
	at sbst.benchmark.coverage.TestExecutionTask.call(TestExecutionTask.java:15)
	at java.util.concurrent.FutureTask.run(FutureTask.java:266)
	at java.util.concurrent.ThreadPoolExecutor.runWorker(ThreadPoolExecutor.java:1149)
	at java.util.concurrent.ThreadPoolExecutor$Worker.run(ThreadPoolExecutor.java:624)
	at java.lang.Thread.run(Thread.java:750)


=== Run Jacoco for Coverage ===
Number of instrumented file = 5041
Running tests with the following classpath: 
/home/kex/results_kex_120/TA4J-80_1/temp/testcases/ta4j-core-0.15_instrumented.jar:/home/kex/results_kex_120/TA4J-80_1/temp/testcases/hamcrest-core-1.3_instrumented.jar:/home/kex/results_kex_120/TA4J-80_1/temp/testcases/commons-io-2.11.0_instrumented.jar:/home/kex/results_kex_120/TA4J-80_1/temp/testcases/logback-classic-1.2.3_instrumented.jar:/home/kex/results_kex_120/TA4J-80_1/temp/testcases/commons-math3-3.6.1_instrumented.jar:/home/kex/results_kex_120/TA4J-80_1/temp/testcases/SparseBitSet-1.2_instrumented.jar:/home/kex/results_kex_120/TA4J-80_1/temp/testcases/junit-4.13.1_instrumented.jar:/home/kex/results_kex_120/TA4J-80_1/temp/testcases/logback-core-1.2.3_instrumented.jar:/home/kex/results_kex_120/TA4J-80_1/temp/testcases/poi-5.2.2_instrumented.jar:/home/kex/results_kex_120/TA4J-80_1/temp/testcases/commons-codec-1.15_instrumented.jar:/home/kex/results_kex_120/TA4J-80_1/temp/testcases/commons-collections4-4.4_instrumented.jar:/home/kex/results_kex_120/TA4J-80_1/temp/testcases/slf4j-api-1.7.25_instrumented.jar:/usr/local/bin/lib/hamcrest-core.jar:/usr/local/bin/lib/junit.jar:/home/kex/results_kex_120/TA4J-80_1/temp/testcases/bin
Running the tests: [SBSTDummyForCoverageAndMutationCalculation, org.ta4j.core.criteria.EqualityUtils, org.ta4j.core.criteria.NumberOfConsecutivePositionsCriterion_betterThan_5105473760, org.ta4j.core.criteria.NumberOfConsecutivePositionsCriterion_betterThan_5105473761, org.ta4j.core.criteria.NumberOfConsecutivePositionsCriterion_calculate_13346717230, org.ta4j.core.criteria.NumberOfConsecutivePositionsCriterion_calculate_13346717231, org.ta4j.core.criteria.NumberOfConsecutivePositionsCriterion_calculate_14615767580, org.ta4j.core.criteria.NumberOfConsecutivePositionsCriterion_calculate_14615767581, org.ta4j.core.criteria.NumberOfConsecutivePositionsCriterion_init_3376390320, org.ta4j.core.criteria.NumberOfConsecutivePositionsCriterion_init_3376390321, org.ta4j.core.criteria.NumberOfConsecutivePositionsCriterion_isConsecutive_17461543770, org.ta4j.core.criteria.NumberOfConsecutivePositionsCriterion_isConsecutive_17461543771, org.ta4j.core.criteria.ReflectionUtils]
Executions terminated
Number of file with coverage information = 267
Extracted coverage data for the class org/ta4j/core/criteria/NumberOfConsecutivePositionsCriterion
Number of file with coverage information = 45
Number of file with coverage information = 201
Number of file with coverage information = 175
Number of file with coverage information = 1301
Number of file with coverage information = 15
Number of file with coverage information = 348
Number of file with coverage information = 373
Number of file with coverage information = 1652
Number of file with coverage information = 106
Number of file with coverage information = 524
Number of file with coverage information = 34

=== Run PIT ===
Matching Jacoco with PIT: find covered mutations
Executing Mutation Analysis using 16 mutants 
Evaluating mutant -1912925509 using tests: [org.ta4j.core.criteria.EqualityUtils, org.ta4j.core.criteria.NumberOfConsecutivePositionsCriterion_betterThan_5105473760, org.ta4j.core.criteria.NumberOfConsecutivePositionsCriterion_betterThan_5105473761, org.ta4j.core.criteria.NumberOfConsecutivePositionsCriterion_calculate_13346717230, org.ta4j.core.criteria.NumberOfConsecutivePositionsCriterion_calculate_13346717231, org.ta4j.core.criteria.NumberOfConsecutivePositionsCriterion_calculate_14615767580, org.ta4j.core.criteria.NumberOfConsecutivePositionsCriterion_calculate_14615767581, org.ta4j.core.criteria.NumberOfConsecutivePositionsCriterion_init_3376390320, org.ta4j.core.criteria.NumberOfConsecutivePositionsCriterion_init_3376390321, org.ta4j.core.criteria.NumberOfConsecutivePositionsCriterion_isConsecutive_17461543770, org.ta4j.core.criteria.NumberOfConsecutivePositionsCriterion_isConsecutive_17461543771, org.ta4j.core.criteria.ReflectionUtils]

 CP : /usr/local/bin/lib/junit.jar:/usr/local/bin/lib/hamcrest-core.jar:results_kex_120/TA4J-80_1/temp/testcases/mutated_code/SUT:/home/kex/results_kex_120/TA4J-80_1/temp/testcases/bin:results_kex_120/TA4J-80_1/temp/testcases/mutated_code/CUT0

Failed test initializationError(org.ta4j.core.criteria.EqualityUtils)
	 flaky test, ignore !
Failed test test(org.ta4j.core.criteria.NumberOfConsecutivePositionsCriterion_betterThan_5105473760)
	 flaky test, ignore !
Failed test test(org.ta4j.core.criteria.NumberOfConsecutivePositionsCriterion_betterThan_5105473761)
	 flaky test, ignore !
Failed test test(org.ta4j.core.criteria.NumberOfConsecutivePositionsCriterion_calculate_13346717230)
	 flaky test, ignore !
Failed test test(org.ta4j.core.criteria.NumberOfConsecutivePositionsCriterion_calculate_13346717231)
	 flaky test, ignore !
Failed test test(org.ta4j.core.criteria.NumberOfConsecutivePositionsCriterion_calculate_14615767580)
	 flaky test, ignore !
Failed test test(org.ta4j.core.criteria.NumberOfConsecutivePositionsCriterion_calculate_14615767581)
	 flaky test, ignore !
Failed test test(org.ta4j.core.criteria.NumberOfConsecutivePositionsCriterion_init_3376390320)
	 actual test, will stop test execution !
TestExec4MutationTask: Mutant MutationIdentifier [location=Location [clazz=org.ta4j.core.criteria.NumberOfConsecutivePositionsCriterion, method=betterThan, methodDesc=(Lorg/ta4j/core/num/Num;Lorg/ta4j/core/num/Num;)Z], indexes=[21], mutator=org.pitest.mutationtest.engine.gregor.mutators.ReturnValsMutator] killed by test (org.ta4j.core.criteria.NumberOfConsecutivePositionsCriterion_init_3376390320),test)
Evaluating mutant 51821654 using tests: [org.ta4j.core.criteria.EqualityUtils, org.ta4j.core.criteria.NumberOfConsecutivePositionsCriterion_betterThan_5105473760, org.ta4j.core.criteria.NumberOfConsecutivePositionsCriterion_betterThan_5105473761, org.ta4j.core.criteria.NumberOfConsecutivePositionsCriterion_calculate_13346717230, org.ta4j.core.criteria.NumberOfConsecutivePositionsCriterion_calculate_13346717231, org.ta4j.core.criteria.NumberOfConsecutivePositionsCriterion_calculate_14615767580, org.ta4j.core.criteria.NumberOfConsecutivePositionsCriterion_calculate_14615767581, org.ta4j.core.criteria.NumberOfConsecutivePositionsCriterion_init_3376390320, org.ta4j.core.criteria.NumberOfConsecutivePositionsCriterion_init_3376390321, org.ta4j.core.criteria.NumberOfConsecutivePositionsCriterion_isConsecutive_17461543770, org.ta4j.core.criteria.NumberOfConsecutivePositionsCriterion_isConsecutive_17461543771, org.ta4j.core.criteria.ReflectionUtils]

 CP : /usr/local/bin/lib/junit.jar:/usr/local/bin/lib/hamcrest-core.jar:results_kex_120/TA4J-80_1/temp/testcases/mutated_code/SUT:/home/kex/results_kex_120/TA4J-80_1/temp/testcases/bin:results_kex_120/TA4J-80_1/temp/testcases/mutated_code/CUT1

Failed test initializationError(org.ta4j.core.criteria.EqualityUtils)
	 flaky test, ignore !
Failed test test(org.ta4j.core.criteria.NumberOfConsecutivePositionsCriterion_betterThan_5105473760)
	 flaky test, ignore !
Failed test test(org.ta4j.core.criteria.NumberOfConsecutivePositionsCriterion_betterThan_5105473761)
	 flaky test, ignore !
Failed test test(org.ta4j.core.criteria.NumberOfConsecutivePositionsCriterion_calculate_13346717230)
	 flaky test, ignore !
Failed test test(org.ta4j.core.criteria.NumberOfConsecutivePositionsCriterion_calculate_13346717231)
	 flaky test, ignore !
Failed test test(org.ta4j.core.criteria.NumberOfConsecutivePositionsCriterion_calculate_14615767580)
	 flaky test, ignore !
Failed test test(org.ta4j.core.criteria.NumberOfConsecutivePositionsCriterion_calculate_14615767581)
	 flaky test, ignore !
Failed test test(org.ta4j.core.criteria.NumberOfConsecutivePositionsCriterion_init_3376390320)
	 actual test, will stop test execution !
TestExec4MutationTask: Mutant MutationIdentifier [location=Location [clazz=org.ta4j.core.criteria.NumberOfConsecutivePositionsCriterion, method=isConsecutive, methodDesc=(Lorg/ta4j/core/Position;)Z], indexes=[5], mutator=org.pitest.mutationtest.engine.gregor.mutators.NegateConditionalsMutator] killed by test (org.ta4j.core.criteria.NumberOfConsecutivePositionsCriterion_init_3376390320),test)
Evaluating mutant -609231169 using tests: [org.ta4j.core.criteria.EqualityUtils, org.ta4j.core.criteria.NumberOfConsecutivePositionsCriterion_betterThan_5105473760, org.ta4j.core.criteria.NumberOfConsecutivePositionsCriterion_betterThan_5105473761, org.ta4j.core.criteria.NumberOfConsecutivePositionsCriterion_calculate_13346717230, org.ta4j.core.criteria.NumberOfConsecutivePositionsCriterion_calculate_13346717231, org.ta4j.core.criteria.NumberOfConsecutivePositionsCriterion_calculate_14615767580, org.ta4j.core.criteria.NumberOfConsecutivePositionsCriterion_calculate_14615767581, org.ta4j.core.criteria.NumberOfConsecutivePositionsCriterion_init_3376390320, org.ta4j.core.criteria.NumberOfConsecutivePositionsCriterion_init_3376390321, org.ta4j.core.criteria.NumberOfConsecutivePositionsCriterion_isConsecutive_17461543770, org.ta4j.core.criteria.NumberOfConsecutivePositionsCriterion_isConsecutive_17461543771, org.ta4j.core.criteria.ReflectionUtils]

 CP : /usr/local/bin/lib/junit.jar:/usr/local/bin/lib/hamcrest-core.jar:results_kex_120/TA4J-80_1/temp/testcases/mutated_code/SUT:/home/kex/results_kex_120/TA4J-80_1/temp/testcases/bin:results_kex_120/TA4J-80_1/temp/testcases/mutated_code/CUT2

Failed test initializationError(org.ta4j.core.criteria.EqualityUtils)
	 flaky test, ignore !
Failed test test(org.ta4j.core.criteria.NumberOfConsecutivePositionsCriterion_betterThan_5105473760)
	 flaky test, ignore !
Failed test test(org.ta4j.core.criteria.NumberOfConsecutivePositionsCriterion_betterThan_5105473761)
	 flaky test, ignore !
Failed test test(org.ta4j.core.criteria.NumberOfConsecutivePositionsCriterion_calculate_13346717230)
	 flaky test, ignore !
Failed test test(org.ta4j.core.criteria.NumberOfConsecutivePositionsCriterion_calculate_13346717231)
	 flaky test, ignore !
Failed test test(org.ta4j.core.criteria.NumberOfConsecutivePositionsCriterion_calculate_14615767580)
	 flaky test, ignore !
Failed test test(org.ta4j.core.criteria.NumberOfConsecutivePositionsCriterion_calculate_14615767581)
	 flaky test, ignore !
Failed test test(org.ta4j.core.criteria.NumberOfConsecutivePositionsCriterion_init_3376390320)
	 actual test, will stop test execution !
TestExec4MutationTask: Mutant MutationIdentifier [location=Location [clazz=org.ta4j.core.criteria.NumberOfConsecutivePositionsCriterion, method=betterThan, methodDesc=(Lorg/ta4j/core/num/Num;Lorg/ta4j/core/num/Num;)Z], indexes=[6], mutator=org.pitest.mutationtest.engine.gregor.mutators.NegateConditionalsMutator] killed by test (org.ta4j.core.criteria.NumberOfConsecutivePositionsCriterion_init_3376390320),test)
mutationResult.getState() KILLED
* Killed mutant MutationDetails [id=MutationIdentifier [location=Location [clazz=org.ta4j.core.criteria.NumberOfConsecutivePositionsCriterion, method=betterThan, methodDesc=(Lorg/ta4j/core/num/Num;Lorg/ta4j/core/num/Num;)Z], indexes=[21], mutator=org.pitest.mutationtest.engine.gregor.mutators.ReturnValsMutator], filename=NumberOfConsecutivePositionsCriterion.java, block=13, lineNumber=85, description=replaced return of integer sized value with (x == 0 ? 1 : 0), testsInOrder=[]]
mutationResult.getState() KILLED
* Killed mutant MutationDetails [id=MutationIdentifier [location=Location [clazz=org.ta4j.core.criteria.NumberOfConsecutivePositionsCriterion, method=isConsecutive, methodDesc=(Lorg/ta4j/core/Position;)Z], indexes=[5], mutator=org.pitest.mutationtest.engine.gregor.mutators.NegateConditionalsMutator], filename=NumberOfConsecutivePositionsCriterion.java, block=14, lineNumber=90, description=negated conditional, testsInOrder=[]]
mutationResult.getState() KILLED
* Killed mutant MutationDetails [id=MutationIdentifier [location=Location [clazz=org.ta4j.core.criteria.NumberOfConsecutivePositionsCriterion, method=betterThan, methodDesc=(Lorg/ta4j/core/num/Num;Lorg/ta4j/core/num/Num;)Z], indexes=[6], mutator=org.pitest.mutationtest.engine.gregor.mutators.NegateConditionalsMutator], filename=NumberOfConsecutivePositionsCriterion.java, block=11, lineNumber=85, description=negated conditional, testsInOrder=[]]

>>> RESULTS:
	Tool name: kex
	Benchmark: TA4J-80
	Class Under Test: org.ta4j.core.criteria.NumberOfConsecutivePositionsCriterion
	Run number: 1
	Tool preparation time (ms): 8394
	Tool test cases generation time (ms): 160032
	Test cases execution time (ms): 200
	Test case number: 10
	Uncompilable Test Classes: 0
	Broken tests number: 10
	Failing tests number: 0
	Lines total: 22
	Lines covered: 7
	Lines coverage ratio (%): 31.818182
	Conditions total: 16
	Conditions covered: 2
	Conditions coverage ratio (%): 12.5
	Mutants total: 16
	Mutants covered: 3
	Mutants coverage ratio (%): 18.75
	Mutants killed: 3
	Mutants killed ratio (%): 18.75
	Mutants alive: 13


Class org.ta4j.core.criteria.NumberOfConsecutivePositionsCriterion ended.
Stopping process...
Tool subprocess is an instance of java.lang.UNIXProcess
Tool subprocess Id is 154123
Killing master process 154123
Executing command kill -9 154123
Execution of command kill -9 154123 finished.
Process was destroyed
