
>>> TOOL NAME:  kex

>>> BENCHMARK:  SPATIAL4J-52

>>> RUN NUMBER: 1

>>> MODE: --only-compute-metrics
Creating directory ./temp
Creating directory ./temp/data
Creating directory ./temp/testcases
Executing /home/kex/./runtool
>> BENCHMARK
>> /var/benchmarks/projects/spatial4j/src/main/java
>> /var/benchmarks/projects/spatial4j/target/classes
>> 11
>> /var/benchmarks/projects/spatial4j/target/spatial4j-0.9-SNAPSHOT.jar
>> /var/benchmarks/projects/spatial4j/target/dependency/randomizedtesting-runner-2.5.3.jar
>> /var/benchmarks/projects/spatial4j/target/dependency/slf4j-simple-1.7.25.jar
>> /var/benchmarks/projects/spatial4j/target/dependency/hamcrest-core-1.3.jar
>> /var/benchmarks/projects/spatial4j/target/dependency/jackson-core-2.13.4.jar
>> /var/benchmarks/projects/spatial4j/target/dependency/jackson-databind-2.13.4.2.jar
>> /var/benchmarks/projects/spatial4j/target/dependency/noggit-0.8.jar
>> /var/benchmarks/projects/spatial4j/target/dependency/jts-core-1.18.1.jar
>> /var/benchmarks/projects/spatial4j/target/dependency/junit-4.13.1.jar
>> /var/benchmarks/projects/spatial4j/target/dependency/jackson-annotations-2.13.4.jar
>> /var/benchmarks/projects/spatial4j/target/dependency/slf4j-api-1.7.25.jar
>> 0
expecting CLASSPATH or READY
<< READY
>> 120


### COMPUTING METRICS ###: org.locationtech.spatial4j.io.PolyshapeReader


Starting class org.locationtech.spatial4j.io.PolyshapeReader


Ending class org.locationtech.spatial4j.io.PolyshapeReader
Creating directory results_kex_120/SPATIAL4J-52_1/temp/testcases/bin
Creating dummy JUnit test file

---Compilation---

===
javac command line:
/usr/bin/javac -sourcepath /home/kex/results_kex_120/SPATIAL4J-52_1/temp/testcases -cp /var/benchmarks/projects/spatial4j/target/spatial4j-0.9-SNAPSHOT.jar:/var/benchmarks/projects/spatial4j/target/dependency/randomizedtesting-runner-2.5.3.jar:/var/benchmarks/projects/spatial4j/target/dependency/slf4j-simple-1.7.25.jar:/var/benchmarks/projects/spatial4j/target/dependency/hamcrest-core-1.3.jar:/var/benchmarks/projects/spatial4j/target/dependency/jackson-core-2.13.4.jar:/var/benchmarks/projects/spatial4j/target/dependency/jackson-databind-2.13.4.2.jar:/var/benchmarks/projects/spatial4j/target/dependency/noggit-0.8.jar:/var/benchmarks/projects/spatial4j/target/dependency/jts-core-1.18.1.jar:/var/benchmarks/projects/spatial4j/target/dependency/junit-4.13.1.jar:/var/benchmarks/projects/spatial4j/target/dependency/jackson-annotations-2.13.4.jar:/var/benchmarks/projects/spatial4j/target/dependency/slf4j-api-1.7.25.jar:/usr/local/bin/lib/junit.jar:/usr/local/bin/lib/hamcrest-core.jar -d results_kex_120/SPATIAL4J-52_1/temp/testcases/bin /home/kex/results_kex_120/SPATIAL4J-52_1/temp/testcases/SBSTDummyForCoverageAndMutationCalculation.java


===
javac command line:
/usr/bin/javac -sourcepath /home/kex/results_kex_120/SPATIAL4J-52_1/temp/testcases -cp /var/benchmarks/projects/spatial4j/target/spatial4j-0.9-SNAPSHOT.jar:/var/benchmarks/projects/spatial4j/target/dependency/randomizedtesting-runner-2.5.3.jar:/var/benchmarks/projects/spatial4j/target/dependency/slf4j-simple-1.7.25.jar:/var/benchmarks/projects/spatial4j/target/dependency/hamcrest-core-1.3.jar:/var/benchmarks/projects/spatial4j/target/dependency/jackson-core-2.13.4.jar:/var/benchmarks/projects/spatial4j/target/dependency/jackson-databind-2.13.4.2.jar:/var/benchmarks/projects/spatial4j/target/dependency/noggit-0.8.jar:/var/benchmarks/projects/spatial4j/target/dependency/jts-core-1.18.1.jar:/var/benchmarks/projects/spatial4j/target/dependency/junit-4.13.1.jar:/var/benchmarks/projects/spatial4j/target/dependency/jackson-annotations-2.13.4.jar:/var/benchmarks/projects/spatial4j/target/dependency/slf4j-api-1.7.25.jar:/usr/local/bin/lib/junit.jar:/usr/local/bin/lib/hamcrest-core.jar -d results_kex_120/SPATIAL4J-52_1/temp/testcases/bin /home/kex/results_kex_120/SPATIAL4J-52_1/temp/testcases/org/locationtech/spatial4j/io/EqualityUtils.java

Compiled 'org/locationtech/spatial4j/io/EqualityUtils.java'

===
javac command line:
/usr/bin/javac -sourcepath /home/kex/results_kex_120/SPATIAL4J-52_1/temp/testcases -cp /var/benchmarks/projects/spatial4j/target/spatial4j-0.9-SNAPSHOT.jar:/var/benchmarks/projects/spatial4j/target/dependency/randomizedtesting-runner-2.5.3.jar:/var/benchmarks/projects/spatial4j/target/dependency/slf4j-simple-1.7.25.jar:/var/benchmarks/projects/spatial4j/target/dependency/hamcrest-core-1.3.jar:/var/benchmarks/projects/spatial4j/target/dependency/jackson-core-2.13.4.jar:/var/benchmarks/projects/spatial4j/target/dependency/jackson-databind-2.13.4.2.jar:/var/benchmarks/projects/spatial4j/target/dependency/noggit-0.8.jar:/var/benchmarks/projects/spatial4j/target/dependency/jts-core-1.18.1.jar:/var/benchmarks/projects/spatial4j/target/dependency/junit-4.13.1.jar:/var/benchmarks/projects/spatial4j/target/dependency/jackson-annotations-2.13.4.jar:/var/benchmarks/projects/spatial4j/target/dependency/slf4j-api-1.7.25.jar:/usr/local/bin/lib/junit.jar:/usr/local/bin/lib/hamcrest-core.jar -d results_kex_120/SPATIAL4J-52_1/temp/testcases/bin /home/kex/results_kex_120/SPATIAL4J-52_1/temp/testcases/org/locationtech/spatial4j/io/PolyshapeReader_getFormatName_6997097930.java

/home/kex/results_kex_120/SPATIAL4J-52_1/temp/testcases/org/locationtech/spatial4j/io/ReflectionUtils.java:9: warning: Unsafe is internal proprietary API and may be removed in a future release
import sun.misc.Unsafe;
               ^
/home/kex/results_kex_120/SPATIAL4J-52_1/temp/testcases/org/locationtech/spatial4j/io/ReflectionUtils.java:13: warning: Unsafe is internal proprietary API and may be removed in a future release
    public static final Unsafe UNSAFE;
                        ^
/home/kex/results_kex_120/SPATIAL4J-52_1/temp/testcases/org/locationtech/spatial4j/io/ReflectionUtils.java:17: warning: Unsafe is internal proprietary API and may be removed in a future release
            final Field uns = Unsafe.class.getDeclaredField("theUnsafe");
                              ^
/home/kex/results_kex_120/SPATIAL4J-52_1/temp/testcases/org/locationtech/spatial4j/io/ReflectionUtils.java:19: warning: Unsafe is internal proprietary API and may be removed in a future release
            UNSAFE = (Unsafe) uns.get(null);
                      ^
4 warnings
Compiled 'org/locationtech/spatial4j/io/PolyshapeReader_getFormatName_6997097930.java'

===
javac command line:
/usr/bin/javac -sourcepath /home/kex/results_kex_120/SPATIAL4J-52_1/temp/testcases -cp /var/benchmarks/projects/spatial4j/target/spatial4j-0.9-SNAPSHOT.jar:/var/benchmarks/projects/spatial4j/target/dependency/randomizedtesting-runner-2.5.3.jar:/var/benchmarks/projects/spatial4j/target/dependency/slf4j-simple-1.7.25.jar:/var/benchmarks/projects/spatial4j/target/dependency/hamcrest-core-1.3.jar:/var/benchmarks/projects/spatial4j/target/dependency/jackson-core-2.13.4.jar:/var/benchmarks/projects/spatial4j/target/dependency/jackson-databind-2.13.4.2.jar:/var/benchmarks/projects/spatial4j/target/dependency/noggit-0.8.jar:/var/benchmarks/projects/spatial4j/target/dependency/jts-core-1.18.1.jar:/var/benchmarks/projects/spatial4j/target/dependency/junit-4.13.1.jar:/var/benchmarks/projects/spatial4j/target/dependency/jackson-annotations-2.13.4.jar:/var/benchmarks/projects/spatial4j/target/dependency/slf4j-api-1.7.25.jar:/usr/local/bin/lib/junit.jar:/usr/local/bin/lib/hamcrest-core.jar -d results_kex_120/SPATIAL4J-52_1/temp/testcases/bin /home/kex/results_kex_120/SPATIAL4J-52_1/temp/testcases/org/locationtech/spatial4j/io/PolyshapeReader_getFormatName_6997097931.java

/home/kex/results_kex_120/SPATIAL4J-52_1/temp/testcases/org/locationtech/spatial4j/io/ReflectionUtils.java:9: warning: Unsafe is internal proprietary API and may be removed in a future release
import sun.misc.Unsafe;
               ^
/home/kex/results_kex_120/SPATIAL4J-52_1/temp/testcases/org/locationtech/spatial4j/io/ReflectionUtils.java:13: warning: Unsafe is internal proprietary API and may be removed in a future release
    public static final Unsafe UNSAFE;
                        ^
/home/kex/results_kex_120/SPATIAL4J-52_1/temp/testcases/org/locationtech/spatial4j/io/ReflectionUtils.java:17: warning: Unsafe is internal proprietary API and may be removed in a future release
            final Field uns = Unsafe.class.getDeclaredField("theUnsafe");
                              ^
/home/kex/results_kex_120/SPATIAL4J-52_1/temp/testcases/org/locationtech/spatial4j/io/ReflectionUtils.java:19: warning: Unsafe is internal proprietary API and may be removed in a future release
            UNSAFE = (Unsafe) uns.get(null);
                      ^
4 warnings
Compiled 'org/locationtech/spatial4j/io/PolyshapeReader_getFormatName_6997097931.java'

===
javac command line:
/usr/bin/javac -sourcepath /home/kex/results_kex_120/SPATIAL4J-52_1/temp/testcases -cp /var/benchmarks/projects/spatial4j/target/spatial4j-0.9-SNAPSHOT.jar:/var/benchmarks/projects/spatial4j/target/dependency/randomizedtesting-runner-2.5.3.jar:/var/benchmarks/projects/spatial4j/target/dependency/slf4j-simple-1.7.25.jar:/var/benchmarks/projects/spatial4j/target/dependency/hamcrest-core-1.3.jar:/var/benchmarks/projects/spatial4j/target/dependency/jackson-core-2.13.4.jar:/var/benchmarks/projects/spatial4j/target/dependency/jackson-databind-2.13.4.2.jar:/var/benchmarks/projects/spatial4j/target/dependency/noggit-0.8.jar:/var/benchmarks/projects/spatial4j/target/dependency/jts-core-1.18.1.jar:/var/benchmarks/projects/spatial4j/target/dependency/junit-4.13.1.jar:/var/benchmarks/projects/spatial4j/target/dependency/jackson-annotations-2.13.4.jar:/var/benchmarks/projects/spatial4j/target/dependency/slf4j-api-1.7.25.jar:/usr/local/bin/lib/junit.jar:/usr/local/bin/lib/hamcrest-core.jar -d results_kex_120/SPATIAL4J-52_1/temp/testcases/bin /home/kex/results_kex_120/SPATIAL4J-52_1/temp/testcases/org/locationtech/spatial4j/io/PolyshapeReader_init_5273912480.java

/home/kex/results_kex_120/SPATIAL4J-52_1/temp/testcases/org/locationtech/spatial4j/io/ReflectionUtils.java:9: warning: Unsafe is internal proprietary API and may be removed in a future release
import sun.misc.Unsafe;
               ^
/home/kex/results_kex_120/SPATIAL4J-52_1/temp/testcases/org/locationtech/spatial4j/io/ReflectionUtils.java:13: warning: Unsafe is internal proprietary API and may be removed in a future release
    public static final Unsafe UNSAFE;
                        ^
/home/kex/results_kex_120/SPATIAL4J-52_1/temp/testcases/org/locationtech/spatial4j/io/ReflectionUtils.java:17: warning: Unsafe is internal proprietary API and may be removed in a future release
            final Field uns = Unsafe.class.getDeclaredField("theUnsafe");
                              ^
/home/kex/results_kex_120/SPATIAL4J-52_1/temp/testcases/org/locationtech/spatial4j/io/ReflectionUtils.java:19: warning: Unsafe is internal proprietary API and may be removed in a future release
            UNSAFE = (Unsafe) uns.get(null);
                      ^
4 warnings
Compiled 'org/locationtech/spatial4j/io/PolyshapeReader_init_5273912480.java'

===
javac command line:
/usr/bin/javac -sourcepath /home/kex/results_kex_120/SPATIAL4J-52_1/temp/testcases -cp /var/benchmarks/projects/spatial4j/target/spatial4j-0.9-SNAPSHOT.jar:/var/benchmarks/projects/spatial4j/target/dependency/randomizedtesting-runner-2.5.3.jar:/var/benchmarks/projects/spatial4j/target/dependency/slf4j-simple-1.7.25.jar:/var/benchmarks/projects/spatial4j/target/dependency/hamcrest-core-1.3.jar:/var/benchmarks/projects/spatial4j/target/dependency/jackson-core-2.13.4.jar:/var/benchmarks/projects/spatial4j/target/dependency/jackson-databind-2.13.4.2.jar:/var/benchmarks/projects/spatial4j/target/dependency/noggit-0.8.jar:/var/benchmarks/projects/spatial4j/target/dependency/jts-core-1.18.1.jar:/var/benchmarks/projects/spatial4j/target/dependency/junit-4.13.1.jar:/var/benchmarks/projects/spatial4j/target/dependency/jackson-annotations-2.13.4.jar:/var/benchmarks/projects/spatial4j/target/dependency/slf4j-api-1.7.25.jar:/usr/local/bin/lib/junit.jar:/usr/local/bin/lib/hamcrest-core.jar -d results_kex_120/SPATIAL4J-52_1/temp/testcases/bin /home/kex/results_kex_120/SPATIAL4J-52_1/temp/testcases/org/locationtech/spatial4j/io/PolyshapeReader_init_5273912481.java

/home/kex/results_kex_120/SPATIAL4J-52_1/temp/testcases/org/locationtech/spatial4j/io/ReflectionUtils.java:9: warning: Unsafe is internal proprietary API and may be removed in a future release
import sun.misc.Unsafe;
               ^
/home/kex/results_kex_120/SPATIAL4J-52_1/temp/testcases/org/locationtech/spatial4j/io/ReflectionUtils.java:13: warning: Unsafe is internal proprietary API and may be removed in a future release
    public static final Unsafe UNSAFE;
                        ^
/home/kex/results_kex_120/SPATIAL4J-52_1/temp/testcases/org/locationtech/spatial4j/io/ReflectionUtils.java:17: warning: Unsafe is internal proprietary API and may be removed in a future release
            final Field uns = Unsafe.class.getDeclaredField("theUnsafe");
                              ^
/home/kex/results_kex_120/SPATIAL4J-52_1/temp/testcases/org/locationtech/spatial4j/io/ReflectionUtils.java:19: warning: Unsafe is internal proprietary API and may be removed in a future release
            UNSAFE = (Unsafe) uns.get(null);
                      ^
4 warnings
Compiled 'org/locationtech/spatial4j/io/PolyshapeReader_init_5273912481.java'

===
javac command line:
/usr/bin/javac -sourcepath /home/kex/results_kex_120/SPATIAL4J-52_1/temp/testcases -cp /var/benchmarks/projects/spatial4j/target/spatial4j-0.9-SNAPSHOT.jar:/var/benchmarks/projects/spatial4j/target/dependency/randomizedtesting-runner-2.5.3.jar:/var/benchmarks/projects/spatial4j/target/dependency/slf4j-simple-1.7.25.jar:/var/benchmarks/projects/spatial4j/target/dependency/hamcrest-core-1.3.jar:/var/benchmarks/projects/spatial4j/target/dependency/jackson-core-2.13.4.jar:/var/benchmarks/projects/spatial4j/target/dependency/jackson-databind-2.13.4.2.jar:/var/benchmarks/projects/spatial4j/target/dependency/noggit-0.8.jar:/var/benchmarks/projects/spatial4j/target/dependency/jts-core-1.18.1.jar:/var/benchmarks/projects/spatial4j/target/dependency/junit-4.13.1.jar:/var/benchmarks/projects/spatial4j/target/dependency/jackson-annotations-2.13.4.jar:/var/benchmarks/projects/spatial4j/target/dependency/slf4j-api-1.7.25.jar:/usr/local/bin/lib/junit.jar:/usr/local/bin/lib/hamcrest-core.jar -d results_kex_120/SPATIAL4J-52_1/temp/testcases/bin /home/kex/results_kex_120/SPATIAL4J-52_1/temp/testcases/org/locationtech/spatial4j/io/PolyshapeReader_readIfSupported_15791840490.java

/home/kex/results_kex_120/SPATIAL4J-52_1/temp/testcases/org/locationtech/spatial4j/io/ReflectionUtils.java:9: warning: Unsafe is internal proprietary API and may be removed in a future release
import sun.misc.Unsafe;
               ^
/home/kex/results_kex_120/SPATIAL4J-52_1/temp/testcases/org/locationtech/spatial4j/io/ReflectionUtils.java:13: warning: Unsafe is internal proprietary API and may be removed in a future release
    public static final Unsafe UNSAFE;
                        ^
/home/kex/results_kex_120/SPATIAL4J-52_1/temp/testcases/org/locationtech/spatial4j/io/ReflectionUtils.java:17: warning: Unsafe is internal proprietary API and may be removed in a future release
            final Field uns = Unsafe.class.getDeclaredField("theUnsafe");
                              ^
/home/kex/results_kex_120/SPATIAL4J-52_1/temp/testcases/org/locationtech/spatial4j/io/ReflectionUtils.java:19: warning: Unsafe is internal proprietary API and may be removed in a future release
            UNSAFE = (Unsafe) uns.get(null);
                      ^
4 warnings
Compiled 'org/locationtech/spatial4j/io/PolyshapeReader_readIfSupported_15791840490.java'

===
javac command line:
/usr/bin/javac -sourcepath /home/kex/results_kex_120/SPATIAL4J-52_1/temp/testcases -cp /var/benchmarks/projects/spatial4j/target/spatial4j-0.9-SNAPSHOT.jar:/var/benchmarks/projects/spatial4j/target/dependency/randomizedtesting-runner-2.5.3.jar:/var/benchmarks/projects/spatial4j/target/dependency/slf4j-simple-1.7.25.jar:/var/benchmarks/projects/spatial4j/target/dependency/hamcrest-core-1.3.jar:/var/benchmarks/projects/spatial4j/target/dependency/jackson-core-2.13.4.jar:/var/benchmarks/projects/spatial4j/target/dependency/jackson-databind-2.13.4.2.jar:/var/benchmarks/projects/spatial4j/target/dependency/noggit-0.8.jar:/var/benchmarks/projects/spatial4j/target/dependency/jts-core-1.18.1.jar:/var/benchmarks/projects/spatial4j/target/dependency/junit-4.13.1.jar:/var/benchmarks/projects/spatial4j/target/dependency/jackson-annotations-2.13.4.jar:/var/benchmarks/projects/spatial4j/target/dependency/slf4j-api-1.7.25.jar:/usr/local/bin/lib/junit.jar:/usr/local/bin/lib/hamcrest-core.jar -d results_kex_120/SPATIAL4J-52_1/temp/testcases/bin /home/kex/results_kex_120/SPATIAL4J-52_1/temp/testcases/org/locationtech/spatial4j/io/PolyshapeReader_readIfSupported_15791840491.java

/home/kex/results_kex_120/SPATIAL4J-52_1/temp/testcases/org/locationtech/spatial4j/io/ReflectionUtils.java:9: warning: Unsafe is internal proprietary API and may be removed in a future release
import sun.misc.Unsafe;
               ^
/home/kex/results_kex_120/SPATIAL4J-52_1/temp/testcases/org/locationtech/spatial4j/io/ReflectionUtils.java:13: warning: Unsafe is internal proprietary API and may be removed in a future release
    public static final Unsafe UNSAFE;
                        ^
/home/kex/results_kex_120/SPATIAL4J-52_1/temp/testcases/org/locationtech/spatial4j/io/ReflectionUtils.java:17: warning: Unsafe is internal proprietary API and may be removed in a future release
            final Field uns = Unsafe.class.getDeclaredField("theUnsafe");
                              ^
/home/kex/results_kex_120/SPATIAL4J-52_1/temp/testcases/org/locationtech/spatial4j/io/ReflectionUtils.java:19: warning: Unsafe is internal proprietary API and may be removed in a future release
            UNSAFE = (Unsafe) uns.get(null);
                      ^
4 warnings
Compiled 'org/locationtech/spatial4j/io/PolyshapeReader_readIfSupported_15791840491.java'

===
javac command line:
/usr/bin/javac -sourcepath /home/kex/results_kex_120/SPATIAL4J-52_1/temp/testcases -cp /var/benchmarks/projects/spatial4j/target/spatial4j-0.9-SNAPSHOT.jar:/var/benchmarks/projects/spatial4j/target/dependency/randomizedtesting-runner-2.5.3.jar:/var/benchmarks/projects/spatial4j/target/dependency/slf4j-simple-1.7.25.jar:/var/benchmarks/projects/spatial4j/target/dependency/hamcrest-core-1.3.jar:/var/benchmarks/projects/spatial4j/target/dependency/jackson-core-2.13.4.jar:/var/benchmarks/projects/spatial4j/target/dependency/jackson-databind-2.13.4.2.jar:/var/benchmarks/projects/spatial4j/target/dependency/noggit-0.8.jar:/var/benchmarks/projects/spatial4j/target/dependency/jts-core-1.18.1.jar:/var/benchmarks/projects/spatial4j/target/dependency/junit-4.13.1.jar:/var/benchmarks/projects/spatial4j/target/dependency/jackson-annotations-2.13.4.jar:/var/benchmarks/projects/spatial4j/target/dependency/slf4j-api-1.7.25.jar:/usr/local/bin/lib/junit.jar:/usr/local/bin/lib/hamcrest-core.jar -d results_kex_120/SPATIAL4J-52_1/temp/testcases/bin /home/kex/results_kex_120/SPATIAL4J-52_1/temp/testcases/org/locationtech/spatial4j/io/PolyshapeReader_readPolygon_15631337210.java

/home/kex/results_kex_120/SPATIAL4J-52_1/temp/testcases/org/locationtech/spatial4j/io/ReflectionUtils.java:9: warning: Unsafe is internal proprietary API and may be removed in a future release
import sun.misc.Unsafe;
               ^
/home/kex/results_kex_120/SPATIAL4J-52_1/temp/testcases/org/locationtech/spatial4j/io/ReflectionUtils.java:13: warning: Unsafe is internal proprietary API and may be removed in a future release
    public static final Unsafe UNSAFE;
                        ^
/home/kex/results_kex_120/SPATIAL4J-52_1/temp/testcases/org/locationtech/spatial4j/io/ReflectionUtils.java:17: warning: Unsafe is internal proprietary API and may be removed in a future release
            final Field uns = Unsafe.class.getDeclaredField("theUnsafe");
                              ^
/home/kex/results_kex_120/SPATIAL4J-52_1/temp/testcases/org/locationtech/spatial4j/io/ReflectionUtils.java:19: warning: Unsafe is internal proprietary API and may be removed in a future release
            UNSAFE = (Unsafe) uns.get(null);
                      ^
4 warnings
Compiled 'org/locationtech/spatial4j/io/PolyshapeReader_readPolygon_15631337210.java'

===
javac command line:
/usr/bin/javac -sourcepath /home/kex/results_kex_120/SPATIAL4J-52_1/temp/testcases -cp /var/benchmarks/projects/spatial4j/target/spatial4j-0.9-SNAPSHOT.jar:/var/benchmarks/projects/spatial4j/target/dependency/randomizedtesting-runner-2.5.3.jar:/var/benchmarks/projects/spatial4j/target/dependency/slf4j-simple-1.7.25.jar:/var/benchmarks/projects/spatial4j/target/dependency/hamcrest-core-1.3.jar:/var/benchmarks/projects/spatial4j/target/dependency/jackson-core-2.13.4.jar:/var/benchmarks/projects/spatial4j/target/dependency/jackson-databind-2.13.4.2.jar:/var/benchmarks/projects/spatial4j/target/dependency/noggit-0.8.jar:/var/benchmarks/projects/spatial4j/target/dependency/jts-core-1.18.1.jar:/var/benchmarks/projects/spatial4j/target/dependency/junit-4.13.1.jar:/var/benchmarks/projects/spatial4j/target/dependency/jackson-annotations-2.13.4.jar:/var/benchmarks/projects/spatial4j/target/dependency/slf4j-api-1.7.25.jar:/usr/local/bin/lib/junit.jar:/usr/local/bin/lib/hamcrest-core.jar -d results_kex_120/SPATIAL4J-52_1/temp/testcases/bin /home/kex/results_kex_120/SPATIAL4J-52_1/temp/testcases/org/locationtech/spatial4j/io/PolyshapeReader_readPolygon_15631337211.java

/home/kex/results_kex_120/SPATIAL4J-52_1/temp/testcases/org/locationtech/spatial4j/io/ReflectionUtils.java:9: warning: Unsafe is internal proprietary API and may be removed in a future release
import sun.misc.Unsafe;
               ^
/home/kex/results_kex_120/SPATIAL4J-52_1/temp/testcases/org/locationtech/spatial4j/io/ReflectionUtils.java:13: warning: Unsafe is internal proprietary API and may be removed in a future release
    public static final Unsafe UNSAFE;
                        ^
/home/kex/results_kex_120/SPATIAL4J-52_1/temp/testcases/org/locationtech/spatial4j/io/ReflectionUtils.java:17: warning: Unsafe is internal proprietary API and may be removed in a future release
            final Field uns = Unsafe.class.getDeclaredField("theUnsafe");
                              ^
/home/kex/results_kex_120/SPATIAL4J-52_1/temp/testcases/org/locationtech/spatial4j/io/ReflectionUtils.java:19: warning: Unsafe is internal proprietary API and may be removed in a future release
            UNSAFE = (Unsafe) uns.get(null);
                      ^
4 warnings
Compiled 'org/locationtech/spatial4j/io/PolyshapeReader_readPolygon_15631337211.java'

===
javac command line:
/usr/bin/javac -sourcepath /home/kex/results_kex_120/SPATIAL4J-52_1/temp/testcases -cp /var/benchmarks/projects/spatial4j/target/spatial4j-0.9-SNAPSHOT.jar:/var/benchmarks/projects/spatial4j/target/dependency/randomizedtesting-runner-2.5.3.jar:/var/benchmarks/projects/spatial4j/target/dependency/slf4j-simple-1.7.25.jar:/var/benchmarks/projects/spatial4j/target/dependency/hamcrest-core-1.3.jar:/var/benchmarks/projects/spatial4j/target/dependency/jackson-core-2.13.4.jar:/var/benchmarks/projects/spatial4j/target/dependency/jackson-databind-2.13.4.2.jar:/var/benchmarks/projects/spatial4j/target/dependency/noggit-0.8.jar:/var/benchmarks/projects/spatial4j/target/dependency/jts-core-1.18.1.jar:/var/benchmarks/projects/spatial4j/target/dependency/junit-4.13.1.jar:/var/benchmarks/projects/spatial4j/target/dependency/jackson-annotations-2.13.4.jar:/var/benchmarks/projects/spatial4j/target/dependency/slf4j-api-1.7.25.jar:/usr/local/bin/lib/junit.jar:/usr/local/bin/lib/hamcrest-core.jar -d results_kex_120/SPATIAL4J-52_1/temp/testcases/bin /home/kex/results_kex_120/SPATIAL4J-52_1/temp/testcases/org/locationtech/spatial4j/io/PolyshapeReader_read_3323632840.java

/home/kex/results_kex_120/SPATIAL4J-52_1/temp/testcases/org/locationtech/spatial4j/io/ReflectionUtils.java:9: warning: Unsafe is internal proprietary API and may be removed in a future release
import sun.misc.Unsafe;
               ^
/home/kex/results_kex_120/SPATIAL4J-52_1/temp/testcases/org/locationtech/spatial4j/io/ReflectionUtils.java:13: warning: Unsafe is internal proprietary API and may be removed in a future release
    public static final Unsafe UNSAFE;
                        ^
/home/kex/results_kex_120/SPATIAL4J-52_1/temp/testcases/org/locationtech/spatial4j/io/ReflectionUtils.java:17: warning: Unsafe is internal proprietary API and may be removed in a future release
            final Field uns = Unsafe.class.getDeclaredField("theUnsafe");
                              ^
/home/kex/results_kex_120/SPATIAL4J-52_1/temp/testcases/org/locationtech/spatial4j/io/ReflectionUtils.java:19: warning: Unsafe is internal proprietary API and may be removed in a future release
            UNSAFE = (Unsafe) uns.get(null);
                      ^
4 warnings
Compiled 'org/locationtech/spatial4j/io/PolyshapeReader_read_3323632840.java'

===
javac command line:
/usr/bin/javac -sourcepath /home/kex/results_kex_120/SPATIAL4J-52_1/temp/testcases -cp /var/benchmarks/projects/spatial4j/target/spatial4j-0.9-SNAPSHOT.jar:/var/benchmarks/projects/spatial4j/target/dependency/randomizedtesting-runner-2.5.3.jar:/var/benchmarks/projects/spatial4j/target/dependency/slf4j-simple-1.7.25.jar:/var/benchmarks/projects/spatial4j/target/dependency/hamcrest-core-1.3.jar:/var/benchmarks/projects/spatial4j/target/dependency/jackson-core-2.13.4.jar:/var/benchmarks/projects/spatial4j/target/dependency/jackson-databind-2.13.4.2.jar:/var/benchmarks/projects/spatial4j/target/dependency/noggit-0.8.jar:/var/benchmarks/projects/spatial4j/target/dependency/jts-core-1.18.1.jar:/var/benchmarks/projects/spatial4j/target/dependency/junit-4.13.1.jar:/var/benchmarks/projects/spatial4j/target/dependency/jackson-annotations-2.13.4.jar:/var/benchmarks/projects/spatial4j/target/dependency/slf4j-api-1.7.25.jar:/usr/local/bin/lib/junit.jar:/usr/local/bin/lib/hamcrest-core.jar -d results_kex_120/SPATIAL4J-52_1/temp/testcases/bin /home/kex/results_kex_120/SPATIAL4J-52_1/temp/testcases/org/locationtech/spatial4j/io/PolyshapeReader_read_3323632841.java

/home/kex/results_kex_120/SPATIAL4J-52_1/temp/testcases/org/locationtech/spatial4j/io/ReflectionUtils.java:9: warning: Unsafe is internal proprietary API and may be removed in a future release
import sun.misc.Unsafe;
               ^
/home/kex/results_kex_120/SPATIAL4J-52_1/temp/testcases/org/locationtech/spatial4j/io/ReflectionUtils.java:13: warning: Unsafe is internal proprietary API and may be removed in a future release
    public static final Unsafe UNSAFE;
                        ^
/home/kex/results_kex_120/SPATIAL4J-52_1/temp/testcases/org/locationtech/spatial4j/io/ReflectionUtils.java:17: warning: Unsafe is internal proprietary API and may be removed in a future release
            final Field uns = Unsafe.class.getDeclaredField("theUnsafe");
                              ^
/home/kex/results_kex_120/SPATIAL4J-52_1/temp/testcases/org/locationtech/spatial4j/io/ReflectionUtils.java:19: warning: Unsafe is internal proprietary API and may be removed in a future release
            UNSAFE = (Unsafe) uns.get(null);
                      ^
4 warnings
Compiled 'org/locationtech/spatial4j/io/PolyshapeReader_read_3323632841.java'

===
javac command line:
/usr/bin/javac -sourcepath /home/kex/results_kex_120/SPATIAL4J-52_1/temp/testcases -cp /var/benchmarks/projects/spatial4j/target/spatial4j-0.9-SNAPSHOT.jar:/var/benchmarks/projects/spatial4j/target/dependency/randomizedtesting-runner-2.5.3.jar:/var/benchmarks/projects/spatial4j/target/dependency/slf4j-simple-1.7.25.jar:/var/benchmarks/projects/spatial4j/target/dependency/hamcrest-core-1.3.jar:/var/benchmarks/projects/spatial4j/target/dependency/jackson-core-2.13.4.jar:/var/benchmarks/projects/spatial4j/target/dependency/jackson-databind-2.13.4.2.jar:/var/benchmarks/projects/spatial4j/target/dependency/noggit-0.8.jar:/var/benchmarks/projects/spatial4j/target/dependency/jts-core-1.18.1.jar:/var/benchmarks/projects/spatial4j/target/dependency/junit-4.13.1.jar:/var/benchmarks/projects/spatial4j/target/dependency/jackson-annotations-2.13.4.jar:/var/benchmarks/projects/spatial4j/target/dependency/slf4j-api-1.7.25.jar:/usr/local/bin/lib/junit.jar:/usr/local/bin/lib/hamcrest-core.jar -d results_kex_120/SPATIAL4J-52_1/temp/testcases/bin /home/kex/results_kex_120/SPATIAL4J-52_1/temp/testcases/org/locationtech/spatial4j/io/PolyshapeReader_read_3416123840.java

/home/kex/results_kex_120/SPATIAL4J-52_1/temp/testcases/org/locationtech/spatial4j/io/ReflectionUtils.java:9: warning: Unsafe is internal proprietary API and may be removed in a future release
import sun.misc.Unsafe;
               ^
/home/kex/results_kex_120/SPATIAL4J-52_1/temp/testcases/org/locationtech/spatial4j/io/ReflectionUtils.java:13: warning: Unsafe is internal proprietary API and may be removed in a future release
    public static final Unsafe UNSAFE;
                        ^
/home/kex/results_kex_120/SPATIAL4J-52_1/temp/testcases/org/locationtech/spatial4j/io/ReflectionUtils.java:17: warning: Unsafe is internal proprietary API and may be removed in a future release
            final Field uns = Unsafe.class.getDeclaredField("theUnsafe");
                              ^
/home/kex/results_kex_120/SPATIAL4J-52_1/temp/testcases/org/locationtech/spatial4j/io/ReflectionUtils.java:19: warning: Unsafe is internal proprietary API and may be removed in a future release
            UNSAFE = (Unsafe) uns.get(null);
                      ^
4 warnings
Compiled 'org/locationtech/spatial4j/io/PolyshapeReader_read_3416123840.java'

===
javac command line:
/usr/bin/javac -sourcepath /home/kex/results_kex_120/SPATIAL4J-52_1/temp/testcases -cp /var/benchmarks/projects/spatial4j/target/spatial4j-0.9-SNAPSHOT.jar:/var/benchmarks/projects/spatial4j/target/dependency/randomizedtesting-runner-2.5.3.jar:/var/benchmarks/projects/spatial4j/target/dependency/slf4j-simple-1.7.25.jar:/var/benchmarks/projects/spatial4j/target/dependency/hamcrest-core-1.3.jar:/var/benchmarks/projects/spatial4j/target/dependency/jackson-core-2.13.4.jar:/var/benchmarks/projects/spatial4j/target/dependency/jackson-databind-2.13.4.2.jar:/var/benchmarks/projects/spatial4j/target/dependency/noggit-0.8.jar:/var/benchmarks/projects/spatial4j/target/dependency/jts-core-1.18.1.jar:/var/benchmarks/projects/spatial4j/target/dependency/junit-4.13.1.jar:/var/benchmarks/projects/spatial4j/target/dependency/jackson-annotations-2.13.4.jar:/var/benchmarks/projects/spatial4j/target/dependency/slf4j-api-1.7.25.jar:/usr/local/bin/lib/junit.jar:/usr/local/bin/lib/hamcrest-core.jar -d results_kex_120/SPATIAL4J-52_1/temp/testcases/bin /home/kex/results_kex_120/SPATIAL4J-52_1/temp/testcases/org/locationtech/spatial4j/io/PolyshapeReader_read_3416123841.java

/home/kex/results_kex_120/SPATIAL4J-52_1/temp/testcases/org/locationtech/spatial4j/io/ReflectionUtils.java:9: warning: Unsafe is internal proprietary API and may be removed in a future release
import sun.misc.Unsafe;
               ^
/home/kex/results_kex_120/SPATIAL4J-52_1/temp/testcases/org/locationtech/spatial4j/io/ReflectionUtils.java:13: warning: Unsafe is internal proprietary API and may be removed in a future release
    public static final Unsafe UNSAFE;
                        ^
/home/kex/results_kex_120/SPATIAL4J-52_1/temp/testcases/org/locationtech/spatial4j/io/ReflectionUtils.java:17: warning: Unsafe is internal proprietary API and may be removed in a future release
            final Field uns = Unsafe.class.getDeclaredField("theUnsafe");
                              ^
/home/kex/results_kex_120/SPATIAL4J-52_1/temp/testcases/org/locationtech/spatial4j/io/ReflectionUtils.java:19: warning: Unsafe is internal proprietary API and may be removed in a future release
            UNSAFE = (Unsafe) uns.get(null);
                      ^
4 warnings
Compiled 'org/locationtech/spatial4j/io/PolyshapeReader_read_3416123841.java'

===
javac command line:
/usr/bin/javac -sourcepath /home/kex/results_kex_120/SPATIAL4J-52_1/temp/testcases -cp /var/benchmarks/projects/spatial4j/target/spatial4j-0.9-SNAPSHOT.jar:/var/benchmarks/projects/spatial4j/target/dependency/randomizedtesting-runner-2.5.3.jar:/var/benchmarks/projects/spatial4j/target/dependency/slf4j-simple-1.7.25.jar:/var/benchmarks/projects/spatial4j/target/dependency/hamcrest-core-1.3.jar:/var/benchmarks/projects/spatial4j/target/dependency/jackson-core-2.13.4.jar:/var/benchmarks/projects/spatial4j/target/dependency/jackson-databind-2.13.4.2.jar:/var/benchmarks/projects/spatial4j/target/dependency/noggit-0.8.jar:/var/benchmarks/projects/spatial4j/target/dependency/jts-core-1.18.1.jar:/var/benchmarks/projects/spatial4j/target/dependency/junit-4.13.1.jar:/var/benchmarks/projects/spatial4j/target/dependency/jackson-annotations-2.13.4.jar:/var/benchmarks/projects/spatial4j/target/dependency/slf4j-api-1.7.25.jar:/usr/local/bin/lib/junit.jar:/usr/local/bin/lib/hamcrest-core.jar -d results_kex_120/SPATIAL4J-52_1/temp/testcases/bin /home/kex/results_kex_120/SPATIAL4J-52_1/temp/testcases/org/locationtech/spatial4j/io/ReflectionUtils.java

/home/kex/results_kex_120/SPATIAL4J-52_1/temp/testcases/org/locationtech/spatial4j/io/ReflectionUtils.java:9: warning: Unsafe is internal proprietary API and may be removed in a future release
import sun.misc.Unsafe;
               ^
/home/kex/results_kex_120/SPATIAL4J-52_1/temp/testcases/org/locationtech/spatial4j/io/ReflectionUtils.java:13: warning: Unsafe is internal proprietary API and may be removed in a future release
    public static final Unsafe UNSAFE;
                        ^
/home/kex/results_kex_120/SPATIAL4J-52_1/temp/testcases/org/locationtech/spatial4j/io/ReflectionUtils.java:17: warning: Unsafe is internal proprietary API and may be removed in a future release
            final Field uns = Unsafe.class.getDeclaredField("theUnsafe");
                              ^
/home/kex/results_kex_120/SPATIAL4J-52_1/temp/testcases/org/locationtech/spatial4j/io/ReflectionUtils.java:19: warning: Unsafe is internal proprietary API and may be removed in a future release
            UNSAFE = (Unsafe) uns.get(null);
                      ^
4 warnings
Compiled 'org/locationtech/spatial4j/io/ReflectionUtils.java'

---Timing Information---
Running tests with the following classpath: 
/var/benchmarks/projects/spatial4j/target/spatial4j-0.9-SNAPSHOT.jar:/var/benchmarks/projects/spatial4j/target/dependency/randomizedtesting-runner-2.5.3.jar:/var/benchmarks/projects/spatial4j/target/dependency/slf4j-simple-1.7.25.jar:/var/benchmarks/projects/spatial4j/target/dependency/hamcrest-core-1.3.jar:/var/benchmarks/projects/spatial4j/target/dependency/jackson-core-2.13.4.jar:/var/benchmarks/projects/spatial4j/target/dependency/jackson-databind-2.13.4.2.jar:/var/benchmarks/projects/spatial4j/target/dependency/noggit-0.8.jar:/var/benchmarks/projects/spatial4j/target/dependency/jts-core-1.18.1.jar:/var/benchmarks/projects/spatial4j/target/dependency/junit-4.13.1.jar:/var/benchmarks/projects/spatial4j/target/dependency/jackson-annotations-2.13.4.jar:/var/benchmarks/projects/spatial4j/target/dependency/slf4j-api-1.7.25.jar:/usr/local/bin/lib/junit.jar:/usr/local/bin/lib/hamcrest-core.jar:/home/kex/results_kex_120/SPATIAL4J-52_1/temp/testcases/bin
Running the tests: [SBSTDummyForCoverageAndMutationCalculation, org.locationtech.spatial4j.io.EqualityUtils, org.locationtech.spatial4j.io.PolyshapeReader_getFormatName_6997097930, org.locationtech.spatial4j.io.PolyshapeReader_getFormatName_6997097931, org.locationtech.spatial4j.io.PolyshapeReader_init_5273912480, org.locationtech.spatial4j.io.PolyshapeReader_init_5273912481, org.locationtech.spatial4j.io.PolyshapeReader_readIfSupported_15791840490, org.locationtech.spatial4j.io.PolyshapeReader_readIfSupported_15791840491, org.locationtech.spatial4j.io.PolyshapeReader_readPolygon_15631337210, org.locationtech.spatial4j.io.PolyshapeReader_readPolygon_15631337211, org.locationtech.spatial4j.io.PolyshapeReader_read_3323632840, org.locationtech.spatial4j.io.PolyshapeReader_read_3323632841, org.locationtech.spatial4j.io.PolyshapeReader_read_3416123840, org.locationtech.spatial4j.io.PolyshapeReader_read_3416123841, org.locationtech.spatial4j.io.ReflectionUtils]
Executions terminated
Failure: [initializationError(org.locationtech.spatial4j.io.EqualityUtils): No runnable methods]
Failing Tests: initializationError(org.locationtech.spatial4j.io.EqualityUtils)
java.lang.Exception: No runnable methods
	at org.junit.runners.BlockJUnit4ClassRunner.validateInstanceMethods(BlockJUnit4ClassRunner.java:169)
	at org.junit.runners.BlockJUnit4ClassRunner.collectInitializationErrors(BlockJUnit4ClassRunner.java:104)
	at org.junit.runners.ParentRunner.validate(ParentRunner.java:355)
	at org.junit.runners.ParentRunner.<init>(ParentRunner.java:76)
	at org.junit.runners.BlockJUnit4ClassRunner.<init>(BlockJUnit4ClassRunner.java:57)
	at org.junit.internal.builders.JUnit4Builder.runnerForClass(JUnit4Builder.java:10)
	at org.junit.runners.model.RunnerBuilder.safeRunnerForClass(RunnerBuilder.java:59)
	at org.junit.internal.builders.AllDefaultPossibilitiesBuilder.runnerForClass(AllDefaultPossibilitiesBuilder.java:26)
	at org.junit.runner.Computer.getRunner(Computer.java:40)
	at org.junit.runner.Computer$1.runnerForClass(Computer.java:31)
	at org.junit.runners.model.RunnerBuilder.safeRunnerForClass(RunnerBuilder.java:59)
	at org.junit.runners.model.RunnerBuilder.runners(RunnerBuilder.java:101)
	at org.junit.runners.model.RunnerBuilder.runners(RunnerBuilder.java:87)
	at org.junit.runners.Suite.<init>(Suite.java:80)
	at org.junit.runner.Computer.getSuite(Computer.java:28)
	at org.junit.runner.Request.classes(Request.java:75)
	at org.junit.runner.JUnitCore.run(JUnitCore.java:117)
	at sbst.benchmark.coverage.TestExecutionTask.call(TestExecutionTask.java:54)
	at sbst.benchmark.coverage.TestExecutionTask.call(TestExecutionTask.java:15)
	at java.util.concurrent.FutureTask.run(FutureTask.java:266)
	at java.util.concurrent.ThreadPoolExecutor.runWorker(ThreadPoolExecutor.java:1149)
	at java.util.concurrent.ThreadPoolExecutor$Worker.run(ThreadPoolExecutor.java:624)
	at java.lang.Thread.run(Thread.java:750)

Failure: [test(org.locationtech.spatial4j.io.PolyshapeReader_init_5273912481): null]
Failing Tests: test(org.locationtech.spatial4j.io.PolyshapeReader_init_5273912481)
java.lang.reflect.InvocationTargetException
	at sun.reflect.NativeConstructorAccessorImpl.newInstance0(Native Method)
	at sun.reflect.NativeConstructorAccessorImpl.newInstance(NativeConstructorAccessorImpl.java:62)
	at sun.reflect.DelegatingConstructorAccessorImpl.newInstance(DelegatingConstructorAccessorImpl.java:45)
	at java.lang.reflect.Constructor.newInstance(Constructor.java:423)
	at org.locationtech.spatial4j.io.ReflectionUtils.callConstructor(ReflectionUtils.java:231)
	at org.locationtech.spatial4j.io.PolyshapeReader_init_5273912481.test(PolyshapeReader_init_5273912481.java:38)
	at sun.reflect.NativeMethodAccessorImpl.invoke0(Native Method)
	at sun.reflect.NativeMethodAccessorImpl.invoke(NativeMethodAccessorImpl.java:62)
	at sun.reflect.DelegatingMethodAccessorImpl.invoke(DelegatingMethodAccessorImpl.java:43)
	at java.lang.reflect.Method.invoke(Method.java:498)
	at org.junit.runners.model.FrameworkMethod$1.runReflectiveCall(FrameworkMethod.java:47)
	at org.junit.internal.runners.model.ReflectiveCallable.run(ReflectiveCallable.java:12)
	at org.junit.runners.model.FrameworkMethod.invokeExplosively(FrameworkMethod.java:44)
	at org.junit.internal.runners.statements.InvokeMethod.evaluate(InvokeMethod.java:17)
	at org.junit.internal.runners.statements.RunBefores.evaluate(RunBefores.java:26)
	at org.junit.runners.ParentRunner.runLeaf(ParentRunner.java:271)
	at org.junit.runners.BlockJUnit4ClassRunner.runChild(BlockJUnit4ClassRunner.java:70)
	at org.junit.runners.BlockJUnit4ClassRunner.runChild(BlockJUnit4ClassRunner.java:50)
	at org.junit.runners.ParentRunner$3.run(ParentRunner.java:238)
	at org.junit.runners.ParentRunner$1.schedule(ParentRunner.java:63)
	at org.junit.runners.ParentRunner.runChildren(ParentRunner.java:236)
	at org.junit.runners.ParentRunner.access$000(ParentRunner.java:53)
	at org.junit.runners.ParentRunner$2.evaluate(ParentRunner.java:229)
	at org.junit.runners.ParentRunner.run(ParentRunner.java:309)
	at org.junit.runners.Suite.runChild(Suite.java:127)
	at org.junit.runners.Suite.runChild(Suite.java:26)
	at org.junit.runners.ParentRunner$3.run(ParentRunner.java:238)
	at org.junit.runners.ParentRunner$1.schedule(ParentRunner.java:63)
	at org.junit.runners.ParentRunner.runChildren(ParentRunner.java:236)
	at org.junit.runners.ParentRunner.access$000(ParentRunner.java:53)
	at org.junit.runners.ParentRunner$2.evaluate(ParentRunner.java:229)
	at org.junit.runners.ParentRunner.run(ParentRunner.java:309)
	at org.junit.runner.JUnitCore.run(JUnitCore.java:160)
	at org.junit.runner.JUnitCore.run(JUnitCore.java:138)
	at org.junit.runner.JUnitCore.run(JUnitCore.java:117)
	at sbst.benchmark.coverage.TestExecutionTask.call(TestExecutionTask.java:54)
	at sbst.benchmark.coverage.TestExecutionTask.call(TestExecutionTask.java:15)
	at java.util.concurrent.FutureTask.run(FutureTask.java:266)
	at java.util.concurrent.ThreadPoolExecutor.runWorker(ThreadPoolExecutor.java:1149)
	at java.util.concurrent.ThreadPoolExecutor$Worker.run(ThreadPoolExecutor.java:624)
	at java.lang.Thread.run(Thread.java:750)
Caused by: java.lang.NullPointerException
	at org.locationtech.spatial4j.io.PolyshapeReader.<init>(PolyshapeReader.java:44)
	... 41 more

Failure: [test(org.locationtech.spatial4j.io.PolyshapeReader_readIfSupported_15791840491): null]
Failing Tests: test(org.locationtech.spatial4j.io.PolyshapeReader_readIfSupported_15791840491)
java.lang.NullPointerException
	at org.locationtech.spatial4j.io.PolyshapeReader.readIfSupported(PolyshapeReader.java:59)
	at sun.reflect.NativeMethodAccessorImpl.invoke0(Native Method)
	at sun.reflect.NativeMethodAccessorImpl.invoke(NativeMethodAccessorImpl.java:62)
	at sun.reflect.DelegatingMethodAccessorImpl.invoke(DelegatingMethodAccessorImpl.java:43)
	at java.lang.reflect.Method.invoke(Method.java:498)
	at org.locationtech.spatial4j.io.ReflectionUtils.callMethod(ReflectionUtils.java:238)
	at org.locationtech.spatial4j.io.PolyshapeReader_readIfSupported_15791840491.test(PolyshapeReader_readIfSupported_15791840491.java:40)
	at sun.reflect.NativeMethodAccessorImpl.invoke0(Native Method)
	at sun.reflect.NativeMethodAccessorImpl.invoke(NativeMethodAccessorImpl.java:62)
	at sun.reflect.DelegatingMethodAccessorImpl.invoke(DelegatingMethodAccessorImpl.java:43)
	at java.lang.reflect.Method.invoke(Method.java:498)
	at org.junit.runners.model.FrameworkMethod$1.runReflectiveCall(FrameworkMethod.java:47)
	at org.junit.internal.runners.model.ReflectiveCallable.run(ReflectiveCallable.java:12)
	at org.junit.runners.model.FrameworkMethod.invokeExplosively(FrameworkMethod.java:44)
	at org.junit.internal.runners.statements.InvokeMethod.evaluate(InvokeMethod.java:17)
	at org.junit.internal.runners.statements.RunBefores.evaluate(RunBefores.java:26)
	at org.junit.runners.ParentRunner.runLeaf(ParentRunner.java:271)
	at org.junit.runners.BlockJUnit4ClassRunner.runChild(BlockJUnit4ClassRunner.java:70)
	at org.junit.runners.BlockJUnit4ClassRunner.runChild(BlockJUnit4ClassRunner.java:50)
	at org.junit.runners.ParentRunner$3.run(ParentRunner.java:238)
	at org.junit.runners.ParentRunner$1.schedule(ParentRunner.java:63)
	at org.junit.runners.ParentRunner.runChildren(ParentRunner.java:236)
	at org.junit.runners.ParentRunner.access$000(ParentRunner.java:53)
	at org.junit.runners.ParentRunner$2.evaluate(ParentRunner.java:229)
	at org.junit.runners.ParentRunner.run(ParentRunner.java:309)
	at org.junit.runners.Suite.runChild(Suite.java:127)
	at org.junit.runners.Suite.runChild(Suite.java:26)
	at org.junit.runners.ParentRunner$3.run(ParentRunner.java:238)
	at org.junit.runners.ParentRunner$1.schedule(ParentRunner.java:63)
	at org.junit.runners.ParentRunner.runChildren(ParentRunner.java:236)
	at org.junit.runners.ParentRunner.access$000(ParentRunner.java:53)
	at org.junit.runners.ParentRunner$2.evaluate(ParentRunner.java:229)
	at org.junit.runners.ParentRunner.run(ParentRunner.java:309)
	at org.junit.runner.JUnitCore.run(JUnitCore.java:160)
	at org.junit.runner.JUnitCore.run(JUnitCore.java:138)
	at org.junit.runner.JUnitCore.run(JUnitCore.java:117)
	at sbst.benchmark.coverage.TestExecutionTask.call(TestExecutionTask.java:54)
	at sbst.benchmark.coverage.TestExecutionTask.call(TestExecutionTask.java:15)
	at java.util.concurrent.FutureTask.run(FutureTask.java:266)
	at java.util.concurrent.ThreadPoolExecutor.runWorker(ThreadPoolExecutor.java:1149)
	at java.util.concurrent.ThreadPoolExecutor$Worker.run(ThreadPoolExecutor.java:624)
	at java.lang.Thread.run(Thread.java:750)

Failure: [test(org.locationtech.spatial4j.io.PolyshapeReader_readPolygon_15631337210): null]
Failing Tests: test(org.locationtech.spatial4j.io.PolyshapeReader_readPolygon_15631337210)
java.lang.NullPointerException
	at org.locationtech.spatial4j.io.PolyshapeReader.readPolygon(PolyshapeReader.java:170)
	at sun.reflect.NativeMethodAccessorImpl.invoke0(Native Method)
	at sun.reflect.NativeMethodAccessorImpl.invoke(NativeMethodAccessorImpl.java:62)
	at sun.reflect.DelegatingMethodAccessorImpl.invoke(DelegatingMethodAccessorImpl.java:43)
	at java.lang.reflect.Method.invoke(Method.java:498)
	at org.locationtech.spatial4j.io.ReflectionUtils.callMethod(ReflectionUtils.java:238)
	at org.locationtech.spatial4j.io.PolyshapeReader_readPolygon_15631337210.test(PolyshapeReader_readPolygon_15631337210.java:90)
	at sun.reflect.NativeMethodAccessorImpl.invoke0(Native Method)
	at sun.reflect.NativeMethodAccessorImpl.invoke(NativeMethodAccessorImpl.java:62)
	at sun.reflect.DelegatingMethodAccessorImpl.invoke(DelegatingMethodAccessorImpl.java:43)
	at java.lang.reflect.Method.invoke(Method.java:498)
	at org.junit.runners.model.FrameworkMethod$1.runReflectiveCall(FrameworkMethod.java:47)
	at org.junit.internal.runners.model.ReflectiveCallable.run(ReflectiveCallable.java:12)
	at org.junit.runners.model.FrameworkMethod.invokeExplosively(FrameworkMethod.java:44)
	at org.junit.internal.runners.statements.InvokeMethod.evaluate(InvokeMethod.java:17)
	at org.junit.internal.runners.statements.RunBefores.evaluate(RunBefores.java:26)
	at org.junit.runners.ParentRunner.runLeaf(ParentRunner.java:271)
	at org.junit.runners.BlockJUnit4ClassRunner.runChild(BlockJUnit4ClassRunner.java:70)
	at org.junit.runners.BlockJUnit4ClassRunner.runChild(BlockJUnit4ClassRunner.java:50)
	at org.junit.runners.ParentRunner$3.run(ParentRunner.java:238)
	at org.junit.runners.ParentRunner$1.schedule(ParentRunner.java:63)
	at org.junit.runners.ParentRunner.runChildren(ParentRunner.java:236)
	at org.junit.runners.ParentRunner.access$000(ParentRunner.java:53)
	at org.junit.runners.ParentRunner$2.evaluate(ParentRunner.java:229)
	at org.junit.runners.ParentRunner.run(ParentRunner.java:309)
	at org.junit.runners.Suite.runChild(Suite.java:127)
	at org.junit.runners.Suite.runChild(Suite.java:26)
	at org.junit.runners.ParentRunner$3.run(ParentRunner.java:238)
	at org.junit.runners.ParentRunner$1.schedule(ParentRunner.java:63)
	at org.junit.runners.ParentRunner.runChildren(ParentRunner.java:236)
	at org.junit.runners.ParentRunner.access$000(ParentRunner.java:53)
	at org.junit.runners.ParentRunner$2.evaluate(ParentRunner.java:229)
	at org.junit.runners.ParentRunner.run(ParentRunner.java:309)
	at org.junit.runner.JUnitCore.run(JUnitCore.java:160)
	at org.junit.runner.JUnitCore.run(JUnitCore.java:138)
	at org.junit.runner.JUnitCore.run(JUnitCore.java:117)
	at sbst.benchmark.coverage.TestExecutionTask.call(TestExecutionTask.java:54)
	at sbst.benchmark.coverage.TestExecutionTask.call(TestExecutionTask.java:15)
	at java.util.concurrent.FutureTask.run(FutureTask.java:266)
	at java.util.concurrent.ThreadPoolExecutor.runWorker(ThreadPoolExecutor.java:1149)
	at java.util.concurrent.ThreadPoolExecutor$Worker.run(ThreadPoolExecutor.java:624)
	at java.lang.Thread.run(Thread.java:750)

Failure: [test(org.locationtech.spatial4j.io.PolyshapeReader_readPolygon_15631337211): null]
Failing Tests: test(org.locationtech.spatial4j.io.PolyshapeReader_readPolygon_15631337211)
java.lang.NullPointerException
	at org.locationtech.spatial4j.io.PolyshapeReader.readPolygon(PolyshapeReader.java:170)
	at sun.reflect.NativeMethodAccessorImpl.invoke0(Native Method)
	at sun.reflect.NativeMethodAccessorImpl.invoke(NativeMethodAccessorImpl.java:62)
	at sun.reflect.DelegatingMethodAccessorImpl.invoke(DelegatingMethodAccessorImpl.java:43)
	at java.lang.reflect.Method.invoke(Method.java:498)
	at org.locationtech.spatial4j.io.ReflectionUtils.callMethod(ReflectionUtils.java:238)
	at org.locationtech.spatial4j.io.PolyshapeReader_readPolygon_15631337211.test(PolyshapeReader_readPolygon_15631337211.java:40)
	at sun.reflect.NativeMethodAccessorImpl.invoke0(Native Method)
	at sun.reflect.NativeMethodAccessorImpl.invoke(NativeMethodAccessorImpl.java:62)
	at sun.reflect.DelegatingMethodAccessorImpl.invoke(DelegatingMethodAccessorImpl.java:43)
	at java.lang.reflect.Method.invoke(Method.java:498)
	at org.junit.runners.model.FrameworkMethod$1.runReflectiveCall(FrameworkMethod.java:47)
	at org.junit.internal.runners.model.ReflectiveCallable.run(ReflectiveCallable.java:12)
	at org.junit.runners.model.FrameworkMethod.invokeExplosively(FrameworkMethod.java:44)
	at org.junit.internal.runners.statements.InvokeMethod.evaluate(InvokeMethod.java:17)
	at org.junit.internal.runners.statements.RunBefores.evaluate(RunBefores.java:26)
	at org.junit.runners.ParentRunner.runLeaf(ParentRunner.java:271)
	at org.junit.runners.BlockJUnit4ClassRunner.runChild(BlockJUnit4ClassRunner.java:70)
	at org.junit.runners.BlockJUnit4ClassRunner.runChild(BlockJUnit4ClassRunner.java:50)
	at org.junit.runners.ParentRunner$3.run(ParentRunner.java:238)
	at org.junit.runners.ParentRunner$1.schedule(ParentRunner.java:63)
	at org.junit.runners.ParentRunner.runChildren(ParentRunner.java:236)
	at org.junit.runners.ParentRunner.access$000(ParentRunner.java:53)
	at org.junit.runners.ParentRunner$2.evaluate(ParentRunner.java:229)
	at org.junit.runners.ParentRunner.run(ParentRunner.java:309)
	at org.junit.runners.Suite.runChild(Suite.java:127)
	at org.junit.runners.Suite.runChild(Suite.java:26)
	at org.junit.runners.ParentRunner$3.run(ParentRunner.java:238)
	at org.junit.runners.ParentRunner$1.schedule(ParentRunner.java:63)
	at org.junit.runners.ParentRunner.runChildren(ParentRunner.java:236)
	at org.junit.runners.ParentRunner.access$000(ParentRunner.java:53)
	at org.junit.runners.ParentRunner$2.evaluate(ParentRunner.java:229)
	at org.junit.runners.ParentRunner.run(ParentRunner.java:309)
	at org.junit.runner.JUnitCore.run(JUnitCore.java:160)
	at org.junit.runner.JUnitCore.run(JUnitCore.java:138)
	at org.junit.runner.JUnitCore.run(JUnitCore.java:117)
	at sbst.benchmark.coverage.TestExecutionTask.call(TestExecutionTask.java:54)
	at sbst.benchmark.coverage.TestExecutionTask.call(TestExecutionTask.java:15)
	at java.util.concurrent.FutureTask.run(FutureTask.java:266)
	at java.util.concurrent.ThreadPoolExecutor.runWorker(ThreadPoolExecutor.java:1149)
	at java.util.concurrent.ThreadPoolExecutor$Worker.run(ThreadPoolExecutor.java:624)
	at java.lang.Thread.run(Thread.java:750)

Failure: [test(org.locationtech.spatial4j.io.PolyshapeReader_read_3323632840): expecting a shape key.  not 'j']
Failing Tests: test(org.locationtech.spatial4j.io.PolyshapeReader_read_3323632840)
java.text.ParseException: expecting a shape key.  not 'j'
	at org.locationtech.spatial4j.io.PolyshapeReader.read(PolyshapeReader.java:88)
	at org.locationtech.spatial4j.io.PolyshapeReader.read(PolyshapeReader.java:54)
	at sun.reflect.NativeMethodAccessorImpl.invoke0(Native Method)
	at sun.reflect.NativeMethodAccessorImpl.invoke(NativeMethodAccessorImpl.java:62)
	at sun.reflect.DelegatingMethodAccessorImpl.invoke(DelegatingMethodAccessorImpl.java:43)
	at java.lang.reflect.Method.invoke(Method.java:498)
	at org.locationtech.spatial4j.io.ReflectionUtils.callMethod(ReflectionUtils.java:238)
	at org.locationtech.spatial4j.io.PolyshapeReader_read_3323632840.test(PolyshapeReader_read_3323632840.java:85)
	at sun.reflect.NativeMethodAccessorImpl.invoke0(Native Method)
	at sun.reflect.NativeMethodAccessorImpl.invoke(NativeMethodAccessorImpl.java:62)
	at sun.reflect.DelegatingMethodAccessorImpl.invoke(DelegatingMethodAccessorImpl.java:43)
	at java.lang.reflect.Method.invoke(Method.java:498)
	at org.junit.runners.model.FrameworkMethod$1.runReflectiveCall(FrameworkMethod.java:47)
	at org.junit.internal.runners.model.ReflectiveCallable.run(ReflectiveCallable.java:12)
	at org.junit.runners.model.FrameworkMethod.invokeExplosively(FrameworkMethod.java:44)
	at org.junit.internal.runners.statements.InvokeMethod.evaluate(InvokeMethod.java:17)
	at org.junit.internal.runners.statements.RunBefores.evaluate(RunBefores.java:26)
	at org.junit.runners.ParentRunner.runLeaf(ParentRunner.java:271)
	at org.junit.runners.BlockJUnit4ClassRunner.runChild(BlockJUnit4ClassRunner.java:70)
	at org.junit.runners.BlockJUnit4ClassRunner.runChild(BlockJUnit4ClassRunner.java:50)
	at org.junit.runners.ParentRunner$3.run(ParentRunner.java:238)
	at org.junit.runners.ParentRunner$1.schedule(ParentRunner.java:63)
	at org.junit.runners.ParentRunner.runChildren(ParentRunner.java:236)
	at org.junit.runners.ParentRunner.access$000(ParentRunner.java:53)
	at org.junit.runners.ParentRunner$2.evaluate(ParentRunner.java:229)
	at org.junit.runners.ParentRunner.run(ParentRunner.java:309)
	at org.junit.runners.Suite.runChild(Suite.java:127)
	at org.junit.runners.Suite.runChild(Suite.java:26)
	at org.junit.runners.ParentRunner$3.run(ParentRunner.java:238)
	at org.junit.runners.ParentRunner$1.schedule(ParentRunner.java:63)
	at org.junit.runners.ParentRunner.runChildren(ParentRunner.java:236)
	at org.junit.runners.ParentRunner.access$000(ParentRunner.java:53)
	at org.junit.runners.ParentRunner$2.evaluate(ParentRunner.java:229)
	at org.junit.runners.ParentRunner.run(ParentRunner.java:309)
	at org.junit.runner.JUnitCore.run(JUnitCore.java:160)
	at org.junit.runner.JUnitCore.run(JUnitCore.java:138)
	at org.junit.runner.JUnitCore.run(JUnitCore.java:117)
	at sbst.benchmark.coverage.TestExecutionTask.call(TestExecutionTask.java:54)
	at sbst.benchmark.coverage.TestExecutionTask.call(TestExecutionTask.java:15)
	at java.util.concurrent.FutureTask.run(FutureTask.java:266)
	at java.util.concurrent.ThreadPoolExecutor.runWorker(ThreadPoolExecutor.java:1149)
	at java.util.concurrent.ThreadPoolExecutor$Worker.run(ThreadPoolExecutor.java:624)
	at java.lang.Thread.run(Thread.java:750)

Failure: [test(org.locationtech.spatial4j.io.PolyshapeReader_read_3323632841): null]
Failing Tests: test(org.locationtech.spatial4j.io.PolyshapeReader_read_3323632841)
java.lang.NullPointerException
	at org.locationtech.spatial4j.io.PolyshapeReader.read(PolyshapeReader.java:54)
	at sun.reflect.NativeMethodAccessorImpl.invoke0(Native Method)
	at sun.reflect.NativeMethodAccessorImpl.invoke(NativeMethodAccessorImpl.java:62)
	at sun.reflect.DelegatingMethodAccessorImpl.invoke(DelegatingMethodAccessorImpl.java:43)
	at java.lang.reflect.Method.invoke(Method.java:498)
	at org.locationtech.spatial4j.io.ReflectionUtils.callMethod(ReflectionUtils.java:238)
	at org.locationtech.spatial4j.io.PolyshapeReader_read_3323632841.test(PolyshapeReader_read_3323632841.java:40)
	at sun.reflect.NativeMethodAccessorImpl.invoke0(Native Method)
	at sun.reflect.NativeMethodAccessorImpl.invoke(NativeMethodAccessorImpl.java:62)
	at sun.reflect.DelegatingMethodAccessorImpl.invoke(DelegatingMethodAccessorImpl.java:43)
	at java.lang.reflect.Method.invoke(Method.java:498)
	at org.junit.runners.model.FrameworkMethod$1.runReflectiveCall(FrameworkMethod.java:47)
	at org.junit.internal.runners.model.ReflectiveCallable.run(ReflectiveCallable.java:12)
	at org.junit.runners.model.FrameworkMethod.invokeExplosively(FrameworkMethod.java:44)
	at org.junit.internal.runners.statements.InvokeMethod.evaluate(InvokeMethod.java:17)
	at org.junit.internal.runners.statements.RunBefores.evaluate(RunBefores.java:26)
	at org.junit.runners.ParentRunner.runLeaf(ParentRunner.java:271)
	at org.junit.runners.BlockJUnit4ClassRunner.runChild(BlockJUnit4ClassRunner.java:70)
	at org.junit.runners.BlockJUnit4ClassRunner.runChild(BlockJUnit4ClassRunner.java:50)
	at org.junit.runners.ParentRunner$3.run(ParentRunner.java:238)
	at org.junit.runners.ParentRunner$1.schedule(ParentRunner.java:63)
	at org.junit.runners.ParentRunner.runChildren(ParentRunner.java:236)
	at org.junit.runners.ParentRunner.access$000(ParentRunner.java:53)
	at org.junit.runners.ParentRunner$2.evaluate(ParentRunner.java:229)
	at org.junit.runners.ParentRunner.run(ParentRunner.java:309)
	at org.junit.runners.Suite.runChild(Suite.java:127)
	at org.junit.runners.Suite.runChild(Suite.java:26)
	at org.junit.runners.ParentRunner$3.run(ParentRunner.java:238)
	at org.junit.runners.ParentRunner$1.schedule(ParentRunner.java:63)
	at org.junit.runners.ParentRunner.runChildren(ParentRunner.java:236)
	at org.junit.runners.ParentRunner.access$000(ParentRunner.java:53)
	at org.junit.runners.ParentRunner$2.evaluate(ParentRunner.java:229)
	at org.junit.runners.ParentRunner.run(ParentRunner.java:309)
	at org.junit.runner.JUnitCore.run(JUnitCore.java:160)
	at org.junit.runner.JUnitCore.run(JUnitCore.java:138)
	at org.junit.runner.JUnitCore.run(JUnitCore.java:117)
	at sbst.benchmark.coverage.TestExecutionTask.call(TestExecutionTask.java:54)
	at sbst.benchmark.coverage.TestExecutionTask.call(TestExecutionTask.java:15)
	at java.util.concurrent.FutureTask.run(FutureTask.java:266)
	at java.util.concurrent.ThreadPoolExecutor.runWorker(ThreadPoolExecutor.java:1149)
	at java.util.concurrent.ThreadPoolExecutor$Worker.run(ThreadPoolExecutor.java:624)
	at java.lang.Thread.run(Thread.java:750)

Failure: [test(org.locationtech.spatial4j.io.PolyshapeReader_read_3416123840): null]
Failing Tests: test(org.locationtech.spatial4j.io.PolyshapeReader_read_3416123840)
java.lang.NullPointerException
	at org.locationtech.spatial4j.io.PolyshapeReader$XReader.<init>(PolyshapeReader.java:199)
	at org.locationtech.spatial4j.io.PolyshapeReader.read(PolyshapeReader.java:77)
	at sun.reflect.NativeMethodAccessorImpl.invoke0(Native Method)
	at sun.reflect.NativeMethodAccessorImpl.invoke(NativeMethodAccessorImpl.java:62)
	at sun.reflect.DelegatingMethodAccessorImpl.invoke(DelegatingMethodAccessorImpl.java:43)
	at java.lang.reflect.Method.invoke(Method.java:498)
	at org.locationtech.spatial4j.io.ReflectionUtils.callMethod(ReflectionUtils.java:238)
	at org.locationtech.spatial4j.io.PolyshapeReader_read_3416123840.test(PolyshapeReader_read_3416123840.java:83)
	at sun.reflect.NativeMethodAccessorImpl.invoke0(Native Method)
	at sun.reflect.NativeMethodAccessorImpl.invoke(NativeMethodAccessorImpl.java:62)
	at sun.reflect.DelegatingMethodAccessorImpl.invoke(DelegatingMethodAccessorImpl.java:43)
	at java.lang.reflect.Method.invoke(Method.java:498)
	at org.junit.runners.model.FrameworkMethod$1.runReflectiveCall(FrameworkMethod.java:47)
	at org.junit.internal.runners.model.ReflectiveCallable.run(ReflectiveCallable.java:12)
	at org.junit.runners.model.FrameworkMethod.invokeExplosively(FrameworkMethod.java:44)
	at org.junit.internal.runners.statements.InvokeMethod.evaluate(InvokeMethod.java:17)
	at org.junit.internal.runners.statements.RunBefores.evaluate(RunBefores.java:26)
	at org.junit.runners.ParentRunner.runLeaf(ParentRunner.java:271)
	at org.junit.runners.BlockJUnit4ClassRunner.runChild(BlockJUnit4ClassRunner.java:70)
	at org.junit.runners.BlockJUnit4ClassRunner.runChild(BlockJUnit4ClassRunner.java:50)
	at org.junit.runners.ParentRunner$3.run(ParentRunner.java:238)
	at org.junit.runners.ParentRunner$1.schedule(ParentRunner.java:63)
	at org.junit.runners.ParentRunner.runChildren(ParentRunner.java:236)
	at org.junit.runners.ParentRunner.access$000(ParentRunner.java:53)
	at org.junit.runners.ParentRunner$2.evaluate(ParentRunner.java:229)
	at org.junit.runners.ParentRunner.run(ParentRunner.java:309)
	at org.junit.runners.Suite.runChild(Suite.java:127)
	at org.junit.runners.Suite.runChild(Suite.java:26)
	at org.junit.runners.ParentRunner$3.run(ParentRunner.java:238)
	at org.junit.runners.ParentRunner$1.schedule(ParentRunner.java:63)
	at org.junit.runners.ParentRunner.runChildren(ParentRunner.java:236)
	at org.junit.runners.ParentRunner.access$000(ParentRunner.java:53)
	at org.junit.runners.ParentRunner$2.evaluate(ParentRunner.java:229)
	at org.junit.runners.ParentRunner.run(ParentRunner.java:309)
	at org.junit.runner.JUnitCore.run(JUnitCore.java:160)
	at org.junit.runner.JUnitCore.run(JUnitCore.java:138)
	at org.junit.runner.JUnitCore.run(JUnitCore.java:117)
	at sbst.benchmark.coverage.TestExecutionTask.call(TestExecutionTask.java:54)
	at sbst.benchmark.coverage.TestExecutionTask.call(TestExecutionTask.java:15)
	at java.util.concurrent.FutureTask.run(FutureTask.java:266)
	at java.util.concurrent.ThreadPoolExecutor.runWorker(ThreadPoolExecutor.java:1149)
	at java.util.concurrent.ThreadPoolExecutor$Worker.run(ThreadPoolExecutor.java:624)
	at java.lang.Thread.run(Thread.java:750)

Failure: [test(org.locationtech.spatial4j.io.PolyshapeReader_read_3416123841): null]
Failing Tests: test(org.locationtech.spatial4j.io.PolyshapeReader_read_3416123841)
java.lang.NullPointerException
	at org.locationtech.spatial4j.io.PolyshapeReader$XReader.<init>(PolyshapeReader.java:199)
	at org.locationtech.spatial4j.io.PolyshapeReader.read(PolyshapeReader.java:77)
	at sun.reflect.NativeMethodAccessorImpl.invoke0(Native Method)
	at sun.reflect.NativeMethodAccessorImpl.invoke(NativeMethodAccessorImpl.java:62)
	at sun.reflect.DelegatingMethodAccessorImpl.invoke(DelegatingMethodAccessorImpl.java:43)
	at java.lang.reflect.Method.invoke(Method.java:498)
	at org.locationtech.spatial4j.io.ReflectionUtils.callMethod(ReflectionUtils.java:238)
	at org.locationtech.spatial4j.io.PolyshapeReader_read_3416123841.test(PolyshapeReader_read_3416123841.java:40)
	at sun.reflect.NativeMethodAccessorImpl.invoke0(Native Method)
	at sun.reflect.NativeMethodAccessorImpl.invoke(NativeMethodAccessorImpl.java:62)
	at sun.reflect.DelegatingMethodAccessorImpl.invoke(DelegatingMethodAccessorImpl.java:43)
	at java.lang.reflect.Method.invoke(Method.java:498)
	at org.junit.runners.model.FrameworkMethod$1.runReflectiveCall(FrameworkMethod.java:47)
	at org.junit.internal.runners.model.ReflectiveCallable.run(ReflectiveCallable.java:12)
	at org.junit.runners.model.FrameworkMethod.invokeExplosively(FrameworkMethod.java:44)
	at org.junit.internal.runners.statements.InvokeMethod.evaluate(InvokeMethod.java:17)
	at org.junit.internal.runners.statements.RunBefores.evaluate(RunBefores.java:26)
	at org.junit.runners.ParentRunner.runLeaf(ParentRunner.java:271)
	at org.junit.runners.BlockJUnit4ClassRunner.runChild(BlockJUnit4ClassRunner.java:70)
	at org.junit.runners.BlockJUnit4ClassRunner.runChild(BlockJUnit4ClassRunner.java:50)
	at org.junit.runners.ParentRunner$3.run(ParentRunner.java:238)
	at org.junit.runners.ParentRunner$1.schedule(ParentRunner.java:63)
	at org.junit.runners.ParentRunner.runChildren(ParentRunner.java:236)
	at org.junit.runners.ParentRunner.access$000(ParentRunner.java:53)
	at org.junit.runners.ParentRunner$2.evaluate(ParentRunner.java:229)
	at org.junit.runners.ParentRunner.run(ParentRunner.java:309)
	at org.junit.runners.Suite.runChild(Suite.java:127)
	at org.junit.runners.Suite.runChild(Suite.java:26)
	at org.junit.runners.ParentRunner$3.run(ParentRunner.java:238)
	at org.junit.runners.ParentRunner$1.schedule(ParentRunner.java:63)
	at org.junit.runners.ParentRunner.runChildren(ParentRunner.java:236)
	at org.junit.runners.ParentRunner.access$000(ParentRunner.java:53)
	at org.junit.runners.ParentRunner$2.evaluate(ParentRunner.java:229)
	at org.junit.runners.ParentRunner.run(ParentRunner.java:309)
	at org.junit.runner.JUnitCore.run(JUnitCore.java:160)
	at org.junit.runner.JUnitCore.run(JUnitCore.java:138)
	at org.junit.runner.JUnitCore.run(JUnitCore.java:117)
	at sbst.benchmark.coverage.TestExecutionTask.call(TestExecutionTask.java:54)
	at sbst.benchmark.coverage.TestExecutionTask.call(TestExecutionTask.java:15)
	at java.util.concurrent.FutureTask.run(FutureTask.java:266)
	at java.util.concurrent.ThreadPoolExecutor.runWorker(ThreadPoolExecutor.java:1149)
	at java.util.concurrent.ThreadPoolExecutor$Worker.run(ThreadPoolExecutor.java:624)
	at java.lang.Thread.run(Thread.java:750)

Failure: [initializationError(org.locationtech.spatial4j.io.ReflectionUtils): No runnable methods]
Failing Tests: initializationError(org.locationtech.spatial4j.io.ReflectionUtils)
java.lang.Exception: No runnable methods
	at org.junit.runners.BlockJUnit4ClassRunner.validateInstanceMethods(BlockJUnit4ClassRunner.java:169)
	at org.junit.runners.BlockJUnit4ClassRunner.collectInitializationErrors(BlockJUnit4ClassRunner.java:104)
	at org.junit.runners.ParentRunner.validate(ParentRunner.java:355)
	at org.junit.runners.ParentRunner.<init>(ParentRunner.java:76)
	at org.junit.runners.BlockJUnit4ClassRunner.<init>(BlockJUnit4ClassRunner.java:57)
	at org.junit.internal.builders.JUnit4Builder.runnerForClass(JUnit4Builder.java:10)
	at org.junit.runners.model.RunnerBuilder.safeRunnerForClass(RunnerBuilder.java:59)
	at org.junit.internal.builders.AllDefaultPossibilitiesBuilder.runnerForClass(AllDefaultPossibilitiesBuilder.java:26)
	at org.junit.runner.Computer.getRunner(Computer.java:40)
	at org.junit.runner.Computer$1.runnerForClass(Computer.java:31)
	at org.junit.runners.model.RunnerBuilder.safeRunnerForClass(RunnerBuilder.java:59)
	at org.junit.runners.model.RunnerBuilder.runners(RunnerBuilder.java:101)
	at org.junit.runners.model.RunnerBuilder.runners(RunnerBuilder.java:87)
	at org.junit.runners.Suite.<init>(Suite.java:80)
	at org.junit.runner.Computer.getSuite(Computer.java:28)
	at org.junit.runner.Request.classes(Request.java:75)
	at org.junit.runner.JUnitCore.run(JUnitCore.java:117)
	at sbst.benchmark.coverage.TestExecutionTask.call(TestExecutionTask.java:54)
	at sbst.benchmark.coverage.TestExecutionTask.call(TestExecutionTask.java:15)
	at java.util.concurrent.FutureTask.run(FutureTask.java:266)
	at java.util.concurrent.ThreadPoolExecutor.runWorker(ThreadPoolExecutor.java:1149)
	at java.util.concurrent.ThreadPoolExecutor$Worker.run(ThreadPoolExecutor.java:624)
	at java.lang.Thread.run(Thread.java:750)


---The tests are re-executed other four times to find the flaky ones---
Running the tests: [SBSTDummyForCoverageAndMutationCalculation, org.locationtech.spatial4j.io.EqualityUtils, org.locationtech.spatial4j.io.PolyshapeReader_getFormatName_6997097930, org.locationtech.spatial4j.io.PolyshapeReader_getFormatName_6997097931, org.locationtech.spatial4j.io.PolyshapeReader_init_5273912480, org.locationtech.spatial4j.io.PolyshapeReader_init_5273912481, org.locationtech.spatial4j.io.PolyshapeReader_readIfSupported_15791840490, org.locationtech.spatial4j.io.PolyshapeReader_readIfSupported_15791840491, org.locationtech.spatial4j.io.PolyshapeReader_readPolygon_15631337210, org.locationtech.spatial4j.io.PolyshapeReader_readPolygon_15631337211, org.locationtech.spatial4j.io.PolyshapeReader_read_3323632840, org.locationtech.spatial4j.io.PolyshapeReader_read_3323632841, org.locationtech.spatial4j.io.PolyshapeReader_read_3416123840, org.locationtech.spatial4j.io.PolyshapeReader_read_3416123841, org.locationtech.spatial4j.io.ReflectionUtils]
Executions terminated
Running the tests: [SBSTDummyForCoverageAndMutationCalculation, org.locationtech.spatial4j.io.EqualityUtils, org.locationtech.spatial4j.io.PolyshapeReader_getFormatName_6997097930, org.locationtech.spatial4j.io.PolyshapeReader_getFormatName_6997097931, org.locationtech.spatial4j.io.PolyshapeReader_init_5273912480, org.locationtech.spatial4j.io.PolyshapeReader_init_5273912481, org.locationtech.spatial4j.io.PolyshapeReader_readIfSupported_15791840490, org.locationtech.spatial4j.io.PolyshapeReader_readIfSupported_15791840491, org.locationtech.spatial4j.io.PolyshapeReader_readPolygon_15631337210, org.locationtech.spatial4j.io.PolyshapeReader_readPolygon_15631337211, org.locationtech.spatial4j.io.PolyshapeReader_read_3323632840, org.locationtech.spatial4j.io.PolyshapeReader_read_3323632841, org.locationtech.spatial4j.io.PolyshapeReader_read_3416123840, org.locationtech.spatial4j.io.PolyshapeReader_read_3416123841, org.locationtech.spatial4j.io.ReflectionUtils]
Failure: [initializationError(org.locationtech.spatial4j.io.EqualityUtils): No runnable methods]
Failing Tests: initializationError(org.locationtech.spatial4j.io.EqualityUtils)
java.lang.Exception: No runnable methods
	at org.junit.runners.BlockJUnit4ClassRunner.validateInstanceMethods(BlockJUnit4ClassRunner.java:169)
	at org.junit.runners.BlockJUnit4ClassRunner.collectInitializationErrors(BlockJUnit4ClassRunner.java:104)
	at org.junit.runners.ParentRunner.validate(ParentRunner.java:355)
	at org.junit.runners.ParentRunner.<init>(ParentRunner.java:76)
	at org.junit.runners.BlockJUnit4ClassRunner.<init>(BlockJUnit4ClassRunner.java:57)
	at org.junit.internal.builders.JUnit4Builder.runnerForClass(JUnit4Builder.java:10)
	at org.junit.runners.model.RunnerBuilder.safeRunnerForClass(RunnerBuilder.java:59)
	at org.junit.internal.builders.AllDefaultPossibilitiesBuilder.runnerForClass(AllDefaultPossibilitiesBuilder.java:26)
	at org.junit.runner.Computer.getRunner(Computer.java:40)
	at org.junit.runner.Computer$1.runnerForClass(Computer.java:31)
	at org.junit.runners.model.RunnerBuilder.safeRunnerForClass(RunnerBuilder.java:59)
	at org.junit.runners.model.RunnerBuilder.runners(RunnerBuilder.java:101)
	at org.junit.runners.model.RunnerBuilder.runners(RunnerBuilder.java:87)
	at org.junit.runners.Suite.<init>(Suite.java:80)
	at org.junit.runner.Computer.getSuite(Computer.java:28)
	at org.junit.runner.Request.classes(Request.java:75)
	at org.junit.runner.JUnitCore.run(JUnitCore.java:117)
	at sbst.benchmark.coverage.TestExecutionTask.call(TestExecutionTask.java:54)
	at sbst.benchmark.coverage.TestExecutionTask.call(TestExecutionTask.java:15)
	at java.util.concurrent.FutureTask.run(FutureTask.java:266)
	at java.util.concurrent.ThreadPoolExecutor.runWorker(ThreadPoolExecutor.java:1149)
	at java.util.concurrent.ThreadPoolExecutor$Worker.run(ThreadPoolExecutor.java:624)
	at java.lang.Thread.run(Thread.java:750)

Failure: [test(org.locationtech.spatial4j.io.PolyshapeReader_init_5273912481): null]
Failing Tests: test(org.locationtech.spatial4j.io.PolyshapeReader_init_5273912481)
java.lang.reflect.InvocationTargetException
	at sun.reflect.NativeConstructorAccessorImpl.newInstance0(Native Method)
	at sun.reflect.NativeConstructorAccessorImpl.newInstance(NativeConstructorAccessorImpl.java:62)
	at sun.reflect.DelegatingConstructorAccessorImpl.newInstance(DelegatingConstructorAccessorImpl.java:45)
	at java.lang.reflect.Constructor.newInstance(Constructor.java:423)
	at org.locationtech.spatial4j.io.ReflectionUtils.callConstructor(ReflectionUtils.java:231)
	at org.locationtech.spatial4j.io.PolyshapeReader_init_5273912481.test(PolyshapeReader_init_5273912481.java:38)
	at sun.reflect.NativeMethodAccessorImpl.invoke0(Native Method)
	at sun.reflect.NativeMethodAccessorImpl.invoke(NativeMethodAccessorImpl.java:62)
	at sun.reflect.DelegatingMethodAccessorImpl.invoke(DelegatingMethodAccessorImpl.java:43)
	at java.lang.reflect.Method.invoke(Method.java:498)
	at org.junit.runners.model.FrameworkMethod$1.runReflectiveCall(FrameworkMethod.java:47)
	at org.junit.internal.runners.model.ReflectiveCallable.run(ReflectiveCallable.java:12)
	at org.junit.runners.model.FrameworkMethod.invokeExplosively(FrameworkMethod.java:44)
	at org.junit.internal.runners.statements.InvokeMethod.evaluate(InvokeMethod.java:17)
	at org.junit.internal.runners.statements.RunBefores.evaluate(RunBefores.java:26)
	at org.junit.runners.ParentRunner.runLeaf(ParentRunner.java:271)
	at org.junit.runners.BlockJUnit4ClassRunner.runChild(BlockJUnit4ClassRunner.java:70)
	at org.junit.runners.BlockJUnit4ClassRunner.runChild(BlockJUnit4ClassRunner.java:50)
	at org.junit.runners.ParentRunner$3.run(ParentRunner.java:238)
	at org.junit.runners.ParentRunner$1.schedule(ParentRunner.java:63)
	at org.junit.runners.ParentRunner.runChildren(ParentRunner.java:236)
	at org.junit.runners.ParentRunner.access$000(ParentRunner.java:53)
	at org.junit.runners.ParentRunner$2.evaluate(ParentRunner.java:229)
	at org.junit.runners.ParentRunner.run(ParentRunner.java:309)
	at org.junit.runners.Suite.runChild(Suite.java:127)
	at org.junit.runners.Suite.runChild(Suite.java:26)
	at org.junit.runners.ParentRunner$3.run(ParentRunner.java:238)
	at org.junit.runners.ParentRunner$1.schedule(ParentRunner.java:63)
	at org.junit.runners.ParentRunner.runChildren(ParentRunner.java:236)
	at org.junit.runners.ParentRunner.access$000(ParentRunner.java:53)
	at org.junit.runners.ParentRunner$2.evaluate(ParentRunner.java:229)
	at org.junit.runners.ParentRunner.run(ParentRunner.java:309)
	at org.junit.runner.JUnitCore.run(JUnitCore.java:160)
	at org.junit.runner.JUnitCore.run(JUnitCore.java:138)
	at org.junit.runner.JUnitCore.run(JUnitCore.java:117)
	at sbst.benchmark.coverage.TestExecutionTask.call(TestExecutionTask.java:54)
	at sbst.benchmark.coverage.TestExecutionTask.call(TestExecutionTask.java:15)
	at java.util.concurrent.FutureTask.run(FutureTask.java:266)
	at java.util.concurrent.ThreadPoolExecutor.runWorker(ThreadPoolExecutor.java:1149)
	at java.util.concurrent.ThreadPoolExecutor$Worker.run(ThreadPoolExecutor.java:624)
	at java.lang.Thread.run(Thread.java:750)
Caused by: java.lang.NullPointerException
	at org.locationtech.spatial4j.io.PolyshapeReader.<init>(PolyshapeReader.java:44)
	... 41 more

Failure: [test(org.locationtech.spatial4j.io.PolyshapeReader_readIfSupported_15791840491): null]
Failing Tests: test(org.locationtech.spatial4j.io.PolyshapeReader_readIfSupported_15791840491)
java.lang.NullPointerException
	at org.locationtech.spatial4j.io.PolyshapeReader.readIfSupported(PolyshapeReader.java:59)
	at sun.reflect.NativeMethodAccessorImpl.invoke0(Native Method)
	at sun.reflect.NativeMethodAccessorImpl.invoke(NativeMethodAccessorImpl.java:62)
	at sun.reflect.DelegatingMethodAccessorImpl.invoke(DelegatingMethodAccessorImpl.java:43)
	at java.lang.reflect.Method.invoke(Method.java:498)
	at org.locationtech.spatial4j.io.ReflectionUtils.callMethod(ReflectionUtils.java:238)
	at org.locationtech.spatial4j.io.PolyshapeReader_readIfSupported_15791840491.test(PolyshapeReader_readIfSupported_15791840491.java:40)
	at sun.reflect.NativeMethodAccessorImpl.invoke0(Native Method)
	at sun.reflect.NativeMethodAccessorImpl.invoke(NativeMethodAccessorImpl.java:62)
	at sun.reflect.DelegatingMethodAccessorImpl.invoke(DelegatingMethodAccessorImpl.java:43)
	at java.lang.reflect.Method.invoke(Method.java:498)
	at org.junit.runners.model.FrameworkMethod$1.runReflectiveCall(FrameworkMethod.java:47)
	at org.junit.internal.runners.model.ReflectiveCallable.run(ReflectiveCallable.java:12)
	at org.junit.runners.model.FrameworkMethod.invokeExplosively(FrameworkMethod.java:44)
	at org.junit.internal.runners.statements.InvokeMethod.evaluate(InvokeMethod.java:17)
	at org.junit.internal.runners.statements.RunBefores.evaluate(RunBefores.java:26)
	at org.junit.runners.ParentRunner.runLeaf(ParentRunner.java:271)
	at org.junit.runners.BlockJUnit4ClassRunner.runChild(BlockJUnit4ClassRunner.java:70)
	at org.junit.runners.BlockJUnit4ClassRunner.runChild(BlockJUnit4ClassRunner.java:50)
	at org.junit.runners.ParentRunner$3.run(ParentRunner.java:238)
	at org.junit.runners.ParentRunner$1.schedule(ParentRunner.java:63)
	at org.junit.runners.ParentRunner.runChildren(ParentRunner.java:236)
	at org.junit.runners.ParentRunner.access$000(ParentRunner.java:53)
	at org.junit.runners.ParentRunner$2.evaluate(ParentRunner.java:229)
	at org.junit.runners.ParentRunner.run(ParentRunner.java:309)
	at org.junit.runners.Suite.runChild(Suite.java:127)
	at org.junit.runners.Suite.runChild(Suite.java:26)
	at org.junit.runners.ParentRunner$3.run(ParentRunner.java:238)
	at org.junit.runners.ParentRunner$1.schedule(ParentRunner.java:63)
	at org.junit.runners.ParentRunner.runChildren(ParentRunner.java:236)
	at org.junit.runners.ParentRunner.access$000(ParentRunner.java:53)
	at org.junit.runners.ParentRunner$2.evaluate(ParentRunner.java:229)
	at org.junit.runners.ParentRunner.run(ParentRunner.java:309)
	at org.junit.runner.JUnitCore.run(JUnitCore.java:160)
	at org.junit.runner.JUnitCore.run(JUnitCore.java:138)
	at org.junit.runner.JUnitCore.run(JUnitCore.java:117)
	at sbst.benchmark.coverage.TestExecutionTask.call(TestExecutionTask.java:54)
	at sbst.benchmark.coverage.TestExecutionTask.call(TestExecutionTask.java:15)
	at java.util.concurrent.FutureTask.run(FutureTask.java:266)
	at java.util.concurrent.ThreadPoolExecutor.runWorker(ThreadPoolExecutor.java:1149)
	at java.util.concurrent.ThreadPoolExecutor$Worker.run(ThreadPoolExecutor.java:624)
	at java.lang.Thread.run(Thread.java:750)

Failure: [test(org.locationtech.spatial4j.io.PolyshapeReader_readPolygon_15631337210): null]
Failing Tests: test(org.locationtech.spatial4j.io.PolyshapeReader_readPolygon_15631337210)
java.lang.NullPointerException
	at org.locationtech.spatial4j.io.PolyshapeReader.readPolygon(PolyshapeReader.java:170)
	at sun.reflect.NativeMethodAccessorImpl.invoke0(Native Method)
	at sun.reflect.NativeMethodAccessorImpl.invoke(NativeMethodAccessorImpl.java:62)
	at sun.reflect.DelegatingMethodAccessorImpl.invoke(DelegatingMethodAccessorImpl.java:43)
	at java.lang.reflect.Method.invoke(Method.java:498)
	at org.locationtech.spatial4j.io.ReflectionUtils.callMethod(ReflectionUtils.java:238)
	at org.locationtech.spatial4j.io.PolyshapeReader_readPolygon_15631337210.test(PolyshapeReader_readPolygon_15631337210.java:90)
	at sun.reflect.NativeMethodAccessorImpl.invoke0(Native Method)
	at sun.reflect.NativeMethodAccessorImpl.invoke(NativeMethodAccessorImpl.java:62)
	at sun.reflect.DelegatingMethodAccessorImpl.invoke(DelegatingMethodAccessorImpl.java:43)
	at java.lang.reflect.Method.invoke(Method.java:498)
	at org.junit.runners.model.FrameworkMethod$1.runReflectiveCall(FrameworkMethod.java:47)
	at org.junit.internal.runners.model.ReflectiveCallable.run(ReflectiveCallable.java:12)
	at org.junit.runners.model.FrameworkMethod.invokeExplosively(FrameworkMethod.java:44)
	at org.junit.internal.runners.statements.InvokeMethod.evaluate(InvokeMethod.java:17)
	at org.junit.internal.runners.statements.RunBefores.evaluate(RunBefores.java:26)
	at org.junit.runners.ParentRunner.runLeaf(ParentRunner.java:271)
	at org.junit.runners.BlockJUnit4ClassRunner.runChild(BlockJUnit4ClassRunner.java:70)
	at org.junit.runners.BlockJUnit4ClassRunner.runChild(BlockJUnit4ClassRunner.java:50)
	at org.junit.runners.ParentRunner$3.run(ParentRunner.java:238)
	at org.junit.runners.ParentRunner$1.schedule(ParentRunner.java:63)
	at org.junit.runners.ParentRunner.runChildren(ParentRunner.java:236)
	at org.junit.runners.ParentRunner.access$000(ParentRunner.java:53)
	at org.junit.runners.ParentRunner$2.evaluate(ParentRunner.java:229)
	at org.junit.runners.ParentRunner.run(ParentRunner.java:309)
	at org.junit.runners.Suite.runChild(Suite.java:127)
	at org.junit.runners.Suite.runChild(Suite.java:26)
	at org.junit.runners.ParentRunner$3.run(ParentRunner.java:238)
	at org.junit.runners.ParentRunner$1.schedule(ParentRunner.java:63)
	at org.junit.runners.ParentRunner.runChildren(ParentRunner.java:236)
	at org.junit.runners.ParentRunner.access$000(ParentRunner.java:53)
	at org.junit.runners.ParentRunner$2.evaluate(ParentRunner.java:229)
	at org.junit.runners.ParentRunner.run(ParentRunner.java:309)
	at org.junit.runner.JUnitCore.run(JUnitCore.java:160)
	at org.junit.runner.JUnitCore.run(JUnitCore.java:138)
	at org.junit.runner.JUnitCore.run(JUnitCore.java:117)
	at sbst.benchmark.coverage.TestExecutionTask.call(TestExecutionTask.java:54)
	at sbst.benchmark.coverage.TestExecutionTask.call(TestExecutionTask.java:15)
	at java.util.concurrent.FutureTask.run(FutureTask.java:266)
	at java.util.concurrent.ThreadPoolExecutor.runWorker(ThreadPoolExecutor.java:1149)
	at java.util.concurrent.ThreadPoolExecutor$Worker.run(ThreadPoolExecutor.java:624)
	at java.lang.Thread.run(Thread.java:750)

Failure: [test(org.locationtech.spatial4j.io.PolyshapeReader_readPolygon_15631337211): null]
Failing Tests: test(org.locationtech.spatial4j.io.PolyshapeReader_readPolygon_15631337211)
java.lang.NullPointerException
	at org.locationtech.spatial4j.io.PolyshapeReader.readPolygon(PolyshapeReader.java:170)
	at sun.reflect.NativeMethodAccessorImpl.invoke0(Native Method)
	at sun.reflect.NativeMethodAccessorImpl.invoke(NativeMethodAccessorImpl.java:62)
	at sun.reflect.DelegatingMethodAccessorImpl.invoke(DelegatingMethodAccessorImpl.java:43)
	at java.lang.reflect.Method.invoke(Method.java:498)
	at org.locationtech.spatial4j.io.ReflectionUtils.callMethod(ReflectionUtils.java:238)
	at org.locationtech.spatial4j.io.PolyshapeReader_readPolygon_15631337211.test(PolyshapeReader_readPolygon_15631337211.java:40)
	at sun.reflect.NativeMethodAccessorImpl.invoke0(Native Method)
	at sun.reflect.NativeMethodAccessorImpl.invoke(NativeMethodAccessorImpl.java:62)
	at sun.reflect.DelegatingMethodAccessorImpl.invoke(DelegatingMethodAccessorImpl.java:43)
	at java.lang.reflect.Method.invoke(Method.java:498)
	at org.junit.runners.model.FrameworkMethod$1.runReflectiveCall(FrameworkMethod.java:47)
	at org.junit.internal.runners.model.ReflectiveCallable.run(ReflectiveCallable.java:12)
	at org.junit.runners.model.FrameworkMethod.invokeExplosively(FrameworkMethod.java:44)
	at org.junit.internal.runners.statements.InvokeMethod.evaluate(InvokeMethod.java:17)
	at org.junit.internal.runners.statements.RunBefores.evaluate(RunBefores.java:26)
	at org.junit.runners.ParentRunner.runLeaf(ParentRunner.java:271)
	at org.junit.runners.BlockJUnit4ClassRunner.runChild(BlockJUnit4ClassRunner.java:70)
	at org.junit.runners.BlockJUnit4ClassRunner.runChild(BlockJUnit4ClassRunner.java:50)
	at org.junit.runners.ParentRunner$3.run(ParentRunner.java:238)
	at org.junit.runners.ParentRunner$1.schedule(ParentRunner.java:63)
	at org.junit.runners.ParentRunner.runChildren(ParentRunner.java:236)
	at org.junit.runners.ParentRunner.access$000(ParentRunner.java:53)
	at org.junit.runners.ParentRunner$2.evaluate(ParentRunner.java:229)
	at org.junit.runners.ParentRunner.run(ParentRunner.java:309)
	at org.junit.runners.Suite.runChild(Suite.java:127)
	at org.junit.runners.Suite.runChild(Suite.java:26)
	at org.junit.runners.ParentRunner$3.run(ParentRunner.java:238)
	at org.junit.runners.ParentRunner$1.schedule(ParentRunner.java:63)
	at org.junit.runners.ParentRunner.runChildren(ParentRunner.java:236)
	at org.junit.runners.ParentRunner.access$000(ParentRunner.java:53)
	at org.junit.runners.ParentRunner$2.evaluate(ParentRunner.java:229)
	at org.junit.runners.ParentRunner.run(ParentRunner.java:309)
	at org.junit.runner.JUnitCore.run(JUnitCore.java:160)
	at org.junit.runner.JUnitCore.run(JUnitCore.java:138)
	at org.junit.runner.JUnitCore.run(JUnitCore.java:117)
	at sbst.benchmark.coverage.TestExecutionTask.call(TestExecutionTask.java:54)
	at sbst.benchmark.coverage.TestExecutionTask.call(TestExecutionTask.java:15)
	at java.util.concurrent.FutureTask.run(FutureTask.java:266)
	at java.util.concurrent.ThreadPoolExecutor.runWorker(ThreadPoolExecutor.java:1149)
	at java.util.concurrent.ThreadPoolExecutor$Worker.run(ThreadPoolExecutor.java:624)
	at java.lang.Thread.run(Thread.java:750)

Failure: [test(org.locationtech.spatial4j.io.PolyshapeReader_read_3323632840): expecting a shape key.  not 'j']
Failing Tests: test(org.locationtech.spatial4j.io.PolyshapeReader_read_3323632840)
java.text.ParseException: expecting a shape key.  not 'j'
	at org.locationtech.spatial4j.io.PolyshapeReader.read(PolyshapeReader.java:88)
	at org.locationtech.spatial4j.io.PolyshapeReader.read(PolyshapeReader.java:54)
	at sun.reflect.NativeMethodAccessorImpl.invoke0(Native Method)
	at sun.reflect.NativeMethodAccessorImpl.invoke(NativeMethodAccessorImpl.java:62)
	at sun.reflect.DelegatingMethodAccessorImpl.invoke(DelegatingMethodAccessorImpl.java:43)
	at java.lang.reflect.Method.invoke(Method.java:498)
	at org.locationtech.spatial4j.io.ReflectionUtils.callMethod(ReflectionUtils.java:238)
	at org.locationtech.spatial4j.io.PolyshapeReader_read_3323632840.test(PolyshapeReader_read_3323632840.java:85)
	at sun.reflect.NativeMethodAccessorImpl.invoke0(Native Method)
	at sun.reflect.NativeMethodAccessorImpl.invoke(NativeMethodAccessorImpl.java:62)
	at sun.reflect.DelegatingMethodAccessorImpl.invoke(DelegatingMethodAccessorImpl.java:43)
	at java.lang.reflect.Method.invoke(Method.java:498)
	at org.junit.runners.model.FrameworkMethod$1.runReflectiveCall(FrameworkMethod.java:47)
	at org.junit.internal.runners.model.ReflectiveCallable.run(ReflectiveCallable.java:12)
	at org.junit.runners.model.FrameworkMethod.invokeExplosively(FrameworkMethod.java:44)
	at org.junit.internal.runners.statements.InvokeMethod.evaluate(InvokeMethod.java:17)
	at org.junit.internal.runners.statements.RunBefores.evaluate(RunBefores.java:26)
	at org.junit.runners.ParentRunner.runLeaf(ParentRunner.java:271)
	at org.junit.runners.BlockJUnit4ClassRunner.runChild(BlockJUnit4ClassRunner.java:70)
	at org.junit.runners.BlockJUnit4ClassRunner.runChild(BlockJUnit4ClassRunner.java:50)
	at org.junit.runners.ParentRunner$3.run(ParentRunner.java:238)
	at org.junit.runners.ParentRunner$1.schedule(ParentRunner.java:63)
	at org.junit.runners.ParentRunner.runChildren(ParentRunner.java:236)
	at org.junit.runners.ParentRunner.access$000(ParentRunner.java:53)
	at org.junit.runners.ParentRunner$2.evaluate(ParentRunner.java:229)
	at org.junit.runners.ParentRunner.run(ParentRunner.java:309)
	at org.junit.runners.Suite.runChild(Suite.java:127)
	at org.junit.runners.Suite.runChild(Suite.java:26)
	at org.junit.runners.ParentRunner$3.run(ParentRunner.java:238)
	at org.junit.runners.ParentRunner$1.schedule(ParentRunner.java:63)
	at org.junit.runners.ParentRunner.runChildren(ParentRunner.java:236)
	at org.junit.runners.ParentRunner.access$000(ParentRunner.java:53)
	at org.junit.runners.ParentRunner$2.evaluate(ParentRunner.java:229)
	at org.junit.runners.ParentRunner.run(ParentRunner.java:309)
	at org.junit.runner.JUnitCore.run(JUnitCore.java:160)
	at org.junit.runner.JUnitCore.run(JUnitCore.java:138)
	at org.junit.runner.JUnitCore.run(JUnitCore.java:117)
	at sbst.benchmark.coverage.TestExecutionTask.call(TestExecutionTask.java:54)
	at sbst.benchmark.coverage.TestExecutionTask.call(TestExecutionTask.java:15)
	at java.util.concurrent.FutureTask.run(FutureTask.java:266)
	at java.util.concurrent.ThreadPoolExecutor.runWorker(ThreadPoolExecutor.java:1149)
	at java.util.concurrent.ThreadPoolExecutor$Worker.run(ThreadPoolExecutor.java:624)
	at java.lang.Thread.run(Thread.java:750)

Failure: [test(org.locationtech.spatial4j.io.PolyshapeReader_read_3323632841): null]
Failing Tests: test(org.locationtech.spatial4j.io.PolyshapeReader_read_3323632841)
java.lang.NullPointerException
	at org.locationtech.spatial4j.io.PolyshapeReader.read(PolyshapeReader.java:54)
	at sun.reflect.NativeMethodAccessorImpl.invoke0(Native Method)
	at sun.reflect.NativeMethodAccessorImpl.invoke(NativeMethodAccessorImpl.java:62)
	at sun.reflect.DelegatingMethodAccessorImpl.invoke(DelegatingMethodAccessorImpl.java:43)
	at java.lang.reflect.Method.invoke(Method.java:498)
	at org.locationtech.spatial4j.io.ReflectionUtils.callMethod(ReflectionUtils.java:238)
	at org.locationtech.spatial4j.io.PolyshapeReader_read_3323632841.test(PolyshapeReader_read_3323632841.java:40)
	at sun.reflect.NativeMethodAccessorImpl.invoke0(Native Method)
	at sun.reflect.NativeMethodAccessorImpl.invoke(NativeMethodAccessorImpl.java:62)
	at sun.reflect.DelegatingMethodAccessorImpl.invoke(DelegatingMethodAccessorImpl.java:43)
	at java.lang.reflect.Method.invoke(Method.java:498)
	at org.junit.runners.model.FrameworkMethod$1.runReflectiveCall(FrameworkMethod.java:47)
	at org.junit.internal.runners.model.ReflectiveCallable.run(ReflectiveCallable.java:12)
	at org.junit.runners.model.FrameworkMethod.invokeExplosively(FrameworkMethod.java:44)
	at org.junit.internal.runners.statements.InvokeMethod.evaluate(InvokeMethod.java:17)
	at org.junit.internal.runners.statements.RunBefores.evaluate(RunBefores.java:26)
	at org.junit.runners.ParentRunner.runLeaf(ParentRunner.java:271)
	at org.junit.runners.BlockJUnit4ClassRunner.runChild(BlockJUnit4ClassRunner.java:70)
	at org.junit.runners.BlockJUnit4ClassRunner.runChild(BlockJUnit4ClassRunner.java:50)
	at org.junit.runners.ParentRunner$3.run(ParentRunner.java:238)
	at org.junit.runners.ParentRunner$1.schedule(ParentRunner.java:63)
	at org.junit.runners.ParentRunner.runChildren(ParentRunner.java:236)
	at org.junit.runners.ParentRunner.access$000(ParentRunner.java:53)
	at org.junit.runners.ParentRunner$2.evaluate(ParentRunner.java:229)
	at org.junit.runners.ParentRunner.run(ParentRunner.java:309)
	at org.junit.runners.Suite.runChild(Suite.java:127)
	at org.junit.runners.Suite.runChild(Suite.java:26)
	at org.junit.runners.ParentRunner$3.run(ParentRunner.java:238)
	at org.junit.runners.ParentRunner$1.schedule(ParentRunner.java:63)
	at org.junit.runners.ParentRunner.runChildren(ParentRunner.java:236)
	at org.junit.runners.ParentRunner.access$000(ParentRunner.java:53)
	at org.junit.runners.ParentRunner$2.evaluate(ParentRunner.java:229)
	at org.junit.runners.ParentRunner.run(ParentRunner.java:309)
	at org.junit.runner.JUnitCore.run(JUnitCore.java:160)
	at org.junit.runner.JUnitCore.run(JUnitCore.java:138)
	at org.junit.runner.JUnitCore.run(JUnitCore.java:117)
	at sbst.benchmark.coverage.TestExecutionTask.call(TestExecutionTask.java:54)
	at sbst.benchmark.coverage.TestExecutionTask.call(TestExecutionTask.java:15)
	at java.util.concurrent.FutureTask.run(FutureTask.java:266)
	at java.util.concurrent.ThreadPoolExecutor.runWorker(ThreadPoolExecutor.java:1149)
	at java.util.concurrent.ThreadPoolExecutor$Worker.run(ThreadPoolExecutor.java:624)
	at java.lang.Thread.run(Thread.java:750)

Failure: [test(org.locationtech.spatial4j.io.PolyshapeReader_read_3416123840): null]
Failing Tests: test(org.locationtech.spatial4j.io.PolyshapeReader_read_3416123840)
java.lang.NullPointerException
	at org.locationtech.spatial4j.io.PolyshapeReader$XReader.<init>(PolyshapeReader.java:199)
	at org.locationtech.spatial4j.io.PolyshapeReader.read(PolyshapeReader.java:77)
	at sun.reflect.NativeMethodAccessorImpl.invoke0(Native Method)
	at sun.reflect.NativeMethodAccessorImpl.invoke(NativeMethodAccessorImpl.java:62)
	at sun.reflect.DelegatingMethodAccessorImpl.invoke(DelegatingMethodAccessorImpl.java:43)
	at java.lang.reflect.Method.invoke(Method.java:498)
	at org.locationtech.spatial4j.io.ReflectionUtils.callMethod(ReflectionUtils.java:238)
	at org.locationtech.spatial4j.io.PolyshapeReader_read_3416123840.test(PolyshapeReader_read_3416123840.java:83)
	at sun.reflect.NativeMethodAccessorImpl.invoke0(Native Method)
	at sun.reflect.NativeMethodAccessorImpl.invoke(NativeMethodAccessorImpl.java:62)
	at sun.reflect.DelegatingMethodAccessorImpl.invoke(DelegatingMethodAccessorImpl.java:43)
	at java.lang.reflect.Method.invoke(Method.java:498)
	at org.junit.runners.model.FrameworkMethod$1.runReflectiveCall(FrameworkMethod.java:47)
	at org.junit.internal.runners.model.ReflectiveCallable.run(ReflectiveCallable.java:12)
	at org.junit.runners.model.FrameworkMethod.invokeExplosively(FrameworkMethod.java:44)
	at org.junit.internal.runners.statements.InvokeMethod.evaluate(InvokeMethod.java:17)
	at org.junit.internal.runners.statements.RunBefores.evaluate(RunBefores.java:26)
	at org.junit.runners.ParentRunner.runLeaf(ParentRunner.java:271)
	at org.junit.runners.BlockJUnit4ClassRunner.runChild(BlockJUnit4ClassRunner.java:70)
	at org.junit.runners.BlockJUnit4ClassRunner.runChild(BlockJUnit4ClassRunner.java:50)
	at org.junit.runners.ParentRunner$3.run(ParentRunner.java:238)
	at org.junit.runners.ParentRunner$1.schedule(ParentRunner.java:63)
	at org.junit.runners.ParentRunner.runChildren(ParentRunner.java:236)
	at org.junit.runners.ParentRunner.access$000(ParentRunner.java:53)
	at org.junit.runners.ParentRunner$2.evaluate(ParentRunner.java:229)
	at org.junit.runners.ParentRunner.run(ParentRunner.java:309)
	at org.junit.runners.Suite.runChild(Suite.java:127)
	at org.junit.runners.Suite.runChild(Suite.java:26)
	at org.junit.runners.ParentRunner$3.run(ParentRunner.java:238)
	at org.junit.runners.ParentRunner$1.schedule(ParentRunner.java:63)
	at org.junit.runners.ParentRunner.runChildren(ParentRunner.java:236)
	at org.junit.runners.ParentRunner.access$000(ParentRunner.java:53)
	at org.junit.runners.ParentRunner$2.evaluate(ParentRunner.java:229)
	at org.junit.runners.ParentRunner.run(ParentRunner.java:309)
	at org.junit.runner.JUnitCore.run(JUnitCore.java:160)
	at org.junit.runner.JUnitCore.run(JUnitCore.java:138)
	at org.junit.runner.JUnitCore.run(JUnitCore.java:117)
	at sbst.benchmark.coverage.TestExecutionTask.call(TestExecutionTask.java:54)
	at sbst.benchmark.coverage.TestExecutionTask.call(TestExecutionTask.java:15)
	at java.util.concurrent.FutureTask.run(FutureTask.java:266)
	at java.util.concurrent.ThreadPoolExecutor.runWorker(ThreadPoolExecutor.java:1149)
	at java.util.concurrent.ThreadPoolExecutor$Worker.run(ThreadPoolExecutor.java:624)
	at java.lang.Thread.run(Thread.java:750)

Failure: [test(org.locationtech.spatial4j.io.PolyshapeReader_read_3416123841): null]
Failing Tests: test(org.locationtech.spatial4j.io.PolyshapeReader_read_3416123841)
java.lang.NullPointerException
	at org.locationtech.spatial4j.io.PolyshapeReader$XReader.<init>(PolyshapeReader.java:199)
	at org.locationtech.spatial4j.io.PolyshapeReader.read(PolyshapeReader.java:77)
	at sun.reflect.NativeMethodAccessorImpl.invoke0(Native Method)
	at sun.reflect.NativeMethodAccessorImpl.invoke(NativeMethodAccessorImpl.java:62)
	at sun.reflect.DelegatingMethodAccessorImpl.invoke(DelegatingMethodAccessorImpl.java:43)
	at java.lang.reflect.Method.invoke(Method.java:498)
	at org.locationtech.spatial4j.io.ReflectionUtils.callMethod(ReflectionUtils.java:238)
	at org.locationtech.spatial4j.io.PolyshapeReader_read_3416123841.test(PolyshapeReader_read_3416123841.java:40)
	at sun.reflect.NativeMethodAccessorImpl.invoke0(Native Method)
	at sun.reflect.NativeMethodAccessorImpl.invoke(NativeMethodAccessorImpl.java:62)
	at sun.reflect.DelegatingMethodAccessorImpl.invoke(DelegatingMethodAccessorImpl.java:43)
	at java.lang.reflect.Method.invoke(Method.java:498)
	at org.junit.runners.model.FrameworkMethod$1.runReflectiveCall(FrameworkMethod.java:47)
	at org.junit.internal.runners.model.ReflectiveCallable.run(ReflectiveCallable.java:12)
	at org.junit.runners.model.FrameworkMethod.invokeExplosively(FrameworkMethod.java:44)
	at org.junit.internal.runners.statements.InvokeMethod.evaluate(InvokeMethod.java:17)
	at org.junit.internal.runners.statements.RunBefores.evaluate(RunBefores.java:26)
	at org.junit.runners.ParentRunner.runLeaf(ParentRunner.java:271)
	at org.junit.runners.BlockJUnit4ClassRunner.runChild(BlockJUnit4ClassRunner.java:70)
	at org.junit.runners.BlockJUnit4ClassRunner.runChild(BlockJUnit4ClassRunner.java:50)
	at org.junit.runners.ParentRunner$3.run(ParentRunner.java:238)
	at org.junit.runners.ParentRunner$1.schedule(ParentRunner.java:63)
	at org.junit.runners.ParentRunner.runChildren(ParentRunner.java:236)
	at org.junit.runners.ParentRunner.access$000(ParentRunner.java:53)
	at org.junit.runners.ParentRunner$2.evaluate(ParentRunner.java:229)
	at org.junit.runners.ParentRunner.run(ParentRunner.java:309)
	at org.junit.runners.Suite.runChild(Suite.java:127)
	at org.junit.runners.Suite.runChild(Suite.java:26)
	at org.junit.runners.ParentRunner$3.run(ParentRunner.java:238)
	at org.junit.runners.ParentRunner$1.schedule(ParentRunner.java:63)
	at org.junit.runners.ParentRunner.runChildren(ParentRunner.java:236)
	at org.junit.runners.ParentRunner.access$000(ParentRunner.java:53)
	at org.junit.runners.ParentRunner$2.evaluate(ParentRunner.java:229)
	at org.junit.runners.ParentRunner.run(ParentRunner.java:309)
	at org.junit.runner.JUnitCore.run(JUnitCore.java:160)
	at org.junit.runner.JUnitCore.run(JUnitCore.java:138)
	at org.junit.runner.JUnitCore.run(JUnitCore.java:117)
	at sbst.benchmark.coverage.TestExecutionTask.call(TestExecutionTask.java:54)
	at sbst.benchmark.coverage.TestExecutionTask.call(TestExecutionTask.java:15)
	at java.util.concurrent.FutureTask.run(FutureTask.java:266)
	at java.util.concurrent.ThreadPoolExecutor.runWorker(ThreadPoolExecutor.java:1149)
	at java.util.concurrent.ThreadPoolExecutor$Worker.run(ThreadPoolExecutor.java:624)
	at java.lang.Thread.run(Thread.java:750)

Failure: [initializationError(org.locationtech.spatial4j.io.ReflectionUtils): No runnable methods]
Failing Tests: initializationError(org.locationtech.spatial4j.io.ReflectionUtils)
java.lang.Exception: No runnable methods
	at org.junit.runners.BlockJUnit4ClassRunner.validateInstanceMethods(BlockJUnit4ClassRunner.java:169)
	at org.junit.runners.BlockJUnit4ClassRunner.collectInitializationErrors(BlockJUnit4ClassRunner.java:104)
	at org.junit.runners.ParentRunner.validate(ParentRunner.java:355)
	at org.junit.runners.ParentRunner.<init>(ParentRunner.java:76)
	at org.junit.runners.BlockJUnit4ClassRunner.<init>(BlockJUnit4ClassRunner.java:57)
	at org.junit.internal.builders.JUnit4Builder.runnerForClass(JUnit4Builder.java:10)
	at org.junit.runners.model.RunnerBuilder.safeRunnerForClass(RunnerBuilder.java:59)
	at org.junit.internal.builders.AllDefaultPossibilitiesBuilder.runnerForClass(AllDefaultPossibilitiesBuilder.java:26)
	at org.junit.runner.Computer.getRunner(Computer.java:40)
	at org.junit.runner.Computer$1.runnerForClass(Computer.java:31)
	at org.junit.runners.model.RunnerBuilder.safeRunnerForClass(RunnerBuilder.java:59)
	at org.junit.runners.model.RunnerBuilder.runners(RunnerBuilder.java:101)
	at org.junit.runners.model.RunnerBuilder.runners(RunnerBuilder.java:87)
	at org.junit.runners.Suite.<init>(Suite.java:80)
	at org.junit.runner.Computer.getSuite(Computer.java:28)
	at org.junit.runner.Request.classes(Request.java:75)
	at org.junit.runner.JUnitCore.run(JUnitCore.java:117)
	at sbst.benchmark.coverage.TestExecutionTask.call(TestExecutionTask.java:54)
	at sbst.benchmark.coverage.TestExecutionTask.call(TestExecutionTask.java:15)
	at java.util.concurrent.FutureTask.run(FutureTask.java:266)
	at java.util.concurrent.ThreadPoolExecutor.runWorker(ThreadPoolExecutor.java:1149)
	at java.util.concurrent.ThreadPoolExecutor$Worker.run(ThreadPoolExecutor.java:624)
	at java.lang.Thread.run(Thread.java:750)

Executions terminated
Running the tests: [SBSTDummyForCoverageAndMutationCalculation, org.locationtech.spatial4j.io.EqualityUtils, org.locationtech.spatial4j.io.PolyshapeReader_getFormatName_6997097930, org.locationtech.spatial4j.io.PolyshapeReader_getFormatName_6997097931, org.locationtech.spatial4j.io.PolyshapeReader_init_5273912480, org.locationtech.spatial4j.io.PolyshapeReader_init_5273912481, org.locationtech.spatial4j.io.PolyshapeReader_readIfSupported_15791840490, org.locationtech.spatial4j.io.PolyshapeReader_readIfSupported_15791840491, org.locationtech.spatial4j.io.PolyshapeReader_readPolygon_15631337210, org.locationtech.spatial4j.io.PolyshapeReader_readPolygon_15631337211, org.locationtech.spatial4j.io.PolyshapeReader_read_3323632840, org.locationtech.spatial4j.io.PolyshapeReader_read_3323632841, org.locationtech.spatial4j.io.PolyshapeReader_read_3416123840, org.locationtech.spatial4j.io.PolyshapeReader_read_3416123841, org.locationtech.spatial4j.io.ReflectionUtils]
Failure: [initializationError(org.locationtech.spatial4j.io.EqualityUtils): No runnable methods]
Failing Tests: initializationError(org.locationtech.spatial4j.io.EqualityUtils)
java.lang.Exception: No runnable methods
	at org.junit.runners.BlockJUnit4ClassRunner.validateInstanceMethods(BlockJUnit4ClassRunner.java:169)
	at org.junit.runners.BlockJUnit4ClassRunner.collectInitializationErrors(BlockJUnit4ClassRunner.java:104)
	at org.junit.runners.ParentRunner.validate(ParentRunner.java:355)
	at org.junit.runners.ParentRunner.<init>(ParentRunner.java:76)
	at org.junit.runners.BlockJUnit4ClassRunner.<init>(BlockJUnit4ClassRunner.java:57)
	at org.junit.internal.builders.JUnit4Builder.runnerForClass(JUnit4Builder.java:10)
	at org.junit.runners.model.RunnerBuilder.safeRunnerForClass(RunnerBuilder.java:59)
	at org.junit.internal.builders.AllDefaultPossibilitiesBuilder.runnerForClass(AllDefaultPossibilitiesBuilder.java:26)
	at org.junit.runner.Computer.getRunner(Computer.java:40)
	at org.junit.runner.Computer$1.runnerForClass(Computer.java:31)
	at org.junit.runners.model.RunnerBuilder.safeRunnerForClass(RunnerBuilder.java:59)
	at org.junit.runners.model.RunnerBuilder.runners(RunnerBuilder.java:101)
	at org.junit.runners.model.RunnerBuilder.runners(RunnerBuilder.java:87)
	at org.junit.runners.Suite.<init>(Suite.java:80)
	at org.junit.runner.Computer.getSuite(Computer.java:28)
	at org.junit.runner.Request.classes(Request.java:75)
	at org.junit.runner.JUnitCore.run(JUnitCore.java:117)
	at sbst.benchmark.coverage.TestExecutionTask.call(TestExecutionTask.java:54)
	at sbst.benchmark.coverage.TestExecutionTask.call(TestExecutionTask.java:15)
	at java.util.concurrent.FutureTask.run(FutureTask.java:266)
	at java.util.concurrent.ThreadPoolExecutor.runWorker(ThreadPoolExecutor.java:1149)
	at java.util.concurrent.ThreadPoolExecutor$Worker.run(ThreadPoolExecutor.java:624)
	at java.lang.Thread.run(Thread.java:750)

Failure: [test(org.locationtech.spatial4j.io.PolyshapeReader_init_5273912481): null]
Failing Tests: test(org.locationtech.spatial4j.io.PolyshapeReader_init_5273912481)
java.lang.reflect.InvocationTargetException
	at sun.reflect.NativeConstructorAccessorImpl.newInstance0(Native Method)
	at sun.reflect.NativeConstructorAccessorImpl.newInstance(NativeConstructorAccessorImpl.java:62)
	at sun.reflect.DelegatingConstructorAccessorImpl.newInstance(DelegatingConstructorAccessorImpl.java:45)
	at java.lang.reflect.Constructor.newInstance(Constructor.java:423)
	at org.locationtech.spatial4j.io.ReflectionUtils.callConstructor(ReflectionUtils.java:231)
	at org.locationtech.spatial4j.io.PolyshapeReader_init_5273912481.test(PolyshapeReader_init_5273912481.java:38)
	at sun.reflect.NativeMethodAccessorImpl.invoke0(Native Method)
	at sun.reflect.NativeMethodAccessorImpl.invoke(NativeMethodAccessorImpl.java:62)
	at sun.reflect.DelegatingMethodAccessorImpl.invoke(DelegatingMethodAccessorImpl.java:43)
	at java.lang.reflect.Method.invoke(Method.java:498)
	at org.junit.runners.model.FrameworkMethod$1.runReflectiveCall(FrameworkMethod.java:47)
	at org.junit.internal.runners.model.ReflectiveCallable.run(ReflectiveCallable.java:12)
	at org.junit.runners.model.FrameworkMethod.invokeExplosively(FrameworkMethod.java:44)
	at org.junit.internal.runners.statements.InvokeMethod.evaluate(InvokeMethod.java:17)
	at org.junit.internal.runners.statements.RunBefores.evaluate(RunBefores.java:26)
	at org.junit.runners.ParentRunner.runLeaf(ParentRunner.java:271)
	at org.junit.runners.BlockJUnit4ClassRunner.runChild(BlockJUnit4ClassRunner.java:70)
	at org.junit.runners.BlockJUnit4ClassRunner.runChild(BlockJUnit4ClassRunner.java:50)
	at org.junit.runners.ParentRunner$3.run(ParentRunner.java:238)
	at org.junit.runners.ParentRunner$1.schedule(ParentRunner.java:63)
	at org.junit.runners.ParentRunner.runChildren(ParentRunner.java:236)
	at org.junit.runners.ParentRunner.access$000(ParentRunner.java:53)
	at org.junit.runners.ParentRunner$2.evaluate(ParentRunner.java:229)
	at org.junit.runners.ParentRunner.run(ParentRunner.java:309)
	at org.junit.runners.Suite.runChild(Suite.java:127)
	at org.junit.runners.Suite.runChild(Suite.java:26)
	at org.junit.runners.ParentRunner$3.run(ParentRunner.java:238)
	at org.junit.runners.ParentRunner$1.schedule(ParentRunner.java:63)
	at org.junit.runners.ParentRunner.runChildren(ParentRunner.java:236)
	at org.junit.runners.ParentRunner.access$000(ParentRunner.java:53)
	at org.junit.runners.ParentRunner$2.evaluate(ParentRunner.java:229)
	at org.junit.runners.ParentRunner.run(ParentRunner.java:309)
	at org.junit.runner.JUnitCore.run(JUnitCore.java:160)
	at org.junit.runner.JUnitCore.run(JUnitCore.java:138)
	at org.junit.runner.JUnitCore.run(JUnitCore.java:117)
	at sbst.benchmark.coverage.TestExecutionTask.call(TestExecutionTask.java:54)
	at sbst.benchmark.coverage.TestExecutionTask.call(TestExecutionTask.java:15)
	at java.util.concurrent.FutureTask.run(FutureTask.java:266)
	at java.util.concurrent.ThreadPoolExecutor.runWorker(ThreadPoolExecutor.java:1149)
	at java.util.concurrent.ThreadPoolExecutor$Worker.run(ThreadPoolExecutor.java:624)
	at java.lang.Thread.run(Thread.java:750)
Caused by: java.lang.NullPointerException
	at org.locationtech.spatial4j.io.PolyshapeReader.<init>(PolyshapeReader.java:44)
	... 41 more

Failure: [test(org.locationtech.spatial4j.io.PolyshapeReader_readIfSupported_15791840491): null]
Failing Tests: test(org.locationtech.spatial4j.io.PolyshapeReader_readIfSupported_15791840491)
java.lang.NullPointerException
	at org.locationtech.spatial4j.io.PolyshapeReader.readIfSupported(PolyshapeReader.java:59)
	at sun.reflect.NativeMethodAccessorImpl.invoke0(Native Method)
	at sun.reflect.NativeMethodAccessorImpl.invoke(NativeMethodAccessorImpl.java:62)
	at sun.reflect.DelegatingMethodAccessorImpl.invoke(DelegatingMethodAccessorImpl.java:43)
	at java.lang.reflect.Method.invoke(Method.java:498)
	at org.locationtech.spatial4j.io.ReflectionUtils.callMethod(ReflectionUtils.java:238)
	at org.locationtech.spatial4j.io.PolyshapeReader_readIfSupported_15791840491.test(PolyshapeReader_readIfSupported_15791840491.java:40)
	at sun.reflect.NativeMethodAccessorImpl.invoke0(Native Method)
	at sun.reflect.NativeMethodAccessorImpl.invoke(NativeMethodAccessorImpl.java:62)
	at sun.reflect.DelegatingMethodAccessorImpl.invoke(DelegatingMethodAccessorImpl.java:43)
	at java.lang.reflect.Method.invoke(Method.java:498)
	at org.junit.runners.model.FrameworkMethod$1.runReflectiveCall(FrameworkMethod.java:47)
	at org.junit.internal.runners.model.ReflectiveCallable.run(ReflectiveCallable.java:12)
	at org.junit.runners.model.FrameworkMethod.invokeExplosively(FrameworkMethod.java:44)
	at org.junit.internal.runners.statements.InvokeMethod.evaluate(InvokeMethod.java:17)
	at org.junit.internal.runners.statements.RunBefores.evaluate(RunBefores.java:26)
	at org.junit.runners.ParentRunner.runLeaf(ParentRunner.java:271)
	at org.junit.runners.BlockJUnit4ClassRunner.runChild(BlockJUnit4ClassRunner.java:70)
	at org.junit.runners.BlockJUnit4ClassRunner.runChild(BlockJUnit4ClassRunner.java:50)
	at org.junit.runners.ParentRunner$3.run(ParentRunner.java:238)
	at org.junit.runners.ParentRunner$1.schedule(ParentRunner.java:63)
	at org.junit.runners.ParentRunner.runChildren(ParentRunner.java:236)
	at org.junit.runners.ParentRunner.access$000(ParentRunner.java:53)
	at org.junit.runners.ParentRunner$2.evaluate(ParentRunner.java:229)
	at org.junit.runners.ParentRunner.run(ParentRunner.java:309)
	at org.junit.runners.Suite.runChild(Suite.java:127)
	at org.junit.runners.Suite.runChild(Suite.java:26)
	at org.junit.runners.ParentRunner$3.run(ParentRunner.java:238)
	at org.junit.runners.ParentRunner$1.schedule(ParentRunner.java:63)
	at org.junit.runners.ParentRunner.runChildren(ParentRunner.java:236)
	at org.junit.runners.ParentRunner.access$000(ParentRunner.java:53)
	at org.junit.runners.ParentRunner$2.evaluate(ParentRunner.java:229)
	at org.junit.runners.ParentRunner.run(ParentRunner.java:309)
	at org.junit.runner.JUnitCore.run(JUnitCore.java:160)
	at org.junit.runner.JUnitCore.run(JUnitCore.java:138)
	at org.junit.runner.JUnitCore.run(JUnitCore.java:117)
	at sbst.benchmark.coverage.TestExecutionTask.call(TestExecutionTask.java:54)
	at sbst.benchmark.coverage.TestExecutionTask.call(TestExecutionTask.java:15)
	at java.util.concurrent.FutureTask.run(FutureTask.java:266)
	at java.util.concurrent.ThreadPoolExecutor.runWorker(ThreadPoolExecutor.java:1149)
	at java.util.concurrent.ThreadPoolExecutor$Worker.run(ThreadPoolExecutor.java:624)
	at java.lang.Thread.run(Thread.java:750)

Failure: [test(org.locationtech.spatial4j.io.PolyshapeReader_readPolygon_15631337210): null]
Failing Tests: test(org.locationtech.spatial4j.io.PolyshapeReader_readPolygon_15631337210)
java.lang.NullPointerException
	at org.locationtech.spatial4j.io.PolyshapeReader.readPolygon(PolyshapeReader.java:170)
	at sun.reflect.NativeMethodAccessorImpl.invoke0(Native Method)
	at sun.reflect.NativeMethodAccessorImpl.invoke(NativeMethodAccessorImpl.java:62)
	at sun.reflect.DelegatingMethodAccessorImpl.invoke(DelegatingMethodAccessorImpl.java:43)
	at java.lang.reflect.Method.invoke(Method.java:498)
	at org.locationtech.spatial4j.io.ReflectionUtils.callMethod(ReflectionUtils.java:238)
	at org.locationtech.spatial4j.io.PolyshapeReader_readPolygon_15631337210.test(PolyshapeReader_readPolygon_15631337210.java:90)
	at sun.reflect.NativeMethodAccessorImpl.invoke0(Native Method)
	at sun.reflect.NativeMethodAccessorImpl.invoke(NativeMethodAccessorImpl.java:62)
	at sun.reflect.DelegatingMethodAccessorImpl.invoke(DelegatingMethodAccessorImpl.java:43)
	at java.lang.reflect.Method.invoke(Method.java:498)
	at org.junit.runners.model.FrameworkMethod$1.runReflectiveCall(FrameworkMethod.java:47)
	at org.junit.internal.runners.model.ReflectiveCallable.run(ReflectiveCallable.java:12)
	at org.junit.runners.model.FrameworkMethod.invokeExplosively(FrameworkMethod.java:44)
	at org.junit.internal.runners.statements.InvokeMethod.evaluate(InvokeMethod.java:17)
	at org.junit.internal.runners.statements.RunBefores.evaluate(RunBefores.java:26)
	at org.junit.runners.ParentRunner.runLeaf(ParentRunner.java:271)
	at org.junit.runners.BlockJUnit4ClassRunner.runChild(BlockJUnit4ClassRunner.java:70)
	at org.junit.runners.BlockJUnit4ClassRunner.runChild(BlockJUnit4ClassRunner.java:50)
	at org.junit.runners.ParentRunner$3.run(ParentRunner.java:238)
	at org.junit.runners.ParentRunner$1.schedule(ParentRunner.java:63)
	at org.junit.runners.ParentRunner.runChildren(ParentRunner.java:236)
	at org.junit.runners.ParentRunner.access$000(ParentRunner.java:53)
	at org.junit.runners.ParentRunner$2.evaluate(ParentRunner.java:229)
	at org.junit.runners.ParentRunner.run(ParentRunner.java:309)
	at org.junit.runners.Suite.runChild(Suite.java:127)
	at org.junit.runners.Suite.runChild(Suite.java:26)
	at org.junit.runners.ParentRunner$3.run(ParentRunner.java:238)
	at org.junit.runners.ParentRunner$1.schedule(ParentRunner.java:63)
	at org.junit.runners.ParentRunner.runChildren(ParentRunner.java:236)
	at org.junit.runners.ParentRunner.access$000(ParentRunner.java:53)
	at org.junit.runners.ParentRunner$2.evaluate(ParentRunner.java:229)
	at org.junit.runners.ParentRunner.run(ParentRunner.java:309)
	at org.junit.runner.JUnitCore.run(JUnitCore.java:160)
	at org.junit.runner.JUnitCore.run(JUnitCore.java:138)
	at org.junit.runner.JUnitCore.run(JUnitCore.java:117)
	at sbst.benchmark.coverage.TestExecutionTask.call(TestExecutionTask.java:54)
	at sbst.benchmark.coverage.TestExecutionTask.call(TestExecutionTask.java:15)
	at java.util.concurrent.FutureTask.run(FutureTask.java:266)
	at java.util.concurrent.ThreadPoolExecutor.runWorker(ThreadPoolExecutor.java:1149)
	at java.util.concurrent.ThreadPoolExecutor$Worker.run(ThreadPoolExecutor.java:624)
	at java.lang.Thread.run(Thread.java:750)

Failure: [test(org.locationtech.spatial4j.io.PolyshapeReader_readPolygon_15631337211): null]
Failing Tests: test(org.locationtech.spatial4j.io.PolyshapeReader_readPolygon_15631337211)
java.lang.NullPointerException
	at org.locationtech.spatial4j.io.PolyshapeReader.readPolygon(PolyshapeReader.java:170)
	at sun.reflect.NativeMethodAccessorImpl.invoke0(Native Method)
	at sun.reflect.NativeMethodAccessorImpl.invoke(NativeMethodAccessorImpl.java:62)
	at sun.reflect.DelegatingMethodAccessorImpl.invoke(DelegatingMethodAccessorImpl.java:43)
	at java.lang.reflect.Method.invoke(Method.java:498)
	at org.locationtech.spatial4j.io.ReflectionUtils.callMethod(ReflectionUtils.java:238)
	at org.locationtech.spatial4j.io.PolyshapeReader_readPolygon_15631337211.test(PolyshapeReader_readPolygon_15631337211.java:40)
	at sun.reflect.NativeMethodAccessorImpl.invoke0(Native Method)
	at sun.reflect.NativeMethodAccessorImpl.invoke(NativeMethodAccessorImpl.java:62)
	at sun.reflect.DelegatingMethodAccessorImpl.invoke(DelegatingMethodAccessorImpl.java:43)
	at java.lang.reflect.Method.invoke(Method.java:498)
	at org.junit.runners.model.FrameworkMethod$1.runReflectiveCall(FrameworkMethod.java:47)
	at org.junit.internal.runners.model.ReflectiveCallable.run(ReflectiveCallable.java:12)
	at org.junit.runners.model.FrameworkMethod.invokeExplosively(FrameworkMethod.java:44)
	at org.junit.internal.runners.statements.InvokeMethod.evaluate(InvokeMethod.java:17)
	at org.junit.internal.runners.statements.RunBefores.evaluate(RunBefores.java:26)
	at org.junit.runners.ParentRunner.runLeaf(ParentRunner.java:271)
	at org.junit.runners.BlockJUnit4ClassRunner.runChild(BlockJUnit4ClassRunner.java:70)
	at org.junit.runners.BlockJUnit4ClassRunner.runChild(BlockJUnit4ClassRunner.java:50)
	at org.junit.runners.ParentRunner$3.run(ParentRunner.java:238)
	at org.junit.runners.ParentRunner$1.schedule(ParentRunner.java:63)
	at org.junit.runners.ParentRunner.runChildren(ParentRunner.java:236)
	at org.junit.runners.ParentRunner.access$000(ParentRunner.java:53)
	at org.junit.runners.ParentRunner$2.evaluate(ParentRunner.java:229)
	at org.junit.runners.ParentRunner.run(ParentRunner.java:309)
	at org.junit.runners.Suite.runChild(Suite.java:127)
	at org.junit.runners.Suite.runChild(Suite.java:26)
	at org.junit.runners.ParentRunner$3.run(ParentRunner.java:238)
	at org.junit.runners.ParentRunner$1.schedule(ParentRunner.java:63)
	at org.junit.runners.ParentRunner.runChildren(ParentRunner.java:236)
	at org.junit.runners.ParentRunner.access$000(ParentRunner.java:53)
	at org.junit.runners.ParentRunner$2.evaluate(ParentRunner.java:229)
	at org.junit.runners.ParentRunner.run(ParentRunner.java:309)
	at org.junit.runner.JUnitCore.run(JUnitCore.java:160)
	at org.junit.runner.JUnitCore.run(JUnitCore.java:138)
	at org.junit.runner.JUnitCore.run(JUnitCore.java:117)
	at sbst.benchmark.coverage.TestExecutionTask.call(TestExecutionTask.java:54)
	at sbst.benchmark.coverage.TestExecutionTask.call(TestExecutionTask.java:15)
	at java.util.concurrent.FutureTask.run(FutureTask.java:266)
	at java.util.concurrent.ThreadPoolExecutor.runWorker(ThreadPoolExecutor.java:1149)
	at java.util.concurrent.ThreadPoolExecutor$Worker.run(ThreadPoolExecutor.java:624)
	at java.lang.Thread.run(Thread.java:750)

Failure: [test(org.locationtech.spatial4j.io.PolyshapeReader_read_3323632840): expecting a shape key.  not 'j']
Failing Tests: test(org.locationtech.spatial4j.io.PolyshapeReader_read_3323632840)
java.text.ParseException: expecting a shape key.  not 'j'
	at org.locationtech.spatial4j.io.PolyshapeReader.read(PolyshapeReader.java:88)
	at org.locationtech.spatial4j.io.PolyshapeReader.read(PolyshapeReader.java:54)
	at sun.reflect.NativeMethodAccessorImpl.invoke0(Native Method)
	at sun.reflect.NativeMethodAccessorImpl.invoke(NativeMethodAccessorImpl.java:62)
	at sun.reflect.DelegatingMethodAccessorImpl.invoke(DelegatingMethodAccessorImpl.java:43)
	at java.lang.reflect.Method.invoke(Method.java:498)
	at org.locationtech.spatial4j.io.ReflectionUtils.callMethod(ReflectionUtils.java:238)
	at org.locationtech.spatial4j.io.PolyshapeReader_read_3323632840.test(PolyshapeReader_read_3323632840.java:85)
	at sun.reflect.NativeMethodAccessorImpl.invoke0(Native Method)
	at sun.reflect.NativeMethodAccessorImpl.invoke(NativeMethodAccessorImpl.java:62)
	at sun.reflect.DelegatingMethodAccessorImpl.invoke(DelegatingMethodAccessorImpl.java:43)
	at java.lang.reflect.Method.invoke(Method.java:498)
	at org.junit.runners.model.FrameworkMethod$1.runReflectiveCall(FrameworkMethod.java:47)
	at org.junit.internal.runners.model.ReflectiveCallable.run(ReflectiveCallable.java:12)
	at org.junit.runners.model.FrameworkMethod.invokeExplosively(FrameworkMethod.java:44)
	at org.junit.internal.runners.statements.InvokeMethod.evaluate(InvokeMethod.java:17)
	at org.junit.internal.runners.statements.RunBefores.evaluate(RunBefores.java:26)
	at org.junit.runners.ParentRunner.runLeaf(ParentRunner.java:271)
	at org.junit.runners.BlockJUnit4ClassRunner.runChild(BlockJUnit4ClassRunner.java:70)
	at org.junit.runners.BlockJUnit4ClassRunner.runChild(BlockJUnit4ClassRunner.java:50)
	at org.junit.runners.ParentRunner$3.run(ParentRunner.java:238)
	at org.junit.runners.ParentRunner$1.schedule(ParentRunner.java:63)
	at org.junit.runners.ParentRunner.runChildren(ParentRunner.java:236)
	at org.junit.runners.ParentRunner.access$000(ParentRunner.java:53)
	at org.junit.runners.ParentRunner$2.evaluate(ParentRunner.java:229)
	at org.junit.runners.ParentRunner.run(ParentRunner.java:309)
	at org.junit.runners.Suite.runChild(Suite.java:127)
	at org.junit.runners.Suite.runChild(Suite.java:26)
	at org.junit.runners.ParentRunner$3.run(ParentRunner.java:238)
	at org.junit.runners.ParentRunner$1.schedule(ParentRunner.java:63)
	at org.junit.runners.ParentRunner.runChildren(ParentRunner.java:236)
	at org.junit.runners.ParentRunner.access$000(ParentRunner.java:53)
	at org.junit.runners.ParentRunner$2.evaluate(ParentRunner.java:229)
	at org.junit.runners.ParentRunner.run(ParentRunner.java:309)
	at org.junit.runner.JUnitCore.run(JUnitCore.java:160)
	at org.junit.runner.JUnitCore.run(JUnitCore.java:138)
	at org.junit.runner.JUnitCore.run(JUnitCore.java:117)
	at sbst.benchmark.coverage.TestExecutionTask.call(TestExecutionTask.java:54)
	at sbst.benchmark.coverage.TestExecutionTask.call(TestExecutionTask.java:15)
	at java.util.concurrent.FutureTask.run(FutureTask.java:266)
	at java.util.concurrent.ThreadPoolExecutor.runWorker(ThreadPoolExecutor.java:1149)
	at java.util.concurrent.ThreadPoolExecutor$Worker.run(ThreadPoolExecutor.java:624)
	at java.lang.Thread.run(Thread.java:750)

Failure: [test(org.locationtech.spatial4j.io.PolyshapeReader_read_3323632841): null]
Failing Tests: test(org.locationtech.spatial4j.io.PolyshapeReader_read_3323632841)
java.lang.NullPointerException
	at org.locationtech.spatial4j.io.PolyshapeReader.read(PolyshapeReader.java:54)
	at sun.reflect.NativeMethodAccessorImpl.invoke0(Native Method)
	at sun.reflect.NativeMethodAccessorImpl.invoke(NativeMethodAccessorImpl.java:62)
	at sun.reflect.DelegatingMethodAccessorImpl.invoke(DelegatingMethodAccessorImpl.java:43)
	at java.lang.reflect.Method.invoke(Method.java:498)
	at org.locationtech.spatial4j.io.ReflectionUtils.callMethod(ReflectionUtils.java:238)
	at org.locationtech.spatial4j.io.PolyshapeReader_read_3323632841.test(PolyshapeReader_read_3323632841.java:40)
	at sun.reflect.NativeMethodAccessorImpl.invoke0(Native Method)
	at sun.reflect.NativeMethodAccessorImpl.invoke(NativeMethodAccessorImpl.java:62)
	at sun.reflect.DelegatingMethodAccessorImpl.invoke(DelegatingMethodAccessorImpl.java:43)
	at java.lang.reflect.Method.invoke(Method.java:498)
	at org.junit.runners.model.FrameworkMethod$1.runReflectiveCall(FrameworkMethod.java:47)
	at org.junit.internal.runners.model.ReflectiveCallable.run(ReflectiveCallable.java:12)
	at org.junit.runners.model.FrameworkMethod.invokeExplosively(FrameworkMethod.java:44)
	at org.junit.internal.runners.statements.InvokeMethod.evaluate(InvokeMethod.java:17)
	at org.junit.internal.runners.statements.RunBefores.evaluate(RunBefores.java:26)
	at org.junit.runners.ParentRunner.runLeaf(ParentRunner.java:271)
	at org.junit.runners.BlockJUnit4ClassRunner.runChild(BlockJUnit4ClassRunner.java:70)
	at org.junit.runners.BlockJUnit4ClassRunner.runChild(BlockJUnit4ClassRunner.java:50)
	at org.junit.runners.ParentRunner$3.run(ParentRunner.java:238)
	at org.junit.runners.ParentRunner$1.schedule(ParentRunner.java:63)
	at org.junit.runners.ParentRunner.runChildren(ParentRunner.java:236)
	at org.junit.runners.ParentRunner.access$000(ParentRunner.java:53)
	at org.junit.runners.ParentRunner$2.evaluate(ParentRunner.java:229)
	at org.junit.runners.ParentRunner.run(ParentRunner.java:309)
	at org.junit.runners.Suite.runChild(Suite.java:127)
	at org.junit.runners.Suite.runChild(Suite.java:26)
	at org.junit.runners.ParentRunner$3.run(ParentRunner.java:238)
	at org.junit.runners.ParentRunner$1.schedule(ParentRunner.java:63)
	at org.junit.runners.ParentRunner.runChildren(ParentRunner.java:236)
	at org.junit.runners.ParentRunner.access$000(ParentRunner.java:53)
	at org.junit.runners.ParentRunner$2.evaluate(ParentRunner.java:229)
	at org.junit.runners.ParentRunner.run(ParentRunner.java:309)
	at org.junit.runner.JUnitCore.run(JUnitCore.java:160)
	at org.junit.runner.JUnitCore.run(JUnitCore.java:138)
	at org.junit.runner.JUnitCore.run(JUnitCore.java:117)
	at sbst.benchmark.coverage.TestExecutionTask.call(TestExecutionTask.java:54)
	at sbst.benchmark.coverage.TestExecutionTask.call(TestExecutionTask.java:15)
	at java.util.concurrent.FutureTask.run(FutureTask.java:266)
	at java.util.concurrent.ThreadPoolExecutor.runWorker(ThreadPoolExecutor.java:1149)
	at java.util.concurrent.ThreadPoolExecutor$Worker.run(ThreadPoolExecutor.java:624)
	at java.lang.Thread.run(Thread.java:750)

Failure: [test(org.locationtech.spatial4j.io.PolyshapeReader_read_3416123840): null]
Failing Tests: test(org.locationtech.spatial4j.io.PolyshapeReader_read_3416123840)
java.lang.NullPointerException
	at org.locationtech.spatial4j.io.PolyshapeReader$XReader.<init>(PolyshapeReader.java:199)
	at org.locationtech.spatial4j.io.PolyshapeReader.read(PolyshapeReader.java:77)
	at sun.reflect.NativeMethodAccessorImpl.invoke0(Native Method)
	at sun.reflect.NativeMethodAccessorImpl.invoke(NativeMethodAccessorImpl.java:62)
	at sun.reflect.DelegatingMethodAccessorImpl.invoke(DelegatingMethodAccessorImpl.java:43)
	at java.lang.reflect.Method.invoke(Method.java:498)
	at org.locationtech.spatial4j.io.ReflectionUtils.callMethod(ReflectionUtils.java:238)
	at org.locationtech.spatial4j.io.PolyshapeReader_read_3416123840.test(PolyshapeReader_read_3416123840.java:83)
	at sun.reflect.NativeMethodAccessorImpl.invoke0(Native Method)
	at sun.reflect.NativeMethodAccessorImpl.invoke(NativeMethodAccessorImpl.java:62)
	at sun.reflect.DelegatingMethodAccessorImpl.invoke(DelegatingMethodAccessorImpl.java:43)
	at java.lang.reflect.Method.invoke(Method.java:498)
	at org.junit.runners.model.FrameworkMethod$1.runReflectiveCall(FrameworkMethod.java:47)
	at org.junit.internal.runners.model.ReflectiveCallable.run(ReflectiveCallable.java:12)
	at org.junit.runners.model.FrameworkMethod.invokeExplosively(FrameworkMethod.java:44)
	at org.junit.internal.runners.statements.InvokeMethod.evaluate(InvokeMethod.java:17)
	at org.junit.internal.runners.statements.RunBefores.evaluate(RunBefores.java:26)
	at org.junit.runners.ParentRunner.runLeaf(ParentRunner.java:271)
	at org.junit.runners.BlockJUnit4ClassRunner.runChild(BlockJUnit4ClassRunner.java:70)
	at org.junit.runners.BlockJUnit4ClassRunner.runChild(BlockJUnit4ClassRunner.java:50)
	at org.junit.runners.ParentRunner$3.run(ParentRunner.java:238)
	at org.junit.runners.ParentRunner$1.schedule(ParentRunner.java:63)
	at org.junit.runners.ParentRunner.runChildren(ParentRunner.java:236)
	at org.junit.runners.ParentRunner.access$000(ParentRunner.java:53)
	at org.junit.runners.ParentRunner$2.evaluate(ParentRunner.java:229)
	at org.junit.runners.ParentRunner.run(ParentRunner.java:309)
	at org.junit.runners.Suite.runChild(Suite.java:127)
	at org.junit.runners.Suite.runChild(Suite.java:26)
	at org.junit.runners.ParentRunner$3.run(ParentRunner.java:238)
	at org.junit.runners.ParentRunner$1.schedule(ParentRunner.java:63)
	at org.junit.runners.ParentRunner.runChildren(ParentRunner.java:236)
	at org.junit.runners.ParentRunner.access$000(ParentRunner.java:53)
	at org.junit.runners.ParentRunner$2.evaluate(ParentRunner.java:229)
	at org.junit.runners.ParentRunner.run(ParentRunner.java:309)
	at org.junit.runner.JUnitCore.run(JUnitCore.java:160)
	at org.junit.runner.JUnitCore.run(JUnitCore.java:138)
	at org.junit.runner.JUnitCore.run(JUnitCore.java:117)
	at sbst.benchmark.coverage.TestExecutionTask.call(TestExecutionTask.java:54)
	at sbst.benchmark.coverage.TestExecutionTask.call(TestExecutionTask.java:15)
	at java.util.concurrent.FutureTask.run(FutureTask.java:266)
	at java.util.concurrent.ThreadPoolExecutor.runWorker(ThreadPoolExecutor.java:1149)
	at java.util.concurrent.ThreadPoolExecutor$Worker.run(ThreadPoolExecutor.java:624)
	at java.lang.Thread.run(Thread.java:750)

Failure: [test(org.locationtech.spatial4j.io.PolyshapeReader_read_3416123841): null]
Failing Tests: test(org.locationtech.spatial4j.io.PolyshapeReader_read_3416123841)
java.lang.NullPointerException
	at org.locationtech.spatial4j.io.PolyshapeReader$XReader.<init>(PolyshapeReader.java:199)
	at org.locationtech.spatial4j.io.PolyshapeReader.read(PolyshapeReader.java:77)
	at sun.reflect.NativeMethodAccessorImpl.invoke0(Native Method)
	at sun.reflect.NativeMethodAccessorImpl.invoke(NativeMethodAccessorImpl.java:62)
	at sun.reflect.DelegatingMethodAccessorImpl.invoke(DelegatingMethodAccessorImpl.java:43)
	at java.lang.reflect.Method.invoke(Method.java:498)
	at org.locationtech.spatial4j.io.ReflectionUtils.callMethod(ReflectionUtils.java:238)
	at org.locationtech.spatial4j.io.PolyshapeReader_read_3416123841.test(PolyshapeReader_read_3416123841.java:40)
	at sun.reflect.NativeMethodAccessorImpl.invoke0(Native Method)
	at sun.reflect.NativeMethodAccessorImpl.invoke(NativeMethodAccessorImpl.java:62)
	at sun.reflect.DelegatingMethodAccessorImpl.invoke(DelegatingMethodAccessorImpl.java:43)
	at java.lang.reflect.Method.invoke(Method.java:498)
	at org.junit.runners.model.FrameworkMethod$1.runReflectiveCall(FrameworkMethod.java:47)
	at org.junit.internal.runners.model.ReflectiveCallable.run(ReflectiveCallable.java:12)
	at org.junit.runners.model.FrameworkMethod.invokeExplosively(FrameworkMethod.java:44)
	at org.junit.internal.runners.statements.InvokeMethod.evaluate(InvokeMethod.java:17)
	at org.junit.internal.runners.statements.RunBefores.evaluate(RunBefores.java:26)
	at org.junit.runners.ParentRunner.runLeaf(ParentRunner.java:271)
	at org.junit.runners.BlockJUnit4ClassRunner.runChild(BlockJUnit4ClassRunner.java:70)
	at org.junit.runners.BlockJUnit4ClassRunner.runChild(BlockJUnit4ClassRunner.java:50)
	at org.junit.runners.ParentRunner$3.run(ParentRunner.java:238)
	at org.junit.runners.ParentRunner$1.schedule(ParentRunner.java:63)
	at org.junit.runners.ParentRunner.runChildren(ParentRunner.java:236)
	at org.junit.runners.ParentRunner.access$000(ParentRunner.java:53)
	at org.junit.runners.ParentRunner$2.evaluate(ParentRunner.java:229)
	at org.junit.runners.ParentRunner.run(ParentRunner.java:309)
	at org.junit.runners.Suite.runChild(Suite.java:127)
	at org.junit.runners.Suite.runChild(Suite.java:26)
	at org.junit.runners.ParentRunner$3.run(ParentRunner.java:238)
	at org.junit.runners.ParentRunner$1.schedule(ParentRunner.java:63)
	at org.junit.runners.ParentRunner.runChildren(ParentRunner.java:236)
	at org.junit.runners.ParentRunner.access$000(ParentRunner.java:53)
	at org.junit.runners.ParentRunner$2.evaluate(ParentRunner.java:229)
	at org.junit.runners.ParentRunner.run(ParentRunner.java:309)
	at org.junit.runner.JUnitCore.run(JUnitCore.java:160)
	at org.junit.runner.JUnitCore.run(JUnitCore.java:138)
	at org.junit.runner.JUnitCore.run(JUnitCore.java:117)
	at sbst.benchmark.coverage.TestExecutionTask.call(TestExecutionTask.java:54)
	at sbst.benchmark.coverage.TestExecutionTask.call(TestExecutionTask.java:15)
	at java.util.concurrent.FutureTask.run(FutureTask.java:266)
	at java.util.concurrent.ThreadPoolExecutor.runWorker(ThreadPoolExecutor.java:1149)
	at java.util.concurrent.ThreadPoolExecutor$Worker.run(ThreadPoolExecutor.java:624)
	at java.lang.Thread.run(Thread.java:750)

Failure: [initializationError(org.locationtech.spatial4j.io.ReflectionUtils): No runnable methods]
Failing Tests: initializationError(org.locationtech.spatial4j.io.ReflectionUtils)
java.lang.Exception: No runnable methods
	at org.junit.runners.BlockJUnit4ClassRunner.validateInstanceMethods(BlockJUnit4ClassRunner.java:169)
	at org.junit.runners.BlockJUnit4ClassRunner.collectInitializationErrors(BlockJUnit4ClassRunner.java:104)
	at org.junit.runners.ParentRunner.validate(ParentRunner.java:355)
	at org.junit.runners.ParentRunner.<init>(ParentRunner.java:76)
	at org.junit.runners.BlockJUnit4ClassRunner.<init>(BlockJUnit4ClassRunner.java:57)
	at org.junit.internal.builders.JUnit4Builder.runnerForClass(JUnit4Builder.java:10)
	at org.junit.runners.model.RunnerBuilder.safeRunnerForClass(RunnerBuilder.java:59)
	at org.junit.internal.builders.AllDefaultPossibilitiesBuilder.runnerForClass(AllDefaultPossibilitiesBuilder.java:26)
	at org.junit.runner.Computer.getRunner(Computer.java:40)
	at org.junit.runner.Computer$1.runnerForClass(Computer.java:31)
	at org.junit.runners.model.RunnerBuilder.safeRunnerForClass(RunnerBuilder.java:59)
	at org.junit.runners.model.RunnerBuilder.runners(RunnerBuilder.java:101)
	at org.junit.runners.model.RunnerBuilder.runners(RunnerBuilder.java:87)
	at org.junit.runners.Suite.<init>(Suite.java:80)
	at org.junit.runner.Computer.getSuite(Computer.java:28)
	at org.junit.runner.Request.classes(Request.java:75)
	at org.junit.runner.JUnitCore.run(JUnitCore.java:117)
	at sbst.benchmark.coverage.TestExecutionTask.call(TestExecutionTask.java:54)
	at sbst.benchmark.coverage.TestExecutionTask.call(TestExecutionTask.java:15)
	at java.util.concurrent.FutureTask.run(FutureTask.java:266)
	at java.util.concurrent.ThreadPoolExecutor.runWorker(ThreadPoolExecutor.java:1149)
	at java.util.concurrent.ThreadPoolExecutor$Worker.run(ThreadPoolExecutor.java:624)
	at java.lang.Thread.run(Thread.java:750)

Executions terminated
Running the tests: [SBSTDummyForCoverageAndMutationCalculation, org.locationtech.spatial4j.io.EqualityUtils, org.locationtech.spatial4j.io.PolyshapeReader_getFormatName_6997097930, org.locationtech.spatial4j.io.PolyshapeReader_getFormatName_6997097931, org.locationtech.spatial4j.io.PolyshapeReader_init_5273912480, org.locationtech.spatial4j.io.PolyshapeReader_init_5273912481, org.locationtech.spatial4j.io.PolyshapeReader_readIfSupported_15791840490, org.locationtech.spatial4j.io.PolyshapeReader_readIfSupported_15791840491, org.locationtech.spatial4j.io.PolyshapeReader_readPolygon_15631337210, org.locationtech.spatial4j.io.PolyshapeReader_readPolygon_15631337211, org.locationtech.spatial4j.io.PolyshapeReader_read_3323632840, org.locationtech.spatial4j.io.PolyshapeReader_read_3323632841, org.locationtech.spatial4j.io.PolyshapeReader_read_3416123840, org.locationtech.spatial4j.io.PolyshapeReader_read_3416123841, org.locationtech.spatial4j.io.ReflectionUtils]
Failure: [initializationError(org.locationtech.spatial4j.io.EqualityUtils): No runnable methods]
Failing Tests: initializationError(org.locationtech.spatial4j.io.EqualityUtils)
java.lang.Exception: No runnable methods
	at org.junit.runners.BlockJUnit4ClassRunner.validateInstanceMethods(BlockJUnit4ClassRunner.java:169)
	at org.junit.runners.BlockJUnit4ClassRunner.collectInitializationErrors(BlockJUnit4ClassRunner.java:104)
	at org.junit.runners.ParentRunner.validate(ParentRunner.java:355)
	at org.junit.runners.ParentRunner.<init>(ParentRunner.java:76)
	at org.junit.runners.BlockJUnit4ClassRunner.<init>(BlockJUnit4ClassRunner.java:57)
	at org.junit.internal.builders.JUnit4Builder.runnerForClass(JUnit4Builder.java:10)
	at org.junit.runners.model.RunnerBuilder.safeRunnerForClass(RunnerBuilder.java:59)
	at org.junit.internal.builders.AllDefaultPossibilitiesBuilder.runnerForClass(AllDefaultPossibilitiesBuilder.java:26)
	at org.junit.runner.Computer.getRunner(Computer.java:40)
	at org.junit.runner.Computer$1.runnerForClass(Computer.java:31)
	at org.junit.runners.model.RunnerBuilder.safeRunnerForClass(RunnerBuilder.java:59)
	at org.junit.runners.model.RunnerBuilder.runners(RunnerBuilder.java:101)
	at org.junit.runners.model.RunnerBuilder.runners(RunnerBuilder.java:87)
	at org.junit.runners.Suite.<init>(Suite.java:80)
	at org.junit.runner.Computer.getSuite(Computer.java:28)
	at org.junit.runner.Request.classes(Request.java:75)
	at org.junit.runner.JUnitCore.run(JUnitCore.java:117)
	at sbst.benchmark.coverage.TestExecutionTask.call(TestExecutionTask.java:54)
	at sbst.benchmark.coverage.TestExecutionTask.call(TestExecutionTask.java:15)
	at java.util.concurrent.FutureTask.run(FutureTask.java:266)
	at java.util.concurrent.ThreadPoolExecutor.runWorker(ThreadPoolExecutor.java:1149)
	at java.util.concurrent.ThreadPoolExecutor$Worker.run(ThreadPoolExecutor.java:624)
	at java.lang.Thread.run(Thread.java:750)

Failure: [test(org.locationtech.spatial4j.io.PolyshapeReader_init_5273912481): null]
Failing Tests: test(org.locationtech.spatial4j.io.PolyshapeReader_init_5273912481)
java.lang.reflect.InvocationTargetException
	at sun.reflect.NativeConstructorAccessorImpl.newInstance0(Native Method)
	at sun.reflect.NativeConstructorAccessorImpl.newInstance(NativeConstructorAccessorImpl.java:62)
	at sun.reflect.DelegatingConstructorAccessorImpl.newInstance(DelegatingConstructorAccessorImpl.java:45)
	at java.lang.reflect.Constructor.newInstance(Constructor.java:423)
	at org.locationtech.spatial4j.io.ReflectionUtils.callConstructor(ReflectionUtils.java:231)
	at org.locationtech.spatial4j.io.PolyshapeReader_init_5273912481.test(PolyshapeReader_init_5273912481.java:38)
	at sun.reflect.NativeMethodAccessorImpl.invoke0(Native Method)
	at sun.reflect.NativeMethodAccessorImpl.invoke(NativeMethodAccessorImpl.java:62)
	at sun.reflect.DelegatingMethodAccessorImpl.invoke(DelegatingMethodAccessorImpl.java:43)
	at java.lang.reflect.Method.invoke(Method.java:498)
	at org.junit.runners.model.FrameworkMethod$1.runReflectiveCall(FrameworkMethod.java:47)
	at org.junit.internal.runners.model.ReflectiveCallable.run(ReflectiveCallable.java:12)
	at org.junit.runners.model.FrameworkMethod.invokeExplosively(FrameworkMethod.java:44)
	at org.junit.internal.runners.statements.InvokeMethod.evaluate(InvokeMethod.java:17)
	at org.junit.internal.runners.statements.RunBefores.evaluate(RunBefores.java:26)
	at org.junit.runners.ParentRunner.runLeaf(ParentRunner.java:271)
	at org.junit.runners.BlockJUnit4ClassRunner.runChild(BlockJUnit4ClassRunner.java:70)
	at org.junit.runners.BlockJUnit4ClassRunner.runChild(BlockJUnit4ClassRunner.java:50)
	at org.junit.runners.ParentRunner$3.run(ParentRunner.java:238)
	at org.junit.runners.ParentRunner$1.schedule(ParentRunner.java:63)
	at org.junit.runners.ParentRunner.runChildren(ParentRunner.java:236)
	at org.junit.runners.ParentRunner.access$000(ParentRunner.java:53)
	at org.junit.runners.ParentRunner$2.evaluate(ParentRunner.java:229)
	at org.junit.runners.ParentRunner.run(ParentRunner.java:309)
	at org.junit.runners.Suite.runChild(Suite.java:127)
	at org.junit.runners.Suite.runChild(Suite.java:26)
	at org.junit.runners.ParentRunner$3.run(ParentRunner.java:238)
	at org.junit.runners.ParentRunner$1.schedule(ParentRunner.java:63)
	at org.junit.runners.ParentRunner.runChildren(ParentRunner.java:236)
	at org.junit.runners.ParentRunner.access$000(ParentRunner.java:53)
	at org.junit.runners.ParentRunner$2.evaluate(ParentRunner.java:229)
	at org.junit.runners.ParentRunner.run(ParentRunner.java:309)
	at org.junit.runner.JUnitCore.run(JUnitCore.java:160)
	at org.junit.runner.JUnitCore.run(JUnitCore.java:138)
	at org.junit.runner.JUnitCore.run(JUnitCore.java:117)
	at sbst.benchmark.coverage.TestExecutionTask.call(TestExecutionTask.java:54)
	at sbst.benchmark.coverage.TestExecutionTask.call(TestExecutionTask.java:15)
	at java.util.concurrent.FutureTask.run(FutureTask.java:266)
	at java.util.concurrent.ThreadPoolExecutor.runWorker(ThreadPoolExecutor.java:1149)
	at java.util.concurrent.ThreadPoolExecutor$Worker.run(ThreadPoolExecutor.java:624)
	at java.lang.Thread.run(Thread.java:750)
Caused by: java.lang.NullPointerException
	at org.locationtech.spatial4j.io.PolyshapeReader.<init>(PolyshapeReader.java:44)
	... 41 more

Failure: [test(org.locationtech.spatial4j.io.PolyshapeReader_readIfSupported_15791840491): null]
Failing Tests: test(org.locationtech.spatial4j.io.PolyshapeReader_readIfSupported_15791840491)
java.lang.NullPointerException
	at org.locationtech.spatial4j.io.PolyshapeReader.readIfSupported(PolyshapeReader.java:59)
	at sun.reflect.NativeMethodAccessorImpl.invoke0(Native Method)
	at sun.reflect.NativeMethodAccessorImpl.invoke(NativeMethodAccessorImpl.java:62)
	at sun.reflect.DelegatingMethodAccessorImpl.invoke(DelegatingMethodAccessorImpl.java:43)
	at java.lang.reflect.Method.invoke(Method.java:498)
	at org.locationtech.spatial4j.io.ReflectionUtils.callMethod(ReflectionUtils.java:238)
	at org.locationtech.spatial4j.io.PolyshapeReader_readIfSupported_15791840491.test(PolyshapeReader_readIfSupported_15791840491.java:40)
	at sun.reflect.NativeMethodAccessorImpl.invoke0(Native Method)
	at sun.reflect.NativeMethodAccessorImpl.invoke(NativeMethodAccessorImpl.java:62)
	at sun.reflect.DelegatingMethodAccessorImpl.invoke(DelegatingMethodAccessorImpl.java:43)
	at java.lang.reflect.Method.invoke(Method.java:498)
	at org.junit.runners.model.FrameworkMethod$1.runReflectiveCall(FrameworkMethod.java:47)
	at org.junit.internal.runners.model.ReflectiveCallable.run(ReflectiveCallable.java:12)
	at org.junit.runners.model.FrameworkMethod.invokeExplosively(FrameworkMethod.java:44)
	at org.junit.internal.runners.statements.InvokeMethod.evaluate(InvokeMethod.java:17)
	at org.junit.internal.runners.statements.RunBefores.evaluate(RunBefores.java:26)
	at org.junit.runners.ParentRunner.runLeaf(ParentRunner.java:271)
	at org.junit.runners.BlockJUnit4ClassRunner.runChild(BlockJUnit4ClassRunner.java:70)
	at org.junit.runners.BlockJUnit4ClassRunner.runChild(BlockJUnit4ClassRunner.java:50)
	at org.junit.runners.ParentRunner$3.run(ParentRunner.java:238)
	at org.junit.runners.ParentRunner$1.schedule(ParentRunner.java:63)
	at org.junit.runners.ParentRunner.runChildren(ParentRunner.java:236)
	at org.junit.runners.ParentRunner.access$000(ParentRunner.java:53)
	at org.junit.runners.ParentRunner$2.evaluate(ParentRunner.java:229)
	at org.junit.runners.ParentRunner.run(ParentRunner.java:309)
	at org.junit.runners.Suite.runChild(Suite.java:127)
	at org.junit.runners.Suite.runChild(Suite.java:26)
	at org.junit.runners.ParentRunner$3.run(ParentRunner.java:238)
	at org.junit.runners.ParentRunner$1.schedule(ParentRunner.java:63)
	at org.junit.runners.ParentRunner.runChildren(ParentRunner.java:236)
	at org.junit.runners.ParentRunner.access$000(ParentRunner.java:53)
	at org.junit.runners.ParentRunner$2.evaluate(ParentRunner.java:229)
	at org.junit.runners.ParentRunner.run(ParentRunner.java:309)
	at org.junit.runner.JUnitCore.run(JUnitCore.java:160)
	at org.junit.runner.JUnitCore.run(JUnitCore.java:138)
	at org.junit.runner.JUnitCore.run(JUnitCore.java:117)
	at sbst.benchmark.coverage.TestExecutionTask.call(TestExecutionTask.java:54)
	at sbst.benchmark.coverage.TestExecutionTask.call(TestExecutionTask.java:15)
	at java.util.concurrent.FutureTask.run(FutureTask.java:266)
	at java.util.concurrent.ThreadPoolExecutor.runWorker(ThreadPoolExecutor.java:1149)
	at java.util.concurrent.ThreadPoolExecutor$Worker.run(ThreadPoolExecutor.java:624)
	at java.lang.Thread.run(Thread.java:750)

Failure: [test(org.locationtech.spatial4j.io.PolyshapeReader_readPolygon_15631337210): null]
Failing Tests: test(org.locationtech.spatial4j.io.PolyshapeReader_readPolygon_15631337210)
java.lang.NullPointerException
	at org.locationtech.spatial4j.io.PolyshapeReader.readPolygon(PolyshapeReader.java:170)
	at sun.reflect.NativeMethodAccessorImpl.invoke0(Native Method)
	at sun.reflect.NativeMethodAccessorImpl.invoke(NativeMethodAccessorImpl.java:62)
	at sun.reflect.DelegatingMethodAccessorImpl.invoke(DelegatingMethodAccessorImpl.java:43)
	at java.lang.reflect.Method.invoke(Method.java:498)
	at org.locationtech.spatial4j.io.ReflectionUtils.callMethod(ReflectionUtils.java:238)
	at org.locationtech.spatial4j.io.PolyshapeReader_readPolygon_15631337210.test(PolyshapeReader_readPolygon_15631337210.java:90)
	at sun.reflect.NativeMethodAccessorImpl.invoke0(Native Method)
	at sun.reflect.NativeMethodAccessorImpl.invoke(NativeMethodAccessorImpl.java:62)
	at sun.reflect.DelegatingMethodAccessorImpl.invoke(DelegatingMethodAccessorImpl.java:43)
	at java.lang.reflect.Method.invoke(Method.java:498)
	at org.junit.runners.model.FrameworkMethod$1.runReflectiveCall(FrameworkMethod.java:47)
	at org.junit.internal.runners.model.ReflectiveCallable.run(ReflectiveCallable.java:12)
	at org.junit.runners.model.FrameworkMethod.invokeExplosively(FrameworkMethod.java:44)
	at org.junit.internal.runners.statements.InvokeMethod.evaluate(InvokeMethod.java:17)
	at org.junit.internal.runners.statements.RunBefores.evaluate(RunBefores.java:26)
	at org.junit.runners.ParentRunner.runLeaf(ParentRunner.java:271)
	at org.junit.runners.BlockJUnit4ClassRunner.runChild(BlockJUnit4ClassRunner.java:70)
	at org.junit.runners.BlockJUnit4ClassRunner.runChild(BlockJUnit4ClassRunner.java:50)
	at org.junit.runners.ParentRunner$3.run(ParentRunner.java:238)
	at org.junit.runners.ParentRunner$1.schedule(ParentRunner.java:63)
	at org.junit.runners.ParentRunner.runChildren(ParentRunner.java:236)
	at org.junit.runners.ParentRunner.access$000(ParentRunner.java:53)
	at org.junit.runners.ParentRunner$2.evaluate(ParentRunner.java:229)
	at org.junit.runners.ParentRunner.run(ParentRunner.java:309)
	at org.junit.runners.Suite.runChild(Suite.java:127)
	at org.junit.runners.Suite.runChild(Suite.java:26)
	at org.junit.runners.ParentRunner$3.run(ParentRunner.java:238)
	at org.junit.runners.ParentRunner$1.schedule(ParentRunner.java:63)
	at org.junit.runners.ParentRunner.runChildren(ParentRunner.java:236)
	at org.junit.runners.ParentRunner.access$000(ParentRunner.java:53)
	at org.junit.runners.ParentRunner$2.evaluate(ParentRunner.java:229)
	at org.junit.runners.ParentRunner.run(ParentRunner.java:309)
	at org.junit.runner.JUnitCore.run(JUnitCore.java:160)
	at org.junit.runner.JUnitCore.run(JUnitCore.java:138)
	at org.junit.runner.JUnitCore.run(JUnitCore.java:117)
	at sbst.benchmark.coverage.TestExecutionTask.call(TestExecutionTask.java:54)
	at sbst.benchmark.coverage.TestExecutionTask.call(TestExecutionTask.java:15)
	at java.util.concurrent.FutureTask.run(FutureTask.java:266)
	at java.util.concurrent.ThreadPoolExecutor.runWorker(ThreadPoolExecutor.java:1149)
	at java.util.concurrent.ThreadPoolExecutor$Worker.run(ThreadPoolExecutor.java:624)
	at java.lang.Thread.run(Thread.java:750)

Failure: [test(org.locationtech.spatial4j.io.PolyshapeReader_readPolygon_15631337211): null]
Failing Tests: test(org.locationtech.spatial4j.io.PolyshapeReader_readPolygon_15631337211)
java.lang.NullPointerException
	at org.locationtech.spatial4j.io.PolyshapeReader.readPolygon(PolyshapeReader.java:170)
	at sun.reflect.NativeMethodAccessorImpl.invoke0(Native Method)
	at sun.reflect.NativeMethodAccessorImpl.invoke(NativeMethodAccessorImpl.java:62)
	at sun.reflect.DelegatingMethodAccessorImpl.invoke(DelegatingMethodAccessorImpl.java:43)
	at java.lang.reflect.Method.invoke(Method.java:498)
	at org.locationtech.spatial4j.io.ReflectionUtils.callMethod(ReflectionUtils.java:238)
	at org.locationtech.spatial4j.io.PolyshapeReader_readPolygon_15631337211.test(PolyshapeReader_readPolygon_15631337211.java:40)
	at sun.reflect.NativeMethodAccessorImpl.invoke0(Native Method)
	at sun.reflect.NativeMethodAccessorImpl.invoke(NativeMethodAccessorImpl.java:62)
	at sun.reflect.DelegatingMethodAccessorImpl.invoke(DelegatingMethodAccessorImpl.java:43)
	at java.lang.reflect.Method.invoke(Method.java:498)
	at org.junit.runners.model.FrameworkMethod$1.runReflectiveCall(FrameworkMethod.java:47)
	at org.junit.internal.runners.model.ReflectiveCallable.run(ReflectiveCallable.java:12)
	at org.junit.runners.model.FrameworkMethod.invokeExplosively(FrameworkMethod.java:44)
	at org.junit.internal.runners.statements.InvokeMethod.evaluate(InvokeMethod.java:17)
	at org.junit.internal.runners.statements.RunBefores.evaluate(RunBefores.java:26)
	at org.junit.runners.ParentRunner.runLeaf(ParentRunner.java:271)
	at org.junit.runners.BlockJUnit4ClassRunner.runChild(BlockJUnit4ClassRunner.java:70)
	at org.junit.runners.BlockJUnit4ClassRunner.runChild(BlockJUnit4ClassRunner.java:50)
	at org.junit.runners.ParentRunner$3.run(ParentRunner.java:238)
	at org.junit.runners.ParentRunner$1.schedule(ParentRunner.java:63)
	at org.junit.runners.ParentRunner.runChildren(ParentRunner.java:236)
	at org.junit.runners.ParentRunner.access$000(ParentRunner.java:53)
	at org.junit.runners.ParentRunner$2.evaluate(ParentRunner.java:229)
	at org.junit.runners.ParentRunner.run(ParentRunner.java:309)
	at org.junit.runners.Suite.runChild(Suite.java:127)
	at org.junit.runners.Suite.runChild(Suite.java:26)
	at org.junit.runners.ParentRunner$3.run(ParentRunner.java:238)
	at org.junit.runners.ParentRunner$1.schedule(ParentRunner.java:63)
	at org.junit.runners.ParentRunner.runChildren(ParentRunner.java:236)
	at org.junit.runners.ParentRunner.access$000(ParentRunner.java:53)
	at org.junit.runners.ParentRunner$2.evaluate(ParentRunner.java:229)
	at org.junit.runners.ParentRunner.run(ParentRunner.java:309)
	at org.junit.runner.JUnitCore.run(JUnitCore.java:160)
	at org.junit.runner.JUnitCore.run(JUnitCore.java:138)
	at org.junit.runner.JUnitCore.run(JUnitCore.java:117)
	at sbst.benchmark.coverage.TestExecutionTask.call(TestExecutionTask.java:54)
	at sbst.benchmark.coverage.TestExecutionTask.call(TestExecutionTask.java:15)
	at java.util.concurrent.FutureTask.run(FutureTask.java:266)
	at java.util.concurrent.ThreadPoolExecutor.runWorker(ThreadPoolExecutor.java:1149)
	at java.util.concurrent.ThreadPoolExecutor$Worker.run(ThreadPoolExecutor.java:624)
	at java.lang.Thread.run(Thread.java:750)

Failure: [test(org.locationtech.spatial4j.io.PolyshapeReader_read_3323632840): expecting a shape key.  not 'j']
Failing Tests: test(org.locationtech.spatial4j.io.PolyshapeReader_read_3323632840)
java.text.ParseException: expecting a shape key.  not 'j'
	at org.locationtech.spatial4j.io.PolyshapeReader.read(PolyshapeReader.java:88)
	at org.locationtech.spatial4j.io.PolyshapeReader.read(PolyshapeReader.java:54)
	at sun.reflect.NativeMethodAccessorImpl.invoke0(Native Method)
	at sun.reflect.NativeMethodAccessorImpl.invoke(NativeMethodAccessorImpl.java:62)
	at sun.reflect.DelegatingMethodAccessorImpl.invoke(DelegatingMethodAccessorImpl.java:43)
	at java.lang.reflect.Method.invoke(Method.java:498)
	at org.locationtech.spatial4j.io.ReflectionUtils.callMethod(ReflectionUtils.java:238)
	at org.locationtech.spatial4j.io.PolyshapeReader_read_3323632840.test(PolyshapeReader_read_3323632840.java:85)
	at sun.reflect.NativeMethodAccessorImpl.invoke0(Native Method)
	at sun.reflect.NativeMethodAccessorImpl.invoke(NativeMethodAccessorImpl.java:62)
	at sun.reflect.DelegatingMethodAccessorImpl.invoke(DelegatingMethodAccessorImpl.java:43)
	at java.lang.reflect.Method.invoke(Method.java:498)
	at org.junit.runners.model.FrameworkMethod$1.runReflectiveCall(FrameworkMethod.java:47)
	at org.junit.internal.runners.model.ReflectiveCallable.run(ReflectiveCallable.java:12)
	at org.junit.runners.model.FrameworkMethod.invokeExplosively(FrameworkMethod.java:44)
	at org.junit.internal.runners.statements.InvokeMethod.evaluate(InvokeMethod.java:17)
	at org.junit.internal.runners.statements.RunBefores.evaluate(RunBefores.java:26)
	at org.junit.runners.ParentRunner.runLeaf(ParentRunner.java:271)
	at org.junit.runners.BlockJUnit4ClassRunner.runChild(BlockJUnit4ClassRunner.java:70)
	at org.junit.runners.BlockJUnit4ClassRunner.runChild(BlockJUnit4ClassRunner.java:50)
	at org.junit.runners.ParentRunner$3.run(ParentRunner.java:238)
	at org.junit.runners.ParentRunner$1.schedule(ParentRunner.java:63)
	at org.junit.runners.ParentRunner.runChildren(ParentRunner.java:236)
	at org.junit.runners.ParentRunner.access$000(ParentRunner.java:53)
	at org.junit.runners.ParentRunner$2.evaluate(ParentRunner.java:229)
	at org.junit.runners.ParentRunner.run(ParentRunner.java:309)
	at org.junit.runners.Suite.runChild(Suite.java:127)
	at org.junit.runners.Suite.runChild(Suite.java:26)
	at org.junit.runners.ParentRunner$3.run(ParentRunner.java:238)
	at org.junit.runners.ParentRunner$1.schedule(ParentRunner.java:63)
	at org.junit.runners.ParentRunner.runChildren(ParentRunner.java:236)
	at org.junit.runners.ParentRunner.access$000(ParentRunner.java:53)
	at org.junit.runners.ParentRunner$2.evaluate(ParentRunner.java:229)
	at org.junit.runners.ParentRunner.run(ParentRunner.java:309)
	at org.junit.runner.JUnitCore.run(JUnitCore.java:160)
	at org.junit.runner.JUnitCore.run(JUnitCore.java:138)
	at org.junit.runner.JUnitCore.run(JUnitCore.java:117)
	at sbst.benchmark.coverage.TestExecutionTask.call(TestExecutionTask.java:54)
	at sbst.benchmark.coverage.TestExecutionTask.call(TestExecutionTask.java:15)
	at java.util.concurrent.FutureTask.run(FutureTask.java:266)
	at java.util.concurrent.ThreadPoolExecutor.runWorker(ThreadPoolExecutor.java:1149)
	at java.util.concurrent.ThreadPoolExecutor$Worker.run(ThreadPoolExecutor.java:624)
	at java.lang.Thread.run(Thread.java:750)

Failure: [test(org.locationtech.spatial4j.io.PolyshapeReader_read_3323632841): null]
Failing Tests: test(org.locationtech.spatial4j.io.PolyshapeReader_read_3323632841)
java.lang.NullPointerException
	at org.locationtech.spatial4j.io.PolyshapeReader.read(PolyshapeReader.java:54)
	at sun.reflect.NativeMethodAccessorImpl.invoke0(Native Method)
	at sun.reflect.NativeMethodAccessorImpl.invoke(NativeMethodAccessorImpl.java:62)
	at sun.reflect.DelegatingMethodAccessorImpl.invoke(DelegatingMethodAccessorImpl.java:43)
	at java.lang.reflect.Method.invoke(Method.java:498)
	at org.locationtech.spatial4j.io.ReflectionUtils.callMethod(ReflectionUtils.java:238)
	at org.locationtech.spatial4j.io.PolyshapeReader_read_3323632841.test(PolyshapeReader_read_3323632841.java:40)
	at sun.reflect.NativeMethodAccessorImpl.invoke0(Native Method)
	at sun.reflect.NativeMethodAccessorImpl.invoke(NativeMethodAccessorImpl.java:62)
	at sun.reflect.DelegatingMethodAccessorImpl.invoke(DelegatingMethodAccessorImpl.java:43)
	at java.lang.reflect.Method.invoke(Method.java:498)
	at org.junit.runners.model.FrameworkMethod$1.runReflectiveCall(FrameworkMethod.java:47)
	at org.junit.internal.runners.model.ReflectiveCallable.run(ReflectiveCallable.java:12)
	at org.junit.runners.model.FrameworkMethod.invokeExplosively(FrameworkMethod.java:44)
	at org.junit.internal.runners.statements.InvokeMethod.evaluate(InvokeMethod.java:17)
	at org.junit.internal.runners.statements.RunBefores.evaluate(RunBefores.java:26)
	at org.junit.runners.ParentRunner.runLeaf(ParentRunner.java:271)
	at org.junit.runners.BlockJUnit4ClassRunner.runChild(BlockJUnit4ClassRunner.java:70)
	at org.junit.runners.BlockJUnit4ClassRunner.runChild(BlockJUnit4ClassRunner.java:50)
	at org.junit.runners.ParentRunner$3.run(ParentRunner.java:238)
	at org.junit.runners.ParentRunner$1.schedule(ParentRunner.java:63)
	at org.junit.runners.ParentRunner.runChildren(ParentRunner.java:236)
	at org.junit.runners.ParentRunner.access$000(ParentRunner.java:53)
	at org.junit.runners.ParentRunner$2.evaluate(ParentRunner.java:229)
	at org.junit.runners.ParentRunner.run(ParentRunner.java:309)
	at org.junit.runners.Suite.runChild(Suite.java:127)
	at org.junit.runners.Suite.runChild(Suite.java:26)
	at org.junit.runners.ParentRunner$3.run(ParentRunner.java:238)
	at org.junit.runners.ParentRunner$1.schedule(ParentRunner.java:63)
	at org.junit.runners.ParentRunner.runChildren(ParentRunner.java:236)
	at org.junit.runners.ParentRunner.access$000(ParentRunner.java:53)
	at org.junit.runners.ParentRunner$2.evaluate(ParentRunner.java:229)
	at org.junit.runners.ParentRunner.run(ParentRunner.java:309)
	at org.junit.runner.JUnitCore.run(JUnitCore.java:160)
	at org.junit.runner.JUnitCore.run(JUnitCore.java:138)
	at org.junit.runner.JUnitCore.run(JUnitCore.java:117)
	at sbst.benchmark.coverage.TestExecutionTask.call(TestExecutionTask.java:54)
	at sbst.benchmark.coverage.TestExecutionTask.call(TestExecutionTask.java:15)
	at java.util.concurrent.FutureTask.run(FutureTask.java:266)
	at java.util.concurrent.ThreadPoolExecutor.runWorker(ThreadPoolExecutor.java:1149)
	at java.util.concurrent.ThreadPoolExecutor$Worker.run(ThreadPoolExecutor.java:624)
	at java.lang.Thread.run(Thread.java:750)

Failure: [test(org.locationtech.spatial4j.io.PolyshapeReader_read_3416123840): null]
Failing Tests: test(org.locationtech.spatial4j.io.PolyshapeReader_read_3416123840)
java.lang.NullPointerException
	at org.locationtech.spatial4j.io.PolyshapeReader$XReader.<init>(PolyshapeReader.java:199)
	at org.locationtech.spatial4j.io.PolyshapeReader.read(PolyshapeReader.java:77)
	at sun.reflect.NativeMethodAccessorImpl.invoke0(Native Method)
	at sun.reflect.NativeMethodAccessorImpl.invoke(NativeMethodAccessorImpl.java:62)
	at sun.reflect.DelegatingMethodAccessorImpl.invoke(DelegatingMethodAccessorImpl.java:43)
	at java.lang.reflect.Method.invoke(Method.java:498)
	at org.locationtech.spatial4j.io.ReflectionUtils.callMethod(ReflectionUtils.java:238)
	at org.locationtech.spatial4j.io.PolyshapeReader_read_3416123840.test(PolyshapeReader_read_3416123840.java:83)
	at sun.reflect.NativeMethodAccessorImpl.invoke0(Native Method)
	at sun.reflect.NativeMethodAccessorImpl.invoke(NativeMethodAccessorImpl.java:62)
	at sun.reflect.DelegatingMethodAccessorImpl.invoke(DelegatingMethodAccessorImpl.java:43)
	at java.lang.reflect.Method.invoke(Method.java:498)
	at org.junit.runners.model.FrameworkMethod$1.runReflectiveCall(FrameworkMethod.java:47)
	at org.junit.internal.runners.model.ReflectiveCallable.run(ReflectiveCallable.java:12)
	at org.junit.runners.model.FrameworkMethod.invokeExplosively(FrameworkMethod.java:44)
	at org.junit.internal.runners.statements.InvokeMethod.evaluate(InvokeMethod.java:17)
	at org.junit.internal.runners.statements.RunBefores.evaluate(RunBefores.java:26)
	at org.junit.runners.ParentRunner.runLeaf(ParentRunner.java:271)
	at org.junit.runners.BlockJUnit4ClassRunner.runChild(BlockJUnit4ClassRunner.java:70)
	at org.junit.runners.BlockJUnit4ClassRunner.runChild(BlockJUnit4ClassRunner.java:50)
	at org.junit.runners.ParentRunner$3.run(ParentRunner.java:238)
	at org.junit.runners.ParentRunner$1.schedule(ParentRunner.java:63)
	at org.junit.runners.ParentRunner.runChildren(ParentRunner.java:236)
	at org.junit.runners.ParentRunner.access$000(ParentRunner.java:53)
	at org.junit.runners.ParentRunner$2.evaluate(ParentRunner.java:229)
	at org.junit.runners.ParentRunner.run(ParentRunner.java:309)
	at org.junit.runners.Suite.runChild(Suite.java:127)
	at org.junit.runners.Suite.runChild(Suite.java:26)
	at org.junit.runners.ParentRunner$3.run(ParentRunner.java:238)
	at org.junit.runners.ParentRunner$1.schedule(ParentRunner.java:63)
	at org.junit.runners.ParentRunner.runChildren(ParentRunner.java:236)
	at org.junit.runners.ParentRunner.access$000(ParentRunner.java:53)
	at org.junit.runners.ParentRunner$2.evaluate(ParentRunner.java:229)
	at org.junit.runners.ParentRunner.run(ParentRunner.java:309)
	at org.junit.runner.JUnitCore.run(JUnitCore.java:160)
	at org.junit.runner.JUnitCore.run(JUnitCore.java:138)
	at org.junit.runner.JUnitCore.run(JUnitCore.java:117)
	at sbst.benchmark.coverage.TestExecutionTask.call(TestExecutionTask.java:54)
	at sbst.benchmark.coverage.TestExecutionTask.call(TestExecutionTask.java:15)
	at java.util.concurrent.FutureTask.run(FutureTask.java:266)
	at java.util.concurrent.ThreadPoolExecutor.runWorker(ThreadPoolExecutor.java:1149)
	at java.util.concurrent.ThreadPoolExecutor$Worker.run(ThreadPoolExecutor.java:624)
	at java.lang.Thread.run(Thread.java:750)

Failure: [test(org.locationtech.spatial4j.io.PolyshapeReader_read_3416123841): null]
Failing Tests: test(org.locationtech.spatial4j.io.PolyshapeReader_read_3416123841)
java.lang.NullPointerException
	at org.locationtech.spatial4j.io.PolyshapeReader$XReader.<init>(PolyshapeReader.java:199)
	at org.locationtech.spatial4j.io.PolyshapeReader.read(PolyshapeReader.java:77)
	at sun.reflect.NativeMethodAccessorImpl.invoke0(Native Method)
	at sun.reflect.NativeMethodAccessorImpl.invoke(NativeMethodAccessorImpl.java:62)
	at sun.reflect.DelegatingMethodAccessorImpl.invoke(DelegatingMethodAccessorImpl.java:43)
	at java.lang.reflect.Method.invoke(Method.java:498)
	at org.locationtech.spatial4j.io.ReflectionUtils.callMethod(ReflectionUtils.java:238)
	at org.locationtech.spatial4j.io.PolyshapeReader_read_3416123841.test(PolyshapeReader_read_3416123841.java:40)
	at sun.reflect.NativeMethodAccessorImpl.invoke0(Native Method)
	at sun.reflect.NativeMethodAccessorImpl.invoke(NativeMethodAccessorImpl.java:62)
	at sun.reflect.DelegatingMethodAccessorImpl.invoke(DelegatingMethodAccessorImpl.java:43)
	at java.lang.reflect.Method.invoke(Method.java:498)
	at org.junit.runners.model.FrameworkMethod$1.runReflectiveCall(FrameworkMethod.java:47)
	at org.junit.internal.runners.model.ReflectiveCallable.run(ReflectiveCallable.java:12)
	at org.junit.runners.model.FrameworkMethod.invokeExplosively(FrameworkMethod.java:44)
	at org.junit.internal.runners.statements.InvokeMethod.evaluate(InvokeMethod.java:17)
	at org.junit.internal.runners.statements.RunBefores.evaluate(RunBefores.java:26)
	at org.junit.runners.ParentRunner.runLeaf(ParentRunner.java:271)
	at org.junit.runners.BlockJUnit4ClassRunner.runChild(BlockJUnit4ClassRunner.java:70)
	at org.junit.runners.BlockJUnit4ClassRunner.runChild(BlockJUnit4ClassRunner.java:50)
	at org.junit.runners.ParentRunner$3.run(ParentRunner.java:238)
	at org.junit.runners.ParentRunner$1.schedule(ParentRunner.java:63)
	at org.junit.runners.ParentRunner.runChildren(ParentRunner.java:236)
	at org.junit.runners.ParentRunner.access$000(ParentRunner.java:53)
	at org.junit.runners.ParentRunner$2.evaluate(ParentRunner.java:229)
	at org.junit.runners.ParentRunner.run(ParentRunner.java:309)
	at org.junit.runners.Suite.runChild(Suite.java:127)
	at org.junit.runners.Suite.runChild(Suite.java:26)
	at org.junit.runners.ParentRunner$3.run(ParentRunner.java:238)
	at org.junit.runners.ParentRunner$1.schedule(ParentRunner.java:63)
	at org.junit.runners.ParentRunner.runChildren(ParentRunner.java:236)
	at org.junit.runners.ParentRunner.access$000(ParentRunner.java:53)
	at org.junit.runners.ParentRunner$2.evaluate(ParentRunner.java:229)
	at org.junit.runners.ParentRunner.run(ParentRunner.java:309)
	at org.junit.runner.JUnitCore.run(JUnitCore.java:160)
	at org.junit.runner.JUnitCore.run(JUnitCore.java:138)
	at org.junit.runner.JUnitCore.run(JUnitCore.java:117)
	at sbst.benchmark.coverage.TestExecutionTask.call(TestExecutionTask.java:54)
	at sbst.benchmark.coverage.TestExecutionTask.call(TestExecutionTask.java:15)
	at java.util.concurrent.FutureTask.run(FutureTask.java:266)
	at java.util.concurrent.ThreadPoolExecutor.runWorker(ThreadPoolExecutor.java:1149)
	at java.util.concurrent.ThreadPoolExecutor$Worker.run(ThreadPoolExecutor.java:624)
	at java.lang.Thread.run(Thread.java:750)

Failure: [initializationError(org.locationtech.spatial4j.io.ReflectionUtils): No runnable methods]
Failing Tests: initializationError(org.locationtech.spatial4j.io.ReflectionUtils)
java.lang.Exception: No runnable methods
	at org.junit.runners.BlockJUnit4ClassRunner.validateInstanceMethods(BlockJUnit4ClassRunner.java:169)
	at org.junit.runners.BlockJUnit4ClassRunner.collectInitializationErrors(BlockJUnit4ClassRunner.java:104)
	at org.junit.runners.ParentRunner.validate(ParentRunner.java:355)
	at org.junit.runners.ParentRunner.<init>(ParentRunner.java:76)
	at org.junit.runners.BlockJUnit4ClassRunner.<init>(BlockJUnit4ClassRunner.java:57)
	at org.junit.internal.builders.JUnit4Builder.runnerForClass(JUnit4Builder.java:10)
	at org.junit.runners.model.RunnerBuilder.safeRunnerForClass(RunnerBuilder.java:59)
	at org.junit.internal.builders.AllDefaultPossibilitiesBuilder.runnerForClass(AllDefaultPossibilitiesBuilder.java:26)
	at org.junit.runner.Computer.getRunner(Computer.java:40)
	at org.junit.runner.Computer$1.runnerForClass(Computer.java:31)
	at org.junit.runners.model.RunnerBuilder.safeRunnerForClass(RunnerBuilder.java:59)
	at org.junit.runners.model.RunnerBuilder.runners(RunnerBuilder.java:101)
	at org.junit.runners.model.RunnerBuilder.runners(RunnerBuilder.java:87)
	at org.junit.runners.Suite.<init>(Suite.java:80)
	at org.junit.runner.Computer.getSuite(Computer.java:28)
	at org.junit.runner.Request.classes(Request.java:75)
	at org.junit.runner.JUnitCore.run(JUnitCore.java:117)
	at sbst.benchmark.coverage.TestExecutionTask.call(TestExecutionTask.java:54)
	at sbst.benchmark.coverage.TestExecutionTask.call(TestExecutionTask.java:15)
	at java.util.concurrent.FutureTask.run(FutureTask.java:266)
	at java.util.concurrent.ThreadPoolExecutor.runWorker(ThreadPoolExecutor.java:1149)
	at java.util.concurrent.ThreadPoolExecutor$Worker.run(ThreadPoolExecutor.java:624)
	at java.lang.Thread.run(Thread.java:750)

Executions terminated
Failure: [initializationError(org.locationtech.spatial4j.io.EqualityUtils): No runnable methods]
Failing Tests: initializationError(org.locationtech.spatial4j.io.EqualityUtils)
java.lang.Exception: No runnable methods
	at org.junit.runners.BlockJUnit4ClassRunner.validateInstanceMethods(BlockJUnit4ClassRunner.java:169)
	at org.junit.runners.BlockJUnit4ClassRunner.collectInitializationErrors(BlockJUnit4ClassRunner.java:104)
	at org.junit.runners.ParentRunner.validate(ParentRunner.java:355)
	at org.junit.runners.ParentRunner.<init>(ParentRunner.java:76)
	at org.junit.runners.BlockJUnit4ClassRunner.<init>(BlockJUnit4ClassRunner.java:57)
	at org.junit.internal.builders.JUnit4Builder.runnerForClass(JUnit4Builder.java:10)
	at org.junit.runners.model.RunnerBuilder.safeRunnerForClass(RunnerBuilder.java:59)
	at org.junit.internal.builders.AllDefaultPossibilitiesBuilder.runnerForClass(AllDefaultPossibilitiesBuilder.java:26)
	at org.junit.runner.Computer.getRunner(Computer.java:40)
	at org.junit.runner.Computer$1.runnerForClass(Computer.java:31)
	at org.junit.runners.model.RunnerBuilder.safeRunnerForClass(RunnerBuilder.java:59)
	at org.junit.runners.model.RunnerBuilder.runners(RunnerBuilder.java:101)
	at org.junit.runners.model.RunnerBuilder.runners(RunnerBuilder.java:87)
	at org.junit.runners.Suite.<init>(Suite.java:80)
	at org.junit.runner.Computer.getSuite(Computer.java:28)
	at org.junit.runner.Request.classes(Request.java:75)
	at org.junit.runner.JUnitCore.run(JUnitCore.java:117)
	at sbst.benchmark.coverage.TestExecutionTask.call(TestExecutionTask.java:54)
	at sbst.benchmark.coverage.TestExecutionTask.call(TestExecutionTask.java:15)
	at java.util.concurrent.FutureTask.run(FutureTask.java:266)
	at java.util.concurrent.ThreadPoolExecutor.runWorker(ThreadPoolExecutor.java:1149)
	at java.util.concurrent.ThreadPoolExecutor$Worker.run(ThreadPoolExecutor.java:624)
	at java.lang.Thread.run(Thread.java:750)

Failure: [test(org.locationtech.spatial4j.io.PolyshapeReader_init_5273912481): null]
Failing Tests: test(org.locationtech.spatial4j.io.PolyshapeReader_init_5273912481)
java.lang.reflect.InvocationTargetException
	at sun.reflect.NativeConstructorAccessorImpl.newInstance0(Native Method)
	at sun.reflect.NativeConstructorAccessorImpl.newInstance(NativeConstructorAccessorImpl.java:62)
	at sun.reflect.DelegatingConstructorAccessorImpl.newInstance(DelegatingConstructorAccessorImpl.java:45)
	at java.lang.reflect.Constructor.newInstance(Constructor.java:423)
	at org.locationtech.spatial4j.io.ReflectionUtils.callConstructor(ReflectionUtils.java:231)
	at org.locationtech.spatial4j.io.PolyshapeReader_init_5273912481.test(PolyshapeReader_init_5273912481.java:38)
	at sun.reflect.NativeMethodAccessorImpl.invoke0(Native Method)
	at sun.reflect.NativeMethodAccessorImpl.invoke(NativeMethodAccessorImpl.java:62)
	at sun.reflect.DelegatingMethodAccessorImpl.invoke(DelegatingMethodAccessorImpl.java:43)
	at java.lang.reflect.Method.invoke(Method.java:498)
	at org.junit.runners.model.FrameworkMethod$1.runReflectiveCall(FrameworkMethod.java:47)
	at org.junit.internal.runners.model.ReflectiveCallable.run(ReflectiveCallable.java:12)
	at org.junit.runners.model.FrameworkMethod.invokeExplosively(FrameworkMethod.java:44)
	at org.junit.internal.runners.statements.InvokeMethod.evaluate(InvokeMethod.java:17)
	at org.junit.internal.runners.statements.RunBefores.evaluate(RunBefores.java:26)
	at org.junit.runners.ParentRunner.runLeaf(ParentRunner.java:271)
	at org.junit.runners.BlockJUnit4ClassRunner.runChild(BlockJUnit4ClassRunner.java:70)
	at org.junit.runners.BlockJUnit4ClassRunner.runChild(BlockJUnit4ClassRunner.java:50)
	at org.junit.runners.ParentRunner$3.run(ParentRunner.java:238)
	at org.junit.runners.ParentRunner$1.schedule(ParentRunner.java:63)
	at org.junit.runners.ParentRunner.runChildren(ParentRunner.java:236)
	at org.junit.runners.ParentRunner.access$000(ParentRunner.java:53)
	at org.junit.runners.ParentRunner$2.evaluate(ParentRunner.java:229)
	at org.junit.runners.ParentRunner.run(ParentRunner.java:309)
	at org.junit.runners.Suite.runChild(Suite.java:127)
	at org.junit.runners.Suite.runChild(Suite.java:26)
	at org.junit.runners.ParentRunner$3.run(ParentRunner.java:238)
	at org.junit.runners.ParentRunner$1.schedule(ParentRunner.java:63)
	at org.junit.runners.ParentRunner.runChildren(ParentRunner.java:236)
	at org.junit.runners.ParentRunner.access$000(ParentRunner.java:53)
	at org.junit.runners.ParentRunner$2.evaluate(ParentRunner.java:229)
	at org.junit.runners.ParentRunner.run(ParentRunner.java:309)
	at org.junit.runner.JUnitCore.run(JUnitCore.java:160)
	at org.junit.runner.JUnitCore.run(JUnitCore.java:138)
	at org.junit.runner.JUnitCore.run(JUnitCore.java:117)
	at sbst.benchmark.coverage.TestExecutionTask.call(TestExecutionTask.java:54)
	at sbst.benchmark.coverage.TestExecutionTask.call(TestExecutionTask.java:15)
	at java.util.concurrent.FutureTask.run(FutureTask.java:266)
	at java.util.concurrent.ThreadPoolExecutor.runWorker(ThreadPoolExecutor.java:1149)
	at java.util.concurrent.ThreadPoolExecutor$Worker.run(ThreadPoolExecutor.java:624)
	at java.lang.Thread.run(Thread.java:750)
Caused by: java.lang.NullPointerException
	at org.locationtech.spatial4j.io.PolyshapeReader.<init>(PolyshapeReader.java:44)
	... 41 more

Failure: [test(org.locationtech.spatial4j.io.PolyshapeReader_readIfSupported_15791840491): null]
Failing Tests: test(org.locationtech.spatial4j.io.PolyshapeReader_readIfSupported_15791840491)
java.lang.NullPointerException
	at org.locationtech.spatial4j.io.PolyshapeReader.readIfSupported(PolyshapeReader.java:59)
	at sun.reflect.NativeMethodAccessorImpl.invoke0(Native Method)
	at sun.reflect.NativeMethodAccessorImpl.invoke(NativeMethodAccessorImpl.java:62)
	at sun.reflect.DelegatingMethodAccessorImpl.invoke(DelegatingMethodAccessorImpl.java:43)
	at java.lang.reflect.Method.invoke(Method.java:498)
	at org.locationtech.spatial4j.io.ReflectionUtils.callMethod(ReflectionUtils.java:238)
	at org.locationtech.spatial4j.io.PolyshapeReader_readIfSupported_15791840491.test(PolyshapeReader_readIfSupported_15791840491.java:40)
	at sun.reflect.NativeMethodAccessorImpl.invoke0(Native Method)
	at sun.reflect.NativeMethodAccessorImpl.invoke(NativeMethodAccessorImpl.java:62)
	at sun.reflect.DelegatingMethodAccessorImpl.invoke(DelegatingMethodAccessorImpl.java:43)
	at java.lang.reflect.Method.invoke(Method.java:498)
	at org.junit.runners.model.FrameworkMethod$1.runReflectiveCall(FrameworkMethod.java:47)
	at org.junit.internal.runners.model.ReflectiveCallable.run(ReflectiveCallable.java:12)
	at org.junit.runners.model.FrameworkMethod.invokeExplosively(FrameworkMethod.java:44)
	at org.junit.internal.runners.statements.InvokeMethod.evaluate(InvokeMethod.java:17)
	at org.junit.internal.runners.statements.RunBefores.evaluate(RunBefores.java:26)
	at org.junit.runners.ParentRunner.runLeaf(ParentRunner.java:271)
	at org.junit.runners.BlockJUnit4ClassRunner.runChild(BlockJUnit4ClassRunner.java:70)
	at org.junit.runners.BlockJUnit4ClassRunner.runChild(BlockJUnit4ClassRunner.java:50)
	at org.junit.runners.ParentRunner$3.run(ParentRunner.java:238)
	at org.junit.runners.ParentRunner$1.schedule(ParentRunner.java:63)
	at org.junit.runners.ParentRunner.runChildren(ParentRunner.java:236)
	at org.junit.runners.ParentRunner.access$000(ParentRunner.java:53)
	at org.junit.runners.ParentRunner$2.evaluate(ParentRunner.java:229)
	at org.junit.runners.ParentRunner.run(ParentRunner.java:309)
	at org.junit.runners.Suite.runChild(Suite.java:127)
	at org.junit.runners.Suite.runChild(Suite.java:26)
	at org.junit.runners.ParentRunner$3.run(ParentRunner.java:238)
	at org.junit.runners.ParentRunner$1.schedule(ParentRunner.java:63)
	at org.junit.runners.ParentRunner.runChildren(ParentRunner.java:236)
	at org.junit.runners.ParentRunner.access$000(ParentRunner.java:53)
	at org.junit.runners.ParentRunner$2.evaluate(ParentRunner.java:229)
	at org.junit.runners.ParentRunner.run(ParentRunner.java:309)
	at org.junit.runner.JUnitCore.run(JUnitCore.java:160)
	at org.junit.runner.JUnitCore.run(JUnitCore.java:138)
	at org.junit.runner.JUnitCore.run(JUnitCore.java:117)
	at sbst.benchmark.coverage.TestExecutionTask.call(TestExecutionTask.java:54)
	at sbst.benchmark.coverage.TestExecutionTask.call(TestExecutionTask.java:15)
	at java.util.concurrent.FutureTask.run(FutureTask.java:266)
	at java.util.concurrent.ThreadPoolExecutor.runWorker(ThreadPoolExecutor.java:1149)
	at java.util.concurrent.ThreadPoolExecutor$Worker.run(ThreadPoolExecutor.java:624)
	at java.lang.Thread.run(Thread.java:750)

Failure: [test(org.locationtech.spatial4j.io.PolyshapeReader_readPolygon_15631337210): null]
Failing Tests: test(org.locationtech.spatial4j.io.PolyshapeReader_readPolygon_15631337210)
java.lang.NullPointerException
	at org.locationtech.spatial4j.io.PolyshapeReader.readPolygon(PolyshapeReader.java:170)
	at sun.reflect.NativeMethodAccessorImpl.invoke0(Native Method)
	at sun.reflect.NativeMethodAccessorImpl.invoke(NativeMethodAccessorImpl.java:62)
	at sun.reflect.DelegatingMethodAccessorImpl.invoke(DelegatingMethodAccessorImpl.java:43)
	at java.lang.reflect.Method.invoke(Method.java:498)
	at org.locationtech.spatial4j.io.ReflectionUtils.callMethod(ReflectionUtils.java:238)
	at org.locationtech.spatial4j.io.PolyshapeReader_readPolygon_15631337210.test(PolyshapeReader_readPolygon_15631337210.java:90)
	at sun.reflect.NativeMethodAccessorImpl.invoke0(Native Method)
	at sun.reflect.NativeMethodAccessorImpl.invoke(NativeMethodAccessorImpl.java:62)
	at sun.reflect.DelegatingMethodAccessorImpl.invoke(DelegatingMethodAccessorImpl.java:43)
	at java.lang.reflect.Method.invoke(Method.java:498)
	at org.junit.runners.model.FrameworkMethod$1.runReflectiveCall(FrameworkMethod.java:47)
	at org.junit.internal.runners.model.ReflectiveCallable.run(ReflectiveCallable.java:12)
	at org.junit.runners.model.FrameworkMethod.invokeExplosively(FrameworkMethod.java:44)
	at org.junit.internal.runners.statements.InvokeMethod.evaluate(InvokeMethod.java:17)
	at org.junit.internal.runners.statements.RunBefores.evaluate(RunBefores.java:26)
	at org.junit.runners.ParentRunner.runLeaf(ParentRunner.java:271)
	at org.junit.runners.BlockJUnit4ClassRunner.runChild(BlockJUnit4ClassRunner.java:70)
	at org.junit.runners.BlockJUnit4ClassRunner.runChild(BlockJUnit4ClassRunner.java:50)
	at org.junit.runners.ParentRunner$3.run(ParentRunner.java:238)
	at org.junit.runners.ParentRunner$1.schedule(ParentRunner.java:63)
	at org.junit.runners.ParentRunner.runChildren(ParentRunner.java:236)
	at org.junit.runners.ParentRunner.access$000(ParentRunner.java:53)
	at org.junit.runners.ParentRunner$2.evaluate(ParentRunner.java:229)
	at org.junit.runners.ParentRunner.run(ParentRunner.java:309)
	at org.junit.runners.Suite.runChild(Suite.java:127)
	at org.junit.runners.Suite.runChild(Suite.java:26)
	at org.junit.runners.ParentRunner$3.run(ParentRunner.java:238)
	at org.junit.runners.ParentRunner$1.schedule(ParentRunner.java:63)
	at org.junit.runners.ParentRunner.runChildren(ParentRunner.java:236)
	at org.junit.runners.ParentRunner.access$000(ParentRunner.java:53)
	at org.junit.runners.ParentRunner$2.evaluate(ParentRunner.java:229)
	at org.junit.runners.ParentRunner.run(ParentRunner.java:309)
	at org.junit.runner.JUnitCore.run(JUnitCore.java:160)
	at org.junit.runner.JUnitCore.run(JUnitCore.java:138)
	at org.junit.runner.JUnitCore.run(JUnitCore.java:117)
	at sbst.benchmark.coverage.TestExecutionTask.call(TestExecutionTask.java:54)
	at sbst.benchmark.coverage.TestExecutionTask.call(TestExecutionTask.java:15)
	at java.util.concurrent.FutureTask.run(FutureTask.java:266)
	at java.util.concurrent.ThreadPoolExecutor.runWorker(ThreadPoolExecutor.java:1149)
	at java.util.concurrent.ThreadPoolExecutor$Worker.run(ThreadPoolExecutor.java:624)
	at java.lang.Thread.run(Thread.java:750)

Failure: [test(org.locationtech.spatial4j.io.PolyshapeReader_readPolygon_15631337211): null]
Failing Tests: test(org.locationtech.spatial4j.io.PolyshapeReader_readPolygon_15631337211)
java.lang.NullPointerException
	at org.locationtech.spatial4j.io.PolyshapeReader.readPolygon(PolyshapeReader.java:170)
	at sun.reflect.NativeMethodAccessorImpl.invoke0(Native Method)
	at sun.reflect.NativeMethodAccessorImpl.invoke(NativeMethodAccessorImpl.java:62)
	at sun.reflect.DelegatingMethodAccessorImpl.invoke(DelegatingMethodAccessorImpl.java:43)
	at java.lang.reflect.Method.invoke(Method.java:498)
	at org.locationtech.spatial4j.io.ReflectionUtils.callMethod(ReflectionUtils.java:238)
	at org.locationtech.spatial4j.io.PolyshapeReader_readPolygon_15631337211.test(PolyshapeReader_readPolygon_15631337211.java:40)
	at sun.reflect.NativeMethodAccessorImpl.invoke0(Native Method)
	at sun.reflect.NativeMethodAccessorImpl.invoke(NativeMethodAccessorImpl.java:62)
	at sun.reflect.DelegatingMethodAccessorImpl.invoke(DelegatingMethodAccessorImpl.java:43)
	at java.lang.reflect.Method.invoke(Method.java:498)
	at org.junit.runners.model.FrameworkMethod$1.runReflectiveCall(FrameworkMethod.java:47)
	at org.junit.internal.runners.model.ReflectiveCallable.run(ReflectiveCallable.java:12)
	at org.junit.runners.model.FrameworkMethod.invokeExplosively(FrameworkMethod.java:44)
	at org.junit.internal.runners.statements.InvokeMethod.evaluate(InvokeMethod.java:17)
	at org.junit.internal.runners.statements.RunBefores.evaluate(RunBefores.java:26)
	at org.junit.runners.ParentRunner.runLeaf(ParentRunner.java:271)
	at org.junit.runners.BlockJUnit4ClassRunner.runChild(BlockJUnit4ClassRunner.java:70)
	at org.junit.runners.BlockJUnit4ClassRunner.runChild(BlockJUnit4ClassRunner.java:50)
	at org.junit.runners.ParentRunner$3.run(ParentRunner.java:238)
	at org.junit.runners.ParentRunner$1.schedule(ParentRunner.java:63)
	at org.junit.runners.ParentRunner.runChildren(ParentRunner.java:236)
	at org.junit.runners.ParentRunner.access$000(ParentRunner.java:53)
	at org.junit.runners.ParentRunner$2.evaluate(ParentRunner.java:229)
	at org.junit.runners.ParentRunner.run(ParentRunner.java:309)
	at org.junit.runners.Suite.runChild(Suite.java:127)
	at org.junit.runners.Suite.runChild(Suite.java:26)
	at org.junit.runners.ParentRunner$3.run(ParentRunner.java:238)
	at org.junit.runners.ParentRunner$1.schedule(ParentRunner.java:63)
	at org.junit.runners.ParentRunner.runChildren(ParentRunner.java:236)
	at org.junit.runners.ParentRunner.access$000(ParentRunner.java:53)
	at org.junit.runners.ParentRunner$2.evaluate(ParentRunner.java:229)
	at org.junit.runners.ParentRunner.run(ParentRunner.java:309)
	at org.junit.runner.JUnitCore.run(JUnitCore.java:160)
	at org.junit.runner.JUnitCore.run(JUnitCore.java:138)
	at org.junit.runner.JUnitCore.run(JUnitCore.java:117)
	at sbst.benchmark.coverage.TestExecutionTask.call(TestExecutionTask.java:54)
	at sbst.benchmark.coverage.TestExecutionTask.call(TestExecutionTask.java:15)
	at java.util.concurrent.FutureTask.run(FutureTask.java:266)
	at java.util.concurrent.ThreadPoolExecutor.runWorker(ThreadPoolExecutor.java:1149)
	at java.util.concurrent.ThreadPoolExecutor$Worker.run(ThreadPoolExecutor.java:624)
	at java.lang.Thread.run(Thread.java:750)

Failure: [test(org.locationtech.spatial4j.io.PolyshapeReader_read_3323632840): expecting a shape key.  not 'j']
Failing Tests: test(org.locationtech.spatial4j.io.PolyshapeReader_read_3323632840)
java.text.ParseException: expecting a shape key.  not 'j'
	at org.locationtech.spatial4j.io.PolyshapeReader.read(PolyshapeReader.java:88)
	at org.locationtech.spatial4j.io.PolyshapeReader.read(PolyshapeReader.java:54)
	at sun.reflect.NativeMethodAccessorImpl.invoke0(Native Method)
	at sun.reflect.NativeMethodAccessorImpl.invoke(NativeMethodAccessorImpl.java:62)
	at sun.reflect.DelegatingMethodAccessorImpl.invoke(DelegatingMethodAccessorImpl.java:43)
	at java.lang.reflect.Method.invoke(Method.java:498)
	at org.locationtech.spatial4j.io.ReflectionUtils.callMethod(ReflectionUtils.java:238)
	at org.locationtech.spatial4j.io.PolyshapeReader_read_3323632840.test(PolyshapeReader_read_3323632840.java:85)
	at sun.reflect.NativeMethodAccessorImpl.invoke0(Native Method)
	at sun.reflect.NativeMethodAccessorImpl.invoke(NativeMethodAccessorImpl.java:62)
	at sun.reflect.DelegatingMethodAccessorImpl.invoke(DelegatingMethodAccessorImpl.java:43)
	at java.lang.reflect.Method.invoke(Method.java:498)
	at org.junit.runners.model.FrameworkMethod$1.runReflectiveCall(FrameworkMethod.java:47)
	at org.junit.internal.runners.model.ReflectiveCallable.run(ReflectiveCallable.java:12)
	at org.junit.runners.model.FrameworkMethod.invokeExplosively(FrameworkMethod.java:44)
	at org.junit.internal.runners.statements.InvokeMethod.evaluate(InvokeMethod.java:17)
	at org.junit.internal.runners.statements.RunBefores.evaluate(RunBefores.java:26)
	at org.junit.runners.ParentRunner.runLeaf(ParentRunner.java:271)
	at org.junit.runners.BlockJUnit4ClassRunner.runChild(BlockJUnit4ClassRunner.java:70)
	at org.junit.runners.BlockJUnit4ClassRunner.runChild(BlockJUnit4ClassRunner.java:50)
	at org.junit.runners.ParentRunner$3.run(ParentRunner.java:238)
	at org.junit.runners.ParentRunner$1.schedule(ParentRunner.java:63)
	at org.junit.runners.ParentRunner.runChildren(ParentRunner.java:236)
	at org.junit.runners.ParentRunner.access$000(ParentRunner.java:53)
	at org.junit.runners.ParentRunner$2.evaluate(ParentRunner.java:229)
	at org.junit.runners.ParentRunner.run(ParentRunner.java:309)
	at org.junit.runners.Suite.runChild(Suite.java:127)
	at org.junit.runners.Suite.runChild(Suite.java:26)
	at org.junit.runners.ParentRunner$3.run(ParentRunner.java:238)
	at org.junit.runners.ParentRunner$1.schedule(ParentRunner.java:63)
	at org.junit.runners.ParentRunner.runChildren(ParentRunner.java:236)
	at org.junit.runners.ParentRunner.access$000(ParentRunner.java:53)
	at org.junit.runners.ParentRunner$2.evaluate(ParentRunner.java:229)
	at org.junit.runners.ParentRunner.run(ParentRunner.java:309)
	at org.junit.runner.JUnitCore.run(JUnitCore.java:160)
	at org.junit.runner.JUnitCore.run(JUnitCore.java:138)
	at org.junit.runner.JUnitCore.run(JUnitCore.java:117)
	at sbst.benchmark.coverage.TestExecutionTask.call(TestExecutionTask.java:54)
	at sbst.benchmark.coverage.TestExecutionTask.call(TestExecutionTask.java:15)
	at java.util.concurrent.FutureTask.run(FutureTask.java:266)
	at java.util.concurrent.ThreadPoolExecutor.runWorker(ThreadPoolExecutor.java:1149)
	at java.util.concurrent.ThreadPoolExecutor$Worker.run(ThreadPoolExecutor.java:624)
	at java.lang.Thread.run(Thread.java:750)

Failure: [test(org.locationtech.spatial4j.io.PolyshapeReader_read_3323632841): null]
Failing Tests: test(org.locationtech.spatial4j.io.PolyshapeReader_read_3323632841)
java.lang.NullPointerException
	at org.locationtech.spatial4j.io.PolyshapeReader.read(PolyshapeReader.java:54)
	at sun.reflect.NativeMethodAccessorImpl.invoke0(Native Method)
	at sun.reflect.NativeMethodAccessorImpl.invoke(NativeMethodAccessorImpl.java:62)
	at sun.reflect.DelegatingMethodAccessorImpl.invoke(DelegatingMethodAccessorImpl.java:43)
	at java.lang.reflect.Method.invoke(Method.java:498)
	at org.locationtech.spatial4j.io.ReflectionUtils.callMethod(ReflectionUtils.java:238)
	at org.locationtech.spatial4j.io.PolyshapeReader_read_3323632841.test(PolyshapeReader_read_3323632841.java:40)
	at sun.reflect.NativeMethodAccessorImpl.invoke0(Native Method)
	at sun.reflect.NativeMethodAccessorImpl.invoke(NativeMethodAccessorImpl.java:62)
	at sun.reflect.DelegatingMethodAccessorImpl.invoke(DelegatingMethodAccessorImpl.java:43)
	at java.lang.reflect.Method.invoke(Method.java:498)
	at org.junit.runners.model.FrameworkMethod$1.runReflectiveCall(FrameworkMethod.java:47)
	at org.junit.internal.runners.model.ReflectiveCallable.run(ReflectiveCallable.java:12)
	at org.junit.runners.model.FrameworkMethod.invokeExplosively(FrameworkMethod.java:44)
	at org.junit.internal.runners.statements.InvokeMethod.evaluate(InvokeMethod.java:17)
	at org.junit.internal.runners.statements.RunBefores.evaluate(RunBefores.java:26)
	at org.junit.runners.ParentRunner.runLeaf(ParentRunner.java:271)
	at org.junit.runners.BlockJUnit4ClassRunner.runChild(BlockJUnit4ClassRunner.java:70)
	at org.junit.runners.BlockJUnit4ClassRunner.runChild(BlockJUnit4ClassRunner.java:50)
	at org.junit.runners.ParentRunner$3.run(ParentRunner.java:238)
	at org.junit.runners.ParentRunner$1.schedule(ParentRunner.java:63)
	at org.junit.runners.ParentRunner.runChildren(ParentRunner.java:236)
	at org.junit.runners.ParentRunner.access$000(ParentRunner.java:53)
	at org.junit.runners.ParentRunner$2.evaluate(ParentRunner.java:229)
	at org.junit.runners.ParentRunner.run(ParentRunner.java:309)
	at org.junit.runners.Suite.runChild(Suite.java:127)
	at org.junit.runners.Suite.runChild(Suite.java:26)
	at org.junit.runners.ParentRunner$3.run(ParentRunner.java:238)
	at org.junit.runners.ParentRunner$1.schedule(ParentRunner.java:63)
	at org.junit.runners.ParentRunner.runChildren(ParentRunner.java:236)
	at org.junit.runners.ParentRunner.access$000(ParentRunner.java:53)
	at org.junit.runners.ParentRunner$2.evaluate(ParentRunner.java:229)
	at org.junit.runners.ParentRunner.run(ParentRunner.java:309)
	at org.junit.runner.JUnitCore.run(JUnitCore.java:160)
	at org.junit.runner.JUnitCore.run(JUnitCore.java:138)
	at org.junit.runner.JUnitCore.run(JUnitCore.java:117)
	at sbst.benchmark.coverage.TestExecutionTask.call(TestExecutionTask.java:54)
	at sbst.benchmark.coverage.TestExecutionTask.call(TestExecutionTask.java:15)
	at java.util.concurrent.FutureTask.run(FutureTask.java:266)
	at java.util.concurrent.ThreadPoolExecutor.runWorker(ThreadPoolExecutor.java:1149)
	at java.util.concurrent.ThreadPoolExecutor$Worker.run(ThreadPoolExecutor.java:624)
	at java.lang.Thread.run(Thread.java:750)

Failure: [test(org.locationtech.spatial4j.io.PolyshapeReader_read_3416123840): null]
Failing Tests: test(org.locationtech.spatial4j.io.PolyshapeReader_read_3416123840)
java.lang.NullPointerException
	at org.locationtech.spatial4j.io.PolyshapeReader$XReader.<init>(PolyshapeReader.java:199)
	at org.locationtech.spatial4j.io.PolyshapeReader.read(PolyshapeReader.java:77)
	at sun.reflect.NativeMethodAccessorImpl.invoke0(Native Method)
	at sun.reflect.NativeMethodAccessorImpl.invoke(NativeMethodAccessorImpl.java:62)
	at sun.reflect.DelegatingMethodAccessorImpl.invoke(DelegatingMethodAccessorImpl.java:43)
	at java.lang.reflect.Method.invoke(Method.java:498)
	at org.locationtech.spatial4j.io.ReflectionUtils.callMethod(ReflectionUtils.java:238)
	at org.locationtech.spatial4j.io.PolyshapeReader_read_3416123840.test(PolyshapeReader_read_3416123840.java:83)
	at sun.reflect.NativeMethodAccessorImpl.invoke0(Native Method)
	at sun.reflect.NativeMethodAccessorImpl.invoke(NativeMethodAccessorImpl.java:62)
	at sun.reflect.DelegatingMethodAccessorImpl.invoke(DelegatingMethodAccessorImpl.java:43)
	at java.lang.reflect.Method.invoke(Method.java:498)
	at org.junit.runners.model.FrameworkMethod$1.runReflectiveCall(FrameworkMethod.java:47)
	at org.junit.internal.runners.model.ReflectiveCallable.run(ReflectiveCallable.java:12)
	at org.junit.runners.model.FrameworkMethod.invokeExplosively(FrameworkMethod.java:44)
	at org.junit.internal.runners.statements.InvokeMethod.evaluate(InvokeMethod.java:17)
	at org.junit.internal.runners.statements.RunBefores.evaluate(RunBefores.java:26)
	at org.junit.runners.ParentRunner.runLeaf(ParentRunner.java:271)
	at org.junit.runners.BlockJUnit4ClassRunner.runChild(BlockJUnit4ClassRunner.java:70)
	at org.junit.runners.BlockJUnit4ClassRunner.runChild(BlockJUnit4ClassRunner.java:50)
	at org.junit.runners.ParentRunner$3.run(ParentRunner.java:238)
	at org.junit.runners.ParentRunner$1.schedule(ParentRunner.java:63)
	at org.junit.runners.ParentRunner.runChildren(ParentRunner.java:236)
	at org.junit.runners.ParentRunner.access$000(ParentRunner.java:53)
	at org.junit.runners.ParentRunner$2.evaluate(ParentRunner.java:229)
	at org.junit.runners.ParentRunner.run(ParentRunner.java:309)
	at org.junit.runners.Suite.runChild(Suite.java:127)
	at org.junit.runners.Suite.runChild(Suite.java:26)
	at org.junit.runners.ParentRunner$3.run(ParentRunner.java:238)
	at org.junit.runners.ParentRunner$1.schedule(ParentRunner.java:63)
	at org.junit.runners.ParentRunner.runChildren(ParentRunner.java:236)
	at org.junit.runners.ParentRunner.access$000(ParentRunner.java:53)
	at org.junit.runners.ParentRunner$2.evaluate(ParentRunner.java:229)
	at org.junit.runners.ParentRunner.run(ParentRunner.java:309)
	at org.junit.runner.JUnitCore.run(JUnitCore.java:160)
	at org.junit.runner.JUnitCore.run(JUnitCore.java:138)
	at org.junit.runner.JUnitCore.run(JUnitCore.java:117)
	at sbst.benchmark.coverage.TestExecutionTask.call(TestExecutionTask.java:54)
	at sbst.benchmark.coverage.TestExecutionTask.call(TestExecutionTask.java:15)
	at java.util.concurrent.FutureTask.run(FutureTask.java:266)
	at java.util.concurrent.ThreadPoolExecutor.runWorker(ThreadPoolExecutor.java:1149)
	at java.util.concurrent.ThreadPoolExecutor$Worker.run(ThreadPoolExecutor.java:624)
	at java.lang.Thread.run(Thread.java:750)

Failure: [test(org.locationtech.spatial4j.io.PolyshapeReader_read_3416123841): null]
Failing Tests: test(org.locationtech.spatial4j.io.PolyshapeReader_read_3416123841)
java.lang.NullPointerException
	at org.locationtech.spatial4j.io.PolyshapeReader$XReader.<init>(PolyshapeReader.java:199)
	at org.locationtech.spatial4j.io.PolyshapeReader.read(PolyshapeReader.java:77)
	at sun.reflect.NativeMethodAccessorImpl.invoke0(Native Method)
	at sun.reflect.NativeMethodAccessorImpl.invoke(NativeMethodAccessorImpl.java:62)
	at sun.reflect.DelegatingMethodAccessorImpl.invoke(DelegatingMethodAccessorImpl.java:43)
	at java.lang.reflect.Method.invoke(Method.java:498)
	at org.locationtech.spatial4j.io.ReflectionUtils.callMethod(ReflectionUtils.java:238)
	at org.locationtech.spatial4j.io.PolyshapeReader_read_3416123841.test(PolyshapeReader_read_3416123841.java:40)
	at sun.reflect.NativeMethodAccessorImpl.invoke0(Native Method)
	at sun.reflect.NativeMethodAccessorImpl.invoke(NativeMethodAccessorImpl.java:62)
	at sun.reflect.DelegatingMethodAccessorImpl.invoke(DelegatingMethodAccessorImpl.java:43)
	at java.lang.reflect.Method.invoke(Method.java:498)
	at org.junit.runners.model.FrameworkMethod$1.runReflectiveCall(FrameworkMethod.java:47)
	at org.junit.internal.runners.model.ReflectiveCallable.run(ReflectiveCallable.java:12)
	at org.junit.runners.model.FrameworkMethod.invokeExplosively(FrameworkMethod.java:44)
	at org.junit.internal.runners.statements.InvokeMethod.evaluate(InvokeMethod.java:17)
	at org.junit.internal.runners.statements.RunBefores.evaluate(RunBefores.java:26)
	at org.junit.runners.ParentRunner.runLeaf(ParentRunner.java:271)
	at org.junit.runners.BlockJUnit4ClassRunner.runChild(BlockJUnit4ClassRunner.java:70)
	at org.junit.runners.BlockJUnit4ClassRunner.runChild(BlockJUnit4ClassRunner.java:50)
	at org.junit.runners.ParentRunner$3.run(ParentRunner.java:238)
	at org.junit.runners.ParentRunner$1.schedule(ParentRunner.java:63)
	at org.junit.runners.ParentRunner.runChildren(ParentRunner.java:236)
	at org.junit.runners.ParentRunner.access$000(ParentRunner.java:53)
	at org.junit.runners.ParentRunner$2.evaluate(ParentRunner.java:229)
	at org.junit.runners.ParentRunner.run(ParentRunner.java:309)
	at org.junit.runners.Suite.runChild(Suite.java:127)
	at org.junit.runners.Suite.runChild(Suite.java:26)
	at org.junit.runners.ParentRunner$3.run(ParentRunner.java:238)
	at org.junit.runners.ParentRunner$1.schedule(ParentRunner.java:63)
	at org.junit.runners.ParentRunner.runChildren(ParentRunner.java:236)
	at org.junit.runners.ParentRunner.access$000(ParentRunner.java:53)
	at org.junit.runners.ParentRunner$2.evaluate(ParentRunner.java:229)
	at org.junit.runners.ParentRunner.run(ParentRunner.java:309)
	at org.junit.runner.JUnitCore.run(JUnitCore.java:160)
	at org.junit.runner.JUnitCore.run(JUnitCore.java:138)
	at org.junit.runner.JUnitCore.run(JUnitCore.java:117)
	at sbst.benchmark.coverage.TestExecutionTask.call(TestExecutionTask.java:54)
	at sbst.benchmark.coverage.TestExecutionTask.call(TestExecutionTask.java:15)
	at java.util.concurrent.FutureTask.run(FutureTask.java:266)
	at java.util.concurrent.ThreadPoolExecutor.runWorker(ThreadPoolExecutor.java:1149)
	at java.util.concurrent.ThreadPoolExecutor$Worker.run(ThreadPoolExecutor.java:624)
	at java.lang.Thread.run(Thread.java:750)

Failure: [initializationError(org.locationtech.spatial4j.io.ReflectionUtils): No runnable methods]
Failing Tests: initializationError(org.locationtech.spatial4j.io.ReflectionUtils)
java.lang.Exception: No runnable methods
	at org.junit.runners.BlockJUnit4ClassRunner.validateInstanceMethods(BlockJUnit4ClassRunner.java:169)
	at org.junit.runners.BlockJUnit4ClassRunner.collectInitializationErrors(BlockJUnit4ClassRunner.java:104)
	at org.junit.runners.ParentRunner.validate(ParentRunner.java:355)
	at org.junit.runners.ParentRunner.<init>(ParentRunner.java:76)
	at org.junit.runners.BlockJUnit4ClassRunner.<init>(BlockJUnit4ClassRunner.java:57)
	at org.junit.internal.builders.JUnit4Builder.runnerForClass(JUnit4Builder.java:10)
	at org.junit.runners.model.RunnerBuilder.safeRunnerForClass(RunnerBuilder.java:59)
	at org.junit.internal.builders.AllDefaultPossibilitiesBuilder.runnerForClass(AllDefaultPossibilitiesBuilder.java:26)
	at org.junit.runner.Computer.getRunner(Computer.java:40)
	at org.junit.runner.Computer$1.runnerForClass(Computer.java:31)
	at org.junit.runners.model.RunnerBuilder.safeRunnerForClass(RunnerBuilder.java:59)
	at org.junit.runners.model.RunnerBuilder.runners(RunnerBuilder.java:101)
	at org.junit.runners.model.RunnerBuilder.runners(RunnerBuilder.java:87)
	at org.junit.runners.Suite.<init>(Suite.java:80)
	at org.junit.runner.Computer.getSuite(Computer.java:28)
	at org.junit.runner.Request.classes(Request.java:75)
	at org.junit.runner.JUnitCore.run(JUnitCore.java:117)
	at sbst.benchmark.coverage.TestExecutionTask.call(TestExecutionTask.java:54)
	at sbst.benchmark.coverage.TestExecutionTask.call(TestExecutionTask.java:15)
	at java.util.concurrent.FutureTask.run(FutureTask.java:266)
	at java.util.concurrent.ThreadPoolExecutor.runWorker(ThreadPoolExecutor.java:1149)
	at java.util.concurrent.ThreadPoolExecutor$Worker.run(ThreadPoolExecutor.java:624)
	at java.lang.Thread.run(Thread.java:750)


=== Run Jacoco for Coverage ===
Number of instrumented file = 2270
Running tests with the following classpath: 
/home/kex/results_kex_120/SPATIAL4J-52_1/temp/testcases/spatial4j-0.9-SNAPSHOT_instrumented.jar:/home/kex/results_kex_120/SPATIAL4J-52_1/temp/testcases/randomizedtesting-runner-2.5.3_instrumented.jar:/home/kex/results_kex_120/SPATIAL4J-52_1/temp/testcases/slf4j-simple-1.7.25_instrumented.jar:/home/kex/results_kex_120/SPATIAL4J-52_1/temp/testcases/hamcrest-core-1.3_instrumented.jar:/home/kex/results_kex_120/SPATIAL4J-52_1/temp/testcases/jackson-core-2.13.4_instrumented.jar:/home/kex/results_kex_120/SPATIAL4J-52_1/temp/testcases/jackson-databind-2.13.4.2_instrumented.jar:/home/kex/results_kex_120/SPATIAL4J-52_1/temp/testcases/noggit-0.8_instrumented.jar:/home/kex/results_kex_120/SPATIAL4J-52_1/temp/testcases/jts-core-1.18.1_instrumented.jar:/home/kex/results_kex_120/SPATIAL4J-52_1/temp/testcases/junit-4.13.1_instrumented.jar:/home/kex/results_kex_120/SPATIAL4J-52_1/temp/testcases/jackson-annotations-2.13.4_instrumented.jar:/home/kex/results_kex_120/SPATIAL4J-52_1/temp/testcases/slf4j-api-1.7.25_instrumented.jar:/usr/local/bin/lib/hamcrest-core.jar:/usr/local/bin/lib/junit.jar:/home/kex/results_kex_120/SPATIAL4J-52_1/temp/testcases/bin
Running the tests: [SBSTDummyForCoverageAndMutationCalculation, org.locationtech.spatial4j.io.EqualityUtils, org.locationtech.spatial4j.io.PolyshapeReader_getFormatName_6997097930, org.locationtech.spatial4j.io.PolyshapeReader_getFormatName_6997097931, org.locationtech.spatial4j.io.PolyshapeReader_init_5273912480, org.locationtech.spatial4j.io.PolyshapeReader_init_5273912481, org.locationtech.spatial4j.io.PolyshapeReader_readIfSupported_15791840490, org.locationtech.spatial4j.io.PolyshapeReader_readIfSupported_15791840491, org.locationtech.spatial4j.io.PolyshapeReader_readPolygon_15631337210, org.locationtech.spatial4j.io.PolyshapeReader_readPolygon_15631337211, org.locationtech.spatial4j.io.PolyshapeReader_read_3323632840, org.locationtech.spatial4j.io.PolyshapeReader_read_3323632841, org.locationtech.spatial4j.io.PolyshapeReader_read_3416123840, org.locationtech.spatial4j.io.PolyshapeReader_read_3416123841, org.locationtech.spatial4j.io.ReflectionUtils]
Executions terminated
Number of file with coverage information = 109
Extracted coverage data for the class org/locationtech/spatial4j/io/PolyshapeReader
Number of file with coverage information = 191
Number of file with coverage information = 10
Number of file with coverage information = 45
Number of file with coverage information = 128
Number of file with coverage information = 708
Number of file with coverage information = 14
Number of file with coverage information = 611
Number of file with coverage information = 348
Number of file with coverage information = 72
Number of file with coverage information = 34

=== Run PIT ===
Matching Jacoco with PIT: find covered mutations
Executing Mutation Analysis using 31 mutants 
Evaluating mutant 511507420 using tests: [org.locationtech.spatial4j.io.EqualityUtils, org.locationtech.spatial4j.io.PolyshapeReader_getFormatName_6997097930, org.locationtech.spatial4j.io.PolyshapeReader_getFormatName_6997097931, org.locationtech.spatial4j.io.PolyshapeReader_init_5273912480, org.locationtech.spatial4j.io.PolyshapeReader_init_5273912481, org.locationtech.spatial4j.io.PolyshapeReader_readIfSupported_15791840490, org.locationtech.spatial4j.io.PolyshapeReader_readIfSupported_15791840491, org.locationtech.spatial4j.io.PolyshapeReader_readPolygon_15631337210, org.locationtech.spatial4j.io.PolyshapeReader_readPolygon_15631337211, org.locationtech.spatial4j.io.PolyshapeReader_read_3323632840, org.locationtech.spatial4j.io.PolyshapeReader_read_3323632841, org.locationtech.spatial4j.io.PolyshapeReader_read_3416123840, org.locationtech.spatial4j.io.PolyshapeReader_read_3416123841, org.locationtech.spatial4j.io.ReflectionUtils]

 CP : /usr/local/bin/lib/junit.jar:/usr/local/bin/lib/hamcrest-core.jar:results_kex_120/SPATIAL4J-52_1/temp/testcases/mutated_code/SUT:/home/kex/results_kex_120/SPATIAL4J-52_1/temp/testcases/bin:results_kex_120/SPATIAL4J-52_1/temp/testcases/mutated_code/CUT0

Failed test initializationError(org.locationtech.spatial4j.io.EqualityUtils)
	 flaky test, ignore !
Failed test test(org.locationtech.spatial4j.io.PolyshapeReader_getFormatName_6997097930)
	 actual test, will stop test execution !
TestExec4MutationTask: Mutant MutationIdentifier [location=Location [clazz=org.locationtech.spatial4j.io.PolyshapeReader, method=readIfSupported, methodDesc=(Ljava/lang/Object;)Lorg/locationtech/spatial4j/shape/Shape;], indexes=[20], mutator=org.pitest.mutationtest.engine.gregor.mutators.ConditionalsBoundaryMutator] killed by test (org.locationtech.spatial4j.io.PolyshapeReader_getFormatName_6997097930),test)
Evaluating mutant -1717523327 using tests: [org.locationtech.spatial4j.io.EqualityUtils, org.locationtech.spatial4j.io.PolyshapeReader_getFormatName_6997097930, org.locationtech.spatial4j.io.PolyshapeReader_getFormatName_6997097931, org.locationtech.spatial4j.io.PolyshapeReader_init_5273912480, org.locationtech.spatial4j.io.PolyshapeReader_init_5273912481, org.locationtech.spatial4j.io.PolyshapeReader_readIfSupported_15791840490, org.locationtech.spatial4j.io.PolyshapeReader_readIfSupported_15791840491, org.locationtech.spatial4j.io.PolyshapeReader_readPolygon_15631337210, org.locationtech.spatial4j.io.PolyshapeReader_readPolygon_15631337211, org.locationtech.spatial4j.io.PolyshapeReader_read_3323632840, org.locationtech.spatial4j.io.PolyshapeReader_read_3323632841, org.locationtech.spatial4j.io.PolyshapeReader_read_3416123840, org.locationtech.spatial4j.io.PolyshapeReader_read_3416123841, org.locationtech.spatial4j.io.ReflectionUtils]

 CP : /usr/local/bin/lib/junit.jar:/usr/local/bin/lib/hamcrest-core.jar:results_kex_120/SPATIAL4J-52_1/temp/testcases/mutated_code/SUT:/home/kex/results_kex_120/SPATIAL4J-52_1/temp/testcases/bin:results_kex_120/SPATIAL4J-52_1/temp/testcases/mutated_code/CUT1

Failed test initializationError(org.locationtech.spatial4j.io.EqualityUtils)
	 flaky test, ignore !
Failed test test(org.locationtech.spatial4j.io.PolyshapeReader_getFormatName_6997097930)
	 actual test, will stop test execution !
TestExec4MutationTask: Mutant MutationIdentifier [location=Location [clazz=org.locationtech.spatial4j.io.PolyshapeReader, method=readIfSupported, methodDesc=(Ljava/lang/Object;)Lorg/locationtech/spatial4j/shape/Shape;], indexes=[17], mutator=org.pitest.mutationtest.engine.gregor.mutators.NegateConditionalsMutator] killed by test (org.locationtech.spatial4j.io.PolyshapeReader_getFormatName_6997097930),test)
Evaluating mutant 342660877 using tests: [org.locationtech.spatial4j.io.EqualityUtils, org.locationtech.spatial4j.io.PolyshapeReader_getFormatName_6997097930, org.locationtech.spatial4j.io.PolyshapeReader_getFormatName_6997097931, org.locationtech.spatial4j.io.PolyshapeReader_init_5273912480, org.locationtech.spatial4j.io.PolyshapeReader_init_5273912481, org.locationtech.spatial4j.io.PolyshapeReader_readIfSupported_15791840490, org.locationtech.spatial4j.io.PolyshapeReader_readIfSupported_15791840491, org.locationtech.spatial4j.io.PolyshapeReader_readPolygon_15631337210, org.locationtech.spatial4j.io.PolyshapeReader_readPolygon_15631337211, org.locationtech.spatial4j.io.PolyshapeReader_read_3323632840, org.locationtech.spatial4j.io.PolyshapeReader_read_3323632841, org.locationtech.spatial4j.io.PolyshapeReader_read_3416123840, org.locationtech.spatial4j.io.PolyshapeReader_read_3416123841, org.locationtech.spatial4j.io.ReflectionUtils]

 CP : /usr/local/bin/lib/junit.jar:/usr/local/bin/lib/hamcrest-core.jar:results_kex_120/SPATIAL4J-52_1/temp/testcases/mutated_code/SUT:/home/kex/results_kex_120/SPATIAL4J-52_1/temp/testcases/bin:results_kex_120/SPATIAL4J-52_1/temp/testcases/mutated_code/CUT2

Failed test initializationError(org.locationtech.spatial4j.io.EqualityUtils)
	 flaky test, ignore !
Failed test test(org.locationtech.spatial4j.io.PolyshapeReader_getFormatName_6997097930)
	 actual test, will stop test execution !
TestExec4MutationTask: Mutant MutationIdentifier [location=Location [clazz=org.locationtech.spatial4j.io.PolyshapeReader, method=read, methodDesc=(Ljava/io/Reader;)Lorg/locationtech/spatial4j/shape/Shape;], indexes=[46], mutator=org.pitest.mutationtest.engine.gregor.mutators.NegateConditionalsMutator] killed by test (org.locationtech.spatial4j.io.PolyshapeReader_getFormatName_6997097930),test)
Evaluating mutant -1723287204 using tests: [org.locationtech.spatial4j.io.EqualityUtils, org.locationtech.spatial4j.io.PolyshapeReader_getFormatName_6997097930, org.locationtech.spatial4j.io.PolyshapeReader_getFormatName_6997097931, org.locationtech.spatial4j.io.PolyshapeReader_init_5273912480, org.locationtech.spatial4j.io.PolyshapeReader_init_5273912481, org.locationtech.spatial4j.io.PolyshapeReader_readIfSupported_15791840490, org.locationtech.spatial4j.io.PolyshapeReader_readIfSupported_15791840491, org.locationtech.spatial4j.io.PolyshapeReader_readPolygon_15631337210, org.locationtech.spatial4j.io.PolyshapeReader_readPolygon_15631337211, org.locationtech.spatial4j.io.PolyshapeReader_read_3323632840, org.locationtech.spatial4j.io.PolyshapeReader_read_3323632841, org.locationtech.spatial4j.io.PolyshapeReader_read_3416123840, org.locationtech.spatial4j.io.PolyshapeReader_read_3416123841, org.locationtech.spatial4j.io.ReflectionUtils]

 CP : /usr/local/bin/lib/junit.jar:/usr/local/bin/lib/hamcrest-core.jar:results_kex_120/SPATIAL4J-52_1/temp/testcases/mutated_code/SUT:/home/kex/results_kex_120/SPATIAL4J-52_1/temp/testcases/bin:results_kex_120/SPATIAL4J-52_1/temp/testcases/mutated_code/CUT3

Failed test initializationError(org.locationtech.spatial4j.io.EqualityUtils)
	 flaky test, ignore !
Failed test test(org.locationtech.spatial4j.io.PolyshapeReader_getFormatName_6997097930)
	 actual test, will stop test execution !
TestExec4MutationTask: Mutant MutationIdentifier [location=Location [clazz=org.locationtech.spatial4j.io.PolyshapeReader, method=read, methodDesc=(Ljava/io/Reader;)Lorg/locationtech/spatial4j/shape/Shape;], indexes=[37], mutator=org.pitest.mutationtest.engine.gregor.mutators.ConditionalsBoundaryMutator] killed by test (org.locationtech.spatial4j.io.PolyshapeReader_getFormatName_6997097930),test)
Evaluating mutant -1717520444 using tests: [org.locationtech.spatial4j.io.EqualityUtils, org.locationtech.spatial4j.io.PolyshapeReader_getFormatName_6997097930, org.locationtech.spatial4j.io.PolyshapeReader_getFormatName_6997097931, org.locationtech.spatial4j.io.PolyshapeReader_init_5273912480, org.locationtech.spatial4j.io.PolyshapeReader_init_5273912481, org.locationtech.spatial4j.io.PolyshapeReader_readIfSupported_15791840490, org.locationtech.spatial4j.io.PolyshapeReader_readIfSupported_15791840491, org.locationtech.spatial4j.io.PolyshapeReader_readPolygon_15631337210, org.locationtech.spatial4j.io.PolyshapeReader_readPolygon_15631337211, org.locationtech.spatial4j.io.PolyshapeReader_read_3323632840, org.locationtech.spatial4j.io.PolyshapeReader_read_3323632841, org.locationtech.spatial4j.io.PolyshapeReader_read_3416123840, org.locationtech.spatial4j.io.PolyshapeReader_read_3416123841, org.locationtech.spatial4j.io.ReflectionUtils]

 CP : /usr/local/bin/lib/junit.jar:/usr/local/bin/lib/hamcrest-core.jar:results_kex_120/SPATIAL4J-52_1/temp/testcases/mutated_code/SUT:/home/kex/results_kex_120/SPATIAL4J-52_1/temp/testcases/bin:results_kex_120/SPATIAL4J-52_1/temp/testcases/mutated_code/CUT4

Failed test initializationError(org.locationtech.spatial4j.io.EqualityUtils)
	 flaky test, ignore !
Failed test test(org.locationtech.spatial4j.io.PolyshapeReader_getFormatName_6997097930)
	 actual test, will stop test execution !
TestExec4MutationTask: Mutant MutationIdentifier [location=Location [clazz=org.locationtech.spatial4j.io.PolyshapeReader, method=readIfSupported, methodDesc=(Ljava/lang/Object;)Lorg/locationtech/spatial4j/shape/Shape;], indexes=[20], mutator=org.pitest.mutationtest.engine.gregor.mutators.NegateConditionalsMutator] killed by test (org.locationtech.spatial4j.io.PolyshapeReader_getFormatName_6997097930),test)
Evaluating mutant 511504537 using tests: [org.locationtech.spatial4j.io.EqualityUtils, org.locationtech.spatial4j.io.PolyshapeReader_getFormatName_6997097930, org.locationtech.spatial4j.io.PolyshapeReader_getFormatName_6997097931, org.locationtech.spatial4j.io.PolyshapeReader_init_5273912480, org.locationtech.spatial4j.io.PolyshapeReader_init_5273912481, org.locationtech.spatial4j.io.PolyshapeReader_readIfSupported_15791840490, org.locationtech.spatial4j.io.PolyshapeReader_readIfSupported_15791840491, org.locationtech.spatial4j.io.PolyshapeReader_readPolygon_15631337210, org.locationtech.spatial4j.io.PolyshapeReader_readPolygon_15631337211, org.locationtech.spatial4j.io.PolyshapeReader_read_3323632840, org.locationtech.spatial4j.io.PolyshapeReader_read_3323632841, org.locationtech.spatial4j.io.PolyshapeReader_read_3416123840, org.locationtech.spatial4j.io.PolyshapeReader_read_3416123841, org.locationtech.spatial4j.io.ReflectionUtils]

 CP : /usr/local/bin/lib/junit.jar:/usr/local/bin/lib/hamcrest-core.jar:results_kex_120/SPATIAL4J-52_1/temp/testcases/mutated_code/SUT:/home/kex/results_kex_120/SPATIAL4J-52_1/temp/testcases/bin:results_kex_120/SPATIAL4J-52_1/temp/testcases/mutated_code/CUT5

Failed test initializationError(org.locationtech.spatial4j.io.EqualityUtils)
	 flaky test, ignore !
Failed test test(org.locationtech.spatial4j.io.PolyshapeReader_getFormatName_6997097930)
	 actual test, will stop test execution !
TestExec4MutationTask: Mutant MutationIdentifier [location=Location [clazz=org.locationtech.spatial4j.io.PolyshapeReader, method=readIfSupported, methodDesc=(Ljava/lang/Object;)Lorg/locationtech/spatial4j/shape/Shape;], indexes=[17], mutator=org.pitest.mutationtest.engine.gregor.mutators.ConditionalsBoundaryMutator] killed by test (org.locationtech.spatial4j.io.PolyshapeReader_getFormatName_6997097930),test)
Evaluating mutant 342642618 using tests: [org.locationtech.spatial4j.io.EqualityUtils, org.locationtech.spatial4j.io.PolyshapeReader_getFormatName_6997097930, org.locationtech.spatial4j.io.PolyshapeReader_getFormatName_6997097931, org.locationtech.spatial4j.io.PolyshapeReader_init_5273912480, org.locationtech.spatial4j.io.PolyshapeReader_init_5273912481, org.locationtech.spatial4j.io.PolyshapeReader_readIfSupported_15791840490, org.locationtech.spatial4j.io.PolyshapeReader_readIfSupported_15791840491, org.locationtech.spatial4j.io.PolyshapeReader_readPolygon_15631337210, org.locationtech.spatial4j.io.PolyshapeReader_readPolygon_15631337211, org.locationtech.spatial4j.io.PolyshapeReader_read_3323632840, org.locationtech.spatial4j.io.PolyshapeReader_read_3323632841, org.locationtech.spatial4j.io.PolyshapeReader_read_3416123840, org.locationtech.spatial4j.io.PolyshapeReader_read_3416123841, org.locationtech.spatial4j.io.ReflectionUtils]

 CP : /usr/local/bin/lib/junit.jar:/usr/local/bin/lib/hamcrest-core.jar:results_kex_120/SPATIAL4J-52_1/temp/testcases/mutated_code/SUT:/home/kex/results_kex_120/SPATIAL4J-52_1/temp/testcases/bin:results_kex_120/SPATIAL4J-52_1/temp/testcases/mutated_code/CUT6

Failed test initializationError(org.locationtech.spatial4j.io.EqualityUtils)
	 flaky test, ignore !
Failed test test(org.locationtech.spatial4j.io.PolyshapeReader_getFormatName_6997097930)
	 actual test, will stop test execution !
TestExec4MutationTask: Mutant MutationIdentifier [location=Location [clazz=org.locationtech.spatial4j.io.PolyshapeReader, method=read, methodDesc=(Ljava/io/Reader;)Lorg/locationtech/spatial4j/shape/Shape;], indexes=[27], mutator=org.pitest.mutationtest.engine.gregor.mutators.NegateConditionalsMutator] killed by test (org.locationtech.spatial4j.io.PolyshapeReader_getFormatName_6997097930),test)
Evaluating mutant -860590142 using tests: [org.locationtech.spatial4j.io.EqualityUtils, org.locationtech.spatial4j.io.PolyshapeReader_getFormatName_6997097930, org.locationtech.spatial4j.io.PolyshapeReader_getFormatName_6997097931, org.locationtech.spatial4j.io.PolyshapeReader_init_5273912480, org.locationtech.spatial4j.io.PolyshapeReader_init_5273912481, org.locationtech.spatial4j.io.PolyshapeReader_readIfSupported_15791840490, org.locationtech.spatial4j.io.PolyshapeReader_readIfSupported_15791840491, org.locationtech.spatial4j.io.PolyshapeReader_readPolygon_15631337210, org.locationtech.spatial4j.io.PolyshapeReader_readPolygon_15631337211, org.locationtech.spatial4j.io.PolyshapeReader_read_3323632840, org.locationtech.spatial4j.io.PolyshapeReader_read_3323632841, org.locationtech.spatial4j.io.PolyshapeReader_read_3416123840, org.locationtech.spatial4j.io.PolyshapeReader_read_3416123841, org.locationtech.spatial4j.io.ReflectionUtils]

 CP : /usr/local/bin/lib/junit.jar:/usr/local/bin/lib/hamcrest-core.jar:results_kex_120/SPATIAL4J-52_1/temp/testcases/mutated_code/SUT:/home/kex/results_kex_120/SPATIAL4J-52_1/temp/testcases/bin:results_kex_120/SPATIAL4J-52_1/temp/testcases/mutated_code/CUT7

Failed test initializationError(org.locationtech.spatial4j.io.EqualityUtils)
	 flaky test, ignore !
Failed test test(org.locationtech.spatial4j.io.PolyshapeReader_getFormatName_6997097930)
	 actual test, will stop test execution !
TestExec4MutationTask: Mutant MutationIdentifier [location=Location [clazz=org.locationtech.spatial4j.io.PolyshapeReader, method=getFormatName, methodDesc=()Ljava/lang/String;], indexes=[4], mutator=org.pitest.mutationtest.engine.gregor.mutators.ReturnValsMutator] killed by test (org.locationtech.spatial4j.io.PolyshapeReader_getFormatName_6997097930),test)
Evaluating mutant -1723284321 using tests: [org.locationtech.spatial4j.io.EqualityUtils, org.locationtech.spatial4j.io.PolyshapeReader_getFormatName_6997097930, org.locationtech.spatial4j.io.PolyshapeReader_getFormatName_6997097931, org.locationtech.spatial4j.io.PolyshapeReader_init_5273912480, org.locationtech.spatial4j.io.PolyshapeReader_init_5273912481, org.locationtech.spatial4j.io.PolyshapeReader_readIfSupported_15791840490, org.locationtech.spatial4j.io.PolyshapeReader_readIfSupported_15791840491, org.locationtech.spatial4j.io.PolyshapeReader_readPolygon_15631337210, org.locationtech.spatial4j.io.PolyshapeReader_readPolygon_15631337211, org.locationtech.spatial4j.io.PolyshapeReader_read_3323632840, org.locationtech.spatial4j.io.PolyshapeReader_read_3323632841, org.locationtech.spatial4j.io.PolyshapeReader_read_3416123840, org.locationtech.spatial4j.io.PolyshapeReader_read_3416123841, org.locationtech.spatial4j.io.ReflectionUtils]

 CP : /usr/local/bin/lib/junit.jar:/usr/local/bin/lib/hamcrest-core.jar:results_kex_120/SPATIAL4J-52_1/temp/testcases/mutated_code/SUT:/home/kex/results_kex_120/SPATIAL4J-52_1/temp/testcases/bin:results_kex_120/SPATIAL4J-52_1/temp/testcases/mutated_code/CUT8

Failed test initializationError(org.locationtech.spatial4j.io.EqualityUtils)
	 flaky test, ignore !
Failed test test(org.locationtech.spatial4j.io.PolyshapeReader_getFormatName_6997097930)
	 actual test, will stop test execution !
TestExec4MutationTask: Mutant MutationIdentifier [location=Location [clazz=org.locationtech.spatial4j.io.PolyshapeReader, method=read, methodDesc=(Ljava/io/Reader;)Lorg/locationtech/spatial4j/shape/Shape;], indexes=[40], mutator=org.pitest.mutationtest.engine.gregor.mutators.ConditionalsBoundaryMutator] killed by test (org.locationtech.spatial4j.io.PolyshapeReader_getFormatName_6997097930),test)
Evaluating mutant 342652228 using tests: [org.locationtech.spatial4j.io.EqualityUtils, org.locationtech.spatial4j.io.PolyshapeReader_getFormatName_6997097930, org.locationtech.spatial4j.io.PolyshapeReader_getFormatName_6997097931, org.locationtech.spatial4j.io.PolyshapeReader_init_5273912480, org.locationtech.spatial4j.io.PolyshapeReader_init_5273912481, org.locationtech.spatial4j.io.PolyshapeReader_readIfSupported_15791840490, org.locationtech.spatial4j.io.PolyshapeReader_readIfSupported_15791840491, org.locationtech.spatial4j.io.PolyshapeReader_readPolygon_15631337210, org.locationtech.spatial4j.io.PolyshapeReader_readPolygon_15631337211, org.locationtech.spatial4j.io.PolyshapeReader_read_3323632840, org.locationtech.spatial4j.io.PolyshapeReader_read_3323632841, org.locationtech.spatial4j.io.PolyshapeReader_read_3416123840, org.locationtech.spatial4j.io.PolyshapeReader_read_3416123841, org.locationtech.spatial4j.io.ReflectionUtils]

 CP : /usr/local/bin/lib/junit.jar:/usr/local/bin/lib/hamcrest-core.jar:results_kex_120/SPATIAL4J-52_1/temp/testcases/mutated_code/SUT:/home/kex/results_kex_120/SPATIAL4J-52_1/temp/testcases/bin:results_kex_120/SPATIAL4J-52_1/temp/testcases/mutated_code/CUT9

Failed test initializationError(org.locationtech.spatial4j.io.EqualityUtils)
	 flaky test, ignore !
Failed test test(org.locationtech.spatial4j.io.PolyshapeReader_getFormatName_6997097930)
	 actual test, will stop test execution !
TestExec4MutationTask: Mutant MutationIdentifier [location=Location [clazz=org.locationtech.spatial4j.io.PolyshapeReader, method=read, methodDesc=(Ljava/io/Reader;)Lorg/locationtech/spatial4j/shape/Shape;], indexes=[37], mutator=org.pitest.mutationtest.engine.gregor.mutators.NegateConditionalsMutator] killed by test (org.locationtech.spatial4j.io.PolyshapeReader_getFormatName_6997097930),test)
Evaluating mutant 342655111 using tests: [org.locationtech.spatial4j.io.EqualityUtils, org.locationtech.spatial4j.io.PolyshapeReader_getFormatName_6997097930, org.locationtech.spatial4j.io.PolyshapeReader_getFormatName_6997097931, org.locationtech.spatial4j.io.PolyshapeReader_init_5273912480, org.locationtech.spatial4j.io.PolyshapeReader_init_5273912481, org.locationtech.spatial4j.io.PolyshapeReader_readIfSupported_15791840490, org.locationtech.spatial4j.io.PolyshapeReader_readIfSupported_15791840491, org.locationtech.spatial4j.io.PolyshapeReader_readPolygon_15631337210, org.locationtech.spatial4j.io.PolyshapeReader_readPolygon_15631337211, org.locationtech.spatial4j.io.PolyshapeReader_read_3323632840, org.locationtech.spatial4j.io.PolyshapeReader_read_3323632841, org.locationtech.spatial4j.io.PolyshapeReader_read_3416123840, org.locationtech.spatial4j.io.PolyshapeReader_read_3416123841, org.locationtech.spatial4j.io.ReflectionUtils]

 CP : /usr/local/bin/lib/junit.jar:/usr/local/bin/lib/hamcrest-core.jar:results_kex_120/SPATIAL4J-52_1/temp/testcases/mutated_code/SUT:/home/kex/results_kex_120/SPATIAL4J-52_1/temp/testcases/bin:results_kex_120/SPATIAL4J-52_1/temp/testcases/mutated_code/CUT10

Failed test initializationError(org.locationtech.spatial4j.io.EqualityUtils)
	 flaky test, ignore !
Failed test test(org.locationtech.spatial4j.io.PolyshapeReader_getFormatName_6997097930)
	 actual test, will stop test execution !
TestExec4MutationTask: Mutant MutationIdentifier [location=Location [clazz=org.locationtech.spatial4j.io.PolyshapeReader, method=read, methodDesc=(Ljava/io/Reader;)Lorg/locationtech/spatial4j/shape/Shape;], indexes=[40], mutator=org.pitest.mutationtest.engine.gregor.mutators.NegateConditionalsMutator] killed by test (org.locationtech.spatial4j.io.PolyshapeReader_getFormatName_6997097930),test)
Evaluating mutant 1273756356 using tests: [org.locationtech.spatial4j.io.EqualityUtils, org.locationtech.spatial4j.io.PolyshapeReader_getFormatName_6997097930, org.locationtech.spatial4j.io.PolyshapeReader_getFormatName_6997097931, org.locationtech.spatial4j.io.PolyshapeReader_init_5273912480, org.locationtech.spatial4j.io.PolyshapeReader_init_5273912481, org.locationtech.spatial4j.io.PolyshapeReader_readIfSupported_15791840490, org.locationtech.spatial4j.io.PolyshapeReader_readIfSupported_15791840491, org.locationtech.spatial4j.io.PolyshapeReader_readPolygon_15631337210, org.locationtech.spatial4j.io.PolyshapeReader_readPolygon_15631337211, org.locationtech.spatial4j.io.PolyshapeReader_read_3323632840, org.locationtech.spatial4j.io.PolyshapeReader_read_3323632841, org.locationtech.spatial4j.io.PolyshapeReader_read_3416123840, org.locationtech.spatial4j.io.PolyshapeReader_read_3416123841, org.locationtech.spatial4j.io.ReflectionUtils]

 CP : /usr/local/bin/lib/junit.jar:/usr/local/bin/lib/hamcrest-core.jar:results_kex_120/SPATIAL4J-52_1/temp/testcases/mutated_code/SUT:/home/kex/results_kex_120/SPATIAL4J-52_1/temp/testcases/bin:results_kex_120/SPATIAL4J-52_1/temp/testcases/mutated_code/CUT11

Failed test initializationError(org.locationtech.spatial4j.io.EqualityUtils)
	 flaky test, ignore !
Failed test test(org.locationtech.spatial4j.io.PolyshapeReader_getFormatName_6997097930)
	 actual test, will stop test execution !
TestExec4MutationTask: Mutant MutationIdentifier [location=Location [clazz=org.locationtech.spatial4j.io.PolyshapeReader, method=readIfSupported, methodDesc=(Ljava/lang/Object;)Lorg/locationtech/spatial4j/shape/Shape;], indexes=[39], mutator=org.pitest.mutationtest.engine.gregor.mutators.ReturnValsMutator] killed by test (org.locationtech.spatial4j.io.PolyshapeReader_getFormatName_6997097930),test)
mutationResult.getState() KILLED
* Killed mutant MutationDetails [id=MutationIdentifier [location=Location [clazz=org.locationtech.spatial4j.io.PolyshapeReader, method=readIfSupported, methodDesc=(Ljava/lang/Object;)Lorg/locationtech/spatial4j/shape/Shape;], indexes=[20], mutator=org.pitest.mutationtest.engine.gregor.mutators.ConditionalsBoundaryMutator], filename=PolyshapeReader.java, block=4, lineNumber=61, description=changed conditional boundary, testsInOrder=[]]
mutationResult.getState() KILLED
* Killed mutant MutationDetails [id=MutationIdentifier [location=Location [clazz=org.locationtech.spatial4j.io.PolyshapeReader, method=readIfSupported, methodDesc=(Ljava/lang/Object;)Lorg/locationtech/spatial4j/shape/Shape;], indexes=[17], mutator=org.pitest.mutationtest.engine.gregor.mutators.NegateConditionalsMutator], filename=PolyshapeReader.java, block=3, lineNumber=61, description=negated conditional, testsInOrder=[]]
mutationResult.getState() KILLED
* Killed mutant MutationDetails [id=MutationIdentifier [location=Location [clazz=org.locationtech.spatial4j.io.PolyshapeReader, method=read, methodDesc=(Ljava/io/Reader;)Lorg/locationtech/spatial4j/shape/Shape;], indexes=[46], mutator=org.pitest.mutationtest.engine.gregor.mutators.NegateConditionalsMutator], filename=PolyshapeReader.java, block=10, lineNumber=85, description=negated conditional, testsInOrder=[]]
mutationResult.getState() KILLED
* Killed mutant MutationDetails [id=MutationIdentifier [location=Location [clazz=org.locationtech.spatial4j.io.PolyshapeReader, method=read, methodDesc=(Ljava/io/Reader;)Lorg/locationtech/spatial4j/shape/Shape;], indexes=[37], mutator=org.pitest.mutationtest.engine.gregor.mutators.ConditionalsBoundaryMutator], filename=PolyshapeReader.java, block=8, lineNumber=84, description=changed conditional boundary, testsInOrder=[]]
mutationResult.getState() KILLED
* Killed mutant MutationDetails [id=MutationIdentifier [location=Location [clazz=org.locationtech.spatial4j.io.PolyshapeReader, method=readIfSupported, methodDesc=(Ljava/lang/Object;)Lorg/locationtech/spatial4j/shape/Shape;], indexes=[20], mutator=org.pitest.mutationtest.engine.gregor.mutators.NegateConditionalsMutator], filename=PolyshapeReader.java, block=4, lineNumber=61, description=negated conditional, testsInOrder=[]]
mutationResult.getState() KILLED
* Killed mutant MutationDetails [id=MutationIdentifier [location=Location [clazz=org.locationtech.spatial4j.io.PolyshapeReader, method=readIfSupported, methodDesc=(Ljava/lang/Object;)Lorg/locationtech/spatial4j/shape/Shape;], indexes=[17], mutator=org.pitest.mutationtest.engine.gregor.mutators.ConditionalsBoundaryMutator], filename=PolyshapeReader.java, block=3, lineNumber=61, description=changed conditional boundary, testsInOrder=[]]
mutationResult.getState() KILLED
* Killed mutant MutationDetails [id=MutationIdentifier [location=Location [clazz=org.locationtech.spatial4j.io.PolyshapeReader, method=read, methodDesc=(Ljava/io/Reader;)Lorg/locationtech/spatial4j/shape/Shape;], indexes=[27], mutator=org.pitest.mutationtest.engine.gregor.mutators.NegateConditionalsMutator], filename=PolyshapeReader.java, block=7, lineNumber=82, description=negated conditional, testsInOrder=[]]
mutationResult.getState() KILLED
* Killed mutant MutationDetails [id=MutationIdentifier [location=Location [clazz=org.locationtech.spatial4j.io.PolyshapeReader, method=getFormatName, methodDesc=()Ljava/lang/String;], indexes=[4], mutator=org.pitest.mutationtest.engine.gregor.mutators.ReturnValsMutator], filename=PolyshapeReader.java, block=1, lineNumber=49, description=mutated return of Object value for org/locationtech/spatial4j/io/PolyshapeReader::getFormatName to ( if (x != null) null else throw new RuntimeException ), testsInOrder=[]]
mutationResult.getState() KILLED
* Killed mutant MutationDetails [id=MutationIdentifier [location=Location [clazz=org.locationtech.spatial4j.io.PolyshapeReader, method=read, methodDesc=(Ljava/io/Reader;)Lorg/locationtech/spatial4j/shape/Shape;], indexes=[40], mutator=org.pitest.mutationtest.engine.gregor.mutators.ConditionalsBoundaryMutator], filename=PolyshapeReader.java, block=9, lineNumber=84, description=changed conditional boundary, testsInOrder=[]]
mutationResult.getState() KILLED
* Killed mutant MutationDetails [id=MutationIdentifier [location=Location [clazz=org.locationtech.spatial4j.io.PolyshapeReader, method=read, methodDesc=(Ljava/io/Reader;)Lorg/locationtech/spatial4j/shape/Shape;], indexes=[37], mutator=org.pitest.mutationtest.engine.gregor.mutators.NegateConditionalsMutator], filename=PolyshapeReader.java, block=8, lineNumber=84, description=negated conditional, testsInOrder=[]]
mutationResult.getState() KILLED
* Killed mutant MutationDetails [id=MutationIdentifier [location=Location [clazz=org.locationtech.spatial4j.io.PolyshapeReader, method=read, methodDesc=(Ljava/io/Reader;)Lorg/locationtech/spatial4j/shape/Shape;], indexes=[40], mutator=org.pitest.mutationtest.engine.gregor.mutators.NegateConditionalsMutator], filename=PolyshapeReader.java, block=9, lineNumber=84, description=negated conditional, testsInOrder=[]]
mutationResult.getState() KILLED
* Killed mutant MutationDetails [id=MutationIdentifier [location=Location [clazz=org.locationtech.spatial4j.io.PolyshapeReader, method=readIfSupported, methodDesc=(Ljava/lang/Object;)Lorg/locationtech/spatial4j/shape/Shape;], indexes=[39], mutator=org.pitest.mutationtest.engine.gregor.mutators.ReturnValsMutator], filename=PolyshapeReader.java, block=6, lineNumber=67, description=mutated return of Object value for org/locationtech/spatial4j/io/PolyshapeReader::readIfSupported to ( if (x != null) null else throw new RuntimeException ), testsInOrder=[]]

>>> RESULTS:
	Tool name: kex
	Benchmark: SPATIAL4J-52
	Class Under Test: org.locationtech.spatial4j.io.PolyshapeReader
	Run number: 1
	Tool preparation time (ms): 3551
	Tool test cases generation time (ms): 135087
	Test cases execution time (ms): 391
	Test case number: 12
	Uncompilable Test Classes: 0
	Broken tests number: 10
	Failing tests number: 0
	Lines total: 75
	Lines covered: 18
	Lines coverage ratio (%): 24.0
	Conditions total: 47
	Conditions covered: 6
	Conditions coverage ratio (%): 12.765958
	Mutants total: 31
	Mutants covered: 12
	Mutants coverage ratio (%): 38.709675
	Mutants killed: 12
	Mutants killed ratio (%): 38.709675
	Mutants alive: 19


Class org.locationtech.spatial4j.io.PolyshapeReader ended.
Stopping process...
Tool subprocess is an instance of java.lang.UNIXProcess
Tool subprocess Id is 184478
Killing master process 184478
Executing command kill -9 184478
Execution of command kill -9 184478 finished.
Process was destroyed
