
>>> TOOL NAME:  kex

>>> BENCHMARK:  COLLECTIONS-17

>>> RUN NUMBER: 1

>>> MODE: --only-compute-metrics
Creating directory ./temp
Creating directory ./temp/data
Creating directory ./temp/testcases
Executing /home/kex/./runtool
>> BENCHMARK
>> /var/benchmarks/projects/commons-collections/src/main/java
>> /var/benchmarks/projects/commons-collections/target/classes
>> 23
>> /var/benchmarks/projects/commons-collections/target/commons-collections4-4.5-SNAPSHOT.jar
>> /var/benchmarks/projects/commons-collections/target/dependency/error_prone_annotations-2.18.0.jar
>> /var/benchmarks/projects/commons-collections/target/dependency/junit-jupiter-params-5.9.3.jar
>> /var/benchmarks/projects/commons-collections/target/dependency/hamcrest-core-1.3.jar
>> /var/benchmarks/projects/commons-collections/target/dependency/easymock-5.1.0.jar
>> /var/benchmarks/projects/commons-collections/target/dependency/checker-qual-3.33.0.jar
>> /var/benchmarks/projects/commons-collections/target/dependency/junit-jupiter-engine-5.9.3.jar
>> /var/benchmarks/projects/commons-collections/target/dependency/junit-platform-engine-1.9.3.jar
>> /var/benchmarks/projects/commons-collections/target/dependency/commons-lang3-3.13.0.jar
>> /var/benchmarks/projects/commons-collections/target/dependency/listenablefuture-9999.0-empty-to-avoid-conflict-with-guava.jar
>> /var/benchmarks/projects/commons-collections/target/dependency/junit-jupiter-api-5.9.3.jar
>> /var/benchmarks/projects/commons-collections/target/dependency/commons-codec-1.16.0.jar
>> /var/benchmarks/projects/commons-collections/target/dependency/apiguardian-api-1.1.2.jar
>> /var/benchmarks/projects/commons-collections/target/dependency/opentest4j-1.2.0.jar
>> /var/benchmarks/projects/commons-collections/target/dependency/failureaccess-1.0.1.jar
>> /var/benchmarks/projects/commons-collections/target/dependency/jsr305-3.0.2.jar
>> /var/benchmarks/projects/commons-collections/target/dependency/objenesis-3.3.jar
>> /var/benchmarks/projects/commons-collections/target/dependency/guava-testlib-32.1.2-jre.jar
>> /var/benchmarks/projects/commons-collections/target/dependency/j2objc-annotations-2.8.jar
>> /var/benchmarks/projects/commons-collections/target/dependency/hamcrest-2.2.jar
>> /var/benchmarks/projects/commons-collections/target/dependency/junit-4.13.2.jar
>> /var/benchmarks/projects/commons-collections/target/dependency/commons-io-2.13.0.jar
>> /var/benchmarks/projects/commons-collections/target/dependency/guava-32.1.2-jre.jar
>> 0
expecting CLASSPATH or READY
<< READY
>> 120


### COMPUTING METRICS ###: org.apache.commons.collections4.trie.analyzer.StringKeyAnalyzer


Starting class org.apache.commons.collections4.trie.analyzer.StringKeyAnalyzer


Ending class org.apache.commons.collections4.trie.analyzer.StringKeyAnalyzer
Creating directory results_kex_120/COLLECTIONS-17_1/temp/testcases/bin
Creating dummy JUnit test file

---Compilation---

===
javac command line:
/usr/bin/javac -sourcepath /home/kex/results_kex_120/COLLECTIONS-17_1/temp/testcases -cp /var/benchmarks/projects/commons-collections/target/commons-collections4-4.5-SNAPSHOT.jar:/var/benchmarks/projects/commons-collections/target/dependency/error_prone_annotations-2.18.0.jar:/var/benchmarks/projects/commons-collections/target/dependency/junit-jupiter-params-5.9.3.jar:/var/benchmarks/projects/commons-collections/target/dependency/hamcrest-core-1.3.jar:/var/benchmarks/projects/commons-collections/target/dependency/easymock-5.1.0.jar:/var/benchmarks/projects/commons-collections/target/dependency/checker-qual-3.33.0.jar:/var/benchmarks/projects/commons-collections/target/dependency/junit-jupiter-engine-5.9.3.jar:/var/benchmarks/projects/commons-collections/target/dependency/junit-platform-engine-1.9.3.jar:/var/benchmarks/projects/commons-collections/target/dependency/commons-lang3-3.13.0.jar:/var/benchmarks/projects/commons-collections/target/dependency/listenablefuture-9999.0-empty-to-avoid-conflict-with-guava.jar:/var/benchmarks/projects/commons-collections/target/dependency/junit-jupiter-api-5.9.3.jar:/var/benchmarks/projects/commons-collections/target/dependency/commons-codec-1.16.0.jar:/var/benchmarks/projects/commons-collections/target/dependency/apiguardian-api-1.1.2.jar:/var/benchmarks/projects/commons-collections/target/dependency/opentest4j-1.2.0.jar:/var/benchmarks/projects/commons-collections/target/dependency/failureaccess-1.0.1.jar:/var/benchmarks/projects/commons-collections/target/dependency/jsr305-3.0.2.jar:/var/benchmarks/projects/commons-collections/target/dependency/objenesis-3.3.jar:/var/benchmarks/projects/commons-collections/target/dependency/guava-testlib-32.1.2-jre.jar:/var/benchmarks/projects/commons-collections/target/dependency/j2objc-annotations-2.8.jar:/var/benchmarks/projects/commons-collections/target/dependency/hamcrest-2.2.jar:/var/benchmarks/projects/commons-collections/target/dependency/junit-4.13.2.jar:/var/benchmarks/projects/commons-collections/target/dependency/commons-io-2.13.0.jar:/var/benchmarks/projects/commons-collections/target/dependency/guava-32.1.2-jre.jar:/usr/local/bin/lib/junit.jar:/usr/local/bin/lib/hamcrest-core.jar -d results_kex_120/COLLECTIONS-17_1/temp/testcases/bin /home/kex/results_kex_120/COLLECTIONS-17_1/temp/testcases/SBSTDummyForCoverageAndMutationCalculation.java


===
javac command line:
/usr/bin/javac -sourcepath /home/kex/results_kex_120/COLLECTIONS-17_1/temp/testcases -cp /var/benchmarks/projects/commons-collections/target/commons-collections4-4.5-SNAPSHOT.jar:/var/benchmarks/projects/commons-collections/target/dependency/error_prone_annotations-2.18.0.jar:/var/benchmarks/projects/commons-collections/target/dependency/junit-jupiter-params-5.9.3.jar:/var/benchmarks/projects/commons-collections/target/dependency/hamcrest-core-1.3.jar:/var/benchmarks/projects/commons-collections/target/dependency/easymock-5.1.0.jar:/var/benchmarks/projects/commons-collections/target/dependency/checker-qual-3.33.0.jar:/var/benchmarks/projects/commons-collections/target/dependency/junit-jupiter-engine-5.9.3.jar:/var/benchmarks/projects/commons-collections/target/dependency/junit-platform-engine-1.9.3.jar:/var/benchmarks/projects/commons-collections/target/dependency/commons-lang3-3.13.0.jar:/var/benchmarks/projects/commons-collections/target/dependency/listenablefuture-9999.0-empty-to-avoid-conflict-with-guava.jar:/var/benchmarks/projects/commons-collections/target/dependency/junit-jupiter-api-5.9.3.jar:/var/benchmarks/projects/commons-collections/target/dependency/commons-codec-1.16.0.jar:/var/benchmarks/projects/commons-collections/target/dependency/apiguardian-api-1.1.2.jar:/var/benchmarks/projects/commons-collections/target/dependency/opentest4j-1.2.0.jar:/var/benchmarks/projects/commons-collections/target/dependency/failureaccess-1.0.1.jar:/var/benchmarks/projects/commons-collections/target/dependency/jsr305-3.0.2.jar:/var/benchmarks/projects/commons-collections/target/dependency/objenesis-3.3.jar:/var/benchmarks/projects/commons-collections/target/dependency/guava-testlib-32.1.2-jre.jar:/var/benchmarks/projects/commons-collections/target/dependency/j2objc-annotations-2.8.jar:/var/benchmarks/projects/commons-collections/target/dependency/hamcrest-2.2.jar:/var/benchmarks/projects/commons-collections/target/dependency/junit-4.13.2.jar:/var/benchmarks/projects/commons-collections/target/dependency/commons-io-2.13.0.jar:/var/benchmarks/projects/commons-collections/target/dependency/guava-32.1.2-jre.jar:/usr/local/bin/lib/junit.jar:/usr/local/bin/lib/hamcrest-core.jar -d results_kex_120/COLLECTIONS-17_1/temp/testcases/bin /home/kex/results_kex_120/COLLECTIONS-17_1/temp/testcases/org/apache/commons/collections4/trie/analyzer/EqualityUtils.java

Compiled 'org/apache/commons/collections4/trie/analyzer/EqualityUtils.java'

===
javac command line:
/usr/bin/javac -sourcepath /home/kex/results_kex_120/COLLECTIONS-17_1/temp/testcases -cp /var/benchmarks/projects/commons-collections/target/commons-collections4-4.5-SNAPSHOT.jar:/var/benchmarks/projects/commons-collections/target/dependency/error_prone_annotations-2.18.0.jar:/var/benchmarks/projects/commons-collections/target/dependency/junit-jupiter-params-5.9.3.jar:/var/benchmarks/projects/commons-collections/target/dependency/hamcrest-core-1.3.jar:/var/benchmarks/projects/commons-collections/target/dependency/easymock-5.1.0.jar:/var/benchmarks/projects/commons-collections/target/dependency/checker-qual-3.33.0.jar:/var/benchmarks/projects/commons-collections/target/dependency/junit-jupiter-engine-5.9.3.jar:/var/benchmarks/projects/commons-collections/target/dependency/junit-platform-engine-1.9.3.jar:/var/benchmarks/projects/commons-collections/target/dependency/commons-lang3-3.13.0.jar:/var/benchmarks/projects/commons-collections/target/dependency/listenablefuture-9999.0-empty-to-avoid-conflict-with-guava.jar:/var/benchmarks/projects/commons-collections/target/dependency/junit-jupiter-api-5.9.3.jar:/var/benchmarks/projects/commons-collections/target/dependency/commons-codec-1.16.0.jar:/var/benchmarks/projects/commons-collections/target/dependency/apiguardian-api-1.1.2.jar:/var/benchmarks/projects/commons-collections/target/dependency/opentest4j-1.2.0.jar:/var/benchmarks/projects/commons-collections/target/dependency/failureaccess-1.0.1.jar:/var/benchmarks/projects/commons-collections/target/dependency/jsr305-3.0.2.jar:/var/benchmarks/projects/commons-collections/target/dependency/objenesis-3.3.jar:/var/benchmarks/projects/commons-collections/target/dependency/guava-testlib-32.1.2-jre.jar:/var/benchmarks/projects/commons-collections/target/dependency/j2objc-annotations-2.8.jar:/var/benchmarks/projects/commons-collections/target/dependency/hamcrest-2.2.jar:/var/benchmarks/projects/commons-collections/target/dependency/junit-4.13.2.jar:/var/benchmarks/projects/commons-collections/target/dependency/commons-io-2.13.0.jar:/var/benchmarks/projects/commons-collections/target/dependency/guava-32.1.2-jre.jar:/usr/local/bin/lib/junit.jar:/usr/local/bin/lib/hamcrest-core.jar -d results_kex_120/COLLECTIONS-17_1/temp/testcases/bin /home/kex/results_kex_120/COLLECTIONS-17_1/temp/testcases/org/apache/commons/collections4/trie/analyzer/ReflectionUtils.java

/home/kex/results_kex_120/COLLECTIONS-17_1/temp/testcases/org/apache/commons/collections4/trie/analyzer/ReflectionUtils.java:9: warning: Unsafe is internal proprietary API and may be removed in a future release
import sun.misc.Unsafe;
               ^
/home/kex/results_kex_120/COLLECTIONS-17_1/temp/testcases/org/apache/commons/collections4/trie/analyzer/ReflectionUtils.java:13: warning: Unsafe is internal proprietary API and may be removed in a future release
    public static final Unsafe UNSAFE;
                        ^
/home/kex/results_kex_120/COLLECTIONS-17_1/temp/testcases/org/apache/commons/collections4/trie/analyzer/ReflectionUtils.java:17: warning: Unsafe is internal proprietary API and may be removed in a future release
            final Field uns = Unsafe.class.getDeclaredField("theUnsafe");
                              ^
/home/kex/results_kex_120/COLLECTIONS-17_1/temp/testcases/org/apache/commons/collections4/trie/analyzer/ReflectionUtils.java:19: warning: Unsafe is internal proprietary API and may be removed in a future release
            UNSAFE = (Unsafe) uns.get(null);
                      ^
4 warnings
Compiled 'org/apache/commons/collections4/trie/analyzer/ReflectionUtils.java'

===
javac command line:
/usr/bin/javac -sourcepath /home/kex/results_kex_120/COLLECTIONS-17_1/temp/testcases -cp /var/benchmarks/projects/commons-collections/target/commons-collections4-4.5-SNAPSHOT.jar:/var/benchmarks/projects/commons-collections/target/dependency/error_prone_annotations-2.18.0.jar:/var/benchmarks/projects/commons-collections/target/dependency/junit-jupiter-params-5.9.3.jar:/var/benchmarks/projects/commons-collections/target/dependency/hamcrest-core-1.3.jar:/var/benchmarks/projects/commons-collections/target/dependency/easymock-5.1.0.jar:/var/benchmarks/projects/commons-collections/target/dependency/checker-qual-3.33.0.jar:/var/benchmarks/projects/commons-collections/target/dependency/junit-jupiter-engine-5.9.3.jar:/var/benchmarks/projects/commons-collections/target/dependency/junit-platform-engine-1.9.3.jar:/var/benchmarks/projects/commons-collections/target/dependency/commons-lang3-3.13.0.jar:/var/benchmarks/projects/commons-collections/target/dependency/listenablefuture-9999.0-empty-to-avoid-conflict-with-guava.jar:/var/benchmarks/projects/commons-collections/target/dependency/junit-jupiter-api-5.9.3.jar:/var/benchmarks/projects/commons-collections/target/dependency/commons-codec-1.16.0.jar:/var/benchmarks/projects/commons-collections/target/dependency/apiguardian-api-1.1.2.jar:/var/benchmarks/projects/commons-collections/target/dependency/opentest4j-1.2.0.jar:/var/benchmarks/projects/commons-collections/target/dependency/failureaccess-1.0.1.jar:/var/benchmarks/projects/commons-collections/target/dependency/jsr305-3.0.2.jar:/var/benchmarks/projects/commons-collections/target/dependency/objenesis-3.3.jar:/var/benchmarks/projects/commons-collections/target/dependency/guava-testlib-32.1.2-jre.jar:/var/benchmarks/projects/commons-collections/target/dependency/j2objc-annotations-2.8.jar:/var/benchmarks/projects/commons-collections/target/dependency/hamcrest-2.2.jar:/var/benchmarks/projects/commons-collections/target/dependency/junit-4.13.2.jar:/var/benchmarks/projects/commons-collections/target/dependency/commons-io-2.13.0.jar:/var/benchmarks/projects/commons-collections/target/dependency/guava-32.1.2-jre.jar:/usr/local/bin/lib/junit.jar:/usr/local/bin/lib/hamcrest-core.jar -d results_kex_120/COLLECTIONS-17_1/temp/testcases/bin /home/kex/results_kex_120/COLLECTIONS-17_1/temp/testcases/org/apache/commons/collections4/trie/analyzer/StringKeyAnalyzer_bitIndex_17668662490.java

/home/kex/results_kex_120/COLLECTIONS-17_1/temp/testcases/org/apache/commons/collections4/trie/analyzer/ReflectionUtils.java:9: warning: Unsafe is internal proprietary API and may be removed in a future release
import sun.misc.Unsafe;
               ^
/home/kex/results_kex_120/COLLECTIONS-17_1/temp/testcases/org/apache/commons/collections4/trie/analyzer/ReflectionUtils.java:13: warning: Unsafe is internal proprietary API and may be removed in a future release
    public static final Unsafe UNSAFE;
                        ^
/home/kex/results_kex_120/COLLECTIONS-17_1/temp/testcases/org/apache/commons/collections4/trie/analyzer/ReflectionUtils.java:17: warning: Unsafe is internal proprietary API and may be removed in a future release
            final Field uns = Unsafe.class.getDeclaredField("theUnsafe");
                              ^
/home/kex/results_kex_120/COLLECTIONS-17_1/temp/testcases/org/apache/commons/collections4/trie/analyzer/ReflectionUtils.java:19: warning: Unsafe is internal proprietary API and may be removed in a future release
            UNSAFE = (Unsafe) uns.get(null);
                      ^
4 warnings
Compiled 'org/apache/commons/collections4/trie/analyzer/StringKeyAnalyzer_bitIndex_17668662490.java'

===
javac command line:
/usr/bin/javac -sourcepath /home/kex/results_kex_120/COLLECTIONS-17_1/temp/testcases -cp /var/benchmarks/projects/commons-collections/target/commons-collections4-4.5-SNAPSHOT.jar:/var/benchmarks/projects/commons-collections/target/dependency/error_prone_annotations-2.18.0.jar:/var/benchmarks/projects/commons-collections/target/dependency/junit-jupiter-params-5.9.3.jar:/var/benchmarks/projects/commons-collections/target/dependency/hamcrest-core-1.3.jar:/var/benchmarks/projects/commons-collections/target/dependency/easymock-5.1.0.jar:/var/benchmarks/projects/commons-collections/target/dependency/checker-qual-3.33.0.jar:/var/benchmarks/projects/commons-collections/target/dependency/junit-jupiter-engine-5.9.3.jar:/var/benchmarks/projects/commons-collections/target/dependency/junit-platform-engine-1.9.3.jar:/var/benchmarks/projects/commons-collections/target/dependency/commons-lang3-3.13.0.jar:/var/benchmarks/projects/commons-collections/target/dependency/listenablefuture-9999.0-empty-to-avoid-conflict-with-guava.jar:/var/benchmarks/projects/commons-collections/target/dependency/junit-jupiter-api-5.9.3.jar:/var/benchmarks/projects/commons-collections/target/dependency/commons-codec-1.16.0.jar:/var/benchmarks/projects/commons-collections/target/dependency/apiguardian-api-1.1.2.jar:/var/benchmarks/projects/commons-collections/target/dependency/opentest4j-1.2.0.jar:/var/benchmarks/projects/commons-collections/target/dependency/failureaccess-1.0.1.jar:/var/benchmarks/projects/commons-collections/target/dependency/jsr305-3.0.2.jar:/var/benchmarks/projects/commons-collections/target/dependency/objenesis-3.3.jar:/var/benchmarks/projects/commons-collections/target/dependency/guava-testlib-32.1.2-jre.jar:/var/benchmarks/projects/commons-collections/target/dependency/j2objc-annotations-2.8.jar:/var/benchmarks/projects/commons-collections/target/dependency/hamcrest-2.2.jar:/var/benchmarks/projects/commons-collections/target/dependency/junit-4.13.2.jar:/var/benchmarks/projects/commons-collections/target/dependency/commons-io-2.13.0.jar:/var/benchmarks/projects/commons-collections/target/dependency/guava-32.1.2-jre.jar:/usr/local/bin/lib/junit.jar:/usr/local/bin/lib/hamcrest-core.jar -d results_kex_120/COLLECTIONS-17_1/temp/testcases/bin /home/kex/results_kex_120/COLLECTIONS-17_1/temp/testcases/org/apache/commons/collections4/trie/analyzer/StringKeyAnalyzer_bitIndex_17668662491.java

/home/kex/results_kex_120/COLLECTIONS-17_1/temp/testcases/org/apache/commons/collections4/trie/analyzer/ReflectionUtils.java:9: warning: Unsafe is internal proprietary API and may be removed in a future release
import sun.misc.Unsafe;
               ^
/home/kex/results_kex_120/COLLECTIONS-17_1/temp/testcases/org/apache/commons/collections4/trie/analyzer/ReflectionUtils.java:13: warning: Unsafe is internal proprietary API and may be removed in a future release
    public static final Unsafe UNSAFE;
                        ^
/home/kex/results_kex_120/COLLECTIONS-17_1/temp/testcases/org/apache/commons/collections4/trie/analyzer/ReflectionUtils.java:17: warning: Unsafe is internal proprietary API and may be removed in a future release
            final Field uns = Unsafe.class.getDeclaredField("theUnsafe");
                              ^
/home/kex/results_kex_120/COLLECTIONS-17_1/temp/testcases/org/apache/commons/collections4/trie/analyzer/ReflectionUtils.java:19: warning: Unsafe is internal proprietary API and may be removed in a future release
            UNSAFE = (Unsafe) uns.get(null);
                      ^
4 warnings
Compiled 'org/apache/commons/collections4/trie/analyzer/StringKeyAnalyzer_bitIndex_17668662491.java'

===
javac command line:
/usr/bin/javac -sourcepath /home/kex/results_kex_120/COLLECTIONS-17_1/temp/testcases -cp /var/benchmarks/projects/commons-collections/target/commons-collections4-4.5-SNAPSHOT.jar:/var/benchmarks/projects/commons-collections/target/dependency/error_prone_annotations-2.18.0.jar:/var/benchmarks/projects/commons-collections/target/dependency/junit-jupiter-params-5.9.3.jar:/var/benchmarks/projects/commons-collections/target/dependency/hamcrest-core-1.3.jar:/var/benchmarks/projects/commons-collections/target/dependency/easymock-5.1.0.jar:/var/benchmarks/projects/commons-collections/target/dependency/checker-qual-3.33.0.jar:/var/benchmarks/projects/commons-collections/target/dependency/junit-jupiter-engine-5.9.3.jar:/var/benchmarks/projects/commons-collections/target/dependency/junit-platform-engine-1.9.3.jar:/var/benchmarks/projects/commons-collections/target/dependency/commons-lang3-3.13.0.jar:/var/benchmarks/projects/commons-collections/target/dependency/listenablefuture-9999.0-empty-to-avoid-conflict-with-guava.jar:/var/benchmarks/projects/commons-collections/target/dependency/junit-jupiter-api-5.9.3.jar:/var/benchmarks/projects/commons-collections/target/dependency/commons-codec-1.16.0.jar:/var/benchmarks/projects/commons-collections/target/dependency/apiguardian-api-1.1.2.jar:/var/benchmarks/projects/commons-collections/target/dependency/opentest4j-1.2.0.jar:/var/benchmarks/projects/commons-collections/target/dependency/failureaccess-1.0.1.jar:/var/benchmarks/projects/commons-collections/target/dependency/jsr305-3.0.2.jar:/var/benchmarks/projects/commons-collections/target/dependency/objenesis-3.3.jar:/var/benchmarks/projects/commons-collections/target/dependency/guava-testlib-32.1.2-jre.jar:/var/benchmarks/projects/commons-collections/target/dependency/j2objc-annotations-2.8.jar:/var/benchmarks/projects/commons-collections/target/dependency/hamcrest-2.2.jar:/var/benchmarks/projects/commons-collections/target/dependency/junit-4.13.2.jar:/var/benchmarks/projects/commons-collections/target/dependency/commons-io-2.13.0.jar:/var/benchmarks/projects/commons-collections/target/dependency/guava-32.1.2-jre.jar:/usr/local/bin/lib/junit.jar:/usr/local/bin/lib/hamcrest-core.jar -d results_kex_120/COLLECTIONS-17_1/temp/testcases/bin /home/kex/results_kex_120/COLLECTIONS-17_1/temp/testcases/org/apache/commons/collections4/trie/analyzer/StringKeyAnalyzer_bitsPerElement_13390379110.java

/home/kex/results_kex_120/COLLECTIONS-17_1/temp/testcases/org/apache/commons/collections4/trie/analyzer/ReflectionUtils.java:9: warning: Unsafe is internal proprietary API and may be removed in a future release
import sun.misc.Unsafe;
               ^
/home/kex/results_kex_120/COLLECTIONS-17_1/temp/testcases/org/apache/commons/collections4/trie/analyzer/ReflectionUtils.java:13: warning: Unsafe is internal proprietary API and may be removed in a future release
    public static final Unsafe UNSAFE;
                        ^
/home/kex/results_kex_120/COLLECTIONS-17_1/temp/testcases/org/apache/commons/collections4/trie/analyzer/ReflectionUtils.java:17: warning: Unsafe is internal proprietary API and may be removed in a future release
            final Field uns = Unsafe.class.getDeclaredField("theUnsafe");
                              ^
/home/kex/results_kex_120/COLLECTIONS-17_1/temp/testcases/org/apache/commons/collections4/trie/analyzer/ReflectionUtils.java:19: warning: Unsafe is internal proprietary API and may be removed in a future release
            UNSAFE = (Unsafe) uns.get(null);
                      ^
4 warnings
Compiled 'org/apache/commons/collections4/trie/analyzer/StringKeyAnalyzer_bitsPerElement_13390379110.java'

===
javac command line:
/usr/bin/javac -sourcepath /home/kex/results_kex_120/COLLECTIONS-17_1/temp/testcases -cp /var/benchmarks/projects/commons-collections/target/commons-collections4-4.5-SNAPSHOT.jar:/var/benchmarks/projects/commons-collections/target/dependency/error_prone_annotations-2.18.0.jar:/var/benchmarks/projects/commons-collections/target/dependency/junit-jupiter-params-5.9.3.jar:/var/benchmarks/projects/commons-collections/target/dependency/hamcrest-core-1.3.jar:/var/benchmarks/projects/commons-collections/target/dependency/easymock-5.1.0.jar:/var/benchmarks/projects/commons-collections/target/dependency/checker-qual-3.33.0.jar:/var/benchmarks/projects/commons-collections/target/dependency/junit-jupiter-engine-5.9.3.jar:/var/benchmarks/projects/commons-collections/target/dependency/junit-platform-engine-1.9.3.jar:/var/benchmarks/projects/commons-collections/target/dependency/commons-lang3-3.13.0.jar:/var/benchmarks/projects/commons-collections/target/dependency/listenablefuture-9999.0-empty-to-avoid-conflict-with-guava.jar:/var/benchmarks/projects/commons-collections/target/dependency/junit-jupiter-api-5.9.3.jar:/var/benchmarks/projects/commons-collections/target/dependency/commons-codec-1.16.0.jar:/var/benchmarks/projects/commons-collections/target/dependency/apiguardian-api-1.1.2.jar:/var/benchmarks/projects/commons-collections/target/dependency/opentest4j-1.2.0.jar:/var/benchmarks/projects/commons-collections/target/dependency/failureaccess-1.0.1.jar:/var/benchmarks/projects/commons-collections/target/dependency/jsr305-3.0.2.jar:/var/benchmarks/projects/commons-collections/target/dependency/objenesis-3.3.jar:/var/benchmarks/projects/commons-collections/target/dependency/guava-testlib-32.1.2-jre.jar:/var/benchmarks/projects/commons-collections/target/dependency/j2objc-annotations-2.8.jar:/var/benchmarks/projects/commons-collections/target/dependency/hamcrest-2.2.jar:/var/benchmarks/projects/commons-collections/target/dependency/junit-4.13.2.jar:/var/benchmarks/projects/commons-collections/target/dependency/commons-io-2.13.0.jar:/var/benchmarks/projects/commons-collections/target/dependency/guava-32.1.2-jre.jar:/usr/local/bin/lib/junit.jar:/usr/local/bin/lib/hamcrest-core.jar -d results_kex_120/COLLECTIONS-17_1/temp/testcases/bin /home/kex/results_kex_120/COLLECTIONS-17_1/temp/testcases/org/apache/commons/collections4/trie/analyzer/StringKeyAnalyzer_bitsPerElement_13390379111.java

/home/kex/results_kex_120/COLLECTIONS-17_1/temp/testcases/org/apache/commons/collections4/trie/analyzer/ReflectionUtils.java:9: warning: Unsafe is internal proprietary API and may be removed in a future release
import sun.misc.Unsafe;
               ^
/home/kex/results_kex_120/COLLECTIONS-17_1/temp/testcases/org/apache/commons/collections4/trie/analyzer/ReflectionUtils.java:13: warning: Unsafe is internal proprietary API and may be removed in a future release
    public static final Unsafe UNSAFE;
                        ^
/home/kex/results_kex_120/COLLECTIONS-17_1/temp/testcases/org/apache/commons/collections4/trie/analyzer/ReflectionUtils.java:17: warning: Unsafe is internal proprietary API and may be removed in a future release
            final Field uns = Unsafe.class.getDeclaredField("theUnsafe");
                              ^
/home/kex/results_kex_120/COLLECTIONS-17_1/temp/testcases/org/apache/commons/collections4/trie/analyzer/ReflectionUtils.java:19: warning: Unsafe is internal proprietary API and may be removed in a future release
            UNSAFE = (Unsafe) uns.get(null);
                      ^
4 warnings
Compiled 'org/apache/commons/collections4/trie/analyzer/StringKeyAnalyzer_bitsPerElement_13390379111.java'

===
javac command line:
/usr/bin/javac -sourcepath /home/kex/results_kex_120/COLLECTIONS-17_1/temp/testcases -cp /var/benchmarks/projects/commons-collections/target/commons-collections4-4.5-SNAPSHOT.jar:/var/benchmarks/projects/commons-collections/target/dependency/error_prone_annotations-2.18.0.jar:/var/benchmarks/projects/commons-collections/target/dependency/junit-jupiter-params-5.9.3.jar:/var/benchmarks/projects/commons-collections/target/dependency/hamcrest-core-1.3.jar:/var/benchmarks/projects/commons-collections/target/dependency/easymock-5.1.0.jar:/var/benchmarks/projects/commons-collections/target/dependency/checker-qual-3.33.0.jar:/var/benchmarks/projects/commons-collections/target/dependency/junit-jupiter-engine-5.9.3.jar:/var/benchmarks/projects/commons-collections/target/dependency/junit-platform-engine-1.9.3.jar:/var/benchmarks/projects/commons-collections/target/dependency/commons-lang3-3.13.0.jar:/var/benchmarks/projects/commons-collections/target/dependency/listenablefuture-9999.0-empty-to-avoid-conflict-with-guava.jar:/var/benchmarks/projects/commons-collections/target/dependency/junit-jupiter-api-5.9.3.jar:/var/benchmarks/projects/commons-collections/target/dependency/commons-codec-1.16.0.jar:/var/benchmarks/projects/commons-collections/target/dependency/apiguardian-api-1.1.2.jar:/var/benchmarks/projects/commons-collections/target/dependency/opentest4j-1.2.0.jar:/var/benchmarks/projects/commons-collections/target/dependency/failureaccess-1.0.1.jar:/var/benchmarks/projects/commons-collections/target/dependency/jsr305-3.0.2.jar:/var/benchmarks/projects/commons-collections/target/dependency/objenesis-3.3.jar:/var/benchmarks/projects/commons-collections/target/dependency/guava-testlib-32.1.2-jre.jar:/var/benchmarks/projects/commons-collections/target/dependency/j2objc-annotations-2.8.jar:/var/benchmarks/projects/commons-collections/target/dependency/hamcrest-2.2.jar:/var/benchmarks/projects/commons-collections/target/dependency/junit-4.13.2.jar:/var/benchmarks/projects/commons-collections/target/dependency/commons-io-2.13.0.jar:/var/benchmarks/projects/commons-collections/target/dependency/guava-32.1.2-jre.jar:/usr/local/bin/lib/junit.jar:/usr/local/bin/lib/hamcrest-core.jar -d results_kex_120/COLLECTIONS-17_1/temp/testcases/bin /home/kex/results_kex_120/COLLECTIONS-17_1/temp/testcases/org/apache/commons/collections4/trie/analyzer/StringKeyAnalyzer_init_3398555440.java

/home/kex/results_kex_120/COLLECTIONS-17_1/temp/testcases/org/apache/commons/collections4/trie/analyzer/ReflectionUtils.java:9: warning: Unsafe is internal proprietary API and may be removed in a future release
import sun.misc.Unsafe;
               ^
/home/kex/results_kex_120/COLLECTIONS-17_1/temp/testcases/org/apache/commons/collections4/trie/analyzer/ReflectionUtils.java:13: warning: Unsafe is internal proprietary API and may be removed in a future release
    public static final Unsafe UNSAFE;
                        ^
/home/kex/results_kex_120/COLLECTIONS-17_1/temp/testcases/org/apache/commons/collections4/trie/analyzer/ReflectionUtils.java:17: warning: Unsafe is internal proprietary API and may be removed in a future release
            final Field uns = Unsafe.class.getDeclaredField("theUnsafe");
                              ^
/home/kex/results_kex_120/COLLECTIONS-17_1/temp/testcases/org/apache/commons/collections4/trie/analyzer/ReflectionUtils.java:19: warning: Unsafe is internal proprietary API and may be removed in a future release
            UNSAFE = (Unsafe) uns.get(null);
                      ^
4 warnings
Compiled 'org/apache/commons/collections4/trie/analyzer/StringKeyAnalyzer_init_3398555440.java'

===
javac command line:
/usr/bin/javac -sourcepath /home/kex/results_kex_120/COLLECTIONS-17_1/temp/testcases -cp /var/benchmarks/projects/commons-collections/target/commons-collections4-4.5-SNAPSHOT.jar:/var/benchmarks/projects/commons-collections/target/dependency/error_prone_annotations-2.18.0.jar:/var/benchmarks/projects/commons-collections/target/dependency/junit-jupiter-params-5.9.3.jar:/var/benchmarks/projects/commons-collections/target/dependency/hamcrest-core-1.3.jar:/var/benchmarks/projects/commons-collections/target/dependency/easymock-5.1.0.jar:/var/benchmarks/projects/commons-collections/target/dependency/checker-qual-3.33.0.jar:/var/benchmarks/projects/commons-collections/target/dependency/junit-jupiter-engine-5.9.3.jar:/var/benchmarks/projects/commons-collections/target/dependency/junit-platform-engine-1.9.3.jar:/var/benchmarks/projects/commons-collections/target/dependency/commons-lang3-3.13.0.jar:/var/benchmarks/projects/commons-collections/target/dependency/listenablefuture-9999.0-empty-to-avoid-conflict-with-guava.jar:/var/benchmarks/projects/commons-collections/target/dependency/junit-jupiter-api-5.9.3.jar:/var/benchmarks/projects/commons-collections/target/dependency/commons-codec-1.16.0.jar:/var/benchmarks/projects/commons-collections/target/dependency/apiguardian-api-1.1.2.jar:/var/benchmarks/projects/commons-collections/target/dependency/opentest4j-1.2.0.jar:/var/benchmarks/projects/commons-collections/target/dependency/failureaccess-1.0.1.jar:/var/benchmarks/projects/commons-collections/target/dependency/jsr305-3.0.2.jar:/var/benchmarks/projects/commons-collections/target/dependency/objenesis-3.3.jar:/var/benchmarks/projects/commons-collections/target/dependency/guava-testlib-32.1.2-jre.jar:/var/benchmarks/projects/commons-collections/target/dependency/j2objc-annotations-2.8.jar:/var/benchmarks/projects/commons-collections/target/dependency/hamcrest-2.2.jar:/var/benchmarks/projects/commons-collections/target/dependency/junit-4.13.2.jar:/var/benchmarks/projects/commons-collections/target/dependency/commons-io-2.13.0.jar:/var/benchmarks/projects/commons-collections/target/dependency/guava-32.1.2-jre.jar:/usr/local/bin/lib/junit.jar:/usr/local/bin/lib/hamcrest-core.jar -d results_kex_120/COLLECTIONS-17_1/temp/testcases/bin /home/kex/results_kex_120/COLLECTIONS-17_1/temp/testcases/org/apache/commons/collections4/trie/analyzer/StringKeyAnalyzer_init_3398555441.java

/home/kex/results_kex_120/COLLECTIONS-17_1/temp/testcases/org/apache/commons/collections4/trie/analyzer/ReflectionUtils.java:9: warning: Unsafe is internal proprietary API and may be removed in a future release
import sun.misc.Unsafe;
               ^
/home/kex/results_kex_120/COLLECTIONS-17_1/temp/testcases/org/apache/commons/collections4/trie/analyzer/ReflectionUtils.java:13: warning: Unsafe is internal proprietary API and may be removed in a future release
    public static final Unsafe UNSAFE;
                        ^
/home/kex/results_kex_120/COLLECTIONS-17_1/temp/testcases/org/apache/commons/collections4/trie/analyzer/ReflectionUtils.java:17: warning: Unsafe is internal proprietary API and may be removed in a future release
            final Field uns = Unsafe.class.getDeclaredField("theUnsafe");
                              ^
/home/kex/results_kex_120/COLLECTIONS-17_1/temp/testcases/org/apache/commons/collections4/trie/analyzer/ReflectionUtils.java:19: warning: Unsafe is internal proprietary API and may be removed in a future release
            UNSAFE = (Unsafe) uns.get(null);
                      ^
4 warnings
Compiled 'org/apache/commons/collections4/trie/analyzer/StringKeyAnalyzer_init_3398555441.java'

===
javac command line:
/usr/bin/javac -sourcepath /home/kex/results_kex_120/COLLECTIONS-17_1/temp/testcases -cp /var/benchmarks/projects/commons-collections/target/commons-collections4-4.5-SNAPSHOT.jar:/var/benchmarks/projects/commons-collections/target/dependency/error_prone_annotations-2.18.0.jar:/var/benchmarks/projects/commons-collections/target/dependency/junit-jupiter-params-5.9.3.jar:/var/benchmarks/projects/commons-collections/target/dependency/hamcrest-core-1.3.jar:/var/benchmarks/projects/commons-collections/target/dependency/easymock-5.1.0.jar:/var/benchmarks/projects/commons-collections/target/dependency/checker-qual-3.33.0.jar:/var/benchmarks/projects/commons-collections/target/dependency/junit-jupiter-engine-5.9.3.jar:/var/benchmarks/projects/commons-collections/target/dependency/junit-platform-engine-1.9.3.jar:/var/benchmarks/projects/commons-collections/target/dependency/commons-lang3-3.13.0.jar:/var/benchmarks/projects/commons-collections/target/dependency/listenablefuture-9999.0-empty-to-avoid-conflict-with-guava.jar:/var/benchmarks/projects/commons-collections/target/dependency/junit-jupiter-api-5.9.3.jar:/var/benchmarks/projects/commons-collections/target/dependency/commons-codec-1.16.0.jar:/var/benchmarks/projects/commons-collections/target/dependency/apiguardian-api-1.1.2.jar:/var/benchmarks/projects/commons-collections/target/dependency/opentest4j-1.2.0.jar:/var/benchmarks/projects/commons-collections/target/dependency/failureaccess-1.0.1.jar:/var/benchmarks/projects/commons-collections/target/dependency/jsr305-3.0.2.jar:/var/benchmarks/projects/commons-collections/target/dependency/objenesis-3.3.jar:/var/benchmarks/projects/commons-collections/target/dependency/guava-testlib-32.1.2-jre.jar:/var/benchmarks/projects/commons-collections/target/dependency/j2objc-annotations-2.8.jar:/var/benchmarks/projects/commons-collections/target/dependency/hamcrest-2.2.jar:/var/benchmarks/projects/commons-collections/target/dependency/junit-4.13.2.jar:/var/benchmarks/projects/commons-collections/target/dependency/commons-io-2.13.0.jar:/var/benchmarks/projects/commons-collections/target/dependency/guava-32.1.2-jre.jar:/usr/local/bin/lib/junit.jar:/usr/local/bin/lib/hamcrest-core.jar -d results_kex_120/COLLECTIONS-17_1/temp/testcases/bin /home/kex/results_kex_120/COLLECTIONS-17_1/temp/testcases/org/apache/commons/collections4/trie/analyzer/StringKeyAnalyzer_isBitSet_12100038540.java

/home/kex/results_kex_120/COLLECTIONS-17_1/temp/testcases/org/apache/commons/collections4/trie/analyzer/ReflectionUtils.java:9: warning: Unsafe is internal proprietary API and may be removed in a future release
import sun.misc.Unsafe;
               ^
/home/kex/results_kex_120/COLLECTIONS-17_1/temp/testcases/org/apache/commons/collections4/trie/analyzer/ReflectionUtils.java:13: warning: Unsafe is internal proprietary API and may be removed in a future release
    public static final Unsafe UNSAFE;
                        ^
/home/kex/results_kex_120/COLLECTIONS-17_1/temp/testcases/org/apache/commons/collections4/trie/analyzer/ReflectionUtils.java:17: warning: Unsafe is internal proprietary API and may be removed in a future release
            final Field uns = Unsafe.class.getDeclaredField("theUnsafe");
                              ^
/home/kex/results_kex_120/COLLECTIONS-17_1/temp/testcases/org/apache/commons/collections4/trie/analyzer/ReflectionUtils.java:19: warning: Unsafe is internal proprietary API and may be removed in a future release
            UNSAFE = (Unsafe) uns.get(null);
                      ^
4 warnings
Compiled 'org/apache/commons/collections4/trie/analyzer/StringKeyAnalyzer_isBitSet_12100038540.java'

===
javac command line:
/usr/bin/javac -sourcepath /home/kex/results_kex_120/COLLECTIONS-17_1/temp/testcases -cp /var/benchmarks/projects/commons-collections/target/commons-collections4-4.5-SNAPSHOT.jar:/var/benchmarks/projects/commons-collections/target/dependency/error_prone_annotations-2.18.0.jar:/var/benchmarks/projects/commons-collections/target/dependency/junit-jupiter-params-5.9.3.jar:/var/benchmarks/projects/commons-collections/target/dependency/hamcrest-core-1.3.jar:/var/benchmarks/projects/commons-collections/target/dependency/easymock-5.1.0.jar:/var/benchmarks/projects/commons-collections/target/dependency/checker-qual-3.33.0.jar:/var/benchmarks/projects/commons-collections/target/dependency/junit-jupiter-engine-5.9.3.jar:/var/benchmarks/projects/commons-collections/target/dependency/junit-platform-engine-1.9.3.jar:/var/benchmarks/projects/commons-collections/target/dependency/commons-lang3-3.13.0.jar:/var/benchmarks/projects/commons-collections/target/dependency/listenablefuture-9999.0-empty-to-avoid-conflict-with-guava.jar:/var/benchmarks/projects/commons-collections/target/dependency/junit-jupiter-api-5.9.3.jar:/var/benchmarks/projects/commons-collections/target/dependency/commons-codec-1.16.0.jar:/var/benchmarks/projects/commons-collections/target/dependency/apiguardian-api-1.1.2.jar:/var/benchmarks/projects/commons-collections/target/dependency/opentest4j-1.2.0.jar:/var/benchmarks/projects/commons-collections/target/dependency/failureaccess-1.0.1.jar:/var/benchmarks/projects/commons-collections/target/dependency/jsr305-3.0.2.jar:/var/benchmarks/projects/commons-collections/target/dependency/objenesis-3.3.jar:/var/benchmarks/projects/commons-collections/target/dependency/guava-testlib-32.1.2-jre.jar:/var/benchmarks/projects/commons-collections/target/dependency/j2objc-annotations-2.8.jar:/var/benchmarks/projects/commons-collections/target/dependency/hamcrest-2.2.jar:/var/benchmarks/projects/commons-collections/target/dependency/junit-4.13.2.jar:/var/benchmarks/projects/commons-collections/target/dependency/commons-io-2.13.0.jar:/var/benchmarks/projects/commons-collections/target/dependency/guava-32.1.2-jre.jar:/usr/local/bin/lib/junit.jar:/usr/local/bin/lib/hamcrest-core.jar -d results_kex_120/COLLECTIONS-17_1/temp/testcases/bin /home/kex/results_kex_120/COLLECTIONS-17_1/temp/testcases/org/apache/commons/collections4/trie/analyzer/StringKeyAnalyzer_isBitSet_12100038541.java

/home/kex/results_kex_120/COLLECTIONS-17_1/temp/testcases/org/apache/commons/collections4/trie/analyzer/ReflectionUtils.java:9: warning: Unsafe is internal proprietary API and may be removed in a future release
import sun.misc.Unsafe;
               ^
/home/kex/results_kex_120/COLLECTIONS-17_1/temp/testcases/org/apache/commons/collections4/trie/analyzer/ReflectionUtils.java:13: warning: Unsafe is internal proprietary API and may be removed in a future release
    public static final Unsafe UNSAFE;
                        ^
/home/kex/results_kex_120/COLLECTIONS-17_1/temp/testcases/org/apache/commons/collections4/trie/analyzer/ReflectionUtils.java:17: warning: Unsafe is internal proprietary API and may be removed in a future release
            final Field uns = Unsafe.class.getDeclaredField("theUnsafe");
                              ^
/home/kex/results_kex_120/COLLECTIONS-17_1/temp/testcases/org/apache/commons/collections4/trie/analyzer/ReflectionUtils.java:19: warning: Unsafe is internal proprietary API and may be removed in a future release
            UNSAFE = (Unsafe) uns.get(null);
                      ^
4 warnings
Compiled 'org/apache/commons/collections4/trie/analyzer/StringKeyAnalyzer_isBitSet_12100038541.java'

===
javac command line:
/usr/bin/javac -sourcepath /home/kex/results_kex_120/COLLECTIONS-17_1/temp/testcases -cp /var/benchmarks/projects/commons-collections/target/commons-collections4-4.5-SNAPSHOT.jar:/var/benchmarks/projects/commons-collections/target/dependency/error_prone_annotations-2.18.0.jar:/var/benchmarks/projects/commons-collections/target/dependency/junit-jupiter-params-5.9.3.jar:/var/benchmarks/projects/commons-collections/target/dependency/hamcrest-core-1.3.jar:/var/benchmarks/projects/commons-collections/target/dependency/easymock-5.1.0.jar:/var/benchmarks/projects/commons-collections/target/dependency/checker-qual-3.33.0.jar:/var/benchmarks/projects/commons-collections/target/dependency/junit-jupiter-engine-5.9.3.jar:/var/benchmarks/projects/commons-collections/target/dependency/junit-platform-engine-1.9.3.jar:/var/benchmarks/projects/commons-collections/target/dependency/commons-lang3-3.13.0.jar:/var/benchmarks/projects/commons-collections/target/dependency/listenablefuture-9999.0-empty-to-avoid-conflict-with-guava.jar:/var/benchmarks/projects/commons-collections/target/dependency/junit-jupiter-api-5.9.3.jar:/var/benchmarks/projects/commons-collections/target/dependency/commons-codec-1.16.0.jar:/var/benchmarks/projects/commons-collections/target/dependency/apiguardian-api-1.1.2.jar:/var/benchmarks/projects/commons-collections/target/dependency/opentest4j-1.2.0.jar:/var/benchmarks/projects/commons-collections/target/dependency/failureaccess-1.0.1.jar:/var/benchmarks/projects/commons-collections/target/dependency/jsr305-3.0.2.jar:/var/benchmarks/projects/commons-collections/target/dependency/objenesis-3.3.jar:/var/benchmarks/projects/commons-collections/target/dependency/guava-testlib-32.1.2-jre.jar:/var/benchmarks/projects/commons-collections/target/dependency/j2objc-annotations-2.8.jar:/var/benchmarks/projects/commons-collections/target/dependency/hamcrest-2.2.jar:/var/benchmarks/projects/commons-collections/target/dependency/junit-4.13.2.jar:/var/benchmarks/projects/commons-collections/target/dependency/commons-io-2.13.0.jar:/var/benchmarks/projects/commons-collections/target/dependency/guava-32.1.2-jre.jar:/usr/local/bin/lib/junit.jar:/usr/local/bin/lib/hamcrest-core.jar -d results_kex_120/COLLECTIONS-17_1/temp/testcases/bin /home/kex/results_kex_120/COLLECTIONS-17_1/temp/testcases/org/apache/commons/collections4/trie/analyzer/StringKeyAnalyzer_isPrefix_13259916340.java

/home/kex/results_kex_120/COLLECTIONS-17_1/temp/testcases/org/apache/commons/collections4/trie/analyzer/ReflectionUtils.java:9: warning: Unsafe is internal proprietary API and may be removed in a future release
import sun.misc.Unsafe;
               ^
/home/kex/results_kex_120/COLLECTIONS-17_1/temp/testcases/org/apache/commons/collections4/trie/analyzer/ReflectionUtils.java:13: warning: Unsafe is internal proprietary API and may be removed in a future release
    public static final Unsafe UNSAFE;
                        ^
/home/kex/results_kex_120/COLLECTIONS-17_1/temp/testcases/org/apache/commons/collections4/trie/analyzer/ReflectionUtils.java:17: warning: Unsafe is internal proprietary API and may be removed in a future release
            final Field uns = Unsafe.class.getDeclaredField("theUnsafe");
                              ^
/home/kex/results_kex_120/COLLECTIONS-17_1/temp/testcases/org/apache/commons/collections4/trie/analyzer/ReflectionUtils.java:19: warning: Unsafe is internal proprietary API and may be removed in a future release
            UNSAFE = (Unsafe) uns.get(null);
                      ^
4 warnings
Compiled 'org/apache/commons/collections4/trie/analyzer/StringKeyAnalyzer_isPrefix_13259916340.java'

===
javac command line:
/usr/bin/javac -sourcepath /home/kex/results_kex_120/COLLECTIONS-17_1/temp/testcases -cp /var/benchmarks/projects/commons-collections/target/commons-collections4-4.5-SNAPSHOT.jar:/var/benchmarks/projects/commons-collections/target/dependency/error_prone_annotations-2.18.0.jar:/var/benchmarks/projects/commons-collections/target/dependency/junit-jupiter-params-5.9.3.jar:/var/benchmarks/projects/commons-collections/target/dependency/hamcrest-core-1.3.jar:/var/benchmarks/projects/commons-collections/target/dependency/easymock-5.1.0.jar:/var/benchmarks/projects/commons-collections/target/dependency/checker-qual-3.33.0.jar:/var/benchmarks/projects/commons-collections/target/dependency/junit-jupiter-engine-5.9.3.jar:/var/benchmarks/projects/commons-collections/target/dependency/junit-platform-engine-1.9.3.jar:/var/benchmarks/projects/commons-collections/target/dependency/commons-lang3-3.13.0.jar:/var/benchmarks/projects/commons-collections/target/dependency/listenablefuture-9999.0-empty-to-avoid-conflict-with-guava.jar:/var/benchmarks/projects/commons-collections/target/dependency/junit-jupiter-api-5.9.3.jar:/var/benchmarks/projects/commons-collections/target/dependency/commons-codec-1.16.0.jar:/var/benchmarks/projects/commons-collections/target/dependency/apiguardian-api-1.1.2.jar:/var/benchmarks/projects/commons-collections/target/dependency/opentest4j-1.2.0.jar:/var/benchmarks/projects/commons-collections/target/dependency/failureaccess-1.0.1.jar:/var/benchmarks/projects/commons-collections/target/dependency/jsr305-3.0.2.jar:/var/benchmarks/projects/commons-collections/target/dependency/objenesis-3.3.jar:/var/benchmarks/projects/commons-collections/target/dependency/guava-testlib-32.1.2-jre.jar:/var/benchmarks/projects/commons-collections/target/dependency/j2objc-annotations-2.8.jar:/var/benchmarks/projects/commons-collections/target/dependency/hamcrest-2.2.jar:/var/benchmarks/projects/commons-collections/target/dependency/junit-4.13.2.jar:/var/benchmarks/projects/commons-collections/target/dependency/commons-io-2.13.0.jar:/var/benchmarks/projects/commons-collections/target/dependency/guava-32.1.2-jre.jar:/usr/local/bin/lib/junit.jar:/usr/local/bin/lib/hamcrest-core.jar -d results_kex_120/COLLECTIONS-17_1/temp/testcases/bin /home/kex/results_kex_120/COLLECTIONS-17_1/temp/testcases/org/apache/commons/collections4/trie/analyzer/StringKeyAnalyzer_isPrefix_13259916341.java

/home/kex/results_kex_120/COLLECTIONS-17_1/temp/testcases/org/apache/commons/collections4/trie/analyzer/ReflectionUtils.java:9: warning: Unsafe is internal proprietary API and may be removed in a future release
import sun.misc.Unsafe;
               ^
/home/kex/results_kex_120/COLLECTIONS-17_1/temp/testcases/org/apache/commons/collections4/trie/analyzer/ReflectionUtils.java:13: warning: Unsafe is internal proprietary API and may be removed in a future release
    public static final Unsafe UNSAFE;
                        ^
/home/kex/results_kex_120/COLLECTIONS-17_1/temp/testcases/org/apache/commons/collections4/trie/analyzer/ReflectionUtils.java:17: warning: Unsafe is internal proprietary API and may be removed in a future release
            final Field uns = Unsafe.class.getDeclaredField("theUnsafe");
                              ^
/home/kex/results_kex_120/COLLECTIONS-17_1/temp/testcases/org/apache/commons/collections4/trie/analyzer/ReflectionUtils.java:19: warning: Unsafe is internal proprietary API and may be removed in a future release
            UNSAFE = (Unsafe) uns.get(null);
                      ^
4 warnings
Compiled 'org/apache/commons/collections4/trie/analyzer/StringKeyAnalyzer_isPrefix_13259916341.java'

===
javac command line:
/usr/bin/javac -sourcepath /home/kex/results_kex_120/COLLECTIONS-17_1/temp/testcases -cp /var/benchmarks/projects/commons-collections/target/commons-collections4-4.5-SNAPSHOT.jar:/var/benchmarks/projects/commons-collections/target/dependency/error_prone_annotations-2.18.0.jar:/var/benchmarks/projects/commons-collections/target/dependency/junit-jupiter-params-5.9.3.jar:/var/benchmarks/projects/commons-collections/target/dependency/hamcrest-core-1.3.jar:/var/benchmarks/projects/commons-collections/target/dependency/easymock-5.1.0.jar:/var/benchmarks/projects/commons-collections/target/dependency/checker-qual-3.33.0.jar:/var/benchmarks/projects/commons-collections/target/dependency/junit-jupiter-engine-5.9.3.jar:/var/benchmarks/projects/commons-collections/target/dependency/junit-platform-engine-1.9.3.jar:/var/benchmarks/projects/commons-collections/target/dependency/commons-lang3-3.13.0.jar:/var/benchmarks/projects/commons-collections/target/dependency/listenablefuture-9999.0-empty-to-avoid-conflict-with-guava.jar:/var/benchmarks/projects/commons-collections/target/dependency/junit-jupiter-api-5.9.3.jar:/var/benchmarks/projects/commons-collections/target/dependency/commons-codec-1.16.0.jar:/var/benchmarks/projects/commons-collections/target/dependency/apiguardian-api-1.1.2.jar:/var/benchmarks/projects/commons-collections/target/dependency/opentest4j-1.2.0.jar:/var/benchmarks/projects/commons-collections/target/dependency/failureaccess-1.0.1.jar:/var/benchmarks/projects/commons-collections/target/dependency/jsr305-3.0.2.jar:/var/benchmarks/projects/commons-collections/target/dependency/objenesis-3.3.jar:/var/benchmarks/projects/commons-collections/target/dependency/guava-testlib-32.1.2-jre.jar:/var/benchmarks/projects/commons-collections/target/dependency/j2objc-annotations-2.8.jar:/var/benchmarks/projects/commons-collections/target/dependency/hamcrest-2.2.jar:/var/benchmarks/projects/commons-collections/target/dependency/junit-4.13.2.jar:/var/benchmarks/projects/commons-collections/target/dependency/commons-io-2.13.0.jar:/var/benchmarks/projects/commons-collections/target/dependency/guava-32.1.2-jre.jar:/usr/local/bin/lib/junit.jar:/usr/local/bin/lib/hamcrest-core.jar -d results_kex_120/COLLECTIONS-17_1/temp/testcases/bin /home/kex/results_kex_120/COLLECTIONS-17_1/temp/testcases/org/apache/commons/collections4/trie/analyzer/StringKeyAnalyzer_lengthInBits_17866944960.java

/home/kex/results_kex_120/COLLECTIONS-17_1/temp/testcases/org/apache/commons/collections4/trie/analyzer/ReflectionUtils.java:9: warning: Unsafe is internal proprietary API and may be removed in a future release
import sun.misc.Unsafe;
               ^
/home/kex/results_kex_120/COLLECTIONS-17_1/temp/testcases/org/apache/commons/collections4/trie/analyzer/ReflectionUtils.java:13: warning: Unsafe is internal proprietary API and may be removed in a future release
    public static final Unsafe UNSAFE;
                        ^
/home/kex/results_kex_120/COLLECTIONS-17_1/temp/testcases/org/apache/commons/collections4/trie/analyzer/ReflectionUtils.java:17: warning: Unsafe is internal proprietary API and may be removed in a future release
            final Field uns = Unsafe.class.getDeclaredField("theUnsafe");
                              ^
/home/kex/results_kex_120/COLLECTIONS-17_1/temp/testcases/org/apache/commons/collections4/trie/analyzer/ReflectionUtils.java:19: warning: Unsafe is internal proprietary API and may be removed in a future release
            UNSAFE = (Unsafe) uns.get(null);
                      ^
4 warnings
Compiled 'org/apache/commons/collections4/trie/analyzer/StringKeyAnalyzer_lengthInBits_17866944960.java'

===
javac command line:
/usr/bin/javac -sourcepath /home/kex/results_kex_120/COLLECTIONS-17_1/temp/testcases -cp /var/benchmarks/projects/commons-collections/target/commons-collections4-4.5-SNAPSHOT.jar:/var/benchmarks/projects/commons-collections/target/dependency/error_prone_annotations-2.18.0.jar:/var/benchmarks/projects/commons-collections/target/dependency/junit-jupiter-params-5.9.3.jar:/var/benchmarks/projects/commons-collections/target/dependency/hamcrest-core-1.3.jar:/var/benchmarks/projects/commons-collections/target/dependency/easymock-5.1.0.jar:/var/benchmarks/projects/commons-collections/target/dependency/checker-qual-3.33.0.jar:/var/benchmarks/projects/commons-collections/target/dependency/junit-jupiter-engine-5.9.3.jar:/var/benchmarks/projects/commons-collections/target/dependency/junit-platform-engine-1.9.3.jar:/var/benchmarks/projects/commons-collections/target/dependency/commons-lang3-3.13.0.jar:/var/benchmarks/projects/commons-collections/target/dependency/listenablefuture-9999.0-empty-to-avoid-conflict-with-guava.jar:/var/benchmarks/projects/commons-collections/target/dependency/junit-jupiter-api-5.9.3.jar:/var/benchmarks/projects/commons-collections/target/dependency/commons-codec-1.16.0.jar:/var/benchmarks/projects/commons-collections/target/dependency/apiguardian-api-1.1.2.jar:/var/benchmarks/projects/commons-collections/target/dependency/opentest4j-1.2.0.jar:/var/benchmarks/projects/commons-collections/target/dependency/failureaccess-1.0.1.jar:/var/benchmarks/projects/commons-collections/target/dependency/jsr305-3.0.2.jar:/var/benchmarks/projects/commons-collections/target/dependency/objenesis-3.3.jar:/var/benchmarks/projects/commons-collections/target/dependency/guava-testlib-32.1.2-jre.jar:/var/benchmarks/projects/commons-collections/target/dependency/j2objc-annotations-2.8.jar:/var/benchmarks/projects/commons-collections/target/dependency/hamcrest-2.2.jar:/var/benchmarks/projects/commons-collections/target/dependency/junit-4.13.2.jar:/var/benchmarks/projects/commons-collections/target/dependency/commons-io-2.13.0.jar:/var/benchmarks/projects/commons-collections/target/dependency/guava-32.1.2-jre.jar:/usr/local/bin/lib/junit.jar:/usr/local/bin/lib/hamcrest-core.jar -d results_kex_120/COLLECTIONS-17_1/temp/testcases/bin /home/kex/results_kex_120/COLLECTIONS-17_1/temp/testcases/org/apache/commons/collections4/trie/analyzer/StringKeyAnalyzer_lengthInBits_17866944961.java

/home/kex/results_kex_120/COLLECTIONS-17_1/temp/testcases/org/apache/commons/collections4/trie/analyzer/ReflectionUtils.java:9: warning: Unsafe is internal proprietary API and may be removed in a future release
import sun.misc.Unsafe;
               ^
/home/kex/results_kex_120/COLLECTIONS-17_1/temp/testcases/org/apache/commons/collections4/trie/analyzer/ReflectionUtils.java:13: warning: Unsafe is internal proprietary API and may be removed in a future release
    public static final Unsafe UNSAFE;
                        ^
/home/kex/results_kex_120/COLLECTIONS-17_1/temp/testcases/org/apache/commons/collections4/trie/analyzer/ReflectionUtils.java:17: warning: Unsafe is internal proprietary API and may be removed in a future release
            final Field uns = Unsafe.class.getDeclaredField("theUnsafe");
                              ^
/home/kex/results_kex_120/COLLECTIONS-17_1/temp/testcases/org/apache/commons/collections4/trie/analyzer/ReflectionUtils.java:19: warning: Unsafe is internal proprietary API and may be removed in a future release
            UNSAFE = (Unsafe) uns.get(null);
                      ^
4 warnings
Compiled 'org/apache/commons/collections4/trie/analyzer/StringKeyAnalyzer_lengthInBits_17866944961.java'

===
javac command line:
/usr/bin/javac -sourcepath /home/kex/results_kex_120/COLLECTIONS-17_1/temp/testcases -cp /var/benchmarks/projects/commons-collections/target/commons-collections4-4.5-SNAPSHOT.jar:/var/benchmarks/projects/commons-collections/target/dependency/error_prone_annotations-2.18.0.jar:/var/benchmarks/projects/commons-collections/target/dependency/junit-jupiter-params-5.9.3.jar:/var/benchmarks/projects/commons-collections/target/dependency/hamcrest-core-1.3.jar:/var/benchmarks/projects/commons-collections/target/dependency/easymock-5.1.0.jar:/var/benchmarks/projects/commons-collections/target/dependency/checker-qual-3.33.0.jar:/var/benchmarks/projects/commons-collections/target/dependency/junit-jupiter-engine-5.9.3.jar:/var/benchmarks/projects/commons-collections/target/dependency/junit-platform-engine-1.9.3.jar:/var/benchmarks/projects/commons-collections/target/dependency/commons-lang3-3.13.0.jar:/var/benchmarks/projects/commons-collections/target/dependency/listenablefuture-9999.0-empty-to-avoid-conflict-with-guava.jar:/var/benchmarks/projects/commons-collections/target/dependency/junit-jupiter-api-5.9.3.jar:/var/benchmarks/projects/commons-collections/target/dependency/commons-codec-1.16.0.jar:/var/benchmarks/projects/commons-collections/target/dependency/apiguardian-api-1.1.2.jar:/var/benchmarks/projects/commons-collections/target/dependency/opentest4j-1.2.0.jar:/var/benchmarks/projects/commons-collections/target/dependency/failureaccess-1.0.1.jar:/var/benchmarks/projects/commons-collections/target/dependency/jsr305-3.0.2.jar:/var/benchmarks/projects/commons-collections/target/dependency/objenesis-3.3.jar:/var/benchmarks/projects/commons-collections/target/dependency/guava-testlib-32.1.2-jre.jar:/var/benchmarks/projects/commons-collections/target/dependency/j2objc-annotations-2.8.jar:/var/benchmarks/projects/commons-collections/target/dependency/hamcrest-2.2.jar:/var/benchmarks/projects/commons-collections/target/dependency/junit-4.13.2.jar:/var/benchmarks/projects/commons-collections/target/dependency/commons-io-2.13.0.jar:/var/benchmarks/projects/commons-collections/target/dependency/guava-32.1.2-jre.jar:/usr/local/bin/lib/junit.jar:/usr/local/bin/lib/hamcrest-core.jar -d results_kex_120/COLLECTIONS-17_1/temp/testcases/bin /home/kex/results_kex_120/COLLECTIONS-17_1/temp/testcases/org/apache/commons/collections4/trie/analyzer/StringKeyAnalyzer_mask_1122172800.java

/home/kex/results_kex_120/COLLECTIONS-17_1/temp/testcases/org/apache/commons/collections4/trie/analyzer/ReflectionUtils.java:9: warning: Unsafe is internal proprietary API and may be removed in a future release
import sun.misc.Unsafe;
               ^
/home/kex/results_kex_120/COLLECTIONS-17_1/temp/testcases/org/apache/commons/collections4/trie/analyzer/ReflectionUtils.java:13: warning: Unsafe is internal proprietary API and may be removed in a future release
    public static final Unsafe UNSAFE;
                        ^
/home/kex/results_kex_120/COLLECTIONS-17_1/temp/testcases/org/apache/commons/collections4/trie/analyzer/ReflectionUtils.java:17: warning: Unsafe is internal proprietary API and may be removed in a future release
            final Field uns = Unsafe.class.getDeclaredField("theUnsafe");
                              ^
/home/kex/results_kex_120/COLLECTIONS-17_1/temp/testcases/org/apache/commons/collections4/trie/analyzer/ReflectionUtils.java:19: warning: Unsafe is internal proprietary API and may be removed in a future release
            UNSAFE = (Unsafe) uns.get(null);
                      ^
4 warnings
Compiled 'org/apache/commons/collections4/trie/analyzer/StringKeyAnalyzer_mask_1122172800.java'

===
javac command line:
/usr/bin/javac -sourcepath /home/kex/results_kex_120/COLLECTIONS-17_1/temp/testcases -cp /var/benchmarks/projects/commons-collections/target/commons-collections4-4.5-SNAPSHOT.jar:/var/benchmarks/projects/commons-collections/target/dependency/error_prone_annotations-2.18.0.jar:/var/benchmarks/projects/commons-collections/target/dependency/junit-jupiter-params-5.9.3.jar:/var/benchmarks/projects/commons-collections/target/dependency/hamcrest-core-1.3.jar:/var/benchmarks/projects/commons-collections/target/dependency/easymock-5.1.0.jar:/var/benchmarks/projects/commons-collections/target/dependency/checker-qual-3.33.0.jar:/var/benchmarks/projects/commons-collections/target/dependency/junit-jupiter-engine-5.9.3.jar:/var/benchmarks/projects/commons-collections/target/dependency/junit-platform-engine-1.9.3.jar:/var/benchmarks/projects/commons-collections/target/dependency/commons-lang3-3.13.0.jar:/var/benchmarks/projects/commons-collections/target/dependency/listenablefuture-9999.0-empty-to-avoid-conflict-with-guava.jar:/var/benchmarks/projects/commons-collections/target/dependency/junit-jupiter-api-5.9.3.jar:/var/benchmarks/projects/commons-collections/target/dependency/commons-codec-1.16.0.jar:/var/benchmarks/projects/commons-collections/target/dependency/apiguardian-api-1.1.2.jar:/var/benchmarks/projects/commons-collections/target/dependency/opentest4j-1.2.0.jar:/var/benchmarks/projects/commons-collections/target/dependency/failureaccess-1.0.1.jar:/var/benchmarks/projects/commons-collections/target/dependency/jsr305-3.0.2.jar:/var/benchmarks/projects/commons-collections/target/dependency/objenesis-3.3.jar:/var/benchmarks/projects/commons-collections/target/dependency/guava-testlib-32.1.2-jre.jar:/var/benchmarks/projects/commons-collections/target/dependency/j2objc-annotations-2.8.jar:/var/benchmarks/projects/commons-collections/target/dependency/hamcrest-2.2.jar:/var/benchmarks/projects/commons-collections/target/dependency/junit-4.13.2.jar:/var/benchmarks/projects/commons-collections/target/dependency/commons-io-2.13.0.jar:/var/benchmarks/projects/commons-collections/target/dependency/guava-32.1.2-jre.jar:/usr/local/bin/lib/junit.jar:/usr/local/bin/lib/hamcrest-core.jar -d results_kex_120/COLLECTIONS-17_1/temp/testcases/bin /home/kex/results_kex_120/COLLECTIONS-17_1/temp/testcases/org/apache/commons/collections4/trie/analyzer/StringKeyAnalyzer_mask_1122172801.java

/home/kex/results_kex_120/COLLECTIONS-17_1/temp/testcases/org/apache/commons/collections4/trie/analyzer/ReflectionUtils.java:9: warning: Unsafe is internal proprietary API and may be removed in a future release
import sun.misc.Unsafe;
               ^
/home/kex/results_kex_120/COLLECTIONS-17_1/temp/testcases/org/apache/commons/collections4/trie/analyzer/ReflectionUtils.java:13: warning: Unsafe is internal proprietary API and may be removed in a future release
    public static final Unsafe UNSAFE;
                        ^
/home/kex/results_kex_120/COLLECTIONS-17_1/temp/testcases/org/apache/commons/collections4/trie/analyzer/ReflectionUtils.java:17: warning: Unsafe is internal proprietary API and may be removed in a future release
            final Field uns = Unsafe.class.getDeclaredField("theUnsafe");
                              ^
/home/kex/results_kex_120/COLLECTIONS-17_1/temp/testcases/org/apache/commons/collections4/trie/analyzer/ReflectionUtils.java:19: warning: Unsafe is internal proprietary API and may be removed in a future release
            UNSAFE = (Unsafe) uns.get(null);
                      ^
4 warnings
Compiled 'org/apache/commons/collections4/trie/analyzer/StringKeyAnalyzer_mask_1122172801.java'

---Timing Information---
Running tests with the following classpath: 
/var/benchmarks/projects/commons-collections/target/commons-collections4-4.5-SNAPSHOT.jar:/var/benchmarks/projects/commons-collections/target/dependency/error_prone_annotations-2.18.0.jar:/var/benchmarks/projects/commons-collections/target/dependency/junit-jupiter-params-5.9.3.jar:/var/benchmarks/projects/commons-collections/target/dependency/hamcrest-core-1.3.jar:/var/benchmarks/projects/commons-collections/target/dependency/easymock-5.1.0.jar:/var/benchmarks/projects/commons-collections/target/dependency/checker-qual-3.33.0.jar:/var/benchmarks/projects/commons-collections/target/dependency/junit-jupiter-engine-5.9.3.jar:/var/benchmarks/projects/commons-collections/target/dependency/junit-platform-engine-1.9.3.jar:/var/benchmarks/projects/commons-collections/target/dependency/commons-lang3-3.13.0.jar:/var/benchmarks/projects/commons-collections/target/dependency/listenablefuture-9999.0-empty-to-avoid-conflict-with-guava.jar:/var/benchmarks/projects/commons-collections/target/dependency/junit-jupiter-api-5.9.3.jar:/var/benchmarks/projects/commons-collections/target/dependency/commons-codec-1.16.0.jar:/var/benchmarks/projects/commons-collections/target/dependency/apiguardian-api-1.1.2.jar:/var/benchmarks/projects/commons-collections/target/dependency/opentest4j-1.2.0.jar:/var/benchmarks/projects/commons-collections/target/dependency/failureaccess-1.0.1.jar:/var/benchmarks/projects/commons-collections/target/dependency/jsr305-3.0.2.jar:/var/benchmarks/projects/commons-collections/target/dependency/objenesis-3.3.jar:/var/benchmarks/projects/commons-collections/target/dependency/guava-testlib-32.1.2-jre.jar:/var/benchmarks/projects/commons-collections/target/dependency/j2objc-annotations-2.8.jar:/var/benchmarks/projects/commons-collections/target/dependency/hamcrest-2.2.jar:/var/benchmarks/projects/commons-collections/target/dependency/junit-4.13.2.jar:/var/benchmarks/projects/commons-collections/target/dependency/commons-io-2.13.0.jar:/var/benchmarks/projects/commons-collections/target/dependency/guava-32.1.2-jre.jar:/usr/local/bin/lib/junit.jar:/usr/local/bin/lib/hamcrest-core.jar:/home/kex/results_kex_120/COLLECTIONS-17_1/temp/testcases/bin
Running the tests: [SBSTDummyForCoverageAndMutationCalculation, org.apache.commons.collections4.trie.analyzer.EqualityUtils, org.apache.commons.collections4.trie.analyzer.ReflectionUtils, org.apache.commons.collections4.trie.analyzer.StringKeyAnalyzer_bitIndex_17668662490, org.apache.commons.collections4.trie.analyzer.StringKeyAnalyzer_bitIndex_17668662491, org.apache.commons.collections4.trie.analyzer.StringKeyAnalyzer_bitsPerElement_13390379110, org.apache.commons.collections4.trie.analyzer.StringKeyAnalyzer_bitsPerElement_13390379111, org.apache.commons.collections4.trie.analyzer.StringKeyAnalyzer_init_3398555440, org.apache.commons.collections4.trie.analyzer.StringKeyAnalyzer_init_3398555441, org.apache.commons.collections4.trie.analyzer.StringKeyAnalyzer_isBitSet_12100038540, org.apache.commons.collections4.trie.analyzer.StringKeyAnalyzer_isBitSet_12100038541, org.apache.commons.collections4.trie.analyzer.StringKeyAnalyzer_isPrefix_13259916340, org.apache.commons.collections4.trie.analyzer.StringKeyAnalyzer_isPrefix_13259916341, org.apache.commons.collections4.trie.analyzer.StringKeyAnalyzer_lengthInBits_17866944960, org.apache.commons.collections4.trie.analyzer.StringKeyAnalyzer_lengthInBits_17866944961, org.apache.commons.collections4.trie.analyzer.StringKeyAnalyzer_mask_1122172800, org.apache.commons.collections4.trie.analyzer.StringKeyAnalyzer_mask_1122172801]
Executions terminated
Failure: [initializationError(org.apache.commons.collections4.trie.analyzer.EqualityUtils): No runnable methods]
Failing Tests: initializationError(org.apache.commons.collections4.trie.analyzer.EqualityUtils)
java.lang.Exception: No runnable methods
	at org.junit.runners.BlockJUnit4ClassRunner.validateInstanceMethods(BlockJUnit4ClassRunner.java:169)
	at org.junit.runners.BlockJUnit4ClassRunner.collectInitializationErrors(BlockJUnit4ClassRunner.java:104)
	at org.junit.runners.ParentRunner.validate(ParentRunner.java:355)
	at org.junit.runners.ParentRunner.<init>(ParentRunner.java:76)
	at org.junit.runners.BlockJUnit4ClassRunner.<init>(BlockJUnit4ClassRunner.java:57)
	at org.junit.internal.builders.JUnit4Builder.runnerForClass(JUnit4Builder.java:10)
	at org.junit.runners.model.RunnerBuilder.safeRunnerForClass(RunnerBuilder.java:59)
	at org.junit.internal.builders.AllDefaultPossibilitiesBuilder.runnerForClass(AllDefaultPossibilitiesBuilder.java:26)
	at org.junit.runner.Computer.getRunner(Computer.java:40)
	at org.junit.runner.Computer$1.runnerForClass(Computer.java:31)
	at org.junit.runners.model.RunnerBuilder.safeRunnerForClass(RunnerBuilder.java:59)
	at org.junit.runners.model.RunnerBuilder.runners(RunnerBuilder.java:101)
	at org.junit.runners.model.RunnerBuilder.runners(RunnerBuilder.java:87)
	at org.junit.runners.Suite.<init>(Suite.java:80)
	at org.junit.runner.Computer.getSuite(Computer.java:28)
	at org.junit.runner.Request.classes(Request.java:75)
	at org.junit.runner.JUnitCore.run(JUnitCore.java:117)
	at sbst.benchmark.coverage.TestExecutionTask.call(TestExecutionTask.java:54)
	at sbst.benchmark.coverage.TestExecutionTask.call(TestExecutionTask.java:15)
	at java.util.concurrent.FutureTask.run(FutureTask.java:266)
	at java.util.concurrent.ThreadPoolExecutor.runWorker(ThreadPoolExecutor.java:1149)
	at java.util.concurrent.ThreadPoolExecutor$Worker.run(ThreadPoolExecutor.java:624)
	at java.lang.Thread.run(Thread.java:750)

Failure: [initializationError(org.apache.commons.collections4.trie.analyzer.ReflectionUtils): No runnable methods]
Failing Tests: initializationError(org.apache.commons.collections4.trie.analyzer.ReflectionUtils)
java.lang.Exception: No runnable methods
	at org.junit.runners.BlockJUnit4ClassRunner.validateInstanceMethods(BlockJUnit4ClassRunner.java:169)
	at org.junit.runners.BlockJUnit4ClassRunner.collectInitializationErrors(BlockJUnit4ClassRunner.java:104)
	at org.junit.runners.ParentRunner.validate(ParentRunner.java:355)
	at org.junit.runners.ParentRunner.<init>(ParentRunner.java:76)
	at org.junit.runners.BlockJUnit4ClassRunner.<init>(BlockJUnit4ClassRunner.java:57)
	at org.junit.internal.builders.JUnit4Builder.runnerForClass(JUnit4Builder.java:10)
	at org.junit.runners.model.RunnerBuilder.safeRunnerForClass(RunnerBuilder.java:59)
	at org.junit.internal.builders.AllDefaultPossibilitiesBuilder.runnerForClass(AllDefaultPossibilitiesBuilder.java:26)
	at org.junit.runner.Computer.getRunner(Computer.java:40)
	at org.junit.runner.Computer$1.runnerForClass(Computer.java:31)
	at org.junit.runners.model.RunnerBuilder.safeRunnerForClass(RunnerBuilder.java:59)
	at org.junit.runners.model.RunnerBuilder.runners(RunnerBuilder.java:101)
	at org.junit.runners.model.RunnerBuilder.runners(RunnerBuilder.java:87)
	at org.junit.runners.Suite.<init>(Suite.java:80)
	at org.junit.runner.Computer.getSuite(Computer.java:28)
	at org.junit.runner.Request.classes(Request.java:75)
	at org.junit.runner.JUnitCore.run(JUnitCore.java:117)
	at sbst.benchmark.coverage.TestExecutionTask.call(TestExecutionTask.java:54)
	at sbst.benchmark.coverage.TestExecutionTask.call(TestExecutionTask.java:15)
	at java.util.concurrent.FutureTask.run(FutureTask.java:266)
	at java.util.concurrent.ThreadPoolExecutor.runWorker(ThreadPoolExecutor.java:1149)
	at java.util.concurrent.ThreadPoolExecutor$Worker.run(ThreadPoolExecutor.java:624)
	at java.lang.Thread.run(Thread.java:750)

Failure: [test(org.apache.commons.collections4.trie.analyzer.StringKeyAnalyzer_bitIndex_17668662490): The offsets and lengths must be at Character boundaries]
Failing Tests: test(org.apache.commons.collections4.trie.analyzer.StringKeyAnalyzer_bitIndex_17668662490)
java.lang.IllegalArgumentException: The offsets and lengths must be at Character boundaries
	at org.apache.commons.collections4.trie.analyzer.StringKeyAnalyzer.bitIndex(StringKeyAnalyzer.java:62)
	at sun.reflect.NativeMethodAccessorImpl.invoke0(Native Method)
	at sun.reflect.NativeMethodAccessorImpl.invoke(NativeMethodAccessorImpl.java:62)
	at sun.reflect.DelegatingMethodAccessorImpl.invoke(DelegatingMethodAccessorImpl.java:43)
	at java.lang.reflect.Method.invoke(Method.java:498)
	at org.apache.commons.collections4.trie.analyzer.ReflectionUtils.callMethod(ReflectionUtils.java:238)
	at org.apache.commons.collections4.trie.analyzer.StringKeyAnalyzer_bitIndex_17668662490.test(StringKeyAnalyzer_bitIndex_17668662490.java:60)
	at sun.reflect.NativeMethodAccessorImpl.invoke0(Native Method)
	at sun.reflect.NativeMethodAccessorImpl.invoke(NativeMethodAccessorImpl.java:62)
	at sun.reflect.DelegatingMethodAccessorImpl.invoke(DelegatingMethodAccessorImpl.java:43)
	at java.lang.reflect.Method.invoke(Method.java:498)
	at org.junit.runners.model.FrameworkMethod$1.runReflectiveCall(FrameworkMethod.java:47)
	at org.junit.internal.runners.model.ReflectiveCallable.run(ReflectiveCallable.java:12)
	at org.junit.runners.model.FrameworkMethod.invokeExplosively(FrameworkMethod.java:44)
	at org.junit.internal.runners.statements.InvokeMethod.evaluate(InvokeMethod.java:17)
	at org.junit.internal.runners.statements.RunBefores.evaluate(RunBefores.java:26)
	at org.junit.runners.ParentRunner.runLeaf(ParentRunner.java:271)
	at org.junit.runners.BlockJUnit4ClassRunner.runChild(BlockJUnit4ClassRunner.java:70)
	at org.junit.runners.BlockJUnit4ClassRunner.runChild(BlockJUnit4ClassRunner.java:50)
	at org.junit.runners.ParentRunner$3.run(ParentRunner.java:238)
	at org.junit.runners.ParentRunner$1.schedule(ParentRunner.java:63)
	at org.junit.runners.ParentRunner.runChildren(ParentRunner.java:236)
	at org.junit.runners.ParentRunner.access$000(ParentRunner.java:53)
	at org.junit.runners.ParentRunner$2.evaluate(ParentRunner.java:229)
	at org.junit.runners.ParentRunner.run(ParentRunner.java:309)
	at org.junit.runners.Suite.runChild(Suite.java:127)
	at org.junit.runners.Suite.runChild(Suite.java:26)
	at org.junit.runners.ParentRunner$3.run(ParentRunner.java:238)
	at org.junit.runners.ParentRunner$1.schedule(ParentRunner.java:63)
	at org.junit.runners.ParentRunner.runChildren(ParentRunner.java:236)
	at org.junit.runners.ParentRunner.access$000(ParentRunner.java:53)
	at org.junit.runners.ParentRunner$2.evaluate(ParentRunner.java:229)
	at org.junit.runners.ParentRunner.run(ParentRunner.java:309)
	at org.junit.runner.JUnitCore.run(JUnitCore.java:160)
	at org.junit.runner.JUnitCore.run(JUnitCore.java:138)
	at org.junit.runner.JUnitCore.run(JUnitCore.java:117)
	at sbst.benchmark.coverage.TestExecutionTask.call(TestExecutionTask.java:54)
	at sbst.benchmark.coverage.TestExecutionTask.call(TestExecutionTask.java:15)
	at java.util.concurrent.FutureTask.run(FutureTask.java:266)
	at java.util.concurrent.ThreadPoolExecutor.runWorker(ThreadPoolExecutor.java:1149)
	at java.util.concurrent.ThreadPoolExecutor$Worker.run(ThreadPoolExecutor.java:624)
	at java.lang.Thread.run(Thread.java:750)

Failure: [test(org.apache.commons.collections4.trie.analyzer.StringKeyAnalyzer_isPrefix_13259916340): Cannot determine prefix outside of Character boundaries]
Failing Tests: test(org.apache.commons.collections4.trie.analyzer.StringKeyAnalyzer_isPrefix_13259916340)
java.lang.IllegalArgumentException: Cannot determine prefix outside of Character boundaries
	at org.apache.commons.collections4.trie.analyzer.StringKeyAnalyzer.isPrefix(StringKeyAnalyzer.java:128)
	at sun.reflect.NativeMethodAccessorImpl.invoke0(Native Method)
	at sun.reflect.NativeMethodAccessorImpl.invoke(NativeMethodAccessorImpl.java:62)
	at sun.reflect.DelegatingMethodAccessorImpl.invoke(DelegatingMethodAccessorImpl.java:43)
	at java.lang.reflect.Method.invoke(Method.java:498)
	at org.apache.commons.collections4.trie.analyzer.ReflectionUtils.callMethod(ReflectionUtils.java:238)
	at org.apache.commons.collections4.trie.analyzer.StringKeyAnalyzer_isPrefix_13259916340.test(StringKeyAnalyzer_isPrefix_13259916340.java:50)
	at sun.reflect.NativeMethodAccessorImpl.invoke0(Native Method)
	at sun.reflect.NativeMethodAccessorImpl.invoke(NativeMethodAccessorImpl.java:62)
	at sun.reflect.DelegatingMethodAccessorImpl.invoke(DelegatingMethodAccessorImpl.java:43)
	at java.lang.reflect.Method.invoke(Method.java:498)
	at org.junit.runners.model.FrameworkMethod$1.runReflectiveCall(FrameworkMethod.java:47)
	at org.junit.internal.runners.model.ReflectiveCallable.run(ReflectiveCallable.java:12)
	at org.junit.runners.model.FrameworkMethod.invokeExplosively(FrameworkMethod.java:44)
	at org.junit.internal.runners.statements.InvokeMethod.evaluate(InvokeMethod.java:17)
	at org.junit.internal.runners.statements.RunBefores.evaluate(RunBefores.java:26)
	at org.junit.runners.ParentRunner.runLeaf(ParentRunner.java:271)
	at org.junit.runners.BlockJUnit4ClassRunner.runChild(BlockJUnit4ClassRunner.java:70)
	at org.junit.runners.BlockJUnit4ClassRunner.runChild(BlockJUnit4ClassRunner.java:50)
	at org.junit.runners.ParentRunner$3.run(ParentRunner.java:238)
	at org.junit.runners.ParentRunner$1.schedule(ParentRunner.java:63)
	at org.junit.runners.ParentRunner.runChildren(ParentRunner.java:236)
	at org.junit.runners.ParentRunner.access$000(ParentRunner.java:53)
	at org.junit.runners.ParentRunner$2.evaluate(ParentRunner.java:229)
	at org.junit.runners.ParentRunner.run(ParentRunner.java:309)
	at org.junit.runners.Suite.runChild(Suite.java:127)
	at org.junit.runners.Suite.runChild(Suite.java:26)
	at org.junit.runners.ParentRunner$3.run(ParentRunner.java:238)
	at org.junit.runners.ParentRunner$1.schedule(ParentRunner.java:63)
	at org.junit.runners.ParentRunner.runChildren(ParentRunner.java:236)
	at org.junit.runners.ParentRunner.access$000(ParentRunner.java:53)
	at org.junit.runners.ParentRunner$2.evaluate(ParentRunner.java:229)
	at org.junit.runners.ParentRunner.run(ParentRunner.java:309)
	at org.junit.runner.JUnitCore.run(JUnitCore.java:160)
	at org.junit.runner.JUnitCore.run(JUnitCore.java:138)
	at org.junit.runner.JUnitCore.run(JUnitCore.java:117)
	at sbst.benchmark.coverage.TestExecutionTask.call(TestExecutionTask.java:54)
	at sbst.benchmark.coverage.TestExecutionTask.call(TestExecutionTask.java:15)
	at java.util.concurrent.FutureTask.run(FutureTask.java:266)
	at java.util.concurrent.ThreadPoolExecutor.runWorker(ThreadPoolExecutor.java:1149)
	at java.util.concurrent.ThreadPoolExecutor$Worker.run(ThreadPoolExecutor.java:624)
	at java.lang.Thread.run(Thread.java:750)

Failure: [test(org.apache.commons.collections4.trie.analyzer.StringKeyAnalyzer_isPrefix_13259916341): null]
Failing Tests: test(org.apache.commons.collections4.trie.analyzer.StringKeyAnalyzer_isPrefix_13259916341)
java.lang.NullPointerException
	at org.apache.commons.collections4.trie.analyzer.StringKeyAnalyzer.isPrefix(StringKeyAnalyzer.java:132)
	at sun.reflect.NativeMethodAccessorImpl.invoke0(Native Method)
	at sun.reflect.NativeMethodAccessorImpl.invoke(NativeMethodAccessorImpl.java:62)
	at sun.reflect.DelegatingMethodAccessorImpl.invoke(DelegatingMethodAccessorImpl.java:43)
	at java.lang.reflect.Method.invoke(Method.java:498)
	at org.apache.commons.collections4.trie.analyzer.ReflectionUtils.callMethod(ReflectionUtils.java:238)
	at org.apache.commons.collections4.trie.analyzer.StringKeyAnalyzer_isPrefix_13259916341.test(StringKeyAnalyzer_isPrefix_13259916341.java:50)
	at sun.reflect.NativeMethodAccessorImpl.invoke0(Native Method)
	at sun.reflect.NativeMethodAccessorImpl.invoke(NativeMethodAccessorImpl.java:62)
	at sun.reflect.DelegatingMethodAccessorImpl.invoke(DelegatingMethodAccessorImpl.java:43)
	at java.lang.reflect.Method.invoke(Method.java:498)
	at org.junit.runners.model.FrameworkMethod$1.runReflectiveCall(FrameworkMethod.java:47)
	at org.junit.internal.runners.model.ReflectiveCallable.run(ReflectiveCallable.java:12)
	at org.junit.runners.model.FrameworkMethod.invokeExplosively(FrameworkMethod.java:44)
	at org.junit.internal.runners.statements.InvokeMethod.evaluate(InvokeMethod.java:17)
	at org.junit.internal.runners.statements.RunBefores.evaluate(RunBefores.java:26)
	at org.junit.runners.ParentRunner.runLeaf(ParentRunner.java:271)
	at org.junit.runners.BlockJUnit4ClassRunner.runChild(BlockJUnit4ClassRunner.java:70)
	at org.junit.runners.BlockJUnit4ClassRunner.runChild(BlockJUnit4ClassRunner.java:50)
	at org.junit.runners.ParentRunner$3.run(ParentRunner.java:238)
	at org.junit.runners.ParentRunner$1.schedule(ParentRunner.java:63)
	at org.junit.runners.ParentRunner.runChildren(ParentRunner.java:236)
	at org.junit.runners.ParentRunner.access$000(ParentRunner.java:53)
	at org.junit.runners.ParentRunner$2.evaluate(ParentRunner.java:229)
	at org.junit.runners.ParentRunner.run(ParentRunner.java:309)
	at org.junit.runners.Suite.runChild(Suite.java:127)
	at org.junit.runners.Suite.runChild(Suite.java:26)
	at org.junit.runners.ParentRunner$3.run(ParentRunner.java:238)
	at org.junit.runners.ParentRunner$1.schedule(ParentRunner.java:63)
	at org.junit.runners.ParentRunner.runChildren(ParentRunner.java:236)
	at org.junit.runners.ParentRunner.access$000(ParentRunner.java:53)
	at org.junit.runners.ParentRunner$2.evaluate(ParentRunner.java:229)
	at org.junit.runners.ParentRunner.run(ParentRunner.java:309)
	at org.junit.runner.JUnitCore.run(JUnitCore.java:160)
	at org.junit.runner.JUnitCore.run(JUnitCore.java:138)
	at org.junit.runner.JUnitCore.run(JUnitCore.java:117)
	at sbst.benchmark.coverage.TestExecutionTask.call(TestExecutionTask.java:54)
	at sbst.benchmark.coverage.TestExecutionTask.call(TestExecutionTask.java:15)
	at java.util.concurrent.FutureTask.run(FutureTask.java:266)
	at java.util.concurrent.ThreadPoolExecutor.runWorker(ThreadPoolExecutor.java:1149)
	at java.util.concurrent.ThreadPoolExecutor$Worker.run(ThreadPoolExecutor.java:624)
	at java.lang.Thread.run(Thread.java:750)


---The tests are re-executed other four times to find the flaky ones---
Running the tests: [SBSTDummyForCoverageAndMutationCalculation, org.apache.commons.collections4.trie.analyzer.EqualityUtils, org.apache.commons.collections4.trie.analyzer.ReflectionUtils, org.apache.commons.collections4.trie.analyzer.StringKeyAnalyzer_bitIndex_17668662490, org.apache.commons.collections4.trie.analyzer.StringKeyAnalyzer_bitIndex_17668662491, org.apache.commons.collections4.trie.analyzer.StringKeyAnalyzer_bitsPerElement_13390379110, org.apache.commons.collections4.trie.analyzer.StringKeyAnalyzer_bitsPerElement_13390379111, org.apache.commons.collections4.trie.analyzer.StringKeyAnalyzer_init_3398555440, org.apache.commons.collections4.trie.analyzer.StringKeyAnalyzer_init_3398555441, org.apache.commons.collections4.trie.analyzer.StringKeyAnalyzer_isBitSet_12100038540, org.apache.commons.collections4.trie.analyzer.StringKeyAnalyzer_isBitSet_12100038541, org.apache.commons.collections4.trie.analyzer.StringKeyAnalyzer_isPrefix_13259916340, org.apache.commons.collections4.trie.analyzer.StringKeyAnalyzer_isPrefix_13259916341, org.apache.commons.collections4.trie.analyzer.StringKeyAnalyzer_lengthInBits_17866944960, org.apache.commons.collections4.trie.analyzer.StringKeyAnalyzer_lengthInBits_17866944961, org.apache.commons.collections4.trie.analyzer.StringKeyAnalyzer_mask_1122172800, org.apache.commons.collections4.trie.analyzer.StringKeyAnalyzer_mask_1122172801]
Executions terminated
Failure: [initializationError(org.apache.commons.collections4.trie.analyzer.EqualityUtils): No runnable methods]
Running the tests: [SBSTDummyForCoverageAndMutationCalculation, org.apache.commons.collections4.trie.analyzer.EqualityUtils, org.apache.commons.collections4.trie.analyzer.ReflectionUtils, org.apache.commons.collections4.trie.analyzer.StringKeyAnalyzer_bitIndex_17668662490, org.apache.commons.collections4.trie.analyzer.StringKeyAnalyzer_bitIndex_17668662491, org.apache.commons.collections4.trie.analyzer.StringKeyAnalyzer_bitsPerElement_13390379110, org.apache.commons.collections4.trie.analyzer.StringKeyAnalyzer_bitsPerElement_13390379111, org.apache.commons.collections4.trie.analyzer.StringKeyAnalyzer_init_3398555440, org.apache.commons.collections4.trie.analyzer.StringKeyAnalyzer_init_3398555441, org.apache.commons.collections4.trie.analyzer.StringKeyAnalyzer_isBitSet_12100038540, org.apache.commons.collections4.trie.analyzer.StringKeyAnalyzer_isBitSet_12100038541, org.apache.commons.collections4.trie.analyzer.StringKeyAnalyzer_isPrefix_13259916340, org.apache.commons.collections4.trie.analyzer.StringKeyAnalyzer_isPrefix_13259916341, org.apache.commons.collections4.trie.analyzer.StringKeyAnalyzer_lengthInBits_17866944960, org.apache.commons.collections4.trie.analyzer.StringKeyAnalyzer_lengthInBits_17866944961, org.apache.commons.collections4.trie.analyzer.StringKeyAnalyzer_mask_1122172800, org.apache.commons.collections4.trie.analyzer.StringKeyAnalyzer_mask_1122172801]
Failing Tests: initializationError(org.apache.commons.collections4.trie.analyzer.EqualityUtils)
java.lang.Exception: No runnable methods
	at org.junit.runners.BlockJUnit4ClassRunner.validateInstanceMethods(BlockJUnit4ClassRunner.java:169)
	at org.junit.runners.BlockJUnit4ClassRunner.collectInitializationErrors(BlockJUnit4ClassRunner.java:104)
	at org.junit.runners.ParentRunner.validate(ParentRunner.java:355)
	at org.junit.runners.ParentRunner.<init>(ParentRunner.java:76)
	at org.junit.runners.BlockJUnit4ClassRunner.<init>(BlockJUnit4ClassRunner.java:57)
	at org.junit.internal.builders.JUnit4Builder.runnerForClass(JUnit4Builder.java:10)
	at org.junit.runners.model.RunnerBuilder.safeRunnerForClass(RunnerBuilder.java:59)
	at org.junit.internal.builders.AllDefaultPossibilitiesBuilder.runnerForClass(AllDefaultPossibilitiesBuilder.java:26)
	at org.junit.runner.Computer.getRunner(Computer.java:40)
	at org.junit.runner.Computer$1.runnerForClass(Computer.java:31)
	at org.junit.runners.model.RunnerBuilder.safeRunnerForClass(RunnerBuilder.java:59)
	at org.junit.runners.model.RunnerBuilder.runners(RunnerBuilder.java:101)
	at org.junit.runners.model.RunnerBuilder.runners(RunnerBuilder.java:87)
	at org.junit.runners.Suite.<init>(Suite.java:80)
	at org.junit.runner.Computer.getSuite(Computer.java:28)
	at org.junit.runner.Request.classes(Request.java:75)
	at org.junit.runner.JUnitCore.run(JUnitCore.java:117)
	at sbst.benchmark.coverage.TestExecutionTask.call(TestExecutionTask.java:54)
	at sbst.benchmark.coverage.TestExecutionTask.call(TestExecutionTask.java:15)
	at java.util.concurrent.FutureTask.run(FutureTask.java:266)
	at java.util.concurrent.ThreadPoolExecutor.runWorker(ThreadPoolExecutor.java:1149)
	at java.util.concurrent.ThreadPoolExecutor$Worker.run(ThreadPoolExecutor.java:624)
	at java.lang.Thread.run(Thread.java:750)

Failure: [initializationError(org.apache.commons.collections4.trie.analyzer.ReflectionUtils): No runnable methods]
Failing Tests: initializationError(org.apache.commons.collections4.trie.analyzer.ReflectionUtils)
java.lang.Exception: No runnable methods
	at org.junit.runners.BlockJUnit4ClassRunner.validateInstanceMethods(BlockJUnit4ClassRunner.java:169)
	at org.junit.runners.BlockJUnit4ClassRunner.collectInitializationErrors(BlockJUnit4ClassRunner.java:104)
	at org.junit.runners.ParentRunner.validate(ParentRunner.java:355)
	at org.junit.runners.ParentRunner.<init>(ParentRunner.java:76)
	at org.junit.runners.BlockJUnit4ClassRunner.<init>(BlockJUnit4ClassRunner.java:57)
	at org.junit.internal.builders.JUnit4Builder.runnerForClass(JUnit4Builder.java:10)
	at org.junit.runners.model.RunnerBuilder.safeRunnerForClass(RunnerBuilder.java:59)
	at org.junit.internal.builders.AllDefaultPossibilitiesBuilder.runnerForClass(AllDefaultPossibilitiesBuilder.java:26)
	at org.junit.runner.Computer.getRunner(Computer.java:40)
	at org.junit.runner.Computer$1.runnerForClass(Computer.java:31)
	at org.junit.runners.model.RunnerBuilder.safeRunnerForClass(RunnerBuilder.java:59)
	at org.junit.runners.model.RunnerBuilder.runners(RunnerBuilder.java:101)
	at org.junit.runners.model.RunnerBuilder.runners(RunnerBuilder.java:87)
	at org.junit.runners.Suite.<init>(Suite.java:80)
	at org.junit.runner.Computer.getSuite(Computer.java:28)
	at org.junit.runner.Request.classes(Request.java:75)
	at org.junit.runner.JUnitCore.run(JUnitCore.java:117)
	at sbst.benchmark.coverage.TestExecutionTask.call(TestExecutionTask.java:54)
	at sbst.benchmark.coverage.TestExecutionTask.call(TestExecutionTask.java:15)
	at java.util.concurrent.FutureTask.run(FutureTask.java:266)
	at java.util.concurrent.ThreadPoolExecutor.runWorker(ThreadPoolExecutor.java:1149)
	at java.util.concurrent.ThreadPoolExecutor$Worker.run(ThreadPoolExecutor.java:624)
	at java.lang.Thread.run(Thread.java:750)

Failure: [test(org.apache.commons.collections4.trie.analyzer.StringKeyAnalyzer_bitIndex_17668662490): The offsets and lengths must be at Character boundaries]
Failing Tests: test(org.apache.commons.collections4.trie.analyzer.StringKeyAnalyzer_bitIndex_17668662490)
java.lang.IllegalArgumentException: The offsets and lengths must be at Character boundaries
	at org.apache.commons.collections4.trie.analyzer.StringKeyAnalyzer.bitIndex(StringKeyAnalyzer.java:62)
	at sun.reflect.NativeMethodAccessorImpl.invoke0(Native Method)
	at sun.reflect.NativeMethodAccessorImpl.invoke(NativeMethodAccessorImpl.java:62)
	at sun.reflect.DelegatingMethodAccessorImpl.invoke(DelegatingMethodAccessorImpl.java:43)
	at java.lang.reflect.Method.invoke(Method.java:498)
	at org.apache.commons.collections4.trie.analyzer.ReflectionUtils.callMethod(ReflectionUtils.java:238)
	at org.apache.commons.collections4.trie.analyzer.StringKeyAnalyzer_bitIndex_17668662490.test(StringKeyAnalyzer_bitIndex_17668662490.java:60)
	at sun.reflect.NativeMethodAccessorImpl.invoke0(Native Method)
	at sun.reflect.NativeMethodAccessorImpl.invoke(NativeMethodAccessorImpl.java:62)
	at sun.reflect.DelegatingMethodAccessorImpl.invoke(DelegatingMethodAccessorImpl.java:43)
	at java.lang.reflect.Method.invoke(Method.java:498)
	at org.junit.runners.model.FrameworkMethod$1.runReflectiveCall(FrameworkMethod.java:47)
	at org.junit.internal.runners.model.ReflectiveCallable.run(ReflectiveCallable.java:12)
	at org.junit.runners.model.FrameworkMethod.invokeExplosively(FrameworkMethod.java:44)
	at org.junit.internal.runners.statements.InvokeMethod.evaluate(InvokeMethod.java:17)
	at org.junit.internal.runners.statements.RunBefores.evaluate(RunBefores.java:26)
	at org.junit.runners.ParentRunner.runLeaf(ParentRunner.java:271)
	at org.junit.runners.BlockJUnit4ClassRunner.runChild(BlockJUnit4ClassRunner.java:70)
	at org.junit.runners.BlockJUnit4ClassRunner.runChild(BlockJUnit4ClassRunner.java:50)
	at org.junit.runners.ParentRunner$3.run(ParentRunner.java:238)
	at org.junit.runners.ParentRunner$1.schedule(ParentRunner.java:63)
	at org.junit.runners.ParentRunner.runChildren(ParentRunner.java:236)
	at org.junit.runners.ParentRunner.access$000(ParentRunner.java:53)
	at org.junit.runners.ParentRunner$2.evaluate(ParentRunner.java:229)
	at org.junit.runners.ParentRunner.run(ParentRunner.java:309)
	at org.junit.runners.Suite.runChild(Suite.java:127)
	at org.junit.runners.Suite.runChild(Suite.java:26)
	at org.junit.runners.ParentRunner$3.run(ParentRunner.java:238)
	at org.junit.runners.ParentRunner$1.schedule(ParentRunner.java:63)
	at org.junit.runners.ParentRunner.runChildren(ParentRunner.java:236)
	at org.junit.runners.ParentRunner.access$000(ParentRunner.java:53)
	at org.junit.runners.ParentRunner$2.evaluate(ParentRunner.java:229)
	at org.junit.runners.ParentRunner.run(ParentRunner.java:309)
	at org.junit.runner.JUnitCore.run(JUnitCore.java:160)
	at org.junit.runner.JUnitCore.run(JUnitCore.java:138)
	at org.junit.runner.JUnitCore.run(JUnitCore.java:117)
	at sbst.benchmark.coverage.TestExecutionTask.call(TestExecutionTask.java:54)
	at sbst.benchmark.coverage.TestExecutionTask.call(TestExecutionTask.java:15)
	at java.util.concurrent.FutureTask.run(FutureTask.java:266)
	at java.util.concurrent.ThreadPoolExecutor.runWorker(ThreadPoolExecutor.java:1149)
	at java.util.concurrent.ThreadPoolExecutor$Worker.run(ThreadPoolExecutor.java:624)
	at java.lang.Thread.run(Thread.java:750)

Failure: [test(org.apache.commons.collections4.trie.analyzer.StringKeyAnalyzer_isPrefix_13259916340): Cannot determine prefix outside of Character boundaries]
Failing Tests: test(org.apache.commons.collections4.trie.analyzer.StringKeyAnalyzer_isPrefix_13259916340)
java.lang.IllegalArgumentException: Cannot determine prefix outside of Character boundaries
	at org.apache.commons.collections4.trie.analyzer.StringKeyAnalyzer.isPrefix(StringKeyAnalyzer.java:128)
	at sun.reflect.NativeMethodAccessorImpl.invoke0(Native Method)
	at sun.reflect.NativeMethodAccessorImpl.invoke(NativeMethodAccessorImpl.java:62)
	at sun.reflect.DelegatingMethodAccessorImpl.invoke(DelegatingMethodAccessorImpl.java:43)
	at java.lang.reflect.Method.invoke(Method.java:498)
	at org.apache.commons.collections4.trie.analyzer.ReflectionUtils.callMethod(ReflectionUtils.java:238)
	at org.apache.commons.collections4.trie.analyzer.StringKeyAnalyzer_isPrefix_13259916340.test(StringKeyAnalyzer_isPrefix_13259916340.java:50)
	at sun.reflect.NativeMethodAccessorImpl.invoke0(Native Method)
	at sun.reflect.NativeMethodAccessorImpl.invoke(NativeMethodAccessorImpl.java:62)
	at sun.reflect.DelegatingMethodAccessorImpl.invoke(DelegatingMethodAccessorImpl.java:43)
	at java.lang.reflect.Method.invoke(Method.java:498)
	at org.junit.runners.model.FrameworkMethod$1.runReflectiveCall(FrameworkMethod.java:47)
	at org.junit.internal.runners.model.ReflectiveCallable.run(ReflectiveCallable.java:12)
	at org.junit.runners.model.FrameworkMethod.invokeExplosively(FrameworkMethod.java:44)
	at org.junit.internal.runners.statements.InvokeMethod.evaluate(InvokeMethod.java:17)
	at org.junit.internal.runners.statements.RunBefores.evaluate(RunBefores.java:26)
	at org.junit.runners.ParentRunner.runLeaf(ParentRunner.java:271)
	at org.junit.runners.BlockJUnit4ClassRunner.runChild(BlockJUnit4ClassRunner.java:70)
	at org.junit.runners.BlockJUnit4ClassRunner.runChild(BlockJUnit4ClassRunner.java:50)
	at org.junit.runners.ParentRunner$3.run(ParentRunner.java:238)
	at org.junit.runners.ParentRunner$1.schedule(ParentRunner.java:63)
	at org.junit.runners.ParentRunner.runChildren(ParentRunner.java:236)
	at org.junit.runners.ParentRunner.access$000(ParentRunner.java:53)
	at org.junit.runners.ParentRunner$2.evaluate(ParentRunner.java:229)
	at org.junit.runners.ParentRunner.run(ParentRunner.java:309)
	at org.junit.runners.Suite.runChild(Suite.java:127)
	at org.junit.runners.Suite.runChild(Suite.java:26)
	at org.junit.runners.ParentRunner$3.run(ParentRunner.java:238)
	at org.junit.runners.ParentRunner$1.schedule(ParentRunner.java:63)
	at org.junit.runners.ParentRunner.runChildren(ParentRunner.java:236)
	at org.junit.runners.ParentRunner.access$000(ParentRunner.java:53)
	at org.junit.runners.ParentRunner$2.evaluate(ParentRunner.java:229)
	at org.junit.runners.ParentRunner.run(ParentRunner.java:309)
	at org.junit.runner.JUnitCore.run(JUnitCore.java:160)
	at org.junit.runner.JUnitCore.run(JUnitCore.java:138)
	at org.junit.runner.JUnitCore.run(JUnitCore.java:117)
	at sbst.benchmark.coverage.TestExecutionTask.call(TestExecutionTask.java:54)
	at sbst.benchmark.coverage.TestExecutionTask.call(TestExecutionTask.java:15)
	at java.util.concurrent.FutureTask.run(FutureTask.java:266)
	at java.util.concurrent.ThreadPoolExecutor.runWorker(ThreadPoolExecutor.java:1149)
	at java.util.concurrent.ThreadPoolExecutor$Worker.run(ThreadPoolExecutor.java:624)
	at java.lang.Thread.run(Thread.java:750)

Failure: [test(org.apache.commons.collections4.trie.analyzer.StringKeyAnalyzer_isPrefix_13259916341): null]
Failing Tests: test(org.apache.commons.collections4.trie.analyzer.StringKeyAnalyzer_isPrefix_13259916341)
java.lang.NullPointerException
	at org.apache.commons.collections4.trie.analyzer.StringKeyAnalyzer.isPrefix(StringKeyAnalyzer.java:132)
	at sun.reflect.NativeMethodAccessorImpl.invoke0(Native Method)
	at sun.reflect.NativeMethodAccessorImpl.invoke(NativeMethodAccessorImpl.java:62)
	at sun.reflect.DelegatingMethodAccessorImpl.invoke(DelegatingMethodAccessorImpl.java:43)
	at java.lang.reflect.Method.invoke(Method.java:498)
	at org.apache.commons.collections4.trie.analyzer.ReflectionUtils.callMethod(ReflectionUtils.java:238)
	at org.apache.commons.collections4.trie.analyzer.StringKeyAnalyzer_isPrefix_13259916341.test(StringKeyAnalyzer_isPrefix_13259916341.java:50)
	at sun.reflect.NativeMethodAccessorImpl.invoke0(Native Method)
	at sun.reflect.NativeMethodAccessorImpl.invoke(NativeMethodAccessorImpl.java:62)
	at sun.reflect.DelegatingMethodAccessorImpl.invoke(DelegatingMethodAccessorImpl.java:43)
	at java.lang.reflect.Method.invoke(Method.java:498)
	at org.junit.runners.model.FrameworkMethod$1.runReflectiveCall(FrameworkMethod.java:47)
	at org.junit.internal.runners.model.ReflectiveCallable.run(ReflectiveCallable.java:12)
	at org.junit.runners.model.FrameworkMethod.invokeExplosively(FrameworkMethod.java:44)
	at org.junit.internal.runners.statements.InvokeMethod.evaluate(InvokeMethod.java:17)
	at org.junit.internal.runners.statements.RunBefores.evaluate(RunBefores.java:26)
	at org.junit.runners.ParentRunner.runLeaf(ParentRunner.java:271)
	at org.junit.runners.BlockJUnit4ClassRunner.runChild(BlockJUnit4ClassRunner.java:70)
	at org.junit.runners.BlockJUnit4ClassRunner.runChild(BlockJUnit4ClassRunner.java:50)
	at org.junit.runners.ParentRunner$3.run(ParentRunner.java:238)
	at org.junit.runners.ParentRunner$1.schedule(ParentRunner.java:63)
	at org.junit.runners.ParentRunner.runChildren(ParentRunner.java:236)
	at org.junit.runners.ParentRunner.access$000(ParentRunner.java:53)
	at org.junit.runners.ParentRunner$2.evaluate(ParentRunner.java:229)
	at org.junit.runners.ParentRunner.run(ParentRunner.java:309)
	at org.junit.runners.Suite.runChild(Suite.java:127)
	at org.junit.runners.Suite.runChild(Suite.java:26)
	at org.junit.runners.ParentRunner$3.run(ParentRunner.java:238)
	at org.junit.runners.ParentRunner$1.schedule(ParentRunner.java:63)
	at org.junit.runners.ParentRunner.runChildren(ParentRunner.java:236)
	at org.junit.runners.ParentRunner.access$000(ParentRunner.java:53)
	at org.junit.runners.ParentRunner$2.evaluate(ParentRunner.java:229)
	at org.junit.runners.ParentRunner.run(ParentRunner.java:309)
	at org.junit.runner.JUnitCore.run(JUnitCore.java:160)
	at org.junit.runner.JUnitCore.run(JUnitCore.java:138)
	at org.junit.runner.JUnitCore.run(JUnitCore.java:117)
	at sbst.benchmark.coverage.TestExecutionTask.call(TestExecutionTask.java:54)
	at sbst.benchmark.coverage.TestExecutionTask.call(TestExecutionTask.java:15)
	at java.util.concurrent.FutureTask.run(FutureTask.java:266)
	at java.util.concurrent.ThreadPoolExecutor.runWorker(ThreadPoolExecutor.java:1149)
	at java.util.concurrent.ThreadPoolExecutor$Worker.run(ThreadPoolExecutor.java:624)
	at java.lang.Thread.run(Thread.java:750)

Executions terminated
Failure: [initializationError(org.apache.commons.collections4.trie.analyzer.EqualityUtils): No runnable methods]
Failing Tests: initializationError(org.apache.commons.collections4.trie.analyzer.EqualityUtils)
java.lang.Exception: No runnable methods
	at org.junit.runners.BlockJUnit4ClassRunner.validateInstanceMethods(BlockJUnit4ClassRunner.java:169)
	at org.junit.runners.BlockJUnit4ClassRunner.collectInitializationErrors(BlockJUnit4ClassRunner.java:104)
	at org.junit.runners.ParentRunner.validate(ParentRunner.java:355)
	at org.junit.runners.ParentRunner.<init>(ParentRunner.java:76)
	at org.junit.runners.BlockJUnit4ClassRunner.<init>(BlockJUnit4ClassRunner.java:57)
	at org.junit.internal.builders.JUnit4Builder.runnerForClass(JUnit4Builder.java:10)
	at org.junit.runners.model.RunnerBuilder.safeRunnerForClass(RunnerBuilder.java:59)
	at org.junit.internal.builders.AllDefaultPossibilitiesBuilder.runnerForClass(AllDefaultPossibilitiesBuilder.java:26)
	at org.junit.runner.Computer.getRunner(Computer.java:40)
	at org.junit.runner.Computer$1.runnerForClass(Computer.java:31)
	at org.junit.runners.model.RunnerBuilder.safeRunnerForClass(RunnerBuilder.java:59)
	at org.junit.runners.model.RunnerBuilder.runners(RunnerBuilder.java:101)
	at org.junit.runners.model.RunnerBuilder.runners(RunnerBuilder.java:87)
	at org.junit.runners.Suite.<init>(Suite.java:80)
	at org.junit.runner.Computer.getSuite(Computer.java:28)
	at org.junit.runner.Request.classes(Request.java:75)
	at org.junit.runner.JUnitCore.run(JUnitCore.java:117)
	at sbst.benchmark.coverage.TestExecutionTask.call(TestExecutionTask.java:54)
	at sbst.benchmark.coverage.TestExecutionTask.call(TestExecutionTask.java:15)
	at java.util.concurrent.FutureTask.run(FutureTask.java:266)
	at java.util.concurrent.ThreadPoolExecutor.runWorker(ThreadPoolExecutor.java:1149)
	at java.util.concurrent.ThreadPoolExecutor$Worker.run(ThreadPoolExecutor.java:624)
	at java.lang.Thread.run(Thread.java:750)

Failure: [initializationError(org.apache.commons.collections4.trie.analyzer.ReflectionUtils): No runnable methods]
Failing Tests: initializationError(org.apache.commons.collections4.trie.analyzer.ReflectionUtils)
java.lang.Exception: No runnable methods
	at org.junit.runners.BlockJUnit4ClassRunner.validateInstanceMethods(BlockJUnit4ClassRunner.java:169)
	at org.junit.runners.BlockJUnit4ClassRunner.collectInitializationErrors(BlockJUnit4ClassRunner.java:104)
	at org.junit.runners.ParentRunner.validate(ParentRunner.java:355)
	at org.junit.runners.ParentRunner.<init>(ParentRunner.java:76)
	at org.junit.runners.BlockJUnit4ClassRunner.<init>(BlockJUnit4ClassRunner.java:57)
	at org.junit.internal.builders.JUnit4Builder.runnerForClass(JUnit4Builder.java:10)
	at org.junit.runners.model.RunnerBuilder.safeRunnerForClass(RunnerBuilder.java:59)
	at org.junit.internal.builders.AllDefaultPossibilitiesBuilder.runnerForClass(AllDefaultPossibilitiesBuilder.java:26)
	at org.junit.runner.Computer.getRunner(Computer.java:40)
	at org.junit.runner.Computer$1.runnerForClass(Computer.java:31)
	at org.junit.runners.model.RunnerBuilder.safeRunnerForClass(RunnerBuilder.java:59)
	at org.junit.runners.model.RunnerBuilder.runners(RunnerBuilder.java:101)
	at org.junit.runners.model.RunnerBuilder.runners(RunnerBuilder.java:87)
	at org.junit.runners.Suite.<init>(Suite.java:80)
	at org.junit.runner.Computer.getSuite(Computer.java:28)
	at org.junit.runner.Request.classes(Request.java:75)
	at org.junit.runner.JUnitCore.run(JUnitCore.java:117)
	at sbst.benchmark.coverage.TestExecutionTask.call(TestExecutionTask.java:54)
	at sbst.benchmark.coverage.TestExecutionTask.call(TestExecutionTask.java:15)
	at java.util.concurrent.FutureTask.run(FutureTask.java:266)
	at java.util.concurrent.ThreadPoolExecutor.runWorker(ThreadPoolExecutor.java:1149)
	at java.util.concurrent.ThreadPoolExecutor$Worker.run(ThreadPoolExecutor.java:624)
	at java.lang.Thread.run(Thread.java:750)

Failure: [test(org.apache.commons.collections4.trie.analyzer.StringKeyAnalyzer_bitIndex_17668662490): The offsets and lengths must be at Character boundaries]
Failing Tests: test(org.apache.commons.collections4.trie.analyzer.StringKeyAnalyzer_bitIndex_17668662490)
java.lang.IllegalArgumentException: The offsets and lengths must be at Character boundaries
	at org.apache.commons.collections4.trie.analyzer.StringKeyAnalyzer.bitIndex(StringKeyAnalyzer.java:62)
	at sun.reflect.NativeMethodAccessorImpl.invoke0(Native Method)
	at sun.reflect.NativeMethodAccessorImpl.invoke(NativeMethodAccessorImpl.java:62)
	at sun.reflect.DelegatingMethodAccessorImpl.invoke(DelegatingMethodAccessorImpl.java:43)
	at java.lang.reflect.Method.invoke(Method.java:498)
	at org.apache.commons.collections4.trie.analyzer.ReflectionUtils.callMethod(ReflectionUtils.java:238)
	at org.apache.commons.collections4.trie.analyzer.StringKeyAnalyzer_bitIndex_17668662490.test(StringKeyAnalyzer_bitIndex_17668662490.java:60)
	at sun.reflect.NativeMethodAccessorImpl.invoke0(Native Method)
	at sun.reflect.NativeMethodAccessorImpl.invoke(NativeMethodAccessorImpl.java:62)
	at sun.reflect.DelegatingMethodAccessorImpl.invoke(DelegatingMethodAccessorImpl.java:43)
	at java.lang.reflect.Method.invoke(Method.java:498)
	at org.junit.runners.model.FrameworkMethod$1.runReflectiveCall(FrameworkMethod.java:47)
	at org.junit.internal.runners.model.ReflectiveCallable.run(ReflectiveCallable.java:12)
	at org.junit.runners.model.FrameworkMethod.invokeExplosively(FrameworkMethod.java:44)
	at org.junit.internal.runners.statements.InvokeMethod.evaluate(InvokeMethod.java:17)
	at org.junit.internal.runners.statements.RunBefores.evaluate(RunBefores.java:26)
	at org.junit.runners.ParentRunner.runLeaf(ParentRunner.java:271)
	at org.junit.runners.BlockJUnit4ClassRunner.runChild(BlockJUnit4ClassRunner.java:70)
	at org.junit.runners.BlockJUnit4ClassRunner.runChild(BlockJUnit4ClassRunner.java:50)
	at org.junit.runners.ParentRunner$3.run(ParentRunner.java:238)
	at org.junit.runners.ParentRunner$1.schedule(ParentRunner.java:63)
	at org.junit.runners.ParentRunner.runChildren(ParentRunner.java:236)
	at org.junit.runners.ParentRunner.access$000(ParentRunner.java:53)
	at org.junit.runners.ParentRunner$2.evaluate(ParentRunner.java:229)
	at org.junit.runners.ParentRunner.run(ParentRunner.java:309)
	at org.junit.runners.Suite.runChild(Suite.java:127)
	at org.junit.runners.Suite.runChild(Suite.java:26)
	at org.junit.runners.ParentRunner$3.run(ParentRunner.java:238)
	at org.junit.runners.ParentRunner$1.schedule(ParentRunner.java:63)
	at org.junit.runners.ParentRunner.runChildren(ParentRunner.java:236)
	at org.junit.runners.ParentRunner.access$000(ParentRunner.java:53)
	at org.junit.runners.ParentRunner$2.evaluate(ParentRunner.java:229)
	at org.junit.runners.ParentRunner.run(ParentRunner.java:309)
	at org.junit.runner.JUnitCore.run(JUnitCore.java:160)
	at org.junit.runner.JUnitCore.run(JUnitCore.java:138)
	at org.junit.runner.JUnitCore.run(JUnitCore.java:117)
	at sbst.benchmark.coverage.TestExecutionTask.call(TestExecutionTask.java:54)
	at sbst.benchmark.coverage.TestExecutionTask.call(TestExecutionTask.java:15)
	at java.util.concurrent.FutureTask.run(FutureTask.java:266)
	at java.util.concurrent.ThreadPoolExecutor.runWorker(ThreadPoolExecutor.java:1149)
	at java.util.concurrent.ThreadPoolExecutor$Worker.run(ThreadPoolExecutor.java:624)
	at java.lang.Thread.run(Thread.java:750)

Failure: [test(org.apache.commons.collections4.trie.analyzer.StringKeyAnalyzer_isPrefix_13259916340): Cannot determine prefix outside of Character boundaries]
Failing Tests: test(org.apache.commons.collections4.trie.analyzer.StringKeyAnalyzer_isPrefix_13259916340)
java.lang.IllegalArgumentException: Cannot determine prefix outside of Character boundaries
	at org.apache.commons.collections4.trie.analyzer.StringKeyAnalyzer.isPrefix(StringKeyAnalyzer.java:128)
	at sun.reflect.NativeMethodAccessorImpl.invoke0(Native Method)
	at sun.reflect.NativeMethodAccessorImpl.invoke(NativeMethodAccessorImpl.java:62)
	at sun.reflect.DelegatingMethodAccessorImpl.invoke(DelegatingMethodAccessorImpl.java:43)
	at java.lang.reflect.Method.invoke(Method.java:498)
	at org.apache.commons.collections4.trie.analyzer.ReflectionUtils.callMethod(ReflectionUtils.java:238)
	at org.apache.commons.collections4.trie.analyzer.StringKeyAnalyzer_isPrefix_13259916340.test(StringKeyAnalyzer_isPrefix_13259916340.java:50)
	at sun.reflect.NativeMethodAccessorImpl.invoke0(Native Method)
	at sun.reflect.NativeMethodAccessorImpl.invoke(NativeMethodAccessorImpl.java:62)
	at sun.reflect.DelegatingMethodAccessorImpl.invoke(DelegatingMethodAccessorImpl.java:43)
	at java.lang.reflect.Method.invoke(Method.java:498)
	at org.junit.runners.model.FrameworkMethod$1.runReflectiveCall(FrameworkMethod.java:47)
	at org.junit.internal.runners.model.ReflectiveCallable.run(ReflectiveCallable.java:12)
	at org.junit.runners.model.FrameworkMethod.invokeExplosively(FrameworkMethod.java:44)
	at org.junit.internal.runners.statements.InvokeMethod.evaluate(InvokeMethod.java:17)
	at org.junit.internal.runners.statements.RunBefores.evaluate(RunBefores.java:26)
	at org.junit.runners.ParentRunner.runLeaf(ParentRunner.java:271)
	at org.junit.runners.BlockJUnit4ClassRunner.runChild(BlockJUnit4ClassRunner.java:70)
	at org.junit.runners.BlockJUnit4ClassRunner.runChild(BlockJUnit4ClassRunner.java:50)
	at org.junit.runners.ParentRunner$3.run(ParentRunner.java:238)
	at org.junit.runners.ParentRunner$1.schedule(ParentRunner.java:63)
	at org.junit.runners.ParentRunner.runChildren(ParentRunner.java:236)
	at org.junit.runners.ParentRunner.access$000(ParentRunner.java:53)
	at org.junit.runners.ParentRunner$2.evaluate(ParentRunner.java:229)
	at org.junit.runners.ParentRunner.run(ParentRunner.java:309)
	at org.junit.runners.Suite.runChild(Suite.java:127)
	at org.junit.runners.Suite.runChild(Suite.java:26)
	at org.junit.runners.ParentRunner$3.run(ParentRunner.java:238)
	at org.junit.runners.ParentRunner$1.schedule(ParentRunner.java:63)
	at org.junit.runners.ParentRunner.runChildren(ParentRunner.java:236)
	at org.junit.runners.ParentRunner.access$000(ParentRunner.java:53)
	at org.junit.runners.ParentRunner$2.evaluate(ParentRunner.java:229)
	at org.junit.runners.ParentRunner.run(ParentRunner.java:309)
	at org.junit.runner.JUnitCore.run(JUnitCore.java:160)
	at org.junit.runner.JUnitCore.run(JUnitCore.java:138)
	at org.junit.runner.JUnitCore.run(JUnitCore.java:117)
	at sbst.benchmark.coverage.TestExecutionTask.call(TestExecutionTask.java:54)
	at sbst.benchmark.coverage.TestExecutionTask.call(TestExecutionTask.java:15)
	at java.util.concurrent.FutureTask.run(FutureTask.java:266)
	at java.util.concurrent.ThreadPoolExecutor.runWorker(ThreadPoolExecutor.java:1149)
	at java.util.concurrent.ThreadPoolExecutor$Worker.run(ThreadPoolExecutor.java:624)
	at java.lang.Thread.run(Thread.java:750)

Failure: [test(org.apache.commons.collections4.trie.analyzer.StringKeyAnalyzer_isPrefix_13259916341): null]
Failing Tests: test(org.apache.commons.collections4.trie.analyzer.StringKeyAnalyzer_isPrefix_13259916341)
java.lang.NullPointerException
	at org.apache.commons.collections4.trie.analyzer.StringKeyAnalyzer.isPrefix(StringKeyAnalyzer.java:132)
	at sun.reflect.NativeMethodAccessorImpl.invoke0(Native Method)
	at sun.reflect.NativeMethodAccessorImpl.invoke(NativeMethodAccessorImpl.java:62)
	at sun.reflect.DelegatingMethodAccessorImpl.invoke(DelegatingMethodAccessorImpl.java:43)
	at java.lang.reflect.Method.invoke(Method.java:498)
	at org.apache.commons.collections4.trie.analyzer.ReflectionUtils.callMethod(ReflectionUtils.java:238)
	at org.apache.commons.collections4.trie.analyzer.StringKeyAnalyzer_isPrefix_13259916341.test(StringKeyAnalyzer_isPrefix_13259916341.java:50)
	at sun.reflect.NativeMethodAccessorImpl.invoke0(Native Method)
	at sun.reflect.NativeMethodAccessorImpl.invoke(NativeMethodAccessorImpl.java:62)
	at sun.reflect.DelegatingMethodAccessorImpl.invoke(DelegatingMethodAccessorImpl.java:43)
	at java.lang.reflect.Method.invoke(Method.java:498)
	at org.junit.runners.model.FrameworkMethod$1.runReflectiveCall(FrameworkMethod.java:47)
	at org.junit.internal.runners.model.ReflectiveCallable.run(ReflectiveCallable.java:12)
	at org.junit.runners.model.FrameworkMethod.invokeExplosively(FrameworkMethod.java:44)
	at org.junit.internal.runners.statements.InvokeMethod.evaluate(InvokeMethod.java:17)
	at org.junit.internal.runners.statements.RunBefores.evaluate(RunBefores.java:26)
	at org.junit.runners.ParentRunner.runLeaf(ParentRunner.java:271)
	at org.junit.runners.BlockJUnit4ClassRunner.runChild(BlockJUnit4ClassRunner.java:70)
	at org.junit.runners.BlockJUnit4ClassRunner.runChild(BlockJUnit4ClassRunner.java:50)
	at org.junit.runners.ParentRunner$3.run(ParentRunner.java:238)
	at org.junit.runners.ParentRunner$1.schedule(ParentRunner.java:63)
	at org.junit.runners.ParentRunner.runChildren(ParentRunner.java:236)
	at org.junit.runners.ParentRunner.access$000(ParentRunner.java:53)
	at org.junit.runners.ParentRunner$2.evaluate(ParentRunner.java:229)
	at org.junit.runners.ParentRunner.run(ParentRunner.java:309)
	at org.junit.runners.Suite.runChild(Suite.java:127)
	at org.junit.runners.Suite.runChild(Suite.java:26)
	at org.junit.runners.ParentRunner$3.run(ParentRunner.java:238)
	at org.junit.runners.ParentRunner$1.schedule(ParentRunner.java:63)
	at org.junit.runners.ParentRunner.runChildren(ParentRunner.java:236)
	at org.junit.runners.ParentRunner.access$000(ParentRunner.java:53)
	at org.junit.runners.ParentRunner$2.evaluate(ParentRunner.java:229)
	at org.junit.runners.ParentRunner.run(ParentRunner.java:309)
	at org.junit.runner.JUnitCore.run(JUnitCore.java:160)
	at org.junit.runner.JUnitCore.run(JUnitCore.java:138)
	at org.junit.runner.JUnitCore.run(JUnitCore.java:117)
	at sbst.benchmark.coverage.TestExecutionTask.call(TestExecutionTask.java:54)
	at sbst.benchmark.coverage.TestExecutionTask.call(TestExecutionTask.java:15)
	at java.util.concurrent.FutureTask.run(FutureTask.java:266)
	at java.util.concurrent.ThreadPoolExecutor.runWorker(ThreadPoolExecutor.java:1149)
	at java.util.concurrent.ThreadPoolExecutor$Worker.run(ThreadPoolExecutor.java:624)
	at java.lang.Thread.run(Thread.java:750)

Running the tests: [SBSTDummyForCoverageAndMutationCalculation, org.apache.commons.collections4.trie.analyzer.EqualityUtils, org.apache.commons.collections4.trie.analyzer.ReflectionUtils, org.apache.commons.collections4.trie.analyzer.StringKeyAnalyzer_bitIndex_17668662490, org.apache.commons.collections4.trie.analyzer.StringKeyAnalyzer_bitIndex_17668662491, org.apache.commons.collections4.trie.analyzer.StringKeyAnalyzer_bitsPerElement_13390379110, org.apache.commons.collections4.trie.analyzer.StringKeyAnalyzer_bitsPerElement_13390379111, org.apache.commons.collections4.trie.analyzer.StringKeyAnalyzer_init_3398555440, org.apache.commons.collections4.trie.analyzer.StringKeyAnalyzer_init_3398555441, org.apache.commons.collections4.trie.analyzer.StringKeyAnalyzer_isBitSet_12100038540, org.apache.commons.collections4.trie.analyzer.StringKeyAnalyzer_isBitSet_12100038541, org.apache.commons.collections4.trie.analyzer.StringKeyAnalyzer_isPrefix_13259916340, org.apache.commons.collections4.trie.analyzer.StringKeyAnalyzer_isPrefix_13259916341, org.apache.commons.collections4.trie.analyzer.StringKeyAnalyzer_lengthInBits_17866944960, org.apache.commons.collections4.trie.analyzer.StringKeyAnalyzer_lengthInBits_17866944961, org.apache.commons.collections4.trie.analyzer.StringKeyAnalyzer_mask_1122172800, org.apache.commons.collections4.trie.analyzer.StringKeyAnalyzer_mask_1122172801]
Executions terminated
Running the tests: [SBSTDummyForCoverageAndMutationCalculation, org.apache.commons.collections4.trie.analyzer.EqualityUtils, org.apache.commons.collections4.trie.analyzer.ReflectionUtils, org.apache.commons.collections4.trie.analyzer.StringKeyAnalyzer_bitIndex_17668662490, org.apache.commons.collections4.trie.analyzer.StringKeyAnalyzer_bitIndex_17668662491, org.apache.commons.collections4.trie.analyzer.StringKeyAnalyzer_bitsPerElement_13390379110, org.apache.commons.collections4.trie.analyzer.StringKeyAnalyzer_bitsPerElement_13390379111, org.apache.commons.collections4.trie.analyzer.StringKeyAnalyzer_init_3398555440, org.apache.commons.collections4.trie.analyzer.StringKeyAnalyzer_init_3398555441, org.apache.commons.collections4.trie.analyzer.StringKeyAnalyzer_isBitSet_12100038540, org.apache.commons.collections4.trie.analyzer.StringKeyAnalyzer_isBitSet_12100038541, org.apache.commons.collections4.trie.analyzer.StringKeyAnalyzer_isPrefix_13259916340, org.apache.commons.collections4.trie.analyzer.StringKeyAnalyzer_isPrefix_13259916341, org.apache.commons.collections4.trie.analyzer.StringKeyAnalyzer_lengthInBits_17866944960, org.apache.commons.collections4.trie.analyzer.StringKeyAnalyzer_lengthInBits_17866944961, org.apache.commons.collections4.trie.analyzer.StringKeyAnalyzer_mask_1122172800, org.apache.commons.collections4.trie.analyzer.StringKeyAnalyzer_mask_1122172801]
Failure: [initializationError(org.apache.commons.collections4.trie.analyzer.EqualityUtils): No runnable methods]
Failing Tests: initializationError(org.apache.commons.collections4.trie.analyzer.EqualityUtils)
java.lang.Exception: No runnable methods
	at org.junit.runners.BlockJUnit4ClassRunner.validateInstanceMethods(BlockJUnit4ClassRunner.java:169)
	at org.junit.runners.BlockJUnit4ClassRunner.collectInitializationErrors(BlockJUnit4ClassRunner.java:104)
	at org.junit.runners.ParentRunner.validate(ParentRunner.java:355)
	at org.junit.runners.ParentRunner.<init>(ParentRunner.java:76)
	at org.junit.runners.BlockJUnit4ClassRunner.<init>(BlockJUnit4ClassRunner.java:57)
	at org.junit.internal.builders.JUnit4Builder.runnerForClass(JUnit4Builder.java:10)
	at org.junit.runners.model.RunnerBuilder.safeRunnerForClass(RunnerBuilder.java:59)
	at org.junit.internal.builders.AllDefaultPossibilitiesBuilder.runnerForClass(AllDefaultPossibilitiesBuilder.java:26)
	at org.junit.runner.Computer.getRunner(Computer.java:40)
	at org.junit.runner.Computer$1.runnerForClass(Computer.java:31)
	at org.junit.runners.model.RunnerBuilder.safeRunnerForClass(RunnerBuilder.java:59)
	at org.junit.runners.model.RunnerBuilder.runners(RunnerBuilder.java:101)
	at org.junit.runners.model.RunnerBuilder.runners(RunnerBuilder.java:87)
	at org.junit.runners.Suite.<init>(Suite.java:80)
	at org.junit.runner.Computer.getSuite(Computer.java:28)
	at org.junit.runner.Request.classes(Request.java:75)
	at org.junit.runner.JUnitCore.run(JUnitCore.java:117)
	at sbst.benchmark.coverage.TestExecutionTask.call(TestExecutionTask.java:54)
	at sbst.benchmark.coverage.TestExecutionTask.call(TestExecutionTask.java:15)
	at java.util.concurrent.FutureTask.run(FutureTask.java:266)
	at java.util.concurrent.ThreadPoolExecutor.runWorker(ThreadPoolExecutor.java:1149)
	at java.util.concurrent.ThreadPoolExecutor$Worker.run(ThreadPoolExecutor.java:624)
	at java.lang.Thread.run(Thread.java:750)

Failure: [initializationError(org.apache.commons.collections4.trie.analyzer.ReflectionUtils): No runnable methods]
Failing Tests: initializationError(org.apache.commons.collections4.trie.analyzer.ReflectionUtils)
java.lang.Exception: No runnable methods
	at org.junit.runners.BlockJUnit4ClassRunner.validateInstanceMethods(BlockJUnit4ClassRunner.java:169)
	at org.junit.runners.BlockJUnit4ClassRunner.collectInitializationErrors(BlockJUnit4ClassRunner.java:104)
	at org.junit.runners.ParentRunner.validate(ParentRunner.java:355)
	at org.junit.runners.ParentRunner.<init>(ParentRunner.java:76)
	at org.junit.runners.BlockJUnit4ClassRunner.<init>(BlockJUnit4ClassRunner.java:57)
	at org.junit.internal.builders.JUnit4Builder.runnerForClass(JUnit4Builder.java:10)
	at org.junit.runners.model.RunnerBuilder.safeRunnerForClass(RunnerBuilder.java:59)
	at org.junit.internal.builders.AllDefaultPossibilitiesBuilder.runnerForClass(AllDefaultPossibilitiesBuilder.java:26)
	at org.junit.runner.Computer.getRunner(Computer.java:40)
	at org.junit.runner.Computer$1.runnerForClass(Computer.java:31)
	at org.junit.runners.model.RunnerBuilder.safeRunnerForClass(RunnerBuilder.java:59)
	at org.junit.runners.model.RunnerBuilder.runners(RunnerBuilder.java:101)
	at org.junit.runners.model.RunnerBuilder.runners(RunnerBuilder.java:87)
	at org.junit.runners.Suite.<init>(Suite.java:80)
	at org.junit.runner.Computer.getSuite(Computer.java:28)
	at org.junit.runner.Request.classes(Request.java:75)
	at org.junit.runner.JUnitCore.run(JUnitCore.java:117)
	at sbst.benchmark.coverage.TestExecutionTask.call(TestExecutionTask.java:54)
	at sbst.benchmark.coverage.TestExecutionTask.call(TestExecutionTask.java:15)
	at java.util.concurrent.FutureTask.run(FutureTask.java:266)
	at java.util.concurrent.ThreadPoolExecutor.runWorker(ThreadPoolExecutor.java:1149)
	at java.util.concurrent.ThreadPoolExecutor$Worker.run(ThreadPoolExecutor.java:624)
	at java.lang.Thread.run(Thread.java:750)

Failure: [test(org.apache.commons.collections4.trie.analyzer.StringKeyAnalyzer_bitIndex_17668662490): The offsets and lengths must be at Character boundaries]
Failing Tests: test(org.apache.commons.collections4.trie.analyzer.StringKeyAnalyzer_bitIndex_17668662490)
java.lang.IllegalArgumentException: The offsets and lengths must be at Character boundaries
	at org.apache.commons.collections4.trie.analyzer.StringKeyAnalyzer.bitIndex(StringKeyAnalyzer.java:62)
	at sun.reflect.NativeMethodAccessorImpl.invoke0(Native Method)
	at sun.reflect.NativeMethodAccessorImpl.invoke(NativeMethodAccessorImpl.java:62)
	at sun.reflect.DelegatingMethodAccessorImpl.invoke(DelegatingMethodAccessorImpl.java:43)
	at java.lang.reflect.Method.invoke(Method.java:498)
	at org.apache.commons.collections4.trie.analyzer.ReflectionUtils.callMethod(ReflectionUtils.java:238)
	at org.apache.commons.collections4.trie.analyzer.StringKeyAnalyzer_bitIndex_17668662490.test(StringKeyAnalyzer_bitIndex_17668662490.java:60)
	at sun.reflect.NativeMethodAccessorImpl.invoke0(Native Method)
	at sun.reflect.NativeMethodAccessorImpl.invoke(NativeMethodAccessorImpl.java:62)
	at sun.reflect.DelegatingMethodAccessorImpl.invoke(DelegatingMethodAccessorImpl.java:43)
	at java.lang.reflect.Method.invoke(Method.java:498)
	at org.junit.runners.model.FrameworkMethod$1.runReflectiveCall(FrameworkMethod.java:47)
	at org.junit.internal.runners.model.ReflectiveCallable.run(ReflectiveCallable.java:12)
	at org.junit.runners.model.FrameworkMethod.invokeExplosively(FrameworkMethod.java:44)
	at org.junit.internal.runners.statements.InvokeMethod.evaluate(InvokeMethod.java:17)
	at org.junit.internal.runners.statements.RunBefores.evaluate(RunBefores.java:26)
	at org.junit.runners.ParentRunner.runLeaf(ParentRunner.java:271)
	at org.junit.runners.BlockJUnit4ClassRunner.runChild(BlockJUnit4ClassRunner.java:70)
	at org.junit.runners.BlockJUnit4ClassRunner.runChild(BlockJUnit4ClassRunner.java:50)
	at org.junit.runners.ParentRunner$3.run(ParentRunner.java:238)
	at org.junit.runners.ParentRunner$1.schedule(ParentRunner.java:63)
	at org.junit.runners.ParentRunner.runChildren(ParentRunner.java:236)
	at org.junit.runners.ParentRunner.access$000(ParentRunner.java:53)
	at org.junit.runners.ParentRunner$2.evaluate(ParentRunner.java:229)
	at org.junit.runners.ParentRunner.run(ParentRunner.java:309)
	at org.junit.runners.Suite.runChild(Suite.java:127)
	at org.junit.runners.Suite.runChild(Suite.java:26)
	at org.junit.runners.ParentRunner$3.run(ParentRunner.java:238)
	at org.junit.runners.ParentRunner$1.schedule(ParentRunner.java:63)
	at org.junit.runners.ParentRunner.runChildren(ParentRunner.java:236)
	at org.junit.runners.ParentRunner.access$000(ParentRunner.java:53)
	at org.junit.runners.ParentRunner$2.evaluate(ParentRunner.java:229)
	at org.junit.runners.ParentRunner.run(ParentRunner.java:309)
	at org.junit.runner.JUnitCore.run(JUnitCore.java:160)
	at org.junit.runner.JUnitCore.run(JUnitCore.java:138)
	at org.junit.runner.JUnitCore.run(JUnitCore.java:117)
	at sbst.benchmark.coverage.TestExecutionTask.call(TestExecutionTask.java:54)
	at sbst.benchmark.coverage.TestExecutionTask.call(TestExecutionTask.java:15)
	at java.util.concurrent.FutureTask.run(FutureTask.java:266)
	at java.util.concurrent.ThreadPoolExecutor.runWorker(ThreadPoolExecutor.java:1149)
	at java.util.concurrent.ThreadPoolExecutor$Worker.run(ThreadPoolExecutor.java:624)
	at java.lang.Thread.run(Thread.java:750)

Failure: [test(org.apache.commons.collections4.trie.analyzer.StringKeyAnalyzer_isPrefix_13259916340): Cannot determine prefix outside of Character boundaries]
Failing Tests: test(org.apache.commons.collections4.trie.analyzer.StringKeyAnalyzer_isPrefix_13259916340)
java.lang.IllegalArgumentException: Cannot determine prefix outside of Character boundaries
	at org.apache.commons.collections4.trie.analyzer.StringKeyAnalyzer.isPrefix(StringKeyAnalyzer.java:128)
	at sun.reflect.NativeMethodAccessorImpl.invoke0(Native Method)
	at sun.reflect.NativeMethodAccessorImpl.invoke(NativeMethodAccessorImpl.java:62)
	at sun.reflect.DelegatingMethodAccessorImpl.invoke(DelegatingMethodAccessorImpl.java:43)
	at java.lang.reflect.Method.invoke(Method.java:498)
	at org.apache.commons.collections4.trie.analyzer.ReflectionUtils.callMethod(ReflectionUtils.java:238)
	at org.apache.commons.collections4.trie.analyzer.StringKeyAnalyzer_isPrefix_13259916340.test(StringKeyAnalyzer_isPrefix_13259916340.java:50)
	at sun.reflect.NativeMethodAccessorImpl.invoke0(Native Method)
	at sun.reflect.NativeMethodAccessorImpl.invoke(NativeMethodAccessorImpl.java:62)
	at sun.reflect.DelegatingMethodAccessorImpl.invoke(DelegatingMethodAccessorImpl.java:43)
	at java.lang.reflect.Method.invoke(Method.java:498)
	at org.junit.runners.model.FrameworkMethod$1.runReflectiveCall(FrameworkMethod.java:47)
	at org.junit.internal.runners.model.ReflectiveCallable.run(ReflectiveCallable.java:12)
	at org.junit.runners.model.FrameworkMethod.invokeExplosively(FrameworkMethod.java:44)
	at org.junit.internal.runners.statements.InvokeMethod.evaluate(InvokeMethod.java:17)
	at org.junit.internal.runners.statements.RunBefores.evaluate(RunBefores.java:26)
	at org.junit.runners.ParentRunner.runLeaf(ParentRunner.java:271)
	at org.junit.runners.BlockJUnit4ClassRunner.runChild(BlockJUnit4ClassRunner.java:70)
	at org.junit.runners.BlockJUnit4ClassRunner.runChild(BlockJUnit4ClassRunner.java:50)
	at org.junit.runners.ParentRunner$3.run(ParentRunner.java:238)
	at org.junit.runners.ParentRunner$1.schedule(ParentRunner.java:63)
	at org.junit.runners.ParentRunner.runChildren(ParentRunner.java:236)
	at org.junit.runners.ParentRunner.access$000(ParentRunner.java:53)
	at org.junit.runners.ParentRunner$2.evaluate(ParentRunner.java:229)
	at org.junit.runners.ParentRunner.run(ParentRunner.java:309)
	at org.junit.runners.Suite.runChild(Suite.java:127)
	at org.junit.runners.Suite.runChild(Suite.java:26)
	at org.junit.runners.ParentRunner$3.run(ParentRunner.java:238)
	at org.junit.runners.ParentRunner$1.schedule(ParentRunner.java:63)
	at org.junit.runners.ParentRunner.runChildren(ParentRunner.java:236)
	at org.junit.runners.ParentRunner.access$000(ParentRunner.java:53)
	at org.junit.runners.ParentRunner$2.evaluate(ParentRunner.java:229)
	at org.junit.runners.ParentRunner.run(ParentRunner.java:309)
	at org.junit.runner.JUnitCore.run(JUnitCore.java:160)
	at org.junit.runner.JUnitCore.run(JUnitCore.java:138)
	at org.junit.runner.JUnitCore.run(JUnitCore.java:117)
	at sbst.benchmark.coverage.TestExecutionTask.call(TestExecutionTask.java:54)
	at sbst.benchmark.coverage.TestExecutionTask.call(TestExecutionTask.java:15)
	at java.util.concurrent.FutureTask.run(FutureTask.java:266)
	at java.util.concurrent.ThreadPoolExecutor.runWorker(ThreadPoolExecutor.java:1149)
	at java.util.concurrent.ThreadPoolExecutor$Worker.run(ThreadPoolExecutor.java:624)
	at java.lang.Thread.run(Thread.java:750)

Failure: [test(org.apache.commons.collections4.trie.analyzer.StringKeyAnalyzer_isPrefix_13259916341): null]
Failing Tests: test(org.apache.commons.collections4.trie.analyzer.StringKeyAnalyzer_isPrefix_13259916341)
java.lang.NullPointerException
	at org.apache.commons.collections4.trie.analyzer.StringKeyAnalyzer.isPrefix(StringKeyAnalyzer.java:132)
	at sun.reflect.NativeMethodAccessorImpl.invoke0(Native Method)
	at sun.reflect.NativeMethodAccessorImpl.invoke(NativeMethodAccessorImpl.java:62)
	at sun.reflect.DelegatingMethodAccessorImpl.invoke(DelegatingMethodAccessorImpl.java:43)
	at java.lang.reflect.Method.invoke(Method.java:498)
	at org.apache.commons.collections4.trie.analyzer.ReflectionUtils.callMethod(ReflectionUtils.java:238)
	at org.apache.commons.collections4.trie.analyzer.StringKeyAnalyzer_isPrefix_13259916341.test(StringKeyAnalyzer_isPrefix_13259916341.java:50)
	at sun.reflect.NativeMethodAccessorImpl.invoke0(Native Method)
	at sun.reflect.NativeMethodAccessorImpl.invoke(NativeMethodAccessorImpl.java:62)
	at sun.reflect.DelegatingMethodAccessorImpl.invoke(DelegatingMethodAccessorImpl.java:43)
	at java.lang.reflect.Method.invoke(Method.java:498)
	at org.junit.runners.model.FrameworkMethod$1.runReflectiveCall(FrameworkMethod.java:47)
	at org.junit.internal.runners.model.ReflectiveCallable.run(ReflectiveCallable.java:12)
	at org.junit.runners.model.FrameworkMethod.invokeExplosively(FrameworkMethod.java:44)
	at org.junit.internal.runners.statements.InvokeMethod.evaluate(InvokeMethod.java:17)
	at org.junit.internal.runners.statements.RunBefores.evaluate(RunBefores.java:26)
	at org.junit.runners.ParentRunner.runLeaf(ParentRunner.java:271)
	at org.junit.runners.BlockJUnit4ClassRunner.runChild(BlockJUnit4ClassRunner.java:70)
	at org.junit.runners.BlockJUnit4ClassRunner.runChild(BlockJUnit4ClassRunner.java:50)
	at org.junit.runners.ParentRunner$3.run(ParentRunner.java:238)
	at org.junit.runners.ParentRunner$1.schedule(ParentRunner.java:63)
	at org.junit.runners.ParentRunner.runChildren(ParentRunner.java:236)
	at org.junit.runners.ParentRunner.access$000(ParentRunner.java:53)
	at org.junit.runners.ParentRunner$2.evaluate(ParentRunner.java:229)
	at org.junit.runners.ParentRunner.run(ParentRunner.java:309)
	at org.junit.runners.Suite.runChild(Suite.java:127)
	at org.junit.runners.Suite.runChild(Suite.java:26)
	at org.junit.runners.ParentRunner$3.run(ParentRunner.java:238)
	at org.junit.runners.ParentRunner$1.schedule(ParentRunner.java:63)
	at org.junit.runners.ParentRunner.runChildren(ParentRunner.java:236)
	at org.junit.runners.ParentRunner.access$000(ParentRunner.java:53)
	at org.junit.runners.ParentRunner$2.evaluate(ParentRunner.java:229)
	at org.junit.runners.ParentRunner.run(ParentRunner.java:309)
	at org.junit.runner.JUnitCore.run(JUnitCore.java:160)
	at org.junit.runner.JUnitCore.run(JUnitCore.java:138)
	at org.junit.runner.JUnitCore.run(JUnitCore.java:117)
	at sbst.benchmark.coverage.TestExecutionTask.call(TestExecutionTask.java:54)
	at sbst.benchmark.coverage.TestExecutionTask.call(TestExecutionTask.java:15)
	at java.util.concurrent.FutureTask.run(FutureTask.java:266)
	at java.util.concurrent.ThreadPoolExecutor.runWorker(ThreadPoolExecutor.java:1149)
	at java.util.concurrent.ThreadPoolExecutor$Worker.run(ThreadPoolExecutor.java:624)
	at java.lang.Thread.run(Thread.java:750)

Executions terminated
Failure: [initializationError(org.apache.commons.collections4.trie.analyzer.EqualityUtils): No runnable methods]
Failing Tests: initializationError(org.apache.commons.collections4.trie.analyzer.EqualityUtils)
java.lang.Exception: No runnable methods
	at org.junit.runners.BlockJUnit4ClassRunner.validateInstanceMethods(BlockJUnit4ClassRunner.java:169)
	at org.junit.runners.BlockJUnit4ClassRunner.collectInitializationErrors(BlockJUnit4ClassRunner.java:104)
	at org.junit.runners.ParentRunner.validate(ParentRunner.java:355)
	at org.junit.runners.ParentRunner.<init>(ParentRunner.java:76)
	at org.junit.runners.BlockJUnit4ClassRunner.<init>(BlockJUnit4ClassRunner.java:57)
	at org.junit.internal.builders.JUnit4Builder.runnerForClass(JUnit4Builder.java:10)
	at org.junit.runners.model.RunnerBuilder.safeRunnerForClass(RunnerBuilder.java:59)
	at org.junit.internal.builders.AllDefaultPossibilitiesBuilder.runnerForClass(AllDefaultPossibilitiesBuilder.java:26)
	at org.junit.runner.Computer.getRunner(Computer.java:40)
	at org.junit.runner.Computer$1.runnerForClass(Computer.java:31)
	at org.junit.runners.model.RunnerBuilder.safeRunnerForClass(RunnerBuilder.java:59)
	at org.junit.runners.model.RunnerBuilder.runners(RunnerBuilder.java:101)
	at org.junit.runners.model.RunnerBuilder.runners(RunnerBuilder.java:87)
	at org.junit.runners.Suite.<init>(Suite.java:80)
	at org.junit.runner.Computer.getSuite(Computer.java:28)
	at org.junit.runner.Request.classes(Request.java:75)
	at org.junit.runner.JUnitCore.run(JUnitCore.java:117)
	at sbst.benchmark.coverage.TestExecutionTask.call(TestExecutionTask.java:54)
	at sbst.benchmark.coverage.TestExecutionTask.call(TestExecutionTask.java:15)
	at java.util.concurrent.FutureTask.run(FutureTask.java:266)
	at java.util.concurrent.ThreadPoolExecutor.runWorker(ThreadPoolExecutor.java:1149)
	at java.util.concurrent.ThreadPoolExecutor$Worker.run(ThreadPoolExecutor.java:624)
	at java.lang.Thread.run(Thread.java:750)

Failure: [initializationError(org.apache.commons.collections4.trie.analyzer.ReflectionUtils): No runnable methods]
Failing Tests: initializationError(org.apache.commons.collections4.trie.analyzer.ReflectionUtils)
java.lang.Exception: No runnable methods
	at org.junit.runners.BlockJUnit4ClassRunner.validateInstanceMethods(BlockJUnit4ClassRunner.java:169)
	at org.junit.runners.BlockJUnit4ClassRunner.collectInitializationErrors(BlockJUnit4ClassRunner.java:104)
	at org.junit.runners.ParentRunner.validate(ParentRunner.java:355)
	at org.junit.runners.ParentRunner.<init>(ParentRunner.java:76)
	at org.junit.runners.BlockJUnit4ClassRunner.<init>(BlockJUnit4ClassRunner.java:57)
	at org.junit.internal.builders.JUnit4Builder.runnerForClass(JUnit4Builder.java:10)
	at org.junit.runners.model.RunnerBuilder.safeRunnerForClass(RunnerBuilder.java:59)
	at org.junit.internal.builders.AllDefaultPossibilitiesBuilder.runnerForClass(AllDefaultPossibilitiesBuilder.java:26)
	at org.junit.runner.Computer.getRunner(Computer.java:40)
	at org.junit.runner.Computer$1.runnerForClass(Computer.java:31)
	at org.junit.runners.model.RunnerBuilder.safeRunnerForClass(RunnerBuilder.java:59)
	at org.junit.runners.model.RunnerBuilder.runners(RunnerBuilder.java:101)
	at org.junit.runners.model.RunnerBuilder.runners(RunnerBuilder.java:87)
	at org.junit.runners.Suite.<init>(Suite.java:80)
	at org.junit.runner.Computer.getSuite(Computer.java:28)
	at org.junit.runner.Request.classes(Request.java:75)
	at org.junit.runner.JUnitCore.run(JUnitCore.java:117)
	at sbst.benchmark.coverage.TestExecutionTask.call(TestExecutionTask.java:54)
	at sbst.benchmark.coverage.TestExecutionTask.call(TestExecutionTask.java:15)
	at java.util.concurrent.FutureTask.run(FutureTask.java:266)
	at java.util.concurrent.ThreadPoolExecutor.runWorker(ThreadPoolExecutor.java:1149)
	at java.util.concurrent.ThreadPoolExecutor$Worker.run(ThreadPoolExecutor.java:624)
	at java.lang.Thread.run(Thread.java:750)

Failure: [test(org.apache.commons.collections4.trie.analyzer.StringKeyAnalyzer_bitIndex_17668662490): The offsets and lengths must be at Character boundaries]
Failing Tests: test(org.apache.commons.collections4.trie.analyzer.StringKeyAnalyzer_bitIndex_17668662490)
java.lang.IllegalArgumentException: The offsets and lengths must be at Character boundaries
	at org.apache.commons.collections4.trie.analyzer.StringKeyAnalyzer.bitIndex(StringKeyAnalyzer.java:62)
	at sun.reflect.NativeMethodAccessorImpl.invoke0(Native Method)
	at sun.reflect.NativeMethodAccessorImpl.invoke(NativeMethodAccessorImpl.java:62)
	at sun.reflect.DelegatingMethodAccessorImpl.invoke(DelegatingMethodAccessorImpl.java:43)
	at java.lang.reflect.Method.invoke(Method.java:498)
	at org.apache.commons.collections4.trie.analyzer.ReflectionUtils.callMethod(ReflectionUtils.java:238)
	at org.apache.commons.collections4.trie.analyzer.StringKeyAnalyzer_bitIndex_17668662490.test(StringKeyAnalyzer_bitIndex_17668662490.java:60)
	at sun.reflect.NativeMethodAccessorImpl.invoke0(Native Method)
	at sun.reflect.NativeMethodAccessorImpl.invoke(NativeMethodAccessorImpl.java:62)
	at sun.reflect.DelegatingMethodAccessorImpl.invoke(DelegatingMethodAccessorImpl.java:43)
	at java.lang.reflect.Method.invoke(Method.java:498)
	at org.junit.runners.model.FrameworkMethod$1.runReflectiveCall(FrameworkMethod.java:47)
	at org.junit.internal.runners.model.ReflectiveCallable.run(ReflectiveCallable.java:12)
	at org.junit.runners.model.FrameworkMethod.invokeExplosively(FrameworkMethod.java:44)
	at org.junit.internal.runners.statements.InvokeMethod.evaluate(InvokeMethod.java:17)
	at org.junit.internal.runners.statements.RunBefores.evaluate(RunBefores.java:26)
	at org.junit.runners.ParentRunner.runLeaf(ParentRunner.java:271)
	at org.junit.runners.BlockJUnit4ClassRunner.runChild(BlockJUnit4ClassRunner.java:70)
	at org.junit.runners.BlockJUnit4ClassRunner.runChild(BlockJUnit4ClassRunner.java:50)
	at org.junit.runners.ParentRunner$3.run(ParentRunner.java:238)
	at org.junit.runners.ParentRunner$1.schedule(ParentRunner.java:63)
	at org.junit.runners.ParentRunner.runChildren(ParentRunner.java:236)
	at org.junit.runners.ParentRunner.access$000(ParentRunner.java:53)
	at org.junit.runners.ParentRunner$2.evaluate(ParentRunner.java:229)
	at org.junit.runners.ParentRunner.run(ParentRunner.java:309)
	at org.junit.runners.Suite.runChild(Suite.java:127)
	at org.junit.runners.Suite.runChild(Suite.java:26)
	at org.junit.runners.ParentRunner$3.run(ParentRunner.java:238)
	at org.junit.runners.ParentRunner$1.schedule(ParentRunner.java:63)
	at org.junit.runners.ParentRunner.runChildren(ParentRunner.java:236)
	at org.junit.runners.ParentRunner.access$000(ParentRunner.java:53)
	at org.junit.runners.ParentRunner$2.evaluate(ParentRunner.java:229)
	at org.junit.runners.ParentRunner.run(ParentRunner.java:309)
	at org.junit.runner.JUnitCore.run(JUnitCore.java:160)
	at org.junit.runner.JUnitCore.run(JUnitCore.java:138)
	at org.junit.runner.JUnitCore.run(JUnitCore.java:117)
	at sbst.benchmark.coverage.TestExecutionTask.call(TestExecutionTask.java:54)
	at sbst.benchmark.coverage.TestExecutionTask.call(TestExecutionTask.java:15)
	at java.util.concurrent.FutureTask.run(FutureTask.java:266)
	at java.util.concurrent.ThreadPoolExecutor.runWorker(ThreadPoolExecutor.java:1149)
	at java.util.concurrent.ThreadPoolExecutor$Worker.run(ThreadPoolExecutor.java:624)
	at java.lang.Thread.run(Thread.java:750)

Failure: [test(org.apache.commons.collections4.trie.analyzer.StringKeyAnalyzer_isPrefix_13259916340): Cannot determine prefix outside of Character boundaries]
Failing Tests: test(org.apache.commons.collections4.trie.analyzer.StringKeyAnalyzer_isPrefix_13259916340)
java.lang.IllegalArgumentException: Cannot determine prefix outside of Character boundaries
	at org.apache.commons.collections4.trie.analyzer.StringKeyAnalyzer.isPrefix(StringKeyAnalyzer.java:128)
	at sun.reflect.NativeMethodAccessorImpl.invoke0(Native Method)
	at sun.reflect.NativeMethodAccessorImpl.invoke(NativeMethodAccessorImpl.java:62)
	at sun.reflect.DelegatingMethodAccessorImpl.invoke(DelegatingMethodAccessorImpl.java:43)
	at java.lang.reflect.Method.invoke(Method.java:498)
	at org.apache.commons.collections4.trie.analyzer.ReflectionUtils.callMethod(ReflectionUtils.java:238)
	at org.apache.commons.collections4.trie.analyzer.StringKeyAnalyzer_isPrefix_13259916340.test(StringKeyAnalyzer_isPrefix_13259916340.java:50)
	at sun.reflect.NativeMethodAccessorImpl.invoke0(Native Method)
	at sun.reflect.NativeMethodAccessorImpl.invoke(NativeMethodAccessorImpl.java:62)
	at sun.reflect.DelegatingMethodAccessorImpl.invoke(DelegatingMethodAccessorImpl.java:43)
	at java.lang.reflect.Method.invoke(Method.java:498)
	at org.junit.runners.model.FrameworkMethod$1.runReflectiveCall(FrameworkMethod.java:47)
	at org.junit.internal.runners.model.ReflectiveCallable.run(ReflectiveCallable.java:12)
	at org.junit.runners.model.FrameworkMethod.invokeExplosively(FrameworkMethod.java:44)
	at org.junit.internal.runners.statements.InvokeMethod.evaluate(InvokeMethod.java:17)
	at org.junit.internal.runners.statements.RunBefores.evaluate(RunBefores.java:26)
	at org.junit.runners.ParentRunner.runLeaf(ParentRunner.java:271)
	at org.junit.runners.BlockJUnit4ClassRunner.runChild(BlockJUnit4ClassRunner.java:70)
	at org.junit.runners.BlockJUnit4ClassRunner.runChild(BlockJUnit4ClassRunner.java:50)
	at org.junit.runners.ParentRunner$3.run(ParentRunner.java:238)
	at org.junit.runners.ParentRunner$1.schedule(ParentRunner.java:63)
	at org.junit.runners.ParentRunner.runChildren(ParentRunner.java:236)
	at org.junit.runners.ParentRunner.access$000(ParentRunner.java:53)
	at org.junit.runners.ParentRunner$2.evaluate(ParentRunner.java:229)
	at org.junit.runners.ParentRunner.run(ParentRunner.java:309)
	at org.junit.runners.Suite.runChild(Suite.java:127)
	at org.junit.runners.Suite.runChild(Suite.java:26)
	at org.junit.runners.ParentRunner$3.run(ParentRunner.java:238)
	at org.junit.runners.ParentRunner$1.schedule(ParentRunner.java:63)
	at org.junit.runners.ParentRunner.runChildren(ParentRunner.java:236)
	at org.junit.runners.ParentRunner.access$000(ParentRunner.java:53)
	at org.junit.runners.ParentRunner$2.evaluate(ParentRunner.java:229)
	at org.junit.runners.ParentRunner.run(ParentRunner.java:309)
	at org.junit.runner.JUnitCore.run(JUnitCore.java:160)
	at org.junit.runner.JUnitCore.run(JUnitCore.java:138)
	at org.junit.runner.JUnitCore.run(JUnitCore.java:117)
	at sbst.benchmark.coverage.TestExecutionTask.call(TestExecutionTask.java:54)
	at sbst.benchmark.coverage.TestExecutionTask.call(TestExecutionTask.java:15)
	at java.util.concurrent.FutureTask.run(FutureTask.java:266)
	at java.util.concurrent.ThreadPoolExecutor.runWorker(ThreadPoolExecutor.java:1149)
	at java.util.concurrent.ThreadPoolExecutor$Worker.run(ThreadPoolExecutor.java:624)
	at java.lang.Thread.run(Thread.java:750)

Failure: [test(org.apache.commons.collections4.trie.analyzer.StringKeyAnalyzer_isPrefix_13259916341): null]
Failing Tests: test(org.apache.commons.collections4.trie.analyzer.StringKeyAnalyzer_isPrefix_13259916341)
java.lang.NullPointerException
	at org.apache.commons.collections4.trie.analyzer.StringKeyAnalyzer.isPrefix(StringKeyAnalyzer.java:132)
	at sun.reflect.NativeMethodAccessorImpl.invoke0(Native Method)
	at sun.reflect.NativeMethodAccessorImpl.invoke(NativeMethodAccessorImpl.java:62)
	at sun.reflect.DelegatingMethodAccessorImpl.invoke(DelegatingMethodAccessorImpl.java:43)
	at java.lang.reflect.Method.invoke(Method.java:498)
	at org.apache.commons.collections4.trie.analyzer.ReflectionUtils.callMethod(ReflectionUtils.java:238)
	at org.apache.commons.collections4.trie.analyzer.StringKeyAnalyzer_isPrefix_13259916341.test(StringKeyAnalyzer_isPrefix_13259916341.java:50)
	at sun.reflect.NativeMethodAccessorImpl.invoke0(Native Method)
	at sun.reflect.NativeMethodAccessorImpl.invoke(NativeMethodAccessorImpl.java:62)
	at sun.reflect.DelegatingMethodAccessorImpl.invoke(DelegatingMethodAccessorImpl.java:43)
	at java.lang.reflect.Method.invoke(Method.java:498)
	at org.junit.runners.model.FrameworkMethod$1.runReflectiveCall(FrameworkMethod.java:47)
	at org.junit.internal.runners.model.ReflectiveCallable.run(ReflectiveCallable.java:12)
	at org.junit.runners.model.FrameworkMethod.invokeExplosively(FrameworkMethod.java:44)
	at org.junit.internal.runners.statements.InvokeMethod.evaluate(InvokeMethod.java:17)
	at org.junit.internal.runners.statements.RunBefores.evaluate(RunBefores.java:26)
	at org.junit.runners.ParentRunner.runLeaf(ParentRunner.java:271)
	at org.junit.runners.BlockJUnit4ClassRunner.runChild(BlockJUnit4ClassRunner.java:70)
	at org.junit.runners.BlockJUnit4ClassRunner.runChild(BlockJUnit4ClassRunner.java:50)
	at org.junit.runners.ParentRunner$3.run(ParentRunner.java:238)
	at org.junit.runners.ParentRunner$1.schedule(ParentRunner.java:63)
	at org.junit.runners.ParentRunner.runChildren(ParentRunner.java:236)
	at org.junit.runners.ParentRunner.access$000(ParentRunner.java:53)
	at org.junit.runners.ParentRunner$2.evaluate(ParentRunner.java:229)
	at org.junit.runners.ParentRunner.run(ParentRunner.java:309)
	at org.junit.runners.Suite.runChild(Suite.java:127)
	at org.junit.runners.Suite.runChild(Suite.java:26)
	at org.junit.runners.ParentRunner$3.run(ParentRunner.java:238)
	at org.junit.runners.ParentRunner$1.schedule(ParentRunner.java:63)
	at org.junit.runners.ParentRunner.runChildren(ParentRunner.java:236)
	at org.junit.runners.ParentRunner.access$000(ParentRunner.java:53)
	at org.junit.runners.ParentRunner$2.evaluate(ParentRunner.java:229)
	at org.junit.runners.ParentRunner.run(ParentRunner.java:309)
	at org.junit.runner.JUnitCore.run(JUnitCore.java:160)
	at org.junit.runner.JUnitCore.run(JUnitCore.java:138)
	at org.junit.runner.JUnitCore.run(JUnitCore.java:117)
	at sbst.benchmark.coverage.TestExecutionTask.call(TestExecutionTask.java:54)
	at sbst.benchmark.coverage.TestExecutionTask.call(TestExecutionTask.java:15)
	at java.util.concurrent.FutureTask.run(FutureTask.java:266)
	at java.util.concurrent.ThreadPoolExecutor.runWorker(ThreadPoolExecutor.java:1149)
	at java.util.concurrent.ThreadPoolExecutor$Worker.run(ThreadPoolExecutor.java:624)
	at java.lang.Thread.run(Thread.java:750)


=== Run Jacoco for Coverage ===
Number of instrumented file = 8644
Running tests with the following classpath: 
/home/kex/results_kex_120/COLLECTIONS-17_1/temp/testcases/commons-collections4-4.5-SNAPSHOT_instrumented.jar:/home/kex/results_kex_120/COLLECTIONS-17_1/temp/testcases/error_prone_annotations-2.18.0_instrumented.jar:/home/kex/results_kex_120/COLLECTIONS-17_1/temp/testcases/junit-jupiter-params-5.9.3_instrumented.jar:/home/kex/results_kex_120/COLLECTIONS-17_1/temp/testcases/hamcrest-core-1.3_instrumented.jar:/home/kex/results_kex_120/COLLECTIONS-17_1/temp/testcases/easymock-5.1.0_instrumented.jar:/home/kex/results_kex_120/COLLECTIONS-17_1/temp/testcases/checker-qual-3.33.0_instrumented.jar:/home/kex/results_kex_120/COLLECTIONS-17_1/temp/testcases/junit-jupiter-engine-5.9.3_instrumented.jar:/home/kex/results_kex_120/COLLECTIONS-17_1/temp/testcases/junit-platform-engine-1.9.3_instrumented.jar:/home/kex/results_kex_120/COLLECTIONS-17_1/temp/testcases/commons-lang3-3.13.0_instrumented.jar:/home/kex/results_kex_120/COLLECTIONS-17_1/temp/testcases/listenablefuture-9999.0-empty-to-avoid-conflict-with-guava_instrumented.jar:/home/kex/results_kex_120/COLLECTIONS-17_1/temp/testcases/junit-jupiter-api-5.9.3_instrumented.jar:/home/kex/results_kex_120/COLLECTIONS-17_1/temp/testcases/commons-codec-1.16.0_instrumented.jar:/home/kex/results_kex_120/COLLECTIONS-17_1/temp/testcases/apiguardian-api-1.1.2_instrumented.jar:/home/kex/results_kex_120/COLLECTIONS-17_1/temp/testcases/opentest4j-1.2.0_instrumented.jar:/home/kex/results_kex_120/COLLECTIONS-17_1/temp/testcases/failureaccess-1.0.1_instrumented.jar:/home/kex/results_kex_120/COLLECTIONS-17_1/temp/testcases/jsr305-3.0.2_instrumented.jar:/home/kex/results_kex_120/COLLECTIONS-17_1/temp/testcases/objenesis-3.3_instrumented.jar:/home/kex/results_kex_120/COLLECTIONS-17_1/temp/testcases/guava-testlib-32.1.2-jre_instrumented.jar:/home/kex/results_kex_120/COLLECTIONS-17_1/temp/testcases/j2objc-annotations-2.8_instrumented.jar:/home/kex/results_kex_120/COLLECTIONS-17_1/temp/testcases/hamcrest-2.2_instrumented.jar:/home/kex/results_kex_120/COLLECTIONS-17_1/temp/testcases/junit-4.13.2_instrumented.jar:/home/kex/results_kex_120/COLLECTIONS-17_1/temp/testcases/commons-io-2.13.0_instrumented.jar:/home/kex/results_kex_120/COLLECTIONS-17_1/temp/testcases/guava-32.1.2-jre_instrumented.jar:/usr/local/bin/lib/hamcrest-core.jar:/usr/local/bin/lib/junit.jar:/home/kex/results_kex_120/COLLECTIONS-17_1/temp/testcases/bin
Running the tests: [SBSTDummyForCoverageAndMutationCalculation, org.apache.commons.collections4.trie.analyzer.EqualityUtils, org.apache.commons.collections4.trie.analyzer.ReflectionUtils, org.apache.commons.collections4.trie.analyzer.StringKeyAnalyzer_bitIndex_17668662490, org.apache.commons.collections4.trie.analyzer.StringKeyAnalyzer_bitIndex_17668662491, org.apache.commons.collections4.trie.analyzer.StringKeyAnalyzer_bitsPerElement_13390379110, org.apache.commons.collections4.trie.analyzer.StringKeyAnalyzer_bitsPerElement_13390379111, org.apache.commons.collections4.trie.analyzer.StringKeyAnalyzer_init_3398555440, org.apache.commons.collections4.trie.analyzer.StringKeyAnalyzer_init_3398555441, org.apache.commons.collections4.trie.analyzer.StringKeyAnalyzer_isBitSet_12100038540, org.apache.commons.collections4.trie.analyzer.StringKeyAnalyzer_isBitSet_12100038541, org.apache.commons.collections4.trie.analyzer.StringKeyAnalyzer_isPrefix_13259916340, org.apache.commons.collections4.trie.analyzer.StringKeyAnalyzer_isPrefix_13259916341, org.apache.commons.collections4.trie.analyzer.StringKeyAnalyzer_lengthInBits_17866944960, org.apache.commons.collections4.trie.analyzer.StringKeyAnalyzer_lengthInBits_17866944961, org.apache.commons.collections4.trie.analyzer.StringKeyAnalyzer_mask_1122172800, org.apache.commons.collections4.trie.analyzer.StringKeyAnalyzer_mask_1122172801]
Executions terminated
Number of file with coverage information = 566
Extracted coverage data for the class org/apache/commons/collections4/trie/analyzer/StringKeyAnalyzer
Number of file with coverage information = 26
Number of file with coverage information = 343
Number of file with coverage information = 45
Number of file with coverage information = 2827
Number of file with coverage information = 358
Number of file with coverage information = 134
Number of file with coverage information = 127
Number of file with coverage information = 390
Number of file with coverage information = 0
Number of file with coverage information = 179
Number of file with coverage information = 109
Number of file with coverage information = 3
Number of file with coverage information = 7
Number of file with coverage information = 2
Number of file with coverage information = 35
Number of file with coverage information = 43
Number of file with coverage information = 630
Number of file with coverage information = 13
Number of file with coverage information = 108
Number of file with coverage information = 350
Number of file with coverage information = 329
Number of file with coverage information = 2020

=== Run PIT ===
Matching Jacoco with PIT: find covered mutations
Executing Mutation Analysis using 56 mutants 
Evaluating mutant 24218355 using tests: [org.apache.commons.collections4.trie.analyzer.EqualityUtils, org.apache.commons.collections4.trie.analyzer.ReflectionUtils, org.apache.commons.collections4.trie.analyzer.StringKeyAnalyzer_bitIndex_17668662490, org.apache.commons.collections4.trie.analyzer.StringKeyAnalyzer_bitIndex_17668662491, org.apache.commons.collections4.trie.analyzer.StringKeyAnalyzer_bitsPerElement_13390379110, org.apache.commons.collections4.trie.analyzer.StringKeyAnalyzer_bitsPerElement_13390379111, org.apache.commons.collections4.trie.analyzer.StringKeyAnalyzer_init_3398555440, org.apache.commons.collections4.trie.analyzer.StringKeyAnalyzer_init_3398555441, org.apache.commons.collections4.trie.analyzer.StringKeyAnalyzer_isBitSet_12100038540, org.apache.commons.collections4.trie.analyzer.StringKeyAnalyzer_isBitSet_12100038541, org.apache.commons.collections4.trie.analyzer.StringKeyAnalyzer_isPrefix_13259916340, org.apache.commons.collections4.trie.analyzer.StringKeyAnalyzer_isPrefix_13259916341, org.apache.commons.collections4.trie.analyzer.StringKeyAnalyzer_lengthInBits_17866944960, org.apache.commons.collections4.trie.analyzer.StringKeyAnalyzer_lengthInBits_17866944961, org.apache.commons.collections4.trie.analyzer.StringKeyAnalyzer_mask_1122172800, org.apache.commons.collections4.trie.analyzer.StringKeyAnalyzer_mask_1122172801]

 CP : /usr/local/bin/lib/junit.jar:/usr/local/bin/lib/hamcrest-core.jar:results_kex_120/COLLECTIONS-17_1/temp/testcases/mutated_code/SUT:/home/kex/results_kex_120/COLLECTIONS-17_1/temp/testcases/bin:results_kex_120/COLLECTIONS-17_1/temp/testcases/mutated_code/CUT0

Failed test initializationError(org.apache.commons.collections4.trie.analyzer.EqualityUtils)
	 flaky test, ignore !
Failed test initializationError(org.apache.commons.collections4.trie.analyzer.ReflectionUtils)
	 flaky test, ignore !
Failed test test(org.apache.commons.collections4.trie.analyzer.StringKeyAnalyzer_bitIndex_17668662490)
	 flaky test, ignore !
Failed test test(org.apache.commons.collections4.trie.analyzer.StringKeyAnalyzer_bitIndex_17668662491)
	 actual test, will stop test execution !
TestExec4MutationTask: Mutant MutationIdentifier [location=Location [clazz=org.apache.commons.collections4.trie.analyzer.StringKeyAnalyzer, method=bitIndex, methodDesc=(Ljava/lang/String;IILjava/lang/String;II)I], indexes=[22], mutator=org.pitest.mutationtest.engine.gregor.mutators.NegateConditionalsMutator] killed by test (org.apache.commons.collections4.trie.analyzer.StringKeyAnalyzer_bitIndex_17668662491),test)
Evaluating mutant 1034641321 using tests: [org.apache.commons.collections4.trie.analyzer.EqualityUtils, org.apache.commons.collections4.trie.analyzer.ReflectionUtils, org.apache.commons.collections4.trie.analyzer.StringKeyAnalyzer_bitIndex_17668662490, org.apache.commons.collections4.trie.analyzer.StringKeyAnalyzer_bitIndex_17668662491, org.apache.commons.collections4.trie.analyzer.StringKeyAnalyzer_bitsPerElement_13390379110, org.apache.commons.collections4.trie.analyzer.StringKeyAnalyzer_bitsPerElement_13390379111, org.apache.commons.collections4.trie.analyzer.StringKeyAnalyzer_init_3398555440, org.apache.commons.collections4.trie.analyzer.StringKeyAnalyzer_init_3398555441, org.apache.commons.collections4.trie.analyzer.StringKeyAnalyzer_isBitSet_12100038540, org.apache.commons.collections4.trie.analyzer.StringKeyAnalyzer_isBitSet_12100038541, org.apache.commons.collections4.trie.analyzer.StringKeyAnalyzer_isPrefix_13259916340, org.apache.commons.collections4.trie.analyzer.StringKeyAnalyzer_isPrefix_13259916341, org.apache.commons.collections4.trie.analyzer.StringKeyAnalyzer_lengthInBits_17866944960, org.apache.commons.collections4.trie.analyzer.StringKeyAnalyzer_lengthInBits_17866944961, org.apache.commons.collections4.trie.analyzer.StringKeyAnalyzer_mask_1122172800, org.apache.commons.collections4.trie.analyzer.StringKeyAnalyzer_mask_1122172801]

 CP : /usr/local/bin/lib/junit.jar:/usr/local/bin/lib/hamcrest-core.jar:results_kex_120/COLLECTIONS-17_1/temp/testcases/mutated_code/SUT:/home/kex/results_kex_120/COLLECTIONS-17_1/temp/testcases/bin:results_kex_120/COLLECTIONS-17_1/temp/testcases/mutated_code/CUT1

Failed test initializationError(org.apache.commons.collections4.trie.analyzer.EqualityUtils)
	 flaky test, ignore !
Failed test initializationError(org.apache.commons.collections4.trie.analyzer.ReflectionUtils)
	 flaky test, ignore !
Failed test test(org.apache.commons.collections4.trie.analyzer.StringKeyAnalyzer_bitIndex_17668662490)
	 flaky test, ignore !
Failed test test(org.apache.commons.collections4.trie.analyzer.StringKeyAnalyzer_bitIndex_17668662491)
	 actual test, will stop test execution !
TestExec4MutationTask: Mutant MutationIdentifier [location=Location [clazz=org.apache.commons.collections4.trie.analyzer.StringKeyAnalyzer, method=isBitSet, methodDesc=(Ljava/lang/String;II)Z], indexes=[12], mutator=org.pitest.mutationtest.engine.gregor.mutators.ReturnValsMutator] killed by test (org.apache.commons.collections4.trie.analyzer.StringKeyAnalyzer_bitIndex_17668662491),test)
Evaluating mutant 762520695 using tests: [org.apache.commons.collections4.trie.analyzer.EqualityUtils, org.apache.commons.collections4.trie.analyzer.ReflectionUtils, org.apache.commons.collections4.trie.analyzer.StringKeyAnalyzer_bitIndex_17668662490, org.apache.commons.collections4.trie.analyzer.StringKeyAnalyzer_bitIndex_17668662491, org.apache.commons.collections4.trie.analyzer.StringKeyAnalyzer_bitsPerElement_13390379110, org.apache.commons.collections4.trie.analyzer.StringKeyAnalyzer_bitsPerElement_13390379111, org.apache.commons.collections4.trie.analyzer.StringKeyAnalyzer_init_3398555440, org.apache.commons.collections4.trie.analyzer.StringKeyAnalyzer_init_3398555441, org.apache.commons.collections4.trie.analyzer.StringKeyAnalyzer_isBitSet_12100038540, org.apache.commons.collections4.trie.analyzer.StringKeyAnalyzer_isBitSet_12100038541, org.apache.commons.collections4.trie.analyzer.StringKeyAnalyzer_isPrefix_13259916340, org.apache.commons.collections4.trie.analyzer.StringKeyAnalyzer_isPrefix_13259916341, org.apache.commons.collections4.trie.analyzer.StringKeyAnalyzer_lengthInBits_17866944960, org.apache.commons.collections4.trie.analyzer.StringKeyAnalyzer_lengthInBits_17866944961, org.apache.commons.collections4.trie.analyzer.StringKeyAnalyzer_mask_1122172800, org.apache.commons.collections4.trie.analyzer.StringKeyAnalyzer_mask_1122172801]

 CP : /usr/local/bin/lib/junit.jar:/usr/local/bin/lib/hamcrest-core.jar:results_kex_120/COLLECTIONS-17_1/temp/testcases/mutated_code/SUT:/home/kex/results_kex_120/COLLECTIONS-17_1/temp/testcases/bin:results_kex_120/COLLECTIONS-17_1/temp/testcases/mutated_code/CUT2

Failed test initializationError(org.apache.commons.collections4.trie.analyzer.EqualityUtils)
	 flaky test, ignore !
Failed test initializationError(org.apache.commons.collections4.trie.analyzer.ReflectionUtils)
	 flaky test, ignore !
Failed test test(org.apache.commons.collections4.trie.analyzer.StringKeyAnalyzer_bitIndex_17668662490)
	 flaky test, ignore !
Failed test test(org.apache.commons.collections4.trie.analyzer.StringKeyAnalyzer_bitIndex_17668662491)
	 actual test, will stop test execution !
TestExec4MutationTask: Mutant MutationIdentifier [location=Location [clazz=org.apache.commons.collections4.trie.analyzer.StringKeyAnalyzer, method=lengthInBits, methodDesc=(Ljava/lang/String;)I], indexes=[4], mutator=org.pitest.mutationtest.engine.gregor.mutators.NegateConditionalsMutator] killed by test (org.apache.commons.collections4.trie.analyzer.StringKeyAnalyzer_bitIndex_17668662491),test)
Evaluating mutant -39367838 using tests: [org.apache.commons.collections4.trie.analyzer.EqualityUtils, org.apache.commons.collections4.trie.analyzer.ReflectionUtils, org.apache.commons.collections4.trie.analyzer.StringKeyAnalyzer_bitIndex_17668662490, org.apache.commons.collections4.trie.analyzer.StringKeyAnalyzer_bitIndex_17668662491, org.apache.commons.collections4.trie.analyzer.StringKeyAnalyzer_bitsPerElement_13390379110, org.apache.commons.collections4.trie.analyzer.StringKeyAnalyzer_bitsPerElement_13390379111, org.apache.commons.collections4.trie.analyzer.StringKeyAnalyzer_init_3398555440, org.apache.commons.collections4.trie.analyzer.StringKeyAnalyzer_init_3398555441, org.apache.commons.collections4.trie.analyzer.StringKeyAnalyzer_isBitSet_12100038540, org.apache.commons.collections4.trie.analyzer.StringKeyAnalyzer_isBitSet_12100038541, org.apache.commons.collections4.trie.analyzer.StringKeyAnalyzer_isPrefix_13259916340, org.apache.commons.collections4.trie.analyzer.StringKeyAnalyzer_isPrefix_13259916341, org.apache.commons.collections4.trie.analyzer.StringKeyAnalyzer_lengthInBits_17866944960, org.apache.commons.collections4.trie.analyzer.StringKeyAnalyzer_lengthInBits_17866944961, org.apache.commons.collections4.trie.analyzer.StringKeyAnalyzer_mask_1122172800, org.apache.commons.collections4.trie.analyzer.StringKeyAnalyzer_mask_1122172801]

 CP : /usr/local/bin/lib/junit.jar:/usr/local/bin/lib/hamcrest-core.jar:results_kex_120/COLLECTIONS-17_1/temp/testcases/mutated_code/SUT:/home/kex/results_kex_120/COLLECTIONS-17_1/temp/testcases/bin:results_kex_120/COLLECTIONS-17_1/temp/testcases/mutated_code/CUT3

Failed test initializationError(org.apache.commons.collections4.trie.analyzer.EqualityUtils)
	 flaky test, ignore !
Failed test initializationError(org.apache.commons.collections4.trie.analyzer.ReflectionUtils)
	 flaky test, ignore !
Failed test test(org.apache.commons.collections4.trie.analyzer.StringKeyAnalyzer_bitIndex_17668662490)
	 flaky test, ignore !
Failed test test(org.apache.commons.collections4.trie.analyzer.StringKeyAnalyzer_bitIndex_17668662491)
	 actual test, will stop test execution !
TestExec4MutationTask: Mutant MutationIdentifier [location=Location [clazz=org.apache.commons.collections4.trie.analyzer.StringKeyAnalyzer, method=lengthInBits, methodDesc=(Ljava/lang/String;)I], indexes=[8], mutator=org.pitest.mutationtest.engine.gregor.mutators.MathMutator] killed by test (org.apache.commons.collections4.trie.analyzer.StringKeyAnalyzer_bitIndex_17668662491),test)
Evaluating mutant -1279341445 using tests: [org.apache.commons.collections4.trie.analyzer.EqualityUtils, org.apache.commons.collections4.trie.analyzer.ReflectionUtils, org.apache.commons.collections4.trie.analyzer.StringKeyAnalyzer_bitIndex_17668662490, org.apache.commons.collections4.trie.analyzer.StringKeyAnalyzer_bitIndex_17668662491, org.apache.commons.collections4.trie.analyzer.StringKeyAnalyzer_bitsPerElement_13390379110, org.apache.commons.collections4.trie.analyzer.StringKeyAnalyzer_bitsPerElement_13390379111, org.apache.commons.collections4.trie.analyzer.StringKeyAnalyzer_init_3398555440, org.apache.commons.collections4.trie.analyzer.StringKeyAnalyzer_init_3398555441, org.apache.commons.collections4.trie.analyzer.StringKeyAnalyzer_isBitSet_12100038540, org.apache.commons.collections4.trie.analyzer.StringKeyAnalyzer_isBitSet_12100038541, org.apache.commons.collections4.trie.analyzer.StringKeyAnalyzer_isPrefix_13259916340, org.apache.commons.collections4.trie.analyzer.StringKeyAnalyzer_isPrefix_13259916341, org.apache.commons.collections4.trie.analyzer.StringKeyAnalyzer_lengthInBits_17866944960, org.apache.commons.collections4.trie.analyzer.StringKeyAnalyzer_lengthInBits_17866944961, org.apache.commons.collections4.trie.analyzer.StringKeyAnalyzer_mask_1122172800, org.apache.commons.collections4.trie.analyzer.StringKeyAnalyzer_mask_1122172801]

 CP : /usr/local/bin/lib/junit.jar:/usr/local/bin/lib/hamcrest-core.jar:results_kex_120/COLLECTIONS-17_1/temp/testcases/mutated_code/SUT:/home/kex/results_kex_120/COLLECTIONS-17_1/temp/testcases/bin:results_kex_120/COLLECTIONS-17_1/temp/testcases/mutated_code/CUT4

Failed test initializationError(org.apache.commons.collections4.trie.analyzer.EqualityUtils)
	 flaky test, ignore !
Failed test initializationError(org.apache.commons.collections4.trie.analyzer.ReflectionUtils)
	 flaky test, ignore !
Failed test test(org.apache.commons.collections4.trie.analyzer.StringKeyAnalyzer_bitIndex_17668662490)
	 flaky test, ignore !
Failed test test(org.apache.commons.collections4.trie.analyzer.StringKeyAnalyzer_bitIndex_17668662491)
	 actual test, will stop test execution !
TestExec4MutationTask: Mutant MutationIdentifier [location=Location [clazz=org.apache.commons.collections4.trie.analyzer.StringKeyAnalyzer, method=bitIndex, methodDesc=(Ljava/lang/String;IILjava/lang/String;II)I], indexes=[177], mutator=org.pitest.mutationtest.engine.gregor.mutators.ReturnValsMutator] killed by test (org.apache.commons.collections4.trie.analyzer.StringKeyAnalyzer_bitIndex_17668662491),test)
Evaluating mutant -513141022 using tests: [org.apache.commons.collections4.trie.analyzer.EqualityUtils, org.apache.commons.collections4.trie.analyzer.ReflectionUtils, org.apache.commons.collections4.trie.analyzer.StringKeyAnalyzer_bitIndex_17668662490, org.apache.commons.collections4.trie.analyzer.StringKeyAnalyzer_bitIndex_17668662491, org.apache.commons.collections4.trie.analyzer.StringKeyAnalyzer_bitsPerElement_13390379110, org.apache.commons.collections4.trie.analyzer.StringKeyAnalyzer_bitsPerElement_13390379111, org.apache.commons.collections4.trie.analyzer.StringKeyAnalyzer_init_3398555440, org.apache.commons.collections4.trie.analyzer.StringKeyAnalyzer_init_3398555441, org.apache.commons.collections4.trie.analyzer.StringKeyAnalyzer_isBitSet_12100038540, org.apache.commons.collections4.trie.analyzer.StringKeyAnalyzer_isBitSet_12100038541, org.apache.commons.collections4.trie.analyzer.StringKeyAnalyzer_isPrefix_13259916340, org.apache.commons.collections4.trie.analyzer.StringKeyAnalyzer_isPrefix_13259916341, org.apache.commons.collections4.trie.analyzer.StringKeyAnalyzer_lengthInBits_17866944960, org.apache.commons.collections4.trie.analyzer.StringKeyAnalyzer_lengthInBits_17866944961, org.apache.commons.collections4.trie.analyzer.StringKeyAnalyzer_mask_1122172800, org.apache.commons.collections4.trie.analyzer.StringKeyAnalyzer_mask_1122172801]

 CP : /usr/local/bin/lib/junit.jar:/usr/local/bin/lib/hamcrest-core.jar:results_kex_120/COLLECTIONS-17_1/temp/testcases/mutated_code/SUT:/home/kex/results_kex_120/COLLECTIONS-17_1/temp/testcases/bin:results_kex_120/COLLECTIONS-17_1/temp/testcases/mutated_code/CUT5

Failed test initializationError(org.apache.commons.collections4.trie.analyzer.EqualityUtils)
	 flaky test, ignore !
Failed test initializationError(org.apache.commons.collections4.trie.analyzer.ReflectionUtils)
	 flaky test, ignore !
Failed test test(org.apache.commons.collections4.trie.analyzer.StringKeyAnalyzer_bitIndex_17668662490)
	 flaky test, ignore !
Failed test test(org.apache.commons.collections4.trie.analyzer.StringKeyAnalyzer_bitIndex_17668662491)
	 actual test, will stop test execution !
TestExec4MutationTask: Mutant MutationIdentifier [location=Location [clazz=org.apache.commons.collections4.trie.analyzer.StringKeyAnalyzer, method=bitsPerElement, methodDesc=()I], indexes=[4], mutator=org.pitest.mutationtest.engine.gregor.mutators.ReturnValsMutator] killed by test (org.apache.commons.collections4.trie.analyzer.StringKeyAnalyzer_bitIndex_17668662491),test)
Evaluating mutant -2041664378 using tests: [org.apache.commons.collections4.trie.analyzer.EqualityUtils, org.apache.commons.collections4.trie.analyzer.ReflectionUtils, org.apache.commons.collections4.trie.analyzer.StringKeyAnalyzer_bitIndex_17668662490, org.apache.commons.collections4.trie.analyzer.StringKeyAnalyzer_bitIndex_17668662491, org.apache.commons.collections4.trie.analyzer.StringKeyAnalyzer_bitsPerElement_13390379110, org.apache.commons.collections4.trie.analyzer.StringKeyAnalyzer_bitsPerElement_13390379111, org.apache.commons.collections4.trie.analyzer.StringKeyAnalyzer_init_3398555440, org.apache.commons.collections4.trie.analyzer.StringKeyAnalyzer_init_3398555441, org.apache.commons.collections4.trie.analyzer.StringKeyAnalyzer_isBitSet_12100038540, org.apache.commons.collections4.trie.analyzer.StringKeyAnalyzer_isBitSet_12100038541, org.apache.commons.collections4.trie.analyzer.StringKeyAnalyzer_isPrefix_13259916340, org.apache.commons.collections4.trie.analyzer.StringKeyAnalyzer_isPrefix_13259916341, org.apache.commons.collections4.trie.analyzer.StringKeyAnalyzer_lengthInBits_17866944960, org.apache.commons.collections4.trie.analyzer.StringKeyAnalyzer_lengthInBits_17866944961, org.apache.commons.collections4.trie.analyzer.StringKeyAnalyzer_mask_1122172800, org.apache.commons.collections4.trie.analyzer.StringKeyAnalyzer_mask_1122172801]

 CP : /usr/local/bin/lib/junit.jar:/usr/local/bin/lib/hamcrest-core.jar:results_kex_120/COLLECTIONS-17_1/temp/testcases/mutated_code/SUT:/home/kex/results_kex_120/COLLECTIONS-17_1/temp/testcases/bin:results_kex_120/COLLECTIONS-17_1/temp/testcases/mutated_code/CUT6

Failed test initializationError(org.apache.commons.collections4.trie.analyzer.EqualityUtils)
	 flaky test, ignore !
Failed test initializationError(org.apache.commons.collections4.trie.analyzer.ReflectionUtils)
	 flaky test, ignore !
Failed test test(org.apache.commons.collections4.trie.analyzer.StringKeyAnalyzer_bitIndex_17668662490)
	 flaky test, ignore !
Failed test test(org.apache.commons.collections4.trie.analyzer.StringKeyAnalyzer_bitIndex_17668662491)
	 actual test, will stop test execution !
TestExec4MutationTask: Mutant MutationIdentifier [location=Location [clazz=org.apache.commons.collections4.trie.analyzer.StringKeyAnalyzer, method=bitIndex, methodDesc=(Ljava/lang/String;IILjava/lang/String;II)I], indexes=[81], mutator=org.pitest.mutationtest.engine.gregor.mutators.ConditionalsBoundaryMutator] killed by test (org.apache.commons.collections4.trie.analyzer.StringKeyAnalyzer_bitIndex_17668662491),test)
Evaluating mutant -777654802 using tests: [org.apache.commons.collections4.trie.analyzer.EqualityUtils, org.apache.commons.collections4.trie.analyzer.ReflectionUtils, org.apache.commons.collections4.trie.analyzer.StringKeyAnalyzer_bitIndex_17668662490, org.apache.commons.collections4.trie.analyzer.StringKeyAnalyzer_bitIndex_17668662491, org.apache.commons.collections4.trie.analyzer.StringKeyAnalyzer_bitsPerElement_13390379110, org.apache.commons.collections4.trie.analyzer.StringKeyAnalyzer_bitsPerElement_13390379111, org.apache.commons.collections4.trie.analyzer.StringKeyAnalyzer_init_3398555440, org.apache.commons.collections4.trie.analyzer.StringKeyAnalyzer_init_3398555441, org.apache.commons.collections4.trie.analyzer.StringKeyAnalyzer_isBitSet_12100038540, org.apache.commons.collections4.trie.analyzer.StringKeyAnalyzer_isBitSet_12100038541, org.apache.commons.collections4.trie.analyzer.StringKeyAnalyzer_isPrefix_13259916340, org.apache.commons.collections4.trie.analyzer.StringKeyAnalyzer_isPrefix_13259916341, org.apache.commons.collections4.trie.analyzer.StringKeyAnalyzer_lengthInBits_17866944960, org.apache.commons.collections4.trie.analyzer.StringKeyAnalyzer_lengthInBits_17866944961, org.apache.commons.collections4.trie.analyzer.StringKeyAnalyzer_mask_1122172800, org.apache.commons.collections4.trie.analyzer.StringKeyAnalyzer_mask_1122172801]

 CP : /usr/local/bin/lib/junit.jar:/usr/local/bin/lib/hamcrest-core.jar:results_kex_120/COLLECTIONS-17_1/temp/testcases/mutated_code/SUT:/home/kex/results_kex_120/COLLECTIONS-17_1/temp/testcases/bin:results_kex_120/COLLECTIONS-17_1/temp/testcases/mutated_code/CUT7

Failed test initializationError(org.apache.commons.collections4.trie.analyzer.EqualityUtils)
	 flaky test, ignore !
Failed test initializationError(org.apache.commons.collections4.trie.analyzer.ReflectionUtils)
	 flaky test, ignore !
Failed test test(org.apache.commons.collections4.trie.analyzer.StringKeyAnalyzer_bitIndex_17668662490)
	 flaky test, ignore !
Failed test test(org.apache.commons.collections4.trie.analyzer.StringKeyAnalyzer_bitIndex_17668662491)
	 actual test, will stop test execution !
TestExec4MutationTask: Mutant MutationIdentifier [location=Location [clazz=org.apache.commons.collections4.trie.analyzer.StringKeyAnalyzer, method=bitIndex, methodDesc=(Ljava/lang/String;IILjava/lang/String;II)I], indexes=[42], mutator=org.pitest.mutationtest.engine.gregor.mutators.MathMutator] killed by test (org.apache.commons.collections4.trie.analyzer.StringKeyAnalyzer_bitIndex_17668662491),test)
Evaluating mutant -777660568 using tests: [org.apache.commons.collections4.trie.analyzer.EqualityUtils, org.apache.commons.collections4.trie.analyzer.ReflectionUtils, org.apache.commons.collections4.trie.analyzer.StringKeyAnalyzer_bitIndex_17668662490, org.apache.commons.collections4.trie.analyzer.StringKeyAnalyzer_bitIndex_17668662491, org.apache.commons.collections4.trie.analyzer.StringKeyAnalyzer_bitsPerElement_13390379110, org.apache.commons.collections4.trie.analyzer.StringKeyAnalyzer_bitsPerElement_13390379111, org.apache.commons.collections4.trie.analyzer.StringKeyAnalyzer_init_3398555440, org.apache.commons.collections4.trie.analyzer.StringKeyAnalyzer_init_3398555441, org.apache.commons.collections4.trie.analyzer.StringKeyAnalyzer_isBitSet_12100038540, org.apache.commons.collections4.trie.analyzer.StringKeyAnalyzer_isBitSet_12100038541, org.apache.commons.collections4.trie.analyzer.StringKeyAnalyzer_isPrefix_13259916340, org.apache.commons.collections4.trie.analyzer.StringKeyAnalyzer_isPrefix_13259916341, org.apache.commons.collections4.trie.analyzer.StringKeyAnalyzer_lengthInBits_17866944960, org.apache.commons.collections4.trie.analyzer.StringKeyAnalyzer_lengthInBits_17866944961, org.apache.commons.collections4.trie.analyzer.StringKeyAnalyzer_mask_1122172800, org.apache.commons.collections4.trie.analyzer.StringKeyAnalyzer_mask_1122172801]

 CP : /usr/local/bin/lib/junit.jar:/usr/local/bin/lib/hamcrest-core.jar:results_kex_120/COLLECTIONS-17_1/temp/testcases/mutated_code/SUT:/home/kex/results_kex_120/COLLECTIONS-17_1/temp/testcases/bin:results_kex_120/COLLECTIONS-17_1/temp/testcases/mutated_code/CUT8

Failed test initializationError(org.apache.commons.collections4.trie.analyzer.EqualityUtils)
	 flaky test, ignore !
Failed test initializationError(org.apache.commons.collections4.trie.analyzer.ReflectionUtils)
	 flaky test, ignore !
Failed test test(org.apache.commons.collections4.trie.analyzer.StringKeyAnalyzer_bitIndex_17668662490)
	 flaky test, ignore !
Failed test test(org.apache.commons.collections4.trie.analyzer.StringKeyAnalyzer_bitIndex_17668662491)
	 actual test, will stop test execution !
TestExec4MutationTask: Mutant MutationIdentifier [location=Location [clazz=org.apache.commons.collections4.trie.analyzer.StringKeyAnalyzer, method=bitIndex, methodDesc=(Ljava/lang/String;IILjava/lang/String;II)I], indexes=[36], mutator=org.pitest.mutationtest.engine.gregor.mutators.MathMutator] killed by test (org.apache.commons.collections4.trie.analyzer.StringKeyAnalyzer_bitIndex_17668662491),test)
Evaluating mutant -777647114 using tests: [org.apache.commons.collections4.trie.analyzer.EqualityUtils, org.apache.commons.collections4.trie.analyzer.ReflectionUtils, org.apache.commons.collections4.trie.analyzer.StringKeyAnalyzer_bitIndex_17668662490, org.apache.commons.collections4.trie.analyzer.StringKeyAnalyzer_bitIndex_17668662491, org.apache.commons.collections4.trie.analyzer.StringKeyAnalyzer_bitsPerElement_13390379110, org.apache.commons.collections4.trie.analyzer.StringKeyAnalyzer_bitsPerElement_13390379111, org.apache.commons.collections4.trie.analyzer.StringKeyAnalyzer_init_3398555440, org.apache.commons.collections4.trie.analyzer.StringKeyAnalyzer_init_3398555441, org.apache.commons.collections4.trie.analyzer.StringKeyAnalyzer_isBitSet_12100038540, org.apache.commons.collections4.trie.analyzer.StringKeyAnalyzer_isBitSet_12100038541, org.apache.commons.collections4.trie.analyzer.StringKeyAnalyzer_isPrefix_13259916340, org.apache.commons.collections4.trie.analyzer.StringKeyAnalyzer_isPrefix_13259916341, org.apache.commons.collections4.trie.analyzer.StringKeyAnalyzer_lengthInBits_17866944960, org.apache.commons.collections4.trie.analyzer.StringKeyAnalyzer_lengthInBits_17866944961, org.apache.commons.collections4.trie.analyzer.StringKeyAnalyzer_mask_1122172800, org.apache.commons.collections4.trie.analyzer.StringKeyAnalyzer_mask_1122172801]

 CP : /usr/local/bin/lib/junit.jar:/usr/local/bin/lib/hamcrest-core.jar:results_kex_120/COLLECTIONS-17_1/temp/testcases/mutated_code/SUT:/home/kex/results_kex_120/COLLECTIONS-17_1/temp/testcases/bin:results_kex_120/COLLECTIONS-17_1/temp/testcases/mutated_code/CUT9

Failed test initializationError(org.apache.commons.collections4.trie.analyzer.EqualityUtils)
	 flaky test, ignore !
Failed test initializationError(org.apache.commons.collections4.trie.analyzer.ReflectionUtils)
	 flaky test, ignore !
Failed test test(org.apache.commons.collections4.trie.analyzer.StringKeyAnalyzer_bitIndex_17668662490)
	 flaky test, ignore !
Failed test test(org.apache.commons.collections4.trie.analyzer.StringKeyAnalyzer_bitIndex_17668662491)
	 actual test, will stop test execution !
TestExec4MutationTask: Mutant MutationIdentifier [location=Location [clazz=org.apache.commons.collections4.trie.analyzer.StringKeyAnalyzer, method=bitIndex, methodDesc=(Ljava/lang/String;IILjava/lang/String;II)I], indexes=[50], mutator=org.pitest.mutationtest.engine.gregor.mutators.MathMutator] killed by test (org.apache.commons.collections4.trie.analyzer.StringKeyAnalyzer_bitIndex_17668662491),test)
Evaluating mutant -1564908055 using tests: [org.apache.commons.collections4.trie.analyzer.EqualityUtils, org.apache.commons.collections4.trie.analyzer.ReflectionUtils, org.apache.commons.collections4.trie.analyzer.StringKeyAnalyzer_bitIndex_17668662490, org.apache.commons.collections4.trie.analyzer.StringKeyAnalyzer_bitIndex_17668662491, org.apache.commons.collections4.trie.analyzer.StringKeyAnalyzer_bitsPerElement_13390379110, org.apache.commons.collections4.trie.analyzer.StringKeyAnalyzer_bitsPerElement_13390379111, org.apache.commons.collections4.trie.analyzer.StringKeyAnalyzer_init_3398555440, org.apache.commons.collections4.trie.analyzer.StringKeyAnalyzer_init_3398555441, org.apache.commons.collections4.trie.analyzer.StringKeyAnalyzer_isBitSet_12100038540, org.apache.commons.collections4.trie.analyzer.StringKeyAnalyzer_isBitSet_12100038541, org.apache.commons.collections4.trie.analyzer.StringKeyAnalyzer_isPrefix_13259916340, org.apache.commons.collections4.trie.analyzer.StringKeyAnalyzer_isPrefix_13259916341, org.apache.commons.collections4.trie.analyzer.StringKeyAnalyzer_lengthInBits_17866944960, org.apache.commons.collections4.trie.analyzer.StringKeyAnalyzer_lengthInBits_17866944961, org.apache.commons.collections4.trie.analyzer.StringKeyAnalyzer_mask_1122172800, org.apache.commons.collections4.trie.analyzer.StringKeyAnalyzer_mask_1122172801]

 CP : /usr/local/bin/lib/junit.jar:/usr/local/bin/lib/hamcrest-core.jar:results_kex_120/COLLECTIONS-17_1/temp/testcases/mutated_code/SUT:/home/kex/results_kex_120/COLLECTIONS-17_1/temp/testcases/bin:results_kex_120/COLLECTIONS-17_1/temp/testcases/mutated_code/CUT10

Failed test initializationError(org.apache.commons.collections4.trie.analyzer.EqualityUtils)
	 flaky test, ignore !
Failed test initializationError(org.apache.commons.collections4.trie.analyzer.ReflectionUtils)
	 flaky test, ignore !
Failed test test(org.apache.commons.collections4.trie.analyzer.StringKeyAnalyzer_bitIndex_17668662490)
	 flaky test, ignore !
Failed test test(org.apache.commons.collections4.trie.analyzer.StringKeyAnalyzer_bitIndex_17668662491)
	 actual test, will stop test execution !
TestExec4MutationTask: Mutant MutationIdentifier [location=Location [clazz=org.apache.commons.collections4.trie.analyzer.StringKeyAnalyzer, method=isPrefix, methodDesc=(Ljava/lang/String;IILjava/lang/String;)Z], indexes=[6], mutator=org.pitest.mutationtest.engine.gregor.mutators.NegateConditionalsMutator] killed by test (org.apache.commons.collections4.trie.analyzer.StringKeyAnalyzer_bitIndex_17668662491),test)
Evaluating mutant -541177489 using tests: [org.apache.commons.collections4.trie.analyzer.EqualityUtils, org.apache.commons.collections4.trie.analyzer.ReflectionUtils, org.apache.commons.collections4.trie.analyzer.StringKeyAnalyzer_bitIndex_17668662490, org.apache.commons.collections4.trie.analyzer.StringKeyAnalyzer_bitIndex_17668662491, org.apache.commons.collections4.trie.analyzer.StringKeyAnalyzer_bitsPerElement_13390379110, org.apache.commons.collections4.trie.analyzer.StringKeyAnalyzer_bitsPerElement_13390379111, org.apache.commons.collections4.trie.analyzer.StringKeyAnalyzer_init_3398555440, org.apache.commons.collections4.trie.analyzer.StringKeyAnalyzer_init_3398555441, org.apache.commons.collections4.trie.analyzer.StringKeyAnalyzer_isBitSet_12100038540, org.apache.commons.collections4.trie.analyzer.StringKeyAnalyzer_isBitSet_12100038541, org.apache.commons.collections4.trie.analyzer.StringKeyAnalyzer_isPrefix_13259916340, org.apache.commons.collections4.trie.analyzer.StringKeyAnalyzer_isPrefix_13259916341, org.apache.commons.collections4.trie.analyzer.StringKeyAnalyzer_lengthInBits_17866944960, org.apache.commons.collections4.trie.analyzer.StringKeyAnalyzer_lengthInBits_17866944961, org.apache.commons.collections4.trie.analyzer.StringKeyAnalyzer_mask_1122172800, org.apache.commons.collections4.trie.analyzer.StringKeyAnalyzer_mask_1122172801]

 CP : /usr/local/bin/lib/junit.jar:/usr/local/bin/lib/hamcrest-core.jar:results_kex_120/COLLECTIONS-17_1/temp/testcases/mutated_code/SUT:/home/kex/results_kex_120/COLLECTIONS-17_1/temp/testcases/bin:results_kex_120/COLLECTIONS-17_1/temp/testcases/mutated_code/CUT11

Failed test initializationError(org.apache.commons.collections4.trie.analyzer.EqualityUtils)
	 flaky test, ignore !
Failed test initializationError(org.apache.commons.collections4.trie.analyzer.ReflectionUtils)
	 flaky test, ignore !
Failed test test(org.apache.commons.collections4.trie.analyzer.StringKeyAnalyzer_bitIndex_17668662490)
	 flaky test, ignore !
Failed test test(org.apache.commons.collections4.trie.analyzer.StringKeyAnalyzer_bitIndex_17668662491)
	 actual test, will stop test execution !
TestExec4MutationTask: Mutant MutationIdentifier [location=Location [clazz=org.apache.commons.collections4.trie.analyzer.StringKeyAnalyzer, method=lengthInBits, methodDesc=(Ljava/lang/String;)I], indexes=[15], mutator=org.pitest.mutationtest.engine.gregor.mutators.ReturnValsMutator] killed by test (org.apache.commons.collections4.trie.analyzer.StringKeyAnalyzer_bitIndex_17668662491),test)
Evaluating mutant -777648075 using tests: [org.apache.commons.collections4.trie.analyzer.EqualityUtils, org.apache.commons.collections4.trie.analyzer.ReflectionUtils, org.apache.commons.collections4.trie.analyzer.StringKeyAnalyzer_bitIndex_17668662490, org.apache.commons.collections4.trie.analyzer.StringKeyAnalyzer_bitIndex_17668662491, org.apache.commons.collections4.trie.analyzer.StringKeyAnalyzer_bitsPerElement_13390379110, org.apache.commons.collections4.trie.analyzer.StringKeyAnalyzer_bitsPerElement_13390379111, org.apache.commons.collections4.trie.analyzer.StringKeyAnalyzer_init_3398555440, org.apache.commons.collections4.trie.analyzer.StringKeyAnalyzer_init_3398555441, org.apache.commons.collections4.trie.analyzer.StringKeyAnalyzer_isBitSet_12100038540, org.apache.commons.collections4.trie.analyzer.StringKeyAnalyzer_isBitSet_12100038541, org.apache.commons.collections4.trie.analyzer.StringKeyAnalyzer_isPrefix_13259916340, org.apache.commons.collections4.trie.analyzer.StringKeyAnalyzer_isPrefix_13259916341, org.apache.commons.collections4.trie.analyzer.StringKeyAnalyzer_lengthInBits_17866944960, org.apache.commons.collections4.trie.analyzer.StringKeyAnalyzer_lengthInBits_17866944961, org.apache.commons.collections4.trie.analyzer.StringKeyAnalyzer_mask_1122172800, org.apache.commons.collections4.trie.analyzer.StringKeyAnalyzer_mask_1122172801]

 CP : /usr/local/bin/lib/junit.jar:/usr/local/bin/lib/hamcrest-core.jar:results_kex_120/COLLECTIONS-17_1/temp/testcases/mutated_code/SUT:/home/kex/results_kex_120/COLLECTIONS-17_1/temp/testcases/bin:results_kex_120/COLLECTIONS-17_1/temp/testcases/mutated_code/CUT12

Failed test initializationError(org.apache.commons.collections4.trie.analyzer.EqualityUtils)
	 flaky test, ignore !
Failed test initializationError(org.apache.commons.collections4.trie.analyzer.ReflectionUtils)
	 flaky test, ignore !
Failed test test(org.apache.commons.collections4.trie.analyzer.StringKeyAnalyzer_bitIndex_17668662490)
	 flaky test, ignore !
Failed test test(org.apache.commons.collections4.trie.analyzer.StringKeyAnalyzer_bitIndex_17668662491)
	 actual test, will stop test execution !
TestExec4MutationTask: Mutant MutationIdentifier [location=Location [clazz=org.apache.commons.collections4.trie.analyzer.StringKeyAnalyzer, method=bitIndex, methodDesc=(Ljava/lang/String;IILjava/lang/String;II)I], indexes=[49], mutator=org.pitest.mutationtest.engine.gregor.mutators.MathMutator] killed by test (org.apache.commons.collections4.trie.analyzer.StringKeyAnalyzer_bitIndex_17668662491),test)
Evaluating mutant -1956624908 using tests: [org.apache.commons.collections4.trie.analyzer.EqualityUtils, org.apache.commons.collections4.trie.analyzer.ReflectionUtils, org.apache.commons.collections4.trie.analyzer.StringKeyAnalyzer_bitIndex_17668662490, org.apache.commons.collections4.trie.analyzer.StringKeyAnalyzer_bitIndex_17668662491, org.apache.commons.collections4.trie.analyzer.StringKeyAnalyzer_bitsPerElement_13390379110, org.apache.commons.collections4.trie.analyzer.StringKeyAnalyzer_bitsPerElement_13390379111, org.apache.commons.collections4.trie.analyzer.StringKeyAnalyzer_init_3398555440, org.apache.commons.collections4.trie.analyzer.StringKeyAnalyzer_init_3398555441, org.apache.commons.collections4.trie.analyzer.StringKeyAnalyzer_isBitSet_12100038540, org.apache.commons.collections4.trie.analyzer.StringKeyAnalyzer_isBitSet_12100038541, org.apache.commons.collections4.trie.analyzer.StringKeyAnalyzer_isPrefix_13259916340, org.apache.commons.collections4.trie.analyzer.StringKeyAnalyzer_isPrefix_13259916341, org.apache.commons.collections4.trie.analyzer.StringKeyAnalyzer_lengthInBits_17866944960, org.apache.commons.collections4.trie.analyzer.StringKeyAnalyzer_lengthInBits_17866944961, org.apache.commons.collections4.trie.analyzer.StringKeyAnalyzer_mask_1122172800, org.apache.commons.collections4.trie.analyzer.StringKeyAnalyzer_mask_1122172801]

 CP : /usr/local/bin/lib/junit.jar:/usr/local/bin/lib/hamcrest-core.jar:results_kex_120/COLLECTIONS-17_1/temp/testcases/mutated_code/SUT:/home/kex/results_kex_120/COLLECTIONS-17_1/temp/testcases/bin:results_kex_120/COLLECTIONS-17_1/temp/testcases/mutated_code/CUT13

Failed test initializationError(org.apache.commons.collections4.trie.analyzer.EqualityUtils)
	 flaky test, ignore !
Failed test initializationError(org.apache.commons.collections4.trie.analyzer.ReflectionUtils)
	 flaky test, ignore !
Failed test test(org.apache.commons.collections4.trie.analyzer.StringKeyAnalyzer_bitIndex_17668662490)
	 flaky test, ignore !
Failed test test(org.apache.commons.collections4.trie.analyzer.StringKeyAnalyzer_bitIndex_17668662491)
	 actual test, will stop test execution !
TestExec4MutationTask: Mutant MutationIdentifier [location=Location [clazz=org.apache.commons.collections4.trie.analyzer.StringKeyAnalyzer, method=isBitSet, methodDesc=(Ljava/lang/String;II)Z], indexes=[4], mutator=org.pitest.mutationtest.engine.gregor.mutators.NegateConditionalsMutator] killed by test (org.apache.commons.collections4.trie.analyzer.StringKeyAnalyzer_bitIndex_17668662491),test)
Evaluating mutant -1564904211 using tests: [org.apache.commons.collections4.trie.analyzer.EqualityUtils, org.apache.commons.collections4.trie.analyzer.ReflectionUtils, org.apache.commons.collections4.trie.analyzer.StringKeyAnalyzer_bitIndex_17668662490, org.apache.commons.collections4.trie.analyzer.StringKeyAnalyzer_bitIndex_17668662491, org.apache.commons.collections4.trie.analyzer.StringKeyAnalyzer_bitsPerElement_13390379110, org.apache.commons.collections4.trie.analyzer.StringKeyAnalyzer_bitsPerElement_13390379111, org.apache.commons.collections4.trie.analyzer.StringKeyAnalyzer_init_3398555440, org.apache.commons.collections4.trie.analyzer.StringKeyAnalyzer_init_3398555441, org.apache.commons.collections4.trie.analyzer.StringKeyAnalyzer_isBitSet_12100038540, org.apache.commons.collections4.trie.analyzer.StringKeyAnalyzer_isBitSet_12100038541, org.apache.commons.collections4.trie.analyzer.StringKeyAnalyzer_isPrefix_13259916340, org.apache.commons.collections4.trie.analyzer.StringKeyAnalyzer_isPrefix_13259916341, org.apache.commons.collections4.trie.analyzer.StringKeyAnalyzer_lengthInBits_17866944960, org.apache.commons.collections4.trie.analyzer.StringKeyAnalyzer_lengthInBits_17866944961, org.apache.commons.collections4.trie.analyzer.StringKeyAnalyzer_mask_1122172800, org.apache.commons.collections4.trie.analyzer.StringKeyAnalyzer_mask_1122172801]

 CP : /usr/local/bin/lib/junit.jar:/usr/local/bin/lib/hamcrest-core.jar:results_kex_120/COLLECTIONS-17_1/temp/testcases/mutated_code/SUT:/home/kex/results_kex_120/COLLECTIONS-17_1/temp/testcases/bin:results_kex_120/COLLECTIONS-17_1/temp/testcases/mutated_code/CUT14

Failed test initializationError(org.apache.commons.collections4.trie.analyzer.EqualityUtils)
	 flaky test, ignore !
Failed test initializationError(org.apache.commons.collections4.trie.analyzer.ReflectionUtils)
	 flaky test, ignore !
Failed test test(org.apache.commons.collections4.trie.analyzer.StringKeyAnalyzer_bitIndex_17668662490)
	 flaky test, ignore !
Failed test test(org.apache.commons.collections4.trie.analyzer.StringKeyAnalyzer_bitIndex_17668662491)
	 actual test, will stop test execution !
TestExec4MutationTask: Mutant MutationIdentifier [location=Location [clazz=org.apache.commons.collections4.trie.analyzer.StringKeyAnalyzer, method=isPrefix, methodDesc=(Ljava/lang/String;IILjava/lang/String;)Z], indexes=[10], mutator=org.pitest.mutationtest.engine.gregor.mutators.NegateConditionalsMutator] killed by test (org.apache.commons.collections4.trie.analyzer.StringKeyAnalyzer_bitIndex_17668662491),test)
Evaluating mutant 24206823 using tests: [org.apache.commons.collections4.trie.analyzer.EqualityUtils, org.apache.commons.collections4.trie.analyzer.ReflectionUtils, org.apache.commons.collections4.trie.analyzer.StringKeyAnalyzer_bitIndex_17668662490, org.apache.commons.collections4.trie.analyzer.StringKeyAnalyzer_bitIndex_17668662491, org.apache.commons.collections4.trie.analyzer.StringKeyAnalyzer_bitsPerElement_13390379110, org.apache.commons.collections4.trie.analyzer.StringKeyAnalyzer_bitsPerElement_13390379111, org.apache.commons.collections4.trie.analyzer.StringKeyAnalyzer_init_3398555440, org.apache.commons.collections4.trie.analyzer.StringKeyAnalyzer_init_3398555441, org.apache.commons.collections4.trie.analyzer.StringKeyAnalyzer_isBitSet_12100038540, org.apache.commons.collections4.trie.analyzer.StringKeyAnalyzer_isBitSet_12100038541, org.apache.commons.collections4.trie.analyzer.StringKeyAnalyzer_isPrefix_13259916340, org.apache.commons.collections4.trie.analyzer.StringKeyAnalyzer_isPrefix_13259916341, org.apache.commons.collections4.trie.analyzer.StringKeyAnalyzer_lengthInBits_17866944960, org.apache.commons.collections4.trie.analyzer.StringKeyAnalyzer_lengthInBits_17866944961, org.apache.commons.collections4.trie.analyzer.StringKeyAnalyzer_mask_1122172800, org.apache.commons.collections4.trie.analyzer.StringKeyAnalyzer_mask_1122172801]

 CP : /usr/local/bin/lib/junit.jar:/usr/local/bin/lib/hamcrest-core.jar:results_kex_120/COLLECTIONS-17_1/temp/testcases/mutated_code/SUT:/home/kex/results_kex_120/COLLECTIONS-17_1/temp/testcases/bin:results_kex_120/COLLECTIONS-17_1/temp/testcases/mutated_code/CUT15

Failed test initializationError(org.apache.commons.collections4.trie.analyzer.EqualityUtils)
	 flaky test, ignore !
Failed test initializationError(org.apache.commons.collections4.trie.analyzer.ReflectionUtils)
	 flaky test, ignore !
Failed test test(org.apache.commons.collections4.trie.analyzer.StringKeyAnalyzer_bitIndex_17668662490)
	 flaky test, ignore !
Failed test test(org.apache.commons.collections4.trie.analyzer.StringKeyAnalyzer_bitIndex_17668662491)
	 actual test, will stop test execution !
TestExec4MutationTask: Mutant MutationIdentifier [location=Location [clazz=org.apache.commons.collections4.trie.analyzer.StringKeyAnalyzer, method=bitIndex, methodDesc=(Ljava/lang/String;IILjava/lang/String;II)I], indexes=[10], mutator=org.pitest.mutationtest.engine.gregor.mutators.NegateConditionalsMutator] killed by test (org.apache.commons.collections4.trie.analyzer.StringKeyAnalyzer_bitIndex_17668662491),test)
Evaluating mutant -1956622025 using tests: [org.apache.commons.collections4.trie.analyzer.EqualityUtils, org.apache.commons.collections4.trie.analyzer.ReflectionUtils, org.apache.commons.collections4.trie.analyzer.StringKeyAnalyzer_bitIndex_17668662490, org.apache.commons.collections4.trie.analyzer.StringKeyAnalyzer_bitIndex_17668662491, org.apache.commons.collections4.trie.analyzer.StringKeyAnalyzer_bitsPerElement_13390379110, org.apache.commons.collections4.trie.analyzer.StringKeyAnalyzer_bitsPerElement_13390379111, org.apache.commons.collections4.trie.analyzer.StringKeyAnalyzer_init_3398555440, org.apache.commons.collections4.trie.analyzer.StringKeyAnalyzer_init_3398555441, org.apache.commons.collections4.trie.analyzer.StringKeyAnalyzer_isBitSet_12100038540, org.apache.commons.collections4.trie.analyzer.StringKeyAnalyzer_isBitSet_12100038541, org.apache.commons.collections4.trie.analyzer.StringKeyAnalyzer_isPrefix_13259916340, org.apache.commons.collections4.trie.analyzer.StringKeyAnalyzer_isPrefix_13259916341, org.apache.commons.collections4.trie.analyzer.StringKeyAnalyzer_lengthInBits_17866944960, org.apache.commons.collections4.trie.analyzer.StringKeyAnalyzer_lengthInBits_17866944961, org.apache.commons.collections4.trie.analyzer.StringKeyAnalyzer_mask_1122172800, org.apache.commons.collections4.trie.analyzer.StringKeyAnalyzer_mask_1122172801]

 CP : /usr/local/bin/lib/junit.jar:/usr/local/bin/lib/hamcrest-core.jar:results_kex_120/COLLECTIONS-17_1/temp/testcases/mutated_code/SUT:/home/kex/results_kex_120/COLLECTIONS-17_1/temp/testcases/bin:results_kex_120/COLLECTIONS-17_1/temp/testcases/mutated_code/CUT16

Failed test initializationError(org.apache.commons.collections4.trie.analyzer.EqualityUtils)
	 flaky test, ignore !
Failed test initializationError(org.apache.commons.collections4.trie.analyzer.ReflectionUtils)
	 flaky test, ignore !
Failed test test(org.apache.commons.collections4.trie.analyzer.StringKeyAnalyzer_bitIndex_17668662490)
	 flaky test, ignore !
Failed test test(org.apache.commons.collections4.trie.analyzer.StringKeyAnalyzer_bitIndex_17668662491)
	 actual test, will stop test execution !
TestExec4MutationTask: Mutant MutationIdentifier [location=Location [clazz=org.apache.commons.collections4.trie.analyzer.StringKeyAnalyzer, method=isBitSet, methodDesc=(Ljava/lang/String;II)Z], indexes=[7], mutator=org.pitest.mutationtest.engine.gregor.mutators.NegateConditionalsMutator] killed by test (org.apache.commons.collections4.trie.analyzer.StringKeyAnalyzer_bitIndex_17668662491),test)
Evaluating mutant -777639426 using tests: [org.apache.commons.collections4.trie.analyzer.EqualityUtils, org.apache.commons.collections4.trie.analyzer.ReflectionUtils, org.apache.commons.collections4.trie.analyzer.StringKeyAnalyzer_bitIndex_17668662490, org.apache.commons.collections4.trie.analyzer.StringKeyAnalyzer_bitIndex_17668662491, org.apache.commons.collections4.trie.analyzer.StringKeyAnalyzer_bitsPerElement_13390379110, org.apache.commons.collections4.trie.analyzer.StringKeyAnalyzer_bitsPerElement_13390379111, org.apache.commons.collections4.trie.analyzer.StringKeyAnalyzer_init_3398555440, org.apache.commons.collections4.trie.analyzer.StringKeyAnalyzer_init_3398555441, org.apache.commons.collections4.trie.analyzer.StringKeyAnalyzer_isBitSet_12100038540, org.apache.commons.collections4.trie.analyzer.StringKeyAnalyzer_isBitSet_12100038541, org.apache.commons.collections4.trie.analyzer.StringKeyAnalyzer_isPrefix_13259916340, org.apache.commons.collections4.trie.analyzer.StringKeyAnalyzer_isPrefix_13259916341, org.apache.commons.collections4.trie.analyzer.StringKeyAnalyzer_lengthInBits_17866944960, org.apache.commons.collections4.trie.analyzer.StringKeyAnalyzer_lengthInBits_17866944961, org.apache.commons.collections4.trie.analyzer.StringKeyAnalyzer_mask_1122172800, org.apache.commons.collections4.trie.analyzer.StringKeyAnalyzer_mask_1122172801]

 CP : /usr/local/bin/lib/junit.jar:/usr/local/bin/lib/hamcrest-core.jar:results_kex_120/COLLECTIONS-17_1/temp/testcases/mutated_code/SUT:/home/kex/results_kex_120/COLLECTIONS-17_1/temp/testcases/bin:results_kex_120/COLLECTIONS-17_1/temp/testcases/mutated_code/CUT17

Failed test initializationError(org.apache.commons.collections4.trie.analyzer.EqualityUtils)
	 flaky test, ignore !
Failed test initializationError(org.apache.commons.collections4.trie.analyzer.ReflectionUtils)
	 flaky test, ignore !
Failed test test(org.apache.commons.collections4.trie.analyzer.StringKeyAnalyzer_bitIndex_17668662490)
	 flaky test, ignore !
Failed test test(org.apache.commons.collections4.trie.analyzer.StringKeyAnalyzer_bitIndex_17668662491)
	 actual test, will stop test execution !
TestExec4MutationTask: Mutant MutationIdentifier [location=Location [clazz=org.apache.commons.collections4.trie.analyzer.StringKeyAnalyzer, method=bitIndex, methodDesc=(Ljava/lang/String;IILjava/lang/String;II)I], indexes=[58], mutator=org.pitest.mutationtest.engine.gregor.mutators.MathMutator] killed by test (org.apache.commons.collections4.trie.analyzer.StringKeyAnalyzer_bitIndex_17668662491),test)
Evaluating mutant 24210667 using tests: [org.apache.commons.collections4.trie.analyzer.EqualityUtils, org.apache.commons.collections4.trie.analyzer.ReflectionUtils, org.apache.commons.collections4.trie.analyzer.StringKeyAnalyzer_bitIndex_17668662490, org.apache.commons.collections4.trie.analyzer.StringKeyAnalyzer_bitIndex_17668662491, org.apache.commons.collections4.trie.analyzer.StringKeyAnalyzer_bitsPerElement_13390379110, org.apache.commons.collections4.trie.analyzer.StringKeyAnalyzer_bitsPerElement_13390379111, org.apache.commons.collections4.trie.analyzer.StringKeyAnalyzer_init_3398555440, org.apache.commons.collections4.trie.analyzer.StringKeyAnalyzer_init_3398555441, org.apache.commons.collections4.trie.analyzer.StringKeyAnalyzer_isBitSet_12100038540, org.apache.commons.collections4.trie.analyzer.StringKeyAnalyzer_isBitSet_12100038541, org.apache.commons.collections4.trie.analyzer.StringKeyAnalyzer_isPrefix_13259916340, org.apache.commons.collections4.trie.analyzer.StringKeyAnalyzer_isPrefix_13259916341, org.apache.commons.collections4.trie.analyzer.StringKeyAnalyzer_lengthInBits_17866944960, org.apache.commons.collections4.trie.analyzer.StringKeyAnalyzer_lengthInBits_17866944961, org.apache.commons.collections4.trie.analyzer.StringKeyAnalyzer_mask_1122172800, org.apache.commons.collections4.trie.analyzer.StringKeyAnalyzer_mask_1122172801]

 CP : /usr/local/bin/lib/junit.jar:/usr/local/bin/lib/hamcrest-core.jar:results_kex_120/COLLECTIONS-17_1/temp/testcases/mutated_code/SUT:/home/kex/results_kex_120/COLLECTIONS-17_1/temp/testcases/bin:results_kex_120/COLLECTIONS-17_1/temp/testcases/mutated_code/CUT18

Failed test initializationError(org.apache.commons.collections4.trie.analyzer.EqualityUtils)
	 flaky test, ignore !
Failed test initializationError(org.apache.commons.collections4.trie.analyzer.ReflectionUtils)
	 flaky test, ignore !
Failed test test(org.apache.commons.collections4.trie.analyzer.StringKeyAnalyzer_bitIndex_17668662490)
	 flaky test, ignore !
Failed test test(org.apache.commons.collections4.trie.analyzer.StringKeyAnalyzer_bitIndex_17668662491)
	 actual test, will stop test execution !
TestExec4MutationTask: Mutant MutationIdentifier [location=Location [clazz=org.apache.commons.collections4.trie.analyzer.StringKeyAnalyzer, method=bitIndex, methodDesc=(Ljava/lang/String;IILjava/lang/String;II)I], indexes=[14], mutator=org.pitest.mutationtest.engine.gregor.mutators.NegateConditionalsMutator] killed by test (org.apache.commons.collections4.trie.analyzer.StringKeyAnalyzer_bitIndex_17668662491),test)
Evaluating mutant -777640387 using tests: [org.apache.commons.collections4.trie.analyzer.EqualityUtils, org.apache.commons.collections4.trie.analyzer.ReflectionUtils, org.apache.commons.collections4.trie.analyzer.StringKeyAnalyzer_bitIndex_17668662490, org.apache.commons.collections4.trie.analyzer.StringKeyAnalyzer_bitIndex_17668662491, org.apache.commons.collections4.trie.analyzer.StringKeyAnalyzer_bitsPerElement_13390379110, org.apache.commons.collections4.trie.analyzer.StringKeyAnalyzer_bitsPerElement_13390379111, org.apache.commons.collections4.trie.analyzer.StringKeyAnalyzer_init_3398555440, org.apache.commons.collections4.trie.analyzer.StringKeyAnalyzer_init_3398555441, org.apache.commons.collections4.trie.analyzer.StringKeyAnalyzer_isBitSet_12100038540, org.apache.commons.collections4.trie.analyzer.StringKeyAnalyzer_isBitSet_12100038541, org.apache.commons.collections4.trie.analyzer.StringKeyAnalyzer_isPrefix_13259916340, org.apache.commons.collections4.trie.analyzer.StringKeyAnalyzer_isPrefix_13259916341, org.apache.commons.collections4.trie.analyzer.StringKeyAnalyzer_lengthInBits_17866944960, org.apache.commons.collections4.trie.analyzer.StringKeyAnalyzer_lengthInBits_17866944961, org.apache.commons.collections4.trie.analyzer.StringKeyAnalyzer_mask_1122172800, org.apache.commons.collections4.trie.analyzer.StringKeyAnalyzer_mask_1122172801]

 CP : /usr/local/bin/lib/junit.jar:/usr/local/bin/lib/hamcrest-core.jar:results_kex_120/COLLECTIONS-17_1/temp/testcases/mutated_code/SUT:/home/kex/results_kex_120/COLLECTIONS-17_1/temp/testcases/bin:results_kex_120/COLLECTIONS-17_1/temp/testcases/mutated_code/CUT19

Failed test initializationError(org.apache.commons.collections4.trie.analyzer.EqualityUtils)
	 flaky test, ignore !
Failed test initializationError(org.apache.commons.collections4.trie.analyzer.ReflectionUtils)
	 flaky test, ignore !
Failed test test(org.apache.commons.collections4.trie.analyzer.StringKeyAnalyzer_bitIndex_17668662490)
	 flaky test, ignore !
Failed test test(org.apache.commons.collections4.trie.analyzer.StringKeyAnalyzer_bitIndex_17668662491)
	 actual test, will stop test execution !
TestExec4MutationTask: Mutant MutationIdentifier [location=Location [clazz=org.apache.commons.collections4.trie.analyzer.StringKeyAnalyzer, method=bitIndex, methodDesc=(Ljava/lang/String;IILjava/lang/String;II)I], indexes=[57], mutator=org.pitest.mutationtest.engine.gregor.mutators.MathMutator] killed by test (org.apache.commons.collections4.trie.analyzer.StringKeyAnalyzer_bitIndex_17668662491),test)
Evaluating mutant 24275054 using tests: [org.apache.commons.collections4.trie.analyzer.EqualityUtils, org.apache.commons.collections4.trie.analyzer.ReflectionUtils, org.apache.commons.collections4.trie.analyzer.StringKeyAnalyzer_bitIndex_17668662490, org.apache.commons.collections4.trie.analyzer.StringKeyAnalyzer_bitIndex_17668662491, org.apache.commons.collections4.trie.analyzer.StringKeyAnalyzer_bitsPerElement_13390379110, org.apache.commons.collections4.trie.analyzer.StringKeyAnalyzer_bitsPerElement_13390379111, org.apache.commons.collections4.trie.analyzer.StringKeyAnalyzer_init_3398555440, org.apache.commons.collections4.trie.analyzer.StringKeyAnalyzer_init_3398555441, org.apache.commons.collections4.trie.analyzer.StringKeyAnalyzer_isBitSet_12100038540, org.apache.commons.collections4.trie.analyzer.StringKeyAnalyzer_isBitSet_12100038541, org.apache.commons.collections4.trie.analyzer.StringKeyAnalyzer_isPrefix_13259916340, org.apache.commons.collections4.trie.analyzer.StringKeyAnalyzer_isPrefix_13259916341, org.apache.commons.collections4.trie.analyzer.StringKeyAnalyzer_lengthInBits_17866944960, org.apache.commons.collections4.trie.analyzer.StringKeyAnalyzer_lengthInBits_17866944961, org.apache.commons.collections4.trie.analyzer.StringKeyAnalyzer_mask_1122172800, org.apache.commons.collections4.trie.analyzer.StringKeyAnalyzer_mask_1122172801]

 CP : /usr/local/bin/lib/junit.jar:/usr/local/bin/lib/hamcrest-core.jar:results_kex_120/COLLECTIONS-17_1/temp/testcases/mutated_code/SUT:/home/kex/results_kex_120/COLLECTIONS-17_1/temp/testcases/bin:results_kex_120/COLLECTIONS-17_1/temp/testcases/mutated_code/CUT20

Failed test initializationError(org.apache.commons.collections4.trie.analyzer.EqualityUtils)
	 flaky test, ignore !
Failed test initializationError(org.apache.commons.collections4.trie.analyzer.ReflectionUtils)
	 flaky test, ignore !
Failed test test(org.apache.commons.collections4.trie.analyzer.StringKeyAnalyzer_bitIndex_17668662490)
	 flaky test, ignore !
Failed test test(org.apache.commons.collections4.trie.analyzer.StringKeyAnalyzer_bitIndex_17668662491)
	 actual test, will stop test execution !
TestExec4MutationTask: Mutant MutationIdentifier [location=Location [clazz=org.apache.commons.collections4.trie.analyzer.StringKeyAnalyzer, method=bitIndex, methodDesc=(Ljava/lang/String;IILjava/lang/String;II)I], indexes=[81], mutator=org.pitest.mutationtest.engine.gregor.mutators.NegateConditionalsMutator] killed by test (org.apache.commons.collections4.trie.analyzer.StringKeyAnalyzer_bitIndex_17668662491),test)
Evaluating mutant -1200222293 using tests: [org.apache.commons.collections4.trie.analyzer.EqualityUtils, org.apache.commons.collections4.trie.analyzer.ReflectionUtils, org.apache.commons.collections4.trie.analyzer.StringKeyAnalyzer_bitIndex_17668662490, org.apache.commons.collections4.trie.analyzer.StringKeyAnalyzer_bitIndex_17668662491, org.apache.commons.collections4.trie.analyzer.StringKeyAnalyzer_bitsPerElement_13390379110, org.apache.commons.collections4.trie.analyzer.StringKeyAnalyzer_bitsPerElement_13390379111, org.apache.commons.collections4.trie.analyzer.StringKeyAnalyzer_init_3398555440, org.apache.commons.collections4.trie.analyzer.StringKeyAnalyzer_init_3398555441, org.apache.commons.collections4.trie.analyzer.StringKeyAnalyzer_isBitSet_12100038540, org.apache.commons.collections4.trie.analyzer.StringKeyAnalyzer_isBitSet_12100038541, org.apache.commons.collections4.trie.analyzer.StringKeyAnalyzer_isPrefix_13259916340, org.apache.commons.collections4.trie.analyzer.StringKeyAnalyzer_isPrefix_13259916341, org.apache.commons.collections4.trie.analyzer.StringKeyAnalyzer_lengthInBits_17866944960, org.apache.commons.collections4.trie.analyzer.StringKeyAnalyzer_lengthInBits_17866944961, org.apache.commons.collections4.trie.analyzer.StringKeyAnalyzer_mask_1122172800, org.apache.commons.collections4.trie.analyzer.StringKeyAnalyzer_mask_1122172801]

 CP : /usr/local/bin/lib/junit.jar:/usr/local/bin/lib/hamcrest-core.jar:results_kex_120/COLLECTIONS-17_1/temp/testcases/mutated_code/SUT:/home/kex/results_kex_120/COLLECTIONS-17_1/temp/testcases/bin:results_kex_120/COLLECTIONS-17_1/temp/testcases/mutated_code/CUT21

Failed test initializationError(org.apache.commons.collections4.trie.analyzer.EqualityUtils)
	 flaky test, ignore !
Failed test initializationError(org.apache.commons.collections4.trie.analyzer.ReflectionUtils)
	 flaky test, ignore !
Failed test test(org.apache.commons.collections4.trie.analyzer.StringKeyAnalyzer_bitIndex_17668662490)
	 flaky test, ignore !
Failed test test(org.apache.commons.collections4.trie.analyzer.StringKeyAnalyzer_bitIndex_17668662491)
	 actual test, will stop test execution !
TestExec4MutationTask: Mutant MutationIdentifier [location=Location [clazz=org.apache.commons.collections4.trie.analyzer.StringKeyAnalyzer, method=mask, methodDesc=(I)I], indexes=[5], mutator=org.pitest.mutationtest.engine.gregor.mutators.MathMutator] killed by test (org.apache.commons.collections4.trie.analyzer.StringKeyAnalyzer_bitIndex_17668662491),test)
Evaluating mutant 24214511 using tests: [org.apache.commons.collections4.trie.analyzer.EqualityUtils, org.apache.commons.collections4.trie.analyzer.ReflectionUtils, org.apache.commons.collections4.trie.analyzer.StringKeyAnalyzer_bitIndex_17668662490, org.apache.commons.collections4.trie.analyzer.StringKeyAnalyzer_bitIndex_17668662491, org.apache.commons.collections4.trie.analyzer.StringKeyAnalyzer_bitsPerElement_13390379110, org.apache.commons.collections4.trie.analyzer.StringKeyAnalyzer_bitsPerElement_13390379111, org.apache.commons.collections4.trie.analyzer.StringKeyAnalyzer_init_3398555440, org.apache.commons.collections4.trie.analyzer.StringKeyAnalyzer_init_3398555441, org.apache.commons.collections4.trie.analyzer.StringKeyAnalyzer_isBitSet_12100038540, org.apache.commons.collections4.trie.analyzer.StringKeyAnalyzer_isBitSet_12100038541, org.apache.commons.collections4.trie.analyzer.StringKeyAnalyzer_isPrefix_13259916340, org.apache.commons.collections4.trie.analyzer.StringKeyAnalyzer_isPrefix_13259916341, org.apache.commons.collections4.trie.analyzer.StringKeyAnalyzer_lengthInBits_17866944960, org.apache.commons.collections4.trie.analyzer.StringKeyAnalyzer_lengthInBits_17866944961, org.apache.commons.collections4.trie.analyzer.StringKeyAnalyzer_mask_1122172800, org.apache.commons.collections4.trie.analyzer.StringKeyAnalyzer_mask_1122172801]

 CP : /usr/local/bin/lib/junit.jar:/usr/local/bin/lib/hamcrest-core.jar:results_kex_120/COLLECTIONS-17_1/temp/testcases/mutated_code/SUT:/home/kex/results_kex_120/COLLECTIONS-17_1/temp/testcases/bin:results_kex_120/COLLECTIONS-17_1/temp/testcases/mutated_code/CUT22

Failed test initializationError(org.apache.commons.collections4.trie.analyzer.EqualityUtils)
	 flaky test, ignore !
Failed test initializationError(org.apache.commons.collections4.trie.analyzer.ReflectionUtils)
	 flaky test, ignore !
Failed test test(org.apache.commons.collections4.trie.analyzer.StringKeyAnalyzer_bitIndex_17668662490)
	 flaky test, ignore !
Failed test test(org.apache.commons.collections4.trie.analyzer.StringKeyAnalyzer_bitIndex_17668662491)
	 actual test, will stop test execution !
TestExec4MutationTask: Mutant MutationIdentifier [location=Location [clazz=org.apache.commons.collections4.trie.analyzer.StringKeyAnalyzer, method=bitIndex, methodDesc=(Ljava/lang/String;IILjava/lang/String;II)I], indexes=[18], mutator=org.pitest.mutationtest.engine.gregor.mutators.NegateConditionalsMutator] killed by test (org.apache.commons.collections4.trie.analyzer.StringKeyAnalyzer_bitIndex_17668662491),test)
Evaluating mutant 1928165903 using tests: [org.apache.commons.collections4.trie.analyzer.EqualityUtils, org.apache.commons.collections4.trie.analyzer.ReflectionUtils, org.apache.commons.collections4.trie.analyzer.StringKeyAnalyzer_bitIndex_17668662490, org.apache.commons.collections4.trie.analyzer.StringKeyAnalyzer_bitIndex_17668662491, org.apache.commons.collections4.trie.analyzer.StringKeyAnalyzer_bitsPerElement_13390379110, org.apache.commons.collections4.trie.analyzer.StringKeyAnalyzer_bitsPerElement_13390379111, org.apache.commons.collections4.trie.analyzer.StringKeyAnalyzer_init_3398555440, org.apache.commons.collections4.trie.analyzer.StringKeyAnalyzer_init_3398555441, org.apache.commons.collections4.trie.analyzer.StringKeyAnalyzer_isBitSet_12100038540, org.apache.commons.collections4.trie.analyzer.StringKeyAnalyzer_isBitSet_12100038541, org.apache.commons.collections4.trie.analyzer.StringKeyAnalyzer_isPrefix_13259916340, org.apache.commons.collections4.trie.analyzer.StringKeyAnalyzer_isPrefix_13259916341, org.apache.commons.collections4.trie.analyzer.StringKeyAnalyzer_lengthInBits_17866944960, org.apache.commons.collections4.trie.analyzer.StringKeyAnalyzer_lengthInBits_17866944961, org.apache.commons.collections4.trie.analyzer.StringKeyAnalyzer_mask_1122172800, org.apache.commons.collections4.trie.analyzer.StringKeyAnalyzer_mask_1122172801]

 CP : /usr/local/bin/lib/junit.jar:/usr/local/bin/lib/hamcrest-core.jar:results_kex_120/COLLECTIONS-17_1/temp/testcases/mutated_code/SUT:/home/kex/results_kex_120/COLLECTIONS-17_1/temp/testcases/bin:results_kex_120/COLLECTIONS-17_1/temp/testcases/mutated_code/CUT23

Failed test initializationError(org.apache.commons.collections4.trie.analyzer.EqualityUtils)
	 flaky test, ignore !
Failed test initializationError(org.apache.commons.collections4.trie.analyzer.ReflectionUtils)
	 flaky test, ignore !
Failed test test(org.apache.commons.collections4.trie.analyzer.StringKeyAnalyzer_bitIndex_17668662490)
	 flaky test, ignore !
Failed test test(org.apache.commons.collections4.trie.analyzer.StringKeyAnalyzer_bitIndex_17668662491)
	 actual test, will stop test execution !
TestExec4MutationTask: Mutant MutationIdentifier [location=Location [clazz=org.apache.commons.collections4.trie.analyzer.StringKeyAnalyzer, method=isPrefix, methodDesc=(Ljava/lang/String;IILjava/lang/String;)Z], indexes=[5], mutator=org.pitest.mutationtest.engine.gregor.mutators.MathMutator] killed by test (org.apache.commons.collections4.trie.analyzer.StringKeyAnalyzer_bitIndex_17668662491),test)
Evaluating mutant -777686515 using tests: [org.apache.commons.collections4.trie.analyzer.EqualityUtils, org.apache.commons.collections4.trie.analyzer.ReflectionUtils, org.apache.commons.collections4.trie.analyzer.StringKeyAnalyzer_bitIndex_17668662490, org.apache.commons.collections4.trie.analyzer.StringKeyAnalyzer_bitIndex_17668662491, org.apache.commons.collections4.trie.analyzer.StringKeyAnalyzer_bitsPerElement_13390379110, org.apache.commons.collections4.trie.analyzer.StringKeyAnalyzer_bitsPerElement_13390379111, org.apache.commons.collections4.trie.analyzer.StringKeyAnalyzer_init_3398555440, org.apache.commons.collections4.trie.analyzer.StringKeyAnalyzer_init_3398555441, org.apache.commons.collections4.trie.analyzer.StringKeyAnalyzer_isBitSet_12100038540, org.apache.commons.collections4.trie.analyzer.StringKeyAnalyzer_isBitSet_12100038541, org.apache.commons.collections4.trie.analyzer.StringKeyAnalyzer_isPrefix_13259916340, org.apache.commons.collections4.trie.analyzer.StringKeyAnalyzer_isPrefix_13259916341, org.apache.commons.collections4.trie.analyzer.StringKeyAnalyzer_lengthInBits_17866944960, org.apache.commons.collections4.trie.analyzer.StringKeyAnalyzer_lengthInBits_17866944961, org.apache.commons.collections4.trie.analyzer.StringKeyAnalyzer_mask_1122172800, org.apache.commons.collections4.trie.analyzer.StringKeyAnalyzer_mask_1122172801]

 CP : /usr/local/bin/lib/junit.jar:/usr/local/bin/lib/hamcrest-core.jar:results_kex_120/COLLECTIONS-17_1/temp/testcases/mutated_code/SUT:/home/kex/results_kex_120/COLLECTIONS-17_1/temp/testcases/bin:results_kex_120/COLLECTIONS-17_1/temp/testcases/mutated_code/CUT24

Failed test initializationError(org.apache.commons.collections4.trie.analyzer.EqualityUtils)
	 flaky test, ignore !
Failed test initializationError(org.apache.commons.collections4.trie.analyzer.ReflectionUtils)
	 flaky test, ignore !
Failed test test(org.apache.commons.collections4.trie.analyzer.StringKeyAnalyzer_bitIndex_17668662490)
	 flaky test, ignore !
Failed test test(org.apache.commons.collections4.trie.analyzer.StringKeyAnalyzer_bitIndex_17668662491)
	 actual test, will stop test execution !
TestExec4MutationTask: Mutant MutationIdentifier [location=Location [clazz=org.apache.commons.collections4.trie.analyzer.StringKeyAnalyzer, method=bitIndex, methodDesc=(Ljava/lang/String;IILjava/lang/String;II)I], indexes=[9], mutator=org.pitest.mutationtest.engine.gregor.mutators.MathMutator] killed by test (org.apache.commons.collections4.trie.analyzer.StringKeyAnalyzer_bitIndex_17668662491),test)
Evaluating mutant -844697457 using tests: [org.apache.commons.collections4.trie.analyzer.EqualityUtils, org.apache.commons.collections4.trie.analyzer.ReflectionUtils, org.apache.commons.collections4.trie.analyzer.StringKeyAnalyzer_bitIndex_17668662490, org.apache.commons.collections4.trie.analyzer.StringKeyAnalyzer_bitIndex_17668662491, org.apache.commons.collections4.trie.analyzer.StringKeyAnalyzer_bitsPerElement_13390379110, org.apache.commons.collections4.trie.analyzer.StringKeyAnalyzer_bitsPerElement_13390379111, org.apache.commons.collections4.trie.analyzer.StringKeyAnalyzer_init_3398555440, org.apache.commons.collections4.trie.analyzer.StringKeyAnalyzer_init_3398555441, org.apache.commons.collections4.trie.analyzer.StringKeyAnalyzer_isBitSet_12100038540, org.apache.commons.collections4.trie.analyzer.StringKeyAnalyzer_isBitSet_12100038541, org.apache.commons.collections4.trie.analyzer.StringKeyAnalyzer_isPrefix_13259916340, org.apache.commons.collections4.trie.analyzer.StringKeyAnalyzer_isPrefix_13259916341, org.apache.commons.collections4.trie.analyzer.StringKeyAnalyzer_lengthInBits_17866944960, org.apache.commons.collections4.trie.analyzer.StringKeyAnalyzer_lengthInBits_17866944961, org.apache.commons.collections4.trie.analyzer.StringKeyAnalyzer_mask_1122172800, org.apache.commons.collections4.trie.analyzer.StringKeyAnalyzer_mask_1122172801]

 CP : /usr/local/bin/lib/junit.jar:/usr/local/bin/lib/hamcrest-core.jar:results_kex_120/COLLECTIONS-17_1/temp/testcases/mutated_code/SUT:/home/kex/results_kex_120/COLLECTIONS-17_1/temp/testcases/bin:results_kex_120/COLLECTIONS-17_1/temp/testcases/mutated_code/CUT25

Failed test initializationError(org.apache.commons.collections4.trie.analyzer.EqualityUtils)
	 flaky test, ignore !
Failed test initializationError(org.apache.commons.collections4.trie.analyzer.ReflectionUtils)
	 flaky test, ignore !
Failed test test(org.apache.commons.collections4.trie.analyzer.StringKeyAnalyzer_bitIndex_17668662490)
	 flaky test, ignore !
Failed test test(org.apache.commons.collections4.trie.analyzer.StringKeyAnalyzer_bitIndex_17668662491)
	 actual test, will stop test execution !
TestExec4MutationTask: Mutant MutationIdentifier [location=Location [clazz=org.apache.commons.collections4.trie.analyzer.StringKeyAnalyzer, method=bitIndex, methodDesc=(Ljava/lang/String;IILjava/lang/String;II)I], indexes=[167], mutator=org.pitest.mutationtest.engine.gregor.mutators.IncrementsMutator] killed by test (org.apache.commons.collections4.trie.analyzer.StringKeyAnalyzer_bitIndex_17668662491),test)
Evaluating mutant -777678827 using tests: [org.apache.commons.collections4.trie.analyzer.EqualityUtils, org.apache.commons.collections4.trie.analyzer.ReflectionUtils, org.apache.commons.collections4.trie.analyzer.StringKeyAnalyzer_bitIndex_17668662490, org.apache.commons.collections4.trie.analyzer.StringKeyAnalyzer_bitIndex_17668662491, org.apache.commons.collections4.trie.analyzer.StringKeyAnalyzer_bitsPerElement_13390379110, org.apache.commons.collections4.trie.analyzer.StringKeyAnalyzer_bitsPerElement_13390379111, org.apache.commons.collections4.trie.analyzer.StringKeyAnalyzer_init_3398555440, org.apache.commons.collections4.trie.analyzer.StringKeyAnalyzer_init_3398555441, org.apache.commons.collections4.trie.analyzer.StringKeyAnalyzer_isBitSet_12100038540, org.apache.commons.collections4.trie.analyzer.StringKeyAnalyzer_isBitSet_12100038541, org.apache.commons.collections4.trie.analyzer.StringKeyAnalyzer_isPrefix_13259916340, org.apache.commons.collections4.trie.analyzer.StringKeyAnalyzer_isPrefix_13259916341, org.apache.commons.collections4.trie.analyzer.StringKeyAnalyzer_lengthInBits_17866944960, org.apache.commons.collections4.trie.analyzer.StringKeyAnalyzer_lengthInBits_17866944961, org.apache.commons.collections4.trie.analyzer.StringKeyAnalyzer_mask_1122172800, org.apache.commons.collections4.trie.analyzer.StringKeyAnalyzer_mask_1122172801]

 CP : /usr/local/bin/lib/junit.jar:/usr/local/bin/lib/hamcrest-core.jar:results_kex_120/COLLECTIONS-17_1/temp/testcases/mutated_code/SUT:/home/kex/results_kex_120/COLLECTIONS-17_1/temp/testcases/bin:results_kex_120/COLLECTIONS-17_1/temp/testcases/mutated_code/CUT26

Failed test initializationError(org.apache.commons.collections4.trie.analyzer.EqualityUtils)
	 flaky test, ignore !
Failed test initializationError(org.apache.commons.collections4.trie.analyzer.ReflectionUtils)
	 flaky test, ignore !
Failed test test(org.apache.commons.collections4.trie.analyzer.StringKeyAnalyzer_bitIndex_17668662490)
	 flaky test, ignore !
Failed test test(org.apache.commons.collections4.trie.analyzer.StringKeyAnalyzer_bitIndex_17668662491)
	 actual test, will stop test execution !
TestExec4MutationTask: Mutant MutationIdentifier [location=Location [clazz=org.apache.commons.collections4.trie.analyzer.StringKeyAnalyzer, method=bitIndex, methodDesc=(Ljava/lang/String;IILjava/lang/String;II)I], indexes=[17], mutator=org.pitest.mutationtest.engine.gregor.mutators.MathMutator] killed by test (org.apache.commons.collections4.trie.analyzer.StringKeyAnalyzer_bitIndex_17668662491),test)
Evaluating mutant 272405839 using tests: [org.apache.commons.collections4.trie.analyzer.EqualityUtils, org.apache.commons.collections4.trie.analyzer.ReflectionUtils, org.apache.commons.collections4.trie.analyzer.StringKeyAnalyzer_bitIndex_17668662490, org.apache.commons.collections4.trie.analyzer.StringKeyAnalyzer_bitIndex_17668662491, org.apache.commons.collections4.trie.analyzer.StringKeyAnalyzer_bitsPerElement_13390379110, org.apache.commons.collections4.trie.analyzer.StringKeyAnalyzer_bitsPerElement_13390379111, org.apache.commons.collections4.trie.analyzer.StringKeyAnalyzer_init_3398555440, org.apache.commons.collections4.trie.analyzer.StringKeyAnalyzer_init_3398555441, org.apache.commons.collections4.trie.analyzer.StringKeyAnalyzer_isBitSet_12100038540, org.apache.commons.collections4.trie.analyzer.StringKeyAnalyzer_isBitSet_12100038541, org.apache.commons.collections4.trie.analyzer.StringKeyAnalyzer_isPrefix_13259916340, org.apache.commons.collections4.trie.analyzer.StringKeyAnalyzer_isPrefix_13259916341, org.apache.commons.collections4.trie.analyzer.StringKeyAnalyzer_lengthInBits_17866944960, org.apache.commons.collections4.trie.analyzer.StringKeyAnalyzer_lengthInBits_17866944961, org.apache.commons.collections4.trie.analyzer.StringKeyAnalyzer_mask_1122172800, org.apache.commons.collections4.trie.analyzer.StringKeyAnalyzer_mask_1122172801]

 CP : /usr/local/bin/lib/junit.jar:/usr/local/bin/lib/hamcrest-core.jar:results_kex_120/COLLECTIONS-17_1/temp/testcases/mutated_code/SUT:/home/kex/results_kex_120/COLLECTIONS-17_1/temp/testcases/bin:results_kex_120/COLLECTIONS-17_1/temp/testcases/mutated_code/CUT27

Failed test initializationError(org.apache.commons.collections4.trie.analyzer.EqualityUtils)
	 flaky test, ignore !
Failed test initializationError(org.apache.commons.collections4.trie.analyzer.ReflectionUtils)
	 flaky test, ignore !
Failed test test(org.apache.commons.collections4.trie.analyzer.StringKeyAnalyzer_bitIndex_17668662490)
	 flaky test, ignore !
Failed test test(org.apache.commons.collections4.trie.analyzer.StringKeyAnalyzer_bitIndex_17668662491)
	 actual test, will stop test execution !
TestExec4MutationTask: Mutant MutationIdentifier [location=Location [clazz=org.apache.commons.collections4.trie.analyzer.StringKeyAnalyzer, method=isBitSet, methodDesc=(Ljava/lang/String;II)Z], indexes=[7], mutator=org.pitest.mutationtest.engine.gregor.mutators.ConditionalsBoundaryMutator] killed by test (org.apache.commons.collections4.trie.analyzer.StringKeyAnalyzer_bitIndex_17668662491),test)
Evaluating mutant -777682671 using tests: [org.apache.commons.collections4.trie.analyzer.EqualityUtils, org.apache.commons.collections4.trie.analyzer.ReflectionUtils, org.apache.commons.collections4.trie.analyzer.StringKeyAnalyzer_bitIndex_17668662490, org.apache.commons.collections4.trie.analyzer.StringKeyAnalyzer_bitIndex_17668662491, org.apache.commons.collections4.trie.analyzer.StringKeyAnalyzer_bitsPerElement_13390379110, org.apache.commons.collections4.trie.analyzer.StringKeyAnalyzer_bitsPerElement_13390379111, org.apache.commons.collections4.trie.analyzer.StringKeyAnalyzer_init_3398555440, org.apache.commons.collections4.trie.analyzer.StringKeyAnalyzer_init_3398555441, org.apache.commons.collections4.trie.analyzer.StringKeyAnalyzer_isBitSet_12100038540, org.apache.commons.collections4.trie.analyzer.StringKeyAnalyzer_isBitSet_12100038541, org.apache.commons.collections4.trie.analyzer.StringKeyAnalyzer_isPrefix_13259916340, org.apache.commons.collections4.trie.analyzer.StringKeyAnalyzer_isPrefix_13259916341, org.apache.commons.collections4.trie.analyzer.StringKeyAnalyzer_lengthInBits_17866944960, org.apache.commons.collections4.trie.analyzer.StringKeyAnalyzer_lengthInBits_17866944961, org.apache.commons.collections4.trie.analyzer.StringKeyAnalyzer_mask_1122172800, org.apache.commons.collections4.trie.analyzer.StringKeyAnalyzer_mask_1122172801]

 CP : /usr/local/bin/lib/junit.jar:/usr/local/bin/lib/hamcrest-core.jar:results_kex_120/COLLECTIONS-17_1/temp/testcases/mutated_code/SUT:/home/kex/results_kex_120/COLLECTIONS-17_1/temp/testcases/bin:results_kex_120/COLLECTIONS-17_1/temp/testcases/mutated_code/CUT28

Failed test initializationError(org.apache.commons.collections4.trie.analyzer.EqualityUtils)
	 flaky test, ignore !
Failed test initializationError(org.apache.commons.collections4.trie.analyzer.ReflectionUtils)
	 flaky test, ignore !
Failed test test(org.apache.commons.collections4.trie.analyzer.StringKeyAnalyzer_bitIndex_17668662490)
	 flaky test, ignore !
Failed test test(org.apache.commons.collections4.trie.analyzer.StringKeyAnalyzer_bitIndex_17668662491)
	 actual test, will stop test execution !
TestExec4MutationTask: Mutant MutationIdentifier [location=Location [clazz=org.apache.commons.collections4.trie.analyzer.StringKeyAnalyzer, method=bitIndex, methodDesc=(Ljava/lang/String;IILjava/lang/String;II)I], indexes=[13], mutator=org.pitest.mutationtest.engine.gregor.mutators.MathMutator] killed by test (org.apache.commons.collections4.trie.analyzer.StringKeyAnalyzer_bitIndex_17668662491),test)
Evaluating mutant 24363466 using tests: [org.apache.commons.collections4.trie.analyzer.EqualityUtils, org.apache.commons.collections4.trie.analyzer.ReflectionUtils, org.apache.commons.collections4.trie.analyzer.StringKeyAnalyzer_bitIndex_17668662490, org.apache.commons.collections4.trie.analyzer.StringKeyAnalyzer_bitIndex_17668662491, org.apache.commons.collections4.trie.analyzer.StringKeyAnalyzer_bitsPerElement_13390379110, org.apache.commons.collections4.trie.analyzer.StringKeyAnalyzer_bitsPerElement_13390379111, org.apache.commons.collections4.trie.analyzer.StringKeyAnalyzer_init_3398555440, org.apache.commons.collections4.trie.analyzer.StringKeyAnalyzer_init_3398555441, org.apache.commons.collections4.trie.analyzer.StringKeyAnalyzer_isBitSet_12100038540, org.apache.commons.collections4.trie.analyzer.StringKeyAnalyzer_isBitSet_12100038541, org.apache.commons.collections4.trie.analyzer.StringKeyAnalyzer_isPrefix_13259916340, org.apache.commons.collections4.trie.analyzer.StringKeyAnalyzer_isPrefix_13259916341, org.apache.commons.collections4.trie.analyzer.StringKeyAnalyzer_lengthInBits_17866944960, org.apache.commons.collections4.trie.analyzer.StringKeyAnalyzer_lengthInBits_17866944961, org.apache.commons.collections4.trie.analyzer.StringKeyAnalyzer_mask_1122172800, org.apache.commons.collections4.trie.analyzer.StringKeyAnalyzer_mask_1122172801]

 CP : /usr/local/bin/lib/junit.jar:/usr/local/bin/lib/hamcrest-core.jar:results_kex_120/COLLECTIONS-17_1/temp/testcases/mutated_code/SUT:/home/kex/results_kex_120/COLLECTIONS-17_1/temp/testcases/bin:results_kex_120/COLLECTIONS-17_1/temp/testcases/mutated_code/CUT29

Failed test initializationError(org.apache.commons.collections4.trie.analyzer.EqualityUtils)
	 flaky test, ignore !
Failed test initializationError(org.apache.commons.collections4.trie.analyzer.ReflectionUtils)
	 flaky test, ignore !
Failed test test(org.apache.commons.collections4.trie.analyzer.StringKeyAnalyzer_bitIndex_17668662490)
	 flaky test, ignore !
Failed test test(org.apache.commons.collections4.trie.analyzer.StringKeyAnalyzer_bitIndex_17668662491)
	 actual test, will stop test execution !
TestExec4MutationTask: Mutant MutationIdentifier [location=Location [clazz=org.apache.commons.collections4.trie.analyzer.StringKeyAnalyzer, method=bitIndex, methodDesc=(Ljava/lang/String;IILjava/lang/String;II)I], indexes=[173], mutator=org.pitest.mutationtest.engine.gregor.mutators.NegateConditionalsMutator] killed by test (org.apache.commons.collections4.trie.analyzer.StringKeyAnalyzer_bitIndex_17668662491),test)
Evaluating mutant -777674983 using tests: [org.apache.commons.collections4.trie.analyzer.EqualityUtils, org.apache.commons.collections4.trie.analyzer.ReflectionUtils, org.apache.commons.collections4.trie.analyzer.StringKeyAnalyzer_bitIndex_17668662490, org.apache.commons.collections4.trie.analyzer.StringKeyAnalyzer_bitIndex_17668662491, org.apache.commons.collections4.trie.analyzer.StringKeyAnalyzer_bitsPerElement_13390379110, org.apache.commons.collections4.trie.analyzer.StringKeyAnalyzer_bitsPerElement_13390379111, org.apache.commons.collections4.trie.analyzer.StringKeyAnalyzer_init_3398555440, org.apache.commons.collections4.trie.analyzer.StringKeyAnalyzer_init_3398555441, org.apache.commons.collections4.trie.analyzer.StringKeyAnalyzer_isBitSet_12100038540, org.apache.commons.collections4.trie.analyzer.StringKeyAnalyzer_isBitSet_12100038541, org.apache.commons.collections4.trie.analyzer.StringKeyAnalyzer_isPrefix_13259916340, org.apache.commons.collections4.trie.analyzer.StringKeyAnalyzer_isPrefix_13259916341, org.apache.commons.collections4.trie.analyzer.StringKeyAnalyzer_lengthInBits_17866944960, org.apache.commons.collections4.trie.analyzer.StringKeyAnalyzer_lengthInBits_17866944961, org.apache.commons.collections4.trie.analyzer.StringKeyAnalyzer_mask_1122172800, org.apache.commons.collections4.trie.analyzer.StringKeyAnalyzer_mask_1122172801]

 CP : /usr/local/bin/lib/junit.jar:/usr/local/bin/lib/hamcrest-core.jar:results_kex_120/COLLECTIONS-17_1/temp/testcases/mutated_code/SUT:/home/kex/results_kex_120/COLLECTIONS-17_1/temp/testcases/bin:results_kex_120/COLLECTIONS-17_1/temp/testcases/mutated_code/CUT30

Failed test initializationError(org.apache.commons.collections4.trie.analyzer.EqualityUtils)
	 flaky test, ignore !
Failed test initializationError(org.apache.commons.collections4.trie.analyzer.ReflectionUtils)
	 flaky test, ignore !
Failed test test(org.apache.commons.collections4.trie.analyzer.StringKeyAnalyzer_bitIndex_17668662490)
	 flaky test, ignore !
Failed test test(org.apache.commons.collections4.trie.analyzer.StringKeyAnalyzer_bitIndex_17668662491)
	 actual test, will stop test execution !
TestExec4MutationTask: Mutant MutationIdentifier [location=Location [clazz=org.apache.commons.collections4.trie.analyzer.StringKeyAnalyzer, method=bitIndex, methodDesc=(Ljava/lang/String;IILjava/lang/String;II)I], indexes=[21], mutator=org.pitest.mutationtest.engine.gregor.mutators.MathMutator] killed by test (org.apache.commons.collections4.trie.analyzer.StringKeyAnalyzer_bitIndex_17668662491),test)
Evaluating mutant -1702037710 using tests: [org.apache.commons.collections4.trie.analyzer.EqualityUtils, org.apache.commons.collections4.trie.analyzer.ReflectionUtils, org.apache.commons.collections4.trie.analyzer.StringKeyAnalyzer_bitIndex_17668662490, org.apache.commons.collections4.trie.analyzer.StringKeyAnalyzer_bitIndex_17668662491, org.apache.commons.collections4.trie.analyzer.StringKeyAnalyzer_bitsPerElement_13390379110, org.apache.commons.collections4.trie.analyzer.StringKeyAnalyzer_bitsPerElement_13390379111, org.apache.commons.collections4.trie.analyzer.StringKeyAnalyzer_init_3398555440, org.apache.commons.collections4.trie.analyzer.StringKeyAnalyzer_init_3398555441, org.apache.commons.collections4.trie.analyzer.StringKeyAnalyzer_isBitSet_12100038540, org.apache.commons.collections4.trie.analyzer.StringKeyAnalyzer_isBitSet_12100038541, org.apache.commons.collections4.trie.analyzer.StringKeyAnalyzer_isPrefix_13259916340, org.apache.commons.collections4.trie.analyzer.StringKeyAnalyzer_isPrefix_13259916341, org.apache.commons.collections4.trie.analyzer.StringKeyAnalyzer_lengthInBits_17866944960, org.apache.commons.collections4.trie.analyzer.StringKeyAnalyzer_lengthInBits_17866944961, org.apache.commons.collections4.trie.analyzer.StringKeyAnalyzer_mask_1122172800, org.apache.commons.collections4.trie.analyzer.StringKeyAnalyzer_mask_1122172801]

 CP : /usr/local/bin/lib/junit.jar:/usr/local/bin/lib/hamcrest-core.jar:results_kex_120/COLLECTIONS-17_1/temp/testcases/mutated_code/SUT:/home/kex/results_kex_120/COLLECTIONS-17_1/temp/testcases/bin:results_kex_120/COLLECTIONS-17_1/temp/testcases/mutated_code/CUT31

Failed test initializationError(org.apache.commons.collections4.trie.analyzer.EqualityUtils)
	 flaky test, ignore !
Failed test initializationError(org.apache.commons.collections4.trie.analyzer.ReflectionUtils)
	 flaky test, ignore !
Failed test test(org.apache.commons.collections4.trie.analyzer.StringKeyAnalyzer_bitIndex_17668662490)
	 flaky test, ignore !
Failed test test(org.apache.commons.collections4.trie.analyzer.StringKeyAnalyzer_bitIndex_17668662491)
	 actual test, will stop test execution !
TestExec4MutationTask: Mutant MutationIdentifier [location=Location [clazz=org.apache.commons.collections4.trie.analyzer.StringKeyAnalyzer, method=mask, methodDesc=(I)I], indexes=[6], mutator=org.pitest.mutationtest.engine.gregor.mutators.ReturnValsMutator] killed by test (org.apache.commons.collections4.trie.analyzer.StringKeyAnalyzer_bitIndex_17668662491),test)
Evaluating mutant 1928169747 using tests: [org.apache.commons.collections4.trie.analyzer.EqualityUtils, org.apache.commons.collections4.trie.analyzer.ReflectionUtils, org.apache.commons.collections4.trie.analyzer.StringKeyAnalyzer_bitIndex_17668662490, org.apache.commons.collections4.trie.analyzer.StringKeyAnalyzer_bitIndex_17668662491, org.apache.commons.collections4.trie.analyzer.StringKeyAnalyzer_bitsPerElement_13390379110, org.apache.commons.collections4.trie.analyzer.StringKeyAnalyzer_bitsPerElement_13390379111, org.apache.commons.collections4.trie.analyzer.StringKeyAnalyzer_init_3398555440, org.apache.commons.collections4.trie.analyzer.StringKeyAnalyzer_init_3398555441, org.apache.commons.collections4.trie.analyzer.StringKeyAnalyzer_isBitSet_12100038540, org.apache.commons.collections4.trie.analyzer.StringKeyAnalyzer_isBitSet_12100038541, org.apache.commons.collections4.trie.analyzer.StringKeyAnalyzer_isPrefix_13259916340, org.apache.commons.collections4.trie.analyzer.StringKeyAnalyzer_isPrefix_13259916341, org.apache.commons.collections4.trie.analyzer.StringKeyAnalyzer_lengthInBits_17866944960, org.apache.commons.collections4.trie.analyzer.StringKeyAnalyzer_lengthInBits_17866944961, org.apache.commons.collections4.trie.analyzer.StringKeyAnalyzer_mask_1122172800, org.apache.commons.collections4.trie.analyzer.StringKeyAnalyzer_mask_1122172801]

 CP : /usr/local/bin/lib/junit.jar:/usr/local/bin/lib/hamcrest-core.jar:results_kex_120/COLLECTIONS-17_1/temp/testcases/mutated_code/SUT:/home/kex/results_kex_120/COLLECTIONS-17_1/temp/testcases/bin:results_kex_120/COLLECTIONS-17_1/temp/testcases/mutated_code/CUT32

Failed test initializationError(org.apache.commons.collections4.trie.analyzer.EqualityUtils)
	 flaky test, ignore !
Failed test initializationError(org.apache.commons.collections4.trie.analyzer.ReflectionUtils)
	 flaky test, ignore !
Failed test test(org.apache.commons.collections4.trie.analyzer.StringKeyAnalyzer_bitIndex_17668662490)
	 flaky test, ignore !
Failed test test(org.apache.commons.collections4.trie.analyzer.StringKeyAnalyzer_bitIndex_17668662491)
	 actual test, will stop test execution !
TestExec4MutationTask: Mutant MutationIdentifier [location=Location [clazz=org.apache.commons.collections4.trie.analyzer.StringKeyAnalyzer, method=isPrefix, methodDesc=(Ljava/lang/String;IILjava/lang/String;)Z], indexes=[9], mutator=org.pitest.mutationtest.engine.gregor.mutators.MathMutator] killed by test (org.apache.commons.collections4.trie.analyzer.StringKeyAnalyzer_bitIndex_17668662491),test)
mutationResult.getState() KILLED
* Killed mutant MutationDetails [id=MutationIdentifier [location=Location [clazz=org.apache.commons.collections4.trie.analyzer.StringKeyAnalyzer, method=bitIndex, methodDesc=(Ljava/lang/String;IILjava/lang/String;II)I], indexes=[22], mutator=org.pitest.mutationtest.engine.gregor.mutators.NegateConditionalsMutator], filename=StringKeyAnalyzer.java, block=9, lineNumber=60, description=negated conditional, testsInOrder=[]]
mutationResult.getState() KILLED
* Killed mutant MutationDetails [id=MutationIdentifier [location=Location [clazz=org.apache.commons.collections4.trie.analyzer.StringKeyAnalyzer, method=isBitSet, methodDesc=(Ljava/lang/String;II)Z], indexes=[12], mutator=org.pitest.mutationtest.engine.gregor.mutators.ReturnValsMutator], filename=StringKeyAnalyzer.java, block=26, lineNumber=115, description=replaced return of integer sized value with (x == 0 ? 1 : 0), testsInOrder=[]]
mutationResult.getState() KILLED
* Killed mutant MutationDetails [id=MutationIdentifier [location=Location [clazz=org.apache.commons.collections4.trie.analyzer.StringKeyAnalyzer, method=lengthInBits, methodDesc=(Ljava/lang/String;)I], indexes=[4], mutator=org.pitest.mutationtest.engine.gregor.mutators.NegateConditionalsMutator], filename=StringKeyAnalyzer.java, block=3, lineNumber=51, description=negated conditional, testsInOrder=[]]
mutationResult.getState() KILLED
* Killed mutant MutationDetails [id=MutationIdentifier [location=Location [clazz=org.apache.commons.collections4.trie.analyzer.StringKeyAnalyzer, method=lengthInBits, methodDesc=(Ljava/lang/String;)I], indexes=[8], mutator=org.pitest.mutationtest.engine.gregor.mutators.MathMutator], filename=StringKeyAnalyzer.java, block=4, lineNumber=51, description=Replaced integer multiplication with division, testsInOrder=[]]
mutationResult.getState() KILLED
* Killed mutant MutationDetails [id=MutationIdentifier [location=Location [clazz=org.apache.commons.collections4.trie.analyzer.StringKeyAnalyzer, method=bitIndex, methodDesc=(Ljava/lang/String;IILjava/lang/String;II)I], indexes=[177], mutator=org.pitest.mutationtest.engine.gregor.mutators.ReturnValsMutator], filename=StringKeyAnalyzer.java, block=22, lineNumber=105, description=replaced return of integer sized value with (x == 0 ? 1 : 0), testsInOrder=[]]
mutationResult.getState() KILLED
* Killed mutant MutationDetails [id=MutationIdentifier [location=Location [clazz=org.apache.commons.collections4.trie.analyzer.StringKeyAnalyzer, method=bitsPerElement, methodDesc=()I], indexes=[4], mutator=org.pitest.mutationtest.engine.gregor.mutators.ReturnValsMutator], filename=StringKeyAnalyzer.java, block=2, lineNumber=46, description=replaced return of integer sized value with (x == 0 ? 1 : 0), testsInOrder=[]]
mutationResult.getState() KILLED
* Killed mutant MutationDetails [id=MutationIdentifier [location=Location [clazz=org.apache.commons.collections4.trie.analyzer.StringKeyAnalyzer, method=bitIndex, methodDesc=(Ljava/lang/String;IILjava/lang/String;II)I], indexes=[81], mutator=org.pitest.mutationtest.engine.gregor.mutators.ConditionalsBoundaryMutator], filename=StringKeyAnalyzer.java, block=11, lineNumber=77, description=changed conditional boundary, testsInOrder=[]]
mutationResult.getState() KILLED
* Killed mutant MutationDetails [id=MutationIdentifier [location=Location [clazz=org.apache.commons.collections4.trie.analyzer.StringKeyAnalyzer, method=bitIndex, methodDesc=(Ljava/lang/String;IILjava/lang/String;II)I], indexes=[42], mutator=org.pitest.mutationtest.engine.gregor.mutators.MathMutator], filename=StringKeyAnalyzer.java, block=11, lineNumber=66, description=Replaced integer division with multiplication, testsInOrder=[]]
mutationResult.getState() KILLED
* Killed mutant MutationDetails [id=MutationIdentifier [location=Location [clazz=org.apache.commons.collections4.trie.analyzer.StringKeyAnalyzer, method=bitIndex, methodDesc=(Ljava/lang/String;IILjava/lang/String;II)I], indexes=[36], mutator=org.pitest.mutationtest.engine.gregor.mutators.MathMutator], filename=StringKeyAnalyzer.java, block=11, lineNumber=65, description=Replaced integer division with multiplication, testsInOrder=[]]
mutationResult.getState() KILLED
* Killed mutant MutationDetails [id=MutationIdentifier [location=Location [clazz=org.apache.commons.collections4.trie.analyzer.StringKeyAnalyzer, method=bitIndex, methodDesc=(Ljava/lang/String;IILjava/lang/String;II)I], indexes=[50], mutator=org.pitest.mutationtest.engine.gregor.mutators.MathMutator], filename=StringKeyAnalyzer.java, block=11, lineNumber=68, description=Replaced integer addition with subtraction, testsInOrder=[]]
mutationResult.getState() KILLED
* Killed mutant MutationDetails [id=MutationIdentifier [location=Location [clazz=org.apache.commons.collections4.trie.analyzer.StringKeyAnalyzer, method=isPrefix, methodDesc=(Ljava/lang/String;IILjava/lang/String;)Z], indexes=[6], mutator=org.pitest.mutationtest.engine.gregor.mutators.NegateConditionalsMutator], filename=StringKeyAnalyzer.java, block=30, lineNumber=127, description=negated conditional, testsInOrder=[]]
mutationResult.getState() KILLED
* Killed mutant MutationDetails [id=MutationIdentifier [location=Location [clazz=org.apache.commons.collections4.trie.analyzer.StringKeyAnalyzer, method=lengthInBits, methodDesc=(Ljava/lang/String;)I], indexes=[15], mutator=org.pitest.mutationtest.engine.gregor.mutators.ReturnValsMutator], filename=StringKeyAnalyzer.java, block=5, lineNumber=51, description=replaced return of integer sized value with (x == 0 ? 1 : 0), testsInOrder=[]]
mutationResult.getState() KILLED
* Killed mutant MutationDetails [id=MutationIdentifier [location=Location [clazz=org.apache.commons.collections4.trie.analyzer.StringKeyAnalyzer, method=bitIndex, methodDesc=(Ljava/lang/String;IILjava/lang/String;II)I], indexes=[49], mutator=org.pitest.mutationtest.engine.gregor.mutators.MathMutator], filename=StringKeyAnalyzer.java, block=11, lineNumber=68, description=Replaced integer division with multiplication, testsInOrder=[]]
mutationResult.getState() KILLED
* Killed mutant MutationDetails [id=MutationIdentifier [location=Location [clazz=org.apache.commons.collections4.trie.analyzer.StringKeyAnalyzer, method=isBitSet, methodDesc=(Ljava/lang/String;II)Z], indexes=[4], mutator=org.pitest.mutationtest.engine.gregor.mutators.NegateConditionalsMutator], filename=StringKeyAnalyzer.java, block=24, lineNumber=114, description=negated conditional, testsInOrder=[]]
mutationResult.getState() KILLED
* Killed mutant MutationDetails [id=MutationIdentifier [location=Location [clazz=org.apache.commons.collections4.trie.analyzer.StringKeyAnalyzer, method=isPrefix, methodDesc=(Ljava/lang/String;IILjava/lang/String;)Z], indexes=[10], mutator=org.pitest.mutationtest.engine.gregor.mutators.NegateConditionalsMutator], filename=StringKeyAnalyzer.java, block=31, lineNumber=127, description=negated conditional, testsInOrder=[]]
mutationResult.getState() KILLED
* Killed mutant MutationDetails [id=MutationIdentifier [location=Location [clazz=org.apache.commons.collections4.trie.analyzer.StringKeyAnalyzer, method=bitIndex, methodDesc=(Ljava/lang/String;IILjava/lang/String;II)I], indexes=[10], mutator=org.pitest.mutationtest.engine.gregor.mutators.NegateConditionalsMutator], filename=StringKeyAnalyzer.java, block=6, lineNumber=60, description=negated conditional, testsInOrder=[]]
mutationResult.getState() KILLED
* Killed mutant MutationDetails [id=MutationIdentifier [location=Location [clazz=org.apache.commons.collections4.trie.analyzer.StringKeyAnalyzer, method=isBitSet, methodDesc=(Ljava/lang/String;II)Z], indexes=[7], mutator=org.pitest.mutationtest.engine.gregor.mutators.NegateConditionalsMutator], filename=StringKeyAnalyzer.java, block=25, lineNumber=114, description=negated conditional, testsInOrder=[]]
mutationResult.getState() KILLED
* Killed mutant MutationDetails [id=MutationIdentifier [location=Location [clazz=org.apache.commons.collections4.trie.analyzer.StringKeyAnalyzer, method=bitIndex, methodDesc=(Ljava/lang/String;IILjava/lang/String;II)I], indexes=[58], mutator=org.pitest.mutationtest.engine.gregor.mutators.MathMutator], filename=StringKeyAnalyzer.java, block=11, lineNumber=69, description=Replaced integer addition with subtraction, testsInOrder=[]]
mutationResult.getState() KILLED
* Killed mutant MutationDetails [id=MutationIdentifier [location=Location [clazz=org.apache.commons.collections4.trie.analyzer.StringKeyAnalyzer, method=bitIndex, methodDesc=(Ljava/lang/String;IILjava/lang/String;II)I], indexes=[14], mutator=org.pitest.mutationtest.engine.gregor.mutators.NegateConditionalsMutator], filename=StringKeyAnalyzer.java, block=7, lineNumber=60, description=negated conditional, testsInOrder=[]]
mutationResult.getState() KILLED
* Killed mutant MutationDetails [id=MutationIdentifier [location=Location [clazz=org.apache.commons.collections4.trie.analyzer.StringKeyAnalyzer, method=bitIndex, methodDesc=(Ljava/lang/String;IILjava/lang/String;II)I], indexes=[57], mutator=org.pitest.mutationtest.engine.gregor.mutators.MathMutator], filename=StringKeyAnalyzer.java, block=11, lineNumber=69, description=Replaced integer division with multiplication, testsInOrder=[]]
mutationResult.getState() KILLED
* Killed mutant MutationDetails [id=MutationIdentifier [location=Location [clazz=org.apache.commons.collections4.trie.analyzer.StringKeyAnalyzer, method=bitIndex, methodDesc=(Ljava/lang/String;IILjava/lang/String;II)I], indexes=[81], mutator=org.pitest.mutationtest.engine.gregor.mutators.NegateConditionalsMutator], filename=StringKeyAnalyzer.java, block=11, lineNumber=77, description=negated conditional, testsInOrder=[]]
mutationResult.getState() KILLED
* Killed mutant MutationDetails [id=MutationIdentifier [location=Location [clazz=org.apache.commons.collections4.trie.analyzer.StringKeyAnalyzer, method=mask, methodDesc=(I)I], indexes=[5], mutator=org.pitest.mutationtest.engine.gregor.mutators.MathMutator], filename=StringKeyAnalyzer.java, block=1, lineNumber=41, description=Replaced Unsigned Shift Right with Shift Left, testsInOrder=[]]
mutationResult.getState() KILLED
* Killed mutant MutationDetails [id=MutationIdentifier [location=Location [clazz=org.apache.commons.collections4.trie.analyzer.StringKeyAnalyzer, method=bitIndex, methodDesc=(Ljava/lang/String;IILjava/lang/String;II)I], indexes=[18], mutator=org.pitest.mutationtest.engine.gregor.mutators.NegateConditionalsMutator], filename=StringKeyAnalyzer.java, block=8, lineNumber=60, description=negated conditional, testsInOrder=[]]
mutationResult.getState() KILLED
* Killed mutant MutationDetails [id=MutationIdentifier [location=Location [clazz=org.apache.commons.collections4.trie.analyzer.StringKeyAnalyzer, method=isPrefix, methodDesc=(Ljava/lang/String;IILjava/lang/String;)Z], indexes=[5], mutator=org.pitest.mutationtest.engine.gregor.mutators.MathMutator], filename=StringKeyAnalyzer.java, block=30, lineNumber=127, description=Replaced integer modulus with multiplication, testsInOrder=[]]
mutationResult.getState() KILLED
* Killed mutant MutationDetails [id=MutationIdentifier [location=Location [clazz=org.apache.commons.collections4.trie.analyzer.StringKeyAnalyzer, method=bitIndex, methodDesc=(Ljava/lang/String;IILjava/lang/String;II)I], indexes=[9], mutator=org.pitest.mutationtest.engine.gregor.mutators.MathMutator], filename=StringKeyAnalyzer.java, block=6, lineNumber=60, description=Replaced integer modulus with multiplication, testsInOrder=[]]
mutationResult.getState() KILLED
* Killed mutant MutationDetails [id=MutationIdentifier [location=Location [clazz=org.apache.commons.collections4.trie.analyzer.StringKeyAnalyzer, method=bitIndex, methodDesc=(Ljava/lang/String;IILjava/lang/String;II)I], indexes=[167], mutator=org.pitest.mutationtest.engine.gregor.mutators.IncrementsMutator], filename=StringKeyAnalyzer.java, block=20, lineNumber=77, description=Changed increment from 1 to -1, testsInOrder=[]]
mutationResult.getState() KILLED
* Killed mutant MutationDetails [id=MutationIdentifier [location=Location [clazz=org.apache.commons.collections4.trie.analyzer.StringKeyAnalyzer, method=bitIndex, methodDesc=(Ljava/lang/String;IILjava/lang/String;II)I], indexes=[17], mutator=org.pitest.mutationtest.engine.gregor.mutators.MathMutator], filename=StringKeyAnalyzer.java, block=8, lineNumber=60, description=Replaced integer modulus with multiplication, testsInOrder=[]]
mutationResult.getState() KILLED
* Killed mutant MutationDetails [id=MutationIdentifier [location=Location [clazz=org.apache.commons.collections4.trie.analyzer.StringKeyAnalyzer, method=isBitSet, methodDesc=(Ljava/lang/String;II)Z], indexes=[7], mutator=org.pitest.mutationtest.engine.gregor.mutators.ConditionalsBoundaryMutator], filename=StringKeyAnalyzer.java, block=25, lineNumber=114, description=changed conditional boundary, testsInOrder=[]]
mutationResult.getState() KILLED
* Killed mutant MutationDetails [id=MutationIdentifier [location=Location [clazz=org.apache.commons.collections4.trie.analyzer.StringKeyAnalyzer, method=bitIndex, methodDesc=(Ljava/lang/String;IILjava/lang/String;II)I], indexes=[13], mutator=org.pitest.mutationtest.engine.gregor.mutators.MathMutator], filename=StringKeyAnalyzer.java, block=7, lineNumber=60, description=Replaced integer modulus with multiplication, testsInOrder=[]]
mutationResult.getState() KILLED
* Killed mutant MutationDetails [id=MutationIdentifier [location=Location [clazz=org.apache.commons.collections4.trie.analyzer.StringKeyAnalyzer, method=bitIndex, methodDesc=(Ljava/lang/String;IILjava/lang/String;II)I], indexes=[173], mutator=org.pitest.mutationtest.engine.gregor.mutators.NegateConditionalsMutator], filename=StringKeyAnalyzer.java, block=21, lineNumber=104, description=negated conditional, testsInOrder=[]]
mutationResult.getState() KILLED
* Killed mutant MutationDetails [id=MutationIdentifier [location=Location [clazz=org.apache.commons.collections4.trie.analyzer.StringKeyAnalyzer, method=bitIndex, methodDesc=(Ljava/lang/String;IILjava/lang/String;II)I], indexes=[21], mutator=org.pitest.mutationtest.engine.gregor.mutators.MathMutator], filename=StringKeyAnalyzer.java, block=9, lineNumber=60, description=Replaced integer modulus with multiplication, testsInOrder=[]]
mutationResult.getState() KILLED
* Killed mutant MutationDetails [id=MutationIdentifier [location=Location [clazz=org.apache.commons.collections4.trie.analyzer.StringKeyAnalyzer, method=mask, methodDesc=(I)I], indexes=[6], mutator=org.pitest.mutationtest.engine.gregor.mutators.ReturnValsMutator], filename=StringKeyAnalyzer.java, block=1, lineNumber=41, description=replaced return of integer sized value with (x == 0 ? 1 : 0), testsInOrder=[]]
mutationResult.getState() KILLED
* Killed mutant MutationDetails [id=MutationIdentifier [location=Location [clazz=org.apache.commons.collections4.trie.analyzer.StringKeyAnalyzer, method=isPrefix, methodDesc=(Ljava/lang/String;IILjava/lang/String;)Z], indexes=[9], mutator=org.pitest.mutationtest.engine.gregor.mutators.MathMutator], filename=StringKeyAnalyzer.java, block=31, lineNumber=127, description=Replaced integer modulus with multiplication, testsInOrder=[]]

>>> RESULTS:
	Tool name: kex
	Benchmark: COLLECTIONS-17
	Class Under Test: org.apache.commons.collections4.trie.analyzer.StringKeyAnalyzer
	Run number: 1
	Tool preparation time (ms): 7865
	Tool test cases generation time (ms): 633954
	Test cases execution time (ms): 232
	Test case number: 14
	Uncompilable Test Classes: 0
	Broken tests number: 5
	Failing tests number: 0
	Lines total: 40
	Lines covered: 21
	Lines coverage ratio (%): 52.499996
	Conditions total: 34
	Conditions covered: 13
	Conditions coverage ratio (%): 38.235294
	Mutants total: 56
	Mutants covered: 33
	Mutants coverage ratio (%): 58.928574
	Mutants killed: 33
	Mutants killed ratio (%): 58.928574
	Mutants alive: 23


Class org.apache.commons.collections4.trie.analyzer.StringKeyAnalyzer ended.
Stopping process...
Tool subprocess is an instance of java.lang.UNIXProcess
Tool subprocess Id is 230028
Killing master process 230028
Executing command kill -9 230028
Execution of command kill -9 230028 finished.
Process was destroyed
