
>>> TOOL NAME:  kex

>>> BENCHMARK:  COLLECTIONS-8

>>> RUN NUMBER: 1

>>> MODE: --only-compute-metrics
Creating directory ./temp
Creating directory ./temp/data
Creating directory ./temp/testcases
Executing /home/kex/./runtool
>> BENCHMARK
>> /var/benchmarks/projects/commons-collections/src/main/java
>> /var/benchmarks/projects/commons-collections/target/classes
>> 23
>> /var/benchmarks/projects/commons-collections/target/commons-collections4-4.5-SNAPSHOT.jar
>> /var/benchmarks/projects/commons-collections/target/dependency/error_prone_annotations-2.18.0.jar
>> /var/benchmarks/projects/commons-collections/target/dependency/junit-jupiter-params-5.9.3.jar
>> /var/benchmarks/projects/commons-collections/target/dependency/hamcrest-core-1.3.jar
>> /var/benchmarks/projects/commons-collections/target/dependency/easymock-5.1.0.jar
>> /var/benchmarks/projects/commons-collections/target/dependency/checker-qual-3.33.0.jar
>> /var/benchmarks/projects/commons-collections/target/dependency/junit-jupiter-engine-5.9.3.jar
>> /var/benchmarks/projects/commons-collections/target/dependency/junit-platform-engine-1.9.3.jar
>> /var/benchmarks/projects/commons-collections/target/dependency/commons-lang3-3.13.0.jar
>> /var/benchmarks/projects/commons-collections/target/dependency/listenablefuture-9999.0-empty-to-avoid-conflict-with-guava.jar
>> /var/benchmarks/projects/commons-collections/target/dependency/junit-jupiter-api-5.9.3.jar
>> /var/benchmarks/projects/commons-collections/target/dependency/commons-codec-1.16.0.jar
>> /var/benchmarks/projects/commons-collections/target/dependency/apiguardian-api-1.1.2.jar
>> /var/benchmarks/projects/commons-collections/target/dependency/opentest4j-1.2.0.jar
>> /var/benchmarks/projects/commons-collections/target/dependency/failureaccess-1.0.1.jar
>> /var/benchmarks/projects/commons-collections/target/dependency/jsr305-3.0.2.jar
>> /var/benchmarks/projects/commons-collections/target/dependency/objenesis-3.3.jar
>> /var/benchmarks/projects/commons-collections/target/dependency/guava-testlib-32.1.2-jre.jar
>> /var/benchmarks/projects/commons-collections/target/dependency/j2objc-annotations-2.8.jar
>> /var/benchmarks/projects/commons-collections/target/dependency/hamcrest-2.2.jar
>> /var/benchmarks/projects/commons-collections/target/dependency/junit-4.13.2.jar
>> /var/benchmarks/projects/commons-collections/target/dependency/commons-io-2.13.0.jar
>> /var/benchmarks/projects/commons-collections/target/dependency/guava-32.1.2-jre.jar
>> 0
expecting CLASSPATH or READY
<< READY
>> 120


### COMPUTING METRICS ###: org.apache.commons.collections4.functors.ChainedTransformer


Starting class org.apache.commons.collections4.functors.ChainedTransformer


Ending class org.apache.commons.collections4.functors.ChainedTransformer
Creating directory results_kex_120/COLLECTIONS-8_1/temp/testcases/bin
Creating dummy JUnit test file

---Compilation---

===
javac command line:
/usr/bin/javac -sourcepath /home/kex/results_kex_120/COLLECTIONS-8_1/temp/testcases -cp /var/benchmarks/projects/commons-collections/target/commons-collections4-4.5-SNAPSHOT.jar:/var/benchmarks/projects/commons-collections/target/dependency/error_prone_annotations-2.18.0.jar:/var/benchmarks/projects/commons-collections/target/dependency/junit-jupiter-params-5.9.3.jar:/var/benchmarks/projects/commons-collections/target/dependency/hamcrest-core-1.3.jar:/var/benchmarks/projects/commons-collections/target/dependency/easymock-5.1.0.jar:/var/benchmarks/projects/commons-collections/target/dependency/checker-qual-3.33.0.jar:/var/benchmarks/projects/commons-collections/target/dependency/junit-jupiter-engine-5.9.3.jar:/var/benchmarks/projects/commons-collections/target/dependency/junit-platform-engine-1.9.3.jar:/var/benchmarks/projects/commons-collections/target/dependency/commons-lang3-3.13.0.jar:/var/benchmarks/projects/commons-collections/target/dependency/listenablefuture-9999.0-empty-to-avoid-conflict-with-guava.jar:/var/benchmarks/projects/commons-collections/target/dependency/junit-jupiter-api-5.9.3.jar:/var/benchmarks/projects/commons-collections/target/dependency/commons-codec-1.16.0.jar:/var/benchmarks/projects/commons-collections/target/dependency/apiguardian-api-1.1.2.jar:/var/benchmarks/projects/commons-collections/target/dependency/opentest4j-1.2.0.jar:/var/benchmarks/projects/commons-collections/target/dependency/failureaccess-1.0.1.jar:/var/benchmarks/projects/commons-collections/target/dependency/jsr305-3.0.2.jar:/var/benchmarks/projects/commons-collections/target/dependency/objenesis-3.3.jar:/var/benchmarks/projects/commons-collections/target/dependency/guava-testlib-32.1.2-jre.jar:/var/benchmarks/projects/commons-collections/target/dependency/j2objc-annotations-2.8.jar:/var/benchmarks/projects/commons-collections/target/dependency/hamcrest-2.2.jar:/var/benchmarks/projects/commons-collections/target/dependency/junit-4.13.2.jar:/var/benchmarks/projects/commons-collections/target/dependency/commons-io-2.13.0.jar:/var/benchmarks/projects/commons-collections/target/dependency/guava-32.1.2-jre.jar:/usr/local/bin/lib/junit.jar:/usr/local/bin/lib/hamcrest-core.jar -d results_kex_120/COLLECTIONS-8_1/temp/testcases/bin /home/kex/results_kex_120/COLLECTIONS-8_1/temp/testcases/SBSTDummyForCoverageAndMutationCalculation.java


===
javac command line:
/usr/bin/javac -sourcepath /home/kex/results_kex_120/COLLECTIONS-8_1/temp/testcases -cp /var/benchmarks/projects/commons-collections/target/commons-collections4-4.5-SNAPSHOT.jar:/var/benchmarks/projects/commons-collections/target/dependency/error_prone_annotations-2.18.0.jar:/var/benchmarks/projects/commons-collections/target/dependency/junit-jupiter-params-5.9.3.jar:/var/benchmarks/projects/commons-collections/target/dependency/hamcrest-core-1.3.jar:/var/benchmarks/projects/commons-collections/target/dependency/easymock-5.1.0.jar:/var/benchmarks/projects/commons-collections/target/dependency/checker-qual-3.33.0.jar:/var/benchmarks/projects/commons-collections/target/dependency/junit-jupiter-engine-5.9.3.jar:/var/benchmarks/projects/commons-collections/target/dependency/junit-platform-engine-1.9.3.jar:/var/benchmarks/projects/commons-collections/target/dependency/commons-lang3-3.13.0.jar:/var/benchmarks/projects/commons-collections/target/dependency/listenablefuture-9999.0-empty-to-avoid-conflict-with-guava.jar:/var/benchmarks/projects/commons-collections/target/dependency/junit-jupiter-api-5.9.3.jar:/var/benchmarks/projects/commons-collections/target/dependency/commons-codec-1.16.0.jar:/var/benchmarks/projects/commons-collections/target/dependency/apiguardian-api-1.1.2.jar:/var/benchmarks/projects/commons-collections/target/dependency/opentest4j-1.2.0.jar:/var/benchmarks/projects/commons-collections/target/dependency/failureaccess-1.0.1.jar:/var/benchmarks/projects/commons-collections/target/dependency/jsr305-3.0.2.jar:/var/benchmarks/projects/commons-collections/target/dependency/objenesis-3.3.jar:/var/benchmarks/projects/commons-collections/target/dependency/guava-testlib-32.1.2-jre.jar:/var/benchmarks/projects/commons-collections/target/dependency/j2objc-annotations-2.8.jar:/var/benchmarks/projects/commons-collections/target/dependency/hamcrest-2.2.jar:/var/benchmarks/projects/commons-collections/target/dependency/junit-4.13.2.jar:/var/benchmarks/projects/commons-collections/target/dependency/commons-io-2.13.0.jar:/var/benchmarks/projects/commons-collections/target/dependency/guava-32.1.2-jre.jar:/usr/local/bin/lib/junit.jar:/usr/local/bin/lib/hamcrest-core.jar -d results_kex_120/COLLECTIONS-8_1/temp/testcases/bin /home/kex/results_kex_120/COLLECTIONS-8_1/temp/testcases/org/apache/commons/collections4/functors/ChainedTransformer_chainedTransformer_9511121790.java

/home/kex/results_kex_120/COLLECTIONS-8_1/temp/testcases/org/apache/commons/collections4/functors/ReflectionUtils.java:9: warning: Unsafe is internal proprietary API and may be removed in a future release
import sun.misc.Unsafe;
               ^
/home/kex/results_kex_120/COLLECTIONS-8_1/temp/testcases/org/apache/commons/collections4/functors/ReflectionUtils.java:13: warning: Unsafe is internal proprietary API and may be removed in a future release
    public static final Unsafe UNSAFE;
                        ^
/home/kex/results_kex_120/COLLECTIONS-8_1/temp/testcases/org/apache/commons/collections4/functors/ReflectionUtils.java:17: warning: Unsafe is internal proprietary API and may be removed in a future release
            final Field uns = Unsafe.class.getDeclaredField("theUnsafe");
                              ^
/home/kex/results_kex_120/COLLECTIONS-8_1/temp/testcases/org/apache/commons/collections4/functors/ReflectionUtils.java:19: warning: Unsafe is internal proprietary API and may be removed in a future release
            UNSAFE = (Unsafe) uns.get(null);
                      ^
4 warnings
Compiled 'org/apache/commons/collections4/functors/ChainedTransformer_chainedTransformer_9511121790.java'

===
javac command line:
/usr/bin/javac -sourcepath /home/kex/results_kex_120/COLLECTIONS-8_1/temp/testcases -cp /var/benchmarks/projects/commons-collections/target/commons-collections4-4.5-SNAPSHOT.jar:/var/benchmarks/projects/commons-collections/target/dependency/error_prone_annotations-2.18.0.jar:/var/benchmarks/projects/commons-collections/target/dependency/junit-jupiter-params-5.9.3.jar:/var/benchmarks/projects/commons-collections/target/dependency/hamcrest-core-1.3.jar:/var/benchmarks/projects/commons-collections/target/dependency/easymock-5.1.0.jar:/var/benchmarks/projects/commons-collections/target/dependency/checker-qual-3.33.0.jar:/var/benchmarks/projects/commons-collections/target/dependency/junit-jupiter-engine-5.9.3.jar:/var/benchmarks/projects/commons-collections/target/dependency/junit-platform-engine-1.9.3.jar:/var/benchmarks/projects/commons-collections/target/dependency/commons-lang3-3.13.0.jar:/var/benchmarks/projects/commons-collections/target/dependency/listenablefuture-9999.0-empty-to-avoid-conflict-with-guava.jar:/var/benchmarks/projects/commons-collections/target/dependency/junit-jupiter-api-5.9.3.jar:/var/benchmarks/projects/commons-collections/target/dependency/commons-codec-1.16.0.jar:/var/benchmarks/projects/commons-collections/target/dependency/apiguardian-api-1.1.2.jar:/var/benchmarks/projects/commons-collections/target/dependency/opentest4j-1.2.0.jar:/var/benchmarks/projects/commons-collections/target/dependency/failureaccess-1.0.1.jar:/var/benchmarks/projects/commons-collections/target/dependency/jsr305-3.0.2.jar:/var/benchmarks/projects/commons-collections/target/dependency/objenesis-3.3.jar:/var/benchmarks/projects/commons-collections/target/dependency/guava-testlib-32.1.2-jre.jar:/var/benchmarks/projects/commons-collections/target/dependency/j2objc-annotations-2.8.jar:/var/benchmarks/projects/commons-collections/target/dependency/hamcrest-2.2.jar:/var/benchmarks/projects/commons-collections/target/dependency/junit-4.13.2.jar:/var/benchmarks/projects/commons-collections/target/dependency/commons-io-2.13.0.jar:/var/benchmarks/projects/commons-collections/target/dependency/guava-32.1.2-jre.jar:/usr/local/bin/lib/junit.jar:/usr/local/bin/lib/hamcrest-core.jar -d results_kex_120/COLLECTIONS-8_1/temp/testcases/bin /home/kex/results_kex_120/COLLECTIONS-8_1/temp/testcases/org/apache/commons/collections4/functors/ChainedTransformer_chainedTransformer_984424590.java

/home/kex/results_kex_120/COLLECTIONS-8_1/temp/testcases/org/apache/commons/collections4/functors/ReflectionUtils.java:9: warning: Unsafe is internal proprietary API and may be removed in a future release
import sun.misc.Unsafe;
               ^
/home/kex/results_kex_120/COLLECTIONS-8_1/temp/testcases/org/apache/commons/collections4/functors/ReflectionUtils.java:13: warning: Unsafe is internal proprietary API and may be removed in a future release
    public static final Unsafe UNSAFE;
                        ^
/home/kex/results_kex_120/COLLECTIONS-8_1/temp/testcases/org/apache/commons/collections4/functors/ReflectionUtils.java:17: warning: Unsafe is internal proprietary API and may be removed in a future release
            final Field uns = Unsafe.class.getDeclaredField("theUnsafe");
                              ^
/home/kex/results_kex_120/COLLECTIONS-8_1/temp/testcases/org/apache/commons/collections4/functors/ReflectionUtils.java:19: warning: Unsafe is internal proprietary API and may be removed in a future release
            UNSAFE = (Unsafe) uns.get(null);
                      ^
4 warnings
Compiled 'org/apache/commons/collections4/functors/ChainedTransformer_chainedTransformer_984424590.java'

===
javac command line:
/usr/bin/javac -sourcepath /home/kex/results_kex_120/COLLECTIONS-8_1/temp/testcases -cp /var/benchmarks/projects/commons-collections/target/commons-collections4-4.5-SNAPSHOT.jar:/var/benchmarks/projects/commons-collections/target/dependency/error_prone_annotations-2.18.0.jar:/var/benchmarks/projects/commons-collections/target/dependency/junit-jupiter-params-5.9.3.jar:/var/benchmarks/projects/commons-collections/target/dependency/hamcrest-core-1.3.jar:/var/benchmarks/projects/commons-collections/target/dependency/easymock-5.1.0.jar:/var/benchmarks/projects/commons-collections/target/dependency/checker-qual-3.33.0.jar:/var/benchmarks/projects/commons-collections/target/dependency/junit-jupiter-engine-5.9.3.jar:/var/benchmarks/projects/commons-collections/target/dependency/junit-platform-engine-1.9.3.jar:/var/benchmarks/projects/commons-collections/target/dependency/commons-lang3-3.13.0.jar:/var/benchmarks/projects/commons-collections/target/dependency/listenablefuture-9999.0-empty-to-avoid-conflict-with-guava.jar:/var/benchmarks/projects/commons-collections/target/dependency/junit-jupiter-api-5.9.3.jar:/var/benchmarks/projects/commons-collections/target/dependency/commons-codec-1.16.0.jar:/var/benchmarks/projects/commons-collections/target/dependency/apiguardian-api-1.1.2.jar:/var/benchmarks/projects/commons-collections/target/dependency/opentest4j-1.2.0.jar:/var/benchmarks/projects/commons-collections/target/dependency/failureaccess-1.0.1.jar:/var/benchmarks/projects/commons-collections/target/dependency/jsr305-3.0.2.jar:/var/benchmarks/projects/commons-collections/target/dependency/objenesis-3.3.jar:/var/benchmarks/projects/commons-collections/target/dependency/guava-testlib-32.1.2-jre.jar:/var/benchmarks/projects/commons-collections/target/dependency/j2objc-annotations-2.8.jar:/var/benchmarks/projects/commons-collections/target/dependency/hamcrest-2.2.jar:/var/benchmarks/projects/commons-collections/target/dependency/junit-4.13.2.jar:/var/benchmarks/projects/commons-collections/target/dependency/commons-io-2.13.0.jar:/var/benchmarks/projects/commons-collections/target/dependency/guava-32.1.2-jre.jar:/usr/local/bin/lib/junit.jar:/usr/local/bin/lib/hamcrest-core.jar -d results_kex_120/COLLECTIONS-8_1/temp/testcases/bin /home/kex/results_kex_120/COLLECTIONS-8_1/temp/testcases/org/apache/commons/collections4/functors/ChainedTransformer_chainedTransformer_984424591.java

/home/kex/results_kex_120/COLLECTIONS-8_1/temp/testcases/org/apache/commons/collections4/functors/ReflectionUtils.java:9: warning: Unsafe is internal proprietary API and may be removed in a future release
import sun.misc.Unsafe;
               ^
/home/kex/results_kex_120/COLLECTIONS-8_1/temp/testcases/org/apache/commons/collections4/functors/ReflectionUtils.java:13: warning: Unsafe is internal proprietary API and may be removed in a future release
    public static final Unsafe UNSAFE;
                        ^
/home/kex/results_kex_120/COLLECTIONS-8_1/temp/testcases/org/apache/commons/collections4/functors/ReflectionUtils.java:17: warning: Unsafe is internal proprietary API and may be removed in a future release
            final Field uns = Unsafe.class.getDeclaredField("theUnsafe");
                              ^
/home/kex/results_kex_120/COLLECTIONS-8_1/temp/testcases/org/apache/commons/collections4/functors/ReflectionUtils.java:19: warning: Unsafe is internal proprietary API and may be removed in a future release
            UNSAFE = (Unsafe) uns.get(null);
                      ^
4 warnings
Compiled 'org/apache/commons/collections4/functors/ChainedTransformer_chainedTransformer_984424591.java'

===
javac command line:
/usr/bin/javac -sourcepath /home/kex/results_kex_120/COLLECTIONS-8_1/temp/testcases -cp /var/benchmarks/projects/commons-collections/target/commons-collections4-4.5-SNAPSHOT.jar:/var/benchmarks/projects/commons-collections/target/dependency/error_prone_annotations-2.18.0.jar:/var/benchmarks/projects/commons-collections/target/dependency/junit-jupiter-params-5.9.3.jar:/var/benchmarks/projects/commons-collections/target/dependency/hamcrest-core-1.3.jar:/var/benchmarks/projects/commons-collections/target/dependency/easymock-5.1.0.jar:/var/benchmarks/projects/commons-collections/target/dependency/checker-qual-3.33.0.jar:/var/benchmarks/projects/commons-collections/target/dependency/junit-jupiter-engine-5.9.3.jar:/var/benchmarks/projects/commons-collections/target/dependency/junit-platform-engine-1.9.3.jar:/var/benchmarks/projects/commons-collections/target/dependency/commons-lang3-3.13.0.jar:/var/benchmarks/projects/commons-collections/target/dependency/listenablefuture-9999.0-empty-to-avoid-conflict-with-guava.jar:/var/benchmarks/projects/commons-collections/target/dependency/junit-jupiter-api-5.9.3.jar:/var/benchmarks/projects/commons-collections/target/dependency/commons-codec-1.16.0.jar:/var/benchmarks/projects/commons-collections/target/dependency/apiguardian-api-1.1.2.jar:/var/benchmarks/projects/commons-collections/target/dependency/opentest4j-1.2.0.jar:/var/benchmarks/projects/commons-collections/target/dependency/failureaccess-1.0.1.jar:/var/benchmarks/projects/commons-collections/target/dependency/jsr305-3.0.2.jar:/var/benchmarks/projects/commons-collections/target/dependency/objenesis-3.3.jar:/var/benchmarks/projects/commons-collections/target/dependency/guava-testlib-32.1.2-jre.jar:/var/benchmarks/projects/commons-collections/target/dependency/j2objc-annotations-2.8.jar:/var/benchmarks/projects/commons-collections/target/dependency/hamcrest-2.2.jar:/var/benchmarks/projects/commons-collections/target/dependency/junit-4.13.2.jar:/var/benchmarks/projects/commons-collections/target/dependency/commons-io-2.13.0.jar:/var/benchmarks/projects/commons-collections/target/dependency/guava-32.1.2-jre.jar:/usr/local/bin/lib/junit.jar:/usr/local/bin/lib/hamcrest-core.jar -d results_kex_120/COLLECTIONS-8_1/temp/testcases/bin /home/kex/results_kex_120/COLLECTIONS-8_1/temp/testcases/org/apache/commons/collections4/functors/ChainedTransformer_getTransformers_6031214080.java

/home/kex/results_kex_120/COLLECTIONS-8_1/temp/testcases/org/apache/commons/collections4/functors/ReflectionUtils.java:9: warning: Unsafe is internal proprietary API and may be removed in a future release
import sun.misc.Unsafe;
               ^
/home/kex/results_kex_120/COLLECTIONS-8_1/temp/testcases/org/apache/commons/collections4/functors/ReflectionUtils.java:13: warning: Unsafe is internal proprietary API and may be removed in a future release
    public static final Unsafe UNSAFE;
                        ^
/home/kex/results_kex_120/COLLECTIONS-8_1/temp/testcases/org/apache/commons/collections4/functors/ReflectionUtils.java:17: warning: Unsafe is internal proprietary API and may be removed in a future release
            final Field uns = Unsafe.class.getDeclaredField("theUnsafe");
                              ^
/home/kex/results_kex_120/COLLECTIONS-8_1/temp/testcases/org/apache/commons/collections4/functors/ReflectionUtils.java:19: warning: Unsafe is internal proprietary API and may be removed in a future release
            UNSAFE = (Unsafe) uns.get(null);
                      ^
4 warnings
Compiled 'org/apache/commons/collections4/functors/ChainedTransformer_getTransformers_6031214080.java'

===
javac command line:
/usr/bin/javac -sourcepath /home/kex/results_kex_120/COLLECTIONS-8_1/temp/testcases -cp /var/benchmarks/projects/commons-collections/target/commons-collections4-4.5-SNAPSHOT.jar:/var/benchmarks/projects/commons-collections/target/dependency/error_prone_annotations-2.18.0.jar:/var/benchmarks/projects/commons-collections/target/dependency/junit-jupiter-params-5.9.3.jar:/var/benchmarks/projects/commons-collections/target/dependency/hamcrest-core-1.3.jar:/var/benchmarks/projects/commons-collections/target/dependency/easymock-5.1.0.jar:/var/benchmarks/projects/commons-collections/target/dependency/checker-qual-3.33.0.jar:/var/benchmarks/projects/commons-collections/target/dependency/junit-jupiter-engine-5.9.3.jar:/var/benchmarks/projects/commons-collections/target/dependency/junit-platform-engine-1.9.3.jar:/var/benchmarks/projects/commons-collections/target/dependency/commons-lang3-3.13.0.jar:/var/benchmarks/projects/commons-collections/target/dependency/listenablefuture-9999.0-empty-to-avoid-conflict-with-guava.jar:/var/benchmarks/projects/commons-collections/target/dependency/junit-jupiter-api-5.9.3.jar:/var/benchmarks/projects/commons-collections/target/dependency/commons-codec-1.16.0.jar:/var/benchmarks/projects/commons-collections/target/dependency/apiguardian-api-1.1.2.jar:/var/benchmarks/projects/commons-collections/target/dependency/opentest4j-1.2.0.jar:/var/benchmarks/projects/commons-collections/target/dependency/failureaccess-1.0.1.jar:/var/benchmarks/projects/commons-collections/target/dependency/jsr305-3.0.2.jar:/var/benchmarks/projects/commons-collections/target/dependency/objenesis-3.3.jar:/var/benchmarks/projects/commons-collections/target/dependency/guava-testlib-32.1.2-jre.jar:/var/benchmarks/projects/commons-collections/target/dependency/j2objc-annotations-2.8.jar:/var/benchmarks/projects/commons-collections/target/dependency/hamcrest-2.2.jar:/var/benchmarks/projects/commons-collections/target/dependency/junit-4.13.2.jar:/var/benchmarks/projects/commons-collections/target/dependency/commons-io-2.13.0.jar:/var/benchmarks/projects/commons-collections/target/dependency/guava-32.1.2-jre.jar:/usr/local/bin/lib/junit.jar:/usr/local/bin/lib/hamcrest-core.jar -d results_kex_120/COLLECTIONS-8_1/temp/testcases/bin /home/kex/results_kex_120/COLLECTIONS-8_1/temp/testcases/org/apache/commons/collections4/functors/ChainedTransformer_getTransformers_6031214081.java

/home/kex/results_kex_120/COLLECTIONS-8_1/temp/testcases/org/apache/commons/collections4/functors/ReflectionUtils.java:9: warning: Unsafe is internal proprietary API and may be removed in a future release
import sun.misc.Unsafe;
               ^
/home/kex/results_kex_120/COLLECTIONS-8_1/temp/testcases/org/apache/commons/collections4/functors/ReflectionUtils.java:13: warning: Unsafe is internal proprietary API and may be removed in a future release
    public static final Unsafe UNSAFE;
                        ^
/home/kex/results_kex_120/COLLECTIONS-8_1/temp/testcases/org/apache/commons/collections4/functors/ReflectionUtils.java:17: warning: Unsafe is internal proprietary API and may be removed in a future release
            final Field uns = Unsafe.class.getDeclaredField("theUnsafe");
                              ^
/home/kex/results_kex_120/COLLECTIONS-8_1/temp/testcases/org/apache/commons/collections4/functors/ReflectionUtils.java:19: warning: Unsafe is internal proprietary API and may be removed in a future release
            UNSAFE = (Unsafe) uns.get(null);
                      ^
4 warnings
Compiled 'org/apache/commons/collections4/functors/ChainedTransformer_getTransformers_6031214081.java'

===
javac command line:
/usr/bin/javac -sourcepath /home/kex/results_kex_120/COLLECTIONS-8_1/temp/testcases -cp /var/benchmarks/projects/commons-collections/target/commons-collections4-4.5-SNAPSHOT.jar:/var/benchmarks/projects/commons-collections/target/dependency/error_prone_annotations-2.18.0.jar:/var/benchmarks/projects/commons-collections/target/dependency/junit-jupiter-params-5.9.3.jar:/var/benchmarks/projects/commons-collections/target/dependency/hamcrest-core-1.3.jar:/var/benchmarks/projects/commons-collections/target/dependency/easymock-5.1.0.jar:/var/benchmarks/projects/commons-collections/target/dependency/checker-qual-3.33.0.jar:/var/benchmarks/projects/commons-collections/target/dependency/junit-jupiter-engine-5.9.3.jar:/var/benchmarks/projects/commons-collections/target/dependency/junit-platform-engine-1.9.3.jar:/var/benchmarks/projects/commons-collections/target/dependency/commons-lang3-3.13.0.jar:/var/benchmarks/projects/commons-collections/target/dependency/listenablefuture-9999.0-empty-to-avoid-conflict-with-guava.jar:/var/benchmarks/projects/commons-collections/target/dependency/junit-jupiter-api-5.9.3.jar:/var/benchmarks/projects/commons-collections/target/dependency/commons-codec-1.16.0.jar:/var/benchmarks/projects/commons-collections/target/dependency/apiguardian-api-1.1.2.jar:/var/benchmarks/projects/commons-collections/target/dependency/opentest4j-1.2.0.jar:/var/benchmarks/projects/commons-collections/target/dependency/failureaccess-1.0.1.jar:/var/benchmarks/projects/commons-collections/target/dependency/jsr305-3.0.2.jar:/var/benchmarks/projects/commons-collections/target/dependency/objenesis-3.3.jar:/var/benchmarks/projects/commons-collections/target/dependency/guava-testlib-32.1.2-jre.jar:/var/benchmarks/projects/commons-collections/target/dependency/j2objc-annotations-2.8.jar:/var/benchmarks/projects/commons-collections/target/dependency/hamcrest-2.2.jar:/var/benchmarks/projects/commons-collections/target/dependency/junit-4.13.2.jar:/var/benchmarks/projects/commons-collections/target/dependency/commons-io-2.13.0.jar:/var/benchmarks/projects/commons-collections/target/dependency/guava-32.1.2-jre.jar:/usr/local/bin/lib/junit.jar:/usr/local/bin/lib/hamcrest-core.jar -d results_kex_120/COLLECTIONS-8_1/temp/testcases/bin /home/kex/results_kex_120/COLLECTIONS-8_1/temp/testcases/org/apache/commons/collections4/functors/ChainedTransformer_init_4010501560.java

/home/kex/results_kex_120/COLLECTIONS-8_1/temp/testcases/org/apache/commons/collections4/functors/ReflectionUtils.java:9: warning: Unsafe is internal proprietary API and may be removed in a future release
import sun.misc.Unsafe;
               ^
/home/kex/results_kex_120/COLLECTIONS-8_1/temp/testcases/org/apache/commons/collections4/functors/ReflectionUtils.java:13: warning: Unsafe is internal proprietary API and may be removed in a future release
    public static final Unsafe UNSAFE;
                        ^
/home/kex/results_kex_120/COLLECTIONS-8_1/temp/testcases/org/apache/commons/collections4/functors/ReflectionUtils.java:17: warning: Unsafe is internal proprietary API and may be removed in a future release
            final Field uns = Unsafe.class.getDeclaredField("theUnsafe");
                              ^
/home/kex/results_kex_120/COLLECTIONS-8_1/temp/testcases/org/apache/commons/collections4/functors/ReflectionUtils.java:19: warning: Unsafe is internal proprietary API and may be removed in a future release
            UNSAFE = (Unsafe) uns.get(null);
                      ^
4 warnings
Compiled 'org/apache/commons/collections4/functors/ChainedTransformer_init_4010501560.java'

===
javac command line:
/usr/bin/javac -sourcepath /home/kex/results_kex_120/COLLECTIONS-8_1/temp/testcases -cp /var/benchmarks/projects/commons-collections/target/commons-collections4-4.5-SNAPSHOT.jar:/var/benchmarks/projects/commons-collections/target/dependency/error_prone_annotations-2.18.0.jar:/var/benchmarks/projects/commons-collections/target/dependency/junit-jupiter-params-5.9.3.jar:/var/benchmarks/projects/commons-collections/target/dependency/hamcrest-core-1.3.jar:/var/benchmarks/projects/commons-collections/target/dependency/easymock-5.1.0.jar:/var/benchmarks/projects/commons-collections/target/dependency/checker-qual-3.33.0.jar:/var/benchmarks/projects/commons-collections/target/dependency/junit-jupiter-engine-5.9.3.jar:/var/benchmarks/projects/commons-collections/target/dependency/junit-platform-engine-1.9.3.jar:/var/benchmarks/projects/commons-collections/target/dependency/commons-lang3-3.13.0.jar:/var/benchmarks/projects/commons-collections/target/dependency/listenablefuture-9999.0-empty-to-avoid-conflict-with-guava.jar:/var/benchmarks/projects/commons-collections/target/dependency/junit-jupiter-api-5.9.3.jar:/var/benchmarks/projects/commons-collections/target/dependency/commons-codec-1.16.0.jar:/var/benchmarks/projects/commons-collections/target/dependency/apiguardian-api-1.1.2.jar:/var/benchmarks/projects/commons-collections/target/dependency/opentest4j-1.2.0.jar:/var/benchmarks/projects/commons-collections/target/dependency/failureaccess-1.0.1.jar:/var/benchmarks/projects/commons-collections/target/dependency/jsr305-3.0.2.jar:/var/benchmarks/projects/commons-collections/target/dependency/objenesis-3.3.jar:/var/benchmarks/projects/commons-collections/target/dependency/guava-testlib-32.1.2-jre.jar:/var/benchmarks/projects/commons-collections/target/dependency/j2objc-annotations-2.8.jar:/var/benchmarks/projects/commons-collections/target/dependency/hamcrest-2.2.jar:/var/benchmarks/projects/commons-collections/target/dependency/junit-4.13.2.jar:/var/benchmarks/projects/commons-collections/target/dependency/commons-io-2.13.0.jar:/var/benchmarks/projects/commons-collections/target/dependency/guava-32.1.2-jre.jar:/usr/local/bin/lib/junit.jar:/usr/local/bin/lib/hamcrest-core.jar -d results_kex_120/COLLECTIONS-8_1/temp/testcases/bin /home/kex/results_kex_120/COLLECTIONS-8_1/temp/testcases/org/apache/commons/collections4/functors/ChainedTransformer_init_4010501561.java

/home/kex/results_kex_120/COLLECTIONS-8_1/temp/testcases/org/apache/commons/collections4/functors/ReflectionUtils.java:9: warning: Unsafe is internal proprietary API and may be removed in a future release
import sun.misc.Unsafe;
               ^
/home/kex/results_kex_120/COLLECTIONS-8_1/temp/testcases/org/apache/commons/collections4/functors/ReflectionUtils.java:13: warning: Unsafe is internal proprietary API and may be removed in a future release
    public static final Unsafe UNSAFE;
                        ^
/home/kex/results_kex_120/COLLECTIONS-8_1/temp/testcases/org/apache/commons/collections4/functors/ReflectionUtils.java:17: warning: Unsafe is internal proprietary API and may be removed in a future release
            final Field uns = Unsafe.class.getDeclaredField("theUnsafe");
                              ^
/home/kex/results_kex_120/COLLECTIONS-8_1/temp/testcases/org/apache/commons/collections4/functors/ReflectionUtils.java:19: warning: Unsafe is internal proprietary API and may be removed in a future release
            UNSAFE = (Unsafe) uns.get(null);
                      ^
4 warnings
Compiled 'org/apache/commons/collections4/functors/ChainedTransformer_init_4010501561.java'

===
javac command line:
/usr/bin/javac -sourcepath /home/kex/results_kex_120/COLLECTIONS-8_1/temp/testcases -cp /var/benchmarks/projects/commons-collections/target/commons-collections4-4.5-SNAPSHOT.jar:/var/benchmarks/projects/commons-collections/target/dependency/error_prone_annotations-2.18.0.jar:/var/benchmarks/projects/commons-collections/target/dependency/junit-jupiter-params-5.9.3.jar:/var/benchmarks/projects/commons-collections/target/dependency/hamcrest-core-1.3.jar:/var/benchmarks/projects/commons-collections/target/dependency/easymock-5.1.0.jar:/var/benchmarks/projects/commons-collections/target/dependency/checker-qual-3.33.0.jar:/var/benchmarks/projects/commons-collections/target/dependency/junit-jupiter-engine-5.9.3.jar:/var/benchmarks/projects/commons-collections/target/dependency/junit-platform-engine-1.9.3.jar:/var/benchmarks/projects/commons-collections/target/dependency/commons-lang3-3.13.0.jar:/var/benchmarks/projects/commons-collections/target/dependency/listenablefuture-9999.0-empty-to-avoid-conflict-with-guava.jar:/var/benchmarks/projects/commons-collections/target/dependency/junit-jupiter-api-5.9.3.jar:/var/benchmarks/projects/commons-collections/target/dependency/commons-codec-1.16.0.jar:/var/benchmarks/projects/commons-collections/target/dependency/apiguardian-api-1.1.2.jar:/var/benchmarks/projects/commons-collections/target/dependency/opentest4j-1.2.0.jar:/var/benchmarks/projects/commons-collections/target/dependency/failureaccess-1.0.1.jar:/var/benchmarks/projects/commons-collections/target/dependency/jsr305-3.0.2.jar:/var/benchmarks/projects/commons-collections/target/dependency/objenesis-3.3.jar:/var/benchmarks/projects/commons-collections/target/dependency/guava-testlib-32.1.2-jre.jar:/var/benchmarks/projects/commons-collections/target/dependency/j2objc-annotations-2.8.jar:/var/benchmarks/projects/commons-collections/target/dependency/hamcrest-2.2.jar:/var/benchmarks/projects/commons-collections/target/dependency/junit-4.13.2.jar:/var/benchmarks/projects/commons-collections/target/dependency/commons-io-2.13.0.jar:/var/benchmarks/projects/commons-collections/target/dependency/guava-32.1.2-jre.jar:/usr/local/bin/lib/junit.jar:/usr/local/bin/lib/hamcrest-core.jar -d results_kex_120/COLLECTIONS-8_1/temp/testcases/bin /home/kex/results_kex_120/COLLECTIONS-8_1/temp/testcases/org/apache/commons/collections4/functors/ChainedTransformer_init_4010789860.java

/home/kex/results_kex_120/COLLECTIONS-8_1/temp/testcases/org/apache/commons/collections4/functors/ReflectionUtils.java:9: warning: Unsafe is internal proprietary API and may be removed in a future release
import sun.misc.Unsafe;
               ^
/home/kex/results_kex_120/COLLECTIONS-8_1/temp/testcases/org/apache/commons/collections4/functors/ReflectionUtils.java:13: warning: Unsafe is internal proprietary API and may be removed in a future release
    public static final Unsafe UNSAFE;
                        ^
/home/kex/results_kex_120/COLLECTIONS-8_1/temp/testcases/org/apache/commons/collections4/functors/ReflectionUtils.java:17: warning: Unsafe is internal proprietary API and may be removed in a future release
            final Field uns = Unsafe.class.getDeclaredField("theUnsafe");
                              ^
/home/kex/results_kex_120/COLLECTIONS-8_1/temp/testcases/org/apache/commons/collections4/functors/ReflectionUtils.java:19: warning: Unsafe is internal proprietary API and may be removed in a future release
            UNSAFE = (Unsafe) uns.get(null);
                      ^
4 warnings
Compiled 'org/apache/commons/collections4/functors/ChainedTransformer_init_4010789860.java'

===
javac command line:
/usr/bin/javac -sourcepath /home/kex/results_kex_120/COLLECTIONS-8_1/temp/testcases -cp /var/benchmarks/projects/commons-collections/target/commons-collections4-4.5-SNAPSHOT.jar:/var/benchmarks/projects/commons-collections/target/dependency/error_prone_annotations-2.18.0.jar:/var/benchmarks/projects/commons-collections/target/dependency/junit-jupiter-params-5.9.3.jar:/var/benchmarks/projects/commons-collections/target/dependency/hamcrest-core-1.3.jar:/var/benchmarks/projects/commons-collections/target/dependency/easymock-5.1.0.jar:/var/benchmarks/projects/commons-collections/target/dependency/checker-qual-3.33.0.jar:/var/benchmarks/projects/commons-collections/target/dependency/junit-jupiter-engine-5.9.3.jar:/var/benchmarks/projects/commons-collections/target/dependency/junit-platform-engine-1.9.3.jar:/var/benchmarks/projects/commons-collections/target/dependency/commons-lang3-3.13.0.jar:/var/benchmarks/projects/commons-collections/target/dependency/listenablefuture-9999.0-empty-to-avoid-conflict-with-guava.jar:/var/benchmarks/projects/commons-collections/target/dependency/junit-jupiter-api-5.9.3.jar:/var/benchmarks/projects/commons-collections/target/dependency/commons-codec-1.16.0.jar:/var/benchmarks/projects/commons-collections/target/dependency/apiguardian-api-1.1.2.jar:/var/benchmarks/projects/commons-collections/target/dependency/opentest4j-1.2.0.jar:/var/benchmarks/projects/commons-collections/target/dependency/failureaccess-1.0.1.jar:/var/benchmarks/projects/commons-collections/target/dependency/jsr305-3.0.2.jar:/var/benchmarks/projects/commons-collections/target/dependency/objenesis-3.3.jar:/var/benchmarks/projects/commons-collections/target/dependency/guava-testlib-32.1.2-jre.jar:/var/benchmarks/projects/commons-collections/target/dependency/j2objc-annotations-2.8.jar:/var/benchmarks/projects/commons-collections/target/dependency/hamcrest-2.2.jar:/var/benchmarks/projects/commons-collections/target/dependency/junit-4.13.2.jar:/var/benchmarks/projects/commons-collections/target/dependency/commons-io-2.13.0.jar:/var/benchmarks/projects/commons-collections/target/dependency/guava-32.1.2-jre.jar:/usr/local/bin/lib/junit.jar:/usr/local/bin/lib/hamcrest-core.jar -d results_kex_120/COLLECTIONS-8_1/temp/testcases/bin /home/kex/results_kex_120/COLLECTIONS-8_1/temp/testcases/org/apache/commons/collections4/functors/ChainedTransformer_init_4010789861.java

/home/kex/results_kex_120/COLLECTIONS-8_1/temp/testcases/org/apache/commons/collections4/functors/ReflectionUtils.java:9: warning: Unsafe is internal proprietary API and may be removed in a future release
import sun.misc.Unsafe;
               ^
/home/kex/results_kex_120/COLLECTIONS-8_1/temp/testcases/org/apache/commons/collections4/functors/ReflectionUtils.java:13: warning: Unsafe is internal proprietary API and may be removed in a future release
    public static final Unsafe UNSAFE;
                        ^
/home/kex/results_kex_120/COLLECTIONS-8_1/temp/testcases/org/apache/commons/collections4/functors/ReflectionUtils.java:17: warning: Unsafe is internal proprietary API and may be removed in a future release
            final Field uns = Unsafe.class.getDeclaredField("theUnsafe");
                              ^
/home/kex/results_kex_120/COLLECTIONS-8_1/temp/testcases/org/apache/commons/collections4/functors/ReflectionUtils.java:19: warning: Unsafe is internal proprietary API and may be removed in a future release
            UNSAFE = (Unsafe) uns.get(null);
                      ^
4 warnings
Compiled 'org/apache/commons/collections4/functors/ChainedTransformer_init_4010789861.java'

===
javac command line:
/usr/bin/javac -sourcepath /home/kex/results_kex_120/COLLECTIONS-8_1/temp/testcases -cp /var/benchmarks/projects/commons-collections/target/commons-collections4-4.5-SNAPSHOT.jar:/var/benchmarks/projects/commons-collections/target/dependency/error_prone_annotations-2.18.0.jar:/var/benchmarks/projects/commons-collections/target/dependency/junit-jupiter-params-5.9.3.jar:/var/benchmarks/projects/commons-collections/target/dependency/hamcrest-core-1.3.jar:/var/benchmarks/projects/commons-collections/target/dependency/easymock-5.1.0.jar:/var/benchmarks/projects/commons-collections/target/dependency/checker-qual-3.33.0.jar:/var/benchmarks/projects/commons-collections/target/dependency/junit-jupiter-engine-5.9.3.jar:/var/benchmarks/projects/commons-collections/target/dependency/junit-platform-engine-1.9.3.jar:/var/benchmarks/projects/commons-collections/target/dependency/commons-lang3-3.13.0.jar:/var/benchmarks/projects/commons-collections/target/dependency/listenablefuture-9999.0-empty-to-avoid-conflict-with-guava.jar:/var/benchmarks/projects/commons-collections/target/dependency/junit-jupiter-api-5.9.3.jar:/var/benchmarks/projects/commons-collections/target/dependency/commons-codec-1.16.0.jar:/var/benchmarks/projects/commons-collections/target/dependency/apiguardian-api-1.1.2.jar:/var/benchmarks/projects/commons-collections/target/dependency/opentest4j-1.2.0.jar:/var/benchmarks/projects/commons-collections/target/dependency/failureaccess-1.0.1.jar:/var/benchmarks/projects/commons-collections/target/dependency/jsr305-3.0.2.jar:/var/benchmarks/projects/commons-collections/target/dependency/objenesis-3.3.jar:/var/benchmarks/projects/commons-collections/target/dependency/guava-testlib-32.1.2-jre.jar:/var/benchmarks/projects/commons-collections/target/dependency/j2objc-annotations-2.8.jar:/var/benchmarks/projects/commons-collections/target/dependency/hamcrest-2.2.jar:/var/benchmarks/projects/commons-collections/target/dependency/junit-4.13.2.jar:/var/benchmarks/projects/commons-collections/target/dependency/commons-io-2.13.0.jar:/var/benchmarks/projects/commons-collections/target/dependency/guava-32.1.2-jre.jar:/usr/local/bin/lib/junit.jar:/usr/local/bin/lib/hamcrest-core.jar -d results_kex_120/COLLECTIONS-8_1/temp/testcases/bin /home/kex/results_kex_120/COLLECTIONS-8_1/temp/testcases/org/apache/commons/collections4/functors/ChainedTransformer_transform_10664454160.java

/home/kex/results_kex_120/COLLECTIONS-8_1/temp/testcases/org/apache/commons/collections4/functors/ReflectionUtils.java:9: warning: Unsafe is internal proprietary API and may be removed in a future release
import sun.misc.Unsafe;
               ^
/home/kex/results_kex_120/COLLECTIONS-8_1/temp/testcases/org/apache/commons/collections4/functors/ReflectionUtils.java:13: warning: Unsafe is internal proprietary API and may be removed in a future release
    public static final Unsafe UNSAFE;
                        ^
/home/kex/results_kex_120/COLLECTIONS-8_1/temp/testcases/org/apache/commons/collections4/functors/ReflectionUtils.java:17: warning: Unsafe is internal proprietary API and may be removed in a future release
            final Field uns = Unsafe.class.getDeclaredField("theUnsafe");
                              ^
/home/kex/results_kex_120/COLLECTIONS-8_1/temp/testcases/org/apache/commons/collections4/functors/ReflectionUtils.java:19: warning: Unsafe is internal proprietary API and may be removed in a future release
            UNSAFE = (Unsafe) uns.get(null);
                      ^
4 warnings
Compiled 'org/apache/commons/collections4/functors/ChainedTransformer_transform_10664454160.java'

===
javac command line:
/usr/bin/javac -sourcepath /home/kex/results_kex_120/COLLECTIONS-8_1/temp/testcases -cp /var/benchmarks/projects/commons-collections/target/commons-collections4-4.5-SNAPSHOT.jar:/var/benchmarks/projects/commons-collections/target/dependency/error_prone_annotations-2.18.0.jar:/var/benchmarks/projects/commons-collections/target/dependency/junit-jupiter-params-5.9.3.jar:/var/benchmarks/projects/commons-collections/target/dependency/hamcrest-core-1.3.jar:/var/benchmarks/projects/commons-collections/target/dependency/easymock-5.1.0.jar:/var/benchmarks/projects/commons-collections/target/dependency/checker-qual-3.33.0.jar:/var/benchmarks/projects/commons-collections/target/dependency/junit-jupiter-engine-5.9.3.jar:/var/benchmarks/projects/commons-collections/target/dependency/junit-platform-engine-1.9.3.jar:/var/benchmarks/projects/commons-collections/target/dependency/commons-lang3-3.13.0.jar:/var/benchmarks/projects/commons-collections/target/dependency/listenablefuture-9999.0-empty-to-avoid-conflict-with-guava.jar:/var/benchmarks/projects/commons-collections/target/dependency/junit-jupiter-api-5.9.3.jar:/var/benchmarks/projects/commons-collections/target/dependency/commons-codec-1.16.0.jar:/var/benchmarks/projects/commons-collections/target/dependency/apiguardian-api-1.1.2.jar:/var/benchmarks/projects/commons-collections/target/dependency/opentest4j-1.2.0.jar:/var/benchmarks/projects/commons-collections/target/dependency/failureaccess-1.0.1.jar:/var/benchmarks/projects/commons-collections/target/dependency/jsr305-3.0.2.jar:/var/benchmarks/projects/commons-collections/target/dependency/objenesis-3.3.jar:/var/benchmarks/projects/commons-collections/target/dependency/guava-testlib-32.1.2-jre.jar:/var/benchmarks/projects/commons-collections/target/dependency/j2objc-annotations-2.8.jar:/var/benchmarks/projects/commons-collections/target/dependency/hamcrest-2.2.jar:/var/benchmarks/projects/commons-collections/target/dependency/junit-4.13.2.jar:/var/benchmarks/projects/commons-collections/target/dependency/commons-io-2.13.0.jar:/var/benchmarks/projects/commons-collections/target/dependency/guava-32.1.2-jre.jar:/usr/local/bin/lib/junit.jar:/usr/local/bin/lib/hamcrest-core.jar -d results_kex_120/COLLECTIONS-8_1/temp/testcases/bin /home/kex/results_kex_120/COLLECTIONS-8_1/temp/testcases/org/apache/commons/collections4/functors/ChainedTransformer_transform_10664454161.java

/home/kex/results_kex_120/COLLECTIONS-8_1/temp/testcases/org/apache/commons/collections4/functors/ReflectionUtils.java:9: warning: Unsafe is internal proprietary API and may be removed in a future release
import sun.misc.Unsafe;
               ^
/home/kex/results_kex_120/COLLECTIONS-8_1/temp/testcases/org/apache/commons/collections4/functors/ReflectionUtils.java:13: warning: Unsafe is internal proprietary API and may be removed in a future release
    public static final Unsafe UNSAFE;
                        ^
/home/kex/results_kex_120/COLLECTIONS-8_1/temp/testcases/org/apache/commons/collections4/functors/ReflectionUtils.java:17: warning: Unsafe is internal proprietary API and may be removed in a future release
            final Field uns = Unsafe.class.getDeclaredField("theUnsafe");
                              ^
/home/kex/results_kex_120/COLLECTIONS-8_1/temp/testcases/org/apache/commons/collections4/functors/ReflectionUtils.java:19: warning: Unsafe is internal proprietary API and may be removed in a future release
            UNSAFE = (Unsafe) uns.get(null);
                      ^
4 warnings
Compiled 'org/apache/commons/collections4/functors/ChainedTransformer_transform_10664454161.java'

===
javac command line:
/usr/bin/javac -sourcepath /home/kex/results_kex_120/COLLECTIONS-8_1/temp/testcases -cp /var/benchmarks/projects/commons-collections/target/commons-collections4-4.5-SNAPSHOT.jar:/var/benchmarks/projects/commons-collections/target/dependency/error_prone_annotations-2.18.0.jar:/var/benchmarks/projects/commons-collections/target/dependency/junit-jupiter-params-5.9.3.jar:/var/benchmarks/projects/commons-collections/target/dependency/hamcrest-core-1.3.jar:/var/benchmarks/projects/commons-collections/target/dependency/easymock-5.1.0.jar:/var/benchmarks/projects/commons-collections/target/dependency/checker-qual-3.33.0.jar:/var/benchmarks/projects/commons-collections/target/dependency/junit-jupiter-engine-5.9.3.jar:/var/benchmarks/projects/commons-collections/target/dependency/junit-platform-engine-1.9.3.jar:/var/benchmarks/projects/commons-collections/target/dependency/commons-lang3-3.13.0.jar:/var/benchmarks/projects/commons-collections/target/dependency/listenablefuture-9999.0-empty-to-avoid-conflict-with-guava.jar:/var/benchmarks/projects/commons-collections/target/dependency/junit-jupiter-api-5.9.3.jar:/var/benchmarks/projects/commons-collections/target/dependency/commons-codec-1.16.0.jar:/var/benchmarks/projects/commons-collections/target/dependency/apiguardian-api-1.1.2.jar:/var/benchmarks/projects/commons-collections/target/dependency/opentest4j-1.2.0.jar:/var/benchmarks/projects/commons-collections/target/dependency/failureaccess-1.0.1.jar:/var/benchmarks/projects/commons-collections/target/dependency/jsr305-3.0.2.jar:/var/benchmarks/projects/commons-collections/target/dependency/objenesis-3.3.jar:/var/benchmarks/projects/commons-collections/target/dependency/guava-testlib-32.1.2-jre.jar:/var/benchmarks/projects/commons-collections/target/dependency/j2objc-annotations-2.8.jar:/var/benchmarks/projects/commons-collections/target/dependency/hamcrest-2.2.jar:/var/benchmarks/projects/commons-collections/target/dependency/junit-4.13.2.jar:/var/benchmarks/projects/commons-collections/target/dependency/commons-io-2.13.0.jar:/var/benchmarks/projects/commons-collections/target/dependency/guava-32.1.2-jre.jar:/usr/local/bin/lib/junit.jar:/usr/local/bin/lib/hamcrest-core.jar -d results_kex_120/COLLECTIONS-8_1/temp/testcases/bin /home/kex/results_kex_120/COLLECTIONS-8_1/temp/testcases/org/apache/commons/collections4/functors/EqualityUtils.java

Compiled 'org/apache/commons/collections4/functors/EqualityUtils.java'

===
javac command line:
/usr/bin/javac -sourcepath /home/kex/results_kex_120/COLLECTIONS-8_1/temp/testcases -cp /var/benchmarks/projects/commons-collections/target/commons-collections4-4.5-SNAPSHOT.jar:/var/benchmarks/projects/commons-collections/target/dependency/error_prone_annotations-2.18.0.jar:/var/benchmarks/projects/commons-collections/target/dependency/junit-jupiter-params-5.9.3.jar:/var/benchmarks/projects/commons-collections/target/dependency/hamcrest-core-1.3.jar:/var/benchmarks/projects/commons-collections/target/dependency/easymock-5.1.0.jar:/var/benchmarks/projects/commons-collections/target/dependency/checker-qual-3.33.0.jar:/var/benchmarks/projects/commons-collections/target/dependency/junit-jupiter-engine-5.9.3.jar:/var/benchmarks/projects/commons-collections/target/dependency/junit-platform-engine-1.9.3.jar:/var/benchmarks/projects/commons-collections/target/dependency/commons-lang3-3.13.0.jar:/var/benchmarks/projects/commons-collections/target/dependency/listenablefuture-9999.0-empty-to-avoid-conflict-with-guava.jar:/var/benchmarks/projects/commons-collections/target/dependency/junit-jupiter-api-5.9.3.jar:/var/benchmarks/projects/commons-collections/target/dependency/commons-codec-1.16.0.jar:/var/benchmarks/projects/commons-collections/target/dependency/apiguardian-api-1.1.2.jar:/var/benchmarks/projects/commons-collections/target/dependency/opentest4j-1.2.0.jar:/var/benchmarks/projects/commons-collections/target/dependency/failureaccess-1.0.1.jar:/var/benchmarks/projects/commons-collections/target/dependency/jsr305-3.0.2.jar:/var/benchmarks/projects/commons-collections/target/dependency/objenesis-3.3.jar:/var/benchmarks/projects/commons-collections/target/dependency/guava-testlib-32.1.2-jre.jar:/var/benchmarks/projects/commons-collections/target/dependency/j2objc-annotations-2.8.jar:/var/benchmarks/projects/commons-collections/target/dependency/hamcrest-2.2.jar:/var/benchmarks/projects/commons-collections/target/dependency/junit-4.13.2.jar:/var/benchmarks/projects/commons-collections/target/dependency/commons-io-2.13.0.jar:/var/benchmarks/projects/commons-collections/target/dependency/guava-32.1.2-jre.jar:/usr/local/bin/lib/junit.jar:/usr/local/bin/lib/hamcrest-core.jar -d results_kex_120/COLLECTIONS-8_1/temp/testcases/bin /home/kex/results_kex_120/COLLECTIONS-8_1/temp/testcases/org/apache/commons/collections4/functors/ReflectionUtils.java

/home/kex/results_kex_120/COLLECTIONS-8_1/temp/testcases/org/apache/commons/collections4/functors/ReflectionUtils.java:9: warning: Unsafe is internal proprietary API and may be removed in a future release
import sun.misc.Unsafe;
               ^
/home/kex/results_kex_120/COLLECTIONS-8_1/temp/testcases/org/apache/commons/collections4/functors/ReflectionUtils.java:13: warning: Unsafe is internal proprietary API and may be removed in a future release
    public static final Unsafe UNSAFE;
                        ^
/home/kex/results_kex_120/COLLECTIONS-8_1/temp/testcases/org/apache/commons/collections4/functors/ReflectionUtils.java:17: warning: Unsafe is internal proprietary API and may be removed in a future release
            final Field uns = Unsafe.class.getDeclaredField("theUnsafe");
                              ^
/home/kex/results_kex_120/COLLECTIONS-8_1/temp/testcases/org/apache/commons/collections4/functors/ReflectionUtils.java:19: warning: Unsafe is internal proprietary API and may be removed in a future release
            UNSAFE = (Unsafe) uns.get(null);
                      ^
4 warnings
Compiled 'org/apache/commons/collections4/functors/ReflectionUtils.java'

---Timing Information---
Running tests with the following classpath: 
/var/benchmarks/projects/commons-collections/target/commons-collections4-4.5-SNAPSHOT.jar:/var/benchmarks/projects/commons-collections/target/dependency/error_prone_annotations-2.18.0.jar:/var/benchmarks/projects/commons-collections/target/dependency/junit-jupiter-params-5.9.3.jar:/var/benchmarks/projects/commons-collections/target/dependency/hamcrest-core-1.3.jar:/var/benchmarks/projects/commons-collections/target/dependency/easymock-5.1.0.jar:/var/benchmarks/projects/commons-collections/target/dependency/checker-qual-3.33.0.jar:/var/benchmarks/projects/commons-collections/target/dependency/junit-jupiter-engine-5.9.3.jar:/var/benchmarks/projects/commons-collections/target/dependency/junit-platform-engine-1.9.3.jar:/var/benchmarks/projects/commons-collections/target/dependency/commons-lang3-3.13.0.jar:/var/benchmarks/projects/commons-collections/target/dependency/listenablefuture-9999.0-empty-to-avoid-conflict-with-guava.jar:/var/benchmarks/projects/commons-collections/target/dependency/junit-jupiter-api-5.9.3.jar:/var/benchmarks/projects/commons-collections/target/dependency/commons-codec-1.16.0.jar:/var/benchmarks/projects/commons-collections/target/dependency/apiguardian-api-1.1.2.jar:/var/benchmarks/projects/commons-collections/target/dependency/opentest4j-1.2.0.jar:/var/benchmarks/projects/commons-collections/target/dependency/failureaccess-1.0.1.jar:/var/benchmarks/projects/commons-collections/target/dependency/jsr305-3.0.2.jar:/var/benchmarks/projects/commons-collections/target/dependency/objenesis-3.3.jar:/var/benchmarks/projects/commons-collections/target/dependency/guava-testlib-32.1.2-jre.jar:/var/benchmarks/projects/commons-collections/target/dependency/j2objc-annotations-2.8.jar:/var/benchmarks/projects/commons-collections/target/dependency/hamcrest-2.2.jar:/var/benchmarks/projects/commons-collections/target/dependency/junit-4.13.2.jar:/var/benchmarks/projects/commons-collections/target/dependency/commons-io-2.13.0.jar:/var/benchmarks/projects/commons-collections/target/dependency/guava-32.1.2-jre.jar:/usr/local/bin/lib/junit.jar:/usr/local/bin/lib/hamcrest-core.jar:/home/kex/results_kex_120/COLLECTIONS-8_1/temp/testcases/bin
Running the tests: [SBSTDummyForCoverageAndMutationCalculation, org.apache.commons.collections4.functors.ChainedTransformer_chainedTransformer_9511121790, org.apache.commons.collections4.functors.ChainedTransformer_chainedTransformer_984424590, org.apache.commons.collections4.functors.ChainedTransformer_chainedTransformer_984424591, org.apache.commons.collections4.functors.ChainedTransformer_getTransformers_6031214080, org.apache.commons.collections4.functors.ChainedTransformer_getTransformers_6031214081, org.apache.commons.collections4.functors.ChainedTransformer_init_4010501560, org.apache.commons.collections4.functors.ChainedTransformer_init_4010501561, org.apache.commons.collections4.functors.ChainedTransformer_init_4010789860, org.apache.commons.collections4.functors.ChainedTransformer_init_4010789861, org.apache.commons.collections4.functors.ChainedTransformer_transform_10664454160, org.apache.commons.collections4.functors.ChainedTransformer_transform_10664454161, org.apache.commons.collections4.functors.EqualityUtils, org.apache.commons.collections4.functors.ReflectionUtils]
Executions terminated
Failure: [test(org.apache.commons.collections4.functors.ChainedTransformer_chainedTransformer_9511121790): transformers]
Failing Tests: test(org.apache.commons.collections4.functors.ChainedTransformer_chainedTransformer_9511121790)
java.lang.NullPointerException: transformers
	at java.util.Objects.requireNonNull(Objects.java:228)
	at org.apache.commons.collections4.functors.ChainedTransformer.chainedTransformer(ChainedTransformer.java:74)
	at sun.reflect.NativeMethodAccessorImpl.invoke0(Native Method)
	at sun.reflect.NativeMethodAccessorImpl.invoke(NativeMethodAccessorImpl.java:62)
	at sun.reflect.DelegatingMethodAccessorImpl.invoke(DelegatingMethodAccessorImpl.java:43)
	at java.lang.reflect.Method.invoke(Method.java:498)
	at org.apache.commons.collections4.functors.ReflectionUtils.callMethod(ReflectionUtils.java:238)
	at org.apache.commons.collections4.functors.ChainedTransformer_chainedTransformer_9511121790.test(ChainedTransformer_chainedTransformer_9511121790.java:39)
	at sun.reflect.NativeMethodAccessorImpl.invoke0(Native Method)
	at sun.reflect.NativeMethodAccessorImpl.invoke(NativeMethodAccessorImpl.java:62)
	at sun.reflect.DelegatingMethodAccessorImpl.invoke(DelegatingMethodAccessorImpl.java:43)
	at java.lang.reflect.Method.invoke(Method.java:498)
	at org.junit.runners.model.FrameworkMethod$1.runReflectiveCall(FrameworkMethod.java:47)
	at org.junit.internal.runners.model.ReflectiveCallable.run(ReflectiveCallable.java:12)
	at org.junit.runners.model.FrameworkMethod.invokeExplosively(FrameworkMethod.java:44)
	at org.junit.internal.runners.statements.InvokeMethod.evaluate(InvokeMethod.java:17)
	at org.junit.internal.runners.statements.RunBefores.evaluate(RunBefores.java:26)
	at org.junit.runners.ParentRunner.runLeaf(ParentRunner.java:271)
	at org.junit.runners.BlockJUnit4ClassRunner.runChild(BlockJUnit4ClassRunner.java:70)
	at org.junit.runners.BlockJUnit4ClassRunner.runChild(BlockJUnit4ClassRunner.java:50)
	at org.junit.runners.ParentRunner$3.run(ParentRunner.java:238)
	at org.junit.runners.ParentRunner$1.schedule(ParentRunner.java:63)
	at org.junit.runners.ParentRunner.runChildren(ParentRunner.java:236)
	at org.junit.runners.ParentRunner.access$000(ParentRunner.java:53)
	at org.junit.runners.ParentRunner$2.evaluate(ParentRunner.java:229)
	at org.junit.runners.ParentRunner.run(ParentRunner.java:309)
	at org.junit.runners.Suite.runChild(Suite.java:127)
	at org.junit.runners.Suite.runChild(Suite.java:26)
	at org.junit.runners.ParentRunner$3.run(ParentRunner.java:238)
	at org.junit.runners.ParentRunner$1.schedule(ParentRunner.java:63)
	at org.junit.runners.ParentRunner.runChildren(ParentRunner.java:236)
	at org.junit.runners.ParentRunner.access$000(ParentRunner.java:53)
	at org.junit.runners.ParentRunner$2.evaluate(ParentRunner.java:229)
	at org.junit.runners.ParentRunner.run(ParentRunner.java:309)
	at org.junit.runner.JUnitCore.run(JUnitCore.java:160)
	at org.junit.runner.JUnitCore.run(JUnitCore.java:138)
	at org.junit.runner.JUnitCore.run(JUnitCore.java:117)
	at sbst.benchmark.coverage.TestExecutionTask.call(TestExecutionTask.java:54)
	at sbst.benchmark.coverage.TestExecutionTask.call(TestExecutionTask.java:15)
	at java.util.concurrent.FutureTask.run(FutureTask.java:266)
	at java.util.concurrent.ThreadPoolExecutor.runWorker(ThreadPoolExecutor.java:1149)
	at java.util.concurrent.ThreadPoolExecutor$Worker.run(ThreadPoolExecutor.java:624)
	at java.lang.Thread.run(Thread.java:750)

Failure: [test(org.apache.commons.collections4.functors.ChainedTransformer_chainedTransformer_984424590): transformers[0]]
Failing Tests: test(org.apache.commons.collections4.functors.ChainedTransformer_chainedTransformer_984424590)
java.lang.NullPointerException: transformers[0]
	at org.apache.commons.collections4.functors.FunctorUtils.validate(FunctorUtils.java:174)
	at org.apache.commons.collections4.functors.ChainedTransformer.chainedTransformer(ChainedTransformer.java:54)
	at sun.reflect.NativeMethodAccessorImpl.invoke0(Native Method)
	at sun.reflect.NativeMethodAccessorImpl.invoke(NativeMethodAccessorImpl.java:62)
	at sun.reflect.DelegatingMethodAccessorImpl.invoke(DelegatingMethodAccessorImpl.java:43)
	at java.lang.reflect.Method.invoke(Method.java:498)
	at org.apache.commons.collections4.functors.ReflectionUtils.callMethod(ReflectionUtils.java:238)
	at org.apache.commons.collections4.functors.ChainedTransformer_chainedTransformer_984424590.test(ChainedTransformer_chainedTransformer_984424590.java:39)
	at sun.reflect.NativeMethodAccessorImpl.invoke0(Native Method)
	at sun.reflect.NativeMethodAccessorImpl.invoke(NativeMethodAccessorImpl.java:62)
	at sun.reflect.DelegatingMethodAccessorImpl.invoke(DelegatingMethodAccessorImpl.java:43)
	at java.lang.reflect.Method.invoke(Method.java:498)
	at org.junit.runners.model.FrameworkMethod$1.runReflectiveCall(FrameworkMethod.java:47)
	at org.junit.internal.runners.model.ReflectiveCallable.run(ReflectiveCallable.java:12)
	at org.junit.runners.model.FrameworkMethod.invokeExplosively(FrameworkMethod.java:44)
	at org.junit.internal.runners.statements.InvokeMethod.evaluate(InvokeMethod.java:17)
	at org.junit.internal.runners.statements.RunBefores.evaluate(RunBefores.java:26)
	at org.junit.runners.ParentRunner.runLeaf(ParentRunner.java:271)
	at org.junit.runners.BlockJUnit4ClassRunner.runChild(BlockJUnit4ClassRunner.java:70)
	at org.junit.runners.BlockJUnit4ClassRunner.runChild(BlockJUnit4ClassRunner.java:50)
	at org.junit.runners.ParentRunner$3.run(ParentRunner.java:238)
	at org.junit.runners.ParentRunner$1.schedule(ParentRunner.java:63)
	at org.junit.runners.ParentRunner.runChildren(ParentRunner.java:236)
	at org.junit.runners.ParentRunner.access$000(ParentRunner.java:53)
	at org.junit.runners.ParentRunner$2.evaluate(ParentRunner.java:229)
	at org.junit.runners.ParentRunner.run(ParentRunner.java:309)
	at org.junit.runners.Suite.runChild(Suite.java:127)
	at org.junit.runners.Suite.runChild(Suite.java:26)
	at org.junit.runners.ParentRunner$3.run(ParentRunner.java:238)
	at org.junit.runners.ParentRunner$1.schedule(ParentRunner.java:63)
	at org.junit.runners.ParentRunner.runChildren(ParentRunner.java:236)
	at org.junit.runners.ParentRunner.access$000(ParentRunner.java:53)
	at org.junit.runners.ParentRunner$2.evaluate(ParentRunner.java:229)
	at org.junit.runners.ParentRunner.run(ParentRunner.java:309)
	at org.junit.runner.JUnitCore.run(JUnitCore.java:160)
	at org.junit.runner.JUnitCore.run(JUnitCore.java:138)
	at org.junit.runner.JUnitCore.run(JUnitCore.java:117)
	at sbst.benchmark.coverage.TestExecutionTask.call(TestExecutionTask.java:54)
	at sbst.benchmark.coverage.TestExecutionTask.call(TestExecutionTask.java:15)
	at java.util.concurrent.FutureTask.run(FutureTask.java:266)
	at java.util.concurrent.ThreadPoolExecutor.runWorker(ThreadPoolExecutor.java:1149)
	at java.util.concurrent.ThreadPoolExecutor$Worker.run(ThreadPoolExecutor.java:624)
	at java.lang.Thread.run(Thread.java:750)

Failure: [test(org.apache.commons.collections4.functors.ChainedTransformer_chainedTransformer_984424591): transformers]
Failing Tests: test(org.apache.commons.collections4.functors.ChainedTransformer_chainedTransformer_984424591)
java.lang.NullPointerException: transformers
	at java.util.Objects.requireNonNull(Objects.java:228)
	at org.apache.commons.collections4.functors.FunctorUtils.validate(FunctorUtils.java:171)
	at org.apache.commons.collections4.functors.ChainedTransformer.chainedTransformer(ChainedTransformer.java:54)
	at sun.reflect.NativeMethodAccessorImpl.invoke0(Native Method)
	at sun.reflect.NativeMethodAccessorImpl.invoke(NativeMethodAccessorImpl.java:62)
	at sun.reflect.DelegatingMethodAccessorImpl.invoke(DelegatingMethodAccessorImpl.java:43)
	at java.lang.reflect.Method.invoke(Method.java:498)
	at org.apache.commons.collections4.functors.ReflectionUtils.callMethod(ReflectionUtils.java:238)
	at org.apache.commons.collections4.functors.ChainedTransformer_chainedTransformer_984424591.test(ChainedTransformer_chainedTransformer_984424591.java:39)
	at sun.reflect.NativeMethodAccessorImpl.invoke0(Native Method)
	at sun.reflect.NativeMethodAccessorImpl.invoke(NativeMethodAccessorImpl.java:62)
	at sun.reflect.DelegatingMethodAccessorImpl.invoke(DelegatingMethodAccessorImpl.java:43)
	at java.lang.reflect.Method.invoke(Method.java:498)
	at org.junit.runners.model.FrameworkMethod$1.runReflectiveCall(FrameworkMethod.java:47)
	at org.junit.internal.runners.model.ReflectiveCallable.run(ReflectiveCallable.java:12)
	at org.junit.runners.model.FrameworkMethod.invokeExplosively(FrameworkMethod.java:44)
	at org.junit.internal.runners.statements.InvokeMethod.evaluate(InvokeMethod.java:17)
	at org.junit.internal.runners.statements.RunBefores.evaluate(RunBefores.java:26)
	at org.junit.runners.ParentRunner.runLeaf(ParentRunner.java:271)
	at org.junit.runners.BlockJUnit4ClassRunner.runChild(BlockJUnit4ClassRunner.java:70)
	at org.junit.runners.BlockJUnit4ClassRunner.runChild(BlockJUnit4ClassRunner.java:50)
	at org.junit.runners.ParentRunner$3.run(ParentRunner.java:238)
	at org.junit.runners.ParentRunner$1.schedule(ParentRunner.java:63)
	at org.junit.runners.ParentRunner.runChildren(ParentRunner.java:236)
	at org.junit.runners.ParentRunner.access$000(ParentRunner.java:53)
	at org.junit.runners.ParentRunner$2.evaluate(ParentRunner.java:229)
	at org.junit.runners.ParentRunner.run(ParentRunner.java:309)
	at org.junit.runners.Suite.runChild(Suite.java:127)
	at org.junit.runners.Suite.runChild(Suite.java:26)
	at org.junit.runners.ParentRunner$3.run(ParentRunner.java:238)
	at org.junit.runners.ParentRunner$1.schedule(ParentRunner.java:63)
	at org.junit.runners.ParentRunner.runChildren(ParentRunner.java:236)
	at org.junit.runners.ParentRunner.access$000(ParentRunner.java:53)
	at org.junit.runners.ParentRunner$2.evaluate(ParentRunner.java:229)
	at org.junit.runners.ParentRunner.run(ParentRunner.java:309)
	at org.junit.runner.JUnitCore.run(JUnitCore.java:160)
	at org.junit.runner.JUnitCore.run(JUnitCore.java:138)
	at org.junit.runner.JUnitCore.run(JUnitCore.java:117)
	at sbst.benchmark.coverage.TestExecutionTask.call(TestExecutionTask.java:54)
	at sbst.benchmark.coverage.TestExecutionTask.call(TestExecutionTask.java:15)
	at java.util.concurrent.FutureTask.run(FutureTask.java:266)
	at java.util.concurrent.ThreadPoolExecutor.runWorker(ThreadPoolExecutor.java:1149)
	at java.util.concurrent.ThreadPoolExecutor$Worker.run(ThreadPoolExecutor.java:624)
	at java.lang.Thread.run(Thread.java:750)

Failure: [test(org.apache.commons.collections4.functors.ChainedTransformer_transform_10664454160): null]
Failing Tests: test(org.apache.commons.collections4.functors.ChainedTransformer_transform_10664454160)
java.lang.NullPointerException
	at org.apache.commons.collections4.functors.ChainedTransformer.transform(ChainedTransformer.java:113)
	at sun.reflect.NativeMethodAccessorImpl.invoke0(Native Method)
	at sun.reflect.NativeMethodAccessorImpl.invoke(NativeMethodAccessorImpl.java:62)
	at sun.reflect.DelegatingMethodAccessorImpl.invoke(DelegatingMethodAccessorImpl.java:43)
	at java.lang.reflect.Method.invoke(Method.java:498)
	at org.apache.commons.collections4.functors.ReflectionUtils.callMethod(ReflectionUtils.java:238)
	at org.apache.commons.collections4.functors.ChainedTransformer_transform_10664454160.test(ChainedTransformer_transform_10664454160.java:43)
	at sun.reflect.NativeMethodAccessorImpl.invoke0(Native Method)
	at sun.reflect.NativeMethodAccessorImpl.invoke(NativeMethodAccessorImpl.java:62)
	at sun.reflect.DelegatingMethodAccessorImpl.invoke(DelegatingMethodAccessorImpl.java:43)
	at java.lang.reflect.Method.invoke(Method.java:498)
	at org.junit.runners.model.FrameworkMethod$1.runReflectiveCall(FrameworkMethod.java:47)
	at org.junit.internal.runners.model.ReflectiveCallable.run(ReflectiveCallable.java:12)
	at org.junit.runners.model.FrameworkMethod.invokeExplosively(FrameworkMethod.java:44)
	at org.junit.internal.runners.statements.InvokeMethod.evaluate(InvokeMethod.java:17)
	at org.junit.internal.runners.statements.RunBefores.evaluate(RunBefores.java:26)
	at org.junit.runners.ParentRunner.runLeaf(ParentRunner.java:271)
	at org.junit.runners.BlockJUnit4ClassRunner.runChild(BlockJUnit4ClassRunner.java:70)
	at org.junit.runners.BlockJUnit4ClassRunner.runChild(BlockJUnit4ClassRunner.java:50)
	at org.junit.runners.ParentRunner$3.run(ParentRunner.java:238)
	at org.junit.runners.ParentRunner$1.schedule(ParentRunner.java:63)
	at org.junit.runners.ParentRunner.runChildren(ParentRunner.java:236)
	at org.junit.runners.ParentRunner.access$000(ParentRunner.java:53)
	at org.junit.runners.ParentRunner$2.evaluate(ParentRunner.java:229)
	at org.junit.runners.ParentRunner.run(ParentRunner.java:309)
	at org.junit.runners.Suite.runChild(Suite.java:127)
	at org.junit.runners.Suite.runChild(Suite.java:26)
	at org.junit.runners.ParentRunner$3.run(ParentRunner.java:238)
	at org.junit.runners.ParentRunner$1.schedule(ParentRunner.java:63)
	at org.junit.runners.ParentRunner.runChildren(ParentRunner.java:236)
	at org.junit.runners.ParentRunner.access$000(ParentRunner.java:53)
	at org.junit.runners.ParentRunner$2.evaluate(ParentRunner.java:229)
	at org.junit.runners.ParentRunner.run(ParentRunner.java:309)
	at org.junit.runner.JUnitCore.run(JUnitCore.java:160)
	at org.junit.runner.JUnitCore.run(JUnitCore.java:138)
	at org.junit.runner.JUnitCore.run(JUnitCore.java:117)
	at sbst.benchmark.coverage.TestExecutionTask.call(TestExecutionTask.java:54)
	at sbst.benchmark.coverage.TestExecutionTask.call(TestExecutionTask.java:15)
	at java.util.concurrent.FutureTask.run(FutureTask.java:266)
	at java.util.concurrent.ThreadPoolExecutor.runWorker(ThreadPoolExecutor.java:1149)
	at java.util.concurrent.ThreadPoolExecutor$Worker.run(ThreadPoolExecutor.java:624)
	at java.lang.Thread.run(Thread.java:750)

Failure: [test(org.apache.commons.collections4.functors.ChainedTransformer_transform_10664454161): null]
Failing Tests: test(org.apache.commons.collections4.functors.ChainedTransformer_transform_10664454161)
java.lang.NullPointerException
	at org.apache.commons.collections4.functors.ChainedTransformer.transform(ChainedTransformer.java:112)
	at sun.reflect.NativeMethodAccessorImpl.invoke0(Native Method)
	at sun.reflect.NativeMethodAccessorImpl.invoke(NativeMethodAccessorImpl.java:62)
	at sun.reflect.DelegatingMethodAccessorImpl.invoke(DelegatingMethodAccessorImpl.java:43)
	at java.lang.reflect.Method.invoke(Method.java:498)
	at org.apache.commons.collections4.functors.ReflectionUtils.callMethod(ReflectionUtils.java:238)
	at org.apache.commons.collections4.functors.ChainedTransformer_transform_10664454161.test(ChainedTransformer_transform_10664454161.java:39)
	at sun.reflect.NativeMethodAccessorImpl.invoke0(Native Method)
	at sun.reflect.NativeMethodAccessorImpl.invoke(NativeMethodAccessorImpl.java:62)
	at sun.reflect.DelegatingMethodAccessorImpl.invoke(DelegatingMethodAccessorImpl.java:43)
	at java.lang.reflect.Method.invoke(Method.java:498)
	at org.junit.runners.model.FrameworkMethod$1.runReflectiveCall(FrameworkMethod.java:47)
	at org.junit.internal.runners.model.ReflectiveCallable.run(ReflectiveCallable.java:12)
	at org.junit.runners.model.FrameworkMethod.invokeExplosively(FrameworkMethod.java:44)
	at org.junit.internal.runners.statements.InvokeMethod.evaluate(InvokeMethod.java:17)
	at org.junit.internal.runners.statements.RunBefores.evaluate(RunBefores.java:26)
	at org.junit.runners.ParentRunner.runLeaf(ParentRunner.java:271)
	at org.junit.runners.BlockJUnit4ClassRunner.runChild(BlockJUnit4ClassRunner.java:70)
	at org.junit.runners.BlockJUnit4ClassRunner.runChild(BlockJUnit4ClassRunner.java:50)
	at org.junit.runners.ParentRunner$3.run(ParentRunner.java:238)
	at org.junit.runners.ParentRunner$1.schedule(ParentRunner.java:63)
	at org.junit.runners.ParentRunner.runChildren(ParentRunner.java:236)
	at org.junit.runners.ParentRunner.access$000(ParentRunner.java:53)
	at org.junit.runners.ParentRunner$2.evaluate(ParentRunner.java:229)
	at org.junit.runners.ParentRunner.run(ParentRunner.java:309)
	at org.junit.runners.Suite.runChild(Suite.java:127)
	at org.junit.runners.Suite.runChild(Suite.java:26)
	at org.junit.runners.ParentRunner$3.run(ParentRunner.java:238)
	at org.junit.runners.ParentRunner$1.schedule(ParentRunner.java:63)
	at org.junit.runners.ParentRunner.runChildren(ParentRunner.java:236)
	at org.junit.runners.ParentRunner.access$000(ParentRunner.java:53)
	at org.junit.runners.ParentRunner$2.evaluate(ParentRunner.java:229)
	at org.junit.runners.ParentRunner.run(ParentRunner.java:309)
	at org.junit.runner.JUnitCore.run(JUnitCore.java:160)
	at org.junit.runner.JUnitCore.run(JUnitCore.java:138)
	at org.junit.runner.JUnitCore.run(JUnitCore.java:117)
	at sbst.benchmark.coverage.TestExecutionTask.call(TestExecutionTask.java:54)
	at sbst.benchmark.coverage.TestExecutionTask.call(TestExecutionTask.java:15)
	at java.util.concurrent.FutureTask.run(FutureTask.java:266)
	at java.util.concurrent.ThreadPoolExecutor.runWorker(ThreadPoolExecutor.java:1149)
	at java.util.concurrent.ThreadPoolExecutor$Worker.run(ThreadPoolExecutor.java:624)
	at java.lang.Thread.run(Thread.java:750)

Failure: [initializationError(org.apache.commons.collections4.functors.EqualityUtils): No runnable methods]
Failing Tests: initializationError(org.apache.commons.collections4.functors.EqualityUtils)
java.lang.Exception: No runnable methods
	at org.junit.runners.BlockJUnit4ClassRunner.validateInstanceMethods(BlockJUnit4ClassRunner.java:169)
	at org.junit.runners.BlockJUnit4ClassRunner.collectInitializationErrors(BlockJUnit4ClassRunner.java:104)
	at org.junit.runners.ParentRunner.validate(ParentRunner.java:355)
	at org.junit.runners.ParentRunner.<init>(ParentRunner.java:76)
	at org.junit.runners.BlockJUnit4ClassRunner.<init>(BlockJUnit4ClassRunner.java:57)
	at org.junit.internal.builders.JUnit4Builder.runnerForClass(JUnit4Builder.java:10)
	at org.junit.runners.model.RunnerBuilder.safeRunnerForClass(RunnerBuilder.java:59)
	at org.junit.internal.builders.AllDefaultPossibilitiesBuilder.runnerForClass(AllDefaultPossibilitiesBuilder.java:26)
	at org.junit.runner.Computer.getRunner(Computer.java:40)
	at org.junit.runner.Computer$1.runnerForClass(Computer.java:31)
	at org.junit.runners.model.RunnerBuilder.safeRunnerForClass(RunnerBuilder.java:59)
	at org.junit.runners.model.RunnerBuilder.runners(RunnerBuilder.java:101)
	at org.junit.runners.model.RunnerBuilder.runners(RunnerBuilder.java:87)
	at org.junit.runners.Suite.<init>(Suite.java:80)
	at org.junit.runner.Computer.getSuite(Computer.java:28)
	at org.junit.runner.Request.classes(Request.java:75)
	at org.junit.runner.JUnitCore.run(JUnitCore.java:117)
	at sbst.benchmark.coverage.TestExecutionTask.call(TestExecutionTask.java:54)
	at sbst.benchmark.coverage.TestExecutionTask.call(TestExecutionTask.java:15)
	at java.util.concurrent.FutureTask.run(FutureTask.java:266)
	at java.util.concurrent.ThreadPoolExecutor.runWorker(ThreadPoolExecutor.java:1149)
	at java.util.concurrent.ThreadPoolExecutor$Worker.run(ThreadPoolExecutor.java:624)
	at java.lang.Thread.run(Thread.java:750)

Failure: [initializationError(org.apache.commons.collections4.functors.ReflectionUtils): No runnable methods]
Failing Tests: initializationError(org.apache.commons.collections4.functors.ReflectionUtils)
java.lang.Exception: No runnable methods
	at org.junit.runners.BlockJUnit4ClassRunner.validateInstanceMethods(BlockJUnit4ClassRunner.java:169)
	at org.junit.runners.BlockJUnit4ClassRunner.collectInitializationErrors(BlockJUnit4ClassRunner.java:104)
	at org.junit.runners.ParentRunner.validate(ParentRunner.java:355)
	at org.junit.runners.ParentRunner.<init>(ParentRunner.java:76)
	at org.junit.runners.BlockJUnit4ClassRunner.<init>(BlockJUnit4ClassRunner.java:57)
	at org.junit.internal.builders.JUnit4Builder.runnerForClass(JUnit4Builder.java:10)
	at org.junit.runners.model.RunnerBuilder.safeRunnerForClass(RunnerBuilder.java:59)
	at org.junit.internal.builders.AllDefaultPossibilitiesBuilder.runnerForClass(AllDefaultPossibilitiesBuilder.java:26)
	at org.junit.runner.Computer.getRunner(Computer.java:40)
	at org.junit.runner.Computer$1.runnerForClass(Computer.java:31)
	at org.junit.runners.model.RunnerBuilder.safeRunnerForClass(RunnerBuilder.java:59)
	at org.junit.runners.model.RunnerBuilder.runners(RunnerBuilder.java:101)
	at org.junit.runners.model.RunnerBuilder.runners(RunnerBuilder.java:87)
	at org.junit.runners.Suite.<init>(Suite.java:80)
	at org.junit.runner.Computer.getSuite(Computer.java:28)
	at org.junit.runner.Request.classes(Request.java:75)
	at org.junit.runner.JUnitCore.run(JUnitCore.java:117)
	at sbst.benchmark.coverage.TestExecutionTask.call(TestExecutionTask.java:54)
	at sbst.benchmark.coverage.TestExecutionTask.call(TestExecutionTask.java:15)
	at java.util.concurrent.FutureTask.run(FutureTask.java:266)
	at java.util.concurrent.ThreadPoolExecutor.runWorker(ThreadPoolExecutor.java:1149)
	at java.util.concurrent.ThreadPoolExecutor$Worker.run(ThreadPoolExecutor.java:624)
	at java.lang.Thread.run(Thread.java:750)


---The tests are re-executed other four times to find the flaky ones---
Running the tests: [SBSTDummyForCoverageAndMutationCalculation, org.apache.commons.collections4.functors.ChainedTransformer_chainedTransformer_9511121790, org.apache.commons.collections4.functors.ChainedTransformer_chainedTransformer_984424590, org.apache.commons.collections4.functors.ChainedTransformer_chainedTransformer_984424591, org.apache.commons.collections4.functors.ChainedTransformer_getTransformers_6031214080, org.apache.commons.collections4.functors.ChainedTransformer_getTransformers_6031214081, org.apache.commons.collections4.functors.ChainedTransformer_init_4010501560, org.apache.commons.collections4.functors.ChainedTransformer_init_4010501561, org.apache.commons.collections4.functors.ChainedTransformer_init_4010789860, org.apache.commons.collections4.functors.ChainedTransformer_init_4010789861, org.apache.commons.collections4.functors.ChainedTransformer_transform_10664454160, org.apache.commons.collections4.functors.ChainedTransformer_transform_10664454161, org.apache.commons.collections4.functors.EqualityUtils, org.apache.commons.collections4.functors.ReflectionUtils]
Executions terminated
Failure: [test(org.apache.commons.collections4.functors.ChainedTransformer_chainedTransformer_9511121790): transformers]
Running the tests: [SBSTDummyForCoverageAndMutationCalculation, org.apache.commons.collections4.functors.ChainedTransformer_chainedTransformer_9511121790, org.apache.commons.collections4.functors.ChainedTransformer_chainedTransformer_984424590, org.apache.commons.collections4.functors.ChainedTransformer_chainedTransformer_984424591, org.apache.commons.collections4.functors.ChainedTransformer_getTransformers_6031214080, org.apache.commons.collections4.functors.ChainedTransformer_getTransformers_6031214081, org.apache.commons.collections4.functors.ChainedTransformer_init_4010501560, org.apache.commons.collections4.functors.ChainedTransformer_init_4010501561, org.apache.commons.collections4.functors.ChainedTransformer_init_4010789860, org.apache.commons.collections4.functors.ChainedTransformer_init_4010789861, org.apache.commons.collections4.functors.ChainedTransformer_transform_10664454160, org.apache.commons.collections4.functors.ChainedTransformer_transform_10664454161, org.apache.commons.collections4.functors.EqualityUtils, org.apache.commons.collections4.functors.ReflectionUtils]
Failing Tests: test(org.apache.commons.collections4.functors.ChainedTransformer_chainedTransformer_9511121790)
java.lang.NullPointerException: transformers
	at java.util.Objects.requireNonNull(Objects.java:228)
	at org.apache.commons.collections4.functors.ChainedTransformer.chainedTransformer(ChainedTransformer.java:74)
	at sun.reflect.NativeMethodAccessorImpl.invoke0(Native Method)
	at sun.reflect.NativeMethodAccessorImpl.invoke(NativeMethodAccessorImpl.java:62)
	at sun.reflect.DelegatingMethodAccessorImpl.invoke(DelegatingMethodAccessorImpl.java:43)
	at java.lang.reflect.Method.invoke(Method.java:498)
	at org.apache.commons.collections4.functors.ReflectionUtils.callMethod(ReflectionUtils.java:238)
	at org.apache.commons.collections4.functors.ChainedTransformer_chainedTransformer_9511121790.test(ChainedTransformer_chainedTransformer_9511121790.java:39)
	at sun.reflect.NativeMethodAccessorImpl.invoke0(Native Method)
	at sun.reflect.NativeMethodAccessorImpl.invoke(NativeMethodAccessorImpl.java:62)
	at sun.reflect.DelegatingMethodAccessorImpl.invoke(DelegatingMethodAccessorImpl.java:43)
	at java.lang.reflect.Method.invoke(Method.java:498)
	at org.junit.runners.model.FrameworkMethod$1.runReflectiveCall(FrameworkMethod.java:47)
	at org.junit.internal.runners.model.ReflectiveCallable.run(ReflectiveCallable.java:12)
	at org.junit.runners.model.FrameworkMethod.invokeExplosively(FrameworkMethod.java:44)
	at org.junit.internal.runners.statements.InvokeMethod.evaluate(InvokeMethod.java:17)
	at org.junit.internal.runners.statements.RunBefores.evaluate(RunBefores.java:26)
	at org.junit.runners.ParentRunner.runLeaf(ParentRunner.java:271)
	at org.junit.runners.BlockJUnit4ClassRunner.runChild(BlockJUnit4ClassRunner.java:70)
	at org.junit.runners.BlockJUnit4ClassRunner.runChild(BlockJUnit4ClassRunner.java:50)
	at org.junit.runners.ParentRunner$3.run(ParentRunner.java:238)
	at org.junit.runners.ParentRunner$1.schedule(ParentRunner.java:63)
	at org.junit.runners.ParentRunner.runChildren(ParentRunner.java:236)
	at org.junit.runners.ParentRunner.access$000(ParentRunner.java:53)
	at org.junit.runners.ParentRunner$2.evaluate(ParentRunner.java:229)
	at org.junit.runners.ParentRunner.run(ParentRunner.java:309)
	at org.junit.runners.Suite.runChild(Suite.java:127)
	at org.junit.runners.Suite.runChild(Suite.java:26)
	at org.junit.runners.ParentRunner$3.run(ParentRunner.java:238)
	at org.junit.runners.ParentRunner$1.schedule(ParentRunner.java:63)
	at org.junit.runners.ParentRunner.runChildren(ParentRunner.java:236)
	at org.junit.runners.ParentRunner.access$000(ParentRunner.java:53)
	at org.junit.runners.ParentRunner$2.evaluate(ParentRunner.java:229)
	at org.junit.runners.ParentRunner.run(ParentRunner.java:309)
	at org.junit.runner.JUnitCore.run(JUnitCore.java:160)
	at org.junit.runner.JUnitCore.run(JUnitCore.java:138)
	at org.junit.runner.JUnitCore.run(JUnitCore.java:117)
	at sbst.benchmark.coverage.TestExecutionTask.call(TestExecutionTask.java:54)
	at sbst.benchmark.coverage.TestExecutionTask.call(TestExecutionTask.java:15)
	at java.util.concurrent.FutureTask.run(FutureTask.java:266)
	at java.util.concurrent.ThreadPoolExecutor.runWorker(ThreadPoolExecutor.java:1149)
	at java.util.concurrent.ThreadPoolExecutor$Worker.run(ThreadPoolExecutor.java:624)
	at java.lang.Thread.run(Thread.java:750)

Failure: [test(org.apache.commons.collections4.functors.ChainedTransformer_chainedTransformer_984424590): transformers[0]]
Failing Tests: test(org.apache.commons.collections4.functors.ChainedTransformer_chainedTransformer_984424590)
java.lang.NullPointerException: transformers[0]
	at org.apache.commons.collections4.functors.FunctorUtils.validate(FunctorUtils.java:174)
	at org.apache.commons.collections4.functors.ChainedTransformer.chainedTransformer(ChainedTransformer.java:54)
	at sun.reflect.NativeMethodAccessorImpl.invoke0(Native Method)
	at sun.reflect.NativeMethodAccessorImpl.invoke(NativeMethodAccessorImpl.java:62)
	at sun.reflect.DelegatingMethodAccessorImpl.invoke(DelegatingMethodAccessorImpl.java:43)
	at java.lang.reflect.Method.invoke(Method.java:498)
	at org.apache.commons.collections4.functors.ReflectionUtils.callMethod(ReflectionUtils.java:238)
	at org.apache.commons.collections4.functors.ChainedTransformer_chainedTransformer_984424590.test(ChainedTransformer_chainedTransformer_984424590.java:39)
	at sun.reflect.NativeMethodAccessorImpl.invoke0(Native Method)
	at sun.reflect.NativeMethodAccessorImpl.invoke(NativeMethodAccessorImpl.java:62)
	at sun.reflect.DelegatingMethodAccessorImpl.invoke(DelegatingMethodAccessorImpl.java:43)
	at java.lang.reflect.Method.invoke(Method.java:498)
	at org.junit.runners.model.FrameworkMethod$1.runReflectiveCall(FrameworkMethod.java:47)
	at org.junit.internal.runners.model.ReflectiveCallable.run(ReflectiveCallable.java:12)
	at org.junit.runners.model.FrameworkMethod.invokeExplosively(FrameworkMethod.java:44)
	at org.junit.internal.runners.statements.InvokeMethod.evaluate(InvokeMethod.java:17)
	at org.junit.internal.runners.statements.RunBefores.evaluate(RunBefores.java:26)
	at org.junit.runners.ParentRunner.runLeaf(ParentRunner.java:271)
	at org.junit.runners.BlockJUnit4ClassRunner.runChild(BlockJUnit4ClassRunner.java:70)
	at org.junit.runners.BlockJUnit4ClassRunner.runChild(BlockJUnit4ClassRunner.java:50)
	at org.junit.runners.ParentRunner$3.run(ParentRunner.java:238)
	at org.junit.runners.ParentRunner$1.schedule(ParentRunner.java:63)
	at org.junit.runners.ParentRunner.runChildren(ParentRunner.java:236)
	at org.junit.runners.ParentRunner.access$000(ParentRunner.java:53)
	at org.junit.runners.ParentRunner$2.evaluate(ParentRunner.java:229)
	at org.junit.runners.ParentRunner.run(ParentRunner.java:309)
	at org.junit.runners.Suite.runChild(Suite.java:127)
	at org.junit.runners.Suite.runChild(Suite.java:26)
	at org.junit.runners.ParentRunner$3.run(ParentRunner.java:238)
	at org.junit.runners.ParentRunner$1.schedule(ParentRunner.java:63)
	at org.junit.runners.ParentRunner.runChildren(ParentRunner.java:236)
	at org.junit.runners.ParentRunner.access$000(ParentRunner.java:53)
	at org.junit.runners.ParentRunner$2.evaluate(ParentRunner.java:229)
	at org.junit.runners.ParentRunner.run(ParentRunner.java:309)
	at org.junit.runner.JUnitCore.run(JUnitCore.java:160)
	at org.junit.runner.JUnitCore.run(JUnitCore.java:138)
	at org.junit.runner.JUnitCore.run(JUnitCore.java:117)
	at sbst.benchmark.coverage.TestExecutionTask.call(TestExecutionTask.java:54)
	at sbst.benchmark.coverage.TestExecutionTask.call(TestExecutionTask.java:15)
	at java.util.concurrent.FutureTask.run(FutureTask.java:266)
	at java.util.concurrent.ThreadPoolExecutor.runWorker(ThreadPoolExecutor.java:1149)
	at java.util.concurrent.ThreadPoolExecutor$Worker.run(ThreadPoolExecutor.java:624)
	at java.lang.Thread.run(Thread.java:750)

Failure: [test(org.apache.commons.collections4.functors.ChainedTransformer_chainedTransformer_984424591): transformers]
Failing Tests: test(org.apache.commons.collections4.functors.ChainedTransformer_chainedTransformer_984424591)
java.lang.NullPointerException: transformers
	at java.util.Objects.requireNonNull(Objects.java:228)
	at org.apache.commons.collections4.functors.FunctorUtils.validate(FunctorUtils.java:171)
	at org.apache.commons.collections4.functors.ChainedTransformer.chainedTransformer(ChainedTransformer.java:54)
	at sun.reflect.NativeMethodAccessorImpl.invoke0(Native Method)
	at sun.reflect.NativeMethodAccessorImpl.invoke(NativeMethodAccessorImpl.java:62)
	at sun.reflect.DelegatingMethodAccessorImpl.invoke(DelegatingMethodAccessorImpl.java:43)
	at java.lang.reflect.Method.invoke(Method.java:498)
	at org.apache.commons.collections4.functors.ReflectionUtils.callMethod(ReflectionUtils.java:238)
	at org.apache.commons.collections4.functors.ChainedTransformer_chainedTransformer_984424591.test(ChainedTransformer_chainedTransformer_984424591.java:39)
	at sun.reflect.NativeMethodAccessorImpl.invoke0(Native Method)
	at sun.reflect.NativeMethodAccessorImpl.invoke(NativeMethodAccessorImpl.java:62)
	at sun.reflect.DelegatingMethodAccessorImpl.invoke(DelegatingMethodAccessorImpl.java:43)
	at java.lang.reflect.Method.invoke(Method.java:498)
	at org.junit.runners.model.FrameworkMethod$1.runReflectiveCall(FrameworkMethod.java:47)
	at org.junit.internal.runners.model.ReflectiveCallable.run(ReflectiveCallable.java:12)
	at org.junit.runners.model.FrameworkMethod.invokeExplosively(FrameworkMethod.java:44)
	at org.junit.internal.runners.statements.InvokeMethod.evaluate(InvokeMethod.java:17)
	at org.junit.internal.runners.statements.RunBefores.evaluate(RunBefores.java:26)
	at org.junit.runners.ParentRunner.runLeaf(ParentRunner.java:271)
	at org.junit.runners.BlockJUnit4ClassRunner.runChild(BlockJUnit4ClassRunner.java:70)
	at org.junit.runners.BlockJUnit4ClassRunner.runChild(BlockJUnit4ClassRunner.java:50)
	at org.junit.runners.ParentRunner$3.run(ParentRunner.java:238)
	at org.junit.runners.ParentRunner$1.schedule(ParentRunner.java:63)
	at org.junit.runners.ParentRunner.runChildren(ParentRunner.java:236)
	at org.junit.runners.ParentRunner.access$000(ParentRunner.java:53)
	at org.junit.runners.ParentRunner$2.evaluate(ParentRunner.java:229)
	at org.junit.runners.ParentRunner.run(ParentRunner.java:309)
	at org.junit.runners.Suite.runChild(Suite.java:127)
	at org.junit.runners.Suite.runChild(Suite.java:26)
	at org.junit.runners.ParentRunner$3.run(ParentRunner.java:238)
	at org.junit.runners.ParentRunner$1.schedule(ParentRunner.java:63)
	at org.junit.runners.ParentRunner.runChildren(ParentRunner.java:236)
	at org.junit.runners.ParentRunner.access$000(ParentRunner.java:53)
	at org.junit.runners.ParentRunner$2.evaluate(ParentRunner.java:229)
	at org.junit.runners.ParentRunner.run(ParentRunner.java:309)
	at org.junit.runner.JUnitCore.run(JUnitCore.java:160)
	at org.junit.runner.JUnitCore.run(JUnitCore.java:138)
	at org.junit.runner.JUnitCore.run(JUnitCore.java:117)
	at sbst.benchmark.coverage.TestExecutionTask.call(TestExecutionTask.java:54)
	at sbst.benchmark.coverage.TestExecutionTask.call(TestExecutionTask.java:15)
	at java.util.concurrent.FutureTask.run(FutureTask.java:266)
	at java.util.concurrent.ThreadPoolExecutor.runWorker(ThreadPoolExecutor.java:1149)
	at java.util.concurrent.ThreadPoolExecutor$Worker.run(ThreadPoolExecutor.java:624)
	at java.lang.Thread.run(Thread.java:750)

Failure: [test(org.apache.commons.collections4.functors.ChainedTransformer_transform_10664454160): null]
Failing Tests: test(org.apache.commons.collections4.functors.ChainedTransformer_transform_10664454160)
java.lang.NullPointerException
	at org.apache.commons.collections4.functors.ChainedTransformer.transform(ChainedTransformer.java:113)
	at sun.reflect.NativeMethodAccessorImpl.invoke0(Native Method)
	at sun.reflect.NativeMethodAccessorImpl.invoke(NativeMethodAccessorImpl.java:62)
	at sun.reflect.DelegatingMethodAccessorImpl.invoke(DelegatingMethodAccessorImpl.java:43)
	at java.lang.reflect.Method.invoke(Method.java:498)
	at org.apache.commons.collections4.functors.ReflectionUtils.callMethod(ReflectionUtils.java:238)
	at org.apache.commons.collections4.functors.ChainedTransformer_transform_10664454160.test(ChainedTransformer_transform_10664454160.java:43)
	at sun.reflect.NativeMethodAccessorImpl.invoke0(Native Method)
	at sun.reflect.NativeMethodAccessorImpl.invoke(NativeMethodAccessorImpl.java:62)
	at sun.reflect.DelegatingMethodAccessorImpl.invoke(DelegatingMethodAccessorImpl.java:43)
	at java.lang.reflect.Method.invoke(Method.java:498)
	at org.junit.runners.model.FrameworkMethod$1.runReflectiveCall(FrameworkMethod.java:47)
	at org.junit.internal.runners.model.ReflectiveCallable.run(ReflectiveCallable.java:12)
	at org.junit.runners.model.FrameworkMethod.invokeExplosively(FrameworkMethod.java:44)
	at org.junit.internal.runners.statements.InvokeMethod.evaluate(InvokeMethod.java:17)
	at org.junit.internal.runners.statements.RunBefores.evaluate(RunBefores.java:26)
	at org.junit.runners.ParentRunner.runLeaf(ParentRunner.java:271)
	at org.junit.runners.BlockJUnit4ClassRunner.runChild(BlockJUnit4ClassRunner.java:70)
	at org.junit.runners.BlockJUnit4ClassRunner.runChild(BlockJUnit4ClassRunner.java:50)
	at org.junit.runners.ParentRunner$3.run(ParentRunner.java:238)
	at org.junit.runners.ParentRunner$1.schedule(ParentRunner.java:63)
	at org.junit.runners.ParentRunner.runChildren(ParentRunner.java:236)
	at org.junit.runners.ParentRunner.access$000(ParentRunner.java:53)
	at org.junit.runners.ParentRunner$2.evaluate(ParentRunner.java:229)
	at org.junit.runners.ParentRunner.run(ParentRunner.java:309)
	at org.junit.runners.Suite.runChild(Suite.java:127)
	at org.junit.runners.Suite.runChild(Suite.java:26)
	at org.junit.runners.ParentRunner$3.run(ParentRunner.java:238)
	at org.junit.runners.ParentRunner$1.schedule(ParentRunner.java:63)
	at org.junit.runners.ParentRunner.runChildren(ParentRunner.java:236)
	at org.junit.runners.ParentRunner.access$000(ParentRunner.java:53)
	at org.junit.runners.ParentRunner$2.evaluate(ParentRunner.java:229)
	at org.junit.runners.ParentRunner.run(ParentRunner.java:309)
	at org.junit.runner.JUnitCore.run(JUnitCore.java:160)
	at org.junit.runner.JUnitCore.run(JUnitCore.java:138)
	at org.junit.runner.JUnitCore.run(JUnitCore.java:117)
	at sbst.benchmark.coverage.TestExecutionTask.call(TestExecutionTask.java:54)
	at sbst.benchmark.coverage.TestExecutionTask.call(TestExecutionTask.java:15)
	at java.util.concurrent.FutureTask.run(FutureTask.java:266)
	at java.util.concurrent.ThreadPoolExecutor.runWorker(ThreadPoolExecutor.java:1149)
	at java.util.concurrent.ThreadPoolExecutor$Worker.run(ThreadPoolExecutor.java:624)
	at java.lang.Thread.run(Thread.java:750)

Failure: [test(org.apache.commons.collections4.functors.ChainedTransformer_transform_10664454161): null]
Failing Tests: test(org.apache.commons.collections4.functors.ChainedTransformer_transform_10664454161)
java.lang.NullPointerException
	at org.apache.commons.collections4.functors.ChainedTransformer.transform(ChainedTransformer.java:112)
	at sun.reflect.NativeMethodAccessorImpl.invoke0(Native Method)
	at sun.reflect.NativeMethodAccessorImpl.invoke(NativeMethodAccessorImpl.java:62)
	at sun.reflect.DelegatingMethodAccessorImpl.invoke(DelegatingMethodAccessorImpl.java:43)
	at java.lang.reflect.Method.invoke(Method.java:498)
	at org.apache.commons.collections4.functors.ReflectionUtils.callMethod(ReflectionUtils.java:238)
	at org.apache.commons.collections4.functors.ChainedTransformer_transform_10664454161.test(ChainedTransformer_transform_10664454161.java:39)
	at sun.reflect.NativeMethodAccessorImpl.invoke0(Native Method)
	at sun.reflect.NativeMethodAccessorImpl.invoke(NativeMethodAccessorImpl.java:62)
	at sun.reflect.DelegatingMethodAccessorImpl.invoke(DelegatingMethodAccessorImpl.java:43)
	at java.lang.reflect.Method.invoke(Method.java:498)
	at org.junit.runners.model.FrameworkMethod$1.runReflectiveCall(FrameworkMethod.java:47)
	at org.junit.internal.runners.model.ReflectiveCallable.run(ReflectiveCallable.java:12)
	at org.junit.runners.model.FrameworkMethod.invokeExplosively(FrameworkMethod.java:44)
	at org.junit.internal.runners.statements.InvokeMethod.evaluate(InvokeMethod.java:17)
	at org.junit.internal.runners.statements.RunBefores.evaluate(RunBefores.java:26)
	at org.junit.runners.ParentRunner.runLeaf(ParentRunner.java:271)
	at org.junit.runners.BlockJUnit4ClassRunner.runChild(BlockJUnit4ClassRunner.java:70)
	at org.junit.runners.BlockJUnit4ClassRunner.runChild(BlockJUnit4ClassRunner.java:50)
	at org.junit.runners.ParentRunner$3.run(ParentRunner.java:238)
	at org.junit.runners.ParentRunner$1.schedule(ParentRunner.java:63)
	at org.junit.runners.ParentRunner.runChildren(ParentRunner.java:236)
	at org.junit.runners.ParentRunner.access$000(ParentRunner.java:53)
	at org.junit.runners.ParentRunner$2.evaluate(ParentRunner.java:229)
	at org.junit.runners.ParentRunner.run(ParentRunner.java:309)
	at org.junit.runners.Suite.runChild(Suite.java:127)
	at org.junit.runners.Suite.runChild(Suite.java:26)
	at org.junit.runners.ParentRunner$3.run(ParentRunner.java:238)
	at org.junit.runners.ParentRunner$1.schedule(ParentRunner.java:63)
	at org.junit.runners.ParentRunner.runChildren(ParentRunner.java:236)
	at org.junit.runners.ParentRunner.access$000(ParentRunner.java:53)
	at org.junit.runners.ParentRunner$2.evaluate(ParentRunner.java:229)
	at org.junit.runners.ParentRunner.run(ParentRunner.java:309)
	at org.junit.runner.JUnitCore.run(JUnitCore.java:160)
	at org.junit.runner.JUnitCore.run(JUnitCore.java:138)
	at org.junit.runner.JUnitCore.run(JUnitCore.java:117)
	at sbst.benchmark.coverage.TestExecutionTask.call(TestExecutionTask.java:54)
	at sbst.benchmark.coverage.TestExecutionTask.call(TestExecutionTask.java:15)
	at java.util.concurrent.FutureTask.run(FutureTask.java:266)
	at java.util.concurrent.ThreadPoolExecutor.runWorker(ThreadPoolExecutor.java:1149)
	at java.util.concurrent.ThreadPoolExecutor$Worker.run(ThreadPoolExecutor.java:624)
	at java.lang.Thread.run(Thread.java:750)

Failure: [initializationError(org.apache.commons.collections4.functors.EqualityUtils): No runnable methods]
Failing Tests: initializationError(org.apache.commons.collections4.functors.EqualityUtils)
java.lang.Exception: No runnable methods
	at org.junit.runners.BlockJUnit4ClassRunner.validateInstanceMethods(BlockJUnit4ClassRunner.java:169)
	at org.junit.runners.BlockJUnit4ClassRunner.collectInitializationErrors(BlockJUnit4ClassRunner.java:104)
	at org.junit.runners.ParentRunner.validate(ParentRunner.java:355)
	at org.junit.runners.ParentRunner.<init>(ParentRunner.java:76)
	at org.junit.runners.BlockJUnit4ClassRunner.<init>(BlockJUnit4ClassRunner.java:57)
	at org.junit.internal.builders.JUnit4Builder.runnerForClass(JUnit4Builder.java:10)
	at org.junit.runners.model.RunnerBuilder.safeRunnerForClass(RunnerBuilder.java:59)
	at org.junit.internal.builders.AllDefaultPossibilitiesBuilder.runnerForClass(AllDefaultPossibilitiesBuilder.java:26)
	at org.junit.runner.Computer.getRunner(Computer.java:40)
	at org.junit.runner.Computer$1.runnerForClass(Computer.java:31)
	at org.junit.runners.model.RunnerBuilder.safeRunnerForClass(RunnerBuilder.java:59)
	at org.junit.runners.model.RunnerBuilder.runners(RunnerBuilder.java:101)
	at org.junit.runners.model.RunnerBuilder.runners(RunnerBuilder.java:87)
	at org.junit.runners.Suite.<init>(Suite.java:80)
	at org.junit.runner.Computer.getSuite(Computer.java:28)
	at org.junit.runner.Request.classes(Request.java:75)
	at org.junit.runner.JUnitCore.run(JUnitCore.java:117)
	at sbst.benchmark.coverage.TestExecutionTask.call(TestExecutionTask.java:54)
	at sbst.benchmark.coverage.TestExecutionTask.call(TestExecutionTask.java:15)
	at java.util.concurrent.FutureTask.run(FutureTask.java:266)
	at java.util.concurrent.ThreadPoolExecutor.runWorker(ThreadPoolExecutor.java:1149)
	at java.util.concurrent.ThreadPoolExecutor$Worker.run(ThreadPoolExecutor.java:624)
	at java.lang.Thread.run(Thread.java:750)

Failure: [initializationError(org.apache.commons.collections4.functors.ReflectionUtils): No runnable methods]
Failing Tests: initializationError(org.apache.commons.collections4.functors.ReflectionUtils)
java.lang.Exception: No runnable methods
	at org.junit.runners.BlockJUnit4ClassRunner.validateInstanceMethods(BlockJUnit4ClassRunner.java:169)
	at org.junit.runners.BlockJUnit4ClassRunner.collectInitializationErrors(BlockJUnit4ClassRunner.java:104)
	at org.junit.runners.ParentRunner.validate(ParentRunner.java:355)
	at org.junit.runners.ParentRunner.<init>(ParentRunner.java:76)
	at org.junit.runners.BlockJUnit4ClassRunner.<init>(BlockJUnit4ClassRunner.java:57)
	at org.junit.internal.builders.JUnit4Builder.runnerForClass(JUnit4Builder.java:10)
	at org.junit.runners.model.RunnerBuilder.safeRunnerForClass(RunnerBuilder.java:59)
	at org.junit.internal.builders.AllDefaultPossibilitiesBuilder.runnerForClass(AllDefaultPossibilitiesBuilder.java:26)
	at org.junit.runner.Computer.getRunner(Computer.java:40)
	at org.junit.runner.Computer$1.runnerForClass(Computer.java:31)
	at org.junit.runners.model.RunnerBuilder.safeRunnerForClass(RunnerBuilder.java:59)
	at org.junit.runners.model.RunnerBuilder.runners(RunnerBuilder.java:101)
	at org.junit.runners.model.RunnerBuilder.runners(RunnerBuilder.java:87)
	at org.junit.runners.Suite.<init>(Suite.java:80)
	at org.junit.runner.Computer.getSuite(Computer.java:28)
	at org.junit.runner.Request.classes(Request.java:75)
	at org.junit.runner.JUnitCore.run(JUnitCore.java:117)
	at sbst.benchmark.coverage.TestExecutionTask.call(TestExecutionTask.java:54)
	at sbst.benchmark.coverage.TestExecutionTask.call(TestExecutionTask.java:15)
	at java.util.concurrent.FutureTask.run(FutureTask.java:266)
	at java.util.concurrent.ThreadPoolExecutor.runWorker(ThreadPoolExecutor.java:1149)
	at java.util.concurrent.ThreadPoolExecutor$Worker.run(ThreadPoolExecutor.java:624)
	at java.lang.Thread.run(Thread.java:750)

Executions terminated
Failure: [test(org.apache.commons.collections4.functors.ChainedTransformer_chainedTransformer_9511121790): transformers]
Running the tests: [SBSTDummyForCoverageAndMutationCalculation, org.apache.commons.collections4.functors.ChainedTransformer_chainedTransformer_9511121790, org.apache.commons.collections4.functors.ChainedTransformer_chainedTransformer_984424590, org.apache.commons.collections4.functors.ChainedTransformer_chainedTransformer_984424591, org.apache.commons.collections4.functors.ChainedTransformer_getTransformers_6031214080, org.apache.commons.collections4.functors.ChainedTransformer_getTransformers_6031214081, org.apache.commons.collections4.functors.ChainedTransformer_init_4010501560, org.apache.commons.collections4.functors.ChainedTransformer_init_4010501561, org.apache.commons.collections4.functors.ChainedTransformer_init_4010789860, org.apache.commons.collections4.functors.ChainedTransformer_init_4010789861, org.apache.commons.collections4.functors.ChainedTransformer_transform_10664454160, org.apache.commons.collections4.functors.ChainedTransformer_transform_10664454161, org.apache.commons.collections4.functors.EqualityUtils, org.apache.commons.collections4.functors.ReflectionUtils]
Failing Tests: test(org.apache.commons.collections4.functors.ChainedTransformer_chainedTransformer_9511121790)
java.lang.NullPointerException: transformers
	at java.util.Objects.requireNonNull(Objects.java:228)
	at org.apache.commons.collections4.functors.ChainedTransformer.chainedTransformer(ChainedTransformer.java:74)
	at sun.reflect.NativeMethodAccessorImpl.invoke0(Native Method)
	at sun.reflect.NativeMethodAccessorImpl.invoke(NativeMethodAccessorImpl.java:62)
	at sun.reflect.DelegatingMethodAccessorImpl.invoke(DelegatingMethodAccessorImpl.java:43)
	at java.lang.reflect.Method.invoke(Method.java:498)
	at org.apache.commons.collections4.functors.ReflectionUtils.callMethod(ReflectionUtils.java:238)
	at org.apache.commons.collections4.functors.ChainedTransformer_chainedTransformer_9511121790.test(ChainedTransformer_chainedTransformer_9511121790.java:39)
	at sun.reflect.NativeMethodAccessorImpl.invoke0(Native Method)
	at sun.reflect.NativeMethodAccessorImpl.invoke(NativeMethodAccessorImpl.java:62)
	at sun.reflect.DelegatingMethodAccessorImpl.invoke(DelegatingMethodAccessorImpl.java:43)
	at java.lang.reflect.Method.invoke(Method.java:498)
	at org.junit.runners.model.FrameworkMethod$1.runReflectiveCall(FrameworkMethod.java:47)
	at org.junit.internal.runners.model.ReflectiveCallable.run(ReflectiveCallable.java:12)
	at org.junit.runners.model.FrameworkMethod.invokeExplosively(FrameworkMethod.java:44)
	at org.junit.internal.runners.statements.InvokeMethod.evaluate(InvokeMethod.java:17)
	at org.junit.internal.runners.statements.RunBefores.evaluate(RunBefores.java:26)
	at org.junit.runners.ParentRunner.runLeaf(ParentRunner.java:271)
	at org.junit.runners.BlockJUnit4ClassRunner.runChild(BlockJUnit4ClassRunner.java:70)
	at org.junit.runners.BlockJUnit4ClassRunner.runChild(BlockJUnit4ClassRunner.java:50)
	at org.junit.runners.ParentRunner$3.run(ParentRunner.java:238)
	at org.junit.runners.ParentRunner$1.schedule(ParentRunner.java:63)
	at org.junit.runners.ParentRunner.runChildren(ParentRunner.java:236)
	at org.junit.runners.ParentRunner.access$000(ParentRunner.java:53)
	at org.junit.runners.ParentRunner$2.evaluate(ParentRunner.java:229)
	at org.junit.runners.ParentRunner.run(ParentRunner.java:309)
	at org.junit.runners.Suite.runChild(Suite.java:127)
	at org.junit.runners.Suite.runChild(Suite.java:26)
	at org.junit.runners.ParentRunner$3.run(ParentRunner.java:238)
	at org.junit.runners.ParentRunner$1.schedule(ParentRunner.java:63)
	at org.junit.runners.ParentRunner.runChildren(ParentRunner.java:236)
	at org.junit.runners.ParentRunner.access$000(ParentRunner.java:53)
	at org.junit.runners.ParentRunner$2.evaluate(ParentRunner.java:229)
	at org.junit.runners.ParentRunner.run(ParentRunner.java:309)
	at org.junit.runner.JUnitCore.run(JUnitCore.java:160)
	at org.junit.runner.JUnitCore.run(JUnitCore.java:138)
	at org.junit.runner.JUnitCore.run(JUnitCore.java:117)
	at sbst.benchmark.coverage.TestExecutionTask.call(TestExecutionTask.java:54)
	at sbst.benchmark.coverage.TestExecutionTask.call(TestExecutionTask.java:15)
	at java.util.concurrent.FutureTask.run(FutureTask.java:266)
	at java.util.concurrent.ThreadPoolExecutor.runWorker(ThreadPoolExecutor.java:1149)
	at java.util.concurrent.ThreadPoolExecutor$Worker.run(ThreadPoolExecutor.java:624)
	at java.lang.Thread.run(Thread.java:750)

Failure: [test(org.apache.commons.collections4.functors.ChainedTransformer_chainedTransformer_984424590): transformers[0]]
Failing Tests: test(org.apache.commons.collections4.functors.ChainedTransformer_chainedTransformer_984424590)
java.lang.NullPointerException: transformers[0]
	at org.apache.commons.collections4.functors.FunctorUtils.validate(FunctorUtils.java:174)
	at org.apache.commons.collections4.functors.ChainedTransformer.chainedTransformer(ChainedTransformer.java:54)
	at sun.reflect.NativeMethodAccessorImpl.invoke0(Native Method)
	at sun.reflect.NativeMethodAccessorImpl.invoke(NativeMethodAccessorImpl.java:62)
	at sun.reflect.DelegatingMethodAccessorImpl.invoke(DelegatingMethodAccessorImpl.java:43)
	at java.lang.reflect.Method.invoke(Method.java:498)
	at org.apache.commons.collections4.functors.ReflectionUtils.callMethod(ReflectionUtils.java:238)
	at org.apache.commons.collections4.functors.ChainedTransformer_chainedTransformer_984424590.test(ChainedTransformer_chainedTransformer_984424590.java:39)
	at sun.reflect.NativeMethodAccessorImpl.invoke0(Native Method)
	at sun.reflect.NativeMethodAccessorImpl.invoke(NativeMethodAccessorImpl.java:62)
	at sun.reflect.DelegatingMethodAccessorImpl.invoke(DelegatingMethodAccessorImpl.java:43)
	at java.lang.reflect.Method.invoke(Method.java:498)
	at org.junit.runners.model.FrameworkMethod$1.runReflectiveCall(FrameworkMethod.java:47)
	at org.junit.internal.runners.model.ReflectiveCallable.run(ReflectiveCallable.java:12)
	at org.junit.runners.model.FrameworkMethod.invokeExplosively(FrameworkMethod.java:44)
	at org.junit.internal.runners.statements.InvokeMethod.evaluate(InvokeMethod.java:17)
	at org.junit.internal.runners.statements.RunBefores.evaluate(RunBefores.java:26)
	at org.junit.runners.ParentRunner.runLeaf(ParentRunner.java:271)
	at org.junit.runners.BlockJUnit4ClassRunner.runChild(BlockJUnit4ClassRunner.java:70)
	at org.junit.runners.BlockJUnit4ClassRunner.runChild(BlockJUnit4ClassRunner.java:50)
	at org.junit.runners.ParentRunner$3.run(ParentRunner.java:238)
	at org.junit.runners.ParentRunner$1.schedule(ParentRunner.java:63)
	at org.junit.runners.ParentRunner.runChildren(ParentRunner.java:236)
	at org.junit.runners.ParentRunner.access$000(ParentRunner.java:53)
	at org.junit.runners.ParentRunner$2.evaluate(ParentRunner.java:229)
	at org.junit.runners.ParentRunner.run(ParentRunner.java:309)
	at org.junit.runners.Suite.runChild(Suite.java:127)
	at org.junit.runners.Suite.runChild(Suite.java:26)
	at org.junit.runners.ParentRunner$3.run(ParentRunner.java:238)
	at org.junit.runners.ParentRunner$1.schedule(ParentRunner.java:63)
	at org.junit.runners.ParentRunner.runChildren(ParentRunner.java:236)
	at org.junit.runners.ParentRunner.access$000(ParentRunner.java:53)
	at org.junit.runners.ParentRunner$2.evaluate(ParentRunner.java:229)
	at org.junit.runners.ParentRunner.run(ParentRunner.java:309)
	at org.junit.runner.JUnitCore.run(JUnitCore.java:160)
	at org.junit.runner.JUnitCore.run(JUnitCore.java:138)
	at org.junit.runner.JUnitCore.run(JUnitCore.java:117)
	at sbst.benchmark.coverage.TestExecutionTask.call(TestExecutionTask.java:54)
	at sbst.benchmark.coverage.TestExecutionTask.call(TestExecutionTask.java:15)
	at java.util.concurrent.FutureTask.run(FutureTask.java:266)
	at java.util.concurrent.ThreadPoolExecutor.runWorker(ThreadPoolExecutor.java:1149)
	at java.util.concurrent.ThreadPoolExecutor$Worker.run(ThreadPoolExecutor.java:624)
	at java.lang.Thread.run(Thread.java:750)

Failure: [test(org.apache.commons.collections4.functors.ChainedTransformer_chainedTransformer_984424591): transformers]
Failing Tests: test(org.apache.commons.collections4.functors.ChainedTransformer_chainedTransformer_984424591)
java.lang.NullPointerException: transformers
	at java.util.Objects.requireNonNull(Objects.java:228)
	at org.apache.commons.collections4.functors.FunctorUtils.validate(FunctorUtils.java:171)
	at org.apache.commons.collections4.functors.ChainedTransformer.chainedTransformer(ChainedTransformer.java:54)
	at sun.reflect.NativeMethodAccessorImpl.invoke0(Native Method)
	at sun.reflect.NativeMethodAccessorImpl.invoke(NativeMethodAccessorImpl.java:62)
	at sun.reflect.DelegatingMethodAccessorImpl.invoke(DelegatingMethodAccessorImpl.java:43)
	at java.lang.reflect.Method.invoke(Method.java:498)
	at org.apache.commons.collections4.functors.ReflectionUtils.callMethod(ReflectionUtils.java:238)
	at org.apache.commons.collections4.functors.ChainedTransformer_chainedTransformer_984424591.test(ChainedTransformer_chainedTransformer_984424591.java:39)
	at sun.reflect.NativeMethodAccessorImpl.invoke0(Native Method)
	at sun.reflect.NativeMethodAccessorImpl.invoke(NativeMethodAccessorImpl.java:62)
	at sun.reflect.DelegatingMethodAccessorImpl.invoke(DelegatingMethodAccessorImpl.java:43)
	at java.lang.reflect.Method.invoke(Method.java:498)
	at org.junit.runners.model.FrameworkMethod$1.runReflectiveCall(FrameworkMethod.java:47)
	at org.junit.internal.runners.model.ReflectiveCallable.run(ReflectiveCallable.java:12)
	at org.junit.runners.model.FrameworkMethod.invokeExplosively(FrameworkMethod.java:44)
	at org.junit.internal.runners.statements.InvokeMethod.evaluate(InvokeMethod.java:17)
	at org.junit.internal.runners.statements.RunBefores.evaluate(RunBefores.java:26)
	at org.junit.runners.ParentRunner.runLeaf(ParentRunner.java:271)
	at org.junit.runners.BlockJUnit4ClassRunner.runChild(BlockJUnit4ClassRunner.java:70)
	at org.junit.runners.BlockJUnit4ClassRunner.runChild(BlockJUnit4ClassRunner.java:50)
	at org.junit.runners.ParentRunner$3.run(ParentRunner.java:238)
	at org.junit.runners.ParentRunner$1.schedule(ParentRunner.java:63)
	at org.junit.runners.ParentRunner.runChildren(ParentRunner.java:236)
	at org.junit.runners.ParentRunner.access$000(ParentRunner.java:53)
	at org.junit.runners.ParentRunner$2.evaluate(ParentRunner.java:229)
	at org.junit.runners.ParentRunner.run(ParentRunner.java:309)
	at org.junit.runners.Suite.runChild(Suite.java:127)
	at org.junit.runners.Suite.runChild(Suite.java:26)
	at org.junit.runners.ParentRunner$3.run(ParentRunner.java:238)
	at org.junit.runners.ParentRunner$1.schedule(ParentRunner.java:63)
	at org.junit.runners.ParentRunner.runChildren(ParentRunner.java:236)
	at org.junit.runners.ParentRunner.access$000(ParentRunner.java:53)
	at org.junit.runners.ParentRunner$2.evaluate(ParentRunner.java:229)
	at org.junit.runners.ParentRunner.run(ParentRunner.java:309)
	at org.junit.runner.JUnitCore.run(JUnitCore.java:160)
	at org.junit.runner.JUnitCore.run(JUnitCore.java:138)
	at org.junit.runner.JUnitCore.run(JUnitCore.java:117)
	at sbst.benchmark.coverage.TestExecutionTask.call(TestExecutionTask.java:54)
	at sbst.benchmark.coverage.TestExecutionTask.call(TestExecutionTask.java:15)
	at java.util.concurrent.FutureTask.run(FutureTask.java:266)
	at java.util.concurrent.ThreadPoolExecutor.runWorker(ThreadPoolExecutor.java:1149)
	at java.util.concurrent.ThreadPoolExecutor$Worker.run(ThreadPoolExecutor.java:624)
	at java.lang.Thread.run(Thread.java:750)

Failure: [test(org.apache.commons.collections4.functors.ChainedTransformer_transform_10664454160): null]
Failing Tests: test(org.apache.commons.collections4.functors.ChainedTransformer_transform_10664454160)
java.lang.NullPointerException
	at org.apache.commons.collections4.functors.ChainedTransformer.transform(ChainedTransformer.java:113)
	at sun.reflect.NativeMethodAccessorImpl.invoke0(Native Method)
	at sun.reflect.NativeMethodAccessorImpl.invoke(NativeMethodAccessorImpl.java:62)
	at sun.reflect.DelegatingMethodAccessorImpl.invoke(DelegatingMethodAccessorImpl.java:43)
	at java.lang.reflect.Method.invoke(Method.java:498)
	at org.apache.commons.collections4.functors.ReflectionUtils.callMethod(ReflectionUtils.java:238)
	at org.apache.commons.collections4.functors.ChainedTransformer_transform_10664454160.test(ChainedTransformer_transform_10664454160.java:43)
	at sun.reflect.NativeMethodAccessorImpl.invoke0(Native Method)
	at sun.reflect.NativeMethodAccessorImpl.invoke(NativeMethodAccessorImpl.java:62)
	at sun.reflect.DelegatingMethodAccessorImpl.invoke(DelegatingMethodAccessorImpl.java:43)
	at java.lang.reflect.Method.invoke(Method.java:498)
	at org.junit.runners.model.FrameworkMethod$1.runReflectiveCall(FrameworkMethod.java:47)
	at org.junit.internal.runners.model.ReflectiveCallable.run(ReflectiveCallable.java:12)
	at org.junit.runners.model.FrameworkMethod.invokeExplosively(FrameworkMethod.java:44)
	at org.junit.internal.runners.statements.InvokeMethod.evaluate(InvokeMethod.java:17)
	at org.junit.internal.runners.statements.RunBefores.evaluate(RunBefores.java:26)
	at org.junit.runners.ParentRunner.runLeaf(ParentRunner.java:271)
	at org.junit.runners.BlockJUnit4ClassRunner.runChild(BlockJUnit4ClassRunner.java:70)
	at org.junit.runners.BlockJUnit4ClassRunner.runChild(BlockJUnit4ClassRunner.java:50)
	at org.junit.runners.ParentRunner$3.run(ParentRunner.java:238)
	at org.junit.runners.ParentRunner$1.schedule(ParentRunner.java:63)
	at org.junit.runners.ParentRunner.runChildren(ParentRunner.java:236)
	at org.junit.runners.ParentRunner.access$000(ParentRunner.java:53)
	at org.junit.runners.ParentRunner$2.evaluate(ParentRunner.java:229)
	at org.junit.runners.ParentRunner.run(ParentRunner.java:309)
	at org.junit.runners.Suite.runChild(Suite.java:127)
	at org.junit.runners.Suite.runChild(Suite.java:26)
	at org.junit.runners.ParentRunner$3.run(ParentRunner.java:238)
	at org.junit.runners.ParentRunner$1.schedule(ParentRunner.java:63)
	at org.junit.runners.ParentRunner.runChildren(ParentRunner.java:236)
	at org.junit.runners.ParentRunner.access$000(ParentRunner.java:53)
	at org.junit.runners.ParentRunner$2.evaluate(ParentRunner.java:229)
	at org.junit.runners.ParentRunner.run(ParentRunner.java:309)
	at org.junit.runner.JUnitCore.run(JUnitCore.java:160)
	at org.junit.runner.JUnitCore.run(JUnitCore.java:138)
	at org.junit.runner.JUnitCore.run(JUnitCore.java:117)
	at sbst.benchmark.coverage.TestExecutionTask.call(TestExecutionTask.java:54)
	at sbst.benchmark.coverage.TestExecutionTask.call(TestExecutionTask.java:15)
	at java.util.concurrent.FutureTask.run(FutureTask.java:266)
	at java.util.concurrent.ThreadPoolExecutor.runWorker(ThreadPoolExecutor.java:1149)
	at java.util.concurrent.ThreadPoolExecutor$Worker.run(ThreadPoolExecutor.java:624)
	at java.lang.Thread.run(Thread.java:750)

Failure: [test(org.apache.commons.collections4.functors.ChainedTransformer_transform_10664454161): null]
Failing Tests: test(org.apache.commons.collections4.functors.ChainedTransformer_transform_10664454161)
java.lang.NullPointerException
	at org.apache.commons.collections4.functors.ChainedTransformer.transform(ChainedTransformer.java:112)
	at sun.reflect.NativeMethodAccessorImpl.invoke0(Native Method)
	at sun.reflect.NativeMethodAccessorImpl.invoke(NativeMethodAccessorImpl.java:62)
	at sun.reflect.DelegatingMethodAccessorImpl.invoke(DelegatingMethodAccessorImpl.java:43)
	at java.lang.reflect.Method.invoke(Method.java:498)
	at org.apache.commons.collections4.functors.ReflectionUtils.callMethod(ReflectionUtils.java:238)
	at org.apache.commons.collections4.functors.ChainedTransformer_transform_10664454161.test(ChainedTransformer_transform_10664454161.java:39)
	at sun.reflect.NativeMethodAccessorImpl.invoke0(Native Method)
	at sun.reflect.NativeMethodAccessorImpl.invoke(NativeMethodAccessorImpl.java:62)
	at sun.reflect.DelegatingMethodAccessorImpl.invoke(DelegatingMethodAccessorImpl.java:43)
	at java.lang.reflect.Method.invoke(Method.java:498)
	at org.junit.runners.model.FrameworkMethod$1.runReflectiveCall(FrameworkMethod.java:47)
	at org.junit.internal.runners.model.ReflectiveCallable.run(ReflectiveCallable.java:12)
	at org.junit.runners.model.FrameworkMethod.invokeExplosively(FrameworkMethod.java:44)
	at org.junit.internal.runners.statements.InvokeMethod.evaluate(InvokeMethod.java:17)
	at org.junit.internal.runners.statements.RunBefores.evaluate(RunBefores.java:26)
	at org.junit.runners.ParentRunner.runLeaf(ParentRunner.java:271)
	at org.junit.runners.BlockJUnit4ClassRunner.runChild(BlockJUnit4ClassRunner.java:70)
	at org.junit.runners.BlockJUnit4ClassRunner.runChild(BlockJUnit4ClassRunner.java:50)
	at org.junit.runners.ParentRunner$3.run(ParentRunner.java:238)
	at org.junit.runners.ParentRunner$1.schedule(ParentRunner.java:63)
	at org.junit.runners.ParentRunner.runChildren(ParentRunner.java:236)
	at org.junit.runners.ParentRunner.access$000(ParentRunner.java:53)
	at org.junit.runners.ParentRunner$2.evaluate(ParentRunner.java:229)
	at org.junit.runners.ParentRunner.run(ParentRunner.java:309)
	at org.junit.runners.Suite.runChild(Suite.java:127)
	at org.junit.runners.Suite.runChild(Suite.java:26)
	at org.junit.runners.ParentRunner$3.run(ParentRunner.java:238)
	at org.junit.runners.ParentRunner$1.schedule(ParentRunner.java:63)
	at org.junit.runners.ParentRunner.runChildren(ParentRunner.java:236)
	at org.junit.runners.ParentRunner.access$000(ParentRunner.java:53)
	at org.junit.runners.ParentRunner$2.evaluate(ParentRunner.java:229)
	at org.junit.runners.ParentRunner.run(ParentRunner.java:309)
	at org.junit.runner.JUnitCore.run(JUnitCore.java:160)
	at org.junit.runner.JUnitCore.run(JUnitCore.java:138)
	at org.junit.runner.JUnitCore.run(JUnitCore.java:117)
	at sbst.benchmark.coverage.TestExecutionTask.call(TestExecutionTask.java:54)
	at sbst.benchmark.coverage.TestExecutionTask.call(TestExecutionTask.java:15)
	at java.util.concurrent.FutureTask.run(FutureTask.java:266)
	at java.util.concurrent.ThreadPoolExecutor.runWorker(ThreadPoolExecutor.java:1149)
	at java.util.concurrent.ThreadPoolExecutor$Worker.run(ThreadPoolExecutor.java:624)
	at java.lang.Thread.run(Thread.java:750)

Failure: [initializationError(org.apache.commons.collections4.functors.EqualityUtils): No runnable methods]
Failing Tests: initializationError(org.apache.commons.collections4.functors.EqualityUtils)
java.lang.Exception: No runnable methods
	at org.junit.runners.BlockJUnit4ClassRunner.validateInstanceMethods(BlockJUnit4ClassRunner.java:169)
	at org.junit.runners.BlockJUnit4ClassRunner.collectInitializationErrors(BlockJUnit4ClassRunner.java:104)
	at org.junit.runners.ParentRunner.validate(ParentRunner.java:355)
	at org.junit.runners.ParentRunner.<init>(ParentRunner.java:76)
	at org.junit.runners.BlockJUnit4ClassRunner.<init>(BlockJUnit4ClassRunner.java:57)
	at org.junit.internal.builders.JUnit4Builder.runnerForClass(JUnit4Builder.java:10)
	at org.junit.runners.model.RunnerBuilder.safeRunnerForClass(RunnerBuilder.java:59)
	at org.junit.internal.builders.AllDefaultPossibilitiesBuilder.runnerForClass(AllDefaultPossibilitiesBuilder.java:26)
	at org.junit.runner.Computer.getRunner(Computer.java:40)
	at org.junit.runner.Computer$1.runnerForClass(Computer.java:31)
	at org.junit.runners.model.RunnerBuilder.safeRunnerForClass(RunnerBuilder.java:59)
	at org.junit.runners.model.RunnerBuilder.runners(RunnerBuilder.java:101)
	at org.junit.runners.model.RunnerBuilder.runners(RunnerBuilder.java:87)
	at org.junit.runners.Suite.<init>(Suite.java:80)
	at org.junit.runner.Computer.getSuite(Computer.java:28)
	at org.junit.runner.Request.classes(Request.java:75)
	at org.junit.runner.JUnitCore.run(JUnitCore.java:117)
	at sbst.benchmark.coverage.TestExecutionTask.call(TestExecutionTask.java:54)
	at sbst.benchmark.coverage.TestExecutionTask.call(TestExecutionTask.java:15)
	at java.util.concurrent.FutureTask.run(FutureTask.java:266)
	at java.util.concurrent.ThreadPoolExecutor.runWorker(ThreadPoolExecutor.java:1149)
	at java.util.concurrent.ThreadPoolExecutor$Worker.run(ThreadPoolExecutor.java:624)
	at java.lang.Thread.run(Thread.java:750)

Failure: [initializationError(org.apache.commons.collections4.functors.ReflectionUtils): No runnable methods]
Failing Tests: initializationError(org.apache.commons.collections4.functors.ReflectionUtils)
java.lang.Exception: No runnable methods
	at org.junit.runners.BlockJUnit4ClassRunner.validateInstanceMethods(BlockJUnit4ClassRunner.java:169)
	at org.junit.runners.BlockJUnit4ClassRunner.collectInitializationErrors(BlockJUnit4ClassRunner.java:104)
	at org.junit.runners.ParentRunner.validate(ParentRunner.java:355)
	at org.junit.runners.ParentRunner.<init>(ParentRunner.java:76)
	at org.junit.runners.BlockJUnit4ClassRunner.<init>(BlockJUnit4ClassRunner.java:57)
	at org.junit.internal.builders.JUnit4Builder.runnerForClass(JUnit4Builder.java:10)
	at org.junit.runners.model.RunnerBuilder.safeRunnerForClass(RunnerBuilder.java:59)
	at org.junit.internal.builders.AllDefaultPossibilitiesBuilder.runnerForClass(AllDefaultPossibilitiesBuilder.java:26)
	at org.junit.runner.Computer.getRunner(Computer.java:40)
	at org.junit.runner.Computer$1.runnerForClass(Computer.java:31)
	at org.junit.runners.model.RunnerBuilder.safeRunnerForClass(RunnerBuilder.java:59)
	at org.junit.runners.model.RunnerBuilder.runners(RunnerBuilder.java:101)
	at org.junit.runners.model.RunnerBuilder.runners(RunnerBuilder.java:87)
	at org.junit.runners.Suite.<init>(Suite.java:80)
	at org.junit.runner.Computer.getSuite(Computer.java:28)
	at org.junit.runner.Request.classes(Request.java:75)
	at org.junit.runner.JUnitCore.run(JUnitCore.java:117)
	at sbst.benchmark.coverage.TestExecutionTask.call(TestExecutionTask.java:54)
	at sbst.benchmark.coverage.TestExecutionTask.call(TestExecutionTask.java:15)
	at java.util.concurrent.FutureTask.run(FutureTask.java:266)
	at java.util.concurrent.ThreadPoolExecutor.runWorker(ThreadPoolExecutor.java:1149)
	at java.util.concurrent.ThreadPoolExecutor$Worker.run(ThreadPoolExecutor.java:624)
	at java.lang.Thread.run(Thread.java:750)

Executions terminated
Failure: [test(org.apache.commons.collections4.functors.ChainedTransformer_chainedTransformer_9511121790): transformers]
Failing Tests: test(org.apache.commons.collections4.functors.ChainedTransformer_chainedTransformer_9511121790)
java.lang.NullPointerException: transformers
	at java.util.Objects.requireNonNull(Objects.java:228)
	at org.apache.commons.collections4.functors.ChainedTransformer.chainedTransformer(ChainedTransformer.java:74)
	at sun.reflect.NativeMethodAccessorImpl.invoke0(Native Method)
	at sun.reflect.NativeMethodAccessorImpl.invoke(NativeMethodAccessorImpl.java:62)
	at sun.reflect.DelegatingMethodAccessorImpl.invoke(DelegatingMethodAccessorImpl.java:43)
	at java.lang.reflect.Method.invoke(Method.java:498)
	at org.apache.commons.collections4.functors.ReflectionUtils.callMethod(ReflectionUtils.java:238)
	at org.apache.commons.collections4.functors.ChainedTransformer_chainedTransformer_9511121790.test(ChainedTransformer_chainedTransformer_9511121790.java:39)
	at sun.reflect.NativeMethodAccessorImpl.invoke0(Native Method)
	at sun.reflect.NativeMethodAccessorImpl.invoke(NativeMethodAccessorImpl.java:62)
	at sun.reflect.DelegatingMethodAccessorImpl.invoke(DelegatingMethodAccessorImpl.java:43)
	at java.lang.reflect.Method.invoke(Method.java:498)
	at org.junit.runners.model.FrameworkMethod$1.runReflectiveCall(FrameworkMethod.java:47)
	at org.junit.internal.runners.model.ReflectiveCallable.run(ReflectiveCallable.java:12)
	at org.junit.runners.model.FrameworkMethod.invokeExplosively(FrameworkMethod.java:44)
	at org.junit.internal.runners.statements.InvokeMethod.evaluate(InvokeMethod.java:17)
	at org.junit.internal.runners.statements.RunBefores.evaluate(RunBefores.java:26)
	at org.junit.runners.ParentRunner.runLeaf(ParentRunner.java:271)
	at org.junit.runners.BlockJUnit4ClassRunner.runChild(BlockJUnit4ClassRunner.java:70)
	at org.junit.runners.BlockJUnit4ClassRunner.runChild(BlockJUnit4ClassRunner.java:50)
	at org.junit.runners.ParentRunner$3.run(ParentRunner.java:238)
	at org.junit.runners.ParentRunner$1.schedule(ParentRunner.java:63)
	at org.junit.runners.ParentRunner.runChildren(ParentRunner.java:236)
	at org.junit.runners.ParentRunner.access$000(ParentRunner.java:53)
	at org.junit.runners.ParentRunner$2.evaluate(ParentRunner.java:229)
	at org.junit.runners.ParentRunner.run(ParentRunner.java:309)
	at org.junit.runners.Suite.runChild(Suite.java:127)
	at org.junit.runners.Suite.runChild(Suite.java:26)
	at org.junit.runners.ParentRunner$3.run(ParentRunner.java:238)
	at org.junit.runners.ParentRunner$1.schedule(ParentRunner.java:63)
	at org.junit.runners.ParentRunner.runChildren(ParentRunner.java:236)
	at org.junit.runners.ParentRunner.access$000(ParentRunner.java:53)
	at org.junit.runners.ParentRunner$2.evaluate(ParentRunner.java:229)
	at org.junit.runners.ParentRunner.run(ParentRunner.java:309)
	at org.junit.runner.JUnitCore.run(JUnitCore.java:160)
	at org.junit.runner.JUnitCore.run(JUnitCore.java:138)
	at org.junit.runner.JUnitCore.run(JUnitCore.java:117)
	at sbst.benchmark.coverage.TestExecutionTask.call(TestExecutionTask.java:54)
	at sbst.benchmark.coverage.TestExecutionTask.call(TestExecutionTask.java:15)
	at java.util.concurrent.FutureTask.run(FutureTask.java:266)
	at java.util.concurrent.ThreadPoolExecutor.runWorker(ThreadPoolExecutor.java:1149)
	at java.util.concurrent.ThreadPoolExecutor$Worker.run(ThreadPoolExecutor.java:624)
	at java.lang.Thread.run(Thread.java:750)

Failure: [test(org.apache.commons.collections4.functors.ChainedTransformer_chainedTransformer_984424590): transformers[0]]
Failing Tests: test(org.apache.commons.collections4.functors.ChainedTransformer_chainedTransformer_984424590)
java.lang.NullPointerException: transformers[0]
	at org.apache.commons.collections4.functors.FunctorUtils.validate(FunctorUtils.java:174)
	at org.apache.commons.collections4.functors.ChainedTransformer.chainedTransformer(ChainedTransformer.java:54)
	at sun.reflect.NativeMethodAccessorImpl.invoke0(Native Method)
	at sun.reflect.NativeMethodAccessorImpl.invoke(NativeMethodAccessorImpl.java:62)
	at sun.reflect.DelegatingMethodAccessorImpl.invoke(DelegatingMethodAccessorImpl.java:43)
	at java.lang.reflect.Method.invoke(Method.java:498)
	at org.apache.commons.collections4.functors.ReflectionUtils.callMethod(ReflectionUtils.java:238)
	at org.apache.commons.collections4.functors.ChainedTransformer_chainedTransformer_984424590.test(ChainedTransformer_chainedTransformer_984424590.java:39)
	at sun.reflect.NativeMethodAccessorImpl.invoke0(Native Method)
	at sun.reflect.NativeMethodAccessorImpl.invoke(NativeMethodAccessorImpl.java:62)
	at sun.reflect.DelegatingMethodAccessorImpl.invoke(DelegatingMethodAccessorImpl.java:43)
	at java.lang.reflect.Method.invoke(Method.java:498)
	at org.junit.runners.model.FrameworkMethod$1.runReflectiveCall(FrameworkMethod.java:47)
	at org.junit.internal.runners.model.ReflectiveCallable.run(ReflectiveCallable.java:12)
	at org.junit.runners.model.FrameworkMethod.invokeExplosively(FrameworkMethod.java:44)
	at org.junit.internal.runners.statements.InvokeMethod.evaluate(InvokeMethod.java:17)
	at org.junit.internal.runners.statements.RunBefores.evaluate(RunBefores.java:26)
	at org.junit.runners.ParentRunner.runLeaf(ParentRunner.java:271)
	at org.junit.runners.BlockJUnit4ClassRunner.runChild(BlockJUnit4ClassRunner.java:70)
	at org.junit.runners.BlockJUnit4ClassRunner.runChild(BlockJUnit4ClassRunner.java:50)
	at org.junit.runners.ParentRunner$3.run(ParentRunner.java:238)
	at org.junit.runners.ParentRunner$1.schedule(ParentRunner.java:63)
	at org.junit.runners.ParentRunner.runChildren(ParentRunner.java:236)
	at org.junit.runners.ParentRunner.access$000(ParentRunner.java:53)
	at org.junit.runners.ParentRunner$2.evaluate(ParentRunner.java:229)
	at org.junit.runners.ParentRunner.run(ParentRunner.java:309)
	at org.junit.runners.Suite.runChild(Suite.java:127)
	at org.junit.runners.Suite.runChild(Suite.java:26)
	at org.junit.runners.ParentRunner$3.run(ParentRunner.java:238)
	at org.junit.runners.ParentRunner$1.schedule(ParentRunner.java:63)
	at org.junit.runners.ParentRunner.runChildren(ParentRunner.java:236)
	at org.junit.runners.ParentRunner.access$000(ParentRunner.java:53)
	at org.junit.runners.ParentRunner$2.evaluate(ParentRunner.java:229)
	at org.junit.runners.ParentRunner.run(ParentRunner.java:309)
	at org.junit.runner.JUnitCore.run(JUnitCore.java:160)
	at org.junit.runner.JUnitCore.run(JUnitCore.java:138)
	at org.junit.runner.JUnitCore.run(JUnitCore.java:117)
	at sbst.benchmark.coverage.TestExecutionTask.call(TestExecutionTask.java:54)
	at sbst.benchmark.coverage.TestExecutionTask.call(TestExecutionTask.java:15)
	at java.util.concurrent.FutureTask.run(FutureTask.java:266)
	at java.util.concurrent.ThreadPoolExecutor.runWorker(ThreadPoolExecutor.java:1149)
	at java.util.concurrent.ThreadPoolExecutor$Worker.run(ThreadPoolExecutor.java:624)
	at java.lang.Thread.run(Thread.java:750)

Failure: [test(org.apache.commons.collections4.functors.ChainedTransformer_chainedTransformer_984424591): transformers]
Failing Tests: test(org.apache.commons.collections4.functors.ChainedTransformer_chainedTransformer_984424591)
java.lang.NullPointerException: transformers
	at java.util.Objects.requireNonNull(Objects.java:228)
	at org.apache.commons.collections4.functors.FunctorUtils.validate(FunctorUtils.java:171)
	at org.apache.commons.collections4.functors.ChainedTransformer.chainedTransformer(ChainedTransformer.java:54)
	at sun.reflect.NativeMethodAccessorImpl.invoke0(Native Method)
	at sun.reflect.NativeMethodAccessorImpl.invoke(NativeMethodAccessorImpl.java:62)
	at sun.reflect.DelegatingMethodAccessorImpl.invoke(DelegatingMethodAccessorImpl.java:43)
	at java.lang.reflect.Method.invoke(Method.java:498)
	at org.apache.commons.collections4.functors.ReflectionUtils.callMethod(ReflectionUtils.java:238)
	at org.apache.commons.collections4.functors.ChainedTransformer_chainedTransformer_984424591.test(ChainedTransformer_chainedTransformer_984424591.java:39)
	at sun.reflect.NativeMethodAccessorImpl.invoke0(Native Method)
	at sun.reflect.NativeMethodAccessorImpl.invoke(NativeMethodAccessorImpl.java:62)
	at sun.reflect.DelegatingMethodAccessorImpl.invoke(DelegatingMethodAccessorImpl.java:43)
	at java.lang.reflect.Method.invoke(Method.java:498)
	at org.junit.runners.model.FrameworkMethod$1.runReflectiveCall(FrameworkMethod.java:47)
	at org.junit.internal.runners.model.ReflectiveCallable.run(ReflectiveCallable.java:12)
	at org.junit.runners.model.FrameworkMethod.invokeExplosively(FrameworkMethod.java:44)
	at org.junit.internal.runners.statements.InvokeMethod.evaluate(InvokeMethod.java:17)
	at org.junit.internal.runners.statements.RunBefores.evaluate(RunBefores.java:26)
	at org.junit.runners.ParentRunner.runLeaf(ParentRunner.java:271)
	at org.junit.runners.BlockJUnit4ClassRunner.runChild(BlockJUnit4ClassRunner.java:70)
	at org.junit.runners.BlockJUnit4ClassRunner.runChild(BlockJUnit4ClassRunner.java:50)
	at org.junit.runners.ParentRunner$3.run(ParentRunner.java:238)
	at org.junit.runners.ParentRunner$1.schedule(ParentRunner.java:63)
	at org.junit.runners.ParentRunner.runChildren(ParentRunner.java:236)
	at org.junit.runners.ParentRunner.access$000(ParentRunner.java:53)
	at org.junit.runners.ParentRunner$2.evaluate(ParentRunner.java:229)
	at org.junit.runners.ParentRunner.run(ParentRunner.java:309)
	at org.junit.runners.Suite.runChild(Suite.java:127)
	at org.junit.runners.Suite.runChild(Suite.java:26)
	at org.junit.runners.ParentRunner$3.run(ParentRunner.java:238)
	at org.junit.runners.ParentRunner$1.schedule(ParentRunner.java:63)
	at org.junit.runners.ParentRunner.runChildren(ParentRunner.java:236)
	at org.junit.runners.ParentRunner.access$000(ParentRunner.java:53)
	at org.junit.runners.ParentRunner$2.evaluate(ParentRunner.java:229)
	at org.junit.runners.ParentRunner.run(ParentRunner.java:309)
	at org.junit.runner.JUnitCore.run(JUnitCore.java:160)
	at org.junit.runner.JUnitCore.run(JUnitCore.java:138)
	at org.junit.runner.JUnitCore.run(JUnitCore.java:117)
	at sbst.benchmark.coverage.TestExecutionTask.call(TestExecutionTask.java:54)
	at sbst.benchmark.coverage.TestExecutionTask.call(TestExecutionTask.java:15)
	at java.util.concurrent.FutureTask.run(FutureTask.java:266)
	at java.util.concurrent.ThreadPoolExecutor.runWorker(ThreadPoolExecutor.java:1149)
	at java.util.concurrent.ThreadPoolExecutor$Worker.run(ThreadPoolExecutor.java:624)
	at java.lang.Thread.run(Thread.java:750)

Failure: [test(org.apache.commons.collections4.functors.ChainedTransformer_transform_10664454160): null]
Failing Tests: test(org.apache.commons.collections4.functors.ChainedTransformer_transform_10664454160)
java.lang.NullPointerException
	at org.apache.commons.collections4.functors.ChainedTransformer.transform(ChainedTransformer.java:113)
	at sun.reflect.NativeMethodAccessorImpl.invoke0(Native Method)
	at sun.reflect.NativeMethodAccessorImpl.invoke(NativeMethodAccessorImpl.java:62)
	at sun.reflect.DelegatingMethodAccessorImpl.invoke(DelegatingMethodAccessorImpl.java:43)
	at java.lang.reflect.Method.invoke(Method.java:498)
	at org.apache.commons.collections4.functors.ReflectionUtils.callMethod(ReflectionUtils.java:238)
	at org.apache.commons.collections4.functors.ChainedTransformer_transform_10664454160.test(ChainedTransformer_transform_10664454160.java:43)
	at sun.reflect.NativeMethodAccessorImpl.invoke0(Native Method)
	at sun.reflect.NativeMethodAccessorImpl.invoke(NativeMethodAccessorImpl.java:62)
	at sun.reflect.DelegatingMethodAccessorImpl.invoke(DelegatingMethodAccessorImpl.java:43)
	at java.lang.reflect.Method.invoke(Method.java:498)
	at org.junit.runners.model.FrameworkMethod$1.runReflectiveCall(FrameworkMethod.java:47)
	at org.junit.internal.runners.model.ReflectiveCallable.run(ReflectiveCallable.java:12)
	at org.junit.runners.model.FrameworkMethod.invokeExplosively(FrameworkMethod.java:44)
	at org.junit.internal.runners.statements.InvokeMethod.evaluate(InvokeMethod.java:17)
	at org.junit.internal.runners.statements.RunBefores.evaluate(RunBefores.java:26)
	at org.junit.runners.ParentRunner.runLeaf(ParentRunner.java:271)
	at org.junit.runners.BlockJUnit4ClassRunner.runChild(BlockJUnit4ClassRunner.java:70)
	at org.junit.runners.BlockJUnit4ClassRunner.runChild(BlockJUnit4ClassRunner.java:50)
	at org.junit.runners.ParentRunner$3.run(ParentRunner.java:238)
	at org.junit.runners.ParentRunner$1.schedule(ParentRunner.java:63)
	at org.junit.runners.ParentRunner.runChildren(ParentRunner.java:236)
	at org.junit.runners.ParentRunner.access$000(ParentRunner.java:53)
	at org.junit.runners.ParentRunner$2.evaluate(ParentRunner.java:229)
	at org.junit.runners.ParentRunner.run(ParentRunner.java:309)
	at org.junit.runners.Suite.runChild(Suite.java:127)
	at org.junit.runners.Suite.runChild(Suite.java:26)
	at org.junit.runners.ParentRunner$3.run(ParentRunner.java:238)
	at org.junit.runners.ParentRunner$1.schedule(ParentRunner.java:63)
	at org.junit.runners.ParentRunner.runChildren(ParentRunner.java:236)
	at org.junit.runners.ParentRunner.access$000(ParentRunner.java:53)
	at org.junit.runners.ParentRunner$2.evaluate(ParentRunner.java:229)
	at org.junit.runners.ParentRunner.run(ParentRunner.java:309)
	at org.junit.runner.JUnitCore.run(JUnitCore.java:160)
	at org.junit.runner.JUnitCore.run(JUnitCore.java:138)
	at org.junit.runner.JUnitCore.run(JUnitCore.java:117)
	at sbst.benchmark.coverage.TestExecutionTask.call(TestExecutionTask.java:54)
	at sbst.benchmark.coverage.TestExecutionTask.call(TestExecutionTask.java:15)
	at java.util.concurrent.FutureTask.run(FutureTask.java:266)
	at java.util.concurrent.ThreadPoolExecutor.runWorker(ThreadPoolExecutor.java:1149)
	at java.util.concurrent.ThreadPoolExecutor$Worker.run(ThreadPoolExecutor.java:624)
	at java.lang.Thread.run(Thread.java:750)

Failure: [test(org.apache.commons.collections4.functors.ChainedTransformer_transform_10664454161): null]
Failing Tests: test(org.apache.commons.collections4.functors.ChainedTransformer_transform_10664454161)
java.lang.NullPointerException
	at org.apache.commons.collections4.functors.ChainedTransformer.transform(ChainedTransformer.java:112)
	at sun.reflect.NativeMethodAccessorImpl.invoke0(Native Method)
	at sun.reflect.NativeMethodAccessorImpl.invoke(NativeMethodAccessorImpl.java:62)
	at sun.reflect.DelegatingMethodAccessorImpl.invoke(DelegatingMethodAccessorImpl.java:43)
	at java.lang.reflect.Method.invoke(Method.java:498)
	at org.apache.commons.collections4.functors.ReflectionUtils.callMethod(ReflectionUtils.java:238)
	at org.apache.commons.collections4.functors.ChainedTransformer_transform_10664454161.test(ChainedTransformer_transform_10664454161.java:39)
	at sun.reflect.NativeMethodAccessorImpl.invoke0(Native Method)
	at sun.reflect.NativeMethodAccessorImpl.invoke(NativeMethodAccessorImpl.java:62)
	at sun.reflect.DelegatingMethodAccessorImpl.invoke(DelegatingMethodAccessorImpl.java:43)
	at java.lang.reflect.Method.invoke(Method.java:498)
	at org.junit.runners.model.FrameworkMethod$1.runReflectiveCall(FrameworkMethod.java:47)
	at org.junit.internal.runners.model.ReflectiveCallable.run(ReflectiveCallable.java:12)
	at org.junit.runners.model.FrameworkMethod.invokeExplosively(FrameworkMethod.java:44)
	at org.junit.internal.runners.statements.InvokeMethod.evaluate(InvokeMethod.java:17)
	at org.junit.internal.runners.statements.RunBefores.evaluate(RunBefores.java:26)
	at org.junit.runners.ParentRunner.runLeaf(ParentRunner.java:271)
	at org.junit.runners.BlockJUnit4ClassRunner.runChild(BlockJUnit4ClassRunner.java:70)
	at org.junit.runners.BlockJUnit4ClassRunner.runChild(BlockJUnit4ClassRunner.java:50)
	at org.junit.runners.ParentRunner$3.run(ParentRunner.java:238)
	at org.junit.runners.ParentRunner$1.schedule(ParentRunner.java:63)
	at org.junit.runners.ParentRunner.runChildren(ParentRunner.java:236)
	at org.junit.runners.ParentRunner.access$000(ParentRunner.java:53)
	at org.junit.runners.ParentRunner$2.evaluate(ParentRunner.java:229)
	at org.junit.runners.ParentRunner.run(ParentRunner.java:309)
	at org.junit.runners.Suite.runChild(Suite.java:127)
	at org.junit.runners.Suite.runChild(Suite.java:26)
	at org.junit.runners.ParentRunner$3.run(ParentRunner.java:238)
	at org.junit.runners.ParentRunner$1.schedule(ParentRunner.java:63)
	at org.junit.runners.ParentRunner.runChildren(ParentRunner.java:236)
	at org.junit.runners.ParentRunner.access$000(ParentRunner.java:53)
	at org.junit.runners.ParentRunner$2.evaluate(ParentRunner.java:229)
	at org.junit.runners.ParentRunner.run(ParentRunner.java:309)
	at org.junit.runner.JUnitCore.run(JUnitCore.java:160)
	at org.junit.runner.JUnitCore.run(JUnitCore.java:138)
	at org.junit.runner.JUnitCore.run(JUnitCore.java:117)
	at sbst.benchmark.coverage.TestExecutionTask.call(TestExecutionTask.java:54)
	at sbst.benchmark.coverage.TestExecutionTask.call(TestExecutionTask.java:15)
	at java.util.concurrent.FutureTask.run(FutureTask.java:266)
	at java.util.concurrent.ThreadPoolExecutor.runWorker(ThreadPoolExecutor.java:1149)
	at java.util.concurrent.ThreadPoolExecutor$Worker.run(ThreadPoolExecutor.java:624)
	at java.lang.Thread.run(Thread.java:750)

Failure: [initializationError(org.apache.commons.collections4.functors.EqualityUtils): No runnable methods]
Running the tests: [SBSTDummyForCoverageAndMutationCalculation, org.apache.commons.collections4.functors.ChainedTransformer_chainedTransformer_9511121790, org.apache.commons.collections4.functors.ChainedTransformer_chainedTransformer_984424590, org.apache.commons.collections4.functors.ChainedTransformer_chainedTransformer_984424591, org.apache.commons.collections4.functors.ChainedTransformer_getTransformers_6031214080, org.apache.commons.collections4.functors.ChainedTransformer_getTransformers_6031214081, org.apache.commons.collections4.functors.ChainedTransformer_init_4010501560, org.apache.commons.collections4.functors.ChainedTransformer_init_4010501561, org.apache.commons.collections4.functors.ChainedTransformer_init_4010789860, org.apache.commons.collections4.functors.ChainedTransformer_init_4010789861, org.apache.commons.collections4.functors.ChainedTransformer_transform_10664454160, org.apache.commons.collections4.functors.ChainedTransformer_transform_10664454161, org.apache.commons.collections4.functors.EqualityUtils, org.apache.commons.collections4.functors.ReflectionUtils]
Failing Tests: initializationError(org.apache.commons.collections4.functors.EqualityUtils)
java.lang.Exception: No runnable methods
	at org.junit.runners.BlockJUnit4ClassRunner.validateInstanceMethods(BlockJUnit4ClassRunner.java:169)
	at org.junit.runners.BlockJUnit4ClassRunner.collectInitializationErrors(BlockJUnit4ClassRunner.java:104)
	at org.junit.runners.ParentRunner.validate(ParentRunner.java:355)
	at org.junit.runners.ParentRunner.<init>(ParentRunner.java:76)
	at org.junit.runners.BlockJUnit4ClassRunner.<init>(BlockJUnit4ClassRunner.java:57)
	at org.junit.internal.builders.JUnit4Builder.runnerForClass(JUnit4Builder.java:10)
	at org.junit.runners.model.RunnerBuilder.safeRunnerForClass(RunnerBuilder.java:59)
	at org.junit.internal.builders.AllDefaultPossibilitiesBuilder.runnerForClass(AllDefaultPossibilitiesBuilder.java:26)
	at org.junit.runner.Computer.getRunner(Computer.java:40)
	at org.junit.runner.Computer$1.runnerForClass(Computer.java:31)
	at org.junit.runners.model.RunnerBuilder.safeRunnerForClass(RunnerBuilder.java:59)
	at org.junit.runners.model.RunnerBuilder.runners(RunnerBuilder.java:101)
	at org.junit.runners.model.RunnerBuilder.runners(RunnerBuilder.java:87)
	at org.junit.runners.Suite.<init>(Suite.java:80)
	at org.junit.runner.Computer.getSuite(Computer.java:28)
	at org.junit.runner.Request.classes(Request.java:75)
	at org.junit.runner.JUnitCore.run(JUnitCore.java:117)
	at sbst.benchmark.coverage.TestExecutionTask.call(TestExecutionTask.java:54)
	at sbst.benchmark.coverage.TestExecutionTask.call(TestExecutionTask.java:15)
	at java.util.concurrent.FutureTask.run(FutureTask.java:266)
	at java.util.concurrent.ThreadPoolExecutor.runWorker(ThreadPoolExecutor.java:1149)
	at java.util.concurrent.ThreadPoolExecutor$Worker.run(ThreadPoolExecutor.java:624)
	at java.lang.Thread.run(Thread.java:750)

Failure: [initializationError(org.apache.commons.collections4.functors.ReflectionUtils): No runnable methods]
Failing Tests: initializationError(org.apache.commons.collections4.functors.ReflectionUtils)
java.lang.Exception: No runnable methods
	at org.junit.runners.BlockJUnit4ClassRunner.validateInstanceMethods(BlockJUnit4ClassRunner.java:169)
	at org.junit.runners.BlockJUnit4ClassRunner.collectInitializationErrors(BlockJUnit4ClassRunner.java:104)
	at org.junit.runners.ParentRunner.validate(ParentRunner.java:355)
	at org.junit.runners.ParentRunner.<init>(ParentRunner.java:76)
	at org.junit.runners.BlockJUnit4ClassRunner.<init>(BlockJUnit4ClassRunner.java:57)
	at org.junit.internal.builders.JUnit4Builder.runnerForClass(JUnit4Builder.java:10)
	at org.junit.runners.model.RunnerBuilder.safeRunnerForClass(RunnerBuilder.java:59)
	at org.junit.internal.builders.AllDefaultPossibilitiesBuilder.runnerForClass(AllDefaultPossibilitiesBuilder.java:26)
	at org.junit.runner.Computer.getRunner(Computer.java:40)
	at org.junit.runner.Computer$1.runnerForClass(Computer.java:31)
	at org.junit.runners.model.RunnerBuilder.safeRunnerForClass(RunnerBuilder.java:59)
	at org.junit.runners.model.RunnerBuilder.runners(RunnerBuilder.java:101)
	at org.junit.runners.model.RunnerBuilder.runners(RunnerBuilder.java:87)
	at org.junit.runners.Suite.<init>(Suite.java:80)
	at org.junit.runner.Computer.getSuite(Computer.java:28)
	at org.junit.runner.Request.classes(Request.java:75)
	at org.junit.runner.JUnitCore.run(JUnitCore.java:117)
	at sbst.benchmark.coverage.TestExecutionTask.call(TestExecutionTask.java:54)
	at sbst.benchmark.coverage.TestExecutionTask.call(TestExecutionTask.java:15)
	at java.util.concurrent.FutureTask.run(FutureTask.java:266)
	at java.util.concurrent.ThreadPoolExecutor.runWorker(ThreadPoolExecutor.java:1149)
	at java.util.concurrent.ThreadPoolExecutor$Worker.run(ThreadPoolExecutor.java:624)
	at java.lang.Thread.run(Thread.java:750)

Executions terminated
Failure: [test(org.apache.commons.collections4.functors.ChainedTransformer_chainedTransformer_9511121790): transformers]
Failing Tests: test(org.apache.commons.collections4.functors.ChainedTransformer_chainedTransformer_9511121790)
java.lang.NullPointerException: transformers
	at java.util.Objects.requireNonNull(Objects.java:228)
	at org.apache.commons.collections4.functors.ChainedTransformer.chainedTransformer(ChainedTransformer.java:74)
	at sun.reflect.NativeMethodAccessorImpl.invoke0(Native Method)
	at sun.reflect.NativeMethodAccessorImpl.invoke(NativeMethodAccessorImpl.java:62)
	at sun.reflect.DelegatingMethodAccessorImpl.invoke(DelegatingMethodAccessorImpl.java:43)
	at java.lang.reflect.Method.invoke(Method.java:498)
	at org.apache.commons.collections4.functors.ReflectionUtils.callMethod(ReflectionUtils.java:238)
	at org.apache.commons.collections4.functors.ChainedTransformer_chainedTransformer_9511121790.test(ChainedTransformer_chainedTransformer_9511121790.java:39)
	at sun.reflect.NativeMethodAccessorImpl.invoke0(Native Method)
	at sun.reflect.NativeMethodAccessorImpl.invoke(NativeMethodAccessorImpl.java:62)
	at sun.reflect.DelegatingMethodAccessorImpl.invoke(DelegatingMethodAccessorImpl.java:43)
	at java.lang.reflect.Method.invoke(Method.java:498)
	at org.junit.runners.model.FrameworkMethod$1.runReflectiveCall(FrameworkMethod.java:47)
	at org.junit.internal.runners.model.ReflectiveCallable.run(ReflectiveCallable.java:12)
	at org.junit.runners.model.FrameworkMethod.invokeExplosively(FrameworkMethod.java:44)
	at org.junit.internal.runners.statements.InvokeMethod.evaluate(InvokeMethod.java:17)
	at org.junit.internal.runners.statements.RunBefores.evaluate(RunBefores.java:26)
	at org.junit.runners.ParentRunner.runLeaf(ParentRunner.java:271)
	at org.junit.runners.BlockJUnit4ClassRunner.runChild(BlockJUnit4ClassRunner.java:70)
	at org.junit.runners.BlockJUnit4ClassRunner.runChild(BlockJUnit4ClassRunner.java:50)
	at org.junit.runners.ParentRunner$3.run(ParentRunner.java:238)
	at org.junit.runners.ParentRunner$1.schedule(ParentRunner.java:63)
	at org.junit.runners.ParentRunner.runChildren(ParentRunner.java:236)
	at org.junit.runners.ParentRunner.access$000(ParentRunner.java:53)
	at org.junit.runners.ParentRunner$2.evaluate(ParentRunner.java:229)
	at org.junit.runners.ParentRunner.run(ParentRunner.java:309)
	at org.junit.runners.Suite.runChild(Suite.java:127)
	at org.junit.runners.Suite.runChild(Suite.java:26)
	at org.junit.runners.ParentRunner$3.run(ParentRunner.java:238)
	at org.junit.runners.ParentRunner$1.schedule(ParentRunner.java:63)
	at org.junit.runners.ParentRunner.runChildren(ParentRunner.java:236)
	at org.junit.runners.ParentRunner.access$000(ParentRunner.java:53)
	at org.junit.runners.ParentRunner$2.evaluate(ParentRunner.java:229)
	at org.junit.runners.ParentRunner.run(ParentRunner.java:309)
	at org.junit.runner.JUnitCore.run(JUnitCore.java:160)
	at org.junit.runner.JUnitCore.run(JUnitCore.java:138)
	at org.junit.runner.JUnitCore.run(JUnitCore.java:117)
	at sbst.benchmark.coverage.TestExecutionTask.call(TestExecutionTask.java:54)
	at sbst.benchmark.coverage.TestExecutionTask.call(TestExecutionTask.java:15)
	at java.util.concurrent.FutureTask.run(FutureTask.java:266)
	at java.util.concurrent.ThreadPoolExecutor.runWorker(ThreadPoolExecutor.java:1149)
	at java.util.concurrent.ThreadPoolExecutor$Worker.run(ThreadPoolExecutor.java:624)
	at java.lang.Thread.run(Thread.java:750)

Failure: [test(org.apache.commons.collections4.functors.ChainedTransformer_chainedTransformer_984424590): transformers[0]]
Failing Tests: test(org.apache.commons.collections4.functors.ChainedTransformer_chainedTransformer_984424590)
java.lang.NullPointerException: transformers[0]
	at org.apache.commons.collections4.functors.FunctorUtils.validate(FunctorUtils.java:174)
	at org.apache.commons.collections4.functors.ChainedTransformer.chainedTransformer(ChainedTransformer.java:54)
	at sun.reflect.NativeMethodAccessorImpl.invoke0(Native Method)
	at sun.reflect.NativeMethodAccessorImpl.invoke(NativeMethodAccessorImpl.java:62)
	at sun.reflect.DelegatingMethodAccessorImpl.invoke(DelegatingMethodAccessorImpl.java:43)
	at java.lang.reflect.Method.invoke(Method.java:498)
	at org.apache.commons.collections4.functors.ReflectionUtils.callMethod(ReflectionUtils.java:238)
	at org.apache.commons.collections4.functors.ChainedTransformer_chainedTransformer_984424590.test(ChainedTransformer_chainedTransformer_984424590.java:39)
	at sun.reflect.NativeMethodAccessorImpl.invoke0(Native Method)
	at sun.reflect.NativeMethodAccessorImpl.invoke(NativeMethodAccessorImpl.java:62)
	at sun.reflect.DelegatingMethodAccessorImpl.invoke(DelegatingMethodAccessorImpl.java:43)
	at java.lang.reflect.Method.invoke(Method.java:498)
	at org.junit.runners.model.FrameworkMethod$1.runReflectiveCall(FrameworkMethod.java:47)
	at org.junit.internal.runners.model.ReflectiveCallable.run(ReflectiveCallable.java:12)
	at org.junit.runners.model.FrameworkMethod.invokeExplosively(FrameworkMethod.java:44)
	at org.junit.internal.runners.statements.InvokeMethod.evaluate(InvokeMethod.java:17)
	at org.junit.internal.runners.statements.RunBefores.evaluate(RunBefores.java:26)
	at org.junit.runners.ParentRunner.runLeaf(ParentRunner.java:271)
	at org.junit.runners.BlockJUnit4ClassRunner.runChild(BlockJUnit4ClassRunner.java:70)
	at org.junit.runners.BlockJUnit4ClassRunner.runChild(BlockJUnit4ClassRunner.java:50)
	at org.junit.runners.ParentRunner$3.run(ParentRunner.java:238)
	at org.junit.runners.ParentRunner$1.schedule(ParentRunner.java:63)
	at org.junit.runners.ParentRunner.runChildren(ParentRunner.java:236)
	at org.junit.runners.ParentRunner.access$000(ParentRunner.java:53)
	at org.junit.runners.ParentRunner$2.evaluate(ParentRunner.java:229)
	at org.junit.runners.ParentRunner.run(ParentRunner.java:309)
	at org.junit.runners.Suite.runChild(Suite.java:127)
	at org.junit.runners.Suite.runChild(Suite.java:26)
	at org.junit.runners.ParentRunner$3.run(ParentRunner.java:238)
	at org.junit.runners.ParentRunner$1.schedule(ParentRunner.java:63)
	at org.junit.runners.ParentRunner.runChildren(ParentRunner.java:236)
	at org.junit.runners.ParentRunner.access$000(ParentRunner.java:53)
	at org.junit.runners.ParentRunner$2.evaluate(ParentRunner.java:229)
	at org.junit.runners.ParentRunner.run(ParentRunner.java:309)
	at org.junit.runner.JUnitCore.run(JUnitCore.java:160)
	at org.junit.runner.JUnitCore.run(JUnitCore.java:138)
	at org.junit.runner.JUnitCore.run(JUnitCore.java:117)
	at sbst.benchmark.coverage.TestExecutionTask.call(TestExecutionTask.java:54)
	at sbst.benchmark.coverage.TestExecutionTask.call(TestExecutionTask.java:15)
	at java.util.concurrent.FutureTask.run(FutureTask.java:266)
	at java.util.concurrent.ThreadPoolExecutor.runWorker(ThreadPoolExecutor.java:1149)
	at java.util.concurrent.ThreadPoolExecutor$Worker.run(ThreadPoolExecutor.java:624)
	at java.lang.Thread.run(Thread.java:750)

Failure: [test(org.apache.commons.collections4.functors.ChainedTransformer_chainedTransformer_984424591): transformers]
Failing Tests: test(org.apache.commons.collections4.functors.ChainedTransformer_chainedTransformer_984424591)
java.lang.NullPointerException: transformers
	at java.util.Objects.requireNonNull(Objects.java:228)
	at org.apache.commons.collections4.functors.FunctorUtils.validate(FunctorUtils.java:171)
	at org.apache.commons.collections4.functors.ChainedTransformer.chainedTransformer(ChainedTransformer.java:54)
	at sun.reflect.NativeMethodAccessorImpl.invoke0(Native Method)
	at sun.reflect.NativeMethodAccessorImpl.invoke(NativeMethodAccessorImpl.java:62)
	at sun.reflect.DelegatingMethodAccessorImpl.invoke(DelegatingMethodAccessorImpl.java:43)
	at java.lang.reflect.Method.invoke(Method.java:498)
	at org.apache.commons.collections4.functors.ReflectionUtils.callMethod(ReflectionUtils.java:238)
	at org.apache.commons.collections4.functors.ChainedTransformer_chainedTransformer_984424591.test(ChainedTransformer_chainedTransformer_984424591.java:39)
	at sun.reflect.NativeMethodAccessorImpl.invoke0(Native Method)
	at sun.reflect.NativeMethodAccessorImpl.invoke(NativeMethodAccessorImpl.java:62)
	at sun.reflect.DelegatingMethodAccessorImpl.invoke(DelegatingMethodAccessorImpl.java:43)
	at java.lang.reflect.Method.invoke(Method.java:498)
	at org.junit.runners.model.FrameworkMethod$1.runReflectiveCall(FrameworkMethod.java:47)
	at org.junit.internal.runners.model.ReflectiveCallable.run(ReflectiveCallable.java:12)
	at org.junit.runners.model.FrameworkMethod.invokeExplosively(FrameworkMethod.java:44)
	at org.junit.internal.runners.statements.InvokeMethod.evaluate(InvokeMethod.java:17)
	at org.junit.internal.runners.statements.RunBefores.evaluate(RunBefores.java:26)
	at org.junit.runners.ParentRunner.runLeaf(ParentRunner.java:271)
	at org.junit.runners.BlockJUnit4ClassRunner.runChild(BlockJUnit4ClassRunner.java:70)
	at org.junit.runners.BlockJUnit4ClassRunner.runChild(BlockJUnit4ClassRunner.java:50)
	at org.junit.runners.ParentRunner$3.run(ParentRunner.java:238)
	at org.junit.runners.ParentRunner$1.schedule(ParentRunner.java:63)
	at org.junit.runners.ParentRunner.runChildren(ParentRunner.java:236)
	at org.junit.runners.ParentRunner.access$000(ParentRunner.java:53)
	at org.junit.runners.ParentRunner$2.evaluate(ParentRunner.java:229)
	at org.junit.runners.ParentRunner.run(ParentRunner.java:309)
	at org.junit.runners.Suite.runChild(Suite.java:127)
	at org.junit.runners.Suite.runChild(Suite.java:26)
	at org.junit.runners.ParentRunner$3.run(ParentRunner.java:238)
	at org.junit.runners.ParentRunner$1.schedule(ParentRunner.java:63)
	at org.junit.runners.ParentRunner.runChildren(ParentRunner.java:236)
	at org.junit.runners.ParentRunner.access$000(ParentRunner.java:53)
	at org.junit.runners.ParentRunner$2.evaluate(ParentRunner.java:229)
	at org.junit.runners.ParentRunner.run(ParentRunner.java:309)
	at org.junit.runner.JUnitCore.run(JUnitCore.java:160)
	at org.junit.runner.JUnitCore.run(JUnitCore.java:138)
	at org.junit.runner.JUnitCore.run(JUnitCore.java:117)
	at sbst.benchmark.coverage.TestExecutionTask.call(TestExecutionTask.java:54)
	at sbst.benchmark.coverage.TestExecutionTask.call(TestExecutionTask.java:15)
	at java.util.concurrent.FutureTask.run(FutureTask.java:266)
	at java.util.concurrent.ThreadPoolExecutor.runWorker(ThreadPoolExecutor.java:1149)
	at java.util.concurrent.ThreadPoolExecutor$Worker.run(ThreadPoolExecutor.java:624)
	at java.lang.Thread.run(Thread.java:750)

Failure: [test(org.apache.commons.collections4.functors.ChainedTransformer_transform_10664454160): null]
Failing Tests: test(org.apache.commons.collections4.functors.ChainedTransformer_transform_10664454160)
java.lang.NullPointerException
	at org.apache.commons.collections4.functors.ChainedTransformer.transform(ChainedTransformer.java:113)
	at sun.reflect.NativeMethodAccessorImpl.invoke0(Native Method)
	at sun.reflect.NativeMethodAccessorImpl.invoke(NativeMethodAccessorImpl.java:62)
	at sun.reflect.DelegatingMethodAccessorImpl.invoke(DelegatingMethodAccessorImpl.java:43)
	at java.lang.reflect.Method.invoke(Method.java:498)
	at org.apache.commons.collections4.functors.ReflectionUtils.callMethod(ReflectionUtils.java:238)
	at org.apache.commons.collections4.functors.ChainedTransformer_transform_10664454160.test(ChainedTransformer_transform_10664454160.java:43)
	at sun.reflect.NativeMethodAccessorImpl.invoke0(Native Method)
	at sun.reflect.NativeMethodAccessorImpl.invoke(NativeMethodAccessorImpl.java:62)
	at sun.reflect.DelegatingMethodAccessorImpl.invoke(DelegatingMethodAccessorImpl.java:43)
	at java.lang.reflect.Method.invoke(Method.java:498)
	at org.junit.runners.model.FrameworkMethod$1.runReflectiveCall(FrameworkMethod.java:47)
	at org.junit.internal.runners.model.ReflectiveCallable.run(ReflectiveCallable.java:12)
	at org.junit.runners.model.FrameworkMethod.invokeExplosively(FrameworkMethod.java:44)
	at org.junit.internal.runners.statements.InvokeMethod.evaluate(InvokeMethod.java:17)
	at org.junit.internal.runners.statements.RunBefores.evaluate(RunBefores.java:26)
	at org.junit.runners.ParentRunner.runLeaf(ParentRunner.java:271)
	at org.junit.runners.BlockJUnit4ClassRunner.runChild(BlockJUnit4ClassRunner.java:70)
	at org.junit.runners.BlockJUnit4ClassRunner.runChild(BlockJUnit4ClassRunner.java:50)
	at org.junit.runners.ParentRunner$3.run(ParentRunner.java:238)
	at org.junit.runners.ParentRunner$1.schedule(ParentRunner.java:63)
	at org.junit.runners.ParentRunner.runChildren(ParentRunner.java:236)
	at org.junit.runners.ParentRunner.access$000(ParentRunner.java:53)
	at org.junit.runners.ParentRunner$2.evaluate(ParentRunner.java:229)
	at org.junit.runners.ParentRunner.run(ParentRunner.java:309)
	at org.junit.runners.Suite.runChild(Suite.java:127)
	at org.junit.runners.Suite.runChild(Suite.java:26)
	at org.junit.runners.ParentRunner$3.run(ParentRunner.java:238)
	at org.junit.runners.ParentRunner$1.schedule(ParentRunner.java:63)
	at org.junit.runners.ParentRunner.runChildren(ParentRunner.java:236)
	at org.junit.runners.ParentRunner.access$000(ParentRunner.java:53)
	at org.junit.runners.ParentRunner$2.evaluate(ParentRunner.java:229)
	at org.junit.runners.ParentRunner.run(ParentRunner.java:309)
	at org.junit.runner.JUnitCore.run(JUnitCore.java:160)
	at org.junit.runner.JUnitCore.run(JUnitCore.java:138)
	at org.junit.runner.JUnitCore.run(JUnitCore.java:117)
	at sbst.benchmark.coverage.TestExecutionTask.call(TestExecutionTask.java:54)
	at sbst.benchmark.coverage.TestExecutionTask.call(TestExecutionTask.java:15)
	at java.util.concurrent.FutureTask.run(FutureTask.java:266)
	at java.util.concurrent.ThreadPoolExecutor.runWorker(ThreadPoolExecutor.java:1149)
	at java.util.concurrent.ThreadPoolExecutor$Worker.run(ThreadPoolExecutor.java:624)
	at java.lang.Thread.run(Thread.java:750)

Failure: [test(org.apache.commons.collections4.functors.ChainedTransformer_transform_10664454161): null]
Failing Tests: test(org.apache.commons.collections4.functors.ChainedTransformer_transform_10664454161)
java.lang.NullPointerException
	at org.apache.commons.collections4.functors.ChainedTransformer.transform(ChainedTransformer.java:112)
	at sun.reflect.NativeMethodAccessorImpl.invoke0(Native Method)
	at sun.reflect.NativeMethodAccessorImpl.invoke(NativeMethodAccessorImpl.java:62)
	at sun.reflect.DelegatingMethodAccessorImpl.invoke(DelegatingMethodAccessorImpl.java:43)
	at java.lang.reflect.Method.invoke(Method.java:498)
	at org.apache.commons.collections4.functors.ReflectionUtils.callMethod(ReflectionUtils.java:238)
	at org.apache.commons.collections4.functors.ChainedTransformer_transform_10664454161.test(ChainedTransformer_transform_10664454161.java:39)
	at sun.reflect.NativeMethodAccessorImpl.invoke0(Native Method)
	at sun.reflect.NativeMethodAccessorImpl.invoke(NativeMethodAccessorImpl.java:62)
	at sun.reflect.DelegatingMethodAccessorImpl.invoke(DelegatingMethodAccessorImpl.java:43)
	at java.lang.reflect.Method.invoke(Method.java:498)
	at org.junit.runners.model.FrameworkMethod$1.runReflectiveCall(FrameworkMethod.java:47)
	at org.junit.internal.runners.model.ReflectiveCallable.run(ReflectiveCallable.java:12)
	at org.junit.runners.model.FrameworkMethod.invokeExplosively(FrameworkMethod.java:44)
	at org.junit.internal.runners.statements.InvokeMethod.evaluate(InvokeMethod.java:17)
	at org.junit.internal.runners.statements.RunBefores.evaluate(RunBefores.java:26)
	at org.junit.runners.ParentRunner.runLeaf(ParentRunner.java:271)
	at org.junit.runners.BlockJUnit4ClassRunner.runChild(BlockJUnit4ClassRunner.java:70)
	at org.junit.runners.BlockJUnit4ClassRunner.runChild(BlockJUnit4ClassRunner.java:50)
	at org.junit.runners.ParentRunner$3.run(ParentRunner.java:238)
	at org.junit.runners.ParentRunner$1.schedule(ParentRunner.java:63)
	at org.junit.runners.ParentRunner.runChildren(ParentRunner.java:236)
	at org.junit.runners.ParentRunner.access$000(ParentRunner.java:53)
	at org.junit.runners.ParentRunner$2.evaluate(ParentRunner.java:229)
	at org.junit.runners.ParentRunner.run(ParentRunner.java:309)
	at org.junit.runners.Suite.runChild(Suite.java:127)
	at org.junit.runners.Suite.runChild(Suite.java:26)
	at org.junit.runners.ParentRunner$3.run(ParentRunner.java:238)
	at org.junit.runners.ParentRunner$1.schedule(ParentRunner.java:63)
	at org.junit.runners.ParentRunner.runChildren(ParentRunner.java:236)
	at org.junit.runners.ParentRunner.access$000(ParentRunner.java:53)
	at org.junit.runners.ParentRunner$2.evaluate(ParentRunner.java:229)
	at org.junit.runners.ParentRunner.run(ParentRunner.java:309)
	at org.junit.runner.JUnitCore.run(JUnitCore.java:160)
	at org.junit.runner.JUnitCore.run(JUnitCore.java:138)
	at org.junit.runner.JUnitCore.run(JUnitCore.java:117)
	at sbst.benchmark.coverage.TestExecutionTask.call(TestExecutionTask.java:54)
	at sbst.benchmark.coverage.TestExecutionTask.call(TestExecutionTask.java:15)
	at java.util.concurrent.FutureTask.run(FutureTask.java:266)
	at java.util.concurrent.ThreadPoolExecutor.runWorker(ThreadPoolExecutor.java:1149)
	at java.util.concurrent.ThreadPoolExecutor$Worker.run(ThreadPoolExecutor.java:624)
	at java.lang.Thread.run(Thread.java:750)

Failure: [initializationError(org.apache.commons.collections4.functors.EqualityUtils): No runnable methods]
Failing Tests: initializationError(org.apache.commons.collections4.functors.EqualityUtils)
java.lang.Exception: No runnable methods
	at org.junit.runners.BlockJUnit4ClassRunner.validateInstanceMethods(BlockJUnit4ClassRunner.java:169)
	at org.junit.runners.BlockJUnit4ClassRunner.collectInitializationErrors(BlockJUnit4ClassRunner.java:104)
	at org.junit.runners.ParentRunner.validate(ParentRunner.java:355)
	at org.junit.runners.ParentRunner.<init>(ParentRunner.java:76)
	at org.junit.runners.BlockJUnit4ClassRunner.<init>(BlockJUnit4ClassRunner.java:57)
	at org.junit.internal.builders.JUnit4Builder.runnerForClass(JUnit4Builder.java:10)
	at org.junit.runners.model.RunnerBuilder.safeRunnerForClass(RunnerBuilder.java:59)
	at org.junit.internal.builders.AllDefaultPossibilitiesBuilder.runnerForClass(AllDefaultPossibilitiesBuilder.java:26)
	at org.junit.runner.Computer.getRunner(Computer.java:40)
	at org.junit.runner.Computer$1.runnerForClass(Computer.java:31)
	at org.junit.runners.model.RunnerBuilder.safeRunnerForClass(RunnerBuilder.java:59)
	at org.junit.runners.model.RunnerBuilder.runners(RunnerBuilder.java:101)
	at org.junit.runners.model.RunnerBuilder.runners(RunnerBuilder.java:87)
	at org.junit.runners.Suite.<init>(Suite.java:80)
	at org.junit.runner.Computer.getSuite(Computer.java:28)
	at org.junit.runner.Request.classes(Request.java:75)
	at org.junit.runner.JUnitCore.run(JUnitCore.java:117)
	at sbst.benchmark.coverage.TestExecutionTask.call(TestExecutionTask.java:54)
	at sbst.benchmark.coverage.TestExecutionTask.call(TestExecutionTask.java:15)
	at java.util.concurrent.FutureTask.run(FutureTask.java:266)
	at java.util.concurrent.ThreadPoolExecutor.runWorker(ThreadPoolExecutor.java:1149)
	at java.util.concurrent.ThreadPoolExecutor$Worker.run(ThreadPoolExecutor.java:624)
	at java.lang.Thread.run(Thread.java:750)

Failure: [initializationError(org.apache.commons.collections4.functors.ReflectionUtils): No runnable methods]
Failing Tests: initializationError(org.apache.commons.collections4.functors.ReflectionUtils)
java.lang.Exception: No runnable methods
	at org.junit.runners.BlockJUnit4ClassRunner.validateInstanceMethods(BlockJUnit4ClassRunner.java:169)
	at org.junit.runners.BlockJUnit4ClassRunner.collectInitializationErrors(BlockJUnit4ClassRunner.java:104)
	at org.junit.runners.ParentRunner.validate(ParentRunner.java:355)
	at org.junit.runners.ParentRunner.<init>(ParentRunner.java:76)
	at org.junit.runners.BlockJUnit4ClassRunner.<init>(BlockJUnit4ClassRunner.java:57)
	at org.junit.internal.builders.JUnit4Builder.runnerForClass(JUnit4Builder.java:10)
	at org.junit.runners.model.RunnerBuilder.safeRunnerForClass(RunnerBuilder.java:59)
	at org.junit.internal.builders.AllDefaultPossibilitiesBuilder.runnerForClass(AllDefaultPossibilitiesBuilder.java:26)
	at org.junit.runner.Computer.getRunner(Computer.java:40)
	at org.junit.runner.Computer$1.runnerForClass(Computer.java:31)
	at org.junit.runners.model.RunnerBuilder.safeRunnerForClass(RunnerBuilder.java:59)
	at org.junit.runners.model.RunnerBuilder.runners(RunnerBuilder.java:101)
	at org.junit.runners.model.RunnerBuilder.runners(RunnerBuilder.java:87)
	at org.junit.runners.Suite.<init>(Suite.java:80)
	at org.junit.runner.Computer.getSuite(Computer.java:28)
	at org.junit.runner.Request.classes(Request.java:75)
	at org.junit.runner.JUnitCore.run(JUnitCore.java:117)
	at sbst.benchmark.coverage.TestExecutionTask.call(TestExecutionTask.java:54)
	at sbst.benchmark.coverage.TestExecutionTask.call(TestExecutionTask.java:15)
	at java.util.concurrent.FutureTask.run(FutureTask.java:266)
	at java.util.concurrent.ThreadPoolExecutor.runWorker(ThreadPoolExecutor.java:1149)
	at java.util.concurrent.ThreadPoolExecutor$Worker.run(ThreadPoolExecutor.java:624)
	at java.lang.Thread.run(Thread.java:750)


=== Run Jacoco for Coverage ===
Number of instrumented file = 8644
Running tests with the following classpath: 
/home/kex/results_kex_120/COLLECTIONS-8_1/temp/testcases/commons-collections4-4.5-SNAPSHOT_instrumented.jar:/home/kex/results_kex_120/COLLECTIONS-8_1/temp/testcases/error_prone_annotations-2.18.0_instrumented.jar:/home/kex/results_kex_120/COLLECTIONS-8_1/temp/testcases/junit-jupiter-params-5.9.3_instrumented.jar:/home/kex/results_kex_120/COLLECTIONS-8_1/temp/testcases/hamcrest-core-1.3_instrumented.jar:/home/kex/results_kex_120/COLLECTIONS-8_1/temp/testcases/easymock-5.1.0_instrumented.jar:/home/kex/results_kex_120/COLLECTIONS-8_1/temp/testcases/checker-qual-3.33.0_instrumented.jar:/home/kex/results_kex_120/COLLECTIONS-8_1/temp/testcases/junit-jupiter-engine-5.9.3_instrumented.jar:/home/kex/results_kex_120/COLLECTIONS-8_1/temp/testcases/junit-platform-engine-1.9.3_instrumented.jar:/home/kex/results_kex_120/COLLECTIONS-8_1/temp/testcases/commons-lang3-3.13.0_instrumented.jar:/home/kex/results_kex_120/COLLECTIONS-8_1/temp/testcases/listenablefuture-9999.0-empty-to-avoid-conflict-with-guava_instrumented.jar:/home/kex/results_kex_120/COLLECTIONS-8_1/temp/testcases/junit-jupiter-api-5.9.3_instrumented.jar:/home/kex/results_kex_120/COLLECTIONS-8_1/temp/testcases/commons-codec-1.16.0_instrumented.jar:/home/kex/results_kex_120/COLLECTIONS-8_1/temp/testcases/apiguardian-api-1.1.2_instrumented.jar:/home/kex/results_kex_120/COLLECTIONS-8_1/temp/testcases/opentest4j-1.2.0_instrumented.jar:/home/kex/results_kex_120/COLLECTIONS-8_1/temp/testcases/failureaccess-1.0.1_instrumented.jar:/home/kex/results_kex_120/COLLECTIONS-8_1/temp/testcases/jsr305-3.0.2_instrumented.jar:/home/kex/results_kex_120/COLLECTIONS-8_1/temp/testcases/objenesis-3.3_instrumented.jar:/home/kex/results_kex_120/COLLECTIONS-8_1/temp/testcases/guava-testlib-32.1.2-jre_instrumented.jar:/home/kex/results_kex_120/COLLECTIONS-8_1/temp/testcases/j2objc-annotations-2.8_instrumented.jar:/home/kex/results_kex_120/COLLECTIONS-8_1/temp/testcases/hamcrest-2.2_instrumented.jar:/home/kex/results_kex_120/COLLECTIONS-8_1/temp/testcases/junit-4.13.2_instrumented.jar:/home/kex/results_kex_120/COLLECTIONS-8_1/temp/testcases/commons-io-2.13.0_instrumented.jar:/home/kex/results_kex_120/COLLECTIONS-8_1/temp/testcases/guava-32.1.2-jre_instrumented.jar:/usr/local/bin/lib/hamcrest-core.jar:/usr/local/bin/lib/junit.jar:/home/kex/results_kex_120/COLLECTIONS-8_1/temp/testcases/bin
Running the tests: [SBSTDummyForCoverageAndMutationCalculation, org.apache.commons.collections4.functors.ChainedTransformer_chainedTransformer_9511121790, org.apache.commons.collections4.functors.ChainedTransformer_chainedTransformer_984424590, org.apache.commons.collections4.functors.ChainedTransformer_chainedTransformer_984424591, org.apache.commons.collections4.functors.ChainedTransformer_getTransformers_6031214080, org.apache.commons.collections4.functors.ChainedTransformer_getTransformers_6031214081, org.apache.commons.collections4.functors.ChainedTransformer_init_4010501560, org.apache.commons.collections4.functors.ChainedTransformer_init_4010501561, org.apache.commons.collections4.functors.ChainedTransformer_init_4010789860, org.apache.commons.collections4.functors.ChainedTransformer_init_4010789861, org.apache.commons.collections4.functors.ChainedTransformer_transform_10664454160, org.apache.commons.collections4.functors.ChainedTransformer_transform_10664454161, org.apache.commons.collections4.functors.EqualityUtils, org.apache.commons.collections4.functors.ReflectionUtils]
Executions terminated
Number of file with coverage information = 566
Extracted coverage data for the class org/apache/commons/collections4/functors/ChainedTransformer
Number of file with coverage information = 26
Number of file with coverage information = 343
Number of file with coverage information = 45
Number of file with coverage information = 2827
Number of file with coverage information = 358
Number of file with coverage information = 134
Number of file with coverage information = 127
Number of file with coverage information = 390
Number of file with coverage information = 0
Number of file with coverage information = 179
Number of file with coverage information = 109
Number of file with coverage information = 3
Number of file with coverage information = 7
Number of file with coverage information = 2
Number of file with coverage information = 35
Number of file with coverage information = 43
Number of file with coverage information = 630
Number of file with coverage information = 13
Number of file with coverage information = 108
Number of file with coverage information = 350
Number of file with coverage information = 329
Number of file with coverage information = 2020

=== Run PIT ===
Matching Jacoco with PIT: find covered mutations
Executing Mutation Analysis using 14 mutants 
Evaluating mutant -2126773570 using tests: [org.apache.commons.collections4.functors.ChainedTransformer_chainedTransformer_9511121790, org.apache.commons.collections4.functors.ChainedTransformer_chainedTransformer_984424590, org.apache.commons.collections4.functors.ChainedTransformer_chainedTransformer_984424591, org.apache.commons.collections4.functors.ChainedTransformer_getTransformers_6031214080, org.apache.commons.collections4.functors.ChainedTransformer_getTransformers_6031214081, org.apache.commons.collections4.functors.ChainedTransformer_init_4010501560, org.apache.commons.collections4.functors.ChainedTransformer_init_4010501561, org.apache.commons.collections4.functors.ChainedTransformer_init_4010789860, org.apache.commons.collections4.functors.ChainedTransformer_init_4010789861, org.apache.commons.collections4.functors.ChainedTransformer_transform_10664454160, org.apache.commons.collections4.functors.ChainedTransformer_transform_10664454161, org.apache.commons.collections4.functors.EqualityUtils, org.apache.commons.collections4.functors.ReflectionUtils]

 CP : /usr/local/bin/lib/junit.jar:/usr/local/bin/lib/hamcrest-core.jar:results_kex_120/COLLECTIONS-8_1/temp/testcases/mutated_code/SUT:/home/kex/results_kex_120/COLLECTIONS-8_1/temp/testcases/bin:results_kex_120/COLLECTIONS-8_1/temp/testcases/mutated_code/CUT0

Failed test test(org.apache.commons.collections4.functors.ChainedTransformer_chainedTransformer_9511121790)
	 flaky test, ignore !
Failed test test(org.apache.commons.collections4.functors.ChainedTransformer_chainedTransformer_984424590)
	 flaky test, ignore !
Failed test test(org.apache.commons.collections4.functors.ChainedTransformer_chainedTransformer_984424591)
	 flaky test, ignore !
Failed test test(org.apache.commons.collections4.functors.ChainedTransformer_getTransformers_6031214080)
	 actual test, will stop test execution !
TestExec4MutationTask: Mutant MutationIdentifier [location=Location [clazz=org.apache.commons.collections4.functors.ChainedTransformer, method=transform, methodDesc=(Ljava/lang/Object;)Ljava/lang/Object;], indexes=[28], mutator=org.pitest.mutationtest.engine.gregor.mutators.IncrementsMutator] killed by test (org.apache.commons.collections4.functors.ChainedTransformer_getTransformers_6031214080),test)
Evaluating mutant -815076222 using tests: [org.apache.commons.collections4.functors.ChainedTransformer_chainedTransformer_9511121790, org.apache.commons.collections4.functors.ChainedTransformer_chainedTransformer_984424590, org.apache.commons.collections4.functors.ChainedTransformer_chainedTransformer_984424591, org.apache.commons.collections4.functors.ChainedTransformer_getTransformers_6031214080, org.apache.commons.collections4.functors.ChainedTransformer_getTransformers_6031214081, org.apache.commons.collections4.functors.ChainedTransformer_init_4010501560, org.apache.commons.collections4.functors.ChainedTransformer_init_4010501561, org.apache.commons.collections4.functors.ChainedTransformer_init_4010789860, org.apache.commons.collections4.functors.ChainedTransformer_init_4010789861, org.apache.commons.collections4.functors.ChainedTransformer_transform_10664454160, org.apache.commons.collections4.functors.ChainedTransformer_transform_10664454161, org.apache.commons.collections4.functors.EqualityUtils, org.apache.commons.collections4.functors.ReflectionUtils]

 CP : /usr/local/bin/lib/junit.jar:/usr/local/bin/lib/hamcrest-core.jar:results_kex_120/COLLECTIONS-8_1/temp/testcases/mutated_code/SUT:/home/kex/results_kex_120/COLLECTIONS-8_1/temp/testcases/bin:results_kex_120/COLLECTIONS-8_1/temp/testcases/mutated_code/CUT1

Failed test test(org.apache.commons.collections4.functors.ChainedTransformer_chainedTransformer_9511121790)
	 flaky test, ignore !
Failed test test(org.apache.commons.collections4.functors.ChainedTransformer_chainedTransformer_984424590)
	 flaky test, ignore !
Failed test test(org.apache.commons.collections4.functors.ChainedTransformer_chainedTransformer_984424591)
	 flaky test, ignore !
Failed test test(org.apache.commons.collections4.functors.ChainedTransformer_getTransformers_6031214080)
	 actual test, will stop test execution !
TestExec4MutationTask: Mutant MutationIdentifier [location=Location [clazz=org.apache.commons.collections4.functors.ChainedTransformer, method=<init>, methodDesc=(Z[Lorg/apache/commons/collections4/Transformer;)V], indexes=[9], mutator=org.pitest.mutationtest.engine.gregor.mutators.NegateConditionalsMutator] killed by test (org.apache.commons.collections4.functors.ChainedTransformer_getTransformers_6031214080),test)
Evaluating mutant 971296958 using tests: [org.apache.commons.collections4.functors.ChainedTransformer_chainedTransformer_9511121790, org.apache.commons.collections4.functors.ChainedTransformer_chainedTransformer_984424590, org.apache.commons.collections4.functors.ChainedTransformer_chainedTransformer_984424591, org.apache.commons.collections4.functors.ChainedTransformer_getTransformers_6031214080, org.apache.commons.collections4.functors.ChainedTransformer_getTransformers_6031214081, org.apache.commons.collections4.functors.ChainedTransformer_init_4010501560, org.apache.commons.collections4.functors.ChainedTransformer_init_4010501561, org.apache.commons.collections4.functors.ChainedTransformer_init_4010789860, org.apache.commons.collections4.functors.ChainedTransformer_init_4010789861, org.apache.commons.collections4.functors.ChainedTransformer_transform_10664454160, org.apache.commons.collections4.functors.ChainedTransformer_transform_10664454161, org.apache.commons.collections4.functors.EqualityUtils, org.apache.commons.collections4.functors.ReflectionUtils]

 CP : /usr/local/bin/lib/junit.jar:/usr/local/bin/lib/hamcrest-core.jar:results_kex_120/COLLECTIONS-8_1/temp/testcases/mutated_code/SUT:/home/kex/results_kex_120/COLLECTIONS-8_1/temp/testcases/bin:results_kex_120/COLLECTIONS-8_1/temp/testcases/mutated_code/CUT2

Failed test test(org.apache.commons.collections4.functors.ChainedTransformer_chainedTransformer_9511121790)
	 flaky test, ignore !
Failed test test(org.apache.commons.collections4.functors.ChainedTransformer_chainedTransformer_984424590)
	 flaky test, ignore !
Failed test test(org.apache.commons.collections4.functors.ChainedTransformer_chainedTransformer_984424591)
	 flaky test, ignore !
Failed test test(org.apache.commons.collections4.functors.ChainedTransformer_getTransformers_6031214080)
	 actual test, will stop test execution !
TestExec4MutationTask: Mutant MutationIdentifier [location=Location [clazz=org.apache.commons.collections4.functors.ChainedTransformer, method=transform, methodDesc=(Ljava/lang/Object;)Ljava/lang/Object;], indexes=[15], mutator=org.pitest.mutationtest.engine.gregor.mutators.ConditionalsBoundaryMutator] killed by test (org.apache.commons.collections4.functors.ChainedTransformer_getTransformers_6031214080),test)
Evaluating mutant -693848600 using tests: [org.apache.commons.collections4.functors.ChainedTransformer_chainedTransformer_9511121790, org.apache.commons.collections4.functors.ChainedTransformer_chainedTransformer_984424590, org.apache.commons.collections4.functors.ChainedTransformer_chainedTransformer_984424591, org.apache.commons.collections4.functors.ChainedTransformer_getTransformers_6031214080, org.apache.commons.collections4.functors.ChainedTransformer_getTransformers_6031214081, org.apache.commons.collections4.functors.ChainedTransformer_init_4010501560, org.apache.commons.collections4.functors.ChainedTransformer_init_4010501561, org.apache.commons.collections4.functors.ChainedTransformer_init_4010789860, org.apache.commons.collections4.functors.ChainedTransformer_init_4010789861, org.apache.commons.collections4.functors.ChainedTransformer_transform_10664454160, org.apache.commons.collections4.functors.ChainedTransformer_transform_10664454161, org.apache.commons.collections4.functors.EqualityUtils, org.apache.commons.collections4.functors.ReflectionUtils]

 CP : /usr/local/bin/lib/junit.jar:/usr/local/bin/lib/hamcrest-core.jar:results_kex_120/COLLECTIONS-8_1/temp/testcases/mutated_code/SUT:/home/kex/results_kex_120/COLLECTIONS-8_1/temp/testcases/bin:results_kex_120/COLLECTIONS-8_1/temp/testcases/mutated_code/CUT3

Failed test test(org.apache.commons.collections4.functors.ChainedTransformer_chainedTransformer_9511121790)
	 flaky test, ignore !
Failed test test(org.apache.commons.collections4.functors.ChainedTransformer_chainedTransformer_984424590)
	 flaky test, ignore !
Failed test test(org.apache.commons.collections4.functors.ChainedTransformer_chainedTransformer_984424591)
	 flaky test, ignore !
Failed test test(org.apache.commons.collections4.functors.ChainedTransformer_getTransformers_6031214080)
	 actual test, will stop test execution !
TestExec4MutationTask: Mutant MutationIdentifier [location=Location [clazz=org.apache.commons.collections4.functors.ChainedTransformer, method=getTransformers, methodDesc=()[Lorg/apache/commons/collections4/Transformer;], indexes=[6], mutator=org.pitest.mutationtest.engine.gregor.mutators.ReturnValsMutator] killed by test (org.apache.commons.collections4.functors.ChainedTransformer_getTransformers_6031214080),test)
Evaluating mutant -1257730906 using tests: [org.apache.commons.collections4.functors.ChainedTransformer_chainedTransformer_9511121790, org.apache.commons.collections4.functors.ChainedTransformer_chainedTransformer_984424590, org.apache.commons.collections4.functors.ChainedTransformer_chainedTransformer_984424591, org.apache.commons.collections4.functors.ChainedTransformer_getTransformers_6031214080, org.apache.commons.collections4.functors.ChainedTransformer_getTransformers_6031214081, org.apache.commons.collections4.functors.ChainedTransformer_init_4010501560, org.apache.commons.collections4.functors.ChainedTransformer_init_4010501561, org.apache.commons.collections4.functors.ChainedTransformer_init_4010789860, org.apache.commons.collections4.functors.ChainedTransformer_init_4010789861, org.apache.commons.collections4.functors.ChainedTransformer_transform_10664454160, org.apache.commons.collections4.functors.ChainedTransformer_transform_10664454161, org.apache.commons.collections4.functors.EqualityUtils, org.apache.commons.collections4.functors.ReflectionUtils]

 CP : /usr/local/bin/lib/junit.jar:/usr/local/bin/lib/hamcrest-core.jar:results_kex_120/COLLECTIONS-8_1/temp/testcases/mutated_code/SUT:/home/kex/results_kex_120/COLLECTIONS-8_1/temp/testcases/bin:results_kex_120/COLLECTIONS-8_1/temp/testcases/mutated_code/CUT4

Failed test test(org.apache.commons.collections4.functors.ChainedTransformer_chainedTransformer_9511121790)
	 flaky test, ignore !
Failed test test(org.apache.commons.collections4.functors.ChainedTransformer_chainedTransformer_984424590)
	 flaky test, ignore !
Failed test test(org.apache.commons.collections4.functors.ChainedTransformer_chainedTransformer_984424591)
	 flaky test, ignore !
Failed test test(org.apache.commons.collections4.functors.ChainedTransformer_getTransformers_6031214080)
	 actual test, will stop test execution !
TestExec4MutationTask: Mutant MutationIdentifier [location=Location [clazz=org.apache.commons.collections4.functors.ChainedTransformer, method=transform, methodDesc=(Ljava/lang/Object;)Ljava/lang/Object;], indexes=[15], mutator=org.pitest.mutationtest.engine.gregor.mutators.NegateConditionalsMutator] killed by test (org.apache.commons.collections4.functors.ChainedTransformer_getTransformers_6031214080),test)
mutationResult.getState() KILLED
* Killed mutant MutationDetails [id=MutationIdentifier [location=Location [clazz=org.apache.commons.collections4.functors.ChainedTransformer, method=transform, methodDesc=(Ljava/lang/Object;)Ljava/lang/Object;], indexes=[28], mutator=org.pitest.mutationtest.engine.gregor.mutators.IncrementsMutator], filename=ChainedTransformer.java, block=11, lineNumber=112, description=Changed increment from 1 to -1, testsInOrder=[]]
mutationResult.getState() KILLED
* Killed mutant MutationDetails [id=MutationIdentifier [location=Location [clazz=org.apache.commons.collections4.functors.ChainedTransformer, method=<init>, methodDesc=(Z[Lorg/apache/commons/collections4/Transformer;)V], indexes=[9], mutator=org.pitest.mutationtest.engine.gregor.mutators.NegateConditionalsMutator], filename=ChainedTransformer.java, block=6, lineNumber=91, description=negated conditional, testsInOrder=[]]
mutationResult.getState() KILLED
* Killed mutant MutationDetails [id=MutationIdentifier [location=Location [clazz=org.apache.commons.collections4.functors.ChainedTransformer, method=transform, methodDesc=(Ljava/lang/Object;)Ljava/lang/Object;], indexes=[15], mutator=org.pitest.mutationtest.engine.gregor.mutators.ConditionalsBoundaryMutator], filename=ChainedTransformer.java, block=10, lineNumber=112, description=changed conditional boundary, testsInOrder=[]]
mutationResult.getState() KILLED
* Killed mutant MutationDetails [id=MutationIdentifier [location=Location [clazz=org.apache.commons.collections4.functors.ChainedTransformer, method=getTransformers, methodDesc=()[Lorg/apache/commons/collections4/Transformer;], indexes=[6], mutator=org.pitest.mutationtest.engine.gregor.mutators.ReturnValsMutator], filename=ChainedTransformer.java, block=13, lineNumber=125, description=mutated return of Object value for org/apache/commons/collections4/functors/ChainedTransformer::getTransformers to ( if (x != null) null else throw new RuntimeException ), testsInOrder=[]]
mutationResult.getState() KILLED
* Killed mutant MutationDetails [id=MutationIdentifier [location=Location [clazz=org.apache.commons.collections4.functors.ChainedTransformer, method=transform, methodDesc=(Ljava/lang/Object;)Ljava/lang/Object;], indexes=[15], mutator=org.pitest.mutationtest.engine.gregor.mutators.NegateConditionalsMutator], filename=ChainedTransformer.java, block=10, lineNumber=112, description=negated conditional, testsInOrder=[]]

>>> RESULTS:
	Tool name: kex
	Benchmark: COLLECTIONS-8
	Class Under Test: org.apache.commons.collections4.functors.ChainedTransformer
	Run number: 1
	Tool preparation time (ms): 11738
	Tool test cases generation time (ms): 156555
	Test cases execution time (ms): 174
	Test case number: 11
	Uncompilable Test Classes: 0
	Broken tests number: 7
	Failing tests number: 0
	Lines total: 20
	Lines covered: 8
	Lines coverage ratio (%): 40.0
	Conditions total: 8
	Conditions covered: 3
	Conditions coverage ratio (%): 37.5
	Mutants total: 14
	Mutants covered: 5
	Mutants coverage ratio (%): 35.714287
	Mutants killed: 5
	Mutants killed ratio (%): 35.714287
	Mutants alive: 9


Class org.apache.commons.collections4.functors.ChainedTransformer ended.
Stopping process...
Tool subprocess is an instance of java.lang.UNIXProcess
Tool subprocess Id is 163054
Killing master process 163054
Executing command kill -9 163054
Execution of command kill -9 163054 finished.
Process was destroyed
